waiting for 1 second sample...
Bogus data record skipped for NET:enp1s0: data on 20241211 at 17:14:05
sample.time 1733937246.001
cputotals.num 2
cputotals.user 97
cputotals.nice 0
cputotals.sys 1
cputotals.wait 0
cputotals.irq 0
cputotals.soft 0
cputotals.steal 3
cputotals.idle 0
cputotals.systot 3
cputotals.usertot 97
cputotals.total 100
ctxint.ctx 60
ctxint.int 503
proc.creates 0
proc.runq 174
proc.run 2
cpuload.avg1 1.27
cpuload.avg5 0.54
cpuload.avg15 0.56
disktotals.reads 0
disktotals.readkbs 0
disktotals.writes 0
disktotals.writekbs 0
meminfo.tot 4005800
meminfo.used 1054504
meminfo.free 2951296
meminfo.shared 0
meminfo.buf 24080
meminfo.cached 546552
meminfo.slab 77640
meminfo.map 102356
meminfo.anon 344764
meminfo.anonH 0
meminfo.dirty 9348
meminfo.locked 27620
meminfo.inactive 181852
meminfo.hugetot 0
meminfo.hugefree 0
meminfo.hugersvd 0
meminfo.sunreclaim 40912
swapinfo.total 2594812
swapinfo.free 2594812
swapinfo.used 0
swapinfo.in 0
swapinfo.out 0
pageinfo.fault 1309
pageinfo.majfault 0
pageinfo.in 0
pageinfo.out 0
nettotals.kbin 0
nettotals.pktin 0
nettotals.kbout 0
nettotals.pktout 0
cpuinfo.user.cpu0 100
cpuinfo.nice.cpu0 0
cpuinfo.sys.cpu0 0
cpuinfo.wait.cpu0 0
cpuinfo.irq.cpu0 0
cpuinfo.soft.cpu0 0
cpuinfo.steal.cpu0 0
cpuinfo.idle.cpu0 0
cpuinfo.intrpt.cpu0 0
cputotals.systot.cpu0 0
cputotals.usertot.cpu0 100
cpuinfo.user.cpu1 93
cpuinfo.nice.cpu1 0
cpuinfo.sys.cpu1 1
cpuinfo.wait.cpu1 0
cpuinfo.irq.cpu1 0
cpuinfo.soft.cpu1 0
cpuinfo.steal.cpu1 6
cpuinfo.idle.cpu1 0
cpuinfo.intrpt.cpu1 0
cputotals.systot.cpu1 7
cputotals.usertot.cpu1 93
Bogus data record skipped for NET:enp1s0: data on 20241211 at 17:14:06
sample.time 1733937247.001
cputotals.num 2
cputotals.user 99
cputotals.nice 0
cputotals.sys 0
cputotals.wait 0
cputotals.irq 0
cputotals.soft 0
cputotals.steal 1
cputotals.idle 0
cputotals.systot 1
cputotals.usertot 99
cputotals.total 100
ctxint.ctx 65
ctxint.int 514
proc.creates 0
proc.runq 174
proc.run 2
cpuload.avg1 1.27
cpuload.avg5 0.54
cpuload.avg15 0.56
disktotals.reads 0
disktotals.readkbs 0
disktotals.writes 0
disktotals.writekbs 0
meminfo.tot 4005800
meminfo.used 1054504
meminfo.free 2951296
meminfo.shared 0
meminfo.buf 24080
meminfo.cached 546552
meminfo.slab 77640
meminfo.map 102356
meminfo.anon 344796
meminfo.anonH 0
meminfo.dirty 9348
meminfo.locked 27620
meminfo.inactive 181852
meminfo.hugetot 0
meminfo.hugefree 0
meminfo.hugersvd 0
meminfo.sunreclaim 40912
swapinfo.total 2594812
swapinfo.free 2594812
swapinfo.used 0
swapinfo.in 0
swapinfo.out 0
pageinfo.fault 51
pageinfo.majfault 0
pageinfo.in 0
pageinfo.out 0
nettotals.kbin 0
nettotals.pktin 0
nettotals.kbout 0
nettotals.pktout 0
cpuinfo.user.cpu0 100
cpuinfo.nice.cpu0 0
cpuinfo.sys.cpu0 0
cpuinfo.wait.cpu0 0
cpuinfo.irq.cpu0 0
cpuinfo.soft.cpu0 0
cpuinfo.steal.cpu0 0
cpuinfo.idle.cpu0 0
cpuinfo.intrpt.cpu0 0
cputotals.systot.cpu0 0
cputotals.usertot.cpu0 100
cpuinfo.user.cpu1 99
cpuinfo.nice.cpu1 0
cpuinfo.sys.cpu1 0
cpuinfo.wait.cpu1 0
cpuinfo.irq.cpu1 0
cpuinfo.soft.cpu1 0
cpuinfo.steal.cpu1 1
cpuinfo.idle.cpu1 0
cpuinfo.intrpt.cpu1 0
cputotals.systot.cpu1 1
cputotals.usertot.cpu1 99
Bogus data record skipped for NET:enp1s0: data on 20241211 at 17:14:07
sample.time 1733937248.001
cputotals.num 2
cputotals.user 100
cputotals.nice 0
cputotals.sys 0
cputotals.wait 0
cputotals.irq 0
cputotals.soft 0
cputotals.steal 1
cputotals.idle 0
cputotals.systot 1
cputotals.usertot 100
cputotals.total 100
ctxint.ctx 77
ctxint.int 516
proc.creates 0
proc.runq 174
proc.run 2
cpuload.avg1 1.27
cpuload.avg5 0.54
cpuload.avg15 0.56
disktotals.reads 0
disktotals.readkbs 0
disktotals.writes 0
disktotals.writekbs 0
meminfo.tot 4005800
meminfo.used 1054504
meminfo.free 2951296
meminfo.shared 0
meminfo.buf 24080
meminfo.cached 546552
meminfo.slab 77640
meminfo.map 102356
meminfo.anon 344820
meminfo.anonH 0
meminfo.dirty 9348
meminfo.locked 27620
meminfo.inactive 181852
meminfo.hugetot 0
meminfo.hugefree 0
meminfo.hugersvd 0
meminfo.sunreclaim 40912
swapinfo.total 2594812
swapinfo.free 2594812
swapinfo.used 0
swapinfo.in 0
swapinfo.out 0
pageinfo.fault 2
pageinfo.majfault 0
pageinfo.in 0
pageinfo.out 0
nettotals.kbin 0
nettotals.pktin 0
nettotals.kbout 0
nettotals.pktout 0
cpuinfo.user.cpu0 99
cpuinfo.nice.cpu0 0
cpuinfo.sys.cpu0 0
cpuinfo.wait.cpu0 0
cpuinfo.irq.cpu0 0
cpuinfo.soft.cpu0 0
cpuinfo.steal.cpu0 1
cpuinfo.idle.cpu0 0
cpuinfo.intrpt.cpu0 0
cputotals.systot.cpu0 1
cputotals.usertot.cpu0 99
cpuinfo.user.cpu1 99
cpuinfo.nice.cpu1 0
cpuinfo.sys.cpu1 0
cpuinfo.wait.cpu1 0
cpuinfo.irq.cpu1 0
cpuinfo.soft.cpu1 0
cpuinfo.steal.cpu1 1
cpuinfo.idle.cpu1 0
cpuinfo.intrpt.cpu1 0
cputotals.systot.cpu1 1
cputotals.usertot.cpu1 99
Bogus data record skipped for NET:enp1s0: data on 20241211 at 17:14:08
sample.time 1733937249.001
cputotals.num 2
cputotals.user 98
cputotals.nice 0
cputotals.sys 0
cputotals.wait 0
cputotals.irq 0
cputotals.soft 0
cputotals.steal 2
cputotals.idle 0
cputotals.systot 2
cputotals.usertot 98
cputotals.total 100
ctxint.ctx 101
ctxint.int 528
proc.creates 0
proc.runq 174
proc.run 2
cpuload.avg1 1.27
cpuload.avg5 0.54
cpuload.avg15 0.56
disktotals.reads 0
disktotals.readkbs 0
disktotals.writes 57
disktotals.writekbs 452
meminfo.tot 4005800
meminfo.used 1054504
meminfo.free 2951296
meminfo.shared 0
meminfo.buf 24088
meminfo.cached 546548
meminfo.slab 77596
meminfo.map 102356
meminfo.anon 344820
meminfo.anonH 0
meminfo.dirty 9100
meminfo.locked 27620
meminfo.inactive 181852
meminfo.hugetot 0
meminfo.hugefree 0
meminfo.hugersvd 0
meminfo.sunreclaim 40868
swapinfo.total 2594812
swapinfo.free 2594812
swapinfo.used 0
swapinfo.in 0
swapinfo.out 0
pageinfo.fault 0
pageinfo.majfault 0
pageinfo.in 0
pageinfo.out 452
nettotals.kbin 0
nettotals.pktin 0
nettotals.kbout 0
nettotals.pktout 0
cpuinfo.user.cpu0 100
cpuinfo.nice.cpu0 0
cpuinfo.sys.cpu0 0
cpuinfo.wait.cpu0 0
cpuinfo.irq.cpu0 0
cpuinfo.soft.cpu0 0
cpuinfo.steal.cpu0 0
cpuinfo.idle.cpu0 0
cpuinfo.intrpt.cpu0 0
cputotals.systot.cpu0 0
cputotals.usertot.cpu0 100
cpuinfo.user.cpu1 97
cpuinfo.nice.cpu1 0
cpuinfo.sys.cpu1 0
cpuinfo.wait.cpu1 0
cpuinfo.irq.cpu1 0
cpuinfo.soft.cpu1 0
cpuinfo.steal.cpu1 3
cpuinfo.idle.cpu1 0
cpuinfo.intrpt.cpu1 0
cputotals.systot.cpu1 3
cputotals.usertot.cpu1 97
Bogus data record skipped for NET:enp1s0: data on 20241211 at 17:14:09
sample.time 1733937250.001
cputotals.num 2
cputotals.user 98
cputotals.nice 0
cputotals.sys 0
cputotals.wait 0
cputotals.irq 0
cputotals.soft 0
cputotals.steal 2
cputotals.idle 0
cputotals.systot 2
cputotals.usertot 98
cputotals.total 100
ctxint.ctx 81
ctxint.int 530
proc.creates 0
proc.runq 174
proc.run 2
cpuload.avg1 1.33
cpuload.avg5 0.57
cpuload.avg15 0.57
disktotals.reads 0
disktotals.readkbs 0
disktotals.writes 19
disktotals.writekbs 8964
meminfo.tot 4005800
meminfo.used 1054504
meminfo.free 2951296
meminfo.shared 0
meminfo.buf 24088
meminfo.cached 546556
meminfo.slab 77600
meminfo.map 102356
meminfo.anon 344528
meminfo.anonH 0
meminfo.dirty 220
meminfo.locked 27620
meminfo.inactive 181856
meminfo.hugetot 0
meminfo.hugefree 0
meminfo.hugersvd 0
meminfo.sunreclaim 40868
swapinfo.total 2594812
swapinfo.free 2594812
swapinfo.used 0
swapinfo.in 0
swapinfo.out 0
pageinfo.fault 1216
pageinfo.majfault 0
pageinfo.in 0
pageinfo.out 8964
nettotals.kbin 0
nettotals.pktin 0
nettotals.kbout 0
nettotals.pktout 0
cpuinfo.user.cpu0 100
cpuinfo.nice.cpu0 0
cpuinfo.sys.cpu0 0
cpuinfo.wait.cpu0 0
cpuinfo.irq.cpu0 0
cpuinfo.soft.cpu0 0
cpuinfo.steal.cpu0 0
cpuinfo.idle.cpu0 0
cpuinfo.intrpt.cpu0 0
cputotals.systot.cpu0 0
cputotals.usertot.cpu0 100
cpuinfo.user.cpu1 97
cpuinfo.nice.cpu1 0
cpuinfo.sys.cpu1 0
cpuinfo.wait.cpu1 0
cpuinfo.irq.cpu1 0
cpuinfo.soft.cpu1 0
cpuinfo.steal.cpu1 3
cpuinfo.idle.cpu1 0
cpuinfo.intrpt.cpu1 0
cputotals.systot.cpu1 3
cputotals.usertot.cpu1 97
Bogus data record skipped for NET:enp1s0: data on 20241211 at 17:14:10
sample.time 1733937251.001
cputotals.num 2
cputotals.user 97
cputotals.nice 0
cputotals.sys 0
cputotals.wait 0
cputotals.irq 0
cputotals.soft 0
cputotals.steal 3
cputotals.idle 0
cputotals.systot 3
cputotals.usertot 97
cputotals.total 100
ctxint.ctx 59
ctxint.int 516
proc.creates 0
proc.runq 174
proc.run 2
cpuload.avg1 1.33
cpuload.avg5 0.57
cpuload.avg15 0.57
disktotals.reads 0
disktotals.readkbs 0
disktotals.writes 0
disktotals.writekbs 0
meminfo.tot 4005800
meminfo.used 1054504
meminfo.free 2951296
meminfo.shared 0
meminfo.buf 24088
meminfo.cached 546556
meminfo.slab 77600
meminfo.map 102356
meminfo.anon 344552
meminfo.anonH 0
meminfo.dirty 164
meminfo.locked 27620
meminfo.inactive 181856
meminfo.hugetot 0
meminfo.hugefree 0
meminfo.hugersvd 0
meminfo.sunreclaim 40868
swapinfo.total 2594812
swapinfo.free 2594812
swapinfo.used 0
swapinfo.in 0
swapinfo.out 0
pageinfo.fault 1
pageinfo.majfault 0
pageinfo.in 0
pageinfo.out 0
nettotals.kbin 0
nettotals.pktin 0
nettotals.kbout 0
nettotals.pktout 0
cpuinfo.user.cpu0 100
cpuinfo.nice.cpu0 0
cpuinfo.sys.cpu0 0
cpuinfo.wait.cpu0 0
cpuinfo.irq.cpu0 0
cpuinfo.soft.cpu0 0
cpuinfo.steal.cpu0 0
cpuinfo.idle.cpu0 0
cpuinfo.intrpt.cpu0 0
cputotals.systot.cpu0 0
cputotals.usertot.cpu0 100
cpuinfo.user.cpu1 94
cpuinfo.nice.cpu1 0
cpuinfo.sys.cpu1 0
cpuinfo.wait.cpu1 0
cpuinfo.irq.cpu1 0
cpuinfo.soft.cpu1 0
cpuinfo.steal.cpu1 6
cpuinfo.idle.cpu1 0
cpuinfo.intrpt.cpu1 0
cputotals.systot.cpu1 6
cputotals.usertot.cpu1 94
Bogus data record skipped for NET:enp1s0: data on 20241211 at 17:14:11
sample.time 1733937252.001
cputotals.num 2
cputotals.user 98
cputotals.nice 0
cputotals.sys 0
cputotals.wait 0
cputotals.irq 0
cputotals.soft 0
cputotals.steal 2
cputotals.idle 0
cputotals.systot 2
cputotals.usertot 98
cputotals.total 100
ctxint.ctx 56
ctxint.int 515
proc.creates 0
proc.runq 174
proc.run 2
cpuload.avg1 1.33
cpuload.avg5 0.57
cpuload.avg15 0.57
disktotals.reads 0
disktotals.readkbs 0
disktotals.writes 0
disktotals.writekbs 0
meminfo.tot 4005800
meminfo.used 1054504
meminfo.free 2951296
meminfo.shared 0
meminfo.buf 24088
meminfo.cached 546560
meminfo.slab 77600
meminfo.map 102356
meminfo.anon 344552
meminfo.anonH 0
meminfo.dirty 168
meminfo.locked 27620
meminfo.inactive 181860
meminfo.hugetot 0
meminfo.hugefree 0
meminfo.hugersvd 0
meminfo.sunreclaim 40868
swapinfo.total 2594812
swapinfo.free 2594812
swapinfo.used 0
swapinfo.in 0
swapinfo.out 0
pageinfo.fault 0
pageinfo.majfault 0
pageinfo.in 0
pageinfo.out 0
nettotals.kbin 0
nettotals.pktin 0
nettotals.kbout 0
nettotals.pktout 0
cpuinfo.user.cpu0 100
cpuinfo.nice.cpu0 0
cpuinfo.sys.cpu0 0
cpuinfo.wait.cpu0 0
cpuinfo.irq.cpu0 0
cpuinfo.soft.cpu0 0
cpuinfo.steal.cpu0 0
cpuinfo.idle.cpu0 0
cpuinfo.intrpt.cpu0 0
cputotals.systot.cpu0 0
cputotals.usertot.cpu0 100
cpuinfo.user.cpu1 96
cpuinfo.nice.cpu1 0
cpuinfo.sys.cpu1 0
cpuinfo.wait.cpu1 0
cpuinfo.irq.cpu1 0
cpuinfo.soft.cpu1 0
cpuinfo.steal.cpu1 4
cpuinfo.idle.cpu1 0
cpuinfo.intrpt.cpu1 0
cputotals.systot.cpu1 4
cputotals.usertot.cpu1 96
Bogus data record skipped for NET:enp1s0: data on 20241211 at 17:14:12
sample.time 1733937253.001
cputotals.num 2
cputotals.user 99
cputotals.nice 0
cputotals.sys 0
cputotals.wait 0
cputotals.irq 0
cputotals.soft 0
cputotals.steal 2
cputotals.idle 0
cputotals.systot 2
cputotals.usertot 99
cputotals.total 100
ctxint.ctx 74
ctxint.int 519
proc.creates 0
proc.runq 174
proc.run 2
cpuload.avg1 1.33
cpuload.avg5 0.57
cpuload.avg15 0.57
disktotals.reads 0
disktotals.readkbs 0
disktotals.writes 0
disktotals.writekbs 0
meminfo.tot 4005800
meminfo.used 1054504
meminfo.free 2951296
meminfo.shared 0
meminfo.buf 24088
meminfo.cached 546560
meminfo.slab 77600
meminfo.map 102356
meminfo.anon 344552
meminfo.anonH 0
meminfo.dirty 168
meminfo.locked 27620
meminfo.inactive 181860
meminfo.hugetot 0
meminfo.hugefree 0
meminfo.hugersvd 0
meminfo.sunreclaim 40868
swapinfo.total 2594812
swapinfo.free 2594812
swapinfo.used 0
swapinfo.in 0
swapinfo.out 0
pageinfo.fault 0
pageinfo.majfault 0
pageinfo.in 0
pageinfo.out 0
nettotals.kbin 0
nettotals.pktin 0
nettotals.kbout 0
nettotals.pktout 0
cpuinfo.user.cpu0 100
cpuinfo.nice.cpu0 0
cpuinfo.sys.cpu0 0
cpuinfo.wait.cpu0 0
cpuinfo.irq.cpu0 0
cpuinfo.soft.cpu0 0
cpuinfo.steal.cpu0 0
cpuinfo.idle.cpu0 0
cpuinfo.intrpt.cpu0 0
cputotals.systot.cpu0 0
cputotals.usertot.cpu0 100
cpuinfo.user.cpu1 97
cpuinfo.nice.cpu1 0
cpuinfo.sys.cpu1 0
cpuinfo.wait.cpu1 0
cpuinfo.irq.cpu1 0
cpuinfo.soft.cpu1 0
cpuinfo.steal.cpu1 3
cpuinfo.idle.cpu1 0
cpuinfo.intrpt.cpu1 0
cputotals.systot.cpu1 3
cputotals.usertot.cpu1 97
Bogus data record skipped for NET:enp1s0: data on 20241211 at 17:14:13
sample.time 1733937254.001
cputotals.num 2
cputotals.user 97
cputotals.nice 0
cputotals.sys 0
cputotals.wait 0
cputotals.irq 0
cputotals.soft 0
cputotals.steal 3
cputotals.idle 0
cputotals.systot 3
cputotals.usertot 97
cputotals.total 100
ctxint.ctx 51
ctxint.int 511
proc.creates 0
proc.runq 174
proc.run 2
cpuload.avg1 1.33
cpuload.avg5 0.57
cpuload.avg15 0.57
disktotals.reads 0
disktotals.readkbs 0
disktotals.writes 0
disktotals.writekbs 0
meminfo.tot 4005800
meminfo.used 1054504
meminfo.free 2951296
meminfo.shared 0
meminfo.buf 24088
meminfo.cached 546564
meminfo.slab 77600
meminfo.map 102356
meminfo.anon 344552
meminfo.anonH 0
meminfo.dirty 172
meminfo.locked 27620
meminfo.inactive 181860
meminfo.hugetot 0
meminfo.hugefree 0
meminfo.hugersvd 0
meminfo.sunreclaim 40868
swapinfo.total 2594812
swapinfo.free 2594812
swapinfo.used 0
swapinfo.in 0
swapinfo.out 0
pageinfo.fault 4
pageinfo.majfault 0
pageinfo.in 0
pageinfo.out 0
nettotals.kbin 0
nettotals.pktin 0
nettotals.kbout 0
nettotals.pktout 0
cpuinfo.user.cpu0 100
cpuinfo.nice.cpu0 0
cpuinfo.sys.cpu0 0
cpuinfo.wait.cpu0 0
cpuinfo.irq.cpu0 0
cpuinfo.soft.cpu0 0
cpuinfo.steal.cpu0 0
cpuinfo.idle.cpu0 0
cpuinfo.intrpt.cpu0 0
cputotals.systot.cpu0 0
cputotals.usertot.cpu0 100
cpuinfo.user.cpu1 95
cpuinfo.nice.cpu1 0
cpuinfo.sys.cpu1 0
cpuinfo.wait.cpu1 0
cpuinfo.irq.cpu1 0
cpuinfo.soft.cpu1 0
cpuinfo.steal.cpu1 5
cpuinfo.idle.cpu1 0
cpuinfo.intrpt.cpu1 0
cputotals.systot.cpu1 5
cputotals.usertot.cpu1 95
Bogus data record skipped for NET:enp1s0: data on 20241211 at 17:14:14
sample.time 1733937255.001
cputotals.num 2
cputotals.user 98
cputotals.nice 0
cputotals.sys 0
cputotals.wait 0
cputotals.irq 0
cputotals.soft 0
cputotals.steal 2
cputotals.idle 0
cputotals.systot 2
cputotals.usertot 98
cputotals.total 100
ctxint.ctx 101
ctxint.int 528
proc.creates 0
proc.runq 174
proc.run 2
cpuload.avg1 1.39
cpuload.avg5 0.59
cpuload.avg15 0.58
disktotals.reads 0
disktotals.readkbs 0
disktotals.writes 3
disktotals.writekbs 44
meminfo.tot 4005800
meminfo.used 1054504
meminfo.free 2951296
meminfo.shared 0
meminfo.buf 24096
meminfo.cached 546564
meminfo.slab 77596
meminfo.map 102356
meminfo.anon 344568
meminfo.anonH 0
meminfo.dirty 172
meminfo.locked 27620
meminfo.inactive 181860
meminfo.hugetot 0
meminfo.hugefree 0
meminfo.hugersvd 0
meminfo.sunreclaim 40864
swapinfo.total 2594812
swapinfo.free 2594812
swapinfo.used 0
swapinfo.in 0
swapinfo.out 0
pageinfo.fault 0
pageinfo.majfault 0
pageinfo.in 0
pageinfo.out 44
nettotals.kbin 0
nettotals.pktin 0
nettotals.kbout 0
nettotals.pktout 0
cpuinfo.user.cpu0 99
cpuinfo.nice.cpu0 0
cpuinfo.sys.cpu0 0
cpuinfo.wait.cpu0 0
cpuinfo.irq.cpu0 0
cpuinfo.soft.cpu0 0
cpuinfo.steal.cpu0 1
cpuinfo.idle.cpu0 0
cpuinfo.intrpt.cpu0 0
cputotals.systot.cpu0 1
cputotals.usertot.cpu0 99
cpuinfo.user.cpu1 97
cpuinfo.nice.cpu1 0
cpuinfo.sys.cpu1 0
cpuinfo.wait.cpu1 0
cpuinfo.irq.cpu1 0
cpuinfo.soft.cpu1 0
cpuinfo.steal.cpu1 3
cpuinfo.idle.cpu1 0
cpuinfo.intrpt.cpu1 0
cputotals.systot.cpu1 3
cputotals.usertot.cpu1 97
Bogus data record skipped for NET:enp1s0: data on 20241211 at 17:14:15
sample.time 1733937256.001
cputotals.num 2
cputotals.user 100
cputotals.nice 0
cputotals.sys 0
cputotals.wait 0
cputotals.irq 0
cputotals.soft 0
cputotals.steal 0
cputotals.idle 0
cputotals.systot 0
cputotals.usertot 100
cputotals.total 100
ctxint.ctx 62
ctxint.int 516
proc.creates 0
proc.runq 174
proc.run 2
cpuload.avg1 1.39
cpuload.avg5 0.59
cpuload.avg15 0.58
disktotals.reads 0
disktotals.readkbs 0
disktotals.writes 0
disktotals.writekbs 0
meminfo.tot 4005800
meminfo.used 1054504
meminfo.free 2951296
meminfo.shared 0
meminfo.buf 24096
meminfo.cached 546564
meminfo.slab 77596
meminfo.map 102356
meminfo.anon 344568
meminfo.anonH 0
meminfo.dirty 172
meminfo.locked 27620
meminfo.inactive 181860
meminfo.hugetot 0
meminfo.hugefree 0
meminfo.hugersvd 0
meminfo.sunreclaim 40864
swapinfo.total 2594812
swapinfo.free 2594812
swapinfo.used 0
swapinfo.in 0
swapinfo.out 0
pageinfo.fault 0
pageinfo.majfault 0
pageinfo.in 0
pageinfo.out 0
nettotals.kbin 0
nettotals.pktin 0
nettotals.kbout 0
nettotals.pktout 0
cpuinfo.user.cpu0 100
cpuinfo.nice.cpu0 0
cpuinfo.sys.cpu0 0
cpuinfo.wait.cpu0 0
cpuinfo.irq.cpu0 0
cpuinfo.soft.cpu0 0
cpuinfo.steal.cpu0 0
cpuinfo.idle.cpu0 0
cpuinfo.intrpt.cpu0 0
cputotals.systot.cpu0 0
cputotals.usertot.cpu0 100
cpuinfo.user.cpu1 99
cpuinfo.nice.cpu1 0
cpuinfo.sys.cpu1 0
cpuinfo.wait.cpu1 0
cpuinfo.irq.cpu1 0
cpuinfo.soft.cpu1 0
cpuinfo.steal.cpu1 1
cpuinfo.idle.cpu1 0
cpuinfo.intrpt.cpu1 0
cputotals.systot.cpu1 1
cputotals.usertot.cpu1 99
Bogus data record skipped for NET:enp1s0: data on 20241211 at 17:14:16
sample.time 1733937257.001
cputotals.num 2
cputotals.user 99
cputotals.nice 0
cputotals.sys 0
cputotals.wait 0
cputotals.irq 0
cputotals.soft 0
cputotals.steal 1
cputotals.idle 0
cputotals.systot 1
cputotals.usertot 99
cputotals.total 100
ctxint.ctx 49
ctxint.int 514
proc.creates 0
proc.runq 174
proc.run 2
cpuload.avg1 1.39
cpuload.avg5 0.59
cpuload.avg15 0.58
disktotals.reads 0
disktotals.readkbs 0
disktotals.writes 0
disktotals.writekbs 0
meminfo.tot 4005800
meminfo.used 1054504
meminfo.free 2951296
meminfo.shared 0
meminfo.buf 24096
meminfo.cached 546568
meminfo.slab 77596
meminfo.map 102356
meminfo.anon 344568
meminfo.anonH 0
meminfo.dirty 176
meminfo.locked 27620
meminfo.inactive 181860
meminfo.hugetot 0
meminfo.hugefree 0
meminfo.hugersvd 0
meminfo.sunreclaim 40864
swapinfo.total 2594812
swapinfo.free 2594812
swapinfo.used 0
swapinfo.in 0
swapinfo.out 0
pageinfo.fault 0
pageinfo.majfault 0
pageinfo.in 0
pageinfo.out 0
nettotals.kbin 0
nettotals.pktin 0
nettotals.kbout 0
nettotals.pktout 0
cpuinfo.user.cpu0 100
cpuinfo.nice.cpu0 0
cpuinfo.sys.cpu0 0
cpuinfo.wait.cpu0 0
cpuinfo.irq.cpu0 0
cpuinfo.soft.cpu0 0
cpuinfo.steal.cpu0 0
cpuinfo.idle.cpu0 0
cpuinfo.intrpt.cpu0 0
cputotals.systot.cpu0 0
cputotals.usertot.cpu0 100
cpuinfo.user.cpu1 98
cpuinfo.nice.cpu1 0
cpuinfo.sys.cpu1 0
cpuinfo.wait.cpu1 0
cpuinfo.irq.cpu1 0
cpuinfo.soft.cpu1 0
cpuinfo.steal.cpu1 2
cpuinfo.idle.cpu1 0
cpuinfo.intrpt.cpu1 0
cputotals.systot.cpu1 2
cputotals.usertot.cpu1 98
Bogus data record skipped for NET:enp1s0: data on 20241211 at 17:14:17
sample.time 1733937258.001
cputotals.num 2
cputotals.user 100
cputotals.nice 0
cputotals.sys 0
cputotals.wait 0
cputotals.irq 0
cputotals.soft 0
cputotals.steal 1
cputotals.idle 0
cputotals.systot 1
cputotals.usertot 100
cputotals.total 100
ctxint.ctx 64
ctxint.int 521
proc.creates 0
proc.runq 174
proc.run 2
cpuload.avg1 1.39
cpuload.avg5 0.59
cpuload.avg15 0.58
disktotals.reads 0
disktotals.readkbs 0
disktotals.writes 28
disktotals.writekbs 148
meminfo.tot 4005800
meminfo.used 1054504
meminfo.free 2951296
meminfo.shared 0
meminfo.buf 24096
meminfo.cached 546568
meminfo.slab 77596
meminfo.map 102356
meminfo.anon 344568
meminfo.anonH 0
meminfo.dirty 92
meminfo.locked 27620
meminfo.inactive 181860
meminfo.hugetot 0
meminfo.hugefree 0
meminfo.hugersvd 0
meminfo.sunreclaim 40864
swapinfo.total 2594812
swapinfo.free 2594812
swapinfo.used 0
swapinfo.in 0
swapinfo.out 0
pageinfo.fault 0
pageinfo.majfault 0
pageinfo.in 0
pageinfo.out 148
nettotals.kbin 0
nettotals.pktin 0
nettotals.kbout 0
nettotals.pktout 0
cpuinfo.user.cpu0 100
cpuinfo.nice.cpu0 0
cpuinfo.sys.cpu0 0
cpuinfo.wait.cpu0 0
cpuinfo.irq.cpu0 0
cpuinfo.soft.cpu0 0
cpuinfo.steal.cpu0 0
cpuinfo.idle.cpu0 0
cpuinfo.intrpt.cpu0 0
cputotals.systot.cpu0 0
cputotals.usertot.cpu0 100
cpuinfo.user.cpu1 100
cpuinfo.nice.cpu1 0
cpuinfo.sys.cpu1 0
cpuinfo.wait.cpu1 0
cpuinfo.irq.cpu1 0
cpuinfo.soft.cpu1 0
cpuinfo.steal.cpu1 0
cpuinfo.idle.cpu1 0
cpuinfo.intrpt.cpu1 0
cputotals.systot.cpu1 0
cputotals.usertot.cpu1 100
Bogus data record skipped for NET:enp1s0: data on 20241211 at 17:14:18
sample.time 1733937259.001
cputotals.num 2
cputotals.user 100
cputotals.nice 0
cputotals.sys 0
cputotals.wait 0
cputotals.irq 0
cputotals.soft 0
cputotals.steal 0
cputotals.idle 0
cputotals.systot 0
cputotals.usertot 100
cputotals.total 100
ctxint.ctx 61
ctxint.int 517
proc.creates 0
proc.runq 174
proc.run 2
cpuload.avg1 1.39
cpuload.avg5 0.59
cpuload.avg15 0.58
disktotals.reads 0
disktotals.readkbs 0
disktotals.writes 0
disktotals.writekbs 0
meminfo.tot 4005800
meminfo.used 1054504
meminfo.free 2951296
meminfo.shared 0
meminfo.buf 24096
meminfo.cached 546568
meminfo.slab 77596
meminfo.map 102356
meminfo.anon 344568
meminfo.anonH 0
meminfo.dirty 24
meminfo.locked 27620
meminfo.inactive 181868
meminfo.hugetot 0
meminfo.hugefree 0
meminfo.hugersvd 0
meminfo.sunreclaim 40864
swapinfo.total 2594812
swapinfo.free 2594812
swapinfo.used 0
swapinfo.in 0
swapinfo.out 0
pageinfo.fault 0
pageinfo.majfault 0
pageinfo.in 0
pageinfo.out 0
nettotals.kbin 0
nettotals.pktin 0
nettotals.kbout 0
nettotals.pktout 0
cpuinfo.user.cpu0 100
cpuinfo.nice.cpu0 0
cpuinfo.sys.cpu0 0
cpuinfo.wait.cpu0 0
cpuinfo.irq.cpu0 0
cpuinfo.soft.cpu0 0
cpuinfo.steal.cpu0 0
cpuinfo.idle.cpu0 0
cpuinfo.intrpt.cpu0 0
cputotals.systot.cpu0 0
cputotals.usertot.cpu0 100
cpuinfo.user.cpu1 99
cpuinfo.nice.cpu1 0
cpuinfo.sys.cpu1 0
cpuinfo.wait.cpu1 0
cpuinfo.irq.cpu1 0
cpuinfo.soft.cpu1 0
cpuinfo.steal.cpu1 1
cpuinfo.idle.cpu1 0
cpuinfo.intrpt.cpu1 0
cputotals.systot.cpu1 1
cputotals.usertot.cpu1 99
Bogus data record skipped for NET:enp1s0: data on 20241211 at 17:14:19
sample.time 1733937260.001
cputotals.num 2
cputotals.user 99
cputotals.nice 0
cputotals.sys 0
cputotals.wait 0
cputotals.irq 0
cputotals.soft 0
cputotals.steal 2
cputotals.idle 0
cputotals.systot 2
cputotals.usertot 99
cputotals.total 100
ctxint.ctx 68
ctxint.int 521
proc.creates 0
proc.runq 174
proc.run 2
cpuload.avg1 1.44
cpuload.avg5 0.61
cpuload.avg15 0.58
disktotals.reads 0
disktotals.readkbs 0
disktotals.writes 3
disktotals.writekbs 12
meminfo.tot 4005800
meminfo.used 1054504
meminfo.free 2951296
meminfo.shared 0
meminfo.buf 24104
meminfo.cached 546572
meminfo.slab 77596
meminfo.map 102356
meminfo.anon 344568
meminfo.anonH 0
meminfo.dirty 28
meminfo.locked 27620
meminfo.inactive 181868
meminfo.hugetot 0
meminfo.hugefree 0
meminfo.hugersvd 0
meminfo.sunreclaim 40864
swapinfo.total 2594812
swapinfo.free 2594812
swapinfo.used 0
swapinfo.in 0
swapinfo.out 0
pageinfo.fault 0
pageinfo.majfault 0
pageinfo.in 0
pageinfo.out 12
nettotals.kbin 0
nettotals.pktin 0
nettotals.kbout 0
nettotals.pktout 0
cpuinfo.user.cpu0 100
cpuinfo.nice.cpu0 0
cpuinfo.sys.cpu0 0
cpuinfo.wait.cpu0 0
cpuinfo.irq.cpu0 0
cpuinfo.soft.cpu0 0
cpuinfo.steal.cpu0 0
cpuinfo.idle.cpu0 0
cpuinfo.intrpt.cpu0 0
cputotals.systot.cpu0 0
cputotals.usertot.cpu0 100
cpuinfo.user.cpu1 97
cpuinfo.nice.cpu1 0
cpuinfo.sys.cpu1 0
cpuinfo.wait.cpu1 0
cpuinfo.irq.cpu1 0
cpuinfo.soft.cpu1 0
cpuinfo.steal.cpu1 3
cpuinfo.idle.cpu1 0
cpuinfo.intrpt.cpu1 0
cputotals.systot.cpu1 3
cputotals.usertot.cpu1 97
Bogus data record skipped for NET:enp1s0: data on 20241211 at 17:14:20
sample.time 1733937261.001
cputotals.num 2
cputotals.user 97
cputotals.nice 0
cputotals.sys 0
cputotals.wait 0
cputotals.irq 0
cputotals.soft 0
cputotals.steal 2
cputotals.idle 0
cputotals.systot 3
cputotals.usertot 97
cputotals.total 100
ctxint.ctx 75
ctxint.int 514
proc.creates 0
proc.runq 174
proc.run 2
cpuload.avg1 1.44
cpuload.avg5 0.61
cpuload.avg15 0.58
disktotals.reads 0
disktotals.readkbs 0
disktotals.writes 0
disktotals.writekbs 0
meminfo.tot 4005800
meminfo.used 1054504
meminfo.free 2951296
meminfo.shared 0
meminfo.buf 24104
meminfo.cached 546572
meminfo.slab 77596
meminfo.map 102356
meminfo.anon 344568
meminfo.anonH 0
meminfo.dirty 28
meminfo.locked 27620
meminfo.inactive 181868
meminfo.hugetot 0
meminfo.hugefree 0
meminfo.hugersvd 0
meminfo.sunreclaim 40864
swapinfo.total 2594812
swapinfo.free 2594812
swapinfo.used 0
swapinfo.in 0
swapinfo.out 0
pageinfo.fault 0
pageinfo.majfault 0
pageinfo.in 0
pageinfo.out 0
nettotals.kbin 0
nettotals.pktin 0
nettotals.kbout 0
nettotals.pktout 0
cpuinfo.user.cpu0 100
cpuinfo.nice.cpu0 0
cpuinfo.sys.cpu0 0
cpuinfo.wait.cpu0 0
cpuinfo.irq.cpu0 0
cpuinfo.soft.cpu0 0
cpuinfo.steal.cpu0 0
cpuinfo.idle.cpu0 0
cpuinfo.intrpt.cpu0 0
cputotals.systot.cpu0 0
cputotals.usertot.cpu0 100
cpuinfo.user.cpu1 96
cpuinfo.nice.cpu1 0
cpuinfo.sys.cpu1 0
cpuinfo.wait.cpu1 0
cpuinfo.irq.cpu1 0
cpuinfo.soft.cpu1 0
cpuinfo.steal.cpu1 4
cpuinfo.idle.cpu1 0
cpuinfo.intrpt.cpu1 0
cputotals.systot.cpu1 4
cputotals.usertot.cpu1 96
Bogus data record skipped for NET:enp1s0: data on 20241211 at 17:14:21
sample.time 1733937262.001
cputotals.num 2
cputotals.user 99
cputotals.nice 0
cputotals.sys 0
cputotals.wait 0
cputotals.irq 0
cputotals.soft 0
cputotals.steal 2
cputotals.idle 0
cputotals.systot 2
cputotals.usertot 99
cputotals.total 100
ctxint.ctx 61
ctxint.int 519
proc.creates 0
proc.runq 174
proc.run 2
cpuload.avg1 1.44
cpuload.avg5 0.61
cpuload.avg15 0.58
disktotals.reads 0
disktotals.readkbs 0
disktotals.writes 0
disktotals.writekbs 0
meminfo.tot 4005800
meminfo.used 1054728
meminfo.free 2951072
meminfo.shared 0
meminfo.buf 24104
meminfo.cached 546576
meminfo.slab 77596
meminfo.map 102356
meminfo.anon 344568
meminfo.anonH 0
meminfo.dirty 32
meminfo.locked 27620
meminfo.inactive 181868
meminfo.hugetot 0
meminfo.hugefree 0
meminfo.hugersvd 0
meminfo.sunreclaim 40864
swapinfo.total 2594812
swapinfo.free 2594812
swapinfo.used 0
swapinfo.in 0
swapinfo.out 0
pageinfo.fault 0
pageinfo.majfault 0
pageinfo.in 0
pageinfo.out 0
nettotals.kbin 0
nettotals.pktin 0
nettotals.kbout 0
nettotals.pktout 0
cpuinfo.user.cpu0 99
cpuinfo.nice.cpu0 0
cpuinfo.sys.cpu0 0
cpuinfo.wait.cpu0 0
cpuinfo.irq.cpu0 0
cpuinfo.soft.cpu0 0
cpuinfo.steal.cpu0 1
cpuinfo.idle.cpu0 0
cpuinfo.intrpt.cpu0 0
cputotals.systot.cpu0 1
cputotals.usertot.cpu0 99
cpuinfo.user.cpu1 97
cpuinfo.nice.cpu1 0
cpuinfo.sys.cpu1 0
cpuinfo.wait.cpu1 0
cpuinfo.irq.cpu1 0
cpuinfo.soft.cpu1 0
cpuinfo.steal.cpu1 3
cpuinfo.idle.cpu1 0
cpuinfo.intrpt.cpu1 0
cputotals.systot.cpu1 3
cputotals.usertot.cpu1 97
Bogus data record skipped for NET:enp1s0: data on 20241211 at 17:14:22
sample.time 1733937263.001
cputotals.num 2
cputotals.user 99
cputotals.nice 0
cputotals.sys 0
cputotals.wait 0
cputotals.irq 0
cputotals.soft 0
cputotals.steal 1
cputotals.idle 0
cputotals.systot 1
cputotals.usertot 99
cputotals.total 100
ctxint.ctx 58
ctxint.int 519
proc.creates 0
proc.runq 174
proc.run 2
cpuload.avg1 1.44
cpuload.avg5 0.61
cpuload.avg15 0.58
disktotals.reads 0
disktotals.readkbs 0
disktotals.writes 0
disktotals.writekbs 0
meminfo.tot 4005800
meminfo.used 1054728
meminfo.free 2951072
meminfo.shared 0
meminfo.buf 24104
meminfo.cached 546576
meminfo.slab 77596
meminfo.map 102356
meminfo.anon 344568
meminfo.anonH 0
meminfo.dirty 32
meminfo.locked 27620
meminfo.inactive 181868
meminfo.hugetot 0
meminfo.hugefree 0
meminfo.hugersvd 0
meminfo.sunreclaim 40864
swapinfo.total 2594812
swapinfo.free 2594812
swapinfo.used 0
swapinfo.in 0
swapinfo.out 0
pageinfo.fault 0
pageinfo.majfault 0
pageinfo.in 0
pageinfo.out 0
nettotals.kbin 0
nettotals.pktin 0
nettotals.kbout 0
nettotals.pktout 0
cpuinfo.user.cpu0 100
cpuinfo.nice.cpu0 0
cpuinfo.sys.cpu0 0
cpuinfo.wait.cpu0 0
cpuinfo.irq.cpu0 0
cpuinfo.soft.cpu0 0
cpuinfo.steal.cpu0 0
cpuinfo.idle.cpu0 0
cpuinfo.intrpt.cpu0 0
cputotals.systot.cpu0 0
cputotals.usertot.cpu0 100
cpuinfo.user.cpu1 99
cpuinfo.nice.cpu1 0
cpuinfo.sys.cpu1 0
cpuinfo.wait.cpu1 0
cpuinfo.irq.cpu1 0
cpuinfo.soft.cpu1 0
cpuinfo.steal.cpu1 1
cpuinfo.idle.cpu1 0
cpuinfo.intrpt.cpu1 0
cputotals.systot.cpu1 1
cputotals.usertot.cpu1 99
Bogus data record skipped for NET:enp1s0: data on 20241211 at 17:14:23
sample.time 1733937264.001
cputotals.num 2
cputotals.user 99
cputotals.nice 0
cputotals.sys 0
cputotals.wait 0
cputotals.irq 0
cputotals.soft 0
cputotals.steal 1
cputotals.idle 0
cputotals.systot 1
cputotals.usertot 99
cputotals.total 100
ctxint.ctx 63
ctxint.int 515
proc.creates 0
proc.runq 174
proc.run 2
cpuload.avg1 1.44
cpuload.avg5 0.61
cpuload.avg15 0.58
disktotals.reads 0
disktotals.readkbs 0
disktotals.writes 0
disktotals.writekbs 0
meminfo.tot 4005800
meminfo.used 1054728
meminfo.free 2951072
meminfo.shared 0
meminfo.buf 24104
meminfo.cached 546576
meminfo.slab 77596
meminfo.map 102356
meminfo.anon 344568
meminfo.anonH 0
meminfo.dirty 32
meminfo.locked 27620
meminfo.inactive 181868
meminfo.hugetot 0
meminfo.hugefree 0
meminfo.hugersvd 0
meminfo.sunreclaim 40864
swapinfo.total 2594812
swapinfo.free 2594812
swapinfo.used 0
swapinfo.in 0
swapinfo.out 0
pageinfo.fault 0
pageinfo.majfault 0
pageinfo.in 0
pageinfo.out 0
nettotals.kbin 0
nettotals.pktin 0
nettotals.kbout 0
nettotals.pktout 0
cpuinfo.user.cpu0 100
cpuinfo.nice.cpu0 0
cpuinfo.sys.cpu0 0
cpuinfo.wait.cpu0 0
cpuinfo.irq.cpu0 0
cpuinfo.soft.cpu0 0
cpuinfo.steal.cpu0 0
cpuinfo.idle.cpu0 0
cpuinfo.intrpt.cpu0 0
cputotals.systot.cpu0 0
cputotals.usertot.cpu0 100
cpuinfo.user.cpu1 97
cpuinfo.nice.cpu1 0
cpuinfo.sys.cpu1 0
cpuinfo.wait.cpu1 0
cpuinfo.irq.cpu1 0
cpuinfo.soft.cpu1 0
cpuinfo.steal.cpu1 3
cpuinfo.idle.cpu1 0
cpuinfo.intrpt.cpu1 0
cputotals.systot.cpu1 3
cputotals.usertot.cpu1 97
Bogus data record skipped for NET:enp1s0: data on 20241211 at 17:14:24
sample.time 1733937265.001
cputotals.num 2
cputotals.user 98
cputotals.nice 0
cputotals.sys 0
cputotals.wait 0
cputotals.irq 0
cputotals.soft 0
cputotals.steal 2
cputotals.idle 0
cputotals.systot 2
cputotals.usertot 98
cputotals.total 100
ctxint.ctx 78
ctxint.int 522
proc.creates 0
proc.runq 174
proc.run 2
cpuload.avg1 1.48
cpuload.avg5 0.64
cpuload.avg15 0.59
disktotals.reads 0
disktotals.readkbs 0
disktotals.writes 3
disktotals.writekbs 12
meminfo.tot 4005800
meminfo.used 1054980
meminfo.free 2950820
meminfo.shared 0
meminfo.buf 24112
meminfo.cached 546580
meminfo.slab 77596
meminfo.map 102356
meminfo.anon 344568
meminfo.anonH 0
meminfo.dirty 36
meminfo.locked 27620
meminfo.inactive 181868
meminfo.hugetot 0
meminfo.hugefree 0
meminfo.hugersvd 0
meminfo.sunreclaim 40864
swapinfo.total 2594812
swapinfo.free 2594812
swapinfo.used 0
swapinfo.in 0
swapinfo.out 0
pageinfo.fault 0
pageinfo.majfault 0
pageinfo.in 0
pageinfo.out 12
nettotals.kbin 0
nettotals.pktin 0
nettotals.kbout 0
nettotals.pktout 0
cpuinfo.user.cpu0 100
cpuinfo.nice.cpu0 0
cpuinfo.sys.cpu0 0
cpuinfo.wait.cpu0 0
cpuinfo.irq.cpu0 0
cpuinfo.soft.cpu0 0
cpuinfo.steal.cpu0 0
cpuinfo.idle.cpu0 0
cpuinfo.intrpt.cpu0 0
cputotals.systot.cpu0 0
cputotals.usertot.cpu0 100
cpuinfo.user.cpu1 97
cpuinfo.nice.cpu1 0
cpuinfo.sys.cpu1 0
cpuinfo.wait.cpu1 0
cpuinfo.irq.cpu1 0
cpuinfo.soft.cpu1 0
cpuinfo.steal.cpu1 3
cpuinfo.idle.cpu1 0
cpuinfo.intrpt.cpu1 0
cputotals.systot.cpu1 3
cputotals.usertot.cpu1 97
Bogus data record skipped for NET:enp1s0: data on 20241211 at 17:14:25
sample.time 1733937266.001
cputotals.num 2
cputotals.user 95
cputotals.nice 0
cputotals.sys 0
cputotals.wait 0
cputotals.irq 0
cputotals.soft 0
cputotals.steal 5
cputotals.idle 0
cputotals.systot 5
cputotals.usertot 95
cputotals.total 100
ctxint.ctx 54
ctxint.int 501
proc.creates 0
proc.runq 174
proc.run 2
cpuload.avg1 1.48
cpuload.avg5 0.64
cpuload.avg15 0.59
disktotals.reads 0
disktotals.readkbs 0
disktotals.writes 0
disktotals.writekbs 0
meminfo.tot 4005800
meminfo.used 1054980
meminfo.free 2950820
meminfo.shared 0
meminfo.buf 24112
meminfo.cached 546580
meminfo.slab 77596
meminfo.map 102356
meminfo.anon 344568
meminfo.anonH 0
meminfo.dirty 36
meminfo.locked 27620
meminfo.inactive 181868
meminfo.hugetot 0
meminfo.hugefree 0
meminfo.hugersvd 0
meminfo.sunreclaim 40864
swapinfo.total 2594812
swapinfo.free 2594812
swapinfo.used 0
swapinfo.in 0
swapinfo.out 0
pageinfo.fault 0
pageinfo.majfault 0
pageinfo.in 0
pageinfo.out 0
nettotals.kbin 0
nettotals.pktin 0
nettotals.kbout 0
nettotals.pktout 0
cpuinfo.user.cpu0 100
cpuinfo.nice.cpu0 0
cpuinfo.sys.cpu0 0
cpuinfo.wait.cpu0 0
cpuinfo.irq.cpu0 0
cpuinfo.soft.cpu0 0
cpuinfo.steal.cpu0 0
cpuinfo.idle.cpu0 0
cpuinfo.intrpt.cpu0 0
cputotals.systot.cpu0 0
cputotals.usertot.cpu0 100
cpuinfo.user.cpu1 90
cpuinfo.nice.cpu1 0
cpuinfo.sys.cpu1 0
cpuinfo.wait.cpu1 0
cpuinfo.irq.cpu1 0
cpuinfo.soft.cpu1 0
cpuinfo.steal.cpu1 10
cpuinfo.idle.cpu1 0
cpuinfo.intrpt.cpu1 0
cputotals.systot.cpu1 10
cputotals.usertot.cpu1 90
Bogus data record skipped for NET:enp1s0: data on 20241211 at 17:14:26
sample.time 1733937267.001
cputotals.num 2
cputotals.user 100
cputotals.nice 0
cputotals.sys 0
cputotals.wait 0
cputotals.irq 0
cputotals.soft 0
cputotals.steal 1
cputotals.idle 0
cputotals.systot 1
cputotals.usertot 100
cputotals.total 100
ctxint.ctx 61
ctxint.int 518
proc.creates 0
proc.runq 174
proc.run 2
cpuload.avg1 1.48
cpuload.avg5 0.64
cpuload.avg15 0.59
disktotals.reads 0
disktotals.readkbs 0
disktotals.writes 0
disktotals.writekbs 0
meminfo.tot 4005800
meminfo.used 1054980
meminfo.free 2950820
meminfo.shared 0
meminfo.buf 24112
meminfo.cached 546580
meminfo.slab 77596
meminfo.map 102356
meminfo.anon 344568
meminfo.anonH 0
meminfo.dirty 36
meminfo.locked 27620
meminfo.inactive 181868
meminfo.hugetot 0
meminfo.hugefree 0
meminfo.hugersvd 0
meminfo.sunreclaim 40864
swapinfo.total 2594812
swapinfo.free 2594812
swapinfo.used 0
swapinfo.in 0
swapinfo.out 0
pageinfo.fault 0
pageinfo.majfault 0
pageinfo.in 0
pageinfo.out 0
nettotals.kbin 0
nettotals.pktin 0
nettotals.kbout 0
nettotals.pktout 0
cpuinfo.user.cpu0 100
cpuinfo.nice.cpu0 0
cpuinfo.sys.cpu0 0
cpuinfo.wait.cpu0 0
cpuinfo.irq.cpu0 0
cpuinfo.soft.cpu0 0
cpuinfo.steal.cpu0 0
cpuinfo.idle.cpu0 0
cpuinfo.intrpt.cpu0 0
cputotals.systot.cpu0 0
cputotals.usertot.cpu0 100
cpuinfo.user.cpu1 99
cpuinfo.nice.cpu1 0
cpuinfo.sys.cpu1 0
cpuinfo.wait.cpu1 0
cpuinfo.irq.cpu1 0
cpuinfo.soft.cpu1 0
cpuinfo.steal.cpu1 1
cpuinfo.idle.cpu1 0
cpuinfo.intrpt.cpu1 0
cputotals.systot.cpu1 1
cputotals.usertot.cpu1 99
Bogus data record skipped for NET:enp1s0: data on 20241211 at 17:14:27
sample.time 1733937268.001
cputotals.num 2
cputotals.user 99
cputotals.nice 0
cputotals.sys 0
cputotals.wait 0
cputotals.irq 0
cputotals.soft 0
cputotals.steal 2
cputotals.idle 0
cputotals.systot 2
cputotals.usertot 99
cputotals.total 100
ctxint.ctx 84
ctxint.int 516
proc.creates 0
proc.runq 174
proc.run 2
cpuload.avg1 1.48
cpuload.avg5 0.64
cpuload.avg15 0.59
disktotals.reads 0
disktotals.readkbs 0
disktotals.writes 0
disktotals.writekbs 0
meminfo.tot 4005800
meminfo.used 1054980
meminfo.free 2950820
meminfo.shared 0
meminfo.buf 24112
meminfo.cached 546584
meminfo.slab 77596
meminfo.map 102356
meminfo.anon 344568
meminfo.anonH 0
meminfo.dirty 40
meminfo.locked 27620
meminfo.inactive 181868
meminfo.hugetot 0
meminfo.hugefree 0
meminfo.hugersvd 0
meminfo.sunreclaim 40864
swapinfo.total 2594812
swapinfo.free 2594812
swapinfo.used 0
swapinfo.in 0
swapinfo.out 0
pageinfo.fault 0
pageinfo.majfault 0
pageinfo.in 0
pageinfo.out 0
nettotals.kbin 0
nettotals.pktin 0
nettotals.kbout 0
nettotals.pktout 0
cpuinfo.user.cpu0 100
cpuinfo.nice.cpu0 0
cpuinfo.sys.cpu0 0
cpuinfo.wait.cpu0 0
cpuinfo.irq.cpu0 0
cpuinfo.soft.cpu0 0
cpuinfo.steal.cpu0 0
cpuinfo.idle.cpu0 0
cpuinfo.intrpt.cpu0 0
cputotals.systot.cpu0 0
cputotals.usertot.cpu0 100
cpuinfo.user.cpu1 97
cpuinfo.nice.cpu1 0
cpuinfo.sys.cpu1 0
cpuinfo.wait.cpu1 0
cpuinfo.irq.cpu1 0
cpuinfo.soft.cpu1 0
cpuinfo.steal.cpu1 3
cpuinfo.idle.cpu1 0
cpuinfo.intrpt.cpu1 0
cputotals.systot.cpu1 3
cputotals.usertot.cpu1 97
Bogus data record skipped for NET:enp1s0: data on 20241211 at 17:14:28
sample.time 1733937269.001
cputotals.num 2
cputotals.user 97
cputotals.nice 0
cputotals.sys 0
cputotals.wait 0
cputotals.irq 0
cputotals.soft 0
cputotals.steal 3
cputotals.idle 0
cputotals.systot 3
cputotals.usertot 97
cputotals.total 100
ctxint.ctx 51
ctxint.int 503
proc.creates 0
proc.runq 174
proc.run 2
cpuload.avg1 1.48
cpuload.avg5 0.64
cpuload.avg15 0.59
disktotals.reads 0
disktotals.readkbs 0
disktotals.writes 0
disktotals.writekbs 0
meminfo.tot 4005800
meminfo.used 1054980
meminfo.free 2950820
meminfo.shared 0
meminfo.buf 24112
meminfo.cached 546584
meminfo.slab 77596
meminfo.map 102356
meminfo.anon 344568
meminfo.anonH 0
meminfo.dirty 40
meminfo.locked 27620
meminfo.inactive 181868
meminfo.hugetot 0
meminfo.hugefree 0
meminfo.hugersvd 0
meminfo.sunreclaim 40864
swapinfo.total 2594812
swapinfo.free 2594812
swapinfo.used 0
swapinfo.in 0
swapinfo.out 0
pageinfo.fault 0
pageinfo.majfault 0
pageinfo.in 0
pageinfo.out 0
nettotals.kbin 0
nettotals.pktin 0
nettotals.kbout 0
nettotals.pktout 0
cpuinfo.user.cpu0 99
cpuinfo.nice.cpu0 0
cpuinfo.sys.cpu0 0
cpuinfo.wait.cpu0 0
cpuinfo.irq.cpu0 0
cpuinfo.soft.cpu0 0
cpuinfo.steal.cpu0 1
cpuinfo.idle.cpu0 0
cpuinfo.intrpt.cpu0 0
cputotals.systot.cpu0 1
cputotals.usertot.cpu0 99
cpuinfo.user.cpu1 95
cpuinfo.nice.cpu1 0
cpuinfo.sys.cpu1 0
cpuinfo.wait.cpu1 0
cpuinfo.irq.cpu1 0
cpuinfo.soft.cpu1 0
cpuinfo.steal.cpu1 5
cpuinfo.idle.cpu1 0
cpuinfo.intrpt.cpu1 0
cputotals.systot.cpu1 5
cputotals.usertot.cpu1 95
Bogus data record skipped for NET:enp1s0: data on 20241211 at 17:14:29
sample.time 1733937270.001
cputotals.num 2
cputotals.user 100
cputotals.nice 0
cputotals.sys 0
cputotals.wait 0
cputotals.irq 0
cputotals.soft 0
cputotals.steal 0
cputotals.idle 0
cputotals.systot 0
cputotals.usertot 100
cputotals.total 100
ctxint.ctx 63
ctxint.int 523
proc.creates 0
proc.runq 174
proc.run 2
cpuload.avg1 1.52
cpuload.avg5 0.66
cpuload.avg15 0.60
disktotals.reads 0
disktotals.readkbs 0
disktotals.writes 3
disktotals.writekbs 12
meminfo.tot 4005800
meminfo.used 1054980
meminfo.free 2950820
meminfo.shared 0
meminfo.buf 24120
meminfo.cached 546588
meminfo.slab 77596
meminfo.map 102356
meminfo.anon 344568
meminfo.anonH 0
meminfo.dirty 44
meminfo.locked 27620
meminfo.inactive 181868
meminfo.hugetot 0
meminfo.hugefree 0
meminfo.hugersvd 0
meminfo.sunreclaim 40864
swapinfo.total 2594812
swapinfo.free 2594812
swapinfo.used 0
swapinfo.in 0
swapinfo.out 0
pageinfo.fault 0
pageinfo.majfault 0
pageinfo.in 0
pageinfo.out 12
nettotals.kbin 0
nettotals.pktin 0
nettotals.kbout 0
nettotals.pktout 0
cpuinfo.user.cpu0 100
cpuinfo.nice.cpu0 0
cpuinfo.sys.cpu0 0
cpuinfo.wait.cpu0 0
cpuinfo.irq.cpu0 0
cpuinfo.soft.cpu0 0
cpuinfo.steal.cpu0 0
cpuinfo.idle.cpu0 0
cpuinfo.intrpt.cpu0 0
cputotals.systot.cpu0 0
cputotals.usertot.cpu0 100
cpuinfo.user.cpu1 100
cpuinfo.nice.cpu1 0
cpuinfo.sys.cpu1 0
cpuinfo.wait.cpu1 0
cpuinfo.irq.cpu1 0
cpuinfo.soft.cpu1 0
cpuinfo.steal.cpu1 0
cpuinfo.idle.cpu1 0
cpuinfo.intrpt.cpu1 0
cputotals.systot.cpu1 0
cputotals.usertot.cpu1 100
Bogus data record skipped for NET:enp1s0: data on 20241211 at 17:14:30
sample.time 1733937271.001
cputotals.num 2
cputotals.user 97
cputotals.nice 0
cputotals.sys 0
cputotals.wait 0
cputotals.irq 0
cputotals.soft 0
cputotals.steal 3
cputotals.idle 0
cputotals.systot 3
cputotals.usertot 97
cputotals.total 100
ctxint.ctx 59
ctxint.int 506
proc.creates 0
proc.runq 174
proc.run 2
cpuload.avg1 1.52
cpuload.avg5 0.66
cpuload.avg15 0.60
disktotals.reads 0
disktotals.readkbs 0
disktotals.writes 0
disktotals.writekbs 0
meminfo.tot 4005800
meminfo.used 1054980
meminfo.free 2950820
meminfo.shared 0
meminfo.buf 24120
meminfo.cached 546588
meminfo.slab 77596
meminfo.map 102356
meminfo.anon 344568
meminfo.anonH 0
meminfo.dirty 44
meminfo.locked 27620
meminfo.inactive 181868
meminfo.hugetot 0
meminfo.hugefree 0
meminfo.hugersvd 0
meminfo.sunreclaim 40864
swapinfo.total 2594812
swapinfo.free 2594812
swapinfo.used 0
swapinfo.in 0
swapinfo.out 0
pageinfo.fault 0
pageinfo.majfault 0
pageinfo.in 0
pageinfo.out 0
nettotals.kbin 0
nettotals.pktin 0
nettotals.kbout 0
nettotals.pktout 0
cpuinfo.user.cpu0 100
cpuinfo.nice.cpu0 0
cpuinfo.sys.cpu0 0
cpuinfo.wait.cpu0 0
cpuinfo.irq.cpu0 0
cpuinfo.soft.cpu0 0
cpuinfo.steal.cpu0 0
cpuinfo.idle.cpu0 0
cpuinfo.intrpt.cpu0 0
cputotals.systot.cpu0 0
cputotals.usertot.cpu0 100
cpuinfo.user.cpu1 95
cpuinfo.nice.cpu1 0
cpuinfo.sys.cpu1 0
cpuinfo.wait.cpu1 0
cpuinfo.irq.cpu1 0
cpuinfo.soft.cpu1 0
cpuinfo.steal.cpu1 5
cpuinfo.idle.cpu1 0
cpuinfo.intrpt.cpu1 0
cputotals.systot.cpu1 5
cputotals.usertot.cpu1 95
Bogus data record skipped for NET:enp1s0: data on 20241211 at 17:14:31
sample.time 1733937272.001
cputotals.num 2
cputotals.user 98
cputotals.nice 0
cputotals.sys 0
cputotals.wait 0
cputotals.irq 0
cputotals.soft 0
cputotals.steal 2
cputotals.idle 0
cputotals.systot 2
cputotals.usertot 98
cputotals.total 100
ctxint.ctx 52
ctxint.int 512
proc.creates 0
proc.runq 174
proc.run 2
cpuload.avg1 1.52
cpuload.avg5 0.66
cpuload.avg15 0.60
disktotals.reads 0
disktotals.readkbs 0
disktotals.writes 0
disktotals.writekbs 0
meminfo.tot 4005800
meminfo.used 1054980
meminfo.free 2950820
meminfo.shared 0
meminfo.buf 24120
meminfo.cached 546588
meminfo.slab 77596
meminfo.map 102356
meminfo.anon 344568
meminfo.anonH 0
meminfo.dirty 44
meminfo.locked 27620
meminfo.inactive 181868
meminfo.hugetot 0
meminfo.hugefree 0
meminfo.hugersvd 0
meminfo.sunreclaim 40864
swapinfo.total 2594812
swapinfo.free 2594812
swapinfo.used 0
swapinfo.in 0
swapinfo.out 0
pageinfo.fault 0
pageinfo.majfault 0
pageinfo.in 0
pageinfo.out 0
nettotals.kbin 0
nettotals.pktin 0
nettotals.kbout 0
nettotals.pktout 0
cpuinfo.user.cpu0 100
cpuinfo.nice.cpu0 0
cpuinfo.sys.cpu0 0
cpuinfo.wait.cpu0 0
cpuinfo.irq.cpu0 0
cpuinfo.soft.cpu0 0
cpuinfo.steal.cpu0 0
cpuinfo.idle.cpu0 0
cpuinfo.intrpt.cpu0 0
cputotals.systot.cpu0 0
cputotals.usertot.cpu0 100
cpuinfo.user.cpu1 96
cpuinfo.nice.cpu1 0
cpuinfo.sys.cpu1 0
cpuinfo.wait.cpu1 0
cpuinfo.irq.cpu1 0
cpuinfo.soft.cpu1 0
cpuinfo.steal.cpu1 4
cpuinfo.idle.cpu1 0
cpuinfo.intrpt.cpu1 0
cputotals.systot.cpu1 4
cputotals.usertot.cpu1 96
Bogus data record skipped for NET:enp1s0: data on 20241211 at 17:14:32
sample.time 1733937273.001
cputotals.num 2
cputotals.user 100
cputotals.nice 0
cputotals.sys 0
cputotals.wait 0
cputotals.irq 0
cputotals.soft 0
cputotals.steal 0
cputotals.idle 0
cputotals.systot 0
cputotals.usertot 100
cputotals.total 100
ctxint.ctx 66
ctxint.int 517
proc.creates 0
proc.runq 174
proc.run 2
cpuload.avg1 1.52
cpuload.avg5 0.66
cpuload.avg15 0.60
disktotals.reads 0
disktotals.readkbs 0
disktotals.writes 0
disktotals.writekbs 0
meminfo.tot 4005800
meminfo.used 1054980
meminfo.free 2950820
meminfo.shared 0
meminfo.buf 24120
meminfo.cached 546592
meminfo.slab 77596
meminfo.map 102356
meminfo.anon 344568
meminfo.anonH 0
meminfo.dirty 48
meminfo.locked 27620
meminfo.inactive 181868
meminfo.hugetot 0
meminfo.hugefree 0
meminfo.hugersvd 0
meminfo.sunreclaim 40864
swapinfo.total 2594812
swapinfo.free 2594812
swapinfo.used 0
swapinfo.in 0
swapinfo.out 0
pageinfo.fault 0
pageinfo.majfault 0
pageinfo.in 0
pageinfo.out 0
nettotals.kbin 0
nettotals.pktin 0
nettotals.kbout 0
nettotals.pktout 0
cpuinfo.user.cpu0 100
cpuinfo.nice.cpu0 0
cpuinfo.sys.cpu0 0
cpuinfo.wait.cpu0 0
cpuinfo.irq.cpu0 0
cpuinfo.soft.cpu0 0
cpuinfo.steal.cpu0 0
cpuinfo.idle.cpu0 0
cpuinfo.intrpt.cpu0 0
cputotals.systot.cpu0 0
cputotals.usertot.cpu0 100
cpuinfo.user.cpu1 100
cpuinfo.nice.cpu1 0
cpuinfo.sys.cpu1 0
cpuinfo.wait.cpu1 0
cpuinfo.irq.cpu1 0
cpuinfo.soft.cpu1 0
cpuinfo.steal.cpu1 0
cpuinfo.idle.cpu1 0
cpuinfo.intrpt.cpu1 0
cputotals.systot.cpu1 0
cputotals.usertot.cpu1 100
Bogus data record skipped for NET:enp1s0: data on 20241211 at 17:14:33
sample.time 1733937274.001
cputotals.num 2
cputotals.user 97
cputotals.nice 0
cputotals.sys 0
cputotals.wait 0
cputotals.irq 0
cputotals.soft 0
cputotals.steal 3
cputotals.idle 0
cputotals.systot 3
cputotals.usertot 97
cputotals.total 100
ctxint.ctx 69
ctxint.int 511
proc.creates 0
proc.runq 174
proc.run 2
cpuload.avg1 1.52
cpuload.avg5 0.66
cpuload.avg15 0.60
disktotals.reads 0
disktotals.readkbs 0
disktotals.writes 0
disktotals.writekbs 0
meminfo.tot 4005800
meminfo.used 1054980
meminfo.free 2950820
meminfo.shared 0
meminfo.buf 24120
meminfo.cached 546592
meminfo.slab 77596
meminfo.map 102356
meminfo.anon 344568
meminfo.anonH 0
meminfo.dirty 48
meminfo.locked 27620
meminfo.inactive 181868
meminfo.hugetot 0
meminfo.hugefree 0
meminfo.hugersvd 0
meminfo.sunreclaim 40864
swapinfo.total 2594812
swapinfo.free 2594812
swapinfo.used 0
swapinfo.in 0
swapinfo.out 0
pageinfo.fault 0
pageinfo.majfault 0
pageinfo.in 0
pageinfo.out 0
nettotals.kbin 0
nettotals.pktin 0
nettotals.kbout 0
nettotals.pktout 0
cpuinfo.user.cpu0 100
cpuinfo.nice.cpu0 0
cpuinfo.sys.cpu0 0
cpuinfo.wait.cpu0 0
cpuinfo.irq.cpu0 0
cpuinfo.soft.cpu0 0
cpuinfo.steal.cpu0 0
cpuinfo.idle.cpu0 0
cpuinfo.intrpt.cpu0 0
cputotals.systot.cpu0 0
cputotals.usertot.cpu0 100
cpuinfo.user.cpu1 95
cpuinfo.nice.cpu1 0
cpuinfo.sys.cpu1 0
cpuinfo.wait.cpu1 0
cpuinfo.irq.cpu1 0
cpuinfo.soft.cpu1 0
cpuinfo.steal.cpu1 5
cpuinfo.idle.cpu1 0
cpuinfo.intrpt.cpu1 0
cputotals.systot.cpu1 5
cputotals.usertot.cpu1 95
Bogus data record skipped for NET:enp1s0: data on 20241211 at 17:14:34
sample.time 1733937275.001
cputotals.num 2
cputotals.user 100
cputotals.nice 0
cputotals.sys 0
cputotals.wait 0
cputotals.irq 0
cputotals.soft 0
cputotals.steal 0
cputotals.idle 0
cputotals.systot 0
cputotals.usertot 100
cputotals.total 100
ctxint.ctx 81
ctxint.int 524
proc.creates 0
proc.runq 174
proc.run 2
cpuload.avg1 1.56
cpuload.avg5 0.68
cpuload.avg15 0.61
disktotals.reads 0
disktotals.readkbs 0
disktotals.writes 4
disktotals.writekbs 20
meminfo.tot 4005800
meminfo.used 1054980
meminfo.free 2950820
meminfo.shared 0
meminfo.buf 24128
meminfo.cached 546592
meminfo.slab 77596
meminfo.map 102356
meminfo.anon 344568
meminfo.anonH 0
meminfo.dirty 40
meminfo.locked 27620
meminfo.inactive 181892
meminfo.hugetot 0
meminfo.hugefree 0
meminfo.hugersvd 0
meminfo.sunreclaim 40864
swapinfo.total 2594812
swapinfo.free 2594812
swapinfo.used 0
swapinfo.in 0
swapinfo.out 0
pageinfo.fault 0
pageinfo.majfault 0
pageinfo.in 0
pageinfo.out 20
nettotals.kbin 0
nettotals.pktin 0
nettotals.kbout 0
nettotals.pktout 0
cpuinfo.user.cpu0 100
cpuinfo.nice.cpu0 0
cpuinfo.sys.cpu0 0
cpuinfo.wait.cpu0 0
cpuinfo.irq.cpu0 0
cpuinfo.soft.cpu0 0
cpuinfo.steal.cpu0 0
cpuinfo.idle.cpu0 0
cpuinfo.intrpt.cpu0 0
cputotals.systot.cpu0 0
cputotals.usertot.cpu0 100
cpuinfo.user.cpu1 99
cpuinfo.nice.cpu1 0
cpuinfo.sys.cpu1 0
cpuinfo.wait.cpu1 0
cpuinfo.irq.cpu1 0
cpuinfo.soft.cpu1 0
cpuinfo.steal.cpu1 1
cpuinfo.idle.cpu1 0
cpuinfo.intrpt.cpu1 0
cputotals.systot.cpu1 1
cputotals.usertot.cpu1 99
Bogus data record skipped for NET:enp1s0: data on 20241211 at 17:14:35
sample.time 1733937276.001
cputotals.num 2
cputotals.user 98
cputotals.nice 0
cputotals.sys 0
cputotals.wait 0
cputotals.irq 0
cputotals.soft 0
cputotals.steal 2
cputotals.idle 0
cputotals.systot 2
cputotals.usertot 98
cputotals.total 100
ctxint.ctx 55
ctxint.int 513
proc.creates 0
proc.runq 174
proc.run 2
cpuload.avg1 1.56
cpuload.avg5 0.68
cpuload.avg15 0.61
disktotals.reads 0
disktotals.readkbs 0
disktotals.writes 0
disktotals.writekbs 0
meminfo.tot 4005800
meminfo.used 1054980
meminfo.free 2950820
meminfo.shared 0
meminfo.buf 24128
meminfo.cached 546596
meminfo.slab 77600
meminfo.map 102356
meminfo.anon 344568
meminfo.anonH 0
meminfo.dirty 44
meminfo.locked 27620
meminfo.inactive 181892
meminfo.hugetot 0
meminfo.hugefree 0
meminfo.hugersvd 0
meminfo.sunreclaim 40864
swapinfo.total 2594812
swapinfo.free 2594812
swapinfo.used 0
swapinfo.in 0
swapinfo.out 0
pageinfo.fault 0
pageinfo.majfault 0
pageinfo.in 0
pageinfo.out 0
nettotals.kbin 0
nettotals.pktin 0
nettotals.kbout 0
nettotals.pktout 0
cpuinfo.user.cpu0 100
cpuinfo.nice.cpu0 0
cpuinfo.sys.cpu0 0
cpuinfo.wait.cpu0 0
cpuinfo.irq.cpu0 0
cpuinfo.soft.cpu0 0
cpuinfo.steal.cpu0 0
cpuinfo.idle.cpu0 0
cpuinfo.intrpt.cpu0 0
cputotals.systot.cpu0 0
cputotals.usertot.cpu0 100
cpuinfo.user.cpu1 96
cpuinfo.nice.cpu1 0
cpuinfo.sys.cpu1 0
cpuinfo.wait.cpu1 0
cpuinfo.irq.cpu1 0
cpuinfo.soft.cpu1 0
cpuinfo.steal.cpu1 4
cpuinfo.idle.cpu1 0
cpuinfo.intrpt.cpu1 0
cputotals.systot.cpu1 4
cputotals.usertot.cpu1 96
Bogus data record skipped for NET:enp1s0: data on 20241211 at 17:14:36
sample.time 1733937277.001
cputotals.num 2
cputotals.user 99
cputotals.nice 0
cputotals.sys 0
cputotals.wait 0
cputotals.irq 0
cputotals.soft 0
cputotals.steal 1
cputotals.idle 0
cputotals.systot 1
cputotals.usertot 99
cputotals.total 100
ctxint.ctx 51
ctxint.int 515
proc.creates 0
proc.runq 174
proc.run 2
cpuload.avg1 1.56
cpuload.avg5 0.68
cpuload.avg15 0.61
disktotals.reads 0
disktotals.readkbs 0
disktotals.writes 0
disktotals.writekbs 0
meminfo.tot 4005800
meminfo.used 1054980
meminfo.free 2950820
meminfo.shared 0
meminfo.buf 24128
meminfo.cached 546596
meminfo.slab 77600
meminfo.map 102356
meminfo.anon 344568
meminfo.anonH 0
meminfo.dirty 44
meminfo.locked 27620
meminfo.inactive 181892
meminfo.hugetot 0
meminfo.hugefree 0
meminfo.hugersvd 0
meminfo.sunreclaim 40864
swapinfo.total 2594812
swapinfo.free 2594812
swapinfo.used 0
swapinfo.in 0
swapinfo.out 0
pageinfo.fault 0
pageinfo.majfault 0
pageinfo.in 0
pageinfo.out 0
nettotals.kbin 0
nettotals.pktin 0
nettotals.kbout 0
nettotals.pktout 0
cpuinfo.user.cpu0 100
cpuinfo.nice.cpu0 0
cpuinfo.sys.cpu0 0
cpuinfo.wait.cpu0 0
cpuinfo.irq.cpu0 0
cpuinfo.soft.cpu0 0
cpuinfo.steal.cpu0 0
cpuinfo.idle.cpu0 0
cpuinfo.intrpt.cpu0 0
cputotals.systot.cpu0 0
cputotals.usertot.cpu0 100
cpuinfo.user.cpu1 99
cpuinfo.nice.cpu1 0
cpuinfo.sys.cpu1 0
cpuinfo.wait.cpu1 0
cpuinfo.irq.cpu1 0
cpuinfo.soft.cpu1 0
cpuinfo.steal.cpu1 1
cpuinfo.idle.cpu1 0
cpuinfo.intrpt.cpu1 0
cputotals.systot.cpu1 1
cputotals.usertot.cpu1 99
Bogus data record skipped for NET:enp1s0: data on 20241211 at 17:14:37
sample.time 1733937278.001
cputotals.num 2
cputotals.user 100
cputotals.nice 0
cputotals.sys 0
cputotals.wait 0
cputotals.irq 0
cputotals.soft 0
cputotals.steal 1
cputotals.idle 0
cputotals.systot 1
cputotals.usertot 100
cputotals.total 100
ctxint.ctx 53
ctxint.int 514
proc.creates 0
proc.runq 174
proc.run 2
cpuload.avg1 1.56
cpuload.avg5 0.68
cpuload.avg15 0.61
disktotals.reads 0
disktotals.readkbs 0
disktotals.writes 0
disktotals.writekbs 0
meminfo.tot 4005800
meminfo.used 1054980
meminfo.free 2950820
meminfo.shared 0
meminfo.buf 24128
meminfo.cached 546600
meminfo.slab 77600
meminfo.map 102356
meminfo.anon 344568
meminfo.anonH 0
meminfo.dirty 48
meminfo.locked 27620
meminfo.inactive 181892
meminfo.hugetot 0
meminfo.hugefree 0
meminfo.hugersvd 0
meminfo.sunreclaim 40864
swapinfo.total 2594812
swapinfo.free 2594812
swapinfo.used 0
swapinfo.in 0
swapinfo.out 0
pageinfo.fault 0
pageinfo.majfault 0
pageinfo.in 0
pageinfo.out 0
nettotals.kbin 0
nettotals.pktin 0
nettotals.kbout 0
nettotals.pktout 0
cpuinfo.user.cpu0 100
cpuinfo.nice.cpu0 0
cpuinfo.sys.cpu0 0
cpuinfo.wait.cpu0 0
cpuinfo.irq.cpu0 0
cpuinfo.soft.cpu0 0
cpuinfo.steal.cpu0 0
cpuinfo.idle.cpu0 0
cpuinfo.intrpt.cpu0 0
cputotals.systot.cpu0 0
cputotals.usertot.cpu0 100
cpuinfo.user.cpu1 99
cpuinfo.nice.cpu1 0
cpuinfo.sys.cpu1 0
cpuinfo.wait.cpu1 0
cpuinfo.irq.cpu1 0
cpuinfo.soft.cpu1 0
cpuinfo.steal.cpu1 1
cpuinfo.idle.cpu1 0
cpuinfo.intrpt.cpu1 0
cputotals.systot.cpu1 1
cputotals.usertot.cpu1 99
Bogus data record skipped for NET:enp1s0: data on 20241211 at 17:14:38
sample.time 1733937279.001
cputotals.num 2
cputotals.user 97
cputotals.nice 0
cputotals.sys 0
cputotals.wait 0
cputotals.irq 0
cputotals.soft 0
cputotals.steal 3
cputotals.idle 0
cputotals.systot 3
cputotals.usertot 97
cputotals.total 100
ctxint.ctx 61
ctxint.int 510
proc.creates 0
proc.runq 174
proc.run 2
cpuload.avg1 1.56
cpuload.avg5 0.68
cpuload.avg15 0.61
disktotals.reads 0
disktotals.readkbs 0
disktotals.writes 0
disktotals.writekbs 0
meminfo.tot 4005800
meminfo.used 1054980
meminfo.free 2950820
meminfo.shared 0
meminfo.buf 24128
meminfo.cached 546600
meminfo.slab 77600
meminfo.map 102356
meminfo.anon 344568
meminfo.anonH 0
meminfo.dirty 48
meminfo.locked 27620
meminfo.inactive 181892
meminfo.hugetot 0
meminfo.hugefree 0
meminfo.hugersvd 0
meminfo.sunreclaim 40864
swapinfo.total 2594812
swapinfo.free 2594812
swapinfo.used 0
swapinfo.in 0
swapinfo.out 0
pageinfo.fault 0
pageinfo.majfault 0
pageinfo.in 0
pageinfo.out 0
nettotals.kbin 0
nettotals.pktin 0
nettotals.kbout 0
nettotals.pktout 0
cpuinfo.user.cpu0 99
cpuinfo.nice.cpu0 0
cpuinfo.sys.cpu0 0
cpuinfo.wait.cpu0 0
cpuinfo.irq.cpu0 0
cpuinfo.soft.cpu0 0
cpuinfo.steal.cpu0 1
cpuinfo.idle.cpu0 0
cpuinfo.intrpt.cpu0 0
cputotals.systot.cpu0 1
cputotals.usertot.cpu0 99
cpuinfo.user.cpu1 95
cpuinfo.nice.cpu1 0
cpuinfo.sys.cpu1 0
cpuinfo.wait.cpu1 0
cpuinfo.irq.cpu1 0
cpuinfo.soft.cpu1 0
cpuinfo.steal.cpu1 5
cpuinfo.idle.cpu1 0
cpuinfo.intrpt.cpu1 0
cputotals.systot.cpu1 5
cputotals.usertot.cpu1 95
Bogus data record skipped for NET:enp1s0: data on 20241211 at 17:14:39
sample.time 1733937280.001
cputotals.num 2
cputotals.user 98
cputotals.nice 0
cputotals.sys 0
cputotals.wait 0
cputotals.irq 0
cputotals.soft 0
cputotals.steal 2
cputotals.idle 0
cputotals.systot 2
cputotals.usertot 98
cputotals.total 100
ctxint.ctx 55
ctxint.int 516
proc.creates 0
proc.runq 174
proc.run 2
cpuload.avg1 1.60
cpuload.avg5 0.70
cpuload.avg15 0.62
disktotals.reads 0
disktotals.readkbs 0
disktotals.writes 3
disktotals.writekbs 28
meminfo.tot 4005800
meminfo.used 1054980
meminfo.free 2950820
meminfo.shared 0
meminfo.buf 24136
meminfo.cached 546600
meminfo.slab 77600
meminfo.map 102356
meminfo.anon 344568
meminfo.anonH 0
meminfo.dirty 64
meminfo.locked 27620
meminfo.inactive 181892
meminfo.hugetot 0
meminfo.hugefree 0
meminfo.hugersvd 0
meminfo.sunreclaim 40864
swapinfo.total 2594812
swapinfo.free 2594812
swapinfo.used 0
swapinfo.in 0
swapinfo.out 0
pageinfo.fault 0
pageinfo.majfault 0
pageinfo.in 0
pageinfo.out 28
nettotals.kbin 0
nettotals.pktin 0
nettotals.kbout 0
nettotals.pktout 0
cpuinfo.user.cpu0 100
cpuinfo.nice.cpu0 0
cpuinfo.sys.cpu0 0
cpuinfo.wait.cpu0 0
cpuinfo.irq.cpu0 0
cpuinfo.soft.cpu0 0
cpuinfo.steal.cpu0 0
cpuinfo.idle.cpu0 0
cpuinfo.intrpt.cpu0 0
cputotals.systot.cpu0 0
cputotals.usertot.cpu0 100
cpuinfo.user.cpu1 96
cpuinfo.nice.cpu1 0
cpuinfo.sys.cpu1 0
cpuinfo.wait.cpu1 0
cpuinfo.irq.cpu1 0
cpuinfo.soft.cpu1 0
cpuinfo.steal.cpu1 4
cpuinfo.idle.cpu1 0
cpuinfo.intrpt.cpu1 0
cputotals.systot.cpu1 4
cputotals.usertot.cpu1 96
Bogus data record skipped for NET:enp1s0: data on 20241211 at 17:14:40
sample.time 1733937281.001
cputotals.num 2
cputotals.user 100
cputotals.nice 0
cputotals.sys 0
cputotals.wait 0
cputotals.irq 0
cputotals.soft 0
cputotals.steal 0
cputotals.idle 0
cputotals.systot 0
cputotals.usertot 100
cputotals.total 100
ctxint.ctx 102
ctxint.int 519
proc.creates 0
proc.runq 174
proc.run 2
cpuload.avg1 1.60
cpuload.avg5 0.70
cpuload.avg15 0.62
disktotals.reads 0
disktotals.readkbs 0
disktotals.writes 2
disktotals.writekbs 52
meminfo.tot 4005800
meminfo.used 1054980
meminfo.free 2950820
meminfo.shared 0
meminfo.buf 24136
meminfo.cached 546604
meminfo.slab 77600
meminfo.map 102356
meminfo.anon 344568
meminfo.anonH 0
meminfo.dirty 68
meminfo.locked 27620
meminfo.inactive 181892
meminfo.hugetot 0
meminfo.hugefree 0
meminfo.hugersvd 0
meminfo.sunreclaim 40864
swapinfo.total 2594812
swapinfo.free 2594812
swapinfo.used 0
swapinfo.in 0
swapinfo.out 0
pageinfo.fault 0
pageinfo.majfault 0
pageinfo.in 0
pageinfo.out 52
nettotals.kbin 0
nettotals.pktin 0
nettotals.kbout 0
nettotals.pktout 0
cpuinfo.user.cpu0 100
cpuinfo.nice.cpu0 0
cpuinfo.sys.cpu0 0
cpuinfo.wait.cpu0 0
cpuinfo.irq.cpu0 0
cpuinfo.soft.cpu0 0
cpuinfo.steal.cpu0 0
cpuinfo.idle.cpu0 0
cpuinfo.intrpt.cpu0 0
cputotals.systot.cpu0 0
cputotals.usertot.cpu0 100
cpuinfo.user.cpu1 99
cpuinfo.nice.cpu1 0
cpuinfo.sys.cpu1 0
cpuinfo.wait.cpu1 0
cpuinfo.irq.cpu1 0
cpuinfo.soft.cpu1 0
cpuinfo.steal.cpu1 1
cpuinfo.idle.cpu1 0
cpuinfo.intrpt.cpu1 0
cputotals.systot.cpu1 1
cputotals.usertot.cpu1 99
Bogus data record skipped for NET:enp1s0: data on 20241211 at 17:14:41
sample.time 1733937282.001
cputotals.num 2
cputotals.user 97
cputotals.nice 0
cputotals.sys 0
cputotals.wait 0
cputotals.irq 0
cputotals.soft 0
cputotals.steal 3
cputotals.idle 0
cputotals.systot 3
cputotals.usertot 97
cputotals.total 100
ctxint.ctx 76
ctxint.int 502
proc.creates 0
proc.runq 174
proc.run 2
cpuload.avg1 1.60
cpuload.avg5 0.70
cpuload.avg15 0.62
disktotals.reads 0
disktotals.readkbs 0
disktotals.writes 0
disktotals.writekbs 0
meminfo.tot 4005800
meminfo.used 1054980
meminfo.free 2950820
meminfo.shared 0
meminfo.buf 24136
meminfo.cached 546604
meminfo.slab 77600
meminfo.map 102356
meminfo.anon 344568
meminfo.anonH 0
meminfo.dirty 20
meminfo.locked 27620
meminfo.inactive 181904
meminfo.hugetot 0
meminfo.hugefree 0
meminfo.hugersvd 0
meminfo.sunreclaim 40864
swapinfo.total 2594812
swapinfo.free 2594812
swapinfo.used 0
swapinfo.in 0
swapinfo.out 0
pageinfo.fault 0
pageinfo.majfault 0
pageinfo.in 0
pageinfo.out 0
nettotals.kbin 0
nettotals.pktin 0
nettotals.kbout 0
nettotals.pktout 0
cpuinfo.user.cpu0 100
cpuinfo.nice.cpu0 0
cpuinfo.sys.cpu0 0
cpuinfo.wait.cpu0 0
cpuinfo.irq.cpu0 0
cpuinfo.soft.cpu0 0
cpuinfo.steal.cpu0 0
cpuinfo.idle.cpu0 0
cpuinfo.intrpt.cpu0 0
cputotals.systot.cpu0 0
cputotals.usertot.cpu0 100
cpuinfo.user.cpu1 94
cpuinfo.nice.cpu1 0
cpuinfo.sys.cpu1 0
cpuinfo.wait.cpu1 0
cpuinfo.irq.cpu1 0
cpuinfo.soft.cpu1 0
cpuinfo.steal.cpu1 6
cpuinfo.idle.cpu1 0
cpuinfo.intrpt.cpu1 0
cputotals.systot.cpu1 6
cputotals.usertot.cpu1 94
Bogus data record skipped for NET:enp1s0: data on 20241211 at 17:14:42
sample.time 1733937283.001
cputotals.num 2
cputotals.user 100
cputotals.nice 0
cputotals.sys 0
cputotals.wait 0
cputotals.irq 0
cputotals.soft 0
cputotals.steal 0
cputotals.idle 0
cputotals.systot 0
cputotals.usertot 100
cputotals.total 100
ctxint.ctx 60
ctxint.int 520
proc.creates 0
proc.runq 174
proc.run 2
cpuload.avg1 1.60
cpuload.avg5 0.70
cpuload.avg15 0.62
disktotals.reads 0
disktotals.readkbs 0
disktotals.writes 0
disktotals.writekbs 0
meminfo.tot 4005800
meminfo.used 1054980
meminfo.free 2950820
meminfo.shared 0
meminfo.buf 24136
meminfo.cached 546604
meminfo.slab 77600
meminfo.map 102356
meminfo.anon 344568
meminfo.anonH 0
meminfo.dirty 20
meminfo.locked 27620
meminfo.inactive 181904
meminfo.hugetot 0
meminfo.hugefree 0
meminfo.hugersvd 0
meminfo.sunreclaim 40864
swapinfo.total 2594812
swapinfo.free 2594812
swapinfo.used 0
swapinfo.in 0
swapinfo.out 0
pageinfo.fault 0
pageinfo.majfault 0
pageinfo.in 0
pageinfo.out 0
nettotals.kbin 0
nettotals.pktin 0
nettotals.kbout 0
nettotals.pktout 0
cpuinfo.user.cpu0 100
cpuinfo.nice.cpu0 0
cpuinfo.sys.cpu0 0
cpuinfo.wait.cpu0 0
cpuinfo.irq.cpu0 0
cpuinfo.soft.cpu0 0
cpuinfo.steal.cpu0 0
cpuinfo.idle.cpu0 0
cpuinfo.intrpt.cpu0 0
cputotals.systot.cpu0 0
cputotals.usertot.cpu0 100
cpuinfo.user.cpu1 100
cpuinfo.nice.cpu1 0
cpuinfo.sys.cpu1 0
cpuinfo.wait.cpu1 0
cpuinfo.irq.cpu1 0
cpuinfo.soft.cpu1 0
cpuinfo.steal.cpu1 0
cpuinfo.idle.cpu1 0
cpuinfo.intrpt.cpu1 0
cputotals.systot.cpu1 0
cputotals.usertot.cpu1 100
Bogus data record skipped for NET:enp1s0: data on 20241211 at 17:14:43
sample.time 1733937284.001
cputotals.num 2
cputotals.user 100
cputotals.nice 0
cputotals.sys 0
cputotals.wait 0
cputotals.irq 0
cputotals.soft 0
cputotals.steal 0
cputotals.idle 0
cputotals.systot 0
cputotals.usertot 100
cputotals.total 100
ctxint.ctx 53
ctxint.int 515
proc.creates 0
proc.runq 174
proc.run 2
cpuload.avg1 1.60
cpuload.avg5 0.70
cpuload.avg15 0.62
disktotals.reads 0
disktotals.readkbs 0
disktotals.writes 0
disktotals.writekbs 0
meminfo.tot 4005800
meminfo.used 1054980
meminfo.free 2950820
meminfo.shared 0
meminfo.buf 24136
meminfo.cached 546608
meminfo.slab 77600
meminfo.map 102356
meminfo.anon 344568
meminfo.anonH 0
meminfo.dirty 24
meminfo.locked 27620
meminfo.inactive 181904
meminfo.hugetot 0
meminfo.hugefree 0
meminfo.hugersvd 0
meminfo.sunreclaim 40864
swapinfo.total 2594812
swapinfo.free 2594812
swapinfo.used 0
swapinfo.in 0
swapinfo.out 0
pageinfo.fault 0
pageinfo.majfault 0
pageinfo.in 0
pageinfo.out 0
nettotals.kbin 0
nettotals.pktin 0
nettotals.kbout 0
nettotals.pktout 0
cpuinfo.user.cpu0 100
cpuinfo.nice.cpu0 0
cpuinfo.sys.cpu0 0
cpuinfo.wait.cpu0 0
cpuinfo.irq.cpu0 0
cpuinfo.soft.cpu0 0
cpuinfo.steal.cpu0 0
cpuinfo.idle.cpu0 0
cpuinfo.intrpt.cpu0 0
cputotals.systot.cpu0 0
cputotals.usertot.cpu0 100
cpuinfo.user.cpu1 99
cpuinfo.nice.cpu1 0
cpuinfo.sys.cpu1 0
cpuinfo.wait.cpu1 0
cpuinfo.irq.cpu1 0
cpuinfo.soft.cpu1 0
cpuinfo.steal.cpu1 1
cpuinfo.idle.cpu1 0
cpuinfo.intrpt.cpu1 0
cputotals.systot.cpu1 1
cputotals.usertot.cpu1 99
Bogus data record skipped for NET:enp1s0: data on 20241211 at 17:14:44
sample.time 1733937285.001
cputotals.num 2
cputotals.user 100
cputotals.nice 0
cputotals.sys 0
cputotals.wait 0
cputotals.irq 0
cputotals.soft 0
cputotals.steal 1
cputotals.idle 0
cputotals.systot 1
cputotals.usertot 100
cputotals.total 100
ctxint.ctx 79
ctxint.int 523
proc.creates 0
proc.runq 174
proc.run 2
cpuload.avg1 1.63
cpuload.avg5 0.73
cpuload.avg15 0.62
disktotals.reads 0
disktotals.readkbs 0
disktotals.writes 8
disktotals.writekbs 44
meminfo.tot 4005800
meminfo.used 1054980
meminfo.free 2950820
meminfo.shared 0
meminfo.buf 24144
meminfo.cached 546608
meminfo.slab 77600
meminfo.map 102356
meminfo.anon 344568
meminfo.anonH 0
meminfo.dirty 8
meminfo.locked 27620
meminfo.inactive 181908
meminfo.hugetot 0
meminfo.hugefree 0
meminfo.hugersvd 0
meminfo.sunreclaim 40864
swapinfo.total 2594812
swapinfo.free 2594812
swapinfo.used 0
swapinfo.in 0
swapinfo.out 0
pageinfo.fault 0
pageinfo.majfault 0
pageinfo.in 0
pageinfo.out 44
nettotals.kbin 0
nettotals.pktin 0
nettotals.kbout 0
nettotals.pktout 0
cpuinfo.user.cpu0 100
cpuinfo.nice.cpu0 0
cpuinfo.sys.cpu0 0
cpuinfo.wait.cpu0 0
cpuinfo.irq.cpu0 0
cpuinfo.soft.cpu0 0
cpuinfo.steal.cpu0 0
cpuinfo.idle.cpu0 0
cpuinfo.intrpt.cpu0 0
cputotals.systot.cpu0 0
cputotals.usertot.cpu0 100
cpuinfo.user.cpu1 100
cpuinfo.nice.cpu1 0
cpuinfo.sys.cpu1 0
cpuinfo.wait.cpu1 0
cpuinfo.irq.cpu1 0
cpuinfo.soft.cpu1 0
cpuinfo.steal.cpu1 0
cpuinfo.idle.cpu1 0
cpuinfo.intrpt.cpu1 0
cputotals.systot.cpu1 0
cputotals.usertot.cpu1 100
Bogus data record skipped for NET:enp1s0: data on 20241211 at 17:14:45
sample.time 1733937286.001
cputotals.num 2
cputotals.user 100
cputotals.nice 0
cputotals.sys 0
cputotals.wait 0
cputotals.irq 0
cputotals.soft 0
cputotals.steal 0
cputotals.idle 0
cputotals.systot 0
cputotals.usertot 100
cputotals.total 100
ctxint.ctx 49
ctxint.int 516
proc.creates 0
proc.runq 174
proc.run 2
cpuload.avg1 1.63
cpuload.avg5 0.73
cpuload.avg15 0.62
disktotals.reads 0
disktotals.readkbs 0
disktotals.writes 0
disktotals.writekbs 0
meminfo.tot 4005800
meminfo.used 1054980
meminfo.free 2950820
meminfo.shared 0
meminfo.buf 24144
meminfo.cached 546612
meminfo.slab 77600
meminfo.map 102356
meminfo.anon 344568
meminfo.anonH 0
meminfo.dirty 12
meminfo.locked 27620
meminfo.inactive 181912
meminfo.hugetot 0
meminfo.hugefree 0
meminfo.hugersvd 0
meminfo.sunreclaim 40864
swapinfo.total 2594812
swapinfo.free 2594812
swapinfo.used 0
swapinfo.in 0
swapinfo.out 0
pageinfo.fault 0
pageinfo.majfault 0
pageinfo.in 0
pageinfo.out 0
nettotals.kbin 0
nettotals.pktin 0
nettotals.kbout 0
nettotals.pktout 0
cpuinfo.user.cpu0 100
cpuinfo.nice.cpu0 0
cpuinfo.sys.cpu0 0
cpuinfo.wait.cpu0 0
cpuinfo.irq.cpu0 0
cpuinfo.soft.cpu0 0
cpuinfo.steal.cpu0 0
cpuinfo.idle.cpu0 0
cpuinfo.intrpt.cpu0 0
cputotals.systot.cpu0 0
cputotals.usertot.cpu0 100
cpuinfo.user.cpu1 99
cpuinfo.nice.cpu1 0
cpuinfo.sys.cpu1 0
cpuinfo.wait.cpu1 0
cpuinfo.irq.cpu1 0
cpuinfo.soft.cpu1 0
cpuinfo.steal.cpu1 1
cpuinfo.idle.cpu1 0
cpuinfo.intrpt.cpu1 0
cputotals.systot.cpu1 1
cputotals.usertot.cpu1 99
Bogus data record skipped for NET:enp1s0: data on 20241211 at 17:14:46
sample.time 1733937287.001
cputotals.num 2
cputotals.user 100
cputotals.nice 0
cputotals.sys 0
cputotals.wait 0
cputotals.irq 0
cputotals.soft 0
cputotals.steal 1
cputotals.idle 0
cputotals.systot 1
cputotals.usertot 100
cputotals.total 100
ctxint.ctx 88
ctxint.int 519
proc.creates 0
proc.runq 174
proc.run 2
cpuload.avg1 1.63
cpuload.avg5 0.73
cpuload.avg15 0.62
disktotals.reads 0
disktotals.readkbs 0
disktotals.writes 0
disktotals.writekbs 0
meminfo.tot 4005800
meminfo.used 1054980
meminfo.free 2950820
meminfo.shared 0
meminfo.buf 24144
meminfo.cached 546612
meminfo.slab 77600
meminfo.map 102356
meminfo.anon 344568
meminfo.anonH 0
meminfo.dirty 12
meminfo.locked 27620
meminfo.inactive 181912
meminfo.hugetot 0
meminfo.hugefree 0
meminfo.hugersvd 0
meminfo.sunreclaim 40864
swapinfo.total 2594812
swapinfo.free 2594812
swapinfo.used 0
swapinfo.in 0
swapinfo.out 0
pageinfo.fault 0
pageinfo.majfault 0
pageinfo.in 0
pageinfo.out 0
nettotals.kbin 0
nettotals.pktin 0
nettotals.kbout 0
nettotals.pktout 0
cpuinfo.user.cpu0 100
cpuinfo.nice.cpu0 0
cpuinfo.sys.cpu0 0
cpuinfo.wait.cpu0 0
cpuinfo.irq.cpu0 0
cpuinfo.soft.cpu0 0
cpuinfo.steal.cpu0 0
cpuinfo.idle.cpu0 0
cpuinfo.intrpt.cpu0 0
cputotals.systot.cpu0 0
cputotals.usertot.cpu0 100
cpuinfo.user.cpu1 99
cpuinfo.nice.cpu1 0
cpuinfo.sys.cpu1 0
cpuinfo.wait.cpu1 0
cpuinfo.irq.cpu1 0
cpuinfo.soft.cpu1 0
cpuinfo.steal.cpu1 1
cpuinfo.idle.cpu1 0
cpuinfo.intrpt.cpu1 0
cputotals.systot.cpu1 1
cputotals.usertot.cpu1 99
Bogus data record skipped for NET:enp1s0: data on 20241211 at 17:14:47
sample.time 1733937288.001
cputotals.num 2
cputotals.user 97
cputotals.nice 0
cputotals.sys 0
cputotals.wait 0
cputotals.irq 0
cputotals.soft 0
cputotals.steal 3
cputotals.idle 0
cputotals.systot 3
cputotals.usertot 97
cputotals.total 100
ctxint.ctx 92
ctxint.int 508
proc.creates 0
proc.runq 174
proc.run 2
cpuload.avg1 1.63
cpuload.avg5 0.73
cpuload.avg15 0.62
disktotals.reads 0
disktotals.readkbs 0
disktotals.writes 0
disktotals.writekbs 0
meminfo.tot 4005800
meminfo.used 1054980
meminfo.free 2950820
meminfo.shared 0
meminfo.buf 24144
meminfo.cached 546612
meminfo.slab 77600
meminfo.map 102356
meminfo.anon 344568
meminfo.anonH 0
meminfo.dirty 12
meminfo.locked 27620
meminfo.inactive 181912
meminfo.hugetot 0
meminfo.hugefree 0
meminfo.hugersvd 0
meminfo.sunreclaim 40864
swapinfo.total 2594812
swapinfo.free 2594812
swapinfo.used 0
swapinfo.in 0
swapinfo.out 0
pageinfo.fault 0
pageinfo.majfault 0
pageinfo.in 0
pageinfo.out 0
nettotals.kbin 0
nettotals.pktin 0
nettotals.kbout 0
nettotals.pktout 0
cpuinfo.user.cpu0 100
cpuinfo.nice.cpu0 0
cpuinfo.sys.cpu0 0
cpuinfo.wait.cpu0 0
cpuinfo.irq.cpu0 0
cpuinfo.soft.cpu0 0
cpuinfo.steal.cpu0 0
cpuinfo.idle.cpu0 0
cpuinfo.intrpt.cpu0 0
cputotals.systot.cpu0 0
cputotals.usertot.cpu0 100
cpuinfo.user.cpu1 95
cpuinfo.nice.cpu1 0
cpuinfo.sys.cpu1 0
cpuinfo.wait.cpu1 0
cpuinfo.irq.cpu1 0
cpuinfo.soft.cpu1 0
cpuinfo.steal.cpu1 5
cpuinfo.idle.cpu1 0
cpuinfo.intrpt.cpu1 0
cputotals.systot.cpu1 5
cputotals.usertot.cpu1 95
Bogus data record skipped for NET:enp1s0: data on 20241211 at 17:14:48
sample.time 1733937289.001
cputotals.num 2
cputotals.user 100
cputotals.nice 0
cputotals.sys 0
cputotals.wait 0
cputotals.irq 0
cputotals.soft 0
cputotals.steal 0
cputotals.idle 0
cputotals.systot 0
cputotals.usertot 100
cputotals.total 100
ctxint.ctx 63
ctxint.int 516
proc.creates 0
proc.runq 174
proc.run 2
cpuload.avg1 1.63
cpuload.avg5 0.73
cpuload.avg15 0.62
disktotals.reads 0
disktotals.readkbs 0
disktotals.writes 0
disktotals.writekbs 0
meminfo.tot 4005800
meminfo.used 1054980
meminfo.free 2950820
meminfo.shared 0
meminfo.buf 24144
meminfo.cached 546616
meminfo.slab 77600
meminfo.map 102356
meminfo.anon 344568
meminfo.anonH 0
meminfo.dirty 16
meminfo.locked 27620
meminfo.inactive 181912
meminfo.hugetot 0
meminfo.hugefree 0
meminfo.hugersvd 0
meminfo.sunreclaim 40864
swapinfo.total 2594812
swapinfo.free 2594812
swapinfo.used 0
swapinfo.in 0
swapinfo.out 0
pageinfo.fault 0
pageinfo.majfault 0
pageinfo.in 0
pageinfo.out 0
nettotals.kbin 0
nettotals.pktin 0
nettotals.kbout 0
nettotals.pktout 0
cpuinfo.user.cpu0 99
cpuinfo.nice.cpu0 0
cpuinfo.sys.cpu0 0
cpuinfo.wait.cpu0 0
cpuinfo.irq.cpu0 0
cpuinfo.soft.cpu0 0
cpuinfo.steal.cpu0 1
cpuinfo.idle.cpu0 0
cpuinfo.intrpt.cpu0 0
cputotals.systot.cpu0 1
cputotals.usertot.cpu0 99
cpuinfo.user.cpu1 100
cpuinfo.nice.cpu1 0
cpuinfo.sys.cpu1 0
cpuinfo.wait.cpu1 0
cpuinfo.irq.cpu1 0
cpuinfo.soft.cpu1 0
cpuinfo.steal.cpu1 0
cpuinfo.idle.cpu1 0
cpuinfo.intrpt.cpu1 0
cputotals.systot.cpu1 0
cputotals.usertot.cpu1 100
Bogus data record skipped for NET:enp1s0: data on 20241211 at 17:14:49
sample.time 1733937290.001
cputotals.num 2
cputotals.user 98
cputotals.nice 0
cputotals.sys 0
cputotals.wait 0
cputotals.irq 0
cputotals.soft 0
cputotals.steal 3
cputotals.idle 0
cputotals.systot 3
cputotals.usertot 98
cputotals.total 100
ctxint.ctx 66
ctxint.int 512
proc.creates 0
proc.runq 174
proc.run 2
cpuload.avg1 1.66
cpuload.avg5 0.75
cpuload.avg15 0.63
disktotals.reads 0
disktotals.readkbs 0
disktotals.writes 3
disktotals.writekbs 12
meminfo.tot 4005800
meminfo.used 1054980
meminfo.free 2950820
meminfo.shared 0
meminfo.buf 24152
meminfo.cached 546616
meminfo.slab 77600
meminfo.map 102356
meminfo.anon 344568
meminfo.anonH 0
meminfo.dirty 16
meminfo.locked 27620
meminfo.inactive 181912
meminfo.hugetot 0
meminfo.hugefree 0
meminfo.hugersvd 0
meminfo.sunreclaim 40864
swapinfo.total 2594812
swapinfo.free 2594812
swapinfo.used 0
swapinfo.in 0
swapinfo.out 0
pageinfo.fault 0
pageinfo.majfault 0
pageinfo.in 0
pageinfo.out 12
nettotals.kbin 0
nettotals.pktin 0
nettotals.kbout 0
nettotals.pktout 0
cpuinfo.user.cpu0 100
cpuinfo.nice.cpu0 0
cpuinfo.sys.cpu0 0
cpuinfo.wait.cpu0 0
cpuinfo.irq.cpu0 0
cpuinfo.soft.cpu0 0
cpuinfo.steal.cpu0 0
cpuinfo.idle.cpu0 0
cpuinfo.intrpt.cpu0 0
cputotals.systot.cpu0 0
cputotals.usertot.cpu0 100
cpuinfo.user.cpu1 95
cpuinfo.nice.cpu1 0
cpuinfo.sys.cpu1 0
cpuinfo.wait.cpu1 0
cpuinfo.irq.cpu1 0
cpuinfo.soft.cpu1 0
cpuinfo.steal.cpu1 5
cpuinfo.idle.cpu1 0
cpuinfo.intrpt.cpu1 0
cputotals.systot.cpu1 5
cputotals.usertot.cpu1 95
Bogus data record skipped for NET:enp1s0: data on 20241211 at 17:14:50
sample.time 1733937291.001
cputotals.num 2
cputotals.user 100
cputotals.nice 0
cputotals.sys 0
cputotals.wait 0
cputotals.irq 0
cputotals.soft 0
cputotals.steal 0
cputotals.idle 0
cputotals.systot 0
cputotals.usertot 100
cputotals.total 100
ctxint.ctx 57
ctxint.int 517
proc.creates 0
proc.runq 174
proc.run 2
cpuload.avg1 1.66
cpuload.avg5 0.75
cpuload.avg15 0.63
disktotals.reads 0
disktotals.readkbs 0
disktotals.writes 0
disktotals.writekbs 0
meminfo.tot 4005800
meminfo.used 1054980
meminfo.free 2950820
meminfo.shared 0
meminfo.buf 24152
meminfo.cached 546620
meminfo.slab 77600
meminfo.map 102356
meminfo.anon 344568
meminfo.anonH 0
meminfo.dirty 20
meminfo.locked 27620
meminfo.inactive 181912
meminfo.hugetot 0
meminfo.hugefree 0
meminfo.hugersvd 0
meminfo.sunreclaim 40864
swapinfo.total 2594812
swapinfo.free 2594812
swapinfo.used 0
swapinfo.in 0
swapinfo.out 0
pageinfo.fault 0
pageinfo.majfault 0
pageinfo.in 0
pageinfo.out 0
nettotals.kbin 0
nettotals.pktin 0
nettotals.kbout 0
nettotals.pktout 0
cpuinfo.user.cpu0 100
cpuinfo.nice.cpu0 0
cpuinfo.sys.cpu0 0
cpuinfo.wait.cpu0 0
cpuinfo.irq.cpu0 0
cpuinfo.soft.cpu0 0
cpuinfo.steal.cpu0 0
cpuinfo.idle.cpu0 0
cpuinfo.intrpt.cpu0 0
cputotals.systot.cpu0 0
cputotals.usertot.cpu0 100
cpuinfo.user.cpu1 100
cpuinfo.nice.cpu1 0
cpuinfo.sys.cpu1 0
cpuinfo.wait.cpu1 0
cpuinfo.irq.cpu1 0
cpuinfo.soft.cpu1 0
cpuinfo.steal.cpu1 0
cpuinfo.idle.cpu1 0
cpuinfo.intrpt.cpu1 0
cputotals.systot.cpu1 0
cputotals.usertot.cpu1 100
Bogus data record skipped for NET:enp1s0: data on 20241211 at 17:14:51
sample.time 1733937292.001
cputotals.num 2
cputotals.user 100
cputotals.nice 0
cputotals.sys 0
cputotals.wait 0
cputotals.irq 0
cputotals.soft 0
cputotals.steal 0
cputotals.idle 0
cputotals.systot 0
cputotals.usertot 100
cputotals.total 100
ctxint.ctx 52
ctxint.int 516
proc.creates 0
proc.runq 174
proc.run 2
cpuload.avg1 1.66
cpuload.avg5 0.75
cpuload.avg15 0.63
disktotals.reads 0
disktotals.readkbs 0
disktotals.writes 0
disktotals.writekbs 0
meminfo.tot 4005800
meminfo.used 1054980
meminfo.free 2950820
meminfo.shared 0
meminfo.buf 24152
meminfo.cached 546620
meminfo.slab 77600
meminfo.map 102356
meminfo.anon 344568
meminfo.anonH 0
meminfo.dirty 20
meminfo.locked 27620
meminfo.inactive 181912
meminfo.hugetot 0
meminfo.hugefree 0
meminfo.hugersvd 0
meminfo.sunreclaim 40864
swapinfo.total 2594812
swapinfo.free 2594812
swapinfo.used 0
swapinfo.in 0
swapinfo.out 0
pageinfo.fault 0
pageinfo.majfault 0
pageinfo.in 0
pageinfo.out 0
nettotals.kbin 0
nettotals.pktin 0
nettotals.kbout 0
nettotals.pktout 0
cpuinfo.user.cpu0 100
cpuinfo.nice.cpu0 0
cpuinfo.sys.cpu0 0
cpuinfo.wait.cpu0 0
cpuinfo.irq.cpu0 0
cpuinfo.soft.cpu0 0
cpuinfo.steal.cpu0 0
cpuinfo.idle.cpu0 0
cpuinfo.intrpt.cpu0 0
cputotals.systot.cpu0 0
cputotals.usertot.cpu0 100
cpuinfo.user.cpu1 100
cpuinfo.nice.cpu1 0
cpuinfo.sys.cpu1 0
cpuinfo.wait.cpu1 0
cpuinfo.irq.cpu1 0
cpuinfo.soft.cpu1 0
cpuinfo.steal.cpu1 0
cpuinfo.idle.cpu1 0
cpuinfo.intrpt.cpu1 0
cputotals.systot.cpu1 0
cputotals.usertot.cpu1 100
Bogus data record skipped for NET:enp1s0: data on 20241211 at 17:14:52
sample.time 1733937293.001
cputotals.num 2
cputotals.user 100
cputotals.nice 0
cputotals.sys 0
cputotals.wait 0
cputotals.irq 0
cputotals.soft 0
cputotals.steal 0
cputotals.idle 0
cputotals.systot 0
cputotals.usertot 100
cputotals.total 100
ctxint.ctx 65
ctxint.int 517
proc.creates 0
proc.runq 174
proc.run 2
cpuload.avg1 1.66
cpuload.avg5 0.75
cpuload.avg15 0.63
disktotals.reads 0
disktotals.readkbs 0
disktotals.writes 0
disktotals.writekbs 0
meminfo.tot 4005800
meminfo.used 1054980
meminfo.free 2950820
meminfo.shared 0
meminfo.buf 24152
meminfo.cached 546620
meminfo.slab 77600
meminfo.map 102356
meminfo.anon 344568
meminfo.anonH 0
meminfo.dirty 20
meminfo.locked 27620
meminfo.inactive 181912
meminfo.hugetot 0
meminfo.hugefree 0
meminfo.hugersvd 0
meminfo.sunreclaim 40864
swapinfo.total 2594812
swapinfo.free 2594812
swapinfo.used 0
swapinfo.in 0
swapinfo.out 0
pageinfo.fault 0
pageinfo.majfault 0
pageinfo.in 0
pageinfo.out 0
nettotals.kbin 0
nettotals.pktin 0
nettotals.kbout 0
nettotals.pktout 0
cpuinfo.user.cpu0 100
cpuinfo.nice.cpu0 0
cpuinfo.sys.cpu0 0
cpuinfo.wait.cpu0 0
cpuinfo.irq.cpu0 0
cpuinfo.soft.cpu0 0
cpuinfo.steal.cpu0 0
cpuinfo.idle.cpu0 0
cpuinfo.intrpt.cpu0 0
cputotals.systot.cpu0 0
cputotals.usertot.cpu0 100
cpuinfo.user.cpu1 100
cpuinfo.nice.cpu1 0
cpuinfo.sys.cpu1 0
cpuinfo.wait.cpu1 0
cpuinfo.irq.cpu1 0
cpuinfo.soft.cpu1 0
cpuinfo.steal.cpu1 0
cpuinfo.idle.cpu1 0
cpuinfo.intrpt.cpu1 0
cputotals.systot.cpu1 0
cputotals.usertot.cpu1 100
Bogus data record skipped for NET:enp1s0: data on 20241211 at 17:14:53
sample.time 1733937294.001
cputotals.num 2
cputotals.user 100
cputotals.nice 0
cputotals.sys 0
cputotals.wait 0
cputotals.irq 0
cputotals.soft 0
cputotals.steal 0
cputotals.idle 0
cputotals.systot 0
cputotals.usertot 100
cputotals.total 100
ctxint.ctx 82
ctxint.int 520
proc.creates 0
proc.runq 174
proc.run 2
cpuload.avg1 1.66
cpuload.avg5 0.75
cpuload.avg15 0.63
disktotals.reads 0
disktotals.readkbs 0
disktotals.writes 0
disktotals.writekbs 0
meminfo.tot 4005800
meminfo.used 1054980
meminfo.free 2950820
meminfo.shared 0
meminfo.buf 24152
meminfo.cached 546624
meminfo.slab 77600
meminfo.map 102356
meminfo.anon 344568
meminfo.anonH 0
meminfo.dirty 24
meminfo.locked 27620
meminfo.inactive 181912
meminfo.hugetot 0
meminfo.hugefree 0
meminfo.hugersvd 0
meminfo.sunreclaim 40864
swapinfo.total 2594812
swapinfo.free 2594812
swapinfo.used 0
swapinfo.in 0
swapinfo.out 0
pageinfo.fault 0
pageinfo.majfault 0
pageinfo.in 0
pageinfo.out 0
nettotals.kbin 0
nettotals.pktin 0
nettotals.kbout 0
nettotals.pktout 0
cpuinfo.user.cpu0 100
cpuinfo.nice.cpu0 0
cpuinfo.sys.cpu0 0
cpuinfo.wait.cpu0 0
cpuinfo.irq.cpu0 0
cpuinfo.soft.cpu0 0
cpuinfo.steal.cpu0 0
cpuinfo.idle.cpu0 0
cpuinfo.intrpt.cpu0 0
cputotals.systot.cpu0 0
cputotals.usertot.cpu0 100
cpuinfo.user.cpu1 100
cpuinfo.nice.cpu1 0
cpuinfo.sys.cpu1 0
cpuinfo.wait.cpu1 0
cpuinfo.irq.cpu1 0
cpuinfo.soft.cpu1 0
cpuinfo.steal.cpu1 0
cpuinfo.idle.cpu1 0
cpuinfo.intrpt.cpu1 0
cputotals.systot.cpu1 0
cputotals.usertot.cpu1 100
Bogus data record skipped for NET:enp1s0: data on 20241211 at 17:14:54
sample.time 1733937295.001
cputotals.num 2
cputotals.user 100
cputotals.nice 0
cputotals.sys 0
cputotals.wait 0
cputotals.irq 0
cputotals.soft 0
cputotals.steal 0
cputotals.idle 0
cputotals.systot 0
cputotals.usertot 100
cputotals.total 100
ctxint.ctx 95
ctxint.int 523
proc.creates 0
proc.runq 174
proc.run 2
cpuload.avg1 1.69
cpuload.avg5 0.77
cpuload.avg15 0.64
disktotals.reads 0
disktotals.readkbs 0
disktotals.writes 3
disktotals.writekbs 12
meminfo.tot 4005800
meminfo.used 1054980
meminfo.free 2950820
meminfo.shared 0
meminfo.buf 24160
meminfo.cached 546624
meminfo.slab 77600
meminfo.map 102356
meminfo.anon 344568
meminfo.anonH 0
meminfo.dirty 24
meminfo.locked 27620
meminfo.inactive 181912
meminfo.hugetot 0
meminfo.hugefree 0
meminfo.hugersvd 0
meminfo.sunreclaim 40864
swapinfo.total 2594812
swapinfo.free 2594812
swapinfo.used 0
swapinfo.in 0
swapinfo.out 0
pageinfo.fault 0
pageinfo.majfault 0
pageinfo.in 0
pageinfo.out 12
nettotals.kbin 0
nettotals.pktin 0
nettotals.kbout 0
nettotals.pktout 0
cpuinfo.user.cpu0 100
cpuinfo.nice.cpu0 0
cpuinfo.sys.cpu0 0
cpuinfo.wait.cpu0 0
cpuinfo.irq.cpu0 0
cpuinfo.soft.cpu0 0
cpuinfo.steal.cpu0 0
cpuinfo.idle.cpu0 0
cpuinfo.intrpt.cpu0 0
cputotals.systot.cpu0 0
cputotals.usertot.cpu0 100
cpuinfo.user.cpu1 100
cpuinfo.nice.cpu1 0
cpuinfo.sys.cpu1 0
cpuinfo.wait.cpu1 0
cpuinfo.irq.cpu1 0
cpuinfo.soft.cpu1 0
cpuinfo.steal.cpu1 0
cpuinfo.idle.cpu1 0
cpuinfo.intrpt.cpu1 0
cputotals.systot.cpu1 0
cputotals.usertot.cpu1 100
Bogus data record skipped for NET:enp1s0: data on 20241211 at 17:14:55
sample.time 1733937296.001
cputotals.num 2
cputotals.user 100
cputotals.nice 0
cputotals.sys 0
cputotals.wait 0
cputotals.irq 0
cputotals.soft 0
cputotals.steal 0
cputotals.idle 0
cputotals.systot 0
cputotals.usertot 100
cputotals.total 100
ctxint.ctx 58
ctxint.int 517
proc.creates 0
proc.runq 174
proc.run 2
cpuload.avg1 1.69
cpuload.avg5 0.77
cpuload.avg15 0.64
disktotals.reads 0
disktotals.readkbs 0
disktotals.writes 0
disktotals.writekbs 0
meminfo.tot 4005800
meminfo.used 1054980
meminfo.free 2950820
meminfo.shared 0
meminfo.buf 24160
meminfo.cached 546624
meminfo.slab 77600
meminfo.map 102356
meminfo.anon 344568
meminfo.anonH 0
meminfo.dirty 24
meminfo.locked 27620
meminfo.inactive 181912
meminfo.hugetot 0
meminfo.hugefree 0
meminfo.hugersvd 0
meminfo.sunreclaim 40864
swapinfo.total 2594812
swapinfo.free 2594812
swapinfo.used 0
swapinfo.in 0
swapinfo.out 0
pageinfo.fault 0
pageinfo.majfault 0
pageinfo.in 0
pageinfo.out 0
nettotals.kbin 0
nettotals.pktin 0
nettotals.kbout 0
nettotals.pktout 0
cpuinfo.user.cpu0 100
cpuinfo.nice.cpu0 0
cpuinfo.sys.cpu0 0
cpuinfo.wait.cpu0 0
cpuinfo.irq.cpu0 0
cpuinfo.soft.cpu0 0
cpuinfo.steal.cpu0 0
cpuinfo.idle.cpu0 0
cpuinfo.intrpt.cpu0 0
cputotals.systot.cpu0 0
cputotals.usertot.cpu0 100
cpuinfo.user.cpu1 100
cpuinfo.nice.cpu1 0
cpuinfo.sys.cpu1 0
cpuinfo.wait.cpu1 0
cpuinfo.irq.cpu1 0
cpuinfo.soft.cpu1 0
cpuinfo.steal.cpu1 0
cpuinfo.idle.cpu1 0
cpuinfo.intrpt.cpu1 0
cputotals.systot.cpu1 0
cputotals.usertot.cpu1 100
Bogus data record skipped for NET:enp1s0: data on 20241211 at 17:14:56
sample.time 1733937297.001
cputotals.num 2
cputotals.user 99
cputotals.nice 0
cputotals.sys 0
cputotals.wait 0
cputotals.irq 0
cputotals.soft 0
cputotals.steal 1
cputotals.idle 0
cputotals.systot 1
cputotals.usertot 99
cputotals.total 100
ctxint.ctx 54
ctxint.int 516
proc.creates 0
proc.runq 174
proc.run 2
cpuload.avg1 1.69
cpuload.avg5 0.77
cpuload.avg15 0.64
disktotals.reads 0
disktotals.readkbs 0
disktotals.writes 0
disktotals.writekbs 0
meminfo.tot 4005800
meminfo.used 1054980
meminfo.free 2950820
meminfo.shared 0
meminfo.buf 24160
meminfo.cached 546628
meminfo.slab 77600
meminfo.map 102356
meminfo.anon 344568
meminfo.anonH 0
meminfo.dirty 28
meminfo.locked 27620
meminfo.inactive 181912
meminfo.hugetot 0
meminfo.hugefree 0
meminfo.hugersvd 0
meminfo.sunreclaim 40864
swapinfo.total 2594812
swapinfo.free 2594812
swapinfo.used 0
swapinfo.in 0
swapinfo.out 0
pageinfo.fault 0
pageinfo.majfault 0
pageinfo.in 0
pageinfo.out 0
nettotals.kbin 0
nettotals.pktin 0
nettotals.kbout 0
nettotals.pktout 0
cpuinfo.user.cpu0 100
cpuinfo.nice.cpu0 0
cpuinfo.sys.cpu0 0
cpuinfo.wait.cpu0 0
cpuinfo.irq.cpu0 0
cpuinfo.soft.cpu0 0
cpuinfo.steal.cpu0 0
cpuinfo.idle.cpu0 0
cpuinfo.intrpt.cpu0 0
cputotals.systot.cpu0 0
cputotals.usertot.cpu0 100
cpuinfo.user.cpu1 98
cpuinfo.nice.cpu1 0
cpuinfo.sys.cpu1 0
cpuinfo.wait.cpu1 0
cpuinfo.irq.cpu1 0
cpuinfo.soft.cpu1 0
cpuinfo.steal.cpu1 2
cpuinfo.idle.cpu1 0
cpuinfo.intrpt.cpu1 0
cputotals.systot.cpu1 2
cputotals.usertot.cpu1 98
Bogus data record skipped for NET:enp1s0: data on 20241211 at 17:14:57
sample.time 1733937298.001
cputotals.num 2
cputotals.user 100
cputotals.nice 0
cputotals.sys 0
cputotals.wait 0
cputotals.irq 0
cputotals.soft 0
cputotals.steal 0
cputotals.idle 0
cputotals.systot 0
cputotals.usertot 100
cputotals.total 100
ctxint.ctx 58
ctxint.int 517
proc.creates 0
proc.runq 174
proc.run 2
cpuload.avg1 1.69
cpuload.avg5 0.77
cpuload.avg15 0.64
disktotals.reads 0
disktotals.readkbs 0
disktotals.writes 0
disktotals.writekbs 0
meminfo.tot 4005800
meminfo.used 1054980
meminfo.free 2950820
meminfo.shared 0
meminfo.buf 24160
meminfo.cached 546628
meminfo.slab 77600
meminfo.map 102356
meminfo.anon 344568
meminfo.anonH 0
meminfo.dirty 28
meminfo.locked 27620
meminfo.inactive 181912
meminfo.hugetot 0
meminfo.hugefree 0
meminfo.hugersvd 0
meminfo.sunreclaim 40864
swapinfo.total 2594812
swapinfo.free 2594812
swapinfo.used 0
swapinfo.in 0
swapinfo.out 0
pageinfo.fault 0
pageinfo.majfault 0
pageinfo.in 0
pageinfo.out 0
nettotals.kbin 0
nettotals.pktin 0
nettotals.kbout 0
nettotals.pktout 0
cpuinfo.user.cpu0 99
cpuinfo.nice.cpu0 0
cpuinfo.sys.cpu0 0
cpuinfo.wait.cpu0 0
cpuinfo.irq.cpu0 0
cpuinfo.soft.cpu0 0
cpuinfo.steal.cpu0 1
cpuinfo.idle.cpu0 0
cpuinfo.intrpt.cpu0 0
cputotals.systot.cpu0 1
cputotals.usertot.cpu0 99
cpuinfo.user.cpu1 100
cpuinfo.nice.cpu1 0
cpuinfo.sys.cpu1 0
cpuinfo.wait.cpu1 0
cpuinfo.irq.cpu1 0
cpuinfo.soft.cpu1 0
cpuinfo.steal.cpu1 0
cpuinfo.idle.cpu1 0
cpuinfo.intrpt.cpu1 0
cputotals.systot.cpu1 0
cputotals.usertot.cpu1 100
Bogus data record skipped for NET:enp1s0: data on 20241211 at 17:14:58
sample.time 1733937299.001
cputotals.num 2
cputotals.user 100
cputotals.nice 0
cputotals.sys 0
cputotals.wait 0
cputotals.irq 0
cputotals.soft 0
cputotals.steal 0
cputotals.idle 0
cputotals.systot 0
cputotals.usertot 100
cputotals.total 100
ctxint.ctx 78
ctxint.int 521
proc.creates 0
proc.runq 174
proc.run 2
cpuload.avg1 1.69
cpuload.avg5 0.77
cpuload.avg15 0.64
disktotals.reads 0
disktotals.readkbs 0
disktotals.writes 0
disktotals.writekbs 0
meminfo.tot 4005800
meminfo.used 1054980
meminfo.free 2950820
meminfo.shared 0
meminfo.buf 24160
meminfo.cached 546632
meminfo.slab 77600
meminfo.map 102356
meminfo.anon 344644
meminfo.anonH 0
meminfo.dirty 36
meminfo.locked 27620
meminfo.inactive 181932
meminfo.hugetot 0
meminfo.hugefree 0
meminfo.hugersvd 0
meminfo.sunreclaim 40864
swapinfo.total 2594812
swapinfo.free 2594812
swapinfo.used 0
swapinfo.in 0
swapinfo.out 0
pageinfo.fault 19
pageinfo.majfault 0
pageinfo.in 0
pageinfo.out 0
nettotals.kbin 0
nettotals.pktin 0
nettotals.kbout 0
nettotals.pktout 0
cpuinfo.user.cpu0 100
cpuinfo.nice.cpu0 0
cpuinfo.sys.cpu0 0
cpuinfo.wait.cpu0 0
cpuinfo.irq.cpu0 0
cpuinfo.soft.cpu0 0
cpuinfo.steal.cpu0 0
cpuinfo.idle.cpu0 0
cpuinfo.intrpt.cpu0 0
cputotals.systot.cpu0 0
cputotals.usertot.cpu0 100
cpuinfo.user.cpu1 100
cpuinfo.nice.cpu1 0
cpuinfo.sys.cpu1 0
cpuinfo.wait.cpu1 0
cpuinfo.irq.cpu1 0
cpuinfo.soft.cpu1 0
cpuinfo.steal.cpu1 0
cpuinfo.idle.cpu1 0
cpuinfo.intrpt.cpu1 0
cputotals.systot.cpu1 0
cputotals.usertot.cpu1 100
Shutting down in response to signal TERM on hpl4...
