waiting for 1 second sample...
Bogus data record skipped for NET:enp1s0: data on 20241212 at 18:40:17
sample.time 1734028818.001
cputotals.num 1
cputotals.user 100
cputotals.nice 0
cputotals.sys 0
cputotals.wait 0
cputotals.irq 0
cputotals.soft 0
cputotals.steal 0
cputotals.idle 0
cputotals.systot 0
cputotals.usertot 100
cputotals.total 100
ctxint.ctx 57
ctxint.int 257
proc.creates 0
proc.runq 164
proc.run 1
cpuload.avg1 0.91
cpuload.avg5 0.47
cpuload.avg15 0.19
disktotals.reads 0
disktotals.readkbs 0
disktotals.writes 0
disktotals.writekbs 0
meminfo.tot 4006068
meminfo.used 730408
meminfo.free 3275660
meminfo.shared 0
meminfo.buf 23936
meminfo.cached 229152
meminfo.slab 70720
meminfo.map 107332
meminfo.anon 329628
meminfo.anonH 0
meminfo.dirty 9304
meminfo.locked 27620
meminfo.inactive 136352
meminfo.hugetot 0
meminfo.hugefree 0
meminfo.hugersvd 0
meminfo.sunreclaim 38756
swapinfo.total 2594812
swapinfo.free 2594812
swapinfo.used 0
swapinfo.in 0
swapinfo.out 0
pageinfo.fault 30
pageinfo.majfault 0
pageinfo.in 0
pageinfo.out 0
nettotals.kbin 0
nettotals.pktin 0
nettotals.kbout 0
nettotals.pktout 0
cpuinfo.user.cpu0 100
cpuinfo.nice.cpu0 0
cpuinfo.sys.cpu0 0
cpuinfo.wait.cpu0 0
cpuinfo.irq.cpu0 0
cpuinfo.soft.cpu0 0
cpuinfo.steal.cpu0 0
cpuinfo.idle.cpu0 0
cpuinfo.intrpt.cpu0 0
cputotals.systot.cpu0 0
cputotals.usertot.cpu0 100
Bogus data record skipped for NET:enp1s0: data on 20241212 at 18:40:18
sample.time 1734028819.001
cputotals.num 1
cputotals.user 100
cputotals.nice 0
cputotals.sys 0
cputotals.wait 0
cputotals.irq 0
cputotals.soft 0
cputotals.steal 0
cputotals.idle 0
cputotals.systot 0
cputotals.usertot 100
cputotals.total 100
ctxint.ctx 50
ctxint.int 259
proc.creates 0
proc.runq 164
proc.run 1
cpuload.avg1 0.91
cpuload.avg5 0.47
cpuload.avg15 0.19
disktotals.reads 0
disktotals.readkbs 0
disktotals.writes 0
disktotals.writekbs 0
meminfo.tot 4006068
meminfo.used 730408
meminfo.free 3275660
meminfo.shared 0
meminfo.buf 23936
meminfo.cached 229152
meminfo.slab 70720
meminfo.map 107332
meminfo.anon 329648
meminfo.anonH 0
meminfo.dirty 9304
meminfo.locked 27620
meminfo.inactive 136356
meminfo.hugetot 0
meminfo.hugefree 0
meminfo.hugersvd 0
meminfo.sunreclaim 38756
swapinfo.total 2594812
swapinfo.free 2594812
swapinfo.used 0
swapinfo.in 0
swapinfo.out 0
pageinfo.fault 54
pageinfo.majfault 0
pageinfo.in 0
pageinfo.out 0
nettotals.kbin 0
nettotals.pktin 0
nettotals.kbout 0
nettotals.pktout 0
cpuinfo.user.cpu0 100
cpuinfo.nice.cpu0 0
cpuinfo.sys.cpu0 0
cpuinfo.wait.cpu0 0
cpuinfo.irq.cpu0 0
cpuinfo.soft.cpu0 0
cpuinfo.steal.cpu0 0
cpuinfo.idle.cpu0 0
cpuinfo.intrpt.cpu0 0
cputotals.systot.cpu0 0
cputotals.usertot.cpu0 100
Bogus data record skipped for NET:enp1s0: data on 20241212 at 18:40:19
sample.time 1734028820.001
cputotals.num 1
cputotals.user 100
cputotals.nice 0
cputotals.sys 0
cputotals.wait 0
cputotals.irq 0
cputotals.soft 0
cputotals.steal 0
cputotals.idle 0
cputotals.systot 0
cputotals.usertot 100
cputotals.total 100
ctxint.ctx 84
ctxint.int 263
proc.creates 0
proc.runq 164
proc.run 1
cpuload.avg1 0.92
cpuload.avg5 0.48
cpuload.avg15 0.20
disktotals.reads 0
disktotals.readkbs 0
disktotals.writes 3
disktotals.writekbs 164
meminfo.tot 4006068
meminfo.used 730408
meminfo.free 3275660
meminfo.shared 0
meminfo.buf 23948
meminfo.cached 229152
meminfo.slab 70724
meminfo.map 107332
meminfo.anon 329664
meminfo.anonH 0
meminfo.dirty 9408
meminfo.locked 27620
meminfo.inactive 136356
meminfo.hugetot 0
meminfo.hugefree 0
meminfo.hugersvd 0
meminfo.sunreclaim 38756
swapinfo.total 2594812
swapinfo.free 2594812
swapinfo.used 0
swapinfo.in 0
swapinfo.out 0
pageinfo.fault 2
pageinfo.majfault 0
pageinfo.in 0
pageinfo.out 164
nettotals.kbin 0
nettotals.pktin 0
nettotals.kbout 0
nettotals.pktout 0
cpuinfo.user.cpu0 100
cpuinfo.nice.cpu0 0
cpuinfo.sys.cpu0 0
cpuinfo.wait.cpu0 0
cpuinfo.irq.cpu0 0
cpuinfo.soft.cpu0 0
cpuinfo.steal.cpu0 0
cpuinfo.idle.cpu0 0
cpuinfo.intrpt.cpu0 0
cputotals.systot.cpu0 0
cputotals.usertot.cpu0 100
Bogus data record skipped for NET:enp1s0: data on 20241212 at 18:40:20
sample.time 1734028821.001
cputotals.num 1
cputotals.user 100
cputotals.nice 0
cputotals.sys 0
cputotals.wait 0
cputotals.irq 0
cputotals.soft 0
cputotals.steal 0
cputotals.idle 0
cputotals.systot 0
cputotals.usertot 100
cputotals.total 100
ctxint.ctx 39
ctxint.int 259
proc.creates 0
proc.runq 164
proc.run 1
cpuload.avg1 0.92
cpuload.avg5 0.48
cpuload.avg15 0.20
disktotals.reads 0
disktotals.readkbs 0
disktotals.writes 0
disktotals.writekbs 0
meminfo.tot 4006068
meminfo.used 730408
meminfo.free 3275660
meminfo.shared 0
meminfo.buf 23948
meminfo.cached 229152
meminfo.slab 70724
meminfo.map 107332
meminfo.anon 329668
meminfo.anonH 0
meminfo.dirty 9408
meminfo.locked 27620
meminfo.inactive 136356
meminfo.hugetot 0
meminfo.hugefree 0
meminfo.hugersvd 0
meminfo.sunreclaim 38756
swapinfo.total 2594812
swapinfo.free 2594812
swapinfo.used 0
swapinfo.in 0
swapinfo.out 0
pageinfo.fault 1
pageinfo.majfault 0
pageinfo.in 0
pageinfo.out 0
nettotals.kbin 0
nettotals.pktin 0
nettotals.kbout 0
nettotals.pktout 0
cpuinfo.user.cpu0 100
cpuinfo.nice.cpu0 0
cpuinfo.sys.cpu0 0
cpuinfo.wait.cpu0 0
cpuinfo.irq.cpu0 0
cpuinfo.soft.cpu0 0
cpuinfo.steal.cpu0 0
cpuinfo.idle.cpu0 0
cpuinfo.intrpt.cpu0 0
cputotals.systot.cpu0 0
cputotals.usertot.cpu0 100
Bogus data record skipped for NET:enp1s0: data on 20241212 at 18:40:21
sample.time 1734028822.001
cputotals.num 1
cputotals.user 100
cputotals.nice 0
cputotals.sys 0
cputotals.wait 0
cputotals.irq 0
cputotals.soft 0
cputotals.steal 0
cputotals.idle 0
cputotals.systot 0
cputotals.usertot 100
cputotals.total 100
ctxint.ctx 82
ctxint.int 258
proc.creates 0
proc.runq 164
proc.run 1
cpuload.avg1 0.92
cpuload.avg5 0.48
cpuload.avg15 0.20
disktotals.reads 0
disktotals.readkbs 0
disktotals.writes 0
disktotals.writekbs 0
meminfo.tot 4006068
meminfo.used 730408
meminfo.free 3275660
meminfo.shared 0
meminfo.buf 23948
meminfo.cached 229156
meminfo.slab 70724
meminfo.map 107332
meminfo.anon 329668
meminfo.anonH 0
meminfo.dirty 9412
meminfo.locked 27620
meminfo.inactive 136356
meminfo.hugetot 0
meminfo.hugefree 0
meminfo.hugersvd 0
meminfo.sunreclaim 38756
swapinfo.total 2594812
swapinfo.free 2594812
swapinfo.used 0
swapinfo.in 0
swapinfo.out 0
pageinfo.fault 0
pageinfo.majfault 0
pageinfo.in 0
pageinfo.out 0
nettotals.kbin 0
nettotals.pktin 0
nettotals.kbout 0
nettotals.pktout 0
cpuinfo.user.cpu0 100
cpuinfo.nice.cpu0 0
cpuinfo.sys.cpu0 0
cpuinfo.wait.cpu0 0
cpuinfo.irq.cpu0 0
cpuinfo.soft.cpu0 0
cpuinfo.steal.cpu0 0
cpuinfo.idle.cpu0 0
cpuinfo.intrpt.cpu0 0
cputotals.systot.cpu0 0
cputotals.usertot.cpu0 100
Bogus data record skipped for NET:enp1s0: data on 20241212 at 18:40:22
sample.time 1734028823.001
cputotals.num 1
cputotals.user 100
cputotals.nice 0
cputotals.sys 0
cputotals.wait 0
cputotals.irq 0
cputotals.soft 0
cputotals.steal 0
cputotals.idle 0
cputotals.systot 0
cputotals.usertot 100
cputotals.total 100
ctxint.ctx 48
ctxint.int 259
proc.creates 0
proc.runq 164
proc.run 1
cpuload.avg1 0.92
cpuload.avg5 0.48
cpuload.avg15 0.20
disktotals.reads 0
disktotals.readkbs 0
disktotals.writes 0
disktotals.writekbs 0
meminfo.tot 4006068
meminfo.used 730408
meminfo.free 3275660
meminfo.shared 0
meminfo.buf 23948
meminfo.cached 229156
meminfo.slab 70696
meminfo.map 107332
meminfo.anon 329668
meminfo.anonH 0
meminfo.dirty 9412
meminfo.locked 27620
meminfo.inactive 136356
meminfo.hugetot 0
meminfo.hugefree 0
meminfo.hugersvd 0
meminfo.sunreclaim 38728
swapinfo.total 2594812
swapinfo.free 2594812
swapinfo.used 0
swapinfo.in 0
swapinfo.out 0
pageinfo.fault 0
pageinfo.majfault 0
pageinfo.in 0
pageinfo.out 0
nettotals.kbin 0
nettotals.pktin 0
nettotals.kbout 0
nettotals.pktout 0
cpuinfo.user.cpu0 100
cpuinfo.nice.cpu0 0
cpuinfo.sys.cpu0 0
cpuinfo.wait.cpu0 0
cpuinfo.irq.cpu0 0
cpuinfo.soft.cpu0 0
cpuinfo.steal.cpu0 0
cpuinfo.idle.cpu0 0
cpuinfo.intrpt.cpu0 0
cputotals.systot.cpu0 0
cputotals.usertot.cpu0 100
Bogus data record skipped for NET:enp1s0: data on 20241212 at 18:40:23
sample.time 1734028824.001
cputotals.num 1
cputotals.user 100
cputotals.nice 0
cputotals.sys 0
cputotals.wait 0
cputotals.irq 0
cputotals.soft 0
cputotals.steal 0
cputotals.idle 0
cputotals.systot 0
cputotals.usertot 100
cputotals.total 100
ctxint.ctx 61
ctxint.int 260
proc.creates 0
proc.runq 164
proc.run 1
cpuload.avg1 0.92
cpuload.avg5 0.48
cpuload.avg15 0.20
disktotals.reads 0
disktotals.readkbs 0
disktotals.writes 0
disktotals.writekbs 0
meminfo.tot 4006068
meminfo.used 730408
meminfo.free 3275660
meminfo.shared 0
meminfo.buf 23948
meminfo.cached 229156
meminfo.slab 70696
meminfo.map 107332
meminfo.anon 329668
meminfo.anonH 0
meminfo.dirty 9412
meminfo.locked 27620
meminfo.inactive 136356
meminfo.hugetot 0
meminfo.hugefree 0
meminfo.hugersvd 0
meminfo.sunreclaim 38728
swapinfo.total 2594812
swapinfo.free 2594812
swapinfo.used 0
swapinfo.in 0
swapinfo.out 0
pageinfo.fault 0
pageinfo.majfault 0
pageinfo.in 0
pageinfo.out 0
nettotals.kbin 0
nettotals.pktin 0
nettotals.kbout 0
nettotals.pktout 0
cpuinfo.user.cpu0 100
cpuinfo.nice.cpu0 0
cpuinfo.sys.cpu0 0
cpuinfo.wait.cpu0 0
cpuinfo.irq.cpu0 0
cpuinfo.soft.cpu0 0
cpuinfo.steal.cpu0 0
cpuinfo.idle.cpu0 0
cpuinfo.intrpt.cpu0 0
cputotals.systot.cpu0 0
cputotals.usertot.cpu0 100
Bogus data record skipped for NET:enp1s0: data on 20241212 at 18:40:24
sample.time 1734028825.001
cputotals.num 1
cputotals.user 100
cputotals.nice 0
cputotals.sys 0
cputotals.wait 0
cputotals.irq 0
cputotals.soft 0
cputotals.steal 0
cputotals.idle 0
cputotals.systot 0
cputotals.usertot 100
cputotals.total 100
ctxint.ctx 64
ctxint.int 264
proc.creates 0
proc.runq 164
proc.run 1
cpuload.avg1 0.93
cpuload.avg5 0.49
cpuload.avg15 0.20
disktotals.reads 0
disktotals.readkbs 0
disktotals.writes 3
disktotals.writekbs 12
meminfo.tot 4006068
meminfo.used 730408
meminfo.free 3275660
meminfo.shared 0
meminfo.buf 23956
meminfo.cached 229160
meminfo.slab 70696
meminfo.map 107332
meminfo.anon 329668
meminfo.anonH 0
meminfo.dirty 9416
meminfo.locked 27620
meminfo.inactive 136356
meminfo.hugetot 0
meminfo.hugefree 0
meminfo.hugersvd 0
meminfo.sunreclaim 38728
swapinfo.total 2594812
swapinfo.free 2594812
swapinfo.used 0
swapinfo.in 0
swapinfo.out 0
pageinfo.fault 0
pageinfo.majfault 0
pageinfo.in 0
pageinfo.out 12
nettotals.kbin 0
nettotals.pktin 0
nettotals.kbout 0
nettotals.pktout 0
cpuinfo.user.cpu0 100
cpuinfo.nice.cpu0 0
cpuinfo.sys.cpu0 0
cpuinfo.wait.cpu0 0
cpuinfo.irq.cpu0 0
cpuinfo.soft.cpu0 0
cpuinfo.steal.cpu0 0
cpuinfo.idle.cpu0 0
cpuinfo.intrpt.cpu0 0
cputotals.systot.cpu0 0
cputotals.usertot.cpu0 100
Bogus data record skipped for NET:enp1s0: data on 20241212 at 18:40:25
sample.time 1734028826.001
cputotals.num 1
cputotals.user 100
cputotals.nice 0
cputotals.sys 0
cputotals.wait 0
cputotals.irq 0
cputotals.soft 0
cputotals.steal 0
cputotals.idle 0
cputotals.systot 0
cputotals.usertot 100
cputotals.total 100
ctxint.ctx 62
ctxint.int 257
proc.creates 0
proc.runq 164
proc.run 1
cpuload.avg1 0.93
cpuload.avg5 0.49
cpuload.avg15 0.20
disktotals.reads 0
disktotals.readkbs 0
disktotals.writes 0
disktotals.writekbs 0
meminfo.tot 4006068
meminfo.used 730408
meminfo.free 3275660
meminfo.shared 0
meminfo.buf 23956
meminfo.cached 229160
meminfo.slab 70696
meminfo.map 107332
meminfo.anon 329668
meminfo.anonH 0
meminfo.dirty 9416
meminfo.locked 27620
meminfo.inactive 136356
meminfo.hugetot 0
meminfo.hugefree 0
meminfo.hugersvd 0
meminfo.sunreclaim 38728
swapinfo.total 2594812
swapinfo.free 2594812
swapinfo.used 0
swapinfo.in 0
swapinfo.out 0
pageinfo.fault 0
pageinfo.majfault 0
pageinfo.in 0
pageinfo.out 0
nettotals.kbin 0
nettotals.pktin 0
nettotals.kbout 0
nettotals.pktout 0
cpuinfo.user.cpu0 100
cpuinfo.nice.cpu0 0
cpuinfo.sys.cpu0 0
cpuinfo.wait.cpu0 0
cpuinfo.irq.cpu0 0
cpuinfo.soft.cpu0 0
cpuinfo.steal.cpu0 0
cpuinfo.idle.cpu0 0
cpuinfo.intrpt.cpu0 0
cputotals.systot.cpu0 0
cputotals.usertot.cpu0 100
Bogus data record skipped for NET:enp1s0: data on 20241212 at 18:40:26
sample.time 1734028827.001
cputotals.num 1
cputotals.user 100
cputotals.nice 0
cputotals.sys 0
cputotals.wait 0
cputotals.irq 0
cputotals.soft 0
cputotals.steal 0
cputotals.idle 0
cputotals.systot 0
cputotals.usertot 100
cputotals.total 100
ctxint.ctx 46
ctxint.int 259
proc.creates 0
proc.runq 164
proc.run 1
cpuload.avg1 0.93
cpuload.avg5 0.49
cpuload.avg15 0.20
disktotals.reads 0
disktotals.readkbs 0
disktotals.writes 0
disktotals.writekbs 0
meminfo.tot 4006068
meminfo.used 730408
meminfo.free 3275660
meminfo.shared 0
meminfo.buf 23956
meminfo.cached 229160
meminfo.slab 70696
meminfo.map 107332
meminfo.anon 329668
meminfo.anonH 0
meminfo.dirty 9416
meminfo.locked 27620
meminfo.inactive 136356
meminfo.hugetot 0
meminfo.hugefree 0
meminfo.hugersvd 0
meminfo.sunreclaim 38728
swapinfo.total 2594812
swapinfo.free 2594812
swapinfo.used 0
swapinfo.in 0
swapinfo.out 0
pageinfo.fault 0
pageinfo.majfault 0
pageinfo.in 0
pageinfo.out 0
nettotals.kbin 0
nettotals.pktin 0
nettotals.kbout 0
nettotals.pktout 0
cpuinfo.user.cpu0 100
cpuinfo.nice.cpu0 0
cpuinfo.sys.cpu0 0
cpuinfo.wait.cpu0 0
cpuinfo.irq.cpu0 0
cpuinfo.soft.cpu0 0
cpuinfo.steal.cpu0 0
cpuinfo.idle.cpu0 0
cpuinfo.intrpt.cpu0 0
cputotals.systot.cpu0 0
cputotals.usertot.cpu0 100
Bogus data record skipped for NET:enp1s0: data on 20241212 at 18:40:27
sample.time 1734028828.001
cputotals.num 1
cputotals.user 100
cputotals.nice 0
cputotals.sys 0
cputotals.wait 0
cputotals.irq 0
cputotals.soft 0
cputotals.steal 0
cputotals.idle 0
cputotals.systot 0
cputotals.usertot 100
cputotals.total 100
ctxint.ctx 60
ctxint.int 258
proc.creates 0
proc.runq 164
proc.run 1
cpuload.avg1 0.93
cpuload.avg5 0.49
cpuload.avg15 0.20
disktotals.reads 0
disktotals.readkbs 0
disktotals.writes 0
disktotals.writekbs 0
meminfo.tot 4006068
meminfo.used 730408
meminfo.free 3275660
meminfo.shared 0
meminfo.buf 23956
meminfo.cached 229164
meminfo.slab 70696
meminfo.map 107332
meminfo.anon 329668
meminfo.anonH 0
meminfo.dirty 9420
meminfo.locked 27620
meminfo.inactive 136356
meminfo.hugetot 0
meminfo.hugefree 0
meminfo.hugersvd 0
meminfo.sunreclaim 38728
swapinfo.total 2594812
swapinfo.free 2594812
swapinfo.used 0
swapinfo.in 0
swapinfo.out 0
pageinfo.fault 0
pageinfo.majfault 0
pageinfo.in 0
pageinfo.out 0
nettotals.kbin 0
nettotals.pktin 0
nettotals.kbout 0
nettotals.pktout 0
cpuinfo.user.cpu0 100
cpuinfo.nice.cpu0 0
cpuinfo.sys.cpu0 0
cpuinfo.wait.cpu0 0
cpuinfo.irq.cpu0 0
cpuinfo.soft.cpu0 0
cpuinfo.steal.cpu0 0
cpuinfo.idle.cpu0 0
cpuinfo.intrpt.cpu0 0
cputotals.systot.cpu0 0
cputotals.usertot.cpu0 100
Bogus data record skipped for NET:enp1s0: data on 20241212 at 18:40:28
sample.time 1734028829.001
cputotals.num 1
cputotals.user 100
cputotals.nice 0
cputotals.sys 0
cputotals.wait 0
cputotals.irq 0
cputotals.soft 0
cputotals.steal 0
cputotals.idle 0
cputotals.systot 0
cputotals.usertot 100
cputotals.total 100
ctxint.ctx 73
ctxint.int 260
proc.creates 0
proc.runq 164
proc.run 1
cpuload.avg1 0.93
cpuload.avg5 0.49
cpuload.avg15 0.20
disktotals.reads 0
disktotals.readkbs 0
disktotals.writes 0
disktotals.writekbs 0
meminfo.tot 4006068
meminfo.used 730408
meminfo.free 3275660
meminfo.shared 0
meminfo.buf 23956
meminfo.cached 229164
meminfo.slab 70696
meminfo.map 107332
meminfo.anon 329668
meminfo.anonH 0
meminfo.dirty 9420
meminfo.locked 27620
meminfo.inactive 136356
meminfo.hugetot 0
meminfo.hugefree 0
meminfo.hugersvd 0
meminfo.sunreclaim 38728
swapinfo.total 2594812
swapinfo.free 2594812
swapinfo.used 0
swapinfo.in 0
swapinfo.out 0
pageinfo.fault 0
pageinfo.majfault 0
pageinfo.in 0
pageinfo.out 0
nettotals.kbin 0
nettotals.pktin 0
nettotals.kbout 0
nettotals.pktout 0
cpuinfo.user.cpu0 100
cpuinfo.nice.cpu0 0
cpuinfo.sys.cpu0 0
cpuinfo.wait.cpu0 0
cpuinfo.irq.cpu0 0
cpuinfo.soft.cpu0 0
cpuinfo.steal.cpu0 0
cpuinfo.idle.cpu0 0
cpuinfo.intrpt.cpu0 0
cputotals.systot.cpu0 0
cputotals.usertot.cpu0 100
Bogus data record skipped for NET:enp1s0: data on 20241212 at 18:40:29
sample.time 1734028830.001
cputotals.num 1
cputotals.user 100
cputotals.nice 0
cputotals.sys 0
cputotals.wait 0
cputotals.irq 0
cputotals.soft 0
cputotals.steal 0
cputotals.idle 0
cputotals.systot 0
cputotals.usertot 100
cputotals.total 100
ctxint.ctx 74
ctxint.int 261
proc.creates 0
proc.runq 164
proc.run 1
cpuload.avg1 0.93
cpuload.avg5 0.50
cpuload.avg15 0.21
disktotals.reads 0
disktotals.readkbs 0
disktotals.writes 3
disktotals.writekbs 12
meminfo.tot 4006068
meminfo.used 730408
meminfo.free 3275660
meminfo.shared 0
meminfo.buf 23964
meminfo.cached 229164
meminfo.slab 70688
meminfo.map 107332
meminfo.anon 329668
meminfo.anonH 0
meminfo.dirty 9420
meminfo.locked 27620
meminfo.inactive 136372
meminfo.hugetot 0
meminfo.hugefree 0
meminfo.hugersvd 0
meminfo.sunreclaim 38720
swapinfo.total 2594812
swapinfo.free 2594812
swapinfo.used 0
swapinfo.in 0
swapinfo.out 0
pageinfo.fault 0
pageinfo.majfault 0
pageinfo.in 0
pageinfo.out 12
nettotals.kbin 0
nettotals.pktin 0
nettotals.kbout 0
nettotals.pktout 0
cpuinfo.user.cpu0 100
cpuinfo.nice.cpu0 0
cpuinfo.sys.cpu0 0
cpuinfo.wait.cpu0 0
cpuinfo.irq.cpu0 0
cpuinfo.soft.cpu0 0
cpuinfo.steal.cpu0 0
cpuinfo.idle.cpu0 0
cpuinfo.intrpt.cpu0 0
cputotals.systot.cpu0 0
cputotals.usertot.cpu0 100
Bogus data record skipped for NET:enp1s0: data on 20241212 at 18:40:30
sample.time 1734028831.001
cputotals.num 1
cputotals.user 100
cputotals.nice 0
cputotals.sys 0
cputotals.wait 0
cputotals.irq 0
cputotals.soft 0
cputotals.steal 0
cputotals.idle 0
cputotals.systot 0
cputotals.usertot 100
cputotals.total 100
ctxint.ctx 41
ctxint.int 259
proc.creates 0
proc.runq 164
proc.run 1
cpuload.avg1 0.93
cpuload.avg5 0.50
cpuload.avg15 0.21
disktotals.reads 0
disktotals.readkbs 0
disktotals.writes 0
disktotals.writekbs 0
meminfo.tot 4006068
meminfo.used 730408
meminfo.free 3275660
meminfo.shared 0
meminfo.buf 23964
meminfo.cached 229168
meminfo.slab 70688
meminfo.map 107332
meminfo.anon 329668
meminfo.anonH 0
meminfo.dirty 9424
meminfo.locked 27620
meminfo.inactive 136372
meminfo.hugetot 0
meminfo.hugefree 0
meminfo.hugersvd 0
meminfo.sunreclaim 38720
swapinfo.total 2594812
swapinfo.free 2594812
swapinfo.used 0
swapinfo.in 0
swapinfo.out 0
pageinfo.fault 0
pageinfo.majfault 0
pageinfo.in 0
pageinfo.out 0
nettotals.kbin 0
nettotals.pktin 0
nettotals.kbout 0
nettotals.pktout 0
cpuinfo.user.cpu0 100
cpuinfo.nice.cpu0 0
cpuinfo.sys.cpu0 0
cpuinfo.wait.cpu0 0
cpuinfo.irq.cpu0 0
cpuinfo.soft.cpu0 0
cpuinfo.steal.cpu0 0
cpuinfo.idle.cpu0 0
cpuinfo.intrpt.cpu0 0
cputotals.systot.cpu0 0
cputotals.usertot.cpu0 100
Bogus data record skipped for NET:enp1s0: data on 20241212 at 18:40:31
sample.time 1734028832.001
cputotals.num 1
cputotals.user 100
cputotals.nice 0
cputotals.sys 0
cputotals.wait 0
cputotals.irq 0
cputotals.soft 0
cputotals.steal 0
cputotals.idle 0
cputotals.systot 0
cputotals.usertot 100
cputotals.total 100
ctxint.ctx 71
ctxint.int 258
proc.creates 0
proc.runq 164
proc.run 1
cpuload.avg1 0.93
cpuload.avg5 0.50
cpuload.avg15 0.21
disktotals.reads 0
disktotals.readkbs 0
disktotals.writes 2
disktotals.writekbs 20
meminfo.tot 4006068
meminfo.used 730408
meminfo.free 3275660
meminfo.shared 0
meminfo.buf 23964
meminfo.cached 229168
meminfo.slab 70688
meminfo.map 107332
meminfo.anon 329668
meminfo.anonH 0
meminfo.dirty 9424
meminfo.locked 27620
meminfo.inactive 136372
meminfo.hugetot 0
meminfo.hugefree 0
meminfo.hugersvd 0
meminfo.sunreclaim 38720
swapinfo.total 2594812
swapinfo.free 2594812
swapinfo.used 0
swapinfo.in 0
swapinfo.out 0
pageinfo.fault 0
pageinfo.majfault 0
pageinfo.in 0
pageinfo.out 20
nettotals.kbin 0
nettotals.pktin 0
nettotals.kbout 0
nettotals.pktout 0
cpuinfo.user.cpu0 100
cpuinfo.nice.cpu0 0
cpuinfo.sys.cpu0 0
cpuinfo.wait.cpu0 0
cpuinfo.irq.cpu0 0
cpuinfo.soft.cpu0 0
cpuinfo.steal.cpu0 0
cpuinfo.idle.cpu0 0
cpuinfo.intrpt.cpu0 0
cputotals.systot.cpu0 0
cputotals.usertot.cpu0 100
Bogus data record skipped for NET:enp1s0: data on 20241212 at 18:40:32
sample.time 1734028833.001
cputotals.num 1
cputotals.user 100
cputotals.nice 0
cputotals.sys 0
cputotals.wait 0
cputotals.irq 0
cputotals.soft 0
cputotals.steal 0
cputotals.idle 0
cputotals.systot 0
cputotals.usertot 100
cputotals.total 100
ctxint.ctx 40
ctxint.int 259
proc.creates 0
proc.runq 164
proc.run 1
cpuload.avg1 0.93
cpuload.avg5 0.50
cpuload.avg15 0.21
disktotals.reads 0
disktotals.readkbs 0
disktotals.writes 0
disktotals.writekbs 0
meminfo.tot 4006068
meminfo.used 730408
meminfo.free 3275660
meminfo.shared 0
meminfo.buf 23964
meminfo.cached 229168
meminfo.slab 70688
meminfo.map 107332
meminfo.anon 329668
meminfo.anonH 0
meminfo.dirty 9404
meminfo.locked 27620
meminfo.inactive 136372
meminfo.hugetot 0
meminfo.hugefree 0
meminfo.hugersvd 0
meminfo.sunreclaim 38720
swapinfo.total 2594812
swapinfo.free 2594812
swapinfo.used 0
swapinfo.in 0
swapinfo.out 0
pageinfo.fault 0
pageinfo.majfault 0
pageinfo.in 0
pageinfo.out 0
nettotals.kbin 0
nettotals.pktin 0
nettotals.kbout 0
nettotals.pktout 0
cpuinfo.user.cpu0 100
cpuinfo.nice.cpu0 0
cpuinfo.sys.cpu0 0
cpuinfo.wait.cpu0 0
cpuinfo.irq.cpu0 0
cpuinfo.soft.cpu0 0
cpuinfo.steal.cpu0 0
cpuinfo.idle.cpu0 0
cpuinfo.intrpt.cpu0 0
cputotals.systot.cpu0 0
cputotals.usertot.cpu0 100
Bogus data record skipped for NET:enp1s0: data on 20241212 at 18:40:33
sample.time 1734028834.001
cputotals.num 1
cputotals.user 100
cputotals.nice 0
cputotals.sys 0
cputotals.wait 0
cputotals.irq 0
cputotals.soft 0
cputotals.steal 0
cputotals.idle 0
cputotals.systot 0
cputotals.usertot 100
cputotals.total 100
ctxint.ctx 57
ctxint.int 257
proc.creates 0
proc.runq 164
proc.run 1
cpuload.avg1 0.93
cpuload.avg5 0.50
cpuload.avg15 0.21
disktotals.reads 0
disktotals.readkbs 0
disktotals.writes 0
disktotals.writekbs 0
meminfo.tot 4006068
meminfo.used 730408
meminfo.free 3275660
meminfo.shared 0
meminfo.buf 23964
meminfo.cached 229172
meminfo.slab 70688
meminfo.map 107332
meminfo.anon 329668
meminfo.anonH 0
meminfo.dirty 9408
meminfo.locked 27620
meminfo.inactive 136372
meminfo.hugetot 0
meminfo.hugefree 0
meminfo.hugersvd 0
meminfo.sunreclaim 38720
swapinfo.total 2594812
swapinfo.free 2594812
swapinfo.used 0
swapinfo.in 0
swapinfo.out 0
pageinfo.fault 0
pageinfo.majfault 0
pageinfo.in 0
pageinfo.out 0
nettotals.kbin 0
nettotals.pktin 0
nettotals.kbout 0
nettotals.pktout 0
cpuinfo.user.cpu0 100
cpuinfo.nice.cpu0 0
cpuinfo.sys.cpu0 0
cpuinfo.wait.cpu0 0
cpuinfo.irq.cpu0 0
cpuinfo.soft.cpu0 0
cpuinfo.steal.cpu0 0
cpuinfo.idle.cpu0 0
cpuinfo.intrpt.cpu0 0
cputotals.systot.cpu0 0
cputotals.usertot.cpu0 100
Bogus data record skipped for NET:enp1s0: data on 20241212 at 18:40:34
sample.time 1734028835.001
cputotals.num 1
cputotals.user 100
cputotals.nice 0
cputotals.sys 0
cputotals.wait 0
cputotals.irq 0
cputotals.soft 0
cputotals.steal 0
cputotals.idle 0
cputotals.systot 0
cputotals.usertot 100
cputotals.total 100
ctxint.ctx 97
ctxint.int 286
proc.creates 0
proc.runq 164
proc.run 1
cpuload.avg1 0.94
cpuload.avg5 0.50
cpuload.avg15 0.21
disktotals.reads 0
disktotals.readkbs 0
disktotals.writes 34
disktotals.writekbs 176
meminfo.tot 4006068
meminfo.used 730408
meminfo.free 3275660
meminfo.shared 0
meminfo.buf 23972
meminfo.cached 229172
meminfo.slab 70688
meminfo.map 107332
meminfo.anon 329668
meminfo.anonH 0
meminfo.dirty 9276
meminfo.locked 27620
meminfo.inactive 136372
meminfo.hugetot 0
meminfo.hugefree 0
meminfo.hugersvd 0
meminfo.sunreclaim 38720
swapinfo.total 2594812
swapinfo.free 2594812
swapinfo.used 0
swapinfo.in 0
swapinfo.out 0
pageinfo.fault 0
pageinfo.majfault 0
pageinfo.in 0
pageinfo.out 176
nettotals.kbin 0
nettotals.pktin 0
nettotals.kbout 0
nettotals.pktout 0
cpuinfo.user.cpu0 100
cpuinfo.nice.cpu0 0
cpuinfo.sys.cpu0 0
cpuinfo.wait.cpu0 0
cpuinfo.irq.cpu0 0
cpuinfo.soft.cpu0 0
cpuinfo.steal.cpu0 0
cpuinfo.idle.cpu0 0
cpuinfo.intrpt.cpu0 0
cputotals.systot.cpu0 0
cputotals.usertot.cpu0 100
Bogus data record skipped for NET:enp1s0: data on 20241212 at 18:40:35
sample.time 1734028836.001
cputotals.num 1
cputotals.user 100
cputotals.nice 0
cputotals.sys 0
cputotals.wait 0
cputotals.irq 0
cputotals.soft 0
cputotals.steal 0
cputotals.idle 0
cputotals.systot 0
cputotals.usertot 100
cputotals.total 100
ctxint.ctx 54
ctxint.int 258
proc.creates 0
proc.runq 164
proc.run 1
cpuload.avg1 0.94
cpuload.avg5 0.50
cpuload.avg15 0.21
disktotals.reads 0
disktotals.readkbs 0
disktotals.writes 0
disktotals.writekbs 0
meminfo.tot 4006068
meminfo.used 730408
meminfo.free 3275660
meminfo.shared 0
meminfo.buf 23972
meminfo.cached 229172
meminfo.slab 70688
meminfo.map 107332
meminfo.anon 329668
meminfo.anonH 0
meminfo.dirty 9252
meminfo.locked 27620
meminfo.inactive 136376
meminfo.hugetot 0
meminfo.hugefree 0
meminfo.hugersvd 0
meminfo.sunreclaim 38720
swapinfo.total 2594812
swapinfo.free 2594812
swapinfo.used 0
swapinfo.in 0
swapinfo.out 0
pageinfo.fault 0
pageinfo.majfault 0
pageinfo.in 0
pageinfo.out 0
nettotals.kbin 0
nettotals.pktin 0
nettotals.kbout 0
nettotals.pktout 0
cpuinfo.user.cpu0 100
cpuinfo.nice.cpu0 0
cpuinfo.sys.cpu0 0
cpuinfo.wait.cpu0 0
cpuinfo.irq.cpu0 0
cpuinfo.soft.cpu0 0
cpuinfo.steal.cpu0 0
cpuinfo.idle.cpu0 0
cpuinfo.intrpt.cpu0 0
cputotals.systot.cpu0 0
cputotals.usertot.cpu0 100
Bogus data record skipped for NET:enp1s0: data on 20241212 at 18:40:36
sample.time 1734028837.001
cputotals.num 1
cputotals.user 100
cputotals.nice 0
cputotals.sys 0
cputotals.wait 0
cputotals.irq 0
cputotals.soft 0
cputotals.steal 0
cputotals.idle 0
cputotals.systot 0
cputotals.usertot 100
cputotals.total 100
ctxint.ctx 57
ctxint.int 272
proc.creates 0
proc.runq 164
proc.run 1
cpuload.avg1 0.94
cpuload.avg5 0.50
cpuload.avg15 0.21
disktotals.reads 0
disktotals.readkbs 0
disktotals.writes 17
disktotals.writekbs 8948
meminfo.tot 4006068
meminfo.used 730408
meminfo.free 3275660
meminfo.shared 0
meminfo.buf 23972
meminfo.cached 229176
meminfo.slab 70688
meminfo.map 107332
meminfo.anon 329668
meminfo.anonH 0
meminfo.dirty 324
meminfo.locked 27620
meminfo.inactive 136376
meminfo.hugetot 0
meminfo.hugefree 0
meminfo.hugersvd 0
meminfo.sunreclaim 38720
swapinfo.total 2594812
swapinfo.free 2594812
swapinfo.used 0
swapinfo.in 0
swapinfo.out 0
pageinfo.fault 0
pageinfo.majfault 0
pageinfo.in 0
pageinfo.out 8948
nettotals.kbin 0
nettotals.pktin 0
nettotals.kbout 0
nettotals.pktout 0
cpuinfo.user.cpu0 100
cpuinfo.nice.cpu0 0
cpuinfo.sys.cpu0 0
cpuinfo.wait.cpu0 0
cpuinfo.irq.cpu0 0
cpuinfo.soft.cpu0 0
cpuinfo.steal.cpu0 0
cpuinfo.idle.cpu0 0
cpuinfo.intrpt.cpu0 0
cputotals.systot.cpu0 0
cputotals.usertot.cpu0 100
Bogus data record skipped for NET:enp1s0: data on 20241212 at 18:40:37
sample.time 1734028838.001
cputotals.num 1
cputotals.user 100
cputotals.nice 0
cputotals.sys 0
cputotals.wait 0
cputotals.irq 0
cputotals.soft 0
cputotals.steal 0
cputotals.idle 0
cputotals.systot 0
cputotals.usertot 100
cputotals.total 100
ctxint.ctx 61
ctxint.int 257
proc.creates 0
proc.runq 164
proc.run 1
cpuload.avg1 0.94
cpuload.avg5 0.50
cpuload.avg15 0.21
disktotals.reads 0
disktotals.readkbs 0
disktotals.writes 0
disktotals.writekbs 0
meminfo.tot 4006068
meminfo.used 730408
meminfo.free 3275660
meminfo.shared 0
meminfo.buf 23972
meminfo.cached 229176
meminfo.slab 70688
meminfo.map 107332
meminfo.anon 329668
meminfo.anonH 0
meminfo.dirty 312
meminfo.locked 27620
meminfo.inactive 136380
meminfo.hugetot 0
meminfo.hugefree 0
meminfo.hugersvd 0
meminfo.sunreclaim 38720
swapinfo.total 2594812
swapinfo.free 2594812
swapinfo.used 0
swapinfo.in 0
swapinfo.out 0
pageinfo.fault 0
pageinfo.majfault 0
pageinfo.in 0
pageinfo.out 0
nettotals.kbin 0
nettotals.pktin 0
nettotals.kbout 0
nettotals.pktout 0
cpuinfo.user.cpu0 100
cpuinfo.nice.cpu0 0
cpuinfo.sys.cpu0 0
cpuinfo.wait.cpu0 0
cpuinfo.irq.cpu0 0
cpuinfo.soft.cpu0 0
cpuinfo.steal.cpu0 0
cpuinfo.idle.cpu0 0
cpuinfo.intrpt.cpu0 0
cputotals.systot.cpu0 0
cputotals.usertot.cpu0 100
Bogus data record skipped for NET:enp1s0: data on 20241212 at 18:40:38
sample.time 1734028839.001
cputotals.num 1
cputotals.user 100
cputotals.nice 0
cputotals.sys 0
cputotals.wait 0
cputotals.irq 0
cputotals.soft 0
cputotals.steal 0
cputotals.idle 0
cputotals.systot 0
cputotals.usertot 100
cputotals.total 100
ctxint.ctx 40
ctxint.int 259
proc.creates 0
proc.runq 164
proc.run 1
cpuload.avg1 0.94
cpuload.avg5 0.50
cpuload.avg15 0.21
disktotals.reads 0
disktotals.readkbs 0
disktotals.writes 0
disktotals.writekbs 0
meminfo.tot 4006068
meminfo.used 730408
meminfo.free 3275660
meminfo.shared 0
meminfo.buf 23972
meminfo.cached 229176
meminfo.slab 70688
meminfo.map 107332
meminfo.anon 329668
meminfo.anonH 0
meminfo.dirty 312
meminfo.locked 27620
meminfo.inactive 136380
meminfo.hugetot 0
meminfo.hugefree 0
meminfo.hugersvd 0
meminfo.sunreclaim 38720
swapinfo.total 2594812
swapinfo.free 2594812
swapinfo.used 0
swapinfo.in 0
swapinfo.out 0
pageinfo.fault 0
pageinfo.majfault 0
pageinfo.in 0
pageinfo.out 0
nettotals.kbin 0
nettotals.pktin 0
nettotals.kbout 0
nettotals.pktout 0
cpuinfo.user.cpu0 100
cpuinfo.nice.cpu0 0
cpuinfo.sys.cpu0 0
cpuinfo.wait.cpu0 0
cpuinfo.irq.cpu0 0
cpuinfo.soft.cpu0 0
cpuinfo.steal.cpu0 0
cpuinfo.idle.cpu0 0
cpuinfo.intrpt.cpu0 0
cputotals.systot.cpu0 0
cputotals.usertot.cpu0 100
Bogus data record skipped for NET:enp1s0: data on 20241212 at 18:40:39
sample.time 1734028840.001
cputotals.num 1
cputotals.user 100
cputotals.nice 0
cputotals.sys 0
cputotals.wait 0
cputotals.irq 0
cputotals.soft 0
cputotals.steal 0
cputotals.idle 0
cputotals.systot 0
cputotals.usertot 100
cputotals.total 100
ctxint.ctx 77
ctxint.int 262
proc.creates 0
proc.runq 164
proc.run 1
cpuload.avg1 0.94
cpuload.avg5 0.51
cpuload.avg15 0.22
disktotals.reads 0
disktotals.readkbs 0
disktotals.writes 3
disktotals.writekbs 44
meminfo.tot 4006068
meminfo.used 730408
meminfo.free 3275660
meminfo.shared 0
meminfo.buf 23980
meminfo.cached 229180
meminfo.slab 70688
meminfo.map 107332
meminfo.anon 329668
meminfo.anonH 0
meminfo.dirty 348
meminfo.locked 27620
meminfo.inactive 136380
meminfo.hugetot 0
meminfo.hugefree 0
meminfo.hugersvd 0
meminfo.sunreclaim 38720
swapinfo.total 2594812
swapinfo.free 2594812
swapinfo.used 0
swapinfo.in 0
swapinfo.out 0
pageinfo.fault 0
pageinfo.majfault 0
pageinfo.in 0
pageinfo.out 44
nettotals.kbin 0
nettotals.pktin 0
nettotals.kbout 0
nettotals.pktout 0
cpuinfo.user.cpu0 100
cpuinfo.nice.cpu0 0
cpuinfo.sys.cpu0 0
cpuinfo.wait.cpu0 0
cpuinfo.irq.cpu0 0
cpuinfo.soft.cpu0 0
cpuinfo.steal.cpu0 0
cpuinfo.idle.cpu0 0
cpuinfo.intrpt.cpu0 0
cputotals.systot.cpu0 0
cputotals.usertot.cpu0 100
Bogus data record skipped for NET:enp1s0: data on 20241212 at 18:40:40
sample.time 1734028841.001
cputotals.num 1
cputotals.user 100
cputotals.nice 0
cputotals.sys 0
cputotals.wait 0
cputotals.irq 0
cputotals.soft 0
cputotals.steal 0
cputotals.idle 0
cputotals.systot 0
cputotals.usertot 100
cputotals.total 100
ctxint.ctx 37
ctxint.int 259
proc.creates 0
proc.runq 164
proc.run 1
cpuload.avg1 0.94
cpuload.avg5 0.51
cpuload.avg15 0.22
disktotals.reads 0
disktotals.readkbs 0
disktotals.writes 0
disktotals.writekbs 0
meminfo.tot 4006068
meminfo.used 730408
meminfo.free 3275660
meminfo.shared 0
meminfo.buf 23980
meminfo.cached 229180
meminfo.slab 70688
meminfo.map 107332
meminfo.anon 329668
meminfo.anonH 0
meminfo.dirty 348
meminfo.locked 27620
meminfo.inactive 136380
meminfo.hugetot 0
meminfo.hugefree 0
meminfo.hugersvd 0
meminfo.sunreclaim 38720
swapinfo.total 2594812
swapinfo.free 2594812
swapinfo.used 0
swapinfo.in 0
swapinfo.out 0
pageinfo.fault 0
pageinfo.majfault 0
pageinfo.in 0
pageinfo.out 0
nettotals.kbin 0
nettotals.pktin 0
nettotals.kbout 0
nettotals.pktout 0
cpuinfo.user.cpu0 100
cpuinfo.nice.cpu0 0
cpuinfo.sys.cpu0 0
cpuinfo.wait.cpu0 0
cpuinfo.irq.cpu0 0
cpuinfo.soft.cpu0 0
cpuinfo.steal.cpu0 0
cpuinfo.idle.cpu0 0
cpuinfo.intrpt.cpu0 0
cputotals.systot.cpu0 0
cputotals.usertot.cpu0 100
Bogus data record skipped for NET:enp1s0: data on 20241212 at 18:40:41
sample.time 1734028842.001
cputotals.num 1
cputotals.user 100
cputotals.nice 0
cputotals.sys 0
cputotals.wait 0
cputotals.irq 0
cputotals.soft 0
cputotals.steal 0
cputotals.idle 0
cputotals.systot 0
cputotals.usertot 100
cputotals.total 100
ctxint.ctx 103
ctxint.int 258
proc.creates 0
proc.runq 164
proc.run 1
cpuload.avg1 0.94
cpuload.avg5 0.51
cpuload.avg15 0.22
disktotals.reads 0
disktotals.readkbs 0
disktotals.writes 0
disktotals.writekbs 0
meminfo.tot 4006068
meminfo.used 730408
meminfo.free 3275660
meminfo.shared 0
meminfo.buf 23980
meminfo.cached 229180
meminfo.slab 70688
meminfo.map 107332
meminfo.anon 329668
meminfo.anonH 0
meminfo.dirty 348
meminfo.locked 27620
meminfo.inactive 136380
meminfo.hugetot 0
meminfo.hugefree 0
meminfo.hugersvd 0
meminfo.sunreclaim 38720
swapinfo.total 2594812
swapinfo.free 2594812
swapinfo.used 0
swapinfo.in 0
swapinfo.out 0
pageinfo.fault 0
pageinfo.majfault 0
pageinfo.in 0
pageinfo.out 0
nettotals.kbin 0
nettotals.pktin 0
nettotals.kbout 0
nettotals.pktout 0
cpuinfo.user.cpu0 100
cpuinfo.nice.cpu0 0
cpuinfo.sys.cpu0 0
cpuinfo.wait.cpu0 0
cpuinfo.irq.cpu0 0
cpuinfo.soft.cpu0 0
cpuinfo.steal.cpu0 0
cpuinfo.idle.cpu0 0
cpuinfo.intrpt.cpu0 0
cputotals.systot.cpu0 0
cputotals.usertot.cpu0 100
Bogus data record skipped for NET:enp1s0: data on 20241212 at 18:40:42
sample.time 1734028843.001
cputotals.num 1
cputotals.user 100
cputotals.nice 0
cputotals.sys 0
cputotals.wait 0
cputotals.irq 0
cputotals.soft 0
cputotals.steal 0
cputotals.idle 0
cputotals.systot 0
cputotals.usertot 100
cputotals.total 100
ctxint.ctx 67
ctxint.int 259
proc.creates 0
proc.runq 164
proc.run 1
cpuload.avg1 0.94
cpuload.avg5 0.51
cpuload.avg15 0.22
disktotals.reads 0
disktotals.readkbs 0
disktotals.writes 0
disktotals.writekbs 0
meminfo.tot 4006068
meminfo.used 730408
meminfo.free 3275660
meminfo.shared 0
meminfo.buf 23980
meminfo.cached 229184
meminfo.slab 70684
meminfo.map 107332
meminfo.anon 329668
meminfo.anonH 0
meminfo.dirty 352
meminfo.locked 27620
meminfo.inactive 136380
meminfo.hugetot 0
meminfo.hugefree 0
meminfo.hugersvd 0
meminfo.sunreclaim 38716
swapinfo.total 2594812
swapinfo.free 2594812
swapinfo.used 0
swapinfo.in 0
swapinfo.out 0
pageinfo.fault 0
pageinfo.majfault 0
pageinfo.in 0
pageinfo.out 0
nettotals.kbin 0
nettotals.pktin 0
nettotals.kbout 0
nettotals.pktout 0
cpuinfo.user.cpu0 100
cpuinfo.nice.cpu0 0
cpuinfo.sys.cpu0 0
cpuinfo.wait.cpu0 0
cpuinfo.irq.cpu0 0
cpuinfo.soft.cpu0 0
cpuinfo.steal.cpu0 0
cpuinfo.idle.cpu0 0
cpuinfo.intrpt.cpu0 0
cputotals.systot.cpu0 0
cputotals.usertot.cpu0 100
Bogus data record skipped for NET:enp1s0: data on 20241212 at 18:40:43
sample.time 1734028844.001
cputotals.num 1
cputotals.user 99
cputotals.nice 0
cputotals.sys 0
cputotals.wait 0
cputotals.irq 0
cputotals.soft 1
cputotals.steal 0
cputotals.idle 0
cputotals.systot 1
cputotals.usertot 99
cputotals.total 100
ctxint.ctx 134
ctxint.int 302
proc.creates 2
proc.runq 164
proc.run 1
cpuload.avg1 0.94
cpuload.avg5 0.51
cpuload.avg15 0.22
disktotals.reads 0
disktotals.readkbs 0
disktotals.writes 76
disktotals.writekbs 356
meminfo.tot 4006068
meminfo.used 730660
meminfo.free 3275408
meminfo.shared 0
meminfo.buf 24004
meminfo.cached 229160
meminfo.slab 70684
meminfo.map 107332
meminfo.anon 329668
meminfo.anonH 0
meminfo.dirty 88
meminfo.locked 27620
meminfo.inactive 136380
meminfo.hugetot 0
meminfo.hugefree 0
meminfo.hugersvd 0
meminfo.sunreclaim 38716
swapinfo.total 2594812
swapinfo.free 2594812
swapinfo.used 0
swapinfo.in 0
swapinfo.out 0
pageinfo.fault 6
pageinfo.majfault 0
pageinfo.in 0
pageinfo.out 356
nettotals.kbin 0
nettotals.pktin 0
nettotals.kbout 0
nettotals.pktout 0
cpuinfo.user.cpu0 99
cpuinfo.nice.cpu0 0
cpuinfo.sys.cpu0 0
cpuinfo.wait.cpu0 0
cpuinfo.irq.cpu0 0
cpuinfo.soft.cpu0 1
cpuinfo.steal.cpu0 0
cpuinfo.idle.cpu0 0
cpuinfo.intrpt.cpu0 0
cputotals.systot.cpu0 1
cputotals.usertot.cpu0 99
Bogus data record skipped for NET:enp1s0: data on 20241212 at 18:40:44
sample.time 1734028845.001
cputotals.num 1
cputotals.user 100
cputotals.nice 0
cputotals.sys 0
cputotals.wait 0
cputotals.irq 0
cputotals.soft 0
cputotals.steal 0
cputotals.idle 0
cputotals.systot 0
cputotals.usertot 100
cputotals.total 100
ctxint.ctx 50
ctxint.int 259
proc.creates 0
proc.runq 164
proc.run 1
cpuload.avg1 0.95
cpuload.avg5 0.52
cpuload.avg15 0.22
disktotals.reads 0
disktotals.readkbs 0
disktotals.writes 0
disktotals.writekbs 0
meminfo.tot 4006068
meminfo.used 730660
meminfo.free 3275408
meminfo.shared 0
meminfo.buf 24004
meminfo.cached 229184
meminfo.slab 70688
meminfo.map 107332
meminfo.anon 329676
meminfo.anonH 0
meminfo.dirty 64
meminfo.locked 27620
meminfo.inactive 136388
meminfo.hugetot 0
meminfo.hugefree 0
meminfo.hugersvd 0
meminfo.sunreclaim 38716
swapinfo.total 2594812
swapinfo.free 2594812
swapinfo.used 0
swapinfo.in 0
swapinfo.out 0
pageinfo.fault 0
pageinfo.majfault 0
pageinfo.in 0
pageinfo.out 0
nettotals.kbin 0
nettotals.pktin 0
nettotals.kbout 0
nettotals.pktout 0
cpuinfo.user.cpu0 100
cpuinfo.nice.cpu0 0
cpuinfo.sys.cpu0 0
cpuinfo.wait.cpu0 0
cpuinfo.irq.cpu0 0
cpuinfo.soft.cpu0 0
cpuinfo.steal.cpu0 0
cpuinfo.idle.cpu0 0
cpuinfo.intrpt.cpu0 0
cputotals.systot.cpu0 0
cputotals.usertot.cpu0 100
Bogus data record skipped for NET:enp1s0: data on 20241212 at 18:40:45
sample.time 1734028846.001
cputotals.num 1
cputotals.user 100
cputotals.nice 0
cputotals.sys 0
cputotals.wait 0
cputotals.irq 0
cputotals.soft 0
cputotals.steal 0
cputotals.idle 0
cputotals.systot 0
cputotals.usertot 100
cputotals.total 100
ctxint.ctx 64
ctxint.int 257
proc.creates 0
proc.runq 164
proc.run 1
cpuload.avg1 0.95
cpuload.avg5 0.52
cpuload.avg15 0.22
disktotals.reads 0
disktotals.readkbs 0
disktotals.writes 0
disktotals.writekbs 0
meminfo.tot 4006068
meminfo.used 730660
meminfo.free 3275408
meminfo.shared 0
meminfo.buf 24004
meminfo.cached 229188
meminfo.slab 70688
meminfo.map 107332
meminfo.anon 329676
meminfo.anonH 0
meminfo.dirty 68
meminfo.locked 27620
meminfo.inactive 136388
meminfo.hugetot 0
meminfo.hugefree 0
meminfo.hugersvd 0
meminfo.sunreclaim 38716
swapinfo.total 2594812
swapinfo.free 2594812
swapinfo.used 0
swapinfo.in 0
swapinfo.out 0
pageinfo.fault 0
pageinfo.majfault 0
pageinfo.in 0
pageinfo.out 0
nettotals.kbin 0
nettotals.pktin 0
nettotals.kbout 0
nettotals.pktout 0
cpuinfo.user.cpu0 100
cpuinfo.nice.cpu0 0
cpuinfo.sys.cpu0 0
cpuinfo.wait.cpu0 0
cpuinfo.irq.cpu0 0
cpuinfo.soft.cpu0 0
cpuinfo.steal.cpu0 0
cpuinfo.idle.cpu0 0
cpuinfo.intrpt.cpu0 0
cputotals.systot.cpu0 0
cputotals.usertot.cpu0 100
Bogus data record skipped for NET:enp1s0: data on 20241212 at 18:40:46
sample.time 1734028847.001
cputotals.num 1
cputotals.user 100
cputotals.nice 0
cputotals.sys 0
cputotals.wait 0
cputotals.irq 0
cputotals.soft 0
cputotals.steal 0
cputotals.idle 0
cputotals.systot 0
cputotals.usertot 100
cputotals.total 100
ctxint.ctx 43
ctxint.int 260
proc.creates 0
proc.runq 164
proc.run 1
cpuload.avg1 0.95
cpuload.avg5 0.52
cpuload.avg15 0.22
disktotals.reads 0
disktotals.readkbs 0
disktotals.writes 1
disktotals.writekbs 4
meminfo.tot 4006068
meminfo.used 730660
meminfo.free 3275408
meminfo.shared 0
meminfo.buf 24004
meminfo.cached 229188
meminfo.slab 70688
meminfo.map 107332
meminfo.anon 329676
meminfo.anonH 0
meminfo.dirty 68
meminfo.locked 27620
meminfo.inactive 136388
meminfo.hugetot 0
meminfo.hugefree 0
meminfo.hugersvd 0
meminfo.sunreclaim 38716
swapinfo.total 2594812
swapinfo.free 2594812
swapinfo.used 0
swapinfo.in 0
swapinfo.out 0
pageinfo.fault 0
pageinfo.majfault 0
pageinfo.in 0
pageinfo.out 4
nettotals.kbin 0
nettotals.pktin 0
nettotals.kbout 0
nettotals.pktout 0
cpuinfo.user.cpu0 100
cpuinfo.nice.cpu0 0
cpuinfo.sys.cpu0 0
cpuinfo.wait.cpu0 0
cpuinfo.irq.cpu0 0
cpuinfo.soft.cpu0 0
cpuinfo.steal.cpu0 0
cpuinfo.idle.cpu0 0
cpuinfo.intrpt.cpu0 0
cputotals.systot.cpu0 0
cputotals.usertot.cpu0 100
Bogus data record skipped for NET:enp1s0: data on 20241212 at 18:40:47
sample.time 1734028848.001
cputotals.num 1
cputotals.user 100
cputotals.nice 0
cputotals.sys 0
cputotals.wait 0
cputotals.irq 0
cputotals.soft 0
cputotals.steal 0
cputotals.idle 0
cputotals.systot 0
cputotals.usertot 100
cputotals.total 100
ctxint.ctx 92
ctxint.int 260
proc.creates 0
proc.runq 164
proc.run 1
cpuload.avg1 0.95
cpuload.avg5 0.52
cpuload.avg15 0.22
disktotals.reads 0
disktotals.readkbs 0
disktotals.writes 0
disktotals.writekbs 0
meminfo.tot 4006068
meminfo.used 730660
meminfo.free 3275408
meminfo.shared 0
meminfo.buf 24004
meminfo.cached 229188
meminfo.slab 70688
meminfo.map 107332
meminfo.anon 329676
meminfo.anonH 0
meminfo.dirty 64
meminfo.locked 27620
meminfo.inactive 136392
meminfo.hugetot 0
meminfo.hugefree 0
meminfo.hugersvd 0
meminfo.sunreclaim 38716
swapinfo.total 2594812
swapinfo.free 2594812
swapinfo.used 0
swapinfo.in 0
swapinfo.out 0
pageinfo.fault 0
pageinfo.majfault 0
pageinfo.in 0
pageinfo.out 0
nettotals.kbin 0
nettotals.pktin 0
nettotals.kbout 0
nettotals.pktout 0
cpuinfo.user.cpu0 100
cpuinfo.nice.cpu0 0
cpuinfo.sys.cpu0 0
cpuinfo.wait.cpu0 0
cpuinfo.irq.cpu0 0
cpuinfo.soft.cpu0 0
cpuinfo.steal.cpu0 0
cpuinfo.idle.cpu0 0
cpuinfo.intrpt.cpu0 0
cputotals.systot.cpu0 0
cputotals.usertot.cpu0 100
Bogus data record skipped for NET:enp1s0: data on 20241212 at 18:40:48
sample.time 1734028849.001
cputotals.num 1
cputotals.user 99
cputotals.nice 0
cputotals.sys 1
cputotals.wait 0
cputotals.irq 0
cputotals.soft 0
cputotals.steal 0
cputotals.idle 0
cputotals.systot 1
cputotals.usertot 99
cputotals.total 100
ctxint.ctx 284
ctxint.int 285
proc.creates 1
proc.runq 164
proc.run 1
cpuload.avg1 0.95
cpuload.avg5 0.52
cpuload.avg15 0.22
disktotals.reads 22
disktotals.readkbs 388
disktotals.writes 4
disktotals.writekbs 24
meminfo.tot 4006068
meminfo.used 741212
meminfo.free 3264856
meminfo.shared 0
meminfo.buf 24160
meminfo.cached 229428
meminfo.slab 70736
meminfo.map 107376
meminfo.anon 329104
meminfo.anonH 0
meminfo.dirty 284
meminfo.locked 27620
meminfo.inactive 136524
meminfo.hugetot 0
meminfo.hugefree 0
meminfo.hugersvd 0
meminfo.sunreclaim 38716
swapinfo.total 2594812
swapinfo.free 2594812
swapinfo.used 0
swapinfo.in 0
swapinfo.out 0
pageinfo.fault 3212
pageinfo.majfault 3
pageinfo.in 388
pageinfo.out 24
nettotals.kbin 0
nettotals.pktin 0
nettotals.kbout 0
nettotals.pktout 0
cpuinfo.user.cpu0 99
cpuinfo.nice.cpu0 0
cpuinfo.sys.cpu0 1
cpuinfo.wait.cpu0 0
cpuinfo.irq.cpu0 0
cpuinfo.soft.cpu0 0
cpuinfo.steal.cpu0 0
cpuinfo.idle.cpu0 0
cpuinfo.intrpt.cpu0 0
cputotals.systot.cpu0 1
cputotals.usertot.cpu0 99
Shutting down in response to signal TERM on hpl2...
