       1     0.102979     0.00007450
       2     0.191967     0.00007964
       3     0.282886     0.00008096
       4     0.376187     0.00008117
       6     0.562609     0.00008141
       8     0.746937     0.00008175
      12     1.120129     0.00008176
      13     1.225402     0.00008099
      16     1.549550     0.00007914
      19     1.846744     0.00007880
      21     2.076712     0.00007760
      24     2.374610     0.00007749
      27     2.668433     0.00007754
      29     2.862216     0.00007766
      32     3.077371     0.00007960
      35     3.239844     0.00008247
      45     4.135789     0.00008304
      48     4.407907     0.00008310
      51     4.691905     0.00008296
      61     5.661898     0.00008225
      64     5.825301     0.00008384
      67     6.093998     0.00008390
      93     8.500261     0.00008350
      96     8.851881     0.00008285
      99     9.646743     0.00007875
     125    12.462023     0.00007690
     128    12.705681     0.00007721
     131    12.976709     0.00007736
     189    18.276879     0.00007908
     192    17.983590     0.00008162
     195    17.886876     0.00008319
     253    23.197404     0.00008325
     256    23.166083     0.00008432
     259    23.406296     0.00008444
     381    34.525263     0.00008421
     384    34.821351     0.00008416
     387    35.071038     0.00008422
     509    45.125201     0.00008625
     512    45.613745     0.00008581
     515    46.118265     0.00008541
     765    64.184722     0.00009130
     768    63.631243     0.00009238
     771    62.855468     0.00009389
    1021    77.872242     0.00010018
    1024    78.038425     0.00010025
    1027    77.391260     0.00010138
    1533    99.510797     0.00011848
    1536    96.241020     0.00012241
    1539    96.238135     0.00012268
    2045   126.838581     0.00012357
    2048   126.667103     0.00012395
    2051   126.240141     0.00012462
    3069   165.455445     0.00014215
    3072   163.817517     0.00014365
    3075   161.842960     0.00014576
    4093   180.243078     0.00017633
    4096   162.889882     0.00019373
    4099   157.896102     0.00019985
    6141   207.340281     0.00022676
    6144   202.962929     0.00023154
    6147   198.127058     0.00023730
    8189   220.949928     0.00028400
    8192   215.504085     0.00029096
    8195   210.622292     0.00029906
   12285   239.878510     0.00039243
   12288   222.710166     0.00042132
   12291   222.108406     0.00042276
   16381   241.101022     0.00051975
   16384   226.897321     0.00055153
   16387   216.529665     0.00058134
   24573   242.577634     0.00077540
   24576   228.798553     0.00082048
   24579   223.651179     0.00083906
   32765   240.499135     0.00104133
   32768   230.501000     0.00108567
   32771   218.257323     0.00115913
   49149   245.528842     0.00153385
   49152   232.749744     0.00161294
   49155   257.808383     0.00149003
   65533   184.273210     0.00271778
   65536   190.388048     0.00263356
   65539   179.676214     0.00282158
   98301   204.966195     0.00367384
   98304   198.732957     0.00378176
   98307   189.250111     0.00401038
  131069   189.154133     0.00535668
  131072   181.878143     0.00556361
  131075   170.770372     0.00594846
  196605   195.568276     0.00771397
  196608   194.440327     0.00777509
  196611   188.162563     0.00800802
  262141   201.926923     0.00998923
  262144   200.848708     0.01003313
  262147   187.381692     0.01075398
  393213   203.667165     0.01485577
  393216   203.802883     0.01482412
  393219   186.345878     0.01617597
  524285   213.175179     0.01891032
  524288   220.088016     0.01829342
  524291   199.294519     0.02024102
  786429   213.746969     0.02842865
  786432   213.397834     0.02830070
  786435   207.305725     0.02910320
 1048573   220.287255     0.03650556
 1048576   215.530608     0.03742698
 1048579   207.677076     0.03888918
 1572861   229.517163     0.05275711
 1572864   225.706487     0.05355226
 1572867   220.144397     0.05513069
 2097149   226.299660     0.07144116
 2097152   227.085539     0.07141320
 2097155   224.545006     0.07245115
 3145725   237.351792     0.10218709
 3145728   229.039477     0.10586492
 3145731   226.601699     0.10707823
 4194301   241.559160     0.13375289
 4194304   233.756760     0.13782108
 4194307   225.081947     0.14354046
 6291453   240.137274     0.20201261
 6291456   231.644576     0.20816310
 6291459   241.611730     0.20470629
 8388605   252.901104     0.26535706
 8388608   261.760386     0.26665541
 8388611   411.652513     0.19189363
