waiting for 1 second sample...
Bogus data record skipped for NET:enp1s0: data on 20241211 at 17:01:47
sample.time 1733936508.001
cputotals.num 2
cputotals.user 100
cputotals.nice 0
cputotals.sys 1
cputotals.wait 0
cputotals.irq 0
cputotals.soft 0
cputotals.steal 0
cputotals.idle 0
cputotals.systot 1
cputotals.usertot 100
cputotals.total 100
ctxint.ctx 67
ctxint.int 515
proc.creates 0
proc.runq 174
proc.run 2
cpuload.avg1 0.00
cpuload.avg5 0.34
cpuload.avg15 0.71
disktotals.reads 0
disktotals.readkbs 0
disktotals.writes 0
disktotals.writekbs 0
meminfo.tot 4005796
meminfo.used 1053508
meminfo.free 2952288
meminfo.shared 0
meminfo.buf 23640
meminfo.cached 546564
meminfo.slab 77436
meminfo.map 102672
meminfo.anon 344096
meminfo.anonH 0
meminfo.dirty 9644
meminfo.locked 27620
meminfo.inactive 181740
meminfo.hugetot 0
meminfo.hugefree 0
meminfo.hugersvd 0
meminfo.sunreclaim 40792
swapinfo.total 2594812
swapinfo.free 2594812
swapinfo.used 0
swapinfo.in 0
swapinfo.out 0
pageinfo.fault 1340
pageinfo.majfault 0
pageinfo.in 0
pageinfo.out 0
nettotals.kbin 0
nettotals.pktin 0
nettotals.kbout 0
nettotals.pktout 0
cpuinfo.user.cpu0 99
cpuinfo.nice.cpu0 0
cpuinfo.sys.cpu0 0
cpuinfo.wait.cpu0 0
cpuinfo.irq.cpu0 0
cpuinfo.soft.cpu0 0
cpuinfo.steal.cpu0 1
cpuinfo.idle.cpu0 0
cpuinfo.intrpt.cpu0 0
cputotals.systot.cpu0 1
cputotals.usertot.cpu0 99
cpuinfo.user.cpu1 100
cpuinfo.nice.cpu1 0
cpuinfo.sys.cpu1 0
cpuinfo.wait.cpu1 0
cpuinfo.irq.cpu1 0
cpuinfo.soft.cpu1 0
cpuinfo.steal.cpu1 0
cpuinfo.idle.cpu1 0
cpuinfo.intrpt.cpu1 0
cputotals.systot.cpu1 0
cputotals.usertot.cpu1 100
Bogus data record skipped for NET:enp1s0: data on 20241211 at 17:01:48
sample.time 1733936509.001
cputotals.num 2
cputotals.user 98
cputotals.nice 0
cputotals.sys 0
cputotals.wait 0
cputotals.irq 0
cputotals.soft 0
cputotals.steal 2
cputotals.idle 0
cputotals.systot 2
cputotals.usertot 98
cputotals.total 100
ctxint.ctx 68
ctxint.int 510
proc.creates 0
proc.runq 174
proc.run 2
cpuload.avg1 0.00
cpuload.avg5 0.34
cpuload.avg15 0.71
disktotals.reads 0
disktotals.readkbs 0
disktotals.writes 0
disktotals.writekbs 0
meminfo.tot 4005796
meminfo.used 1053508
meminfo.free 2952288
meminfo.shared 0
meminfo.buf 23640
meminfo.cached 546564
meminfo.slab 77436
meminfo.map 102672
meminfo.anon 344128
meminfo.anonH 0
meminfo.dirty 9644
meminfo.locked 27620
meminfo.inactive 181740
meminfo.hugetot 0
meminfo.hugefree 0
meminfo.hugersvd 0
meminfo.sunreclaim 40792
swapinfo.total 2594812
swapinfo.free 2594812
swapinfo.used 0
swapinfo.in 0
swapinfo.out 0
pageinfo.fault 55
pageinfo.majfault 0
pageinfo.in 0
pageinfo.out 0
nettotals.kbin 0
nettotals.pktin 0
nettotals.kbout 0
nettotals.pktout 0
cpuinfo.user.cpu0 100
cpuinfo.nice.cpu0 0
cpuinfo.sys.cpu0 0
cpuinfo.wait.cpu0 0
cpuinfo.irq.cpu0 0
cpuinfo.soft.cpu0 0
cpuinfo.steal.cpu0 0
cpuinfo.idle.cpu0 0
cpuinfo.intrpt.cpu0 0
cputotals.systot.cpu0 0
cputotals.usertot.cpu0 100
cpuinfo.user.cpu1 96
cpuinfo.nice.cpu1 0
cpuinfo.sys.cpu1 0
cpuinfo.wait.cpu1 0
cpuinfo.irq.cpu1 0
cpuinfo.soft.cpu1 0
cpuinfo.steal.cpu1 4
cpuinfo.idle.cpu1 0
cpuinfo.intrpt.cpu1 0
cputotals.systot.cpu1 4
cputotals.usertot.cpu1 96
Bogus data record skipped for NET:enp1s0: data on 20241211 at 17:01:49
sample.time 1733936510.001
cputotals.num 2
cputotals.user 99
cputotals.nice 0
cputotals.sys 0
cputotals.wait 0
cputotals.irq 0
cputotals.soft 0
cputotals.steal 1
cputotals.idle 0
cputotals.systot 1
cputotals.usertot 99
cputotals.total 100
ctxint.ctx 62
ctxint.int 514
proc.creates 0
proc.runq 174
proc.run 2
cpuload.avg1 0.00
cpuload.avg5 0.34
cpuload.avg15 0.71
disktotals.reads 0
disktotals.readkbs 0
disktotals.writes 0
disktotals.writekbs 0
meminfo.tot 4005796
meminfo.used 1053508
meminfo.free 2952288
meminfo.shared 0
meminfo.buf 23640
meminfo.cached 546564
meminfo.slab 77436
meminfo.map 102672
meminfo.anon 344144
meminfo.anonH 0
meminfo.dirty 9644
meminfo.locked 27620
meminfo.inactive 181740
meminfo.hugetot 0
meminfo.hugefree 0
meminfo.hugersvd 0
meminfo.sunreclaim 40792
swapinfo.total 2594812
swapinfo.free 2594812
swapinfo.used 0
swapinfo.in 0
swapinfo.out 0
pageinfo.fault 2
pageinfo.majfault 0
pageinfo.in 0
pageinfo.out 0
nettotals.kbin 0
nettotals.pktin 0
nettotals.kbout 0
nettotals.pktout 0
cpuinfo.user.cpu0 98
cpuinfo.nice.cpu0 0
cpuinfo.sys.cpu0 1
cpuinfo.wait.cpu0 0
cpuinfo.irq.cpu0 0
cpuinfo.soft.cpu0 0
cpuinfo.steal.cpu0 1
cpuinfo.idle.cpu0 0
cpuinfo.intrpt.cpu0 0
cputotals.systot.cpu0 2
cputotals.usertot.cpu0 98
cpuinfo.user.cpu1 100
cpuinfo.nice.cpu1 0
cpuinfo.sys.cpu1 0
cpuinfo.wait.cpu1 0
cpuinfo.irq.cpu1 0
cpuinfo.soft.cpu1 0
cpuinfo.steal.cpu1 0
cpuinfo.idle.cpu1 0
cpuinfo.intrpt.cpu1 0
cputotals.systot.cpu1 0
cputotals.usertot.cpu1 100
Bogus data record skipped for NET:enp1s0: data on 20241211 at 17:01:50
sample.time 1733936511.001
cputotals.num 2
cputotals.user 100
cputotals.nice 0
cputotals.sys 0
cputotals.wait 0
cputotals.irq 0
cputotals.soft 0
cputotals.steal 0
cputotals.idle 0
cputotals.systot 0
cputotals.usertot 100
cputotals.total 100
ctxint.ctx 97
ctxint.int 520
proc.creates 0
proc.runq 174
proc.run 2
cpuload.avg1 0.16
cpuload.avg5 0.37
cpuload.avg15 0.72
disktotals.reads 0
disktotals.readkbs 0
disktotals.writes 8
disktotals.writekbs 32
meminfo.tot 4005796
meminfo.used 1053508
meminfo.free 2952288
meminfo.shared 0
meminfo.buf 23640
meminfo.cached 546568
meminfo.slab 77368
meminfo.map 102672
meminfo.anon 344148
meminfo.anonH 0
meminfo.dirty 9564
meminfo.locked 27620
meminfo.inactive 181744
meminfo.hugetot 0
meminfo.hugefree 0
meminfo.hugersvd 0
meminfo.sunreclaim 40724
swapinfo.total 2594812
swapinfo.free 2594812
swapinfo.used 0
swapinfo.in 0
swapinfo.out 0
pageinfo.fault 1
pageinfo.majfault 0
pageinfo.in 0
pageinfo.out 32
nettotals.kbin 0
nettotals.pktin 0
nettotals.kbout 0
nettotals.pktout 0
cpuinfo.user.cpu0 100
cpuinfo.nice.cpu0 0
cpuinfo.sys.cpu0 0
cpuinfo.wait.cpu0 0
cpuinfo.irq.cpu0 0
cpuinfo.soft.cpu0 0
cpuinfo.steal.cpu0 0
cpuinfo.idle.cpu0 0
cpuinfo.intrpt.cpu0 0
cputotals.systot.cpu0 0
cputotals.usertot.cpu0 100
cpuinfo.user.cpu1 100
cpuinfo.nice.cpu1 0
cpuinfo.sys.cpu1 0
cpuinfo.wait.cpu1 0
cpuinfo.irq.cpu1 0
cpuinfo.soft.cpu1 0
cpuinfo.steal.cpu1 0
cpuinfo.idle.cpu1 0
cpuinfo.intrpt.cpu1 0
cputotals.systot.cpu1 0
cputotals.usertot.cpu1 100
Bogus data record skipped for NET:enp1s0: data on 20241211 at 17:01:51
sample.time 1733936512.001
cputotals.num 2
cputotals.user 96
cputotals.nice 0
cputotals.sys 1
cputotals.wait 0
cputotals.irq 0
cputotals.soft 0
cputotals.steal 4
cputotals.idle 0
cputotals.systot 4
cputotals.usertot 96
cputotals.total 100
ctxint.ctx 121
ctxint.int 528
proc.creates 0
proc.runq 174
proc.run 2
cpuload.avg1 0.16
cpuload.avg5 0.37
cpuload.avg15 0.72
disktotals.reads 0
disktotals.readkbs 0
disktotals.writes 23
disktotals.writekbs 9076
meminfo.tot 4005796
meminfo.used 1053760
meminfo.free 2952036
meminfo.shared 0
meminfo.buf 23648
meminfo.cached 546568
meminfo.slab 77372
meminfo.map 102672
meminfo.anon 343876
meminfo.anonH 0
meminfo.dirty 752
meminfo.locked 27620
meminfo.inactive 181744
meminfo.hugetot 0
meminfo.hugefree 0
meminfo.hugersvd 0
meminfo.sunreclaim 40724
swapinfo.total 2594812
swapinfo.free 2594812
swapinfo.used 0
swapinfo.in 0
swapinfo.out 0
pageinfo.fault 1216
pageinfo.majfault 0
pageinfo.in 0
pageinfo.out 9076
nettotals.kbin 0
nettotals.pktin 0
nettotals.kbout 0
nettotals.pktout 0
cpuinfo.user.cpu0 97
cpuinfo.nice.cpu0 0
cpuinfo.sys.cpu0 0
cpuinfo.wait.cpu0 0
cpuinfo.irq.cpu0 0
cpuinfo.soft.cpu0 0
cpuinfo.steal.cpu0 3
cpuinfo.idle.cpu0 0
cpuinfo.intrpt.cpu0 0
cputotals.systot.cpu0 3
cputotals.usertot.cpu0 97
cpuinfo.user.cpu1 95
cpuinfo.nice.cpu1 0
cpuinfo.sys.cpu1 0
cpuinfo.wait.cpu1 0
cpuinfo.irq.cpu1 0
cpuinfo.soft.cpu1 0
cpuinfo.steal.cpu1 5
cpuinfo.idle.cpu1 0
cpuinfo.intrpt.cpu1 0
cputotals.systot.cpu1 5
cputotals.usertot.cpu1 95
Bogus data record skipped for NET:enp1s0: data on 20241211 at 17:01:52
sample.time 1733936513.001
cputotals.num 2
cputotals.user 100
cputotals.nice 0
cputotals.sys 0
cputotals.wait 0
cputotals.irq 0
cputotals.soft 0
cputotals.steal 0
cputotals.idle 0
cputotals.systot 0
cputotals.usertot 100
cputotals.total 100
ctxint.ctx 65
ctxint.int 513
proc.creates 0
proc.runq 174
proc.run 2
cpuload.avg1 0.16
cpuload.avg5 0.37
cpuload.avg15 0.72
disktotals.reads 0
disktotals.readkbs 0
disktotals.writes 0
disktotals.writekbs 0
meminfo.tot 4005796
meminfo.used 1053760
meminfo.free 2952036
meminfo.shared 0
meminfo.buf 23648
meminfo.cached 546568
meminfo.slab 77372
meminfo.map 102672
meminfo.anon 343876
meminfo.anonH 0
meminfo.dirty 756
meminfo.locked 27620
meminfo.inactive 181744
meminfo.hugetot 0
meminfo.hugefree 0
meminfo.hugersvd 0
meminfo.sunreclaim 40724
swapinfo.total 2594812
swapinfo.free 2594812
swapinfo.used 0
swapinfo.in 0
swapinfo.out 0
pageinfo.fault 0
pageinfo.majfault 0
pageinfo.in 0
pageinfo.out 0
nettotals.kbin 0
nettotals.pktin 0
nettotals.kbout 0
nettotals.pktout 0
cpuinfo.user.cpu0 100
cpuinfo.nice.cpu0 0
cpuinfo.sys.cpu0 0
cpuinfo.wait.cpu0 0
cpuinfo.irq.cpu0 0
cpuinfo.soft.cpu0 0
cpuinfo.steal.cpu0 0
cpuinfo.idle.cpu0 0
cpuinfo.intrpt.cpu0 0
cputotals.systot.cpu0 0
cputotals.usertot.cpu0 100
cpuinfo.user.cpu1 100
cpuinfo.nice.cpu1 0
cpuinfo.sys.cpu1 0
cpuinfo.wait.cpu1 0
cpuinfo.irq.cpu1 0
cpuinfo.soft.cpu1 0
cpuinfo.steal.cpu1 0
cpuinfo.idle.cpu1 0
cpuinfo.intrpt.cpu1 0
cputotals.systot.cpu1 0
cputotals.usertot.cpu1 100
Bogus data record skipped for NET:enp1s0: data on 20241211 at 17:01:53
sample.time 1733936514.001
cputotals.num 2
cputotals.user 99
cputotals.nice 0
cputotals.sys 0
cputotals.wait 0
cputotals.irq 0
cputotals.soft 0
cputotals.steal 1
cputotals.idle 0
cputotals.systot 1
cputotals.usertot 99
cputotals.total 100
ctxint.ctx 51
ctxint.int 514
proc.creates 0
proc.runq 174
proc.run 2
cpuload.avg1 0.16
cpuload.avg5 0.37
cpuload.avg15 0.72
disktotals.reads 0
disktotals.readkbs 0
disktotals.writes 0
disktotals.writekbs 0
meminfo.tot 4005796
meminfo.used 1053760
meminfo.free 2952036
meminfo.shared 0
meminfo.buf 23648
meminfo.cached 546572
meminfo.slab 77372
meminfo.map 102672
meminfo.anon 343876
meminfo.anonH 0
meminfo.dirty 760
meminfo.locked 27620
meminfo.inactive 181744
meminfo.hugetot 0
meminfo.hugefree 0
meminfo.hugersvd 0
meminfo.sunreclaim 40724
swapinfo.total 2594812
swapinfo.free 2594812
swapinfo.used 0
swapinfo.in 0
swapinfo.out 0
pageinfo.fault 0
pageinfo.majfault 0
pageinfo.in 0
pageinfo.out 0
nettotals.kbin 0
nettotals.pktin 0
nettotals.kbout 0
nettotals.pktout 0
cpuinfo.user.cpu0 98
cpuinfo.nice.cpu0 0
cpuinfo.sys.cpu0 0
cpuinfo.wait.cpu0 0
cpuinfo.irq.cpu0 0
cpuinfo.soft.cpu0 0
cpuinfo.steal.cpu0 2
cpuinfo.idle.cpu0 0
cpuinfo.intrpt.cpu0 0
cputotals.systot.cpu0 2
cputotals.usertot.cpu0 98
cpuinfo.user.cpu1 100
cpuinfo.nice.cpu1 0
cpuinfo.sys.cpu1 0
cpuinfo.wait.cpu1 0
cpuinfo.irq.cpu1 0
cpuinfo.soft.cpu1 0
cpuinfo.steal.cpu1 0
cpuinfo.idle.cpu1 0
cpuinfo.intrpt.cpu1 0
cputotals.systot.cpu1 0
cputotals.usertot.cpu1 100
Bogus data record skipped for NET:enp1s0: data on 20241211 at 17:01:54
sample.time 1733936515.001
cputotals.num 2
cputotals.user 98
cputotals.nice 0
cputotals.sys 0
cputotals.wait 0
cputotals.irq 0
cputotals.soft 0
cputotals.steal 2
cputotals.idle 0
cputotals.systot 2
cputotals.usertot 98
cputotals.total 100
ctxint.ctx 68
ctxint.int 514
proc.creates 0
proc.runq 174
proc.run 2
cpuload.avg1 0.16
cpuload.avg5 0.37
cpuload.avg15 0.72
disktotals.reads 0
disktotals.readkbs 0
disktotals.writes 0
disktotals.writekbs 0
meminfo.tot 4005796
meminfo.used 1053760
meminfo.free 2952036
meminfo.shared 0
meminfo.buf 23648
meminfo.cached 546572
meminfo.slab 77372
meminfo.map 102672
meminfo.anon 343876
meminfo.anonH 0
meminfo.dirty 760
meminfo.locked 27620
meminfo.inactive 181744
meminfo.hugetot 0
meminfo.hugefree 0
meminfo.hugersvd 0
meminfo.sunreclaim 40724
swapinfo.total 2594812
swapinfo.free 2594812
swapinfo.used 0
swapinfo.in 0
swapinfo.out 0
pageinfo.fault 0
pageinfo.majfault 0
pageinfo.in 0
pageinfo.out 0
nettotals.kbin 0
nettotals.pktin 0
nettotals.kbout 0
nettotals.pktout 0
cpuinfo.user.cpu0 98
cpuinfo.nice.cpu0 0
cpuinfo.sys.cpu0 0
cpuinfo.wait.cpu0 0
cpuinfo.irq.cpu0 0
cpuinfo.soft.cpu0 0
cpuinfo.steal.cpu0 2
cpuinfo.idle.cpu0 0
cpuinfo.intrpt.cpu0 0
cputotals.systot.cpu0 2
cputotals.usertot.cpu0 98
cpuinfo.user.cpu1 97
cpuinfo.nice.cpu1 0
cpuinfo.sys.cpu1 0
cpuinfo.wait.cpu1 0
cpuinfo.irq.cpu1 0
cpuinfo.soft.cpu1 0
cpuinfo.steal.cpu1 3
cpuinfo.idle.cpu1 0
cpuinfo.intrpt.cpu1 0
cputotals.systot.cpu1 3
cputotals.usertot.cpu1 97
Bogus data record skipped for NET:enp1s0: data on 20241211 at 17:01:55
sample.time 1733936516.001
cputotals.num 2
cputotals.user 99
cputotals.nice 0
cputotals.sys 0
cputotals.wait 0
cputotals.irq 0
cputotals.soft 0
cputotals.steal 1
cputotals.idle 0
cputotals.systot 1
cputotals.usertot 99
cputotals.total 100
ctxint.ctx 54
ctxint.int 514
proc.creates 0
proc.runq 174
proc.run 2
cpuload.avg1 0.31
cpuload.avg5 0.39
cpuload.avg15 0.73
disktotals.reads 0
disktotals.readkbs 0
disktotals.writes 0
disktotals.writekbs 0
meminfo.tot 4005796
meminfo.used 1053760
meminfo.free 2952036
meminfo.shared 0
meminfo.buf 23648
meminfo.cached 546576
meminfo.slab 77372
meminfo.map 102672
meminfo.anon 343892
meminfo.anonH 0
meminfo.dirty 764
meminfo.locked 27620
meminfo.inactive 181744
meminfo.hugetot 0
meminfo.hugefree 0
meminfo.hugersvd 0
meminfo.sunreclaim 40724
swapinfo.total 2594812
swapinfo.free 2594812
swapinfo.used 0
swapinfo.in 0
swapinfo.out 0
pageinfo.fault 4
pageinfo.majfault 0
pageinfo.in 0
pageinfo.out 0
nettotals.kbin 0
nettotals.pktin 0
nettotals.kbout 0
nettotals.pktout 0
cpuinfo.user.cpu0 97
cpuinfo.nice.cpu0 0
cpuinfo.sys.cpu0 0
cpuinfo.wait.cpu0 0
cpuinfo.irq.cpu0 0
cpuinfo.soft.cpu0 0
cpuinfo.steal.cpu0 3
cpuinfo.idle.cpu0 0
cpuinfo.intrpt.cpu0 0
cputotals.systot.cpu0 3
cputotals.usertot.cpu0 97
cpuinfo.user.cpu1 100
cpuinfo.nice.cpu1 0
cpuinfo.sys.cpu1 0
cpuinfo.wait.cpu1 0
cpuinfo.irq.cpu1 0
cpuinfo.soft.cpu1 0
cpuinfo.steal.cpu1 0
cpuinfo.idle.cpu1 0
cpuinfo.intrpt.cpu1 0
cputotals.systot.cpu1 0
cputotals.usertot.cpu1 100
Bogus data record skipped for NET:enp1s0: data on 20241211 at 17:01:56
sample.time 1733936517.001
cputotals.num 2
cputotals.user 99
cputotals.nice 0
cputotals.sys 0
cputotals.wait 0
cputotals.irq 0
cputotals.soft 0
cputotals.steal 1
cputotals.idle 0
cputotals.systot 1
cputotals.usertot 99
cputotals.total 100
ctxint.ctx 63
ctxint.int 513
proc.creates 0
proc.runq 174
proc.run 2
cpuload.avg1 0.31
cpuload.avg5 0.39
cpuload.avg15 0.73
disktotals.reads 0
disktotals.readkbs 0
disktotals.writes 0
disktotals.writekbs 0
meminfo.tot 4005796
meminfo.used 1053760
meminfo.free 2952036
meminfo.shared 0
meminfo.buf 23648
meminfo.cached 546576
meminfo.slab 77372
meminfo.map 102672
meminfo.anon 343892
meminfo.anonH 0
meminfo.dirty 764
meminfo.locked 27620
meminfo.inactive 181744
meminfo.hugetot 0
meminfo.hugefree 0
meminfo.hugersvd 0
meminfo.sunreclaim 40724
swapinfo.total 2594812
swapinfo.free 2594812
swapinfo.used 0
swapinfo.in 0
swapinfo.out 0
pageinfo.fault 0
pageinfo.majfault 0
pageinfo.in 0
pageinfo.out 0
nettotals.kbin 0
nettotals.pktin 0
nettotals.kbout 0
nettotals.pktout 0
cpuinfo.user.cpu0 100
cpuinfo.nice.cpu0 0
cpuinfo.sys.cpu0 0
cpuinfo.wait.cpu0 0
cpuinfo.irq.cpu0 0
cpuinfo.soft.cpu0 0
cpuinfo.steal.cpu0 0
cpuinfo.idle.cpu0 0
cpuinfo.intrpt.cpu0 0
cputotals.systot.cpu0 0
cputotals.usertot.cpu0 100
cpuinfo.user.cpu1 99
cpuinfo.nice.cpu1 0
cpuinfo.sys.cpu1 0
cpuinfo.wait.cpu1 0
cpuinfo.irq.cpu1 0
cpuinfo.soft.cpu1 0
cpuinfo.steal.cpu1 1
cpuinfo.idle.cpu1 0
cpuinfo.intrpt.cpu1 0
cputotals.systot.cpu1 1
cputotals.usertot.cpu1 99
Bogus data record skipped for NET:enp1s0: data on 20241211 at 17:01:57
sample.time 1733936518.001
cputotals.num 2
cputotals.user 97
cputotals.nice 0
cputotals.sys 0
cputotals.wait 0
cputotals.irq 0
cputotals.soft 0
cputotals.steal 3
cputotals.idle 0
cputotals.systot 3
cputotals.usertot 97
cputotals.total 100
ctxint.ctx 105
ctxint.int 519
proc.creates 0
proc.runq 174
proc.run 2
cpuload.avg1 0.31
cpuload.avg5 0.39
cpuload.avg15 0.73
disktotals.reads 0
disktotals.readkbs 0
disktotals.writes 3
disktotals.writekbs 24
meminfo.tot 4005796
meminfo.used 1053760
meminfo.free 2952036
meminfo.shared 0
meminfo.buf 23656
meminfo.cached 546576
meminfo.slab 77308
meminfo.map 102672
meminfo.anon 343892
meminfo.anonH 0
meminfo.dirty 776
meminfo.locked 27620
meminfo.inactive 181744
meminfo.hugetot 0
meminfo.hugefree 0
meminfo.hugersvd 0
meminfo.sunreclaim 40664
swapinfo.total 2594812
swapinfo.free 2594812
swapinfo.used 0
swapinfo.in 0
swapinfo.out 0
pageinfo.fault 0
pageinfo.majfault 0
pageinfo.in 0
pageinfo.out 24
nettotals.kbin 0
nettotals.pktin 0
nettotals.kbout 0
nettotals.pktout 0
cpuinfo.user.cpu0 98
cpuinfo.nice.cpu0 0
cpuinfo.sys.cpu0 0
cpuinfo.wait.cpu0 0
cpuinfo.irq.cpu0 0
cpuinfo.soft.cpu0 0
cpuinfo.steal.cpu0 2
cpuinfo.idle.cpu0 0
cpuinfo.intrpt.cpu0 0
cputotals.systot.cpu0 2
cputotals.usertot.cpu0 98
cpuinfo.user.cpu1 95
cpuinfo.nice.cpu1 0
cpuinfo.sys.cpu1 0
cpuinfo.wait.cpu1 0
cpuinfo.irq.cpu1 0
cpuinfo.soft.cpu1 0
cpuinfo.steal.cpu1 5
cpuinfo.idle.cpu1 0
cpuinfo.intrpt.cpu1 0
cputotals.systot.cpu1 5
cputotals.usertot.cpu1 95
Bogus data record skipped for NET:enp1s0: data on 20241211 at 17:01:58
sample.time 1733936519.001
cputotals.num 2
cputotals.user 99
cputotals.nice 0
cputotals.sys 0
cputotals.wait 0
cputotals.irq 0
cputotals.soft 0
cputotals.steal 0
cputotals.idle 0
cputotals.systot 1
cputotals.usertot 99
cputotals.total 100
ctxint.ctx 54
ctxint.int 510
proc.creates 0
proc.runq 174
proc.run 2
cpuload.avg1 0.31
cpuload.avg5 0.39
cpuload.avg15 0.73
disktotals.reads 0
disktotals.readkbs 0
disktotals.writes 0
disktotals.writekbs 0
meminfo.tot 4005796
meminfo.used 1053760
meminfo.free 2952036
meminfo.shared 0
meminfo.buf 23656
meminfo.cached 546580
meminfo.slab 77308
meminfo.map 102672
meminfo.anon 343892
meminfo.anonH 0
meminfo.dirty 780
meminfo.locked 27620
meminfo.inactive 181744
meminfo.hugetot 0
meminfo.hugefree 0
meminfo.hugersvd 0
meminfo.sunreclaim 40664
swapinfo.total 2594812
swapinfo.free 2594812
swapinfo.used 0
swapinfo.in 0
swapinfo.out 0
pageinfo.fault 0
pageinfo.majfault 0
pageinfo.in 0
pageinfo.out 0
nettotals.kbin 0
nettotals.pktin 0
nettotals.kbout 0
nettotals.pktout 0
cpuinfo.user.cpu0 99
cpuinfo.nice.cpu0 0
cpuinfo.sys.cpu0 1
cpuinfo.wait.cpu0 0
cpuinfo.irq.cpu0 0
cpuinfo.soft.cpu0 0
cpuinfo.steal.cpu0 0
cpuinfo.idle.cpu0 0
cpuinfo.intrpt.cpu0 0
cputotals.systot.cpu0 1
cputotals.usertot.cpu0 99
cpuinfo.user.cpu1 100
cpuinfo.nice.cpu1 0
cpuinfo.sys.cpu1 0
cpuinfo.wait.cpu1 0
cpuinfo.irq.cpu1 0
cpuinfo.soft.cpu1 0
cpuinfo.steal.cpu1 0
cpuinfo.idle.cpu1 0
cpuinfo.intrpt.cpu1 0
cputotals.systot.cpu1 0
cputotals.usertot.cpu1 100
Bogus data record skipped for NET:enp1s0: data on 20241211 at 17:01:59
sample.time 1733936520.001
cputotals.num 2
cputotals.user 98
cputotals.nice 0
cputotals.sys 0
cputotals.wait 0
cputotals.irq 0
cputotals.soft 0
cputotals.steal 2
cputotals.idle 0
cputotals.systot 2
cputotals.usertot 98
cputotals.total 100
ctxint.ctx 57
ctxint.int 511
proc.creates 0
proc.runq 174
proc.run 2
cpuload.avg1 0.31
cpuload.avg5 0.39
cpuload.avg15 0.73
disktotals.reads 0
disktotals.readkbs 0
disktotals.writes 0
disktotals.writekbs 0
meminfo.tot 4005796
meminfo.used 1053760
meminfo.free 2952036
meminfo.shared 0
meminfo.buf 23656
meminfo.cached 546580
meminfo.slab 77308
meminfo.map 102672
meminfo.anon 343892
meminfo.anonH 0
meminfo.dirty 780
meminfo.locked 27620
meminfo.inactive 181744
meminfo.hugetot 0
meminfo.hugefree 0
meminfo.hugersvd 0
meminfo.sunreclaim 40664
swapinfo.total 2594812
swapinfo.free 2594812
swapinfo.used 0
swapinfo.in 0
swapinfo.out 0
pageinfo.fault 0
pageinfo.majfault 0
pageinfo.in 0
pageinfo.out 0
nettotals.kbin 0
nettotals.pktin 0
nettotals.kbout 0
nettotals.pktout 0
cpuinfo.user.cpu0 99
cpuinfo.nice.cpu0 0
cpuinfo.sys.cpu0 0
cpuinfo.wait.cpu0 0
cpuinfo.irq.cpu0 0
cpuinfo.soft.cpu0 0
cpuinfo.steal.cpu0 1
cpuinfo.idle.cpu0 0
cpuinfo.intrpt.cpu0 0
cputotals.systot.cpu0 1
cputotals.usertot.cpu0 99
cpuinfo.user.cpu1 97
cpuinfo.nice.cpu1 0
cpuinfo.sys.cpu1 0
cpuinfo.wait.cpu1 0
cpuinfo.irq.cpu1 0
cpuinfo.soft.cpu1 0
cpuinfo.steal.cpu1 3
cpuinfo.idle.cpu1 0
cpuinfo.intrpt.cpu1 0
cputotals.systot.cpu1 3
cputotals.usertot.cpu1 97
Bogus data record skipped for NET:enp1s0: data on 20241211 at 17:02:00
sample.time 1733936521.001
cputotals.num 2
cputotals.user 99
cputotals.nice 0
cputotals.sys 0
cputotals.wait 0
cputotals.irq 0
cputotals.soft 0
cputotals.steal 1
cputotals.idle 0
cputotals.systot 1
cputotals.usertot 99
cputotals.total 100
ctxint.ctx 189
ctxint.int 575
proc.creates 0
proc.runq 174
proc.run 2
cpuload.avg1 0.44
cpuload.avg5 0.42
cpuload.avg15 0.74
disktotals.reads 0
disktotals.readkbs 0
disktotals.writes 0
disktotals.writekbs 0
meminfo.tot 4005796
meminfo.used 1053760
meminfo.free 2952036
meminfo.shared 0
meminfo.buf 23656
meminfo.cached 546580
meminfo.slab 77308
meminfo.map 102672
meminfo.anon 343892
meminfo.anonH 0
meminfo.dirty 780
meminfo.locked 27620
meminfo.inactive 181744
meminfo.hugetot 0
meminfo.hugefree 0
meminfo.hugersvd 0
meminfo.sunreclaim 40664
swapinfo.total 2594812
swapinfo.free 2594812
swapinfo.used 0
swapinfo.in 0
swapinfo.out 0
pageinfo.fault 0
pageinfo.majfault 0
pageinfo.in 0
pageinfo.out 0
nettotals.kbin 0
nettotals.pktin 0
nettotals.kbout 0
nettotals.pktout 0
cpuinfo.user.cpu0 100
cpuinfo.nice.cpu0 0
cpuinfo.sys.cpu0 0
cpuinfo.wait.cpu0 0
cpuinfo.irq.cpu0 0
cpuinfo.soft.cpu0 0
cpuinfo.steal.cpu0 0
cpuinfo.idle.cpu0 0
cpuinfo.intrpt.cpu0 0
cputotals.systot.cpu0 0
cputotals.usertot.cpu0 100
cpuinfo.user.cpu1 98
cpuinfo.nice.cpu1 0
cpuinfo.sys.cpu1 0
cpuinfo.wait.cpu1 0
cpuinfo.irq.cpu1 0
cpuinfo.soft.cpu1 0
cpuinfo.steal.cpu1 2
cpuinfo.idle.cpu1 0
cpuinfo.intrpt.cpu1 0
cputotals.systot.cpu1 2
cputotals.usertot.cpu1 98
Bogus data record skipped for NET:enp1s0: data on 20241211 at 17:02:01
sample.time 1733936522.001
cputotals.num 2
cputotals.user 98
cputotals.nice 0
cputotals.sys 0
cputotals.wait 0
cputotals.irq 0
cputotals.soft 0
cputotals.steal 3
cputotals.idle 0
cputotals.systot 3
cputotals.usertot 98
cputotals.total 100
ctxint.ctx 55
ctxint.int 517
proc.creates 0
proc.runq 174
proc.run 2
cpuload.avg1 0.44
cpuload.avg5 0.42
cpuload.avg15 0.74
disktotals.reads 0
disktotals.readkbs 0
disktotals.writes 0
disktotals.writekbs 0
meminfo.tot 4005796
meminfo.used 1053760
meminfo.free 2952036
meminfo.shared 0
meminfo.buf 23656
meminfo.cached 546584
meminfo.slab 77308
meminfo.map 102672
meminfo.anon 343892
meminfo.anonH 0
meminfo.dirty 784
meminfo.locked 27620
meminfo.inactive 181744
meminfo.hugetot 0
meminfo.hugefree 0
meminfo.hugersvd 0
meminfo.sunreclaim 40664
swapinfo.total 2594812
swapinfo.free 2594812
swapinfo.used 0
swapinfo.in 0
swapinfo.out 0
pageinfo.fault 0
pageinfo.majfault 0
pageinfo.in 0
pageinfo.out 0
nettotals.kbin 0
nettotals.pktin 0
nettotals.kbout 0
nettotals.pktout 0
cpuinfo.user.cpu0 95
cpuinfo.nice.cpu0 0
cpuinfo.sys.cpu0 0
cpuinfo.wait.cpu0 0
cpuinfo.irq.cpu0 0
cpuinfo.soft.cpu0 0
cpuinfo.steal.cpu0 5
cpuinfo.idle.cpu0 0
cpuinfo.intrpt.cpu0 0
cputotals.systot.cpu0 5
cputotals.usertot.cpu0 95
cpuinfo.user.cpu1 100
cpuinfo.nice.cpu1 0
cpuinfo.sys.cpu1 0
cpuinfo.wait.cpu1 0
cpuinfo.irq.cpu1 0
cpuinfo.soft.cpu1 0
cpuinfo.steal.cpu1 0
cpuinfo.idle.cpu1 0
cpuinfo.intrpt.cpu1 0
cputotals.systot.cpu1 0
cputotals.usertot.cpu1 100
Bogus data record skipped for NET:enp1s0: data on 20241211 at 17:02:02
sample.time 1733936523.001
cputotals.num 2
cputotals.user 99
cputotals.nice 0
cputotals.sys 0
cputotals.wait 0
cputotals.irq 0
cputotals.soft 0
cputotals.steal 1
cputotals.idle 0
cputotals.systot 1
cputotals.usertot 99
cputotals.total 100
ctxint.ctx 77
ctxint.int 523
proc.creates 0
proc.runq 174
proc.run 2
cpuload.avg1 0.44
cpuload.avg5 0.42
cpuload.avg15 0.74
disktotals.reads 0
disktotals.readkbs 0
disktotals.writes 3
disktotals.writekbs 12
meminfo.tot 4005796
meminfo.used 1053760
meminfo.free 2952036
meminfo.shared 0
meminfo.buf 23664
meminfo.cached 546584
meminfo.slab 77308
meminfo.map 102672
meminfo.anon 343892
meminfo.anonH 0
meminfo.dirty 784
meminfo.locked 27620
meminfo.inactive 181744
meminfo.hugetot 0
meminfo.hugefree 0
meminfo.hugersvd 0
meminfo.sunreclaim 40664
swapinfo.total 2594812
swapinfo.free 2594812
swapinfo.used 0
swapinfo.in 0
swapinfo.out 0
pageinfo.fault 0
pageinfo.majfault 0
pageinfo.in 0
pageinfo.out 12
nettotals.kbin 0
nettotals.pktin 0
nettotals.kbout 0
nettotals.pktout 0
cpuinfo.user.cpu0 100
cpuinfo.nice.cpu0 0
cpuinfo.sys.cpu0 0
cpuinfo.wait.cpu0 0
cpuinfo.irq.cpu0 0
cpuinfo.soft.cpu0 0
cpuinfo.steal.cpu0 0
cpuinfo.idle.cpu0 0
cpuinfo.intrpt.cpu0 0
cputotals.systot.cpu0 0
cputotals.usertot.cpu0 100
cpuinfo.user.cpu1 98
cpuinfo.nice.cpu1 0
cpuinfo.sys.cpu1 0
cpuinfo.wait.cpu1 0
cpuinfo.irq.cpu1 0
cpuinfo.soft.cpu1 0
cpuinfo.steal.cpu1 2
cpuinfo.idle.cpu1 0
cpuinfo.intrpt.cpu1 0
cputotals.systot.cpu1 2
cputotals.usertot.cpu1 98
Bogus data record skipped for NET:enp1s0: data on 20241211 at 17:02:03
sample.time 1733936524.001
cputotals.num 2
cputotals.user 99
cputotals.nice 0
cputotals.sys 0
cputotals.wait 0
cputotals.irq 0
cputotals.soft 0
cputotals.steal 2
cputotals.idle 0
cputotals.systot 2
cputotals.usertot 99
cputotals.total 100
ctxint.ctx 79
ctxint.int 521
proc.creates 0
proc.runq 174
proc.run 2
cpuload.avg1 0.44
cpuload.avg5 0.42
cpuload.avg15 0.74
disktotals.reads 0
disktotals.readkbs 0
disktotals.writes 0
disktotals.writekbs 0
meminfo.tot 4005796
meminfo.used 1053760
meminfo.free 2952036
meminfo.shared 0
meminfo.buf 23664
meminfo.cached 546588
meminfo.slab 77308
meminfo.map 102672
meminfo.anon 343892
meminfo.anonH 0
meminfo.dirty 788
meminfo.locked 27620
meminfo.inactive 181744
meminfo.hugetot 0
meminfo.hugefree 0
meminfo.hugersvd 0
meminfo.sunreclaim 40664
swapinfo.total 2594812
swapinfo.free 2594812
swapinfo.used 0
swapinfo.in 0
swapinfo.out 0
pageinfo.fault 0
pageinfo.majfault 0
pageinfo.in 0
pageinfo.out 0
nettotals.kbin 0
nettotals.pktin 0
nettotals.kbout 0
nettotals.pktout 0
cpuinfo.user.cpu0 99
cpuinfo.nice.cpu0 0
cpuinfo.sys.cpu0 0
cpuinfo.wait.cpu0 0
cpuinfo.irq.cpu0 0
cpuinfo.soft.cpu0 0
cpuinfo.steal.cpu0 1
cpuinfo.idle.cpu0 0
cpuinfo.intrpt.cpu0 0
cputotals.systot.cpu0 1
cputotals.usertot.cpu0 99
cpuinfo.user.cpu1 97
cpuinfo.nice.cpu1 0
cpuinfo.sys.cpu1 0
cpuinfo.wait.cpu1 0
cpuinfo.irq.cpu1 0
cpuinfo.soft.cpu1 0
cpuinfo.steal.cpu1 3
cpuinfo.idle.cpu1 0
cpuinfo.intrpt.cpu1 0
cputotals.systot.cpu1 3
cputotals.usertot.cpu1 97
Bogus data record skipped for NET:enp1s0: data on 20241211 at 17:02:04
sample.time 1733936525.001
cputotals.num 2
cputotals.user 99
cputotals.nice 0
cputotals.sys 0
cputotals.wait 0
cputotals.irq 0
cputotals.soft 0
cputotals.steal 2
cputotals.idle 0
cputotals.systot 2
cputotals.usertot 99
cputotals.total 100
ctxint.ctx 58
ctxint.int 514
proc.creates 0
proc.runq 174
proc.run 2
cpuload.avg1 0.44
cpuload.avg5 0.42
cpuload.avg15 0.74
disktotals.reads 0
disktotals.readkbs 0
disktotals.writes 0
disktotals.writekbs 0
meminfo.tot 4005796
meminfo.used 1053760
meminfo.free 2952036
meminfo.shared 0
meminfo.buf 23664
meminfo.cached 546588
meminfo.slab 77308
meminfo.map 102672
meminfo.anon 343892
meminfo.anonH 0
meminfo.dirty 788
meminfo.locked 27620
meminfo.inactive 181744
meminfo.hugetot 0
meminfo.hugefree 0
meminfo.hugersvd 0
meminfo.sunreclaim 40664
swapinfo.total 2594812
swapinfo.free 2594812
swapinfo.used 0
swapinfo.in 0
swapinfo.out 0
pageinfo.fault 0
pageinfo.majfault 0
pageinfo.in 0
pageinfo.out 0
nettotals.kbin 0
nettotals.pktin 0
nettotals.kbout 0
nettotals.pktout 0
cpuinfo.user.cpu0 100
cpuinfo.nice.cpu0 0
cpuinfo.sys.cpu0 0
cpuinfo.wait.cpu0 0
cpuinfo.irq.cpu0 0
cpuinfo.soft.cpu0 0
cpuinfo.steal.cpu0 0
cpuinfo.idle.cpu0 0
cpuinfo.intrpt.cpu0 0
cputotals.systot.cpu0 0
cputotals.usertot.cpu0 100
cpuinfo.user.cpu1 96
cpuinfo.nice.cpu1 0
cpuinfo.sys.cpu1 1
cpuinfo.wait.cpu1 0
cpuinfo.irq.cpu1 0
cpuinfo.soft.cpu1 0
cpuinfo.steal.cpu1 3
cpuinfo.idle.cpu1 0
cpuinfo.intrpt.cpu1 0
cputotals.systot.cpu1 4
cputotals.usertot.cpu1 96
Bogus data record skipped for NET:enp1s0: data on 20241211 at 17:02:05
sample.time 1733936526.001
cputotals.num 2
cputotals.user 97
cputotals.nice 0
cputotals.sys 0
cputotals.wait 0
cputotals.irq 0
cputotals.soft 0
cputotals.steal 3
cputotals.idle 0
cputotals.systot 3
cputotals.usertot 97
cputotals.total 100
ctxint.ctx 57
ctxint.int 516
proc.creates 0
proc.runq 174
proc.run 2
cpuload.avg1 0.57
cpuload.avg5 0.45
cpuload.avg15 0.74
disktotals.reads 0
disktotals.readkbs 0
disktotals.writes 0
disktotals.writekbs 0
meminfo.tot 4005796
meminfo.used 1053760
meminfo.free 2952036
meminfo.shared 0
meminfo.buf 23664
meminfo.cached 546588
meminfo.slab 77308
meminfo.map 102672
meminfo.anon 343892
meminfo.anonH 0
meminfo.dirty 788
meminfo.locked 27620
meminfo.inactive 181744
meminfo.hugetot 0
meminfo.hugefree 0
meminfo.hugersvd 0
meminfo.sunreclaim 40664
swapinfo.total 2594812
swapinfo.free 2594812
swapinfo.used 0
swapinfo.in 0
swapinfo.out 0
pageinfo.fault 0
pageinfo.majfault 0
pageinfo.in 0
pageinfo.out 0
nettotals.kbin 0
nettotals.pktin 0
nettotals.kbout 0
nettotals.pktout 0
cpuinfo.user.cpu0 100
cpuinfo.nice.cpu0 0
cpuinfo.sys.cpu0 0
cpuinfo.wait.cpu0 0
cpuinfo.irq.cpu0 0
cpuinfo.soft.cpu0 0
cpuinfo.steal.cpu0 0
cpuinfo.idle.cpu0 0
cpuinfo.intrpt.cpu0 0
cputotals.systot.cpu0 0
cputotals.usertot.cpu0 100
cpuinfo.user.cpu1 94
cpuinfo.nice.cpu1 0
cpuinfo.sys.cpu1 0
cpuinfo.wait.cpu1 0
cpuinfo.irq.cpu1 0
cpuinfo.soft.cpu1 0
cpuinfo.steal.cpu1 6
cpuinfo.idle.cpu1 0
cpuinfo.intrpt.cpu1 0
cputotals.systot.cpu1 6
cputotals.usertot.cpu1 94
Bogus data record skipped for NET:enp1s0: data on 20241211 at 17:02:06
sample.time 1733936527.001
cputotals.num 2
cputotals.user 99
cputotals.nice 0
cputotals.sys 0
cputotals.wait 0
cputotals.irq 0
cputotals.soft 0
cputotals.steal 1
cputotals.idle 0
cputotals.systot 1
cputotals.usertot 99
cputotals.total 100
ctxint.ctx 71
ctxint.int 516
proc.creates 0
proc.runq 174
proc.run 2
cpuload.avg1 0.57
cpuload.avg5 0.45
cpuload.avg15 0.74
disktotals.reads 0
disktotals.readkbs 0
disktotals.writes 0
disktotals.writekbs 0
meminfo.tot 4005796
meminfo.used 1053760
meminfo.free 2952036
meminfo.shared 0
meminfo.buf 23664
meminfo.cached 546592
meminfo.slab 77308
meminfo.map 102672
meminfo.anon 343892
meminfo.anonH 0
meminfo.dirty 792
meminfo.locked 27620
meminfo.inactive 181744
meminfo.hugetot 0
meminfo.hugefree 0
meminfo.hugersvd 0
meminfo.sunreclaim 40664
swapinfo.total 2594812
swapinfo.free 2594812
swapinfo.used 0
swapinfo.in 0
swapinfo.out 0
pageinfo.fault 0
pageinfo.majfault 0
pageinfo.in 0
pageinfo.out 0
nettotals.kbin 0
nettotals.pktin 0
nettotals.kbout 0
nettotals.pktout 0
cpuinfo.user.cpu0 99
cpuinfo.nice.cpu0 0
cpuinfo.sys.cpu0 0
cpuinfo.wait.cpu0 0
cpuinfo.irq.cpu0 0
cpuinfo.soft.cpu0 0
cpuinfo.steal.cpu0 1
cpuinfo.idle.cpu0 0
cpuinfo.intrpt.cpu0 0
cputotals.systot.cpu0 1
cputotals.usertot.cpu0 99
cpuinfo.user.cpu1 99
cpuinfo.nice.cpu1 0
cpuinfo.sys.cpu1 0
cpuinfo.wait.cpu1 0
cpuinfo.irq.cpu1 0
cpuinfo.soft.cpu1 0
cpuinfo.steal.cpu1 1
cpuinfo.idle.cpu1 0
cpuinfo.intrpt.cpu1 0
cputotals.systot.cpu1 1
cputotals.usertot.cpu1 99
Bogus data record skipped for NET:enp1s0: data on 20241211 at 17:02:07
sample.time 1733936528.001
cputotals.num 2
cputotals.user 98
cputotals.nice 0
cputotals.sys 0
cputotals.wait 0
cputotals.irq 0
cputotals.soft 0
cputotals.steal 3
cputotals.idle 0
cputotals.systot 3
cputotals.usertot 98
cputotals.total 100
ctxint.ctx 59
ctxint.int 515
proc.creates 0
proc.runq 174
proc.run 2
cpuload.avg1 0.57
cpuload.avg5 0.45
cpuload.avg15 0.74
disktotals.reads 0
disktotals.readkbs 0
disktotals.writes 3
disktotals.writekbs 12
meminfo.tot 4005796
meminfo.used 1053760
meminfo.free 2952036
meminfo.shared 0
meminfo.buf 23672
meminfo.cached 546592
meminfo.slab 77308
meminfo.map 102672
meminfo.anon 343892
meminfo.anonH 0
meminfo.dirty 792
meminfo.locked 27620
meminfo.inactive 181744
meminfo.hugetot 0
meminfo.hugefree 0
meminfo.hugersvd 0
meminfo.sunreclaim 40664
swapinfo.total 2594812
swapinfo.free 2594812
swapinfo.used 0
swapinfo.in 0
swapinfo.out 0
pageinfo.fault 0
pageinfo.majfault 0
pageinfo.in 0
pageinfo.out 12
nettotals.kbin 0
nettotals.pktin 0
nettotals.kbout 0
nettotals.pktout 0
cpuinfo.user.cpu0 96
cpuinfo.nice.cpu0 0
cpuinfo.sys.cpu0 0
cpuinfo.wait.cpu0 0
cpuinfo.irq.cpu0 0
cpuinfo.soft.cpu0 0
cpuinfo.steal.cpu0 4
cpuinfo.idle.cpu0 0
cpuinfo.intrpt.cpu0 0
cputotals.systot.cpu0 4
cputotals.usertot.cpu0 96
cpuinfo.user.cpu1 100
cpuinfo.nice.cpu1 0
cpuinfo.sys.cpu1 0
cpuinfo.wait.cpu1 0
cpuinfo.irq.cpu1 0
cpuinfo.soft.cpu1 0
cpuinfo.steal.cpu1 0
cpuinfo.idle.cpu1 0
cpuinfo.intrpt.cpu1 0
cputotals.systot.cpu1 0
cputotals.usertot.cpu1 100
Bogus data record skipped for NET:enp1s0: data on 20241211 at 17:02:08
sample.time 1733936529.001
cputotals.num 2
cputotals.user 98
cputotals.nice 0
cputotals.sys 0
cputotals.wait 0
cputotals.irq 0
cputotals.soft 0
cputotals.steal 3
cputotals.idle 0
cputotals.systot 3
cputotals.usertot 98
cputotals.total 100
ctxint.ctx 60
ctxint.int 511
proc.creates 0
proc.runq 174
proc.run 2
cpuload.avg1 0.57
cpuload.avg5 0.45
cpuload.avg15 0.74
disktotals.reads 0
disktotals.readkbs 0
disktotals.writes 0
disktotals.writekbs 0
meminfo.tot 4005796
meminfo.used 1053760
meminfo.free 2952036
meminfo.shared 0
meminfo.buf 23672
meminfo.cached 546592
meminfo.slab 77308
meminfo.map 102672
meminfo.anon 343892
meminfo.anonH 0
meminfo.dirty 792
meminfo.locked 27620
meminfo.inactive 181744
meminfo.hugetot 0
meminfo.hugefree 0
meminfo.hugersvd 0
meminfo.sunreclaim 40664
swapinfo.total 2594812
swapinfo.free 2594812
swapinfo.used 0
swapinfo.in 0
swapinfo.out 0
pageinfo.fault 0
pageinfo.majfault 0
pageinfo.in 0
pageinfo.out 0
nettotals.kbin 0
nettotals.pktin 0
nettotals.kbout 0
nettotals.pktout 0
cpuinfo.user.cpu0 96
cpuinfo.nice.cpu0 0
cpuinfo.sys.cpu0 0
cpuinfo.wait.cpu0 0
cpuinfo.irq.cpu0 0
cpuinfo.soft.cpu0 0
cpuinfo.steal.cpu0 4
cpuinfo.idle.cpu0 0
cpuinfo.intrpt.cpu0 0
cputotals.systot.cpu0 4
cputotals.usertot.cpu0 96
cpuinfo.user.cpu1 99
cpuinfo.nice.cpu1 0
cpuinfo.sys.cpu1 0
cpuinfo.wait.cpu1 0
cpuinfo.irq.cpu1 0
cpuinfo.soft.cpu1 0
cpuinfo.steal.cpu1 1
cpuinfo.idle.cpu1 0
cpuinfo.intrpt.cpu1 0
cputotals.systot.cpu1 1
cputotals.usertot.cpu1 99
Bogus data record skipped for NET:enp1s0: data on 20241211 at 17:02:09
sample.time 1733936530.001
cputotals.num 2
cputotals.user 99
cputotals.nice 0
cputotals.sys 0
cputotals.wait 0
cputotals.irq 0
cputotals.soft 0
cputotals.steal 1
cputotals.idle 0
cputotals.systot 1
cputotals.usertot 99
cputotals.total 100
ctxint.ctx 57
ctxint.int 512
proc.creates 0
proc.runq 174
proc.run 2
cpuload.avg1 0.57
cpuload.avg5 0.45
cpuload.avg15 0.74
disktotals.reads 0
disktotals.readkbs 0
disktotals.writes 0
disktotals.writekbs 0
meminfo.tot 4005796
meminfo.used 1053760
meminfo.free 2952036
meminfo.shared 0
meminfo.buf 23672
meminfo.cached 546596
meminfo.slab 77308
meminfo.map 102672
meminfo.anon 343892
meminfo.anonH 0
meminfo.dirty 796
meminfo.locked 27620
meminfo.inactive 181772
meminfo.hugetot 0
meminfo.hugefree 0
meminfo.hugersvd 0
meminfo.sunreclaim 40664
swapinfo.total 2594812
swapinfo.free 2594812
swapinfo.used 0
swapinfo.in 0
swapinfo.out 0
pageinfo.fault 0
pageinfo.majfault 0
pageinfo.in 0
pageinfo.out 0
nettotals.kbin 0
nettotals.pktin 0
nettotals.kbout 0
nettotals.pktout 0
cpuinfo.user.cpu0 98
cpuinfo.nice.cpu0 0
cpuinfo.sys.cpu0 0
cpuinfo.wait.cpu0 0
cpuinfo.irq.cpu0 0
cpuinfo.soft.cpu0 0
cpuinfo.steal.cpu0 2
cpuinfo.idle.cpu0 0
cpuinfo.intrpt.cpu0 0
cputotals.systot.cpu0 2
cputotals.usertot.cpu0 98
cpuinfo.user.cpu1 100
cpuinfo.nice.cpu1 0
cpuinfo.sys.cpu1 0
cpuinfo.wait.cpu1 0
cpuinfo.irq.cpu1 0
cpuinfo.soft.cpu1 0
cpuinfo.steal.cpu1 0
cpuinfo.idle.cpu1 0
cpuinfo.intrpt.cpu1 0
cputotals.systot.cpu1 0
cputotals.usertot.cpu1 100
Bogus data record skipped for NET:enp1s0: data on 20241211 at 17:02:10
sample.time 1733936531.001
cputotals.num 2
cputotals.user 98
cputotals.nice 0
cputotals.sys 0
cputotals.wait 0
cputotals.irq 0
cputotals.soft 0
cputotals.steal 2
cputotals.idle 0
cputotals.systot 2
cputotals.usertot 98
cputotals.total 100
ctxint.ctx 71
ctxint.int 511
proc.creates 0
proc.runq 174
proc.run 2
cpuload.avg1 0.76
cpuload.avg5 0.49
cpuload.avg15 0.75
disktotals.reads 0
disktotals.readkbs 0
disktotals.writes 0
disktotals.writekbs 0
meminfo.tot 4005796
meminfo.used 1053760
meminfo.free 2952036
meminfo.shared 0
meminfo.buf 23672
meminfo.cached 546596
meminfo.slab 77308
meminfo.map 102672
meminfo.anon 343892
meminfo.anonH 0
meminfo.dirty 796
meminfo.locked 27620
meminfo.inactive 181772
meminfo.hugetot 0
meminfo.hugefree 0
meminfo.hugersvd 0
meminfo.sunreclaim 40664
swapinfo.total 2594812
swapinfo.free 2594812
swapinfo.used 0
swapinfo.in 0
swapinfo.out 0
pageinfo.fault 0
pageinfo.majfault 0
pageinfo.in 0
pageinfo.out 0
nettotals.kbin 0
nettotals.pktin 0
nettotals.kbout 0
nettotals.pktout 0
cpuinfo.user.cpu0 99
cpuinfo.nice.cpu0 0
cpuinfo.sys.cpu0 0
cpuinfo.wait.cpu0 0
cpuinfo.irq.cpu0 0
cpuinfo.soft.cpu0 0
cpuinfo.steal.cpu0 1
cpuinfo.idle.cpu0 0
cpuinfo.intrpt.cpu0 0
cputotals.systot.cpu0 1
cputotals.usertot.cpu0 99
cpuinfo.user.cpu1 96
cpuinfo.nice.cpu1 0
cpuinfo.sys.cpu1 0
cpuinfo.wait.cpu1 0
cpuinfo.irq.cpu1 0
cpuinfo.soft.cpu1 0
cpuinfo.steal.cpu1 4
cpuinfo.idle.cpu1 0
cpuinfo.intrpt.cpu1 0
cputotals.systot.cpu1 4
cputotals.usertot.cpu1 96
Bogus data record skipped for NET:enp1s0: data on 20241211 at 17:02:11
sample.time 1733936532.001
cputotals.num 2
cputotals.user 100
cputotals.nice 0
cputotals.sys 0
cputotals.wait 0
cputotals.irq 0
cputotals.soft 0
cputotals.steal 1
cputotals.idle 0
cputotals.systot 1
cputotals.usertot 100
cputotals.total 100
ctxint.ctx 61
ctxint.int 513
proc.creates 0
proc.runq 174
proc.run 2
cpuload.avg1 0.76
cpuload.avg5 0.49
cpuload.avg15 0.75
disktotals.reads 0
disktotals.readkbs 0
disktotals.writes 0
disktotals.writekbs 0
meminfo.tot 4005796
meminfo.used 1053760
meminfo.free 2952036
meminfo.shared 0
meminfo.buf 23672
meminfo.cached 546600
meminfo.slab 77308
meminfo.map 102672
meminfo.anon 343892
meminfo.anonH 0
meminfo.dirty 800
meminfo.locked 27620
meminfo.inactive 181772
meminfo.hugetot 0
meminfo.hugefree 0
meminfo.hugersvd 0
meminfo.sunreclaim 40664
swapinfo.total 2594812
swapinfo.free 2594812
swapinfo.used 0
swapinfo.in 0
swapinfo.out 0
pageinfo.fault 0
pageinfo.majfault 0
pageinfo.in 0
pageinfo.out 0
nettotals.kbin 0
nettotals.pktin 0
nettotals.kbout 0
nettotals.pktout 0
cpuinfo.user.cpu0 100
cpuinfo.nice.cpu0 0
cpuinfo.sys.cpu0 0
cpuinfo.wait.cpu0 0
cpuinfo.irq.cpu0 0
cpuinfo.soft.cpu0 0
cpuinfo.steal.cpu0 0
cpuinfo.idle.cpu0 0
cpuinfo.intrpt.cpu0 0
cputotals.systot.cpu0 0
cputotals.usertot.cpu0 100
cpuinfo.user.cpu1 100
cpuinfo.nice.cpu1 0
cpuinfo.sys.cpu1 0
cpuinfo.wait.cpu1 0
cpuinfo.irq.cpu1 0
cpuinfo.soft.cpu1 0
cpuinfo.steal.cpu1 0
cpuinfo.idle.cpu1 0
cpuinfo.intrpt.cpu1 0
cputotals.systot.cpu1 0
cputotals.usertot.cpu1 100
Bogus data record skipped for NET:enp1s0: data on 20241211 at 17:02:12
sample.time 1733936533.001
cputotals.num 2
cputotals.user 100
cputotals.nice 0
cputotals.sys 0
cputotals.wait 0
cputotals.irq 0
cputotals.soft 0
cputotals.steal 0
cputotals.idle 0
cputotals.systot 0
cputotals.usertot 100
cputotals.total 100
ctxint.ctx 70
ctxint.int 515
proc.creates 0
proc.runq 174
proc.run 2
cpuload.avg1 0.76
cpuload.avg5 0.49
cpuload.avg15 0.75
disktotals.reads 0
disktotals.readkbs 0
disktotals.writes 3
disktotals.writekbs 12
meminfo.tot 4005796
meminfo.used 1053760
meminfo.free 2952036
meminfo.shared 0
meminfo.buf 23680
meminfo.cached 546600
meminfo.slab 77308
meminfo.map 102672
meminfo.anon 343892
meminfo.anonH 0
meminfo.dirty 800
meminfo.locked 27620
meminfo.inactive 181772
meminfo.hugetot 0
meminfo.hugefree 0
meminfo.hugersvd 0
meminfo.sunreclaim 40664
swapinfo.total 2594812
swapinfo.free 2594812
swapinfo.used 0
swapinfo.in 0
swapinfo.out 0
pageinfo.fault 0
pageinfo.majfault 0
pageinfo.in 0
pageinfo.out 12
nettotals.kbin 0
nettotals.pktin 0
nettotals.kbout 0
nettotals.pktout 0
cpuinfo.user.cpu0 99
cpuinfo.nice.cpu0 0
cpuinfo.sys.cpu0 0
cpuinfo.wait.cpu0 0
cpuinfo.irq.cpu0 0
cpuinfo.soft.cpu0 0
cpuinfo.steal.cpu0 1
cpuinfo.idle.cpu0 0
cpuinfo.intrpt.cpu0 0
cputotals.systot.cpu0 1
cputotals.usertot.cpu0 99
cpuinfo.user.cpu1 100
cpuinfo.nice.cpu1 0
cpuinfo.sys.cpu1 0
cpuinfo.wait.cpu1 0
cpuinfo.irq.cpu1 0
cpuinfo.soft.cpu1 0
cpuinfo.steal.cpu1 0
cpuinfo.idle.cpu1 0
cpuinfo.intrpt.cpu1 0
cputotals.systot.cpu1 0
cputotals.usertot.cpu1 100
Bogus data record skipped for NET:enp1s0: data on 20241211 at 17:02:13
sample.time 1733936534.001
cputotals.num 2
cputotals.user 100
cputotals.nice 0
cputotals.sys 0
cputotals.wait 0
cputotals.irq 0
cputotals.soft 0
cputotals.steal 1
cputotals.idle 0
cputotals.systot 1
cputotals.usertot 100
cputotals.total 100
ctxint.ctx 51
ctxint.int 512
proc.creates 0
proc.runq 174
proc.run 2
cpuload.avg1 0.76
cpuload.avg5 0.49
cpuload.avg15 0.75
disktotals.reads 0
disktotals.readkbs 0
disktotals.writes 0
disktotals.writekbs 0
meminfo.tot 4005796
meminfo.used 1053760
meminfo.free 2952036
meminfo.shared 0
meminfo.buf 23680
meminfo.cached 546600
meminfo.slab 77308
meminfo.map 102672
meminfo.anon 343892
meminfo.anonH 0
meminfo.dirty 800
meminfo.locked 27620
meminfo.inactive 181772
meminfo.hugetot 0
meminfo.hugefree 0
meminfo.hugersvd 0
meminfo.sunreclaim 40664
swapinfo.total 2594812
swapinfo.free 2594812
swapinfo.used 0
swapinfo.in 0
swapinfo.out 0
pageinfo.fault 0
pageinfo.majfault 0
pageinfo.in 0
pageinfo.out 0
nettotals.kbin 0
nettotals.pktin 0
nettotals.kbout 0
nettotals.pktout 0
cpuinfo.user.cpu0 99
cpuinfo.nice.cpu0 0
cpuinfo.sys.cpu0 0
cpuinfo.wait.cpu0 0
cpuinfo.irq.cpu0 0
cpuinfo.soft.cpu0 0
cpuinfo.steal.cpu0 1
cpuinfo.idle.cpu0 0
cpuinfo.intrpt.cpu0 0
cputotals.systot.cpu0 1
cputotals.usertot.cpu0 99
cpuinfo.user.cpu1 100
cpuinfo.nice.cpu1 0
cpuinfo.sys.cpu1 0
cpuinfo.wait.cpu1 0
cpuinfo.irq.cpu1 0
cpuinfo.soft.cpu1 0
cpuinfo.steal.cpu1 0
cpuinfo.idle.cpu1 0
cpuinfo.intrpt.cpu1 0
cputotals.systot.cpu1 0
cputotals.usertot.cpu1 100
Bogus data record skipped for NET:enp1s0: data on 20241211 at 17:02:14
sample.time 1733936535.001
cputotals.num 2
cputotals.user 99
cputotals.nice 0
cputotals.sys 0
cputotals.wait 0
cputotals.irq 0
cputotals.soft 0
cputotals.steal 1
cputotals.idle 0
cputotals.systot 1
cputotals.usertot 99
cputotals.total 100
ctxint.ctx 67
ctxint.int 511
proc.creates 0
proc.runq 174
proc.run 2
cpuload.avg1 0.76
cpuload.avg5 0.49
cpuload.avg15 0.75
disktotals.reads 0
disktotals.readkbs 0
disktotals.writes 0
disktotals.writekbs 0
meminfo.tot 4005796
meminfo.used 1053760
meminfo.free 2952036
meminfo.shared 0
meminfo.buf 23680
meminfo.cached 546604
meminfo.slab 77308
meminfo.map 102672
meminfo.anon 343892
meminfo.anonH 0
meminfo.dirty 804
meminfo.locked 27620
meminfo.inactive 181772
meminfo.hugetot 0
meminfo.hugefree 0
meminfo.hugersvd 0
meminfo.sunreclaim 40664
swapinfo.total 2594812
swapinfo.free 2594812
swapinfo.used 0
swapinfo.in 0
swapinfo.out 0
pageinfo.fault 0
pageinfo.majfault 0
pageinfo.in 0
pageinfo.out 0
nettotals.kbin 0
nettotals.pktin 0
nettotals.kbout 0
nettotals.pktout 0
cpuinfo.user.cpu0 98
cpuinfo.nice.cpu0 0
cpuinfo.sys.cpu0 0
cpuinfo.wait.cpu0 0
cpuinfo.irq.cpu0 0
cpuinfo.soft.cpu0 0
cpuinfo.steal.cpu0 2
cpuinfo.idle.cpu0 0
cpuinfo.intrpt.cpu0 0
cputotals.systot.cpu0 2
cputotals.usertot.cpu0 98
cpuinfo.user.cpu1 100
cpuinfo.nice.cpu1 0
cpuinfo.sys.cpu1 0
cpuinfo.wait.cpu1 0
cpuinfo.irq.cpu1 0
cpuinfo.soft.cpu1 0
cpuinfo.steal.cpu1 0
cpuinfo.idle.cpu1 0
cpuinfo.intrpt.cpu1 0
cputotals.systot.cpu1 0
cputotals.usertot.cpu1 100
Bogus data record skipped for NET:enp1s0: data on 20241211 at 17:02:15
sample.time 1733936536.001
cputotals.num 2
cputotals.user 100
cputotals.nice 0
cputotals.sys 0
cputotals.wait 0
cputotals.irq 0
cputotals.soft 0
cputotals.steal 1
cputotals.idle 0
cputotals.systot 1
cputotals.usertot 100
cputotals.total 100
ctxint.ctx 61
ctxint.int 514
proc.creates 0
proc.runq 174
proc.run 2
cpuload.avg1 0.86
cpuload.avg5 0.52
cpuload.avg15 0.76
disktotals.reads 0
disktotals.readkbs 0
disktotals.writes 0
disktotals.writekbs 0
meminfo.tot 4005796
meminfo.used 1053760
meminfo.free 2952036
meminfo.shared 0
meminfo.buf 23680
meminfo.cached 546604
meminfo.slab 77308
meminfo.map 102672
meminfo.anon 343892
meminfo.anonH 0
meminfo.dirty 804
meminfo.locked 27620
meminfo.inactive 181772
meminfo.hugetot 0
meminfo.hugefree 0
meminfo.hugersvd 0
meminfo.sunreclaim 40664
swapinfo.total 2594812
swapinfo.free 2594812
swapinfo.used 0
swapinfo.in 0
swapinfo.out 0
pageinfo.fault 0
pageinfo.majfault 0
pageinfo.in 0
pageinfo.out 0
nettotals.kbin 0
nettotals.pktin 0
nettotals.kbout 0
nettotals.pktout 0
cpuinfo.user.cpu0 99
cpuinfo.nice.cpu0 0
cpuinfo.sys.cpu0 0
cpuinfo.wait.cpu0 0
cpuinfo.irq.cpu0 0
cpuinfo.soft.cpu0 0
cpuinfo.steal.cpu0 1
cpuinfo.idle.cpu0 0
cpuinfo.intrpt.cpu0 0
cputotals.systot.cpu0 1
cputotals.usertot.cpu0 99
cpuinfo.user.cpu1 100
cpuinfo.nice.cpu1 0
cpuinfo.sys.cpu1 0
cpuinfo.wait.cpu1 0
cpuinfo.irq.cpu1 0
cpuinfo.soft.cpu1 0
cpuinfo.steal.cpu1 0
cpuinfo.idle.cpu1 0
cpuinfo.intrpt.cpu1 0
cputotals.systot.cpu1 0
cputotals.usertot.cpu1 100
Bogus data record skipped for NET:enp1s0: data on 20241211 at 17:02:16
sample.time 1733936537.001
cputotals.num 2
cputotals.user 98
cputotals.nice 0
cputotals.sys 1
cputotals.wait 0
cputotals.irq 0
cputotals.soft 0
cputotals.steal 2
cputotals.idle 0
cputotals.systot 2
cputotals.usertot 98
cputotals.total 100
ctxint.ctx 109
ctxint.int 528
proc.creates 0
proc.runq 174
proc.run 2
cpuload.avg1 0.86
cpuload.avg5 0.52
cpuload.avg15 0.76
disktotals.reads 0
disktotals.readkbs 0
disktotals.writes 116
disktotals.writekbs 632
meminfo.tot 4005796
meminfo.used 1053760
meminfo.free 2952036
meminfo.shared 0
meminfo.buf 23680
meminfo.cached 546604
meminfo.slab 77308
meminfo.map 102672
meminfo.anon 343892
meminfo.anonH 0
meminfo.dirty 172
meminfo.locked 27620
meminfo.inactive 181780
meminfo.hugetot 0
meminfo.hugefree 0
meminfo.hugersvd 0
meminfo.sunreclaim 40664
swapinfo.total 2594812
swapinfo.free 2594812
swapinfo.used 0
swapinfo.in 0
swapinfo.out 0
pageinfo.fault 0
pageinfo.majfault 0
pageinfo.in 0
pageinfo.out 632
nettotals.kbin 0
nettotals.pktin 0
nettotals.kbout 0
nettotals.pktout 0
cpuinfo.user.cpu0 98
cpuinfo.nice.cpu0 0
cpuinfo.sys.cpu0 1
cpuinfo.wait.cpu0 0
cpuinfo.irq.cpu0 0
cpuinfo.soft.cpu0 0
cpuinfo.steal.cpu0 1
cpuinfo.idle.cpu0 0
cpuinfo.intrpt.cpu0 0
cputotals.systot.cpu0 2
cputotals.usertot.cpu0 98
cpuinfo.user.cpu1 98
cpuinfo.nice.cpu1 0
cpuinfo.sys.cpu1 0
cpuinfo.wait.cpu1 0
cpuinfo.irq.cpu1 0
cpuinfo.soft.cpu1 0
cpuinfo.steal.cpu1 2
cpuinfo.idle.cpu1 0
cpuinfo.intrpt.cpu1 0
cputotals.systot.cpu1 2
cputotals.usertot.cpu1 98
Bogus data record skipped for NET:enp1s0: data on 20241211 at 17:02:17
sample.time 1733936538.001
cputotals.num 2
cputotals.user 100
cputotals.nice 0
cputotals.sys 0
cputotals.wait 0
cputotals.irq 0
cputotals.soft 0
cputotals.steal 0
cputotals.idle 0
cputotals.systot 0
cputotals.usertot 100
cputotals.total 100
ctxint.ctx 82
ctxint.int 515
proc.creates 0
proc.runq 174
proc.run 2
cpuload.avg1 0.86
cpuload.avg5 0.52
cpuload.avg15 0.76
disktotals.reads 0
disktotals.readkbs 0
disktotals.writes 3
disktotals.writekbs 40
meminfo.tot 4005796
meminfo.used 1053760
meminfo.free 2952036
meminfo.shared 0
meminfo.buf 23688
meminfo.cached 546608
meminfo.slab 77308
meminfo.map 102672
meminfo.anon 343892
meminfo.anonH 0
meminfo.dirty 188
meminfo.locked 27620
meminfo.inactive 181780
meminfo.hugetot 0
meminfo.hugefree 0
meminfo.hugersvd 0
meminfo.sunreclaim 40664
swapinfo.total 2594812
swapinfo.free 2594812
swapinfo.used 0
swapinfo.in 0
swapinfo.out 0
pageinfo.fault 0
pageinfo.majfault 0
pageinfo.in 0
pageinfo.out 40
nettotals.kbin 0
nettotals.pktin 0
nettotals.kbout 0
nettotals.pktout 0
cpuinfo.user.cpu0 99
cpuinfo.nice.cpu0 0
cpuinfo.sys.cpu0 0
cpuinfo.wait.cpu0 0
cpuinfo.irq.cpu0 0
cpuinfo.soft.cpu0 0
cpuinfo.steal.cpu0 1
cpuinfo.idle.cpu0 0
cpuinfo.intrpt.cpu0 0
cputotals.systot.cpu0 1
cputotals.usertot.cpu0 99
cpuinfo.user.cpu1 100
cpuinfo.nice.cpu1 0
cpuinfo.sys.cpu1 0
cpuinfo.wait.cpu1 0
cpuinfo.irq.cpu1 0
cpuinfo.soft.cpu1 0
cpuinfo.steal.cpu1 0
cpuinfo.idle.cpu1 0
cpuinfo.intrpt.cpu1 0
cputotals.systot.cpu1 0
cputotals.usertot.cpu1 100
Bogus data record skipped for NET:enp1s0: data on 20241211 at 17:02:18
sample.time 1733936539.001
cputotals.num 2
cputotals.user 99
cputotals.nice 0
cputotals.sys 0
cputotals.wait 0
cputotals.irq 0
cputotals.soft 0
cputotals.steal 1
cputotals.idle 0
cputotals.systot 1
cputotals.usertot 99
cputotals.total 100
ctxint.ctx 52
ctxint.int 508
proc.creates 0
proc.runq 174
proc.run 2
cpuload.avg1 0.86
cpuload.avg5 0.52
cpuload.avg15 0.76
disktotals.reads 0
disktotals.readkbs 0
disktotals.writes 0
disktotals.writekbs 0
meminfo.tot 4005796
meminfo.used 1053760
meminfo.free 2952036
meminfo.shared 0
meminfo.buf 23688
meminfo.cached 546608
meminfo.slab 77308
meminfo.map 102672
meminfo.anon 343892
meminfo.anonH 0
meminfo.dirty 188
meminfo.locked 27620
meminfo.inactive 181780
meminfo.hugetot 0
meminfo.hugefree 0
meminfo.hugersvd 0
meminfo.sunreclaim 40664
swapinfo.total 2594812
swapinfo.free 2594812
swapinfo.used 0
swapinfo.in 0
swapinfo.out 0
pageinfo.fault 0
pageinfo.majfault 0
pageinfo.in 0
pageinfo.out 0
nettotals.kbin 0
nettotals.pktin 0
nettotals.kbout 0
nettotals.pktout 0
cpuinfo.user.cpu0 100
cpuinfo.nice.cpu0 0
cpuinfo.sys.cpu0 0
cpuinfo.wait.cpu0 0
cpuinfo.irq.cpu0 0
cpuinfo.soft.cpu0 0
cpuinfo.steal.cpu0 0
cpuinfo.idle.cpu0 0
cpuinfo.intrpt.cpu0 0
cputotals.systot.cpu0 0
cputotals.usertot.cpu0 100
cpuinfo.user.cpu1 98
cpuinfo.nice.cpu1 0
cpuinfo.sys.cpu1 0
cpuinfo.wait.cpu1 0
cpuinfo.irq.cpu1 0
cpuinfo.soft.cpu1 0
cpuinfo.steal.cpu1 2
cpuinfo.idle.cpu1 0
cpuinfo.intrpt.cpu1 0
cputotals.systot.cpu1 2
cputotals.usertot.cpu1 98
Bogus data record skipped for NET:enp1s0: data on 20241211 at 17:02:19
sample.time 1733936540.001
cputotals.num 2
cputotals.user 96
cputotals.nice 0
cputotals.sys 0
cputotals.wait 0
cputotals.irq 0
cputotals.soft 0
cputotals.steal 4
cputotals.idle 0
cputotals.systot 4
cputotals.usertot 96
cputotals.total 100
ctxint.ctx 53
ctxint.int 506
proc.creates 0
proc.runq 174
proc.run 2
cpuload.avg1 0.86
cpuload.avg5 0.52
cpuload.avg15 0.76
disktotals.reads 0
disktotals.readkbs 0
disktotals.writes 0
disktotals.writekbs 0
meminfo.tot 4005796
meminfo.used 1053760
meminfo.free 2952036
meminfo.shared 0
meminfo.buf 23688
meminfo.cached 546612
meminfo.slab 77308
meminfo.map 102672
meminfo.anon 343892
meminfo.anonH 0
meminfo.dirty 192
meminfo.locked 27620
meminfo.inactive 181780
meminfo.hugetot 0
meminfo.hugefree 0
meminfo.hugersvd 0
meminfo.sunreclaim 40664
swapinfo.total 2594812
swapinfo.free 2594812
swapinfo.used 0
swapinfo.in 0
swapinfo.out 0
pageinfo.fault 0
pageinfo.majfault 0
pageinfo.in 0
pageinfo.out 0
nettotals.kbin 0
nettotals.pktin 0
nettotals.kbout 0
nettotals.pktout 0
cpuinfo.user.cpu0 95
cpuinfo.nice.cpu0 0
cpuinfo.sys.cpu0 0
cpuinfo.wait.cpu0 0
cpuinfo.irq.cpu0 0
cpuinfo.soft.cpu0 0
cpuinfo.steal.cpu0 5
cpuinfo.idle.cpu0 0
cpuinfo.intrpt.cpu0 0
cputotals.systot.cpu0 5
cputotals.usertot.cpu0 95
cpuinfo.user.cpu1 99
cpuinfo.nice.cpu1 0
cpuinfo.sys.cpu1 0
cpuinfo.wait.cpu1 0
cpuinfo.irq.cpu1 0
cpuinfo.soft.cpu1 0
cpuinfo.steal.cpu1 1
cpuinfo.idle.cpu1 0
cpuinfo.intrpt.cpu1 0
cputotals.systot.cpu1 1
cputotals.usertot.cpu1 99
Bogus data record skipped for NET:enp1s0: data on 20241211 at 17:02:20
sample.time 1733936541.001
cputotals.num 2
cputotals.user 100
cputotals.nice 0
cputotals.sys 0
cputotals.wait 0
cputotals.irq 0
cputotals.soft 0
cputotals.steal 0
cputotals.idle 0
cputotals.systot 0
cputotals.usertot 100
cputotals.total 100
ctxint.ctx 66
ctxint.int 512
proc.creates 0
proc.runq 174
proc.run 2
cpuload.avg1 0.95
cpuload.avg5 0.54
cpuload.avg15 0.77
disktotals.reads 0
disktotals.readkbs 0
disktotals.writes 0
disktotals.writekbs 0
meminfo.tot 4005796
meminfo.used 1053760
meminfo.free 2952036
meminfo.shared 0
meminfo.buf 23688
meminfo.cached 546612
meminfo.slab 77308
meminfo.map 102672
meminfo.anon 343892
meminfo.anonH 0
meminfo.dirty 192
meminfo.locked 27620
meminfo.inactive 181780
meminfo.hugetot 0
meminfo.hugefree 0
meminfo.hugersvd 0
meminfo.sunreclaim 40664
swapinfo.total 2594812
swapinfo.free 2594812
swapinfo.used 0
swapinfo.in 0
swapinfo.out 0
pageinfo.fault 0
pageinfo.majfault 0
pageinfo.in 0
pageinfo.out 0
nettotals.kbin 0
nettotals.pktin 0
nettotals.kbout 0
nettotals.pktout 0
cpuinfo.user.cpu0 99
cpuinfo.nice.cpu0 0
cpuinfo.sys.cpu0 0
cpuinfo.wait.cpu0 0
cpuinfo.irq.cpu0 0
cpuinfo.soft.cpu0 0
cpuinfo.steal.cpu0 1
cpuinfo.idle.cpu0 0
cpuinfo.intrpt.cpu0 0
cputotals.systot.cpu0 1
cputotals.usertot.cpu0 99
cpuinfo.user.cpu1 100
cpuinfo.nice.cpu1 0
cpuinfo.sys.cpu1 0
cpuinfo.wait.cpu1 0
cpuinfo.irq.cpu1 0
cpuinfo.soft.cpu1 0
cpuinfo.steal.cpu1 0
cpuinfo.idle.cpu1 0
cpuinfo.intrpt.cpu1 0
cputotals.systot.cpu1 0
cputotals.usertot.cpu1 100
Bogus data record skipped for NET:enp1s0: data on 20241211 at 17:02:21
sample.time 1733936542.001
cputotals.num 2
cputotals.user 97
cputotals.nice 0
cputotals.sys 0
cputotals.wait 0
cputotals.irq 0
cputotals.soft 0
cputotals.steal 3
cputotals.idle 0
cputotals.systot 3
cputotals.usertot 97
cputotals.total 100
ctxint.ctx 60
ctxint.int 512
proc.creates 0
proc.runq 174
proc.run 2
cpuload.avg1 0.95
cpuload.avg5 0.54
cpuload.avg15 0.77
disktotals.reads 0
disktotals.readkbs 0
disktotals.writes 24
disktotals.writekbs 144
meminfo.tot 4005796
meminfo.used 1053760
meminfo.free 2952036
meminfo.shared 0
meminfo.buf 23688
meminfo.cached 546612
meminfo.slab 77308
meminfo.map 102672
meminfo.anon 343892
meminfo.anonH 0
meminfo.dirty 48
meminfo.locked 27620
meminfo.inactive 181788
meminfo.hugetot 0
meminfo.hugefree 0
meminfo.hugersvd 0
meminfo.sunreclaim 40664
swapinfo.total 2594812
swapinfo.free 2594812
swapinfo.used 0
swapinfo.in 0
swapinfo.out 0
pageinfo.fault 0
pageinfo.majfault 0
pageinfo.in 0
pageinfo.out 144
nettotals.kbin 0
nettotals.pktin 0
nettotals.kbout 0
nettotals.pktout 0
cpuinfo.user.cpu0 97
cpuinfo.nice.cpu0 0
cpuinfo.sys.cpu0 0
cpuinfo.wait.cpu0 0
cpuinfo.irq.cpu0 0
cpuinfo.soft.cpu0 0
cpuinfo.steal.cpu0 3
cpuinfo.idle.cpu0 0
cpuinfo.intrpt.cpu0 0
cputotals.systot.cpu0 3
cputotals.usertot.cpu0 97
cpuinfo.user.cpu1 97
cpuinfo.nice.cpu1 0
cpuinfo.sys.cpu1 0
cpuinfo.wait.cpu1 0
cpuinfo.irq.cpu1 0
cpuinfo.soft.cpu1 0
cpuinfo.steal.cpu1 3
cpuinfo.idle.cpu1 0
cpuinfo.intrpt.cpu1 0
cputotals.systot.cpu1 3
cputotals.usertot.cpu1 97
Bogus data record skipped for NET:enp1s0: data on 20241211 at 17:02:22
sample.time 1733936543.001
cputotals.num 2
cputotals.user 98
cputotals.nice 0
cputotals.sys 0
cputotals.wait 0
cputotals.irq 0
cputotals.soft 0
cputotals.steal 2
cputotals.idle 0
cputotals.systot 2
cputotals.usertot 98
cputotals.total 100
ctxint.ctx 84
ctxint.int 516
proc.creates 0
proc.runq 174
proc.run 2
cpuload.avg1 0.95
cpuload.avg5 0.54
cpuload.avg15 0.77
disktotals.reads 0
disktotals.readkbs 0
disktotals.writes 4
disktotals.writekbs 64
meminfo.tot 4005796
meminfo.used 1053760
meminfo.free 2952036
meminfo.shared 0
meminfo.buf 23696
meminfo.cached 546616
meminfo.slab 77308
meminfo.map 102672
meminfo.anon 343892
meminfo.anonH 0
meminfo.dirty 0
meminfo.locked 27620
meminfo.inactive 181792
meminfo.hugetot 0
meminfo.hugefree 0
meminfo.hugersvd 0
meminfo.sunreclaim 40664
swapinfo.total 2594812
swapinfo.free 2594812
swapinfo.used 0
swapinfo.in 0
swapinfo.out 0
pageinfo.fault 0
pageinfo.majfault 0
pageinfo.in 0
pageinfo.out 64
nettotals.kbin 0
nettotals.pktin 0
nettotals.kbout 0
nettotals.pktout 0
cpuinfo.user.cpu0 96
cpuinfo.nice.cpu0 0
cpuinfo.sys.cpu0 0
cpuinfo.wait.cpu0 0
cpuinfo.irq.cpu0 0
cpuinfo.soft.cpu0 0
cpuinfo.steal.cpu0 4
cpuinfo.idle.cpu0 0
cpuinfo.intrpt.cpu0 0
cputotals.systot.cpu0 4
cputotals.usertot.cpu0 96
cpuinfo.user.cpu1 100
cpuinfo.nice.cpu1 0
cpuinfo.sys.cpu1 0
cpuinfo.wait.cpu1 0
cpuinfo.irq.cpu1 0
cpuinfo.soft.cpu1 0
cpuinfo.steal.cpu1 0
cpuinfo.idle.cpu1 0
cpuinfo.intrpt.cpu1 0
cputotals.systot.cpu1 0
cputotals.usertot.cpu1 100
Bogus data record skipped for NET:enp1s0: data on 20241211 at 17:02:23
sample.time 1733936544.001
cputotals.num 2
cputotals.user 100
cputotals.nice 0
cputotals.sys 0
cputotals.wait 0
cputotals.irq 0
cputotals.soft 0
cputotals.steal 0
cputotals.idle 0
cputotals.systot 0
cputotals.usertot 100
cputotals.total 100
ctxint.ctx 65
ctxint.int 515
proc.creates 0
proc.runq 174
proc.run 2
cpuload.avg1 0.95
cpuload.avg5 0.54
cpuload.avg15 0.77
disktotals.reads 0
disktotals.readkbs 0
disktotals.writes 0
disktotals.writekbs 0
meminfo.tot 4005796
meminfo.used 1053760
meminfo.free 2952036
meminfo.shared 0
meminfo.buf 23696
meminfo.cached 546616
meminfo.slab 77308
meminfo.map 102672
meminfo.anon 343892
meminfo.anonH 0
meminfo.dirty 4
meminfo.locked 27620
meminfo.inactive 181792
meminfo.hugetot 0
meminfo.hugefree 0
meminfo.hugersvd 0
meminfo.sunreclaim 40664
swapinfo.total 2594812
swapinfo.free 2594812
swapinfo.used 0
swapinfo.in 0
swapinfo.out 0
pageinfo.fault 0
pageinfo.majfault 0
pageinfo.in 0
pageinfo.out 0
nettotals.kbin 0
nettotals.pktin 0
nettotals.kbout 0
nettotals.pktout 0
cpuinfo.user.cpu0 100
cpuinfo.nice.cpu0 0
cpuinfo.sys.cpu0 0
cpuinfo.wait.cpu0 0
cpuinfo.irq.cpu0 0
cpuinfo.soft.cpu0 0
cpuinfo.steal.cpu0 0
cpuinfo.idle.cpu0 0
cpuinfo.intrpt.cpu0 0
cputotals.systot.cpu0 0
cputotals.usertot.cpu0 100
cpuinfo.user.cpu1 100
cpuinfo.nice.cpu1 0
cpuinfo.sys.cpu1 0
cpuinfo.wait.cpu1 0
cpuinfo.irq.cpu1 0
cpuinfo.soft.cpu1 0
cpuinfo.steal.cpu1 0
cpuinfo.idle.cpu1 0
cpuinfo.intrpt.cpu1 0
cputotals.systot.cpu1 0
cputotals.usertot.cpu1 100
Bogus data record skipped for NET:enp1s0: data on 20241211 at 17:02:24
sample.time 1733936545.001
cputotals.num 2
cputotals.user 100
cputotals.nice 0
cputotals.sys 0
cputotals.wait 0
cputotals.irq 0
cputotals.soft 0
cputotals.steal 1
cputotals.idle 0
cputotals.systot 1
cputotals.usertot 100
cputotals.total 100
ctxint.ctx 57
ctxint.int 511
proc.creates 0
proc.runq 174
proc.run 2
cpuload.avg1 0.95
cpuload.avg5 0.54
cpuload.avg15 0.77
disktotals.reads 0
disktotals.readkbs 0
disktotals.writes 0
disktotals.writekbs 0
meminfo.tot 4005796
meminfo.used 1053760
meminfo.free 2952036
meminfo.shared 0
meminfo.buf 23696
meminfo.cached 546616
meminfo.slab 77308
meminfo.map 102672
meminfo.anon 343892
meminfo.anonH 0
meminfo.dirty 4
meminfo.locked 27620
meminfo.inactive 181792
meminfo.hugetot 0
meminfo.hugefree 0
meminfo.hugersvd 0
meminfo.sunreclaim 40664
swapinfo.total 2594812
swapinfo.free 2594812
swapinfo.used 0
swapinfo.in 0
swapinfo.out 0
pageinfo.fault 0
pageinfo.majfault 0
pageinfo.in 0
pageinfo.out 0
nettotals.kbin 0
nettotals.pktin 0
nettotals.kbout 0
nettotals.pktout 0
cpuinfo.user.cpu0 100
cpuinfo.nice.cpu0 0
cpuinfo.sys.cpu0 0
cpuinfo.wait.cpu0 0
cpuinfo.irq.cpu0 0
cpuinfo.soft.cpu0 0
cpuinfo.steal.cpu0 0
cpuinfo.idle.cpu0 0
cpuinfo.intrpt.cpu0 0
cputotals.systot.cpu0 0
cputotals.usertot.cpu0 100
cpuinfo.user.cpu1 99
cpuinfo.nice.cpu1 0
cpuinfo.sys.cpu1 0
cpuinfo.wait.cpu1 0
cpuinfo.irq.cpu1 0
cpuinfo.soft.cpu1 0
cpuinfo.steal.cpu1 1
cpuinfo.idle.cpu1 0
cpuinfo.intrpt.cpu1 0
cputotals.systot.cpu1 1
cputotals.usertot.cpu1 99
Bogus data record skipped for NET:enp1s0: data on 20241211 at 17:02:25
sample.time 1733936546.001
cputotals.num 2
cputotals.user 98
cputotals.nice 0
cputotals.sys 0
cputotals.wait 0
cputotals.irq 0
cputotals.soft 0
cputotals.steal 3
cputotals.idle 0
cputotals.systot 3
cputotals.usertot 98
cputotals.total 100
ctxint.ctx 46
ctxint.int 504
proc.creates 0
proc.runq 174
proc.run 2
cpuload.avg1 1.04
cpuload.avg5 0.56
cpuload.avg15 0.77
disktotals.reads 0
disktotals.readkbs 0
disktotals.writes 0
disktotals.writekbs 0
meminfo.tot 4005796
meminfo.used 1053760
meminfo.free 2952036
meminfo.shared 0
meminfo.buf 23696
meminfo.cached 546620
meminfo.slab 77308
meminfo.map 102672
meminfo.anon 343892
meminfo.anonH 0
meminfo.dirty 8
meminfo.locked 27620
meminfo.inactive 181792
meminfo.hugetot 0
meminfo.hugefree 0
meminfo.hugersvd 0
meminfo.sunreclaim 40664
swapinfo.total 2594812
swapinfo.free 2594812
swapinfo.used 0
swapinfo.in 0
swapinfo.out 0
pageinfo.fault 0
pageinfo.majfault 0
pageinfo.in 0
pageinfo.out 0
nettotals.kbin 0
nettotals.pktin 0
nettotals.kbout 0
nettotals.pktout 0
cpuinfo.user.cpu0 100
cpuinfo.nice.cpu0 0
cpuinfo.sys.cpu0 0
cpuinfo.wait.cpu0 0
cpuinfo.irq.cpu0 0
cpuinfo.soft.cpu0 0
cpuinfo.steal.cpu0 0
cpuinfo.idle.cpu0 0
cpuinfo.intrpt.cpu0 0
cputotals.systot.cpu0 0
cputotals.usertot.cpu0 100
cpuinfo.user.cpu1 96
cpuinfo.nice.cpu1 0
cpuinfo.sys.cpu1 0
cpuinfo.wait.cpu1 0
cpuinfo.irq.cpu1 0
cpuinfo.soft.cpu1 0
cpuinfo.steal.cpu1 4
cpuinfo.idle.cpu1 0
cpuinfo.intrpt.cpu1 0
cputotals.systot.cpu1 4
cputotals.usertot.cpu1 96
Bogus data record skipped for NET:enp1s0: data on 20241211 at 17:02:26
sample.time 1733936547.001
cputotals.num 2
cputotals.user 100
cputotals.nice 0
cputotals.sys 0
cputotals.wait 0
cputotals.irq 0
cputotals.soft 0
cputotals.steal 0
cputotals.idle 0
cputotals.systot 0
cputotals.usertot 100
cputotals.total 100
ctxint.ctx 65
ctxint.int 513
proc.creates 0
proc.runq 174
proc.run 2
cpuload.avg1 1.04
cpuload.avg5 0.56
cpuload.avg15 0.77
disktotals.reads 0
disktotals.readkbs 0
disktotals.writes 0
disktotals.writekbs 0
meminfo.tot 4005796
meminfo.used 1053760
meminfo.free 2952036
meminfo.shared 0
meminfo.buf 23696
meminfo.cached 546620
meminfo.slab 77308
meminfo.map 102672
meminfo.anon 343892
meminfo.anonH 0
meminfo.dirty 8
meminfo.locked 27620
meminfo.inactive 181792
meminfo.hugetot 0
meminfo.hugefree 0
meminfo.hugersvd 0
meminfo.sunreclaim 40664
swapinfo.total 2594812
swapinfo.free 2594812
swapinfo.used 0
swapinfo.in 0
swapinfo.out 0
pageinfo.fault 0
pageinfo.majfault 0
pageinfo.in 0
pageinfo.out 0
nettotals.kbin 0
nettotals.pktin 0
nettotals.kbout 0
nettotals.pktout 0
cpuinfo.user.cpu0 100
cpuinfo.nice.cpu0 0
cpuinfo.sys.cpu0 0
cpuinfo.wait.cpu0 0
cpuinfo.irq.cpu0 0
cpuinfo.soft.cpu0 0
cpuinfo.steal.cpu0 0
cpuinfo.idle.cpu0 0
cpuinfo.intrpt.cpu0 0
cputotals.systot.cpu0 0
cputotals.usertot.cpu0 100
cpuinfo.user.cpu1 100
cpuinfo.nice.cpu1 0
cpuinfo.sys.cpu1 0
cpuinfo.wait.cpu1 0
cpuinfo.irq.cpu1 0
cpuinfo.soft.cpu1 0
cpuinfo.steal.cpu1 0
cpuinfo.idle.cpu1 0
cpuinfo.intrpt.cpu1 0
cputotals.systot.cpu1 0
cputotals.usertot.cpu1 100
Bogus data record skipped for NET:enp1s0: data on 20241211 at 17:02:27
sample.time 1733936548.001
cputotals.num 2
cputotals.user 100
cputotals.nice 0
cputotals.sys 0
cputotals.wait 0
cputotals.irq 0
cputotals.soft 0
cputotals.steal 1
cputotals.idle 0
cputotals.systot 1
cputotals.usertot 100
cputotals.total 100
ctxint.ctx 46
ctxint.int 510
proc.creates 0
proc.runq 174
proc.run 2
cpuload.avg1 1.04
cpuload.avg5 0.56
cpuload.avg15 0.77
disktotals.reads 0
disktotals.readkbs 0
disktotals.writes 0
disktotals.writekbs 0
meminfo.tot 4005796
meminfo.used 1053760
meminfo.free 2952036
meminfo.shared 0
meminfo.buf 23696
meminfo.cached 546624
meminfo.slab 77308
meminfo.map 102672
meminfo.anon 343892
meminfo.anonH 0
meminfo.dirty 12
meminfo.locked 27620
meminfo.inactive 181792
meminfo.hugetot 0
meminfo.hugefree 0
meminfo.hugersvd 0
meminfo.sunreclaim 40664
swapinfo.total 2594812
swapinfo.free 2594812
swapinfo.used 0
swapinfo.in 0
swapinfo.out 0
pageinfo.fault 0
pageinfo.majfault 0
pageinfo.in 0
pageinfo.out 0
nettotals.kbin 0
nettotals.pktin 0
nettotals.kbout 0
nettotals.pktout 0
cpuinfo.user.cpu0 99
cpuinfo.nice.cpu0 0
cpuinfo.sys.cpu0 0
cpuinfo.wait.cpu0 0
cpuinfo.irq.cpu0 0
cpuinfo.soft.cpu0 0
cpuinfo.steal.cpu0 1
cpuinfo.idle.cpu0 0
cpuinfo.intrpt.cpu0 0
cputotals.systot.cpu0 1
cputotals.usertot.cpu0 99
cpuinfo.user.cpu1 99
cpuinfo.nice.cpu1 0
cpuinfo.sys.cpu1 0
cpuinfo.wait.cpu1 0
cpuinfo.irq.cpu1 0
cpuinfo.soft.cpu1 0
cpuinfo.steal.cpu1 1
cpuinfo.idle.cpu1 0
cpuinfo.intrpt.cpu1 0
cputotals.systot.cpu1 1
cputotals.usertot.cpu1 99
Bogus data record skipped for NET:enp1s0: data on 20241211 at 17:02:28
sample.time 1733936549.001
cputotals.num 2
cputotals.user 98
cputotals.nice 0
cputotals.sys 0
cputotals.wait 0
cputotals.irq 0
cputotals.soft 0
cputotals.steal 2
cputotals.idle 0
cputotals.systot 2
cputotals.usertot 98
cputotals.total 100
ctxint.ctx 74
ctxint.int 515
proc.creates 0
proc.runq 174
proc.run 2
cpuload.avg1 1.04
cpuload.avg5 0.56
cpuload.avg15 0.77
disktotals.reads 0
disktotals.readkbs 0
disktotals.writes 3
disktotals.writekbs 20
meminfo.tot 4005796
meminfo.used 1053760
meminfo.free 2952036
meminfo.shared 0
meminfo.buf 23704
meminfo.cached 546624
meminfo.slab 77308
meminfo.map 102672
meminfo.anon 343892
meminfo.anonH 0
meminfo.dirty 20
meminfo.locked 27620
meminfo.inactive 181792
meminfo.hugetot 0
meminfo.hugefree 0
meminfo.hugersvd 0
meminfo.sunreclaim 40664
swapinfo.total 2594812
swapinfo.free 2594812
swapinfo.used 0
swapinfo.in 0
swapinfo.out 0
pageinfo.fault 0
pageinfo.majfault 0
pageinfo.in 0
pageinfo.out 20
nettotals.kbin 0
nettotals.pktin 0
nettotals.kbout 0
nettotals.pktout 0
cpuinfo.user.cpu0 100
cpuinfo.nice.cpu0 0
cpuinfo.sys.cpu0 0
cpuinfo.wait.cpu0 0
cpuinfo.irq.cpu0 0
cpuinfo.soft.cpu0 0
cpuinfo.steal.cpu0 0
cpuinfo.idle.cpu0 0
cpuinfo.intrpt.cpu0 0
cputotals.systot.cpu0 0
cputotals.usertot.cpu0 100
cpuinfo.user.cpu1 96
cpuinfo.nice.cpu1 0
cpuinfo.sys.cpu1 0
cpuinfo.wait.cpu1 0
cpuinfo.irq.cpu1 0
cpuinfo.soft.cpu1 0
cpuinfo.steal.cpu1 4
cpuinfo.idle.cpu1 0
cpuinfo.intrpt.cpu1 0
cputotals.systot.cpu1 4
cputotals.usertot.cpu1 96
Bogus data record skipped for NET:enp1s0: data on 20241211 at 17:02:29
sample.time 1733936550.001
cputotals.num 2
cputotals.user 98
cputotals.nice 0
cputotals.sys 0
cputotals.wait 0
cputotals.irq 0
cputotals.soft 0
cputotals.steal 3
cputotals.idle 0
cputotals.systot 3
cputotals.usertot 98
cputotals.total 100
ctxint.ctx 70
ctxint.int 507
proc.creates 0
proc.runq 174
proc.run 2
cpuload.avg1 1.04
cpuload.avg5 0.56
cpuload.avg15 0.77
disktotals.reads 0
disktotals.readkbs 0
disktotals.writes 0
disktotals.writekbs 0
meminfo.tot 4005796
meminfo.used 1053760
meminfo.free 2952036
meminfo.shared 0
meminfo.buf 23704
meminfo.cached 546624
meminfo.slab 77308
meminfo.map 102672
meminfo.anon 343892
meminfo.anonH 0
meminfo.dirty 20
meminfo.locked 27620
meminfo.inactive 181792
meminfo.hugetot 0
meminfo.hugefree 0
meminfo.hugersvd 0
meminfo.sunreclaim 40664
swapinfo.total 2594812
swapinfo.free 2594812
swapinfo.used 0
swapinfo.in 0
swapinfo.out 0
pageinfo.fault 0
pageinfo.majfault 0
pageinfo.in 0
pageinfo.out 0
nettotals.kbin 0
nettotals.pktin 0
nettotals.kbout 0
nettotals.pktout 0
cpuinfo.user.cpu0 100
cpuinfo.nice.cpu0 0
cpuinfo.sys.cpu0 0
cpuinfo.wait.cpu0 0
cpuinfo.irq.cpu0 0
cpuinfo.soft.cpu0 0
cpuinfo.steal.cpu0 0
cpuinfo.idle.cpu0 0
cpuinfo.intrpt.cpu0 0
cputotals.systot.cpu0 0
cputotals.usertot.cpu0 100
cpuinfo.user.cpu1 96
cpuinfo.nice.cpu1 0
cpuinfo.sys.cpu1 0
cpuinfo.wait.cpu1 0
cpuinfo.irq.cpu1 0
cpuinfo.soft.cpu1 0
cpuinfo.steal.cpu1 4
cpuinfo.idle.cpu1 0
cpuinfo.intrpt.cpu1 0
cputotals.systot.cpu1 4
cputotals.usertot.cpu1 96
Bogus data record skipped for NET:enp1s0: data on 20241211 at 17:02:30
sample.time 1733936551.001
cputotals.num 2
cputotals.user 100
cputotals.nice 0
cputotals.sys 0
cputotals.wait 0
cputotals.irq 0
cputotals.soft 0
cputotals.steal 1
cputotals.idle 0
cputotals.systot 1
cputotals.usertot 100
cputotals.total 100
ctxint.ctx 94
ctxint.int 514
proc.creates 0
proc.runq 174
proc.run 2
cpuload.avg1 1.11
cpuload.avg5 0.59
cpuload.avg15 0.78
disktotals.reads 0
disktotals.readkbs 0
disktotals.writes 0
disktotals.writekbs 0
meminfo.tot 4005796
meminfo.used 1053760
meminfo.free 2952036
meminfo.shared 0
meminfo.buf 23704
meminfo.cached 546628
meminfo.slab 77308
meminfo.map 102672
meminfo.anon 343892
meminfo.anonH 0
meminfo.dirty 24
meminfo.locked 27620
meminfo.inactive 181792
meminfo.hugetot 0
meminfo.hugefree 0
meminfo.hugersvd 0
meminfo.sunreclaim 40664
swapinfo.total 2594812
swapinfo.free 2594812
swapinfo.used 0
swapinfo.in 0
swapinfo.out 0
pageinfo.fault 0
pageinfo.majfault 0
pageinfo.in 0
pageinfo.out 0
nettotals.kbin 0
nettotals.pktin 0
nettotals.kbout 0
nettotals.pktout 0
cpuinfo.user.cpu0 100
cpuinfo.nice.cpu0 0
cpuinfo.sys.cpu0 0
cpuinfo.wait.cpu0 0
cpuinfo.irq.cpu0 0
cpuinfo.soft.cpu0 0
cpuinfo.steal.cpu0 0
cpuinfo.idle.cpu0 0
cpuinfo.intrpt.cpu0 0
cputotals.systot.cpu0 0
cputotals.usertot.cpu0 100
cpuinfo.user.cpu1 99
cpuinfo.nice.cpu1 0
cpuinfo.sys.cpu1 0
cpuinfo.wait.cpu1 0
cpuinfo.irq.cpu1 0
cpuinfo.soft.cpu1 0
cpuinfo.steal.cpu1 1
cpuinfo.idle.cpu1 0
cpuinfo.intrpt.cpu1 0
cputotals.systot.cpu1 1
cputotals.usertot.cpu1 99
Bogus data record skipped for NET:enp1s0: data on 20241211 at 17:02:31
sample.time 1733936552.001
cputotals.num 2
cputotals.user 99
cputotals.nice 0
cputotals.sys 0
cputotals.wait 0
cputotals.irq 0
cputotals.soft 0
cputotals.steal 1
cputotals.idle 0
cputotals.systot 1
cputotals.usertot 99
cputotals.total 100
ctxint.ctx 51
ctxint.int 509
proc.creates 0
proc.runq 174
proc.run 2
cpuload.avg1 1.11
cpuload.avg5 0.59
cpuload.avg15 0.78
disktotals.reads 0
disktotals.readkbs 0
disktotals.writes 0
disktotals.writekbs 0
meminfo.tot 4005796
meminfo.used 1053760
meminfo.free 2952036
meminfo.shared 0
meminfo.buf 23704
meminfo.cached 546628
meminfo.slab 77308
meminfo.map 102672
meminfo.anon 343892
meminfo.anonH 0
meminfo.dirty 24
meminfo.locked 27620
meminfo.inactive 181792
meminfo.hugetot 0
meminfo.hugefree 0
meminfo.hugersvd 0
meminfo.sunreclaim 40664
swapinfo.total 2594812
swapinfo.free 2594812
swapinfo.used 0
swapinfo.in 0
swapinfo.out 0
pageinfo.fault 0
pageinfo.majfault 0
pageinfo.in 0
pageinfo.out 0
nettotals.kbin 0
nettotals.pktin 0
nettotals.kbout 0
nettotals.pktout 0
cpuinfo.user.cpu0 99
cpuinfo.nice.cpu0 0
cpuinfo.sys.cpu0 0
cpuinfo.wait.cpu0 0
cpuinfo.irq.cpu0 0
cpuinfo.soft.cpu0 0
cpuinfo.steal.cpu0 1
cpuinfo.idle.cpu0 0
cpuinfo.intrpt.cpu0 0
cputotals.systot.cpu0 1
cputotals.usertot.cpu0 99
cpuinfo.user.cpu1 99
cpuinfo.nice.cpu1 0
cpuinfo.sys.cpu1 0
cpuinfo.wait.cpu1 0
cpuinfo.irq.cpu1 0
cpuinfo.soft.cpu1 0
cpuinfo.steal.cpu1 1
cpuinfo.idle.cpu1 0
cpuinfo.intrpt.cpu1 0
cputotals.systot.cpu1 1
cputotals.usertot.cpu1 99
Bogus data record skipped for NET:enp1s0: data on 20241211 at 17:02:32
sample.time 1733936553.001
cputotals.num 2
cputotals.user 100
cputotals.nice 0
cputotals.sys 0
cputotals.wait 0
cputotals.irq 0
cputotals.soft 0
cputotals.steal 1
cputotals.idle 0
cputotals.systot 1
cputotals.usertot 100
cputotals.total 100
ctxint.ctx 57
ctxint.int 512
proc.creates 0
proc.runq 174
proc.run 2
cpuload.avg1 1.11
cpuload.avg5 0.59
cpuload.avg15 0.78
disktotals.reads 0
disktotals.readkbs 0
disktotals.writes 0
disktotals.writekbs 0
meminfo.tot 4005796
meminfo.used 1053760
meminfo.free 2952036
meminfo.shared 0
meminfo.buf 23704
meminfo.cached 546632
meminfo.slab 77308
meminfo.map 102672
meminfo.anon 343892
meminfo.anonH 0
meminfo.dirty 28
meminfo.locked 27620
meminfo.inactive 181792
meminfo.hugetot 0
meminfo.hugefree 0
meminfo.hugersvd 0
meminfo.sunreclaim 40664
swapinfo.total 2594812
swapinfo.free 2594812
swapinfo.used 0
swapinfo.in 0
swapinfo.out 0
pageinfo.fault 0
pageinfo.majfault 0
pageinfo.in 0
pageinfo.out 0
nettotals.kbin 0
nettotals.pktin 0
nettotals.kbout 0
nettotals.pktout 0
cpuinfo.user.cpu0 100
cpuinfo.nice.cpu0 0
cpuinfo.sys.cpu0 0
cpuinfo.wait.cpu0 0
cpuinfo.irq.cpu0 0
cpuinfo.soft.cpu0 0
cpuinfo.steal.cpu0 0
cpuinfo.idle.cpu0 0
cpuinfo.intrpt.cpu0 0
cputotals.systot.cpu0 0
cputotals.usertot.cpu0 100
cpuinfo.user.cpu1 99
cpuinfo.nice.cpu1 0
cpuinfo.sys.cpu1 0
cpuinfo.wait.cpu1 0
cpuinfo.irq.cpu1 0
cpuinfo.soft.cpu1 0
cpuinfo.steal.cpu1 1
cpuinfo.idle.cpu1 0
cpuinfo.intrpt.cpu1 0
cputotals.systot.cpu1 1
cputotals.usertot.cpu1 99
Bogus data record skipped for NET:enp1s0: data on 20241211 at 17:02:33
sample.time 1733936554.001
cputotals.num 2
cputotals.user 98
cputotals.nice 0
cputotals.sys 1
cputotals.wait 0
cputotals.irq 0
cputotals.soft 0
cputotals.steal 2
cputotals.idle 0
cputotals.systot 2
cputotals.usertot 98
cputotals.total 100
ctxint.ctx 54
ctxint.int 513
proc.creates 0
proc.runq 174
proc.run 2
cpuload.avg1 1.11
cpuload.avg5 0.59
cpuload.avg15 0.78
disktotals.reads 0
disktotals.readkbs 0
disktotals.writes 3
disktotals.writekbs 12
meminfo.tot 4005796
meminfo.used 1053760
meminfo.free 2952036
meminfo.shared 0
meminfo.buf 23712
meminfo.cached 546632
meminfo.slab 77308
meminfo.map 102672
meminfo.anon 343892
meminfo.anonH 0
meminfo.dirty 28
meminfo.locked 27620
meminfo.inactive 181792
meminfo.hugetot 0
meminfo.hugefree 0
meminfo.hugersvd 0
meminfo.sunreclaim 40664
swapinfo.total 2594812
swapinfo.free 2594812
swapinfo.used 0
swapinfo.in 0
swapinfo.out 0
pageinfo.fault 0
pageinfo.majfault 0
pageinfo.in 0
pageinfo.out 12
nettotals.kbin 0
nettotals.pktin 0
nettotals.kbout 0
nettotals.pktout 0
cpuinfo.user.cpu0 98
cpuinfo.nice.cpu0 0
cpuinfo.sys.cpu0 0
cpuinfo.wait.cpu0 0
cpuinfo.irq.cpu0 0
cpuinfo.soft.cpu0 0
cpuinfo.steal.cpu0 2
cpuinfo.idle.cpu0 0
cpuinfo.intrpt.cpu0 0
cputotals.systot.cpu0 2
cputotals.usertot.cpu0 98
cpuinfo.user.cpu1 99
cpuinfo.nice.cpu1 0
cpuinfo.sys.cpu1 0
cpuinfo.wait.cpu1 0
cpuinfo.irq.cpu1 0
cpuinfo.soft.cpu1 0
cpuinfo.steal.cpu1 1
cpuinfo.idle.cpu1 0
cpuinfo.intrpt.cpu1 0
cputotals.systot.cpu1 1
cputotals.usertot.cpu1 99
Bogus data record skipped for NET:enp1s0: data on 20241211 at 17:02:34
sample.time 1733936555.001
cputotals.num 2
cputotals.user 98
cputotals.nice 0
cputotals.sys 0
cputotals.wait 0
cputotals.irq 0
cputotals.soft 0
cputotals.steal 2
cputotals.idle 0
cputotals.systot 2
cputotals.usertot 98
cputotals.total 100
ctxint.ctx 67
ctxint.int 516
proc.creates 0
proc.runq 174
proc.run 2
cpuload.avg1 1.11
cpuload.avg5 0.59
cpuload.avg15 0.78
disktotals.reads 0
disktotals.readkbs 0
disktotals.writes 0
disktotals.writekbs 0
meminfo.tot 4005796
meminfo.used 1053760
meminfo.free 2952036
meminfo.shared 0
meminfo.buf 23712
meminfo.cached 546632
meminfo.slab 77308
meminfo.map 102672
meminfo.anon 343892
meminfo.anonH 0
meminfo.dirty 28
meminfo.locked 27620
meminfo.inactive 181792
meminfo.hugetot 0
meminfo.hugefree 0
meminfo.hugersvd 0
meminfo.sunreclaim 40664
swapinfo.total 2594812
swapinfo.free 2594812
swapinfo.used 0
swapinfo.in 0
swapinfo.out 0
pageinfo.fault 0
pageinfo.majfault 0
pageinfo.in 0
pageinfo.out 0
nettotals.kbin 0
nettotals.pktin 0
nettotals.kbout 0
nettotals.pktout 0
cpuinfo.user.cpu0 96
cpuinfo.nice.cpu0 0
cpuinfo.sys.cpu0 0
cpuinfo.wait.cpu0 0
cpuinfo.irq.cpu0 0
cpuinfo.soft.cpu0 0
cpuinfo.steal.cpu0 4
cpuinfo.idle.cpu0 0
cpuinfo.intrpt.cpu0 0
cputotals.systot.cpu0 4
cputotals.usertot.cpu0 96
cpuinfo.user.cpu1 100
cpuinfo.nice.cpu1 0
cpuinfo.sys.cpu1 0
cpuinfo.wait.cpu1 0
cpuinfo.irq.cpu1 0
cpuinfo.soft.cpu1 0
cpuinfo.steal.cpu1 0
cpuinfo.idle.cpu1 0
cpuinfo.intrpt.cpu1 0
cputotals.systot.cpu1 0
cputotals.usertot.cpu1 100
Bogus data record skipped for NET:enp1s0: data on 20241211 at 17:02:35
sample.time 1733936556.001
cputotals.num 2
cputotals.user 98
cputotals.nice 0
cputotals.sys 0
cputotals.wait 0
cputotals.irq 0
cputotals.soft 0
cputotals.steal 2
cputotals.idle 0
cputotals.systot 2
cputotals.usertot 98
cputotals.total 100
ctxint.ctx 55
ctxint.int 512
proc.creates 0
proc.runq 174
proc.run 2
cpuload.avg1 1.19
cpuload.avg5 0.61
cpuload.avg15 0.79
disktotals.reads 0
disktotals.readkbs 0
disktotals.writes 0
disktotals.writekbs 0
meminfo.tot 4005796
meminfo.used 1053760
meminfo.free 2952036
meminfo.shared 0
meminfo.buf 23712
meminfo.cached 546636
meminfo.slab 77308
meminfo.map 102672
meminfo.anon 343892
meminfo.anonH 0
meminfo.dirty 32
meminfo.locked 27620
meminfo.inactive 181792
meminfo.hugetot 0
meminfo.hugefree 0
meminfo.hugersvd 0
meminfo.sunreclaim 40664
swapinfo.total 2594812
swapinfo.free 2594812
swapinfo.used 0
swapinfo.in 0
swapinfo.out 0
pageinfo.fault 0
pageinfo.majfault 0
pageinfo.in 0
pageinfo.out 0
nettotals.kbin 0
nettotals.pktin 0
nettotals.kbout 0
nettotals.pktout 0
cpuinfo.user.cpu0 97
cpuinfo.nice.cpu0 0
cpuinfo.sys.cpu0 0
cpuinfo.wait.cpu0 0
cpuinfo.irq.cpu0 0
cpuinfo.soft.cpu0 0
cpuinfo.steal.cpu0 3
cpuinfo.idle.cpu0 0
cpuinfo.intrpt.cpu0 0
cputotals.systot.cpu0 3
cputotals.usertot.cpu0 97
cpuinfo.user.cpu1 99
cpuinfo.nice.cpu1 0
cpuinfo.sys.cpu1 0
cpuinfo.wait.cpu1 0
cpuinfo.irq.cpu1 0
cpuinfo.soft.cpu1 0
cpuinfo.steal.cpu1 1
cpuinfo.idle.cpu1 0
cpuinfo.intrpt.cpu1 0
cputotals.systot.cpu1 1
cputotals.usertot.cpu1 99
Bogus data record skipped for NET:enp1s0: data on 20241211 at 17:02:36
sample.time 1733936557.001
cputotals.num 2
cputotals.user 99
cputotals.nice 0
cputotals.sys 0
cputotals.wait 0
cputotals.irq 0
cputotals.soft 0
cputotals.steal 1
cputotals.idle 0
cputotals.systot 1
cputotals.usertot 99
cputotals.total 100
ctxint.ctx 93
ctxint.int 517
proc.creates 0
proc.runq 174
proc.run 2
cpuload.avg1 1.19
cpuload.avg5 0.61
cpuload.avg15 0.79
disktotals.reads 0
disktotals.readkbs 0
disktotals.writes 0
disktotals.writekbs 0
meminfo.tot 4005796
meminfo.used 1053760
meminfo.free 2952036
meminfo.shared 0
meminfo.buf 23712
meminfo.cached 546636
meminfo.slab 77308
meminfo.map 102672
meminfo.anon 343892
meminfo.anonH 0
meminfo.dirty 32
meminfo.locked 27620
meminfo.inactive 181792
meminfo.hugetot 0
meminfo.hugefree 0
meminfo.hugersvd 0
meminfo.sunreclaim 40664
swapinfo.total 2594812
swapinfo.free 2594812
swapinfo.used 0
swapinfo.in 0
swapinfo.out 0
pageinfo.fault 0
pageinfo.majfault 0
pageinfo.in 0
pageinfo.out 0
nettotals.kbin 0
nettotals.pktin 0
nettotals.kbout 0
nettotals.pktout 0
cpuinfo.user.cpu0 98
cpuinfo.nice.cpu0 0
cpuinfo.sys.cpu0 0
cpuinfo.wait.cpu0 0
cpuinfo.irq.cpu0 0
cpuinfo.soft.cpu0 0
cpuinfo.steal.cpu0 2
cpuinfo.idle.cpu0 0
cpuinfo.intrpt.cpu0 0
cputotals.systot.cpu0 2
cputotals.usertot.cpu0 98
cpuinfo.user.cpu1 100
cpuinfo.nice.cpu1 0
cpuinfo.sys.cpu1 0
cpuinfo.wait.cpu1 0
cpuinfo.irq.cpu1 0
cpuinfo.soft.cpu1 0
cpuinfo.steal.cpu1 0
cpuinfo.idle.cpu1 0
cpuinfo.intrpt.cpu1 0
cputotals.systot.cpu1 0
cputotals.usertot.cpu1 100
Bogus data record skipped for NET:enp1s0: data on 20241211 at 17:02:37
sample.time 1733936558.001
cputotals.num 2
cputotals.user 100
cputotals.nice 0
cputotals.sys 0
cputotals.wait 0
cputotals.irq 0
cputotals.soft 0
cputotals.steal 0
cputotals.idle 0
cputotals.systot 0
cputotals.usertot 100
cputotals.total 100
ctxint.ctx 79
ctxint.int 512
proc.creates 0
proc.runq 174
proc.run 2
cpuload.avg1 1.19
cpuload.avg5 0.61
cpuload.avg15 0.79
disktotals.reads 0
disktotals.readkbs 0
disktotals.writes 0
disktotals.writekbs 0
meminfo.tot 4005796
meminfo.used 1053760
meminfo.free 2952036
meminfo.shared 0
meminfo.buf 23712
meminfo.cached 546636
meminfo.slab 77308
meminfo.map 102672
meminfo.anon 343892
meminfo.anonH 0
meminfo.dirty 32
meminfo.locked 27620
meminfo.inactive 181792
meminfo.hugetot 0
meminfo.hugefree 0
meminfo.hugersvd 0
meminfo.sunreclaim 40664
swapinfo.total 2594812
swapinfo.free 2594812
swapinfo.used 0
swapinfo.in 0
swapinfo.out 0
pageinfo.fault 0
pageinfo.majfault 0
pageinfo.in 0
pageinfo.out 0
nettotals.kbin 0
nettotals.pktin 0
nettotals.kbout 0
nettotals.pktout 0
cpuinfo.user.cpu0 100
cpuinfo.nice.cpu0 0
cpuinfo.sys.cpu0 0
cpuinfo.wait.cpu0 0
cpuinfo.irq.cpu0 0
cpuinfo.soft.cpu0 0
cpuinfo.steal.cpu0 0
cpuinfo.idle.cpu0 0
cpuinfo.intrpt.cpu0 0
cputotals.systot.cpu0 0
cputotals.usertot.cpu0 100
cpuinfo.user.cpu1 99
cpuinfo.nice.cpu1 0
cpuinfo.sys.cpu1 0
cpuinfo.wait.cpu1 0
cpuinfo.irq.cpu1 0
cpuinfo.soft.cpu1 0
cpuinfo.steal.cpu1 1
cpuinfo.idle.cpu1 0
cpuinfo.intrpt.cpu1 0
cputotals.systot.cpu1 1
cputotals.usertot.cpu1 99
Bogus data record skipped for NET:enp1s0: data on 20241211 at 17:02:38
sample.time 1733936559.001
cputotals.num 2
cputotals.user 97
cputotals.nice 0
cputotals.sys 0
cputotals.wait 0
cputotals.irq 0
cputotals.soft 0
cputotals.steal 3
cputotals.idle 0
cputotals.systot 3
cputotals.usertot 97
cputotals.total 100
ctxint.ctx 75
ctxint.int 508
proc.creates 0
proc.runq 174
proc.run 2
cpuload.avg1 1.19
cpuload.avg5 0.61
cpuload.avg15 0.79
disktotals.reads 0
disktotals.readkbs 0
disktotals.writes 3
disktotals.writekbs 12
meminfo.tot 4005796
meminfo.used 1053760
meminfo.free 2952036
meminfo.shared 0
meminfo.buf 23720
meminfo.cached 546640
meminfo.slab 77308
meminfo.map 102672
meminfo.anon 343892
meminfo.anonH 0
meminfo.dirty 36
meminfo.locked 27620
meminfo.inactive 181792
meminfo.hugetot 0
meminfo.hugefree 0
meminfo.hugersvd 0
meminfo.sunreclaim 40664
swapinfo.total 2594812
swapinfo.free 2594812
swapinfo.used 0
swapinfo.in 0
swapinfo.out 0
pageinfo.fault 0
pageinfo.majfault 0
pageinfo.in 0
pageinfo.out 12
nettotals.kbin 0
nettotals.pktin 0
nettotals.kbout 0
nettotals.pktout 0
cpuinfo.user.cpu0 95
cpuinfo.nice.cpu0 0
cpuinfo.sys.cpu0 0
cpuinfo.wait.cpu0 0
cpuinfo.irq.cpu0 0
cpuinfo.soft.cpu0 0
cpuinfo.steal.cpu0 5
cpuinfo.idle.cpu0 0
cpuinfo.intrpt.cpu0 0
cputotals.systot.cpu0 5
cputotals.usertot.cpu0 95
cpuinfo.user.cpu1 100
cpuinfo.nice.cpu1 0
cpuinfo.sys.cpu1 0
cpuinfo.wait.cpu1 0
cpuinfo.irq.cpu1 0
cpuinfo.soft.cpu1 0
cpuinfo.steal.cpu1 0
cpuinfo.idle.cpu1 0
cpuinfo.intrpt.cpu1 0
cputotals.systot.cpu1 0
cputotals.usertot.cpu1 100
Bogus data record skipped for NET:enp1s0: data on 20241211 at 17:02:39
sample.time 1733936560.004
cputotals.num 2
cputotals.user 97
cputotals.nice 0
cputotals.sys 0
cputotals.wait 0
cputotals.irq 0
cputotals.soft 0
cputotals.steal 3
cputotals.idle 0
cputotals.systot 3
cputotals.usertot 97
cputotals.total 100
ctxint.ctx 50
ctxint.int 501
proc.creates 0
proc.runq 174
proc.run 2
cpuload.avg1 1.19
cpuload.avg5 0.61
cpuload.avg15 0.79
disktotals.reads 0
disktotals.readkbs 0
disktotals.writes 0
disktotals.writekbs 0
meminfo.tot 4005796
meminfo.used 1053760
meminfo.free 2952036
meminfo.shared 0
meminfo.buf 23720
meminfo.cached 546640
meminfo.slab 77308
meminfo.map 102672
meminfo.anon 343892
meminfo.anonH 0
meminfo.dirty 36
meminfo.locked 27620
meminfo.inactive 181792
meminfo.hugetot 0
meminfo.hugefree 0
meminfo.hugersvd 0
meminfo.sunreclaim 40664
swapinfo.total 2594812
swapinfo.free 2594812
swapinfo.used 0
swapinfo.in 0
swapinfo.out 0
pageinfo.fault 0
pageinfo.majfault 0
pageinfo.in 0
pageinfo.out 0
nettotals.kbin 0
nettotals.pktin 0
nettotals.kbout 0
nettotals.pktout 0
cpuinfo.user.cpu0 95
cpuinfo.nice.cpu0 0
cpuinfo.sys.cpu0 0
cpuinfo.wait.cpu0 0
cpuinfo.irq.cpu0 0
cpuinfo.soft.cpu0 0
cpuinfo.steal.cpu0 5
cpuinfo.idle.cpu0 0
cpuinfo.intrpt.cpu0 0
cputotals.systot.cpu0 5
cputotals.usertot.cpu0 95
cpuinfo.user.cpu1 100
cpuinfo.nice.cpu1 0
cpuinfo.sys.cpu1 0
cpuinfo.wait.cpu1 0
cpuinfo.irq.cpu1 0
cpuinfo.soft.cpu1 0
cpuinfo.steal.cpu1 0
cpuinfo.idle.cpu1 0
cpuinfo.intrpt.cpu1 0
cputotals.systot.cpu1 0
cputotals.usertot.cpu1 100
Bogus data record skipped for NET:enp1s0: data on 20241211 at 17:02:40
sample.time 1733936561.001
cputotals.num 2
cputotals.user 99
cputotals.nice 0
cputotals.sys 0
cputotals.wait 0
cputotals.irq 0
cputotals.soft 0
cputotals.steal 1
cputotals.idle 0
cputotals.systot 1
cputotals.usertot 99
cputotals.total 100
ctxint.ctx 61
ctxint.int 511
proc.creates 0
proc.runq 174
proc.run 2
cpuload.avg1 1.25
cpuload.avg5 0.64
cpuload.avg15 0.80
disktotals.reads 0
disktotals.readkbs 0
disktotals.writes 0
disktotals.writekbs 0
meminfo.tot 4005796
meminfo.used 1053760
meminfo.free 2952036
meminfo.shared 0
meminfo.buf 23720
meminfo.cached 546644
meminfo.slab 77308
meminfo.map 102672
meminfo.anon 343892
meminfo.anonH 0
meminfo.dirty 40
meminfo.locked 27620
meminfo.inactive 181792
meminfo.hugetot 0
meminfo.hugefree 0
meminfo.hugersvd 0
meminfo.sunreclaim 40664
swapinfo.total 2594812
swapinfo.free 2594812
swapinfo.used 0
swapinfo.in 0
swapinfo.out 0
pageinfo.fault 0
pageinfo.majfault 0
pageinfo.in 0
pageinfo.out 0
nettotals.kbin 0
nettotals.pktin 0
nettotals.kbout 0
nettotals.pktout 0
cpuinfo.user.cpu0 100
cpuinfo.nice.cpu0 0
cpuinfo.sys.cpu0 0
cpuinfo.wait.cpu0 0
cpuinfo.irq.cpu0 0
cpuinfo.soft.cpu0 0
cpuinfo.steal.cpu0 0
cpuinfo.idle.cpu0 0
cpuinfo.intrpt.cpu0 0
cputotals.systot.cpu0 0
cputotals.usertot.cpu0 100
cpuinfo.user.cpu1 99
cpuinfo.nice.cpu1 0
cpuinfo.sys.cpu1 0
cpuinfo.wait.cpu1 0
cpuinfo.irq.cpu1 0
cpuinfo.soft.cpu1 0
cpuinfo.steal.cpu1 1
cpuinfo.idle.cpu1 0
cpuinfo.intrpt.cpu1 0
cputotals.systot.cpu1 1
cputotals.usertot.cpu1 99
Bogus data record skipped for NET:enp1s0: data on 20241211 at 17:02:41
sample.time 1733936562.001
cputotals.num 2
cputotals.user 100
cputotals.nice 0
cputotals.sys 0
cputotals.wait 0
cputotals.irq 0
cputotals.soft 0
cputotals.steal 0
cputotals.idle 0
cputotals.systot 0
cputotals.usertot 100
cputotals.total 100
ctxint.ctx 77
ctxint.int 514
proc.creates 0
proc.runq 174
proc.run 2
cpuload.avg1 1.25
cpuload.avg5 0.64
cpuload.avg15 0.80
disktotals.reads 0
disktotals.readkbs 0
disktotals.writes 0
disktotals.writekbs 0
meminfo.tot 4005796
meminfo.used 1053760
meminfo.free 2952036
meminfo.shared 0
meminfo.buf 23720
meminfo.cached 546644
meminfo.slab 77308
meminfo.map 102672
meminfo.anon 343968
meminfo.anonH 0
meminfo.dirty 44
meminfo.locked 27620
meminfo.inactive 181820
meminfo.hugetot 0
meminfo.hugefree 0
meminfo.hugersvd 0
meminfo.sunreclaim 40664
swapinfo.total 2594812
swapinfo.free 2594812
swapinfo.used 0
swapinfo.in 0
swapinfo.out 0
pageinfo.fault 19
pageinfo.majfault 0
pageinfo.in 0
pageinfo.out 0
nettotals.kbin 0
nettotals.pktin 0
nettotals.kbout 0
nettotals.pktout 0
cpuinfo.user.cpu0 100
cpuinfo.nice.cpu0 0
cpuinfo.sys.cpu0 0
cpuinfo.wait.cpu0 0
cpuinfo.irq.cpu0 0
cpuinfo.soft.cpu0 0
cpuinfo.steal.cpu0 0
cpuinfo.idle.cpu0 0
cpuinfo.intrpt.cpu0 0
cputotals.systot.cpu0 0
cputotals.usertot.cpu0 100
cpuinfo.user.cpu1 100
cpuinfo.nice.cpu1 0
cpuinfo.sys.cpu1 0
cpuinfo.wait.cpu1 0
cpuinfo.irq.cpu1 0
cpuinfo.soft.cpu1 0
cpuinfo.steal.cpu1 0
cpuinfo.idle.cpu1 0
cpuinfo.intrpt.cpu1 0
cputotals.systot.cpu1 0
cputotals.usertot.cpu1 100
Shutting down in response to signal TERM on hpl8...
