       1     4.407099     0.00000173
       2     8.726490     0.00000175
       3    13.087258     0.00000175
       4    17.471404     0.00000175
       6    26.187069     0.00000175
       8    34.986101     0.00000175
      12    52.327681     0.00000175
      13    56.533321     0.00000176
      16    69.528802     0.00000176
      19    82.852455     0.00000175
      21    91.677520     0.00000175
      24   104.584977     0.00000175
      27   117.442029     0.00000175
      29   126.371991     0.00000175
      32   139.057962     0.00000176
      35   151.850210     0.00000176
      45   194.411718     0.00000177
      48   207.489050     0.00000177
      51   220.762915     0.00000176
      61   264.386902     0.00000176
      64   276.137595     0.00000177
      67   290.434362     0.00000176
      93   402.281635     0.00000176
      96   415.698173     0.00000176
      99   429.101987     0.00000176
     125   541.113837     0.00000176
     128   555.271966     0.00000176
     131   561.413542     0.00000178
     189   815.437015     0.00000177
     192   827.696861     0.00000177
     195   840.851022     0.00000177
     253  1091.271800     0.00000177
     256  1103.760501     0.00000177
     259   983.894730     0.00000201
     381  1440.587410     0.00000202
     384  1453.953135     0.00000202
     387  1462.967242     0.00000202
     509  1916.204402     0.00000203
     512  1927.586921     0.00000203
     515  1924.974977     0.00000204
     765  2833.329043     0.00000206
     768  2845.904321     0.00000206
     771  2846.890376     0.00000207
    1021  3746.845174     0.00000208
    1024  3756.005475     0.00000208
    1027  3769.446309     0.00000208
    1533  5533.719022     0.00000211
    1536  5550.935366     0.00000211
    1539  5549.028678     0.00000212
    2045  7371.315403     0.00000212
    2048  7392.740213     0.00000211
    2051  7375.970197     0.00000212
    3069 11009.823028     0.00000213
    3072 10932.691198     0.00000214
    3075 10998.571316     0.00000213
    4093  9120.252446     0.00000343
    4096  9127.964221     0.00000343
    4099  8599.673440     0.00000364
    6141 12818.225664     0.00000366
    6144 12826.447832     0.00000366
    6147 12823.245746     0.00000366
    8189 16914.823451     0.00000370
    8192 16891.235918     0.00000370
    8195 16224.988484     0.00000386
   12285 23889.251075     0.00000393
   12288 23916.044057     0.00000392
   12291 22995.293970     0.00000408
   16381 30220.225581     0.00000414
   16384 30215.849799     0.00000414
   16387 29179.854864     0.00000429
   24573 41154.211163     0.00000456
   24576 41000.511633     0.00000458
   24579 39868.675219     0.00000471
   32765 50252.586903     0.00000498
   32768 50391.439753     0.00000496
   32771 48838.511151     0.00000512
   49149 64702.486642     0.00000580
   49152 64582.529121     0.00000581
   49155 62975.347194     0.00000596
   65533 75246.250636     0.00000665
   65536 73328.011881     0.00000682
   65539 71781.743761     0.00000697
   98301 88119.758413     0.00000851
   98304 88114.237913     0.00000851
   98307 86610.126304     0.00000866
  131069 97349.204429     0.00001028
  131072 97236.102330     0.00001029
  131075 95683.433013     0.00001046
  196605 105602.317657     0.00001424
  196608 104550.824398     0.00001439
  196611 104640.134434     0.00001438
  262141 109255.833645     0.00001843
  262144 109363.214873     0.00001842
  262147 109006.498939     0.00001846
  393213 114224.298873     0.00002647
  393216 113977.271364     0.00002654
  393219 113183.069964     0.00002669
  524285 116439.753419     0.00003436
  524288 116069.195776     0.00003447
  524291 115406.248362     0.00003466
  786429 117758.249701     0.00005096
  786432 117095.085618     0.00005125
  786435 116268.188876     0.00005162
 1048573 105220.417409     0.00007623
 1048576 100679.936553     0.00007958
 1048579 99940.089233     0.00008024
 1572861 65061.065884     0.00020329
 1572864 73375.213986     0.00017991
 1572867 79771.466455     0.00015609
 2097149 37844.308904     0.00047016
 2097152 48227.448793     0.00038392
 2097155 45427.570180     0.00039788
 3145725 23963.981382     0.00101995
 3145728 22633.049709     0.00107709
 3145731 23356.054957     0.00103735
 4194301 19404.801551     0.00165803
 4194304 18655.643743     0.00172247
 4194307 18292.324356     0.00176073
 6291453 18184.150254     0.00265196
 6291456 17377.526583     0.00277142
 6291459 17697.951673     0.00273173
 8388605 20959.042635     0.00314665
 8388608 25764.305041     0.00290295
 8388611 37464.168600     0.00226000
