       1 61.217391   0.00000012
       2 111.358920   0.00000014
       3 167.475378   0.00000014
       4 218.587483   0.00000014
       6 333.160738   0.00000014
       8 446.303061   0.00000014
      12 360.946344   0.00000025
      13 567.492568   0.00000017
      16 411.774580   0.00000030
      19 823.655959   0.00000018
      21 901.962598   0.00000018
      24 1086.711132   0.00000017
      27 1234.617579   0.00000017
      29 1308.477568   0.00000017
      32 1423.893123   0.00000017
      35 1554.674534   0.00000017
      45 1783.559178   0.00000019
      48 2026.355553   0.00000018
      51 2160.119579   0.00000018
      61 2811.871412   0.00000017
      64 2992.532385   0.00000016
      67 2966.291101   0.00000017
      93 4216.002254   0.00000017
      96 4346.136623   0.00000017
      99 4440.489560   0.00000017
     125 5435.682616   0.00000018
     128 5584.868180   0.00000017
     131 5262.353582   0.00000019
     189 7277.405107   0.00000020
     192 7566.106662   0.00000019
     195 7530.701869   0.00000020
     253 9887.797854   0.00000020
     256 10169.656976   0.00000019
     259 7415.259886   0.00000027
     381 10131.165408   0.00000029
     384 10209.480601   0.00000029
     387 10375.880575   0.00000028
     509 13046.443698   0.00000030
     512 13114.021093   0.00000030
     515 13151.237992   0.00000030
     765 18684.305046   0.00000031
     768 18877.209059   0.00000031
     771 18955.729028   0.00000031
    1021 28465.020300   0.00000027
    1024 28722.255135   0.00000027
    1027 28395.222450   0.00000028
    1533 38787.731911   0.00000030
    1536 38958.534441   0.00000030
    1539 39962.694934   0.00000029
    2045 46402.646625   0.00000034
    2048 46673.753177   0.00000033
    2051 45957.970272   0.00000034
    3069 59524.337630   0.00000039
    3072 60171.493432   0.00000039
    3075 57880.086289   0.00000041
    4093 45889.978157   0.00000068
    4096 46293.364720   0.00000068
    4099 45962.108727   0.00000068
    6141 56943.231125   0.00000082
    6144 58467.467757   0.00000080
    6147 57020.878337   0.00000082
    8189 65401.820645   0.00000096
    8192 65469.228493   0.00000095
    8195 65610.565522   0.00000095
   12285 79303.885697   0.00000118
   12288 79725.437443   0.00000118
   12291 77992.789945   0.00000120
   16381 85655.203404   0.00000146
   16384 86262.748884   0.00000145
   16387 85115.436871   0.00000147
   24573 96137.034032   0.00000195
   24576 95953.988964   0.00000195
   24579 95410.535412   0.00000197
   32765 103652.688873   0.00000241
   32768 102708.892902   0.00000243
   32771 102588.998133   0.00000244
   49149 123379.937499   0.00000304
   49152 122653.275267   0.00000306
   49155 122252.810699   0.00000307
   65533 132859.226704   0.00000376
   65536 134640.112456   0.00000371
   65539 132585.888756   0.00000377
   98301 143945.869646   0.00000521
   98304 143543.472753   0.00000522
   98307 140750.357827   0.00000533
  131069 143950.545766   0.00000695
  131072 143053.026380   0.00000699
  131075 143567.115578   0.00000697
  196605 168046.790582   0.00000893
  196608 165107.911993   0.00000908
  196611 162475.769185   0.00000923
  262141 150615.883576   0.00001328
  262144 155869.755065   0.00001283
  262147 154867.892302   0.00001291
  393213 149791.743250   0.00002003
  393216 144401.505315   0.00002078
  393219 153040.000546   0.00001960
  524285 150579.852541   0.00002656
  524288 147509.579504   0.00002712
  524291 138831.965840   0.00002881
  786429 144908.783730   0.00004141
  786432 144679.977504   0.00004147
  786435 139990.215758   0.00004286
 1048573 145367.417833   0.00005503
 1048576 145966.067355   0.00005481
 1048579 146065.078988   0.00005477
 1572861 144544.591349   0.00008302
 1572864 144903.406882   0.00008281
 1572867 141095.252907   0.00008505
 2097149 142642.180160   0.00011217
 2097152 140289.916968   0.00011405
 2097155 138589.827881   0.00011545
 3145725 142409.605677   0.00016853
 3145728 143971.330002   0.00016670
 3145731 141250.403227   0.00016991
 4194301 134170.398543   0.00023850
 4194304 126875.635314   0.00025222
 4194307 123688.669810   0.00025871
 6291453 67030.803051   0.00071609
 6291456 72966.732681   0.00065783
 6291459 118332.012256   0.00040564
 8388605 89007.905443   0.00071904
 8388608 148967.688071   0.00042962
 8388611 149910.208637   0.00042692
