waiting for 1 second sample...
Bogus data record skipped for NET:enp1s0: data on 20241212 at 18:38:50
sample.time 1734028731.001
cputotals.num 1
cputotals.user 100
cputotals.nice 0
cputotals.sys 0
cputotals.wait 0
cputotals.irq 0
cputotals.soft 0
cputotals.steal 0
cputotals.idle 0
cputotals.systot 0
cputotals.usertot 100
cputotals.total 100
ctxint.ctx 59
ctxint.int 259
proc.creates 0
proc.runq 164
proc.run 1
cpuload.avg1 0.76
cpuload.avg5 0.36
cpuload.avg15 0.14
disktotals.reads 0
disktotals.readkbs 0
disktotals.writes 0
disktotals.writekbs 0
meminfo.tot 4006068
meminfo.used 788136
meminfo.free 3217932
meminfo.shared 0
meminfo.buf 22876
meminfo.cached 287564
meminfo.slab 70908
meminfo.map 105384
meminfo.anon 329576
meminfo.anonH 0
meminfo.dirty 9792
meminfo.locked 27620
meminfo.inactive 138092
meminfo.hugetot 0
meminfo.hugefree 0
meminfo.hugersvd 0
meminfo.sunreclaim 38752
swapinfo.total 2594812
swapinfo.free 2594812
swapinfo.used 0
swapinfo.in 0
swapinfo.out 0
pageinfo.fault 9178
pageinfo.majfault 0
pageinfo.in 0
pageinfo.out 0
nettotals.kbin 0
nettotals.pktin 0
nettotals.kbout 0
nettotals.pktout 0
cpuinfo.user.cpu0 100
cpuinfo.nice.cpu0 0
cpuinfo.sys.cpu0 0
cpuinfo.wait.cpu0 0
cpuinfo.irq.cpu0 0
cpuinfo.soft.cpu0 0
cpuinfo.steal.cpu0 0
cpuinfo.idle.cpu0 0
cpuinfo.intrpt.cpu0 0
cputotals.systot.cpu0 0
cputotals.usertot.cpu0 100
Bogus data record skipped for NET:enp1s0: data on 20241212 at 18:38:51
sample.time 1734028732.001
cputotals.num 1
cputotals.user 100
cputotals.nice 0
cputotals.sys 0
cputotals.wait 0
cputotals.irq 0
cputotals.soft 0
cputotals.steal 0
cputotals.idle 0
cputotals.systot 0
cputotals.usertot 100
cputotals.total 100
ctxint.ctx 62
ctxint.int 258
proc.creates 0
proc.runq 164
proc.run 1
cpuload.avg1 0.76
cpuload.avg5 0.36
cpuload.avg15 0.14
disktotals.reads 0
disktotals.readkbs 0
disktotals.writes 0
disktotals.writekbs 0
meminfo.tot 4006068
meminfo.used 788136
meminfo.free 3217932
meminfo.shared 0
meminfo.buf 22876
meminfo.cached 287564
meminfo.slab 70908
meminfo.map 105384
meminfo.anon 329600
meminfo.anonH 0
meminfo.dirty 9792
meminfo.locked 27620
meminfo.inactive 138092
meminfo.hugetot 0
meminfo.hugefree 0
meminfo.hugersvd 0
meminfo.sunreclaim 38752
swapinfo.total 2594812
swapinfo.free 2594812
swapinfo.used 0
swapinfo.in 0
swapinfo.out 0
pageinfo.fault 51
pageinfo.majfault 0
pageinfo.in 0
pageinfo.out 0
nettotals.kbin 0
nettotals.pktin 0
nettotals.kbout 0
nettotals.pktout 0
cpuinfo.user.cpu0 100
cpuinfo.nice.cpu0 0
cpuinfo.sys.cpu0 0
cpuinfo.wait.cpu0 0
cpuinfo.irq.cpu0 0
cpuinfo.soft.cpu0 0
cpuinfo.steal.cpu0 0
cpuinfo.idle.cpu0 0
cpuinfo.intrpt.cpu0 0
cputotals.systot.cpu0 0
cputotals.usertot.cpu0 100
Bogus data record skipped for NET:enp1s0: data on 20241212 at 18:38:52
sample.time 1734028733.001
cputotals.num 1
cputotals.user 100
cputotals.nice 0
cputotals.sys 0
cputotals.wait 0
cputotals.irq 0
cputotals.soft 0
cputotals.steal 0
cputotals.idle 0
cputotals.systot 0
cputotals.usertot 100
cputotals.total 100
ctxint.ctx 51
ctxint.int 258
proc.creates 0
proc.runq 164
proc.run 1
cpuload.avg1 0.76
cpuload.avg5 0.36
cpuload.avg15 0.14
disktotals.reads 0
disktotals.readkbs 0
disktotals.writes 0
disktotals.writekbs 0
meminfo.tot 4006068
meminfo.used 788136
meminfo.free 3217932
meminfo.shared 0
meminfo.buf 22876
meminfo.cached 287564
meminfo.slab 70908
meminfo.map 105384
meminfo.anon 329612
meminfo.anonH 0
meminfo.dirty 9792
meminfo.locked 27620
meminfo.inactive 138092
meminfo.hugetot 0
meminfo.hugefree 0
meminfo.hugersvd 0
meminfo.sunreclaim 38752
swapinfo.total 2594812
swapinfo.free 2594812
swapinfo.used 0
swapinfo.in 0
swapinfo.out 0
pageinfo.fault 2
pageinfo.majfault 0
pageinfo.in 0
pageinfo.out 0
nettotals.kbin 0
nettotals.pktin 0
nettotals.kbout 0
nettotals.pktout 0
cpuinfo.user.cpu0 100
cpuinfo.nice.cpu0 0
cpuinfo.sys.cpu0 0
cpuinfo.wait.cpu0 0
cpuinfo.irq.cpu0 0
cpuinfo.soft.cpu0 0
cpuinfo.steal.cpu0 0
cpuinfo.idle.cpu0 0
cpuinfo.intrpt.cpu0 0
cputotals.systot.cpu0 0
cputotals.usertot.cpu0 100
Bogus data record skipped for NET:enp1s0: data on 20241212 at 18:38:53
sample.time 1734028734.001
cputotals.num 1
cputotals.user 100
cputotals.nice 0
cputotals.sys 0
cputotals.wait 0
cputotals.irq 0
cputotals.soft 0
cputotals.steal 0
cputotals.idle 0
cputotals.systot 0
cputotals.usertot 100
cputotals.total 100
ctxint.ctx 58
ctxint.int 258
proc.creates 0
proc.runq 164
proc.run 1
cpuload.avg1 0.76
cpuload.avg5 0.36
cpuload.avg15 0.14
disktotals.reads 0
disktotals.readkbs 0
disktotals.writes 0
disktotals.writekbs 0
meminfo.tot 4006068
meminfo.used 788136
meminfo.free 3217932
meminfo.shared 0
meminfo.buf 22876
meminfo.cached 287564
meminfo.slab 70908
meminfo.map 105384
meminfo.anon 329616
meminfo.anonH 0
meminfo.dirty 9792
meminfo.locked 27620
meminfo.inactive 138092
meminfo.hugetot 0
meminfo.hugefree 0
meminfo.hugersvd 0
meminfo.sunreclaim 38752
swapinfo.total 2594812
swapinfo.free 2594812
swapinfo.used 0
swapinfo.in 0
swapinfo.out 0
pageinfo.fault 2
pageinfo.majfault 0
pageinfo.in 0
pageinfo.out 0
nettotals.kbin 0
nettotals.pktin 0
nettotals.kbout 0
nettotals.pktout 0
cpuinfo.user.cpu0 100
cpuinfo.nice.cpu0 0
cpuinfo.sys.cpu0 0
cpuinfo.wait.cpu0 0
cpuinfo.irq.cpu0 0
cpuinfo.soft.cpu0 0
cpuinfo.steal.cpu0 0
cpuinfo.idle.cpu0 0
cpuinfo.intrpt.cpu0 0
cputotals.systot.cpu0 0
cputotals.usertot.cpu0 100
Bogus data record skipped for NET:enp1s0: data on 20241212 at 18:38:54
sample.time 1734028735.001
cputotals.num 1
cputotals.user 100
cputotals.nice 0
cputotals.sys 0
cputotals.wait 0
cputotals.irq 0
cputotals.soft 0
cputotals.steal 0
cputotals.idle 0
cputotals.systot 0
cputotals.usertot 100
cputotals.total 100
ctxint.ctx 85
ctxint.int 277
proc.creates 0
proc.runq 164
proc.run 1
cpuload.avg1 0.78
cpuload.avg5 0.37
cpuload.avg15 0.15
disktotals.reads 0
disktotals.readkbs 0
disktotals.writes 33
disktotals.writekbs 304
meminfo.tot 4006068
meminfo.used 788136
meminfo.free 3217932
meminfo.shared 0
meminfo.buf 22884
meminfo.cached 287568
meminfo.slab 70912
meminfo.map 105384
meminfo.anon 329616
meminfo.anonH 0
meminfo.dirty 9708
meminfo.locked 27620
meminfo.inactive 138096
meminfo.hugetot 0
meminfo.hugefree 0
meminfo.hugersvd 0
meminfo.sunreclaim 38752
swapinfo.total 2594812
swapinfo.free 2594812
swapinfo.used 0
swapinfo.in 0
swapinfo.out 0
pageinfo.fault 0
pageinfo.majfault 0
pageinfo.in 0
pageinfo.out 304
nettotals.kbin 0
nettotals.pktin 0
nettotals.kbout 0
nettotals.pktout 0
cpuinfo.user.cpu0 100
cpuinfo.nice.cpu0 0
cpuinfo.sys.cpu0 0
cpuinfo.wait.cpu0 0
cpuinfo.irq.cpu0 0
cpuinfo.soft.cpu0 0
cpuinfo.steal.cpu0 0
cpuinfo.idle.cpu0 0
cpuinfo.intrpt.cpu0 0
cputotals.systot.cpu0 0
cputotals.usertot.cpu0 100
Bogus data record skipped for NET:enp1s0: data on 20241212 at 18:38:55
sample.time 1734028736.001
cputotals.num 1
cputotals.user 100
cputotals.nice 0
cputotals.sys 0
cputotals.wait 0
cputotals.irq 0
cputotals.soft 0
cputotals.steal 0
cputotals.idle 0
cputotals.systot 0
cputotals.usertot 100
cputotals.total 100
ctxint.ctx 61
ctxint.int 258
proc.creates 0
proc.runq 164
proc.run 1
cpuload.avg1 0.78
cpuload.avg5 0.37
cpuload.avg15 0.15
disktotals.reads 0
disktotals.readkbs 0
disktotals.writes 0
disktotals.writekbs 0
meminfo.tot 4006068
meminfo.used 788136
meminfo.free 3217932
meminfo.shared 0
meminfo.buf 22884
meminfo.cached 287568
meminfo.slab 70904
meminfo.map 105384
meminfo.anon 329616
meminfo.anonH 0
meminfo.dirty 9696
meminfo.locked 27620
meminfo.inactive 138096
meminfo.hugetot 0
meminfo.hugefree 0
meminfo.hugersvd 0
meminfo.sunreclaim 38744
swapinfo.total 2594812
swapinfo.free 2594812
swapinfo.used 0
swapinfo.in 0
swapinfo.out 0
pageinfo.fault 0
pageinfo.majfault 0
pageinfo.in 0
pageinfo.out 0
nettotals.kbin 0
nettotals.pktin 0
nettotals.kbout 0
nettotals.pktout 0
cpuinfo.user.cpu0 100
cpuinfo.nice.cpu0 0
cpuinfo.sys.cpu0 0
cpuinfo.wait.cpu0 0
cpuinfo.irq.cpu0 0
cpuinfo.soft.cpu0 0
cpuinfo.steal.cpu0 0
cpuinfo.idle.cpu0 0
cpuinfo.intrpt.cpu0 0
cputotals.systot.cpu0 0
cputotals.usertot.cpu0 100
Bogus data record skipped for NET:enp1s0: data on 20241212 at 18:38:56
sample.time 1734028737.001
cputotals.num 1
cputotals.user 100
cputotals.nice 0
cputotals.sys 0
cputotals.wait 0
cputotals.irq 0
cputotals.soft 0
cputotals.steal 0
cputotals.idle 0
cputotals.systot 0
cputotals.usertot 100
cputotals.total 100
ctxint.ctx 38
ctxint.int 258
proc.creates 0
proc.runq 164
proc.run 1
cpuload.avg1 0.78
cpuload.avg5 0.37
cpuload.avg15 0.15
disktotals.reads 0
disktotals.readkbs 0
disktotals.writes 0
disktotals.writekbs 0
meminfo.tot 4006068
meminfo.used 788136
meminfo.free 3217932
meminfo.shared 0
meminfo.buf 22884
meminfo.cached 287568
meminfo.slab 70904
meminfo.map 105384
meminfo.anon 329616
meminfo.anonH 0
meminfo.dirty 9696
meminfo.locked 27620
meminfo.inactive 138096
meminfo.hugetot 0
meminfo.hugefree 0
meminfo.hugersvd 0
meminfo.sunreclaim 38744
swapinfo.total 2594812
swapinfo.free 2594812
swapinfo.used 0
swapinfo.in 0
swapinfo.out 0
pageinfo.fault 0
pageinfo.majfault 0
pageinfo.in 0
pageinfo.out 0
nettotals.kbin 0
nettotals.pktin 0
nettotals.kbout 0
nettotals.pktout 0
cpuinfo.user.cpu0 100
cpuinfo.nice.cpu0 0
cpuinfo.sys.cpu0 0
cpuinfo.wait.cpu0 0
cpuinfo.irq.cpu0 0
cpuinfo.soft.cpu0 0
cpuinfo.steal.cpu0 0
cpuinfo.idle.cpu0 0
cpuinfo.intrpt.cpu0 0
cputotals.systot.cpu0 0
cputotals.usertot.cpu0 100
Bogus data record skipped for NET:enp1s0: data on 20241212 at 18:38:57
sample.time 1734028738.001
cputotals.num 1
cputotals.user 100
cputotals.nice 0
cputotals.sys 0
cputotals.wait 0
cputotals.irq 0
cputotals.soft 0
cputotals.steal 0
cputotals.idle 0
cputotals.systot 0
cputotals.usertot 100
cputotals.total 100
ctxint.ctx 59
ctxint.int 258
proc.creates 0
proc.runq 164
proc.run 1
cpuload.avg1 0.78
cpuload.avg5 0.37
cpuload.avg15 0.15
disktotals.reads 0
disktotals.readkbs 0
disktotals.writes 0
disktotals.writekbs 0
meminfo.tot 4006068
meminfo.used 788136
meminfo.free 3217932
meminfo.shared 0
meminfo.buf 22884
meminfo.cached 287572
meminfo.slab 70904
meminfo.map 105384
meminfo.anon 329616
meminfo.anonH 0
meminfo.dirty 9700
meminfo.locked 27620
meminfo.inactive 138096
meminfo.hugetot 0
meminfo.hugefree 0
meminfo.hugersvd 0
meminfo.sunreclaim 38744
swapinfo.total 2594812
swapinfo.free 2594812
swapinfo.used 0
swapinfo.in 0
swapinfo.out 0
pageinfo.fault 0
pageinfo.majfault 0
pageinfo.in 0
pageinfo.out 0
nettotals.kbin 0
nettotals.pktin 0
nettotals.kbout 0
nettotals.pktout 0
cpuinfo.user.cpu0 100
cpuinfo.nice.cpu0 0
cpuinfo.sys.cpu0 0
cpuinfo.wait.cpu0 0
cpuinfo.irq.cpu0 0
cpuinfo.soft.cpu0 0
cpuinfo.steal.cpu0 0
cpuinfo.idle.cpu0 0
cpuinfo.intrpt.cpu0 0
cputotals.systot.cpu0 0
cputotals.usertot.cpu0 100
Bogus data record skipped for NET:enp1s0: data on 20241212 at 18:38:58
sample.time 1734028739.001
cputotals.num 1
cputotals.user 100
cputotals.nice 0
cputotals.sys 0
cputotals.wait 0
cputotals.irq 0
cputotals.soft 0
cputotals.steal 0
cputotals.idle 0
cputotals.systot 0
cputotals.usertot 100
cputotals.total 100
ctxint.ctx 51
ctxint.int 259
proc.creates 0
proc.runq 164
proc.run 1
cpuload.avg1 0.78
cpuload.avg5 0.37
cpuload.avg15 0.15
disktotals.reads 0
disktotals.readkbs 0
disktotals.writes 0
disktotals.writekbs 0
meminfo.tot 4006068
meminfo.used 788136
meminfo.free 3217932
meminfo.shared 0
meminfo.buf 22884
meminfo.cached 287572
meminfo.slab 70904
meminfo.map 105384
meminfo.anon 329616
meminfo.anonH 0
meminfo.dirty 9700
meminfo.locked 27620
meminfo.inactive 138096
meminfo.hugetot 0
meminfo.hugefree 0
meminfo.hugersvd 0
meminfo.sunreclaim 38744
swapinfo.total 2594812
swapinfo.free 2594812
swapinfo.used 0
swapinfo.in 0
swapinfo.out 0
pageinfo.fault 0
pageinfo.majfault 0
pageinfo.in 0
pageinfo.out 0
nettotals.kbin 0
nettotals.pktin 0
nettotals.kbout 0
nettotals.pktout 0
cpuinfo.user.cpu0 100
cpuinfo.nice.cpu0 0
cpuinfo.sys.cpu0 0
cpuinfo.wait.cpu0 0
cpuinfo.irq.cpu0 0
cpuinfo.soft.cpu0 0
cpuinfo.steal.cpu0 0
cpuinfo.idle.cpu0 0
cpuinfo.intrpt.cpu0 0
cputotals.systot.cpu0 0
cputotals.usertot.cpu0 100
Bogus data record skipped for NET:enp1s0: data on 20241212 at 18:38:59
sample.time 1734028740.001
cputotals.num 1
cputotals.user 100
cputotals.nice 0
cputotals.sys 0
cputotals.wait 0
cputotals.irq 0
cputotals.soft 0
cputotals.steal 0
cputotals.idle 0
cputotals.systot 0
cputotals.usertot 100
cputotals.total 100
ctxint.ctx 67
ctxint.int 262
proc.creates 0
proc.runq 164
proc.run 1
cpuload.avg1 0.80
cpuload.avg5 0.38
cpuload.avg15 0.15
disktotals.reads 0
disktotals.readkbs 0
disktotals.writes 3
disktotals.writekbs 12
meminfo.tot 4006068
meminfo.used 788136
meminfo.free 3217932
meminfo.shared 0
meminfo.buf 22892
meminfo.cached 287572
meminfo.slab 70904
meminfo.map 105384
meminfo.anon 329616
meminfo.anonH 0
meminfo.dirty 9700
meminfo.locked 27620
meminfo.inactive 138096
meminfo.hugetot 0
meminfo.hugefree 0
meminfo.hugersvd 0
meminfo.sunreclaim 38744
swapinfo.total 2594812
swapinfo.free 2594812
swapinfo.used 0
swapinfo.in 0
swapinfo.out 0
pageinfo.fault 0
pageinfo.majfault 0
pageinfo.in 0
pageinfo.out 12
nettotals.kbin 0
nettotals.pktin 0
nettotals.kbout 0
nettotals.pktout 0
cpuinfo.user.cpu0 100
cpuinfo.nice.cpu0 0
cpuinfo.sys.cpu0 0
cpuinfo.wait.cpu0 0
cpuinfo.irq.cpu0 0
cpuinfo.soft.cpu0 0
cpuinfo.steal.cpu0 0
cpuinfo.idle.cpu0 0
cpuinfo.intrpt.cpu0 0
cputotals.systot.cpu0 0
cputotals.usertot.cpu0 100
Bogus data record skipped for NET:enp1s0: data on 20241212 at 18:39:00
sample.time 1734028741.001
cputotals.num 1
cputotals.user 100
cputotals.nice 0
cputotals.sys 0
cputotals.wait 0
cputotals.irq 0
cputotals.soft 0
cputotals.steal 0
cputotals.idle 0
cputotals.systot 0
cputotals.usertot 100
cputotals.total 100
ctxint.ctx 76
ctxint.int 258
proc.creates 0
proc.runq 164
proc.run 1
cpuload.avg1 0.80
cpuload.avg5 0.38
cpuload.avg15 0.15
disktotals.reads 0
disktotals.readkbs 0
disktotals.writes 0
disktotals.writekbs 0
meminfo.tot 4006068
meminfo.used 788136
meminfo.free 3217932
meminfo.shared 0
meminfo.buf 22892
meminfo.cached 287576
meminfo.slab 70904
meminfo.map 105384
meminfo.anon 329616
meminfo.anonH 0
meminfo.dirty 9704
meminfo.locked 27620
meminfo.inactive 138096
meminfo.hugetot 0
meminfo.hugefree 0
meminfo.hugersvd 0
meminfo.sunreclaim 38744
swapinfo.total 2594812
swapinfo.free 2594812
swapinfo.used 0
swapinfo.in 0
swapinfo.out 0
pageinfo.fault 0
pageinfo.majfault 0
pageinfo.in 0
pageinfo.out 0
nettotals.kbin 0
nettotals.pktin 0
nettotals.kbout 0
nettotals.pktout 0
cpuinfo.user.cpu0 100
cpuinfo.nice.cpu0 0
cpuinfo.sys.cpu0 0
cpuinfo.wait.cpu0 0
cpuinfo.irq.cpu0 0
cpuinfo.soft.cpu0 0
cpuinfo.steal.cpu0 0
cpuinfo.idle.cpu0 0
cpuinfo.intrpt.cpu0 0
cputotals.systot.cpu0 0
cputotals.usertot.cpu0 100
Bogus data record skipped for NET:enp1s0: data on 20241212 at 18:39:01
sample.time 1734028742.001
cputotals.num 1
cputotals.user 100
cputotals.nice 0
cputotals.sys 0
cputotals.wait 0
cputotals.irq 0
cputotals.soft 0
cputotals.steal 0
cputotals.idle 0
cputotals.systot 0
cputotals.usertot 100
cputotals.total 100
ctxint.ctx 60
ctxint.int 260
proc.creates 0
proc.runq 164
proc.run 1
cpuload.avg1 0.80
cpuload.avg5 0.38
cpuload.avg15 0.15
disktotals.reads 0
disktotals.readkbs 0
disktotals.writes 0
disktotals.writekbs 0
meminfo.tot 4006068
meminfo.used 788136
meminfo.free 3217932
meminfo.shared 0
meminfo.buf 22892
meminfo.cached 287576
meminfo.slab 70900
meminfo.map 105384
meminfo.anon 329616
meminfo.anonH 0
meminfo.dirty 9704
meminfo.locked 27620
meminfo.inactive 138096
meminfo.hugetot 0
meminfo.hugefree 0
meminfo.hugersvd 0
meminfo.sunreclaim 38740
swapinfo.total 2594812
swapinfo.free 2594812
swapinfo.used 0
swapinfo.in 0
swapinfo.out 0
pageinfo.fault 0
pageinfo.majfault 0
pageinfo.in 0
pageinfo.out 0
nettotals.kbin 0
nettotals.pktin 0
nettotals.kbout 0
nettotals.pktout 0
cpuinfo.user.cpu0 100
cpuinfo.nice.cpu0 0
cpuinfo.sys.cpu0 0
cpuinfo.wait.cpu0 0
cpuinfo.irq.cpu0 0
cpuinfo.soft.cpu0 0
cpuinfo.steal.cpu0 0
cpuinfo.idle.cpu0 0
cpuinfo.intrpt.cpu0 0
cputotals.systot.cpu0 0
cputotals.usertot.cpu0 100
Bogus data record skipped for NET:enp1s0: data on 20241212 at 18:39:02
sample.time 1734028743.001
cputotals.num 1
cputotals.user 100
cputotals.nice 0
cputotals.sys 0
cputotals.wait 0
cputotals.irq 0
cputotals.soft 0
cputotals.steal 0
cputotals.idle 0
cputotals.systot 0
cputotals.usertot 100
cputotals.total 100
ctxint.ctx 38
ctxint.int 258
proc.creates 0
proc.runq 164
proc.run 1
cpuload.avg1 0.80
cpuload.avg5 0.38
cpuload.avg15 0.15
disktotals.reads 0
disktotals.readkbs 0
disktotals.writes 0
disktotals.writekbs 0
meminfo.tot 4006068
meminfo.used 788136
meminfo.free 3217932
meminfo.shared 0
meminfo.buf 22892
meminfo.cached 287576
meminfo.slab 70900
meminfo.map 105384
meminfo.anon 329616
meminfo.anonH 0
meminfo.dirty 9704
meminfo.locked 27620
meminfo.inactive 138096
meminfo.hugetot 0
meminfo.hugefree 0
meminfo.hugersvd 0
meminfo.sunreclaim 38740
swapinfo.total 2594812
swapinfo.free 2594812
swapinfo.used 0
swapinfo.in 0
swapinfo.out 0
pageinfo.fault 0
pageinfo.majfault 0
pageinfo.in 0
pageinfo.out 0
nettotals.kbin 0
nettotals.pktin 0
nettotals.kbout 0
nettotals.pktout 0
cpuinfo.user.cpu0 100
cpuinfo.nice.cpu0 0
cpuinfo.sys.cpu0 0
cpuinfo.wait.cpu0 0
cpuinfo.irq.cpu0 0
cpuinfo.soft.cpu0 0
cpuinfo.steal.cpu0 0
cpuinfo.idle.cpu0 0
cpuinfo.intrpt.cpu0 0
cputotals.systot.cpu0 0
cputotals.usertot.cpu0 100
Bogus data record skipped for NET:enp1s0: data on 20241212 at 18:39:03
sample.time 1734028744.001
cputotals.num 1
cputotals.user 100
cputotals.nice 0
cputotals.sys 0
cputotals.wait 0
cputotals.irq 0
cputotals.soft 0
cputotals.steal 0
cputotals.idle 0
cputotals.systot 0
cputotals.usertot 100
cputotals.total 100
ctxint.ctx 65
ctxint.int 259
proc.creates 0
proc.runq 164
proc.run 1
cpuload.avg1 0.80
cpuload.avg5 0.38
cpuload.avg15 0.15
disktotals.reads 0
disktotals.readkbs 0
disktotals.writes 0
disktotals.writekbs 0
meminfo.tot 4006068
meminfo.used 788136
meminfo.free 3217932
meminfo.shared 0
meminfo.buf 22892
meminfo.cached 287580
meminfo.slab 70900
meminfo.map 105384
meminfo.anon 329616
meminfo.anonH 0
meminfo.dirty 9708
meminfo.locked 27620
meminfo.inactive 138096
meminfo.hugetot 0
meminfo.hugefree 0
meminfo.hugersvd 0
meminfo.sunreclaim 38740
swapinfo.total 2594812
swapinfo.free 2594812
swapinfo.used 0
swapinfo.in 0
swapinfo.out 0
pageinfo.fault 0
pageinfo.majfault 0
pageinfo.in 0
pageinfo.out 0
nettotals.kbin 0
nettotals.pktin 0
nettotals.kbout 0
nettotals.pktout 0
cpuinfo.user.cpu0 100
cpuinfo.nice.cpu0 0
cpuinfo.sys.cpu0 0
cpuinfo.wait.cpu0 0
cpuinfo.irq.cpu0 0
cpuinfo.soft.cpu0 0
cpuinfo.steal.cpu0 0
cpuinfo.idle.cpu0 0
cpuinfo.intrpt.cpu0 0
cputotals.systot.cpu0 0
cputotals.usertot.cpu0 100
Bogus data record skipped for NET:enp1s0: data on 20241212 at 18:39:04
sample.time 1734028745.001
cputotals.num 1
cputotals.user 100
cputotals.nice 0
cputotals.sys 0
cputotals.wait 0
cputotals.irq 0
cputotals.soft 0
cputotals.steal 0
cputotals.idle 0
cputotals.systot 0
cputotals.usertot 100
cputotals.total 100
ctxint.ctx 64
ctxint.int 261
proc.creates 0
proc.runq 164
proc.run 1
cpuload.avg1 0.81
cpuload.avg5 0.39
cpuload.avg15 0.16
disktotals.reads 0
disktotals.readkbs 0
disktotals.writes 3
disktotals.writekbs 12
meminfo.tot 4006068
meminfo.used 788136
meminfo.free 3217932
meminfo.shared 0
meminfo.buf 22900
meminfo.cached 287580
meminfo.slab 70900
meminfo.map 105384
meminfo.anon 329616
meminfo.anonH 0
meminfo.dirty 9708
meminfo.locked 27620
meminfo.inactive 138096
meminfo.hugetot 0
meminfo.hugefree 0
meminfo.hugersvd 0
meminfo.sunreclaim 38740
swapinfo.total 2594812
swapinfo.free 2594812
swapinfo.used 0
swapinfo.in 0
swapinfo.out 0
pageinfo.fault 0
pageinfo.majfault 0
pageinfo.in 0
pageinfo.out 12
nettotals.kbin 0
nettotals.pktin 0
nettotals.kbout 0
nettotals.pktout 0
cpuinfo.user.cpu0 100
cpuinfo.nice.cpu0 0
cpuinfo.sys.cpu0 0
cpuinfo.wait.cpu0 0
cpuinfo.irq.cpu0 0
cpuinfo.soft.cpu0 0
cpuinfo.steal.cpu0 0
cpuinfo.idle.cpu0 0
cpuinfo.intrpt.cpu0 0
cputotals.systot.cpu0 0
cputotals.usertot.cpu0 100
Bogus data record skipped for NET:enp1s0: data on 20241212 at 18:39:05
sample.time 1734028746.001
cputotals.num 1
cputotals.user 100
cputotals.nice 0
cputotals.sys 0
cputotals.wait 0
cputotals.irq 0
cputotals.soft 0
cputotals.steal 0
cputotals.idle 0
cputotals.systot 0
cputotals.usertot 100
cputotals.total 100
ctxint.ctx 52
ctxint.int 259
proc.creates 0
proc.runq 164
proc.run 1
cpuload.avg1 0.81
cpuload.avg5 0.39
cpuload.avg15 0.16
disktotals.reads 0
disktotals.readkbs 0
disktotals.writes 0
disktotals.writekbs 0
meminfo.tot 4006068
meminfo.used 788136
meminfo.free 3217932
meminfo.shared 0
meminfo.buf 22900
meminfo.cached 287580
meminfo.slab 70900
meminfo.map 105384
meminfo.anon 329616
meminfo.anonH 0
meminfo.dirty 9708
meminfo.locked 27620
meminfo.inactive 138096
meminfo.hugetot 0
meminfo.hugefree 0
meminfo.hugersvd 0
meminfo.sunreclaim 38740
swapinfo.total 2594812
swapinfo.free 2594812
swapinfo.used 0
swapinfo.in 0
swapinfo.out 0
pageinfo.fault 0
pageinfo.majfault 0
pageinfo.in 0
pageinfo.out 0
nettotals.kbin 0
nettotals.pktin 0
nettotals.kbout 0
nettotals.pktout 0
cpuinfo.user.cpu0 100
cpuinfo.nice.cpu0 0
cpuinfo.sys.cpu0 0
cpuinfo.wait.cpu0 0
cpuinfo.irq.cpu0 0
cpuinfo.soft.cpu0 0
cpuinfo.steal.cpu0 0
cpuinfo.idle.cpu0 0
cpuinfo.intrpt.cpu0 0
cputotals.systot.cpu0 0
cputotals.usertot.cpu0 100
Bogus data record skipped for NET:enp1s0: data on 20241212 at 18:39:06
sample.time 1734028747.001
cputotals.num 1
cputotals.user 97
cputotals.nice 0
cputotals.sys 3
cputotals.wait 0
cputotals.irq 0
cputotals.soft 0
cputotals.steal 0
cputotals.idle 0
cputotals.systot 3
cputotals.usertot 97
cputotals.total 100
ctxint.ctx 1079
ctxint.int 476
proc.creates 50
proc.runq 164
proc.run 1
cpuload.avg1 0.81
cpuload.avg5 0.39
cpuload.avg15 0.16
disktotals.reads 0
disktotals.readkbs 0
disktotals.writes 0
disktotals.writekbs 0
meminfo.tot 4006068
meminfo.used 795192
meminfo.free 3210876
meminfo.shared 0
meminfo.buf 22900
meminfo.cached 287584
meminfo.slab 71044
meminfo.map 105484
meminfo.anon 331636
meminfo.anonH 0
meminfo.dirty 9844
meminfo.locked 27620
meminfo.inactive 138068
meminfo.hugetot 0
meminfo.hugefree 0
meminfo.hugersvd 0
meminfo.sunreclaim 38884
swapinfo.total 2594812
swapinfo.free 2594812
swapinfo.used 0
swapinfo.in 0
swapinfo.out 0
pageinfo.fault 7878
pageinfo.majfault 0
pageinfo.in 0
pageinfo.out 0
nettotals.kbin 0
nettotals.pktin 0
nettotals.kbout 0
nettotals.pktout 0
cpuinfo.user.cpu0 97
cpuinfo.nice.cpu0 0
cpuinfo.sys.cpu0 3
cpuinfo.wait.cpu0 0
cpuinfo.irq.cpu0 0
cpuinfo.soft.cpu0 0
cpuinfo.steal.cpu0 0
cpuinfo.idle.cpu0 0
cpuinfo.intrpt.cpu0 0
cputotals.systot.cpu0 3
cputotals.usertot.cpu0 97
Bogus data record skipped for NET:enp1s0: data on 20241212 at 18:39:07
sample.time 1734028748.001
cputotals.num 1
cputotals.user 99
cputotals.nice 0
cputotals.sys 1
cputotals.wait 0
cputotals.irq 0
cputotals.soft 0
cputotals.steal 0
cputotals.idle 0
cputotals.systot 1
cputotals.usertot 99
cputotals.total 100
ctxint.ctx 1147
ctxint.int 495
proc.creates 50
proc.runq 164
proc.run 1
cpuload.avg1 0.81
cpuload.avg5 0.39
cpuload.avg15 0.16
disktotals.reads 0
disktotals.readkbs 0
disktotals.writes 0
disktotals.writekbs 0
meminfo.tot 4006068
meminfo.used 795192
meminfo.free 3210876
meminfo.shared 0
meminfo.buf 22900
meminfo.cached 287584
meminfo.slab 71052
meminfo.map 105500
meminfo.anon 331648
meminfo.anonH 0
meminfo.dirty 9988
meminfo.locked 27620
meminfo.inactive 138056
meminfo.hugetot 0
meminfo.hugefree 0
meminfo.hugersvd 0
meminfo.sunreclaim 38864
swapinfo.total 2594812
swapinfo.free 2594812
swapinfo.used 0
swapinfo.in 0
swapinfo.out 0
pageinfo.fault 7193
pageinfo.majfault 0
pageinfo.in 0
pageinfo.out 0
nettotals.kbin 0
nettotals.pktin 0
nettotals.kbout 0
nettotals.pktout 0
cpuinfo.user.cpu0 99
cpuinfo.nice.cpu0 0
cpuinfo.sys.cpu0 1
cpuinfo.wait.cpu0 0
cpuinfo.irq.cpu0 0
cpuinfo.soft.cpu0 0
cpuinfo.steal.cpu0 0
cpuinfo.idle.cpu0 0
cpuinfo.intrpt.cpu0 0
cputotals.systot.cpu0 1
cputotals.usertot.cpu0 99
Bogus data record skipped for NET:enp1s0: data on 20241212 at 18:39:08
sample.time 1734028749.001
cputotals.num 1
cputotals.user 100
cputotals.nice 0
cputotals.sys 0
cputotals.wait 0
cputotals.irq 0
cputotals.soft 0
cputotals.steal 0
cputotals.idle 0
cputotals.systot 0
cputotals.usertot 100
cputotals.total 100
ctxint.ctx 52
ctxint.int 258
proc.creates 0
proc.runq 164
proc.run 1
cpuload.avg1 0.81
cpuload.avg5 0.39
cpuload.avg15 0.16
disktotals.reads 0
disktotals.readkbs 0
disktotals.writes 0
disktotals.writekbs 0
meminfo.tot 4006068
meminfo.used 795192
meminfo.free 3210876
meminfo.shared 0
meminfo.buf 22900
meminfo.cached 287588
meminfo.slab 71020
meminfo.map 105468
meminfo.anon 331644
meminfo.anonH 0
meminfo.dirty 9996
meminfo.locked 27620
meminfo.inactive 138016
meminfo.hugetot 0
meminfo.hugefree 0
meminfo.hugersvd 0
meminfo.sunreclaim 38828
swapinfo.total 2594812
swapinfo.free 2594812
swapinfo.used 0
swapinfo.in 0
swapinfo.out 0
pageinfo.fault 0
pageinfo.majfault 0
pageinfo.in 0
pageinfo.out 0
nettotals.kbin 0
nettotals.pktin 0
nettotals.kbout 0
nettotals.pktout 0
cpuinfo.user.cpu0 100
cpuinfo.nice.cpu0 0
cpuinfo.sys.cpu0 0
cpuinfo.wait.cpu0 0
cpuinfo.irq.cpu0 0
cpuinfo.soft.cpu0 0
cpuinfo.steal.cpu0 0
cpuinfo.idle.cpu0 0
cpuinfo.intrpt.cpu0 0
cputotals.systot.cpu0 0
cputotals.usertot.cpu0 100
Bogus data record skipped for NET:enp1s0: data on 20241212 at 18:39:09
sample.time 1734028750.001
cputotals.num 1
cputotals.user 100
cputotals.nice 0
cputotals.sys 0
cputotals.wait 0
cputotals.irq 0
cputotals.soft 0
cputotals.steal 0
cputotals.idle 0
cputotals.systot 0
cputotals.usertot 100
cputotals.total 100
ctxint.ctx 78
ctxint.int 263
proc.creates 0
proc.runq 164
proc.run 1
cpuload.avg1 0.83
cpuload.avg5 0.40
cpuload.avg15 0.16
disktotals.reads 0
disktotals.readkbs 0
disktotals.writes 3
disktotals.writekbs 32
meminfo.tot 4006068
meminfo.used 795192
meminfo.free 3210876
meminfo.shared 0
meminfo.buf 22908
meminfo.cached 287592
meminfo.slab 71020
meminfo.map 105468
meminfo.anon 331644
meminfo.anonH 0
meminfo.dirty 10020
meminfo.locked 27620
meminfo.inactive 138016
meminfo.hugetot 0
meminfo.hugefree 0
meminfo.hugersvd 0
meminfo.sunreclaim 38828
swapinfo.total 2594812
swapinfo.free 2594812
swapinfo.used 0
swapinfo.in 0
swapinfo.out 0
pageinfo.fault 0
pageinfo.majfault 0
pageinfo.in 0
pageinfo.out 32
nettotals.kbin 0
nettotals.pktin 0
nettotals.kbout 0
nettotals.pktout 0
cpuinfo.user.cpu0 100
cpuinfo.nice.cpu0 0
cpuinfo.sys.cpu0 0
cpuinfo.wait.cpu0 0
cpuinfo.irq.cpu0 0
cpuinfo.soft.cpu0 0
cpuinfo.steal.cpu0 0
cpuinfo.idle.cpu0 0
cpuinfo.intrpt.cpu0 0
cputotals.systot.cpu0 0
cputotals.usertot.cpu0 100
Bogus data record skipped for NET:enp1s0: data on 20241212 at 18:39:10
sample.time 1734028751.001
cputotals.num 1
cputotals.user 100
cputotals.nice 0
cputotals.sys 0
cputotals.wait 0
cputotals.irq 0
cputotals.soft 0
cputotals.steal 0
cputotals.idle 0
cputotals.systot 0
cputotals.usertot 100
cputotals.total 100
ctxint.ctx 106
ctxint.int 353
proc.creates 0
proc.runq 164
proc.run 1
cpuload.avg1 0.83
cpuload.avg5 0.40
cpuload.avg15 0.16
disktotals.reads 0
disktotals.readkbs 0
disktotals.writes 148
disktotals.writekbs 824
meminfo.tot 4006068
meminfo.used 795192
meminfo.free 3210876
meminfo.shared 0
meminfo.buf 22908
meminfo.cached 287592
meminfo.slab 71020
meminfo.map 105468
meminfo.anon 331644
meminfo.anonH 0
meminfo.dirty 9228
meminfo.locked 27620
meminfo.inactive 138016
meminfo.hugetot 0
meminfo.hugefree 0
meminfo.hugersvd 0
meminfo.sunreclaim 38828
swapinfo.total 2594812
swapinfo.free 2594812
swapinfo.used 0
swapinfo.in 0
swapinfo.out 0
pageinfo.fault 0
pageinfo.majfault 0
pageinfo.in 0
pageinfo.out 824
nettotals.kbin 0
nettotals.pktin 0
nettotals.kbout 0
nettotals.pktout 0
cpuinfo.user.cpu0 100
cpuinfo.nice.cpu0 0
cpuinfo.sys.cpu0 0
cpuinfo.wait.cpu0 0
cpuinfo.irq.cpu0 0
cpuinfo.soft.cpu0 0
cpuinfo.steal.cpu0 0
cpuinfo.idle.cpu0 0
cpuinfo.intrpt.cpu0 0
cputotals.systot.cpu0 0
cputotals.usertot.cpu0 100
Bogus data record skipped for NET:enp1s0: data on 20241212 at 18:39:11
sample.time 1734028752.001
cputotals.num 1
cputotals.user 99
cputotals.nice 0
cputotals.sys 1
cputotals.wait 0
cputotals.irq 0
cputotals.soft 0
cputotals.steal 0
cputotals.idle 0
cputotals.systot 1
cputotals.usertot 99
cputotals.total 100
ctxint.ctx 61
ctxint.int 261
proc.creates 0
proc.runq 164
proc.run 1
cpuload.avg1 0.83
cpuload.avg5 0.40
cpuload.avg15 0.16
disktotals.reads 0
disktotals.readkbs 0
disktotals.writes 2
disktotals.writekbs 12
meminfo.tot 4006068
meminfo.used 795192
meminfo.free 3210876
meminfo.shared 0
meminfo.buf 22908
meminfo.cached 287592
meminfo.slab 71020
meminfo.map 105468
meminfo.anon 331644
meminfo.anonH 0
meminfo.dirty 9196
meminfo.locked 27620
meminfo.inactive 138020
meminfo.hugetot 0
meminfo.hugefree 0
meminfo.hugersvd 0
meminfo.sunreclaim 38828
swapinfo.total 2594812
swapinfo.free 2594812
swapinfo.used 0
swapinfo.in 0
swapinfo.out 0
pageinfo.fault 0
pageinfo.majfault 0
pageinfo.in 0
pageinfo.out 12
nettotals.kbin 0
nettotals.pktin 0
nettotals.kbout 0
nettotals.pktout 0
cpuinfo.user.cpu0 99
cpuinfo.nice.cpu0 0
cpuinfo.sys.cpu0 1
cpuinfo.wait.cpu0 0
cpuinfo.irq.cpu0 0
cpuinfo.soft.cpu0 0
cpuinfo.steal.cpu0 0
cpuinfo.idle.cpu0 0
cpuinfo.intrpt.cpu0 0
cputotals.systot.cpu0 1
cputotals.usertot.cpu0 99
Bogus data record skipped for NET:enp1s0: data on 20241212 at 18:39:12
sample.time 1734028753.001
cputotals.num 1
cputotals.user 100
cputotals.nice 0
cputotals.sys 0
cputotals.wait 0
cputotals.irq 0
cputotals.soft 0
cputotals.steal 0
cputotals.idle 0
cputotals.systot 0
cputotals.usertot 100
cputotals.total 100
ctxint.ctx 47
ctxint.int 258
proc.creates 0
proc.runq 164
proc.run 1
cpuload.avg1 0.83
cpuload.avg5 0.40
cpuload.avg15 0.16
disktotals.reads 0
disktotals.readkbs 0
disktotals.writes 0
disktotals.writekbs 0
meminfo.tot 4006068
meminfo.used 795192
meminfo.free 3210876
meminfo.shared 0
meminfo.buf 22908
meminfo.cached 287596
meminfo.slab 71020
meminfo.map 105468
meminfo.anon 331644
meminfo.anonH 0
meminfo.dirty 9188
meminfo.locked 27620
meminfo.inactive 138020
meminfo.hugetot 0
meminfo.hugefree 0
meminfo.hugersvd 0
meminfo.sunreclaim 38828
swapinfo.total 2594812
swapinfo.free 2594812
swapinfo.used 0
swapinfo.in 0
swapinfo.out 0
pageinfo.fault 0
pageinfo.majfault 0
pageinfo.in 0
pageinfo.out 0
nettotals.kbin 0
nettotals.pktin 0
nettotals.kbout 0
nettotals.pktout 0
cpuinfo.user.cpu0 100
cpuinfo.nice.cpu0 0
cpuinfo.sys.cpu0 0
cpuinfo.wait.cpu0 0
cpuinfo.irq.cpu0 0
cpuinfo.soft.cpu0 0
cpuinfo.steal.cpu0 0
cpuinfo.idle.cpu0 0
cpuinfo.intrpt.cpu0 0
cputotals.systot.cpu0 0
cputotals.usertot.cpu0 100
Bogus data record skipped for NET:enp1s0: data on 20241212 at 18:39:13
sample.time 1734028754.001
cputotals.num 1
cputotals.user 100
cputotals.nice 0
cputotals.sys 0
cputotals.wait 0
cputotals.irq 0
cputotals.soft 0
cputotals.steal 0
cputotals.idle 0
cputotals.systot 0
cputotals.usertot 100
cputotals.total 100
ctxint.ctx 75
ctxint.int 260
proc.creates 0
proc.runq 164
proc.run 1
cpuload.avg1 0.83
cpuload.avg5 0.40
cpuload.avg15 0.16
disktotals.reads 0
disktotals.readkbs 0
disktotals.writes 0
disktotals.writekbs 0
meminfo.tot 4006068
meminfo.used 795192
meminfo.free 3210876
meminfo.shared 0
meminfo.buf 22908
meminfo.cached 287596
meminfo.slab 71020
meminfo.map 105468
meminfo.anon 331644
meminfo.anonH 0
meminfo.dirty 9188
meminfo.locked 27620
meminfo.inactive 138020
meminfo.hugetot 0
meminfo.hugefree 0
meminfo.hugersvd 0
meminfo.sunreclaim 38828
swapinfo.total 2594812
swapinfo.free 2594812
swapinfo.used 0
swapinfo.in 0
swapinfo.out 0
pageinfo.fault 0
pageinfo.majfault 0
pageinfo.in 0
pageinfo.out 0
nettotals.kbin 0
nettotals.pktin 0
nettotals.kbout 0
nettotals.pktout 0
cpuinfo.user.cpu0 100
cpuinfo.nice.cpu0 0
cpuinfo.sys.cpu0 0
cpuinfo.wait.cpu0 0
cpuinfo.irq.cpu0 0
cpuinfo.soft.cpu0 0
cpuinfo.steal.cpu0 0
cpuinfo.idle.cpu0 0
cpuinfo.intrpt.cpu0 0
cputotals.systot.cpu0 0
cputotals.usertot.cpu0 100
Bogus data record skipped for NET:enp1s0: data on 20241212 at 18:39:14
sample.time 1734028755.001
cputotals.num 1
cputotals.user 100
cputotals.nice 0
cputotals.sys 0
cputotals.wait 0
cputotals.irq 0
cputotals.soft 0
cputotals.steal 0
cputotals.idle 0
cputotals.systot 0
cputotals.usertot 100
cputotals.total 100
ctxint.ctx 91
ctxint.int 263
proc.creates 0
proc.runq 164
proc.run 1
cpuload.avg1 0.84
cpuload.avg5 0.41
cpuload.avg15 0.17
disktotals.reads 0
disktotals.readkbs 0
disktotals.writes 4
disktotals.writekbs 40
meminfo.tot 4006068
meminfo.used 795192
meminfo.free 3210876
meminfo.shared 0
meminfo.buf 22916
meminfo.cached 287596
meminfo.slab 71020
meminfo.map 105468
meminfo.anon 331644
meminfo.anonH 0
meminfo.dirty 9200
meminfo.locked 27620
meminfo.inactive 138024
meminfo.hugetot 0
meminfo.hugefree 0
meminfo.hugersvd 0
meminfo.sunreclaim 38828
swapinfo.total 2594812
swapinfo.free 2594812
swapinfo.used 0
swapinfo.in 0
swapinfo.out 0
pageinfo.fault 0
pageinfo.majfault 0
pageinfo.in 0
pageinfo.out 40
nettotals.kbin 0
nettotals.pktin 0
nettotals.kbout 0
nettotals.pktout 0
cpuinfo.user.cpu0 100
cpuinfo.nice.cpu0 0
cpuinfo.sys.cpu0 0
cpuinfo.wait.cpu0 0
cpuinfo.irq.cpu0 0
cpuinfo.soft.cpu0 0
cpuinfo.steal.cpu0 0
cpuinfo.idle.cpu0 0
cpuinfo.intrpt.cpu0 0
cputotals.systot.cpu0 0
cputotals.usertot.cpu0 100
Bogus data record skipped for NET:enp1s0: data on 20241212 at 18:39:15
sample.time 1734028756.001
cputotals.num 1
cputotals.user 100
cputotals.nice 0
cputotals.sys 0
cputotals.wait 0
cputotals.irq 0
cputotals.soft 0
cputotals.steal 0
cputotals.idle 0
cputotals.systot 0
cputotals.usertot 100
cputotals.total 100
ctxint.ctx 54
ctxint.int 258
proc.creates 0
proc.runq 164
proc.run 1
cpuload.avg1 0.84
cpuload.avg5 0.41
cpuload.avg15 0.17
disktotals.reads 0
disktotals.readkbs 0
disktotals.writes 0
disktotals.writekbs 0
meminfo.tot 4006068
meminfo.used 795192
meminfo.free 3210876
meminfo.shared 0
meminfo.buf 22916
meminfo.cached 287600
meminfo.slab 71020
meminfo.map 105468
meminfo.anon 331644
meminfo.anonH 0
meminfo.dirty 9204
meminfo.locked 27620
meminfo.inactive 138024
meminfo.hugetot 0
meminfo.hugefree 0
meminfo.hugersvd 0
meminfo.sunreclaim 38828
swapinfo.total 2594812
swapinfo.free 2594812
swapinfo.used 0
swapinfo.in 0
swapinfo.out 0
pageinfo.fault 0
pageinfo.majfault 0
pageinfo.in 0
pageinfo.out 0
nettotals.kbin 0
nettotals.pktin 0
nettotals.kbout 0
nettotals.pktout 0
cpuinfo.user.cpu0 100
cpuinfo.nice.cpu0 0
cpuinfo.sys.cpu0 0
cpuinfo.wait.cpu0 0
cpuinfo.irq.cpu0 0
cpuinfo.soft.cpu0 0
cpuinfo.steal.cpu0 0
cpuinfo.idle.cpu0 0
cpuinfo.intrpt.cpu0 0
cputotals.systot.cpu0 0
cputotals.usertot.cpu0 100
Bogus data record skipped for NET:enp1s0: data on 20241212 at 18:39:16
sample.time 1734028757.001
cputotals.num 1
cputotals.user 100
cputotals.nice 0
cputotals.sys 0
cputotals.wait 0
cputotals.irq 0
cputotals.soft 0
cputotals.steal 0
cputotals.idle 0
cputotals.systot 0
cputotals.usertot 100
cputotals.total 100
ctxint.ctx 46
ctxint.int 258
proc.creates 0
proc.runq 164
proc.run 1
cpuload.avg1 0.84
cpuload.avg5 0.41
cpuload.avg15 0.17
disktotals.reads 0
disktotals.readkbs 0
disktotals.writes 0
disktotals.writekbs 0
meminfo.tot 4006068
meminfo.used 795192
meminfo.free 3210876
meminfo.shared 0
meminfo.buf 22916
meminfo.cached 287600
meminfo.slab 71020
meminfo.map 105468
meminfo.anon 331644
meminfo.anonH 0
meminfo.dirty 9204
meminfo.locked 27620
meminfo.inactive 138024
meminfo.hugetot 0
meminfo.hugefree 0
meminfo.hugersvd 0
meminfo.sunreclaim 38828
swapinfo.total 2594812
swapinfo.free 2594812
swapinfo.used 0
swapinfo.in 0
swapinfo.out 0
pageinfo.fault 0
pageinfo.majfault 0
pageinfo.in 0
pageinfo.out 0
nettotals.kbin 0
nettotals.pktin 0
nettotals.kbout 0
nettotals.pktout 0
cpuinfo.user.cpu0 100
cpuinfo.nice.cpu0 0
cpuinfo.sys.cpu0 0
cpuinfo.wait.cpu0 0
cpuinfo.irq.cpu0 0
cpuinfo.soft.cpu0 0
cpuinfo.steal.cpu0 0
cpuinfo.idle.cpu0 0
cpuinfo.intrpt.cpu0 0
cputotals.systot.cpu0 0
cputotals.usertot.cpu0 100
Bogus data record skipped for NET:enp1s0: data on 20241212 at 18:39:17
sample.time 1734028758.001
cputotals.num 1
cputotals.user 100
cputotals.nice 0
cputotals.sys 0
cputotals.wait 0
cputotals.irq 0
cputotals.soft 0
cputotals.steal 0
cputotals.idle 0
cputotals.systot 0
cputotals.usertot 100
cputotals.total 100
ctxint.ctx 49
ctxint.int 259
proc.creates 0
proc.runq 164
proc.run 1
cpuload.avg1 0.84
cpuload.avg5 0.41
cpuload.avg15 0.17
disktotals.reads 0
disktotals.readkbs 0
disktotals.writes 0
disktotals.writekbs 0
meminfo.tot 4006068
meminfo.used 795192
meminfo.free 3210876
meminfo.shared 0
meminfo.buf 22916
meminfo.cached 287600
meminfo.slab 71020
meminfo.map 105468
meminfo.anon 331644
meminfo.anonH 0
meminfo.dirty 9204
meminfo.locked 27620
meminfo.inactive 138024
meminfo.hugetot 0
meminfo.hugefree 0
meminfo.hugersvd 0
meminfo.sunreclaim 38828
swapinfo.total 2594812
swapinfo.free 2594812
swapinfo.used 0
swapinfo.in 0
swapinfo.out 0
pageinfo.fault 0
pageinfo.majfault 0
pageinfo.in 0
pageinfo.out 0
nettotals.kbin 0
nettotals.pktin 0
nettotals.kbout 0
nettotals.pktout 0
cpuinfo.user.cpu0 100
cpuinfo.nice.cpu0 0
cpuinfo.sys.cpu0 0
cpuinfo.wait.cpu0 0
cpuinfo.irq.cpu0 0
cpuinfo.soft.cpu0 0
cpuinfo.steal.cpu0 0
cpuinfo.idle.cpu0 0
cpuinfo.intrpt.cpu0 0
cputotals.systot.cpu0 0
cputotals.usertot.cpu0 100
Bogus data record skipped for NET:enp1s0: data on 20241212 at 18:39:18
sample.time 1734028759.001
cputotals.num 1
cputotals.user 100
cputotals.nice 0
cputotals.sys 0
cputotals.wait 0
cputotals.irq 0
cputotals.soft 0
cputotals.steal 0
cputotals.idle 0
cputotals.systot 0
cputotals.usertot 100
cputotals.total 100
ctxint.ctx 48
ctxint.int 259
proc.creates 0
proc.runq 164
proc.run 1
cpuload.avg1 0.84
cpuload.avg5 0.41
cpuload.avg15 0.17
disktotals.reads 0
disktotals.readkbs 0
disktotals.writes 0
disktotals.writekbs 0
meminfo.tot 4006068
meminfo.used 795192
meminfo.free 3210876
meminfo.shared 0
meminfo.buf 22916
meminfo.cached 287604
meminfo.slab 71020
meminfo.map 105468
meminfo.anon 331644
meminfo.anonH 0
meminfo.dirty 9208
meminfo.locked 27620
meminfo.inactive 138024
meminfo.hugetot 0
meminfo.hugefree 0
meminfo.hugersvd 0
meminfo.sunreclaim 38828
swapinfo.total 2594812
swapinfo.free 2594812
swapinfo.used 0
swapinfo.in 0
swapinfo.out 0
pageinfo.fault 0
pageinfo.majfault 0
pageinfo.in 0
pageinfo.out 0
nettotals.kbin 0
nettotals.pktin 0
nettotals.kbout 0
nettotals.pktout 0
cpuinfo.user.cpu0 100
cpuinfo.nice.cpu0 0
cpuinfo.sys.cpu0 0
cpuinfo.wait.cpu0 0
cpuinfo.irq.cpu0 0
cpuinfo.soft.cpu0 0
cpuinfo.steal.cpu0 0
cpuinfo.idle.cpu0 0
cpuinfo.intrpt.cpu0 0
cputotals.systot.cpu0 0
cputotals.usertot.cpu0 100
Bogus data record skipped for NET:enp1s0: data on 20241212 at 18:39:19
sample.time 1734028760.001
cputotals.num 1
cputotals.user 100
cputotals.nice 0
cputotals.sys 0
cputotals.wait 0
cputotals.irq 0
cputotals.soft 0
cputotals.steal 0
cputotals.idle 0
cputotals.systot 0
cputotals.usertot 100
cputotals.total 100
ctxint.ctx 96
ctxint.int 287
proc.creates 0
proc.runq 164
proc.run 1
cpuload.avg1 0.86
cpuload.avg5 0.42
cpuload.avg15 0.17
disktotals.reads 0
disktotals.readkbs 0
disktotals.writes 47
disktotals.writekbs 228
meminfo.tot 4006068
meminfo.used 795192
meminfo.free 3210876
meminfo.shared 0
meminfo.buf 22924
meminfo.cached 287604
meminfo.slab 71020
meminfo.map 105468
meminfo.anon 331644
meminfo.anonH 0
meminfo.dirty 9032
meminfo.locked 27620
meminfo.inactive 138024
meminfo.hugetot 0
meminfo.hugefree 0
meminfo.hugersvd 0
meminfo.sunreclaim 38828
swapinfo.total 2594812
swapinfo.free 2594812
swapinfo.used 0
swapinfo.in 0
swapinfo.out 0
pageinfo.fault 0
pageinfo.majfault 0
pageinfo.in 0
pageinfo.out 228
nettotals.kbin 0
nettotals.pktin 0
nettotals.kbout 0
nettotals.pktout 0
cpuinfo.user.cpu0 100
cpuinfo.nice.cpu0 0
cpuinfo.sys.cpu0 0
cpuinfo.wait.cpu0 0
cpuinfo.irq.cpu0 0
cpuinfo.soft.cpu0 0
cpuinfo.steal.cpu0 0
cpuinfo.idle.cpu0 0
cpuinfo.intrpt.cpu0 0
cputotals.systot.cpu0 0
cputotals.usertot.cpu0 100
Bogus data record skipped for NET:enp1s0: data on 20241212 at 18:39:20
sample.time 1734028761.001
cputotals.num 1
cputotals.user 100
cputotals.nice 0
cputotals.sys 0
cputotals.wait 0
cputotals.irq 0
cputotals.soft 0
cputotals.steal 0
cputotals.idle 0
cputotals.systot 0
cputotals.usertot 100
cputotals.total 100
ctxint.ctx 83
ctxint.int 259
proc.creates 0
proc.runq 164
proc.run 1
cpuload.avg1 0.86
cpuload.avg5 0.42
cpuload.avg15 0.17
disktotals.reads 0
disktotals.readkbs 0
disktotals.writes 0
disktotals.writekbs 0
meminfo.tot 4006068
meminfo.used 795192
meminfo.free 3210876
meminfo.shared 0
meminfo.buf 22924
meminfo.cached 287604
meminfo.slab 71020
meminfo.map 105468
meminfo.anon 331644
meminfo.anonH 0
meminfo.dirty 8992
meminfo.locked 27620
meminfo.inactive 138032
meminfo.hugetot 0
meminfo.hugefree 0
meminfo.hugersvd 0
meminfo.sunreclaim 38828
swapinfo.total 2594812
swapinfo.free 2594812
swapinfo.used 0
swapinfo.in 0
swapinfo.out 0
pageinfo.fault 0
pageinfo.majfault 0
pageinfo.in 0
pageinfo.out 0
nettotals.kbin 0
nettotals.pktin 0
nettotals.kbout 0
nettotals.pktout 0
cpuinfo.user.cpu0 100
cpuinfo.nice.cpu0 0
cpuinfo.sys.cpu0 0
cpuinfo.wait.cpu0 0
cpuinfo.irq.cpu0 0
cpuinfo.soft.cpu0 0
cpuinfo.steal.cpu0 0
cpuinfo.idle.cpu0 0
cpuinfo.intrpt.cpu0 0
cputotals.systot.cpu0 0
cputotals.usertot.cpu0 100
Bogus data record skipped for NET:enp1s0: data on 20241212 at 18:39:21
sample.time 1734028762.001
cputotals.num 1
cputotals.user 100
cputotals.nice 0
cputotals.sys 0
cputotals.wait 0
cputotals.irq 0
cputotals.soft 0
cputotals.steal 0
cputotals.idle 0
cputotals.systot 0
cputotals.usertot 100
cputotals.total 100
ctxint.ctx 82
ctxint.int 259
proc.creates 0
proc.runq 164
proc.run 1
cpuload.avg1 0.86
cpuload.avg5 0.42
cpuload.avg15 0.17
disktotals.reads 0
disktotals.readkbs 0
disktotals.writes 0
disktotals.writekbs 0
meminfo.tot 4006068
meminfo.used 795192
meminfo.free 3210876
meminfo.shared 0
meminfo.buf 22924
meminfo.cached 287604
meminfo.slab 71020
meminfo.map 105468
meminfo.anon 331644
meminfo.anonH 0
meminfo.dirty 8992
meminfo.locked 27620
meminfo.inactive 138032
meminfo.hugetot 0
meminfo.hugefree 0
meminfo.hugersvd 0
meminfo.sunreclaim 38828
swapinfo.total 2594812
swapinfo.free 2594812
swapinfo.used 0
swapinfo.in 0
swapinfo.out 0
pageinfo.fault 0
pageinfo.majfault 0
pageinfo.in 0
pageinfo.out 0
nettotals.kbin 0
nettotals.pktin 0
nettotals.kbout 0
nettotals.pktout 0
cpuinfo.user.cpu0 100
cpuinfo.nice.cpu0 0
cpuinfo.sys.cpu0 0
cpuinfo.wait.cpu0 0
cpuinfo.irq.cpu0 0
cpuinfo.soft.cpu0 0
cpuinfo.steal.cpu0 0
cpuinfo.idle.cpu0 0
cpuinfo.intrpt.cpu0 0
cputotals.systot.cpu0 0
cputotals.usertot.cpu0 100
Bogus data record skipped for NET:enp1s0: data on 20241212 at 18:39:22
sample.time 1734028763.001
cputotals.num 1
cputotals.user 100
cputotals.nice 0
cputotals.sys 0
cputotals.wait 0
cputotals.irq 0
cputotals.soft 0
cputotals.steal 0
cputotals.idle 0
cputotals.systot 0
cputotals.usertot 100
cputotals.total 100
ctxint.ctx 46
ctxint.int 258
proc.creates 0
proc.runq 164
proc.run 1
cpuload.avg1 0.86
cpuload.avg5 0.42
cpuload.avg15 0.17
disktotals.reads 0
disktotals.readkbs 0
disktotals.writes 0
disktotals.writekbs 0
meminfo.tot 4006068
meminfo.used 795192
meminfo.free 3210876
meminfo.shared 0
meminfo.buf 22924
meminfo.cached 287608
meminfo.slab 71020
meminfo.map 105468
meminfo.anon 331644
meminfo.anonH 0
meminfo.dirty 8996
meminfo.locked 27620
meminfo.inactive 138032
meminfo.hugetot 0
meminfo.hugefree 0
meminfo.hugersvd 0
meminfo.sunreclaim 38828
swapinfo.total 2594812
swapinfo.free 2594812
swapinfo.used 0
swapinfo.in 0
swapinfo.out 0
pageinfo.fault 0
pageinfo.majfault 0
pageinfo.in 0
pageinfo.out 0
nettotals.kbin 0
nettotals.pktin 0
nettotals.kbout 0
nettotals.pktout 0
cpuinfo.user.cpu0 100
cpuinfo.nice.cpu0 0
cpuinfo.sys.cpu0 0
cpuinfo.wait.cpu0 0
cpuinfo.irq.cpu0 0
cpuinfo.soft.cpu0 0
cpuinfo.steal.cpu0 0
cpuinfo.idle.cpu0 0
cpuinfo.intrpt.cpu0 0
cputotals.systot.cpu0 0
cputotals.usertot.cpu0 100
Bogus data record skipped for NET:enp1s0: data on 20241212 at 18:39:23
sample.time 1734028764.001
cputotals.num 1
cputotals.user 100
cputotals.nice 0
cputotals.sys 0
cputotals.wait 0
cputotals.irq 0
cputotals.soft 0
cputotals.steal 0
cputotals.idle 0
cputotals.systot 0
cputotals.usertot 100
cputotals.total 100
ctxint.ctx 60
ctxint.int 260
proc.creates 0
proc.runq 164
proc.run 1
cpuload.avg1 0.86
cpuload.avg5 0.42
cpuload.avg15 0.17
disktotals.reads 0
disktotals.readkbs 0
disktotals.writes 0
disktotals.writekbs 0
meminfo.tot 4006068
meminfo.used 795192
meminfo.free 3210876
meminfo.shared 0
meminfo.buf 22924
meminfo.cached 287608
meminfo.slab 71020
meminfo.map 105468
meminfo.anon 331644
meminfo.anonH 0
meminfo.dirty 8996
meminfo.locked 27620
meminfo.inactive 138032
meminfo.hugetot 0
meminfo.hugefree 0
meminfo.hugersvd 0
meminfo.sunreclaim 38828
swapinfo.total 2594812
swapinfo.free 2594812
swapinfo.used 0
swapinfo.in 0
swapinfo.out 0
pageinfo.fault 0
pageinfo.majfault 0
pageinfo.in 0
pageinfo.out 0
nettotals.kbin 0
nettotals.pktin 0
nettotals.kbout 0
nettotals.pktout 0
cpuinfo.user.cpu0 100
cpuinfo.nice.cpu0 0
cpuinfo.sys.cpu0 0
cpuinfo.wait.cpu0 0
cpuinfo.irq.cpu0 0
cpuinfo.soft.cpu0 0
cpuinfo.steal.cpu0 0
cpuinfo.idle.cpu0 0
cpuinfo.intrpt.cpu0 0
cputotals.systot.cpu0 0
cputotals.usertot.cpu0 100
Bogus data record skipped for NET:enp1s0: data on 20241212 at 18:39:24
sample.time 1734028765.001
cputotals.num 1
cputotals.user 100
cputotals.nice 0
cputotals.sys 0
cputotals.wait 0
cputotals.irq 0
cputotals.soft 0
cputotals.steal 0
cputotals.idle 0
cputotals.systot 0
cputotals.usertot 100
cputotals.total 100
ctxint.ctx 71
ctxint.int 276
proc.creates 0
proc.runq 164
proc.run 1
cpuload.avg1 0.87
cpuload.avg5 0.43
cpuload.avg15 0.18
disktotals.reads 0
disktotals.readkbs 0
disktotals.writes 19
disktotals.writekbs 8980
meminfo.tot 4006068
meminfo.used 795192
meminfo.free 3210876
meminfo.shared 0
meminfo.buf 22932
meminfo.cached 287608
meminfo.slab 71020
meminfo.map 105468
meminfo.anon 331644
meminfo.anonH 0
meminfo.dirty 68
meminfo.locked 27620
meminfo.inactive 138032
meminfo.hugetot 0
meminfo.hugefree 0
meminfo.hugersvd 0
meminfo.sunreclaim 38828
swapinfo.total 2594812
swapinfo.free 2594812
swapinfo.used 0
swapinfo.in 0
swapinfo.out 0
pageinfo.fault 0
pageinfo.majfault 0
pageinfo.in 0
pageinfo.out 8980
nettotals.kbin 0
nettotals.pktin 0
nettotals.kbout 0
nettotals.pktout 0
cpuinfo.user.cpu0 100
cpuinfo.nice.cpu0 0
cpuinfo.sys.cpu0 0
cpuinfo.wait.cpu0 0
cpuinfo.irq.cpu0 0
cpuinfo.soft.cpu0 0
cpuinfo.steal.cpu0 0
cpuinfo.idle.cpu0 0
cpuinfo.intrpt.cpu0 0
cputotals.systot.cpu0 0
cputotals.usertot.cpu0 100
Bogus data record skipped for NET:enp1s0: data on 20241212 at 18:39:25
sample.time 1734028766.001
cputotals.num 1
cputotals.user 100
cputotals.nice 0
cputotals.sys 0
cputotals.wait 0
cputotals.irq 0
cputotals.soft 0
cputotals.steal 0
cputotals.idle 0
cputotals.systot 0
cputotals.usertot 100
cputotals.total 100
ctxint.ctx 60
ctxint.int 259
proc.creates 0
proc.runq 164
proc.run 1
cpuload.avg1 0.87
cpuload.avg5 0.43
cpuload.avg15 0.18
disktotals.reads 0
disktotals.readkbs 0
disktotals.writes 0
disktotals.writekbs 0
meminfo.tot 4006068
meminfo.used 795192
meminfo.free 3210876
meminfo.shared 0
meminfo.buf 22932
meminfo.cached 287612
meminfo.slab 71020
meminfo.map 105468
meminfo.anon 331644
meminfo.anonH 0
meminfo.dirty 48
meminfo.locked 27620
meminfo.inactive 138036
meminfo.hugetot 0
meminfo.hugefree 0
meminfo.hugersvd 0
meminfo.sunreclaim 38828
swapinfo.total 2594812
swapinfo.free 2594812
swapinfo.used 0
swapinfo.in 0
swapinfo.out 0
pageinfo.fault 0
pageinfo.majfault 0
pageinfo.in 0
pageinfo.out 0
nettotals.kbin 0
nettotals.pktin 0
nettotals.kbout 0
nettotals.pktout 0
cpuinfo.user.cpu0 100
cpuinfo.nice.cpu0 0
cpuinfo.sys.cpu0 0
cpuinfo.wait.cpu0 0
cpuinfo.irq.cpu0 0
cpuinfo.soft.cpu0 0
cpuinfo.steal.cpu0 0
cpuinfo.idle.cpu0 0
cpuinfo.intrpt.cpu0 0
cputotals.systot.cpu0 0
cputotals.usertot.cpu0 100
Bogus data record skipped for NET:enp1s0: data on 20241212 at 18:39:26
sample.time 1734028767.001
cputotals.num 1
cputotals.user 100
cputotals.nice 0
cputotals.sys 0
cputotals.wait 0
cputotals.irq 0
cputotals.soft 0
cputotals.steal 0
cputotals.idle 0
cputotals.systot 0
cputotals.usertot 100
cputotals.total 100
ctxint.ctx 59
ctxint.int 259
proc.creates 0
proc.runq 164
proc.run 1
cpuload.avg1 0.87
cpuload.avg5 0.43
cpuload.avg15 0.18
disktotals.reads 0
disktotals.readkbs 0
disktotals.writes 0
disktotals.writekbs 0
meminfo.tot 4006068
meminfo.used 795192
meminfo.free 3210876
meminfo.shared 0
meminfo.buf 22932
meminfo.cached 287612
meminfo.slab 71020
meminfo.map 105468
meminfo.anon 331644
meminfo.anonH 0
meminfo.dirty 48
meminfo.locked 27620
meminfo.inactive 138036
meminfo.hugetot 0
meminfo.hugefree 0
meminfo.hugersvd 0
meminfo.sunreclaim 38828
swapinfo.total 2594812
swapinfo.free 2594812
swapinfo.used 0
swapinfo.in 0
swapinfo.out 0
pageinfo.fault 0
pageinfo.majfault 0
pageinfo.in 0
pageinfo.out 0
nettotals.kbin 0
nettotals.pktin 0
nettotals.kbout 0
nettotals.pktout 0
cpuinfo.user.cpu0 100
cpuinfo.nice.cpu0 0
cpuinfo.sys.cpu0 0
cpuinfo.wait.cpu0 0
cpuinfo.irq.cpu0 0
cpuinfo.soft.cpu0 0
cpuinfo.steal.cpu0 0
cpuinfo.idle.cpu0 0
cpuinfo.intrpt.cpu0 0
cputotals.systot.cpu0 0
cputotals.usertot.cpu0 100
Bogus data record skipped for NET:enp1s0: data on 20241212 at 18:39:27
sample.time 1734028768.001
cputotals.num 1
cputotals.user 100
cputotals.nice 0
cputotals.sys 0
cputotals.wait 0
cputotals.irq 0
cputotals.soft 0
cputotals.steal 0
cputotals.idle 0
cputotals.systot 0
cputotals.usertot 100
cputotals.total 100
ctxint.ctx 90
ctxint.int 258
proc.creates 0
proc.runq 164
proc.run 1
cpuload.avg1 0.87
cpuload.avg5 0.43
cpuload.avg15 0.18
disktotals.reads 0
disktotals.readkbs 0
disktotals.writes 0
disktotals.writekbs 0
meminfo.tot 4006068
meminfo.used 795192
meminfo.free 3210876
meminfo.shared 0
meminfo.buf 22932
meminfo.cached 287612
meminfo.slab 71020
meminfo.map 105468
meminfo.anon 331644
meminfo.anonH 0
meminfo.dirty 48
meminfo.locked 27620
meminfo.inactive 138036
meminfo.hugetot 0
meminfo.hugefree 0
meminfo.hugersvd 0
meminfo.sunreclaim 38828
swapinfo.total 2594812
swapinfo.free 2594812
swapinfo.used 0
swapinfo.in 0
swapinfo.out 0
pageinfo.fault 0
pageinfo.majfault 0
pageinfo.in 0
pageinfo.out 0
nettotals.kbin 0
nettotals.pktin 0
nettotals.kbout 0
nettotals.pktout 0
cpuinfo.user.cpu0 100
cpuinfo.nice.cpu0 0
cpuinfo.sys.cpu0 0
cpuinfo.wait.cpu0 0
cpuinfo.irq.cpu0 0
cpuinfo.soft.cpu0 0
cpuinfo.steal.cpu0 0
cpuinfo.idle.cpu0 0
cpuinfo.intrpt.cpu0 0
cputotals.systot.cpu0 0
cputotals.usertot.cpu0 100
Bogus data record skipped for NET:enp1s0: data on 20241212 at 18:39:28
sample.time 1734028769.001
cputotals.num 1
cputotals.user 100
cputotals.nice 0
cputotals.sys 0
cputotals.wait 0
cputotals.irq 0
cputotals.soft 0
cputotals.steal 0
cputotals.idle 0
cputotals.systot 0
cputotals.usertot 100
cputotals.total 100
ctxint.ctx 36
ctxint.int 258
proc.creates 0
proc.runq 164
proc.run 1
cpuload.avg1 0.87
cpuload.avg5 0.43
cpuload.avg15 0.18
disktotals.reads 0
disktotals.readkbs 0
disktotals.writes 0
disktotals.writekbs 0
meminfo.tot 4006068
meminfo.used 795192
meminfo.free 3210876
meminfo.shared 0
meminfo.buf 22932
meminfo.cached 287616
meminfo.slab 71020
meminfo.map 105468
meminfo.anon 331644
meminfo.anonH 0
meminfo.dirty 52
meminfo.locked 27620
meminfo.inactive 138036
meminfo.hugetot 0
meminfo.hugefree 0
meminfo.hugersvd 0
meminfo.sunreclaim 38828
swapinfo.total 2594812
swapinfo.free 2594812
swapinfo.used 0
swapinfo.in 0
swapinfo.out 0
pageinfo.fault 0
pageinfo.majfault 0
pageinfo.in 0
pageinfo.out 0
nettotals.kbin 0
nettotals.pktin 0
nettotals.kbout 0
nettotals.pktout 0
cpuinfo.user.cpu0 100
cpuinfo.nice.cpu0 0
cpuinfo.sys.cpu0 0
cpuinfo.wait.cpu0 0
cpuinfo.irq.cpu0 0
cpuinfo.soft.cpu0 0
cpuinfo.steal.cpu0 0
cpuinfo.idle.cpu0 0
cpuinfo.intrpt.cpu0 0
cputotals.systot.cpu0 0
cputotals.usertot.cpu0 100
Bogus data record skipped for NET:enp1s0: data on 20241212 at 18:39:29
sample.time 1734028770.001
cputotals.num 1
cputotals.user 100
cputotals.nice 0
cputotals.sys 0
cputotals.wait 0
cputotals.irq 0
cputotals.soft 0
cputotals.steal 0
cputotals.idle 0
cputotals.systot 0
cputotals.usertot 100
cputotals.total 100
ctxint.ctx 75
ctxint.int 263
proc.creates 0
proc.runq 164
proc.run 1
cpuload.avg1 0.88
cpuload.avg5 0.44
cpuload.avg15 0.18
disktotals.reads 0
disktotals.readkbs 0
disktotals.writes 3
disktotals.writekbs 40
meminfo.tot 4006068
meminfo.used 795192
meminfo.free 3210876
meminfo.shared 0
meminfo.buf 22940
meminfo.cached 287616
meminfo.slab 71020
meminfo.map 105468
meminfo.anon 331644
meminfo.anonH 0
meminfo.dirty 80
meminfo.locked 27620
meminfo.inactive 138036
meminfo.hugetot 0
meminfo.hugefree 0
meminfo.hugersvd 0
meminfo.sunreclaim 38828
swapinfo.total 2594812
swapinfo.free 2594812
swapinfo.used 0
swapinfo.in 0
swapinfo.out 0
pageinfo.fault 0
pageinfo.majfault 0
pageinfo.in 0
pageinfo.out 40
nettotals.kbin 0
nettotals.pktin 0
nettotals.kbout 0
nettotals.pktout 0
cpuinfo.user.cpu0 100
cpuinfo.nice.cpu0 0
cpuinfo.sys.cpu0 0
cpuinfo.wait.cpu0 0
cpuinfo.irq.cpu0 0
cpuinfo.soft.cpu0 0
cpuinfo.steal.cpu0 0
cpuinfo.idle.cpu0 0
cpuinfo.intrpt.cpu0 0
cputotals.systot.cpu0 0
cputotals.usertot.cpu0 100
Bogus data record skipped for NET:enp1s0: data on 20241212 at 18:39:30
sample.time 1734028771.001
cputotals.num 1
cputotals.user 100
cputotals.nice 0
cputotals.sys 0
cputotals.wait 0
cputotals.irq 0
cputotals.soft 0
cputotals.steal 0
cputotals.idle 0
cputotals.systot 0
cputotals.usertot 100
cputotals.total 100
ctxint.ctx 70
ctxint.int 258
proc.creates 0
proc.runq 164
proc.run 1
cpuload.avg1 0.88
cpuload.avg5 0.44
cpuload.avg15 0.18
disktotals.reads 0
disktotals.readkbs 0
disktotals.writes 0
disktotals.writekbs 0
meminfo.tot 4006068
meminfo.used 795192
meminfo.free 3210876
meminfo.shared 0
meminfo.buf 22940
meminfo.cached 287616
meminfo.slab 71020
meminfo.map 105468
meminfo.anon 331644
meminfo.anonH 0
meminfo.dirty 80
meminfo.locked 27620
meminfo.inactive 138036
meminfo.hugetot 0
meminfo.hugefree 0
meminfo.hugersvd 0
meminfo.sunreclaim 38828
swapinfo.total 2594812
swapinfo.free 2594812
swapinfo.used 0
swapinfo.in 0
swapinfo.out 0
pageinfo.fault 10
pageinfo.majfault 0
pageinfo.in 0
pageinfo.out 0
nettotals.kbin 0
nettotals.pktin 0
nettotals.kbout 0
nettotals.pktout 0
cpuinfo.user.cpu0 100
cpuinfo.nice.cpu0 0
cpuinfo.sys.cpu0 0
cpuinfo.wait.cpu0 0
cpuinfo.irq.cpu0 0
cpuinfo.soft.cpu0 0
cpuinfo.steal.cpu0 0
cpuinfo.idle.cpu0 0
cpuinfo.intrpt.cpu0 0
cputotals.systot.cpu0 0
cputotals.usertot.cpu0 100
Shutting down in response to signal TERM on hpl4...
