       1    40.664441     0.00080018
       2    57.382542     0.00078773
       3    83.841107     0.00079610
       4   101.586363     0.00078779
       6   182.599964     0.00079448
       8   219.894859     0.00079191
      12   315.798094     0.00078058
      13   327.060965     0.00071647
      16   419.905396     0.00077645
      19   504.869179     0.00078597
      21   582.772583     0.00078686
      24   658.247450     0.00079400
      27   731.489658     0.00080650
      29   790.027708     0.00079025
      32   855.415399     0.00079192
      35   974.539172     0.00079379
      45  1148.010310     0.00077170
      48  1344.114337     0.00078775
      51  1387.045026     0.00079569
      61  1560.738506     0.00080027
      64  1845.878594     0.00078357
      67  1914.883388     0.00080021
      93  2393.418413     0.00079188
      96  2582.998353     0.00078774
      99  2625.110335     0.00078779
     125  3097.446897     0.00080025
     128  3417.791262     0.00078358
     131  3337.930752     0.00078562
     189  5191.103156     0.00079310
     192  4869.753030     0.00080026
     195  5126.208452     0.00078776
     253  6453.048177     0.00078915
     256  6449.925751     0.00078360
     259  4079.352543     0.00079210
     381  6639.091555     0.00077539
     384  6148.712567     0.00078793
     387  6149.389627     0.00071426
     509  8394.035960     0.00076774
     512  7924.945146     0.00079214
     515  8108.165374     0.00079212
     765 11939.845620     0.00079211
     768 11386.638991     0.00076926
     771 11174.173703     0.00078803
    1021 14835.612443     0.00077357
    1024 15853.696361     0.00080881
    1027 16370.133012     0.00077545
    1533 18770.827040     0.00078512
    1536 19335.654165     0.00079433
    1539 19341.421521     0.00077560
    2045 25113.303555     0.00080058
    2048 24111.246907     0.00075898
    2051 24858.414934     0.00078392
    3069 32375.959323     0.00078401
    3072 29810.076467     0.00079452
    3075 33050.379111     0.00078813
    4093  7787.713722     0.00077865
    4096  8628.601270     0.00080336
    4099  7388.001515     0.00080400
    6141  9977.683067     0.00077940
    6144  9459.356867     0.00078597
    6147 10324.879006     0.00080417
    8189 13554.010339     0.00079188
    8192 13064.617266     0.00078766
    8195 12542.429333     0.00077942
   12285 15133.864175     0.00074708
   12288 13442.528167     0.00079417
   12291 12536.098745     0.00080042
   16381 15215.507316     0.00080416
   16384 15460.469091     0.00078252
   16387 14796.452987     0.00079988
   24573 18077.231262     0.00080156
   24576 16938.397249     0.00078574
   24579 15579.876614     0.00081114
   32765 17967.090908     0.00078846
   32768 19452.479323     0.00080463
   32771 18776.707690     0.00079553
   49149 20299.522791     0.00077553
   49152 20175.122668     0.00080453
   49155 18580.895258     0.00080613
   65533 21687.360394     0.00078297
   65536 22091.737912     0.00078955
   65539 20282.274199     0.00079769
   98301 21234.605114     0.00080793
   98304 20943.800103     0.00082678
   98307 22198.998571     0.00081278
  131069 20816.765516     0.00080872
  131072 22079.305429     0.00083660
  131075 23071.977906     0.00083952
  196605 23521.507734     0.00084178
  196608 23994.079348     0.00084436
  196611 23418.345270     0.00085098
  262141 22198.319091     0.00086700
  262144 23504.314847     0.00087747
  262147 24059.125607     0.00084254
  393213 24583.565112     0.00091236
  393216 25203.763240     0.00090419
  393219 24157.702890     0.00089968
  524285 24835.404794     0.00092699
  524288 25568.891976     0.00095990
  524291 28448.060400     0.00091314
  786429 29489.533962     0.00098769
  786432 32624.178364     0.00095467
  786435 28944.610296     0.00099878
 1048573 34544.220944     0.00101293
 1048576 33336.752313     0.00101708
 1048579 32391.854909     0.00099895
 1572861 37464.125384     0.00107831
 1572864 36827.944914     0.00109460
 1572867 35651.049773     0.00110677
 2097149 42131.322585     0.00115462
 2097152 40914.163791     0.00115409
 2097155 40420.030566     0.00116924
 3145725 35942.017837     0.00144978
 3145728 43032.868443     0.00129764
 3145731 38448.867715     0.00140344
 4194301 35420.126252     0.00170340
 4194304 40618.435150     0.00155728
 4194307 40797.724379     0.00153604
 6291453 37900.264170     0.00219303
 6291456 43781.584736     0.00197348
 6291459 44720.348045     0.00201657
 8388605 46117.477785     0.00229985
 8388608 51462.921021     0.00209401
 8388611 55360.211280     0.00194821
