waiting for 1 second sample...
Bogus data record skipped for NET:enp1s0: data on 20241212 at 01:58:08
sample.time 1733968689.001
cputotals.num 8
cputotals.user 100
cputotals.nice 0
cputotals.sys 0
cputotals.wait 0
cputotals.irq 0
cputotals.soft 0
cputotals.steal 0
cputotals.idle 0
cputotals.systot 0
cputotals.usertot 100
cputotals.total 100
ctxint.ctx 164
ctxint.int 2022
proc.creates 0
proc.runq 260
proc.run 8
cpuload.avg1 7.60
cpuload.avg5 4.99
cpuload.avg15 2.21
disktotals.reads 0
disktotals.readkbs 0
disktotals.writes 3
disktotals.writekbs 224
meminfo.tot 15985068
meminfo.used 1122256
meminfo.free 14862812
meminfo.shared 0
meminfo.buf 25200
meminfo.cached 316900
meminfo.slab 96656
meminfo.map 115548
meminfo.anon 617524
meminfo.anonH 0
meminfo.dirty 18248
meminfo.locked 27620
meminfo.inactive 207676
meminfo.hugetot 0
meminfo.hugefree 0
meminfo.hugersvd 0
meminfo.sunreclaim 56816
swapinfo.total 2097148
swapinfo.free 2097148
swapinfo.used 0
swapinfo.in 0
swapinfo.out 0
pageinfo.fault 11756
pageinfo.majfault 0
pageinfo.in 0
pageinfo.out 224
nettotals.kbin 0
nettotals.pktin 0
nettotals.kbout 0
nettotals.pktout 0
cpuinfo.user.cpu0 100
cpuinfo.nice.cpu0 0
cpuinfo.sys.cpu0 0
cpuinfo.wait.cpu0 0
cpuinfo.irq.cpu0 0
cpuinfo.soft.cpu0 0
cpuinfo.steal.cpu0 0
cpuinfo.idle.cpu0 0
cpuinfo.intrpt.cpu0 0
cputotals.systot.cpu0 0
cputotals.usertot.cpu0 100
cpuinfo.user.cpu1 100
cpuinfo.nice.cpu1 0
cpuinfo.sys.cpu1 0
cpuinfo.wait.cpu1 0
cpuinfo.irq.cpu1 0
cpuinfo.soft.cpu1 0
cpuinfo.steal.cpu1 0
cpuinfo.idle.cpu1 0
cpuinfo.intrpt.cpu1 0
cputotals.systot.cpu1 0
cputotals.usertot.cpu1 100
cpuinfo.user.cpu2 100
cpuinfo.nice.cpu2 0
cpuinfo.sys.cpu2 0
cpuinfo.wait.cpu2 0
cpuinfo.irq.cpu2 0
cpuinfo.soft.cpu2 0
cpuinfo.steal.cpu2 0
cpuinfo.idle.cpu2 0
cpuinfo.intrpt.cpu2 0
cputotals.systot.cpu2 0
cputotals.usertot.cpu2 100
cpuinfo.user.cpu3 100
cpuinfo.nice.cpu3 0
cpuinfo.sys.cpu3 0
cpuinfo.wait.cpu3 0
cpuinfo.irq.cpu3 0
cpuinfo.soft.cpu3 0
cpuinfo.steal.cpu3 0
cpuinfo.idle.cpu3 0
cpuinfo.intrpt.cpu3 0
cputotals.systot.cpu3 0
cputotals.usertot.cpu3 100
cpuinfo.user.cpu4 99
cpuinfo.nice.cpu4 0
cpuinfo.sys.cpu4 1
cpuinfo.wait.cpu4 0
cpuinfo.irq.cpu4 0
cpuinfo.soft.cpu4 0
cpuinfo.steal.cpu4 0
cpuinfo.idle.cpu4 0
cpuinfo.intrpt.cpu4 0
cputotals.systot.cpu4 1
cputotals.usertot.cpu4 99
cpuinfo.user.cpu5 100
cpuinfo.nice.cpu5 0
cpuinfo.sys.cpu5 0
cpuinfo.wait.cpu5 0
cpuinfo.irq.cpu5 0
cpuinfo.soft.cpu5 0
cpuinfo.steal.cpu5 0
cpuinfo.idle.cpu5 0
cpuinfo.intrpt.cpu5 0
cputotals.systot.cpu5 0
cputotals.usertot.cpu5 100
cpuinfo.user.cpu6 99
cpuinfo.nice.cpu6 0
cpuinfo.sys.cpu6 1
cpuinfo.wait.cpu6 0
cpuinfo.irq.cpu6 0
cpuinfo.soft.cpu6 0
cpuinfo.steal.cpu6 0
cpuinfo.idle.cpu6 0
cpuinfo.intrpt.cpu6 0
cputotals.systot.cpu6 1
cputotals.usertot.cpu6 99
cpuinfo.user.cpu7 100
cpuinfo.nice.cpu7 0
cpuinfo.sys.cpu7 0
cpuinfo.wait.cpu7 0
cpuinfo.irq.cpu7 0
cpuinfo.soft.cpu7 0
cpuinfo.steal.cpu7 0
cpuinfo.idle.cpu7 0
cpuinfo.intrpt.cpu7 0
cputotals.systot.cpu7 0
cputotals.usertot.cpu7 100
Bogus data record skipped for NET:enp1s0: data on 20241212 at 01:58:09
sample.time 1733968690.001
cputotals.num 8
cputotals.user 100
cputotals.nice 0
cputotals.sys 0
cputotals.wait 0
cputotals.irq 0
cputotals.soft 0
cputotals.steal 0
cputotals.idle 0
cputotals.systot 0
cputotals.usertot 100
cputotals.total 100
ctxint.ctx 128
ctxint.int 2019
proc.creates 0
proc.runq 260
proc.run 8
cpuload.avg1 7.60
cpuload.avg5 4.99
cpuload.avg15 2.21
disktotals.reads 0
disktotals.readkbs 0
disktotals.writes 0
disktotals.writekbs 0
meminfo.tot 15985068
meminfo.used 1123264
meminfo.free 14861804
meminfo.shared 0
meminfo.buf 25200
meminfo.cached 316912
meminfo.slab 96604
meminfo.map 115548
meminfo.anon 618872
meminfo.anonH 0
meminfo.dirty 18412
meminfo.locked 27620
meminfo.inactive 207676
meminfo.hugetot 0
meminfo.hugefree 0
meminfo.hugersvd 0
meminfo.sunreclaim 56760
swapinfo.total 2097148
swapinfo.free 2097148
swapinfo.used 0
swapinfo.in 0
swapinfo.out 0
pageinfo.fault 58
pageinfo.majfault 0
pageinfo.in 0
pageinfo.out 0
nettotals.kbin 0
nettotals.pktin 0
nettotals.kbout 0
nettotals.pktout 0
cpuinfo.user.cpu0 100
cpuinfo.nice.cpu0 0
cpuinfo.sys.cpu0 0
cpuinfo.wait.cpu0 0
cpuinfo.irq.cpu0 0
cpuinfo.soft.cpu0 0
cpuinfo.steal.cpu0 0
cpuinfo.idle.cpu0 0
cpuinfo.intrpt.cpu0 0
cputotals.systot.cpu0 0
cputotals.usertot.cpu0 100
cpuinfo.user.cpu1 100
cpuinfo.nice.cpu1 0
cpuinfo.sys.cpu1 0
cpuinfo.wait.cpu1 0
cpuinfo.irq.cpu1 0
cpuinfo.soft.cpu1 0
cpuinfo.steal.cpu1 0
cpuinfo.idle.cpu1 0
cpuinfo.intrpt.cpu1 0
cputotals.systot.cpu1 0
cputotals.usertot.cpu1 100
cpuinfo.user.cpu2 100
cpuinfo.nice.cpu2 0
cpuinfo.sys.cpu2 0
cpuinfo.wait.cpu2 0
cpuinfo.irq.cpu2 0
cpuinfo.soft.cpu2 0
cpuinfo.steal.cpu2 0
cpuinfo.idle.cpu2 0
cpuinfo.intrpt.cpu2 0
cputotals.systot.cpu2 0
cputotals.usertot.cpu2 100
cpuinfo.user.cpu3 100
cpuinfo.nice.cpu3 0
cpuinfo.sys.cpu3 0
cpuinfo.wait.cpu3 0
cpuinfo.irq.cpu3 0
cpuinfo.soft.cpu3 0
cpuinfo.steal.cpu3 0
cpuinfo.idle.cpu3 0
cpuinfo.intrpt.cpu3 0
cputotals.systot.cpu3 0
cputotals.usertot.cpu3 100
cpuinfo.user.cpu4 100
cpuinfo.nice.cpu4 0
cpuinfo.sys.cpu4 0
cpuinfo.wait.cpu4 0
cpuinfo.irq.cpu4 0
cpuinfo.soft.cpu4 0
cpuinfo.steal.cpu4 0
cpuinfo.idle.cpu4 0
cpuinfo.intrpt.cpu4 0
cputotals.systot.cpu4 0
cputotals.usertot.cpu4 100
cpuinfo.user.cpu5 100
cpuinfo.nice.cpu5 0
cpuinfo.sys.cpu5 0
cpuinfo.wait.cpu5 0
cpuinfo.irq.cpu5 0
cpuinfo.soft.cpu5 0
cpuinfo.steal.cpu5 0
cpuinfo.idle.cpu5 0
cpuinfo.intrpt.cpu5 0
cputotals.systot.cpu5 0
cputotals.usertot.cpu5 100
cpuinfo.user.cpu6 100
cpuinfo.nice.cpu6 0
cpuinfo.sys.cpu6 0
cpuinfo.wait.cpu6 0
cpuinfo.irq.cpu6 0
cpuinfo.soft.cpu6 0
cpuinfo.steal.cpu6 0
cpuinfo.idle.cpu6 0
cpuinfo.intrpt.cpu6 0
cputotals.systot.cpu6 0
cputotals.usertot.cpu6 100
cpuinfo.user.cpu7 100
cpuinfo.nice.cpu7 0
cpuinfo.sys.cpu7 0
cpuinfo.wait.cpu7 0
cpuinfo.irq.cpu7 0
cpuinfo.soft.cpu7 0
cpuinfo.steal.cpu7 0
cpuinfo.idle.cpu7 0
cpuinfo.intrpt.cpu7 0
cputotals.systot.cpu7 0
cputotals.usertot.cpu7 100
Bogus data record skipped for NET:enp1s0: data on 20241212 at 01:58:10
sample.time 1733968691.001
cputotals.num 8
cputotals.user 100
cputotals.nice 0
cputotals.sys 0
cputotals.wait 0
cputotals.irq 0
cputotals.soft 0
cputotals.steal 0
cputotals.idle 0
cputotals.systot 0
cputotals.usertot 100
cputotals.total 100
ctxint.ctx 135
ctxint.int 2009
proc.creates 0
proc.runq 260
proc.run 8
cpuload.avg1 7.63
cpuload.avg5 5.04
cpuload.avg15 2.24
disktotals.reads 0
disktotals.readkbs 0
disktotals.writes 0
disktotals.writekbs 0
meminfo.tot 15985068
meminfo.used 1123264
meminfo.free 14861804
meminfo.shared 0
meminfo.buf 25200
meminfo.cached 316916
meminfo.slab 96604
meminfo.map 115548
meminfo.anon 618892
meminfo.anonH 0
meminfo.dirty 18416
meminfo.locked 27620
meminfo.inactive 207676
meminfo.hugetot 0
meminfo.hugefree 0
meminfo.hugersvd 0
meminfo.sunreclaim 56760
swapinfo.total 2097148
swapinfo.free 2097148
swapinfo.used 0
swapinfo.in 0
swapinfo.out 0
pageinfo.fault 3
pageinfo.majfault 0
pageinfo.in 0
pageinfo.out 0
nettotals.kbin 0
nettotals.pktin 0
nettotals.kbout 0
nettotals.pktout 0
cpuinfo.user.cpu0 99
cpuinfo.nice.cpu0 0
cpuinfo.sys.cpu0 1
cpuinfo.wait.cpu0 0
cpuinfo.irq.cpu0 0
cpuinfo.soft.cpu0 0
cpuinfo.steal.cpu0 0
cpuinfo.idle.cpu0 0
cpuinfo.intrpt.cpu0 0
cputotals.systot.cpu0 1
cputotals.usertot.cpu0 99
cpuinfo.user.cpu1 100
cpuinfo.nice.cpu1 0
cpuinfo.sys.cpu1 0
cpuinfo.wait.cpu1 0
cpuinfo.irq.cpu1 0
cpuinfo.soft.cpu1 0
cpuinfo.steal.cpu1 0
cpuinfo.idle.cpu1 0
cpuinfo.intrpt.cpu1 0
cputotals.systot.cpu1 0
cputotals.usertot.cpu1 100
cpuinfo.user.cpu2 100
cpuinfo.nice.cpu2 0
cpuinfo.sys.cpu2 0
cpuinfo.wait.cpu2 0
cpuinfo.irq.cpu2 0
cpuinfo.soft.cpu2 0
cpuinfo.steal.cpu2 0
cpuinfo.idle.cpu2 0
cpuinfo.intrpt.cpu2 0
cputotals.systot.cpu2 0
cputotals.usertot.cpu2 100
cpuinfo.user.cpu3 100
cpuinfo.nice.cpu3 0
cpuinfo.sys.cpu3 0
cpuinfo.wait.cpu3 0
cpuinfo.irq.cpu3 0
cpuinfo.soft.cpu3 0
cpuinfo.steal.cpu3 0
cpuinfo.idle.cpu3 0
cpuinfo.intrpt.cpu3 0
cputotals.systot.cpu3 0
cputotals.usertot.cpu3 100
cpuinfo.user.cpu4 100
cpuinfo.nice.cpu4 0
cpuinfo.sys.cpu4 0
cpuinfo.wait.cpu4 0
cpuinfo.irq.cpu4 0
cpuinfo.soft.cpu4 0
cpuinfo.steal.cpu4 0
cpuinfo.idle.cpu4 0
cpuinfo.intrpt.cpu4 0
cputotals.systot.cpu4 0
cputotals.usertot.cpu4 100
cpuinfo.user.cpu5 100
cpuinfo.nice.cpu5 0
cpuinfo.sys.cpu5 0
cpuinfo.wait.cpu5 0
cpuinfo.irq.cpu5 0
cpuinfo.soft.cpu5 0
cpuinfo.steal.cpu5 0
cpuinfo.idle.cpu5 0
cpuinfo.intrpt.cpu5 0
cputotals.systot.cpu5 0
cputotals.usertot.cpu5 100
cpuinfo.user.cpu6 100
cpuinfo.nice.cpu6 0
cpuinfo.sys.cpu6 0
cpuinfo.wait.cpu6 0
cpuinfo.irq.cpu6 0
cpuinfo.soft.cpu6 0
cpuinfo.steal.cpu6 0
cpuinfo.idle.cpu6 0
cpuinfo.intrpt.cpu6 0
cputotals.systot.cpu6 0
cputotals.usertot.cpu6 100
cpuinfo.user.cpu7 100
cpuinfo.nice.cpu7 0
cpuinfo.sys.cpu7 0
cpuinfo.wait.cpu7 0
cpuinfo.irq.cpu7 0
cpuinfo.soft.cpu7 0
cpuinfo.steal.cpu7 0
cpuinfo.idle.cpu7 0
cpuinfo.intrpt.cpu7 0
cputotals.systot.cpu7 0
cputotals.usertot.cpu7 100
Bogus data record skipped for NET:enp1s0: data on 20241212 at 01:58:11
sample.time 1733968692.001
cputotals.num 8
cputotals.user 100
cputotals.nice 0
cputotals.sys 0
cputotals.wait 0
cputotals.irq 0
cputotals.soft 0
cputotals.steal 0
cputotals.idle 0
cputotals.systot 0
cputotals.usertot 100
cputotals.total 100
ctxint.ctx 79
ctxint.int 2012
proc.creates 0
proc.runq 260
proc.run 8
cpuload.avg1 7.63
cpuload.avg5 5.04
cpuload.avg15 2.24
disktotals.reads 0
disktotals.readkbs 0
disktotals.writes 0
disktotals.writekbs 0
meminfo.tot 15985068
meminfo.used 1123264
meminfo.free 14861804
meminfo.shared 0
meminfo.buf 25200
meminfo.cached 316920
meminfo.slab 96604
meminfo.map 115548
meminfo.anon 618892
meminfo.anonH 0
meminfo.dirty 18420
meminfo.locked 27620
meminfo.inactive 207676
meminfo.hugetot 0
meminfo.hugefree 0
meminfo.hugersvd 0
meminfo.sunreclaim 56760
swapinfo.total 2097148
swapinfo.free 2097148
swapinfo.used 0
swapinfo.in 0
swapinfo.out 0
pageinfo.fault 0
pageinfo.majfault 0
pageinfo.in 0
pageinfo.out 0
nettotals.kbin 0
nettotals.pktin 0
nettotals.kbout 0
nettotals.pktout 0
cpuinfo.user.cpu0 100
cpuinfo.nice.cpu0 0
cpuinfo.sys.cpu0 0
cpuinfo.wait.cpu0 0
cpuinfo.irq.cpu0 0
cpuinfo.soft.cpu0 0
cpuinfo.steal.cpu0 0
cpuinfo.idle.cpu0 0
cpuinfo.intrpt.cpu0 0
cputotals.systot.cpu0 0
cputotals.usertot.cpu0 100
cpuinfo.user.cpu1 100
cpuinfo.nice.cpu1 0
cpuinfo.sys.cpu1 0
cpuinfo.wait.cpu1 0
cpuinfo.irq.cpu1 0
cpuinfo.soft.cpu1 0
cpuinfo.steal.cpu1 0
cpuinfo.idle.cpu1 0
cpuinfo.intrpt.cpu1 0
cputotals.systot.cpu1 0
cputotals.usertot.cpu1 100
cpuinfo.user.cpu2 100
cpuinfo.nice.cpu2 0
cpuinfo.sys.cpu2 0
cpuinfo.wait.cpu2 0
cpuinfo.irq.cpu2 0
cpuinfo.soft.cpu2 0
cpuinfo.steal.cpu2 0
cpuinfo.idle.cpu2 0
cpuinfo.intrpt.cpu2 0
cputotals.systot.cpu2 0
cputotals.usertot.cpu2 100
cpuinfo.user.cpu3 100
cpuinfo.nice.cpu3 0
cpuinfo.sys.cpu3 0
cpuinfo.wait.cpu3 0
cpuinfo.irq.cpu3 0
cpuinfo.soft.cpu3 0
cpuinfo.steal.cpu3 0
cpuinfo.idle.cpu3 0
cpuinfo.intrpt.cpu3 0
cputotals.systot.cpu3 0
cputotals.usertot.cpu3 100
cpuinfo.user.cpu4 100
cpuinfo.nice.cpu4 0
cpuinfo.sys.cpu4 0
cpuinfo.wait.cpu4 0
cpuinfo.irq.cpu4 0
cpuinfo.soft.cpu4 0
cpuinfo.steal.cpu4 0
cpuinfo.idle.cpu4 0
cpuinfo.intrpt.cpu4 0
cputotals.systot.cpu4 0
cputotals.usertot.cpu4 100
cpuinfo.user.cpu5 100
cpuinfo.nice.cpu5 0
cpuinfo.sys.cpu5 0
cpuinfo.wait.cpu5 0
cpuinfo.irq.cpu5 0
cpuinfo.soft.cpu5 0
cpuinfo.steal.cpu5 0
cpuinfo.idle.cpu5 0
cpuinfo.intrpt.cpu5 0
cputotals.systot.cpu5 0
cputotals.usertot.cpu5 100
cpuinfo.user.cpu6 100
cpuinfo.nice.cpu6 0
cpuinfo.sys.cpu6 0
cpuinfo.wait.cpu6 0
cpuinfo.irq.cpu6 0
cpuinfo.soft.cpu6 0
cpuinfo.steal.cpu6 0
cpuinfo.idle.cpu6 0
cpuinfo.intrpt.cpu6 0
cputotals.systot.cpu6 0
cputotals.usertot.cpu6 100
cpuinfo.user.cpu7 100
cpuinfo.nice.cpu7 0
cpuinfo.sys.cpu7 0
cpuinfo.wait.cpu7 0
cpuinfo.irq.cpu7 0
cpuinfo.soft.cpu7 0
cpuinfo.steal.cpu7 0
cpuinfo.idle.cpu7 0
cpuinfo.intrpt.cpu7 0
cputotals.systot.cpu7 0
cputotals.usertot.cpu7 100
Bogus data record skipped for NET:enp1s0: data on 20241212 at 01:58:12
sample.time 1733968693.001
cputotals.num 8
cputotals.user 100
cputotals.nice 0
cputotals.sys 0
cputotals.wait 0
cputotals.irq 0
cputotals.soft 0
cputotals.steal 0
cputotals.idle 0
cputotals.systot 0
cputotals.usertot 100
cputotals.total 100
ctxint.ctx 133
ctxint.int 2039
proc.creates 0
proc.runq 260
proc.run 8
cpuload.avg1 7.63
cpuload.avg5 5.04
cpuload.avg15 2.24
disktotals.reads 0
disktotals.readkbs 0
disktotals.writes 68
disktotals.writekbs 304
meminfo.tot 15985068
meminfo.used 1123264
meminfo.free 14861804
meminfo.shared 0
meminfo.buf 25200
meminfo.cached 316920
meminfo.slab 96604
meminfo.map 115548
meminfo.anon 618892
meminfo.anonH 0
meminfo.dirty 18116
meminfo.locked 27620
meminfo.inactive 207676
meminfo.hugetot 0
meminfo.hugefree 0
meminfo.hugersvd 0
meminfo.sunreclaim 56760
swapinfo.total 2097148
swapinfo.free 2097148
swapinfo.used 0
swapinfo.in 0
swapinfo.out 0
pageinfo.fault 0
pageinfo.majfault 0
pageinfo.in 0
pageinfo.out 304
nettotals.kbin 0
nettotals.pktin 0
nettotals.kbout 0
nettotals.pktout 0
cpuinfo.user.cpu0 100
cpuinfo.nice.cpu0 0
cpuinfo.sys.cpu0 0
cpuinfo.wait.cpu0 0
cpuinfo.irq.cpu0 0
cpuinfo.soft.cpu0 0
cpuinfo.steal.cpu0 0
cpuinfo.idle.cpu0 0
cpuinfo.intrpt.cpu0 0
cputotals.systot.cpu0 0
cputotals.usertot.cpu0 100
cpuinfo.user.cpu1 100
cpuinfo.nice.cpu1 0
cpuinfo.sys.cpu1 0
cpuinfo.wait.cpu1 0
cpuinfo.irq.cpu1 0
cpuinfo.soft.cpu1 0
cpuinfo.steal.cpu1 0
cpuinfo.idle.cpu1 0
cpuinfo.intrpt.cpu1 0
cputotals.systot.cpu1 0
cputotals.usertot.cpu1 100
cpuinfo.user.cpu2 99
cpuinfo.nice.cpu2 0
cpuinfo.sys.cpu2 1
cpuinfo.wait.cpu2 0
cpuinfo.irq.cpu2 0
cpuinfo.soft.cpu2 0
cpuinfo.steal.cpu2 0
cpuinfo.idle.cpu2 0
cpuinfo.intrpt.cpu2 0
cputotals.systot.cpu2 1
cputotals.usertot.cpu2 99
cpuinfo.user.cpu3 99
cpuinfo.nice.cpu3 0
cpuinfo.sys.cpu3 1
cpuinfo.wait.cpu3 0
cpuinfo.irq.cpu3 0
cpuinfo.soft.cpu3 0
cpuinfo.steal.cpu3 0
cpuinfo.idle.cpu3 0
cpuinfo.intrpt.cpu3 0
cputotals.systot.cpu3 1
cputotals.usertot.cpu3 99
cpuinfo.user.cpu4 100
cpuinfo.nice.cpu4 0
cpuinfo.sys.cpu4 0
cpuinfo.wait.cpu4 0
cpuinfo.irq.cpu4 0
cpuinfo.soft.cpu4 0
cpuinfo.steal.cpu4 0
cpuinfo.idle.cpu4 0
cpuinfo.intrpt.cpu4 0
cputotals.systot.cpu4 0
cputotals.usertot.cpu4 100
cpuinfo.user.cpu5 99
cpuinfo.nice.cpu5 0
cpuinfo.sys.cpu5 1
cpuinfo.wait.cpu5 0
cpuinfo.irq.cpu5 0
cpuinfo.soft.cpu5 0
cpuinfo.steal.cpu5 0
cpuinfo.idle.cpu5 0
cpuinfo.intrpt.cpu5 0
cputotals.systot.cpu5 1
cputotals.usertot.cpu5 99
cpuinfo.user.cpu6 100
cpuinfo.nice.cpu6 0
cpuinfo.sys.cpu6 0
cpuinfo.wait.cpu6 0
cpuinfo.irq.cpu6 0
cpuinfo.soft.cpu6 0
cpuinfo.steal.cpu6 0
cpuinfo.idle.cpu6 0
cpuinfo.intrpt.cpu6 0
cputotals.systot.cpu6 0
cputotals.usertot.cpu6 100
cpuinfo.user.cpu7 99
cpuinfo.nice.cpu7 0
cpuinfo.sys.cpu7 1
cpuinfo.wait.cpu7 0
cpuinfo.irq.cpu7 0
cpuinfo.soft.cpu7 0
cpuinfo.steal.cpu7 0
cpuinfo.idle.cpu7 0
cpuinfo.intrpt.cpu7 0
cputotals.systot.cpu7 1
cputotals.usertot.cpu7 99
Bogus data record skipped for NET:enp1s0: data on 20241212 at 01:58:13
sample.time 1733968694.001
cputotals.num 8
cputotals.user 100
cputotals.nice 0
cputotals.sys 0
cputotals.wait 0
cputotals.irq 0
cputotals.soft 0
cputotals.steal 0
cputotals.idle 0
cputotals.systot 0
cputotals.usertot 100
cputotals.total 100
ctxint.ctx 96
ctxint.int 2010
proc.creates 0
proc.runq 260
proc.run 8
cpuload.avg1 7.63
cpuload.avg5 5.04
cpuload.avg15 2.24
disktotals.reads 0
disktotals.readkbs 0
disktotals.writes 0
disktotals.writekbs 0
meminfo.tot 15985068
meminfo.used 1123264
meminfo.free 14861804
meminfo.shared 0
meminfo.buf 25200
meminfo.cached 316924
meminfo.slab 96604
meminfo.map 115548
meminfo.anon 618892
meminfo.anonH 0
meminfo.dirty 18120
meminfo.locked 27620
meminfo.inactive 207676
meminfo.hugetot 0
meminfo.hugefree 0
meminfo.hugersvd 0
meminfo.sunreclaim 56760
swapinfo.total 2097148
swapinfo.free 2097148
swapinfo.used 0
swapinfo.in 0
swapinfo.out 0
pageinfo.fault 29
pageinfo.majfault 0
pageinfo.in 0
pageinfo.out 0
nettotals.kbin 0
nettotals.pktin 0
nettotals.kbout 0
nettotals.pktout 0
cpuinfo.user.cpu0 100
cpuinfo.nice.cpu0 0
cpuinfo.sys.cpu0 0
cpuinfo.wait.cpu0 0
cpuinfo.irq.cpu0 0
cpuinfo.soft.cpu0 0
cpuinfo.steal.cpu0 0
cpuinfo.idle.cpu0 0
cpuinfo.intrpt.cpu0 0
cputotals.systot.cpu0 0
cputotals.usertot.cpu0 100
cpuinfo.user.cpu1 100
cpuinfo.nice.cpu1 0
cpuinfo.sys.cpu1 0
cpuinfo.wait.cpu1 0
cpuinfo.irq.cpu1 0
cpuinfo.soft.cpu1 0
cpuinfo.steal.cpu1 0
cpuinfo.idle.cpu1 0
cpuinfo.intrpt.cpu1 0
cputotals.systot.cpu1 0
cputotals.usertot.cpu1 100
cpuinfo.user.cpu2 100
cpuinfo.nice.cpu2 0
cpuinfo.sys.cpu2 0
cpuinfo.wait.cpu2 0
cpuinfo.irq.cpu2 0
cpuinfo.soft.cpu2 0
cpuinfo.steal.cpu2 0
cpuinfo.idle.cpu2 0
cpuinfo.intrpt.cpu2 0
cputotals.systot.cpu2 0
cputotals.usertot.cpu2 100
cpuinfo.user.cpu3 100
cpuinfo.nice.cpu3 0
cpuinfo.sys.cpu3 0
cpuinfo.wait.cpu3 0
cpuinfo.irq.cpu3 0
cpuinfo.soft.cpu3 0
cpuinfo.steal.cpu3 0
cpuinfo.idle.cpu3 0
cpuinfo.intrpt.cpu3 0
cputotals.systot.cpu3 0
cputotals.usertot.cpu3 100
cpuinfo.user.cpu4 100
cpuinfo.nice.cpu4 0
cpuinfo.sys.cpu4 0
cpuinfo.wait.cpu4 0
cpuinfo.irq.cpu4 0
cpuinfo.soft.cpu4 0
cpuinfo.steal.cpu4 0
cpuinfo.idle.cpu4 0
cpuinfo.intrpt.cpu4 0
cputotals.systot.cpu4 0
cputotals.usertot.cpu4 100
cpuinfo.user.cpu5 100
cpuinfo.nice.cpu5 0
cpuinfo.sys.cpu5 0
cpuinfo.wait.cpu5 0
cpuinfo.irq.cpu5 0
cpuinfo.soft.cpu5 0
cpuinfo.steal.cpu5 0
cpuinfo.idle.cpu5 0
cpuinfo.intrpt.cpu5 0
cputotals.systot.cpu5 0
cputotals.usertot.cpu5 100
cpuinfo.user.cpu6 100
cpuinfo.nice.cpu6 0
cpuinfo.sys.cpu6 0
cpuinfo.wait.cpu6 0
cpuinfo.irq.cpu6 0
cpuinfo.soft.cpu6 0
cpuinfo.steal.cpu6 0
cpuinfo.idle.cpu6 0
cpuinfo.intrpt.cpu6 0
cputotals.systot.cpu6 0
cputotals.usertot.cpu6 100
cpuinfo.user.cpu7 100
cpuinfo.nice.cpu7 0
cpuinfo.sys.cpu7 0
cpuinfo.wait.cpu7 0
cpuinfo.irq.cpu7 0
cpuinfo.soft.cpu7 0
cpuinfo.steal.cpu7 0
cpuinfo.idle.cpu7 0
cpuinfo.intrpt.cpu7 0
cputotals.systot.cpu7 0
cputotals.usertot.cpu7 100
Shutting down in response to signal TERM on hpl01...
