waiting for 1 second sample...
Bogus data record skipped for NET:enp1s0: data on 20241211 at 17:08:12
sample.time 1733936893.001
cputotals.num 2
cputotals.user 97
cputotals.nice 0
cputotals.sys 2
cputotals.wait 0
cputotals.irq 0
cputotals.soft 0
cputotals.steal 1
cputotals.idle 0
cputotals.systot 3
cputotals.usertot 97
cputotals.total 100
ctxint.ctx 67
ctxint.int 514
proc.creates 0
proc.runq 174
proc.run 2
cpuload.avg1 0.00
cpuload.avg5 0.21
cpuload.avg15 0.55
disktotals.reads 0
disktotals.readkbs 0
disktotals.writes 0
disktotals.writekbs 0
meminfo.tot 4005808
meminfo.used 1041452
meminfo.free 2964356
meminfo.shared 0
meminfo.buf 23544
meminfo.cached 545276
meminfo.slab 77512
meminfo.map 102032
meminfo.anon 344448
meminfo.anonH 0
meminfo.dirty 9632
meminfo.locked 27620
meminfo.inactive 180952
meminfo.hugetot 0
meminfo.hugefree 0
meminfo.hugersvd 0
meminfo.sunreclaim 40664
swapinfo.total 2594812
swapinfo.free 2594812
swapinfo.used 0
swapinfo.in 0
swapinfo.out 0
pageinfo.fault 31609
pageinfo.majfault 0
pageinfo.in 0
pageinfo.out 0
nettotals.kbin 0
nettotals.pktin 0
nettotals.kbout 0
nettotals.pktout 0
cpuinfo.user.cpu0 98
cpuinfo.nice.cpu0 0
cpuinfo.sys.cpu0 1
cpuinfo.wait.cpu0 0
cpuinfo.irq.cpu0 0
cpuinfo.soft.cpu0 0
cpuinfo.steal.cpu0 1
cpuinfo.idle.cpu0 0
cpuinfo.intrpt.cpu0 0
cputotals.systot.cpu0 2
cputotals.usertot.cpu0 98
cpuinfo.user.cpu1 97
cpuinfo.nice.cpu1 0
cpuinfo.sys.cpu1 2
cpuinfo.wait.cpu1 0
cpuinfo.irq.cpu1 0
cpuinfo.soft.cpu1 0
cpuinfo.steal.cpu1 1
cpuinfo.idle.cpu1 0
cpuinfo.intrpt.cpu1 0
cputotals.systot.cpu1 3
cputotals.usertot.cpu1 97
Bogus data record skipped for NET:enp1s0: data on 20241211 at 17:08:13
sample.time 1733936894.001
cputotals.num 2
cputotals.user 96
cputotals.nice 0
cputotals.sys 0
cputotals.wait 0
cputotals.irq 0
cputotals.soft 0
cputotals.steal 4
cputotals.idle 0
cputotals.systot 4
cputotals.usertot 96
cputotals.total 100
ctxint.ctx 67
ctxint.int 502
proc.creates 0
proc.runq 174
proc.run 2
cpuload.avg1 0.00
cpuload.avg5 0.21
cpuload.avg15 0.55
disktotals.reads 0
disktotals.readkbs 0
disktotals.writes 0
disktotals.writekbs 0
meminfo.tot 4005808
meminfo.used 1041704
meminfo.free 2964104
meminfo.shared 0
meminfo.buf 23544
meminfo.cached 545276
meminfo.slab 77512
meminfo.map 102032
meminfo.anon 344468
meminfo.anonH 0
meminfo.dirty 9632
meminfo.locked 27620
meminfo.inactive 180952
meminfo.hugetot 0
meminfo.hugefree 0
meminfo.hugersvd 0
meminfo.sunreclaim 40664
swapinfo.total 2594812
swapinfo.free 2594812
swapinfo.used 0
swapinfo.in 0
swapinfo.out 0
pageinfo.fault 51
pageinfo.majfault 0
pageinfo.in 0
pageinfo.out 0
nettotals.kbin 0
nettotals.pktin 0
nettotals.kbout 0
nettotals.pktout 0
cpuinfo.user.cpu0 98
cpuinfo.nice.cpu0 0
cpuinfo.sys.cpu0 0
cpuinfo.wait.cpu0 0
cpuinfo.irq.cpu0 0
cpuinfo.soft.cpu0 0
cpuinfo.steal.cpu0 2
cpuinfo.idle.cpu0 0
cpuinfo.intrpt.cpu0 0
cputotals.systot.cpu0 2
cputotals.usertot.cpu0 98
cpuinfo.user.cpu1 94
cpuinfo.nice.cpu1 0
cpuinfo.sys.cpu1 0
cpuinfo.wait.cpu1 0
cpuinfo.irq.cpu1 0
cpuinfo.soft.cpu1 0
cpuinfo.steal.cpu1 6
cpuinfo.idle.cpu1 0
cpuinfo.intrpt.cpu1 0
cputotals.systot.cpu1 6
cputotals.usertot.cpu1 94
Bogus data record skipped for NET:enp1s0: data on 20241211 at 17:08:14
sample.time 1733936895.001
cputotals.num 2
cputotals.user 100
cputotals.nice 0
cputotals.sys 0
cputotals.wait 0
cputotals.irq 0
cputotals.soft 0
cputotals.steal 0
cputotals.idle 0
cputotals.systot 0
cputotals.usertot 100
cputotals.total 100
ctxint.ctx 60
ctxint.int 512
proc.creates 0
proc.runq 174
proc.run 2
cpuload.avg1 0.00
cpuload.avg5 0.21
cpuload.avg15 0.55
disktotals.reads 0
disktotals.readkbs 0
disktotals.writes 0
disktotals.writekbs 0
meminfo.tot 4005808
meminfo.used 1041704
meminfo.free 2964104
meminfo.shared 0
meminfo.buf 23544
meminfo.cached 545276
meminfo.slab 77512
meminfo.map 102032
meminfo.anon 344492
meminfo.anonH 0
meminfo.dirty 9632
meminfo.locked 27620
meminfo.inactive 180952
meminfo.hugetot 0
meminfo.hugefree 0
meminfo.hugersvd 0
meminfo.sunreclaim 40664
swapinfo.total 2594812
swapinfo.free 2594812
swapinfo.used 0
swapinfo.in 0
swapinfo.out 0
pageinfo.fault 2
pageinfo.majfault 0
pageinfo.in 0
pageinfo.out 0
nettotals.kbin 0
nettotals.pktin 0
nettotals.kbout 0
nettotals.pktout 0
cpuinfo.user.cpu0 100
cpuinfo.nice.cpu0 0
cpuinfo.sys.cpu0 0
cpuinfo.wait.cpu0 0
cpuinfo.irq.cpu0 0
cpuinfo.soft.cpu0 0
cpuinfo.steal.cpu0 0
cpuinfo.idle.cpu0 0
cpuinfo.intrpt.cpu0 0
cputotals.systot.cpu0 0
cputotals.usertot.cpu0 100
cpuinfo.user.cpu1 100
cpuinfo.nice.cpu1 0
cpuinfo.sys.cpu1 0
cpuinfo.wait.cpu1 0
cpuinfo.irq.cpu1 0
cpuinfo.soft.cpu1 0
cpuinfo.steal.cpu1 0
cpuinfo.idle.cpu1 0
cpuinfo.intrpt.cpu1 0
cputotals.systot.cpu1 0
cputotals.usertot.cpu1 100
Bogus data record skipped for NET:enp1s0: data on 20241211 at 17:08:15
sample.time 1733936896.001
cputotals.num 2
cputotals.user 99
cputotals.nice 0
cputotals.sys 0
cputotals.wait 0
cputotals.irq 0
cputotals.soft 0
cputotals.steal 1
cputotals.idle 0
cputotals.systot 1
cputotals.usertot 99
cputotals.total 100
ctxint.ctx 102
ctxint.int 521
proc.creates 0
proc.runq 174
proc.run 2
cpuload.avg1 0.16
cpuload.avg5 0.24
cpuload.avg15 0.56
disktotals.reads 0
disktotals.readkbs 0
disktotals.writes 0
disktotals.writekbs 0
meminfo.tot 4005808
meminfo.used 1041704
meminfo.free 2964104
meminfo.shared 0
meminfo.buf 23544
meminfo.cached 545280
meminfo.slab 77512
meminfo.map 102032
meminfo.anon 344496
meminfo.anonH 0
meminfo.dirty 9636
meminfo.locked 27620
meminfo.inactive 180952
meminfo.hugetot 0
meminfo.hugefree 0
meminfo.hugersvd 0
meminfo.sunreclaim 40664
swapinfo.total 2594812
swapinfo.free 2594812
swapinfo.used 0
swapinfo.in 0
swapinfo.out 0
pageinfo.fault 1
pageinfo.majfault 0
pageinfo.in 0
pageinfo.out 0
nettotals.kbin 0
nettotals.pktin 0
nettotals.kbout 0
nettotals.pktout 0
cpuinfo.user.cpu0 98
cpuinfo.nice.cpu0 0
cpuinfo.sys.cpu0 0
cpuinfo.wait.cpu0 0
cpuinfo.irq.cpu0 0
cpuinfo.soft.cpu0 0
cpuinfo.steal.cpu0 2
cpuinfo.idle.cpu0 0
cpuinfo.intrpt.cpu0 0
cputotals.systot.cpu0 2
cputotals.usertot.cpu0 98
cpuinfo.user.cpu1 99
cpuinfo.nice.cpu1 0
cpuinfo.sys.cpu1 0
cpuinfo.wait.cpu1 0
cpuinfo.irq.cpu1 0
cpuinfo.soft.cpu1 0
cpuinfo.steal.cpu1 1
cpuinfo.idle.cpu1 0
cpuinfo.intrpt.cpu1 0
cputotals.systot.cpu1 1
cputotals.usertot.cpu1 99
Bogus data record skipped for NET:enp1s0: data on 20241211 at 17:08:16
sample.time 1733936897.001
cputotals.num 2
cputotals.user 98
cputotals.nice 0
cputotals.sys 0
cputotals.wait 0
cputotals.irq 0
cputotals.soft 0
cputotals.steal 3
cputotals.idle 0
cputotals.systot 3
cputotals.usertot 98
cputotals.total 100
ctxint.ctx 124
ctxint.int 534
proc.creates 0
proc.runq 174
proc.run 2
cpuload.avg1 0.16
cpuload.avg5 0.24
cpuload.avg15 0.56
disktotals.reads 0
disktotals.readkbs 0
disktotals.writes 118
disktotals.writekbs 636
meminfo.tot 4005808
meminfo.used 1041704
meminfo.free 2964104
meminfo.shared 0
meminfo.buf 23544
meminfo.cached 545280
meminfo.slab 77436
meminfo.map 102032
meminfo.anon 344452
meminfo.anonH 0
meminfo.dirty 9000
meminfo.locked 27620
meminfo.inactive 180952
meminfo.hugetot 0
meminfo.hugefree 0
meminfo.hugersvd 0
meminfo.sunreclaim 40600
swapinfo.total 2594812
swapinfo.free 2594812
swapinfo.used 0
swapinfo.in 0
swapinfo.out 0
pageinfo.fault 33
pageinfo.majfault 0
pageinfo.in 0
pageinfo.out 636
nettotals.kbin 0
nettotals.pktin 0
nettotals.kbout 0
nettotals.pktout 0
cpuinfo.user.cpu0 98
cpuinfo.nice.cpu0 0
cpuinfo.sys.cpu0 0
cpuinfo.wait.cpu0 0
cpuinfo.irq.cpu0 0
cpuinfo.soft.cpu0 0
cpuinfo.steal.cpu0 2
cpuinfo.idle.cpu0 0
cpuinfo.intrpt.cpu0 0
cputotals.systot.cpu0 2
cputotals.usertot.cpu0 98
cpuinfo.user.cpu1 98
cpuinfo.nice.cpu1 0
cpuinfo.sys.cpu1 0
cpuinfo.wait.cpu1 0
cpuinfo.irq.cpu1 0
cpuinfo.soft.cpu1 0
cpuinfo.steal.cpu1 2
cpuinfo.idle.cpu1 0
cpuinfo.intrpt.cpu1 0
cputotals.systot.cpu1 2
cputotals.usertot.cpu1 98
Bogus data record skipped for NET:enp1s0: data on 20241211 at 17:08:17
sample.time 1733936898.003
cputotals.num 2
cputotals.user 98
cputotals.nice 0
cputotals.sys 1
cputotals.wait 0
cputotals.irq 0
cputotals.soft 0
cputotals.steal 2
cputotals.idle 0
cputotals.systot 2
cputotals.usertot 98
cputotals.total 100
ctxint.ctx 97
ctxint.int 517
proc.creates 0
proc.runq 174
proc.run 2
cpuload.avg1 0.16
cpuload.avg5 0.24
cpuload.avg15 0.56
disktotals.reads 0
disktotals.readkbs 0
disktotals.writes 3
disktotals.writekbs 124
meminfo.tot 4005808
meminfo.used 1041704
meminfo.free 2964104
meminfo.shared 0
meminfo.buf 23552
meminfo.cached 545280
meminfo.slab 77436
meminfo.map 102032
meminfo.anon 344224
meminfo.anonH 0
meminfo.dirty 9072
meminfo.locked 27620
meminfo.inactive 180956
meminfo.hugetot 0
meminfo.hugefree 0
meminfo.hugersvd 0
meminfo.sunreclaim 40600
swapinfo.total 2594812
swapinfo.free 2594812
swapinfo.used 0
swapinfo.in 0
swapinfo.out 0
pageinfo.fault 1181
pageinfo.majfault 0
pageinfo.in 0
pageinfo.out 124
nettotals.kbin 0
nettotals.pktin 0
nettotals.kbout 0
nettotals.pktout 0
cpuinfo.user.cpu0 100
cpuinfo.nice.cpu0 0
cpuinfo.sys.cpu0 0
cpuinfo.wait.cpu0 0
cpuinfo.irq.cpu0 0
cpuinfo.soft.cpu0 0
cpuinfo.steal.cpu0 0
cpuinfo.idle.cpu0 0
cpuinfo.intrpt.cpu0 0
cputotals.systot.cpu0 0
cputotals.usertot.cpu0 100
cpuinfo.user.cpu1 96
cpuinfo.nice.cpu1 0
cpuinfo.sys.cpu1 0
cpuinfo.wait.cpu1 0
cpuinfo.irq.cpu1 0
cpuinfo.soft.cpu1 0
cpuinfo.steal.cpu1 4
cpuinfo.idle.cpu1 0
cpuinfo.intrpt.cpu1 0
cputotals.systot.cpu1 4
cputotals.usertot.cpu1 96
Bogus data record skipped for NET:enp1s0: data on 20241211 at 17:08:18
sample.time 1733936899.001
cputotals.num 2
cputotals.user 100
cputotals.nice 0
cputotals.sys 0
cputotals.wait 0
cputotals.irq 0
cputotals.soft 0
cputotals.steal 1
cputotals.idle 0
cputotals.systot 1
cputotals.usertot 100
cputotals.total 100
ctxint.ctx 61
ctxint.int 513
proc.creates 0
proc.runq 174
proc.run 2
cpuload.avg1 0.16
cpuload.avg5 0.24
cpuload.avg15 0.56
disktotals.reads 0
disktotals.readkbs 0
disktotals.writes 0
disktotals.writekbs 0
meminfo.tot 4005808
meminfo.used 1041704
meminfo.free 2964104
meminfo.shared 0
meminfo.buf 23552
meminfo.cached 545284
meminfo.slab 77436
meminfo.map 102032
meminfo.anon 344224
meminfo.anonH 0
meminfo.dirty 9076
meminfo.locked 27620
meminfo.inactive 180956
meminfo.hugetot 0
meminfo.hugefree 0
meminfo.hugersvd 0
meminfo.sunreclaim 40600
swapinfo.total 2594812
swapinfo.free 2594812
swapinfo.used 0
swapinfo.in 0
swapinfo.out 0
pageinfo.fault 0
pageinfo.majfault 0
pageinfo.in 0
pageinfo.out 0
nettotals.kbin 0
nettotals.pktin 0
nettotals.kbout 0
nettotals.pktout 0
cpuinfo.user.cpu0 100
cpuinfo.nice.cpu0 0
cpuinfo.sys.cpu0 0
cpuinfo.wait.cpu0 0
cpuinfo.irq.cpu0 0
cpuinfo.soft.cpu0 0
cpuinfo.steal.cpu0 0
cpuinfo.idle.cpu0 0
cpuinfo.intrpt.cpu0 0
cputotals.systot.cpu0 0
cputotals.usertot.cpu0 100
cpuinfo.user.cpu1 99
cpuinfo.nice.cpu1 0
cpuinfo.sys.cpu1 0
cpuinfo.wait.cpu1 0
cpuinfo.irq.cpu1 0
cpuinfo.soft.cpu1 0
cpuinfo.steal.cpu1 1
cpuinfo.idle.cpu1 0
cpuinfo.intrpt.cpu1 0
cputotals.systot.cpu1 1
cputotals.usertot.cpu1 99
Bogus data record skipped for NET:enp1s0: data on 20241211 at 17:08:19
sample.time 1733936900.001
cputotals.num 2
cputotals.user 97
cputotals.nice 0
cputotals.sys 0
cputotals.wait 0
cputotals.irq 0
cputotals.soft 0
cputotals.steal 3
cputotals.idle 0
cputotals.systot 3
cputotals.usertot 97
cputotals.total 100
ctxint.ctx 57
ctxint.int 512
proc.creates 0
proc.runq 174
proc.run 2
cpuload.avg1 0.16
cpuload.avg5 0.24
cpuload.avg15 0.56
disktotals.reads 0
disktotals.readkbs 0
disktotals.writes 0
disktotals.writekbs 0
meminfo.tot 4005808
meminfo.used 1041704
meminfo.free 2964104
meminfo.shared 0
meminfo.buf 23552
meminfo.cached 545284
meminfo.slab 77436
meminfo.map 102032
meminfo.anon 344224
meminfo.anonH 0
meminfo.dirty 9076
meminfo.locked 27620
meminfo.inactive 180956
meminfo.hugetot 0
meminfo.hugefree 0
meminfo.hugersvd 0
meminfo.sunreclaim 40600
swapinfo.total 2594812
swapinfo.free 2594812
swapinfo.used 0
swapinfo.in 0
swapinfo.out 0
pageinfo.fault 0
pageinfo.majfault 0
pageinfo.in 0
pageinfo.out 0
nettotals.kbin 0
nettotals.pktin 0
nettotals.kbout 0
nettotals.pktout 0
cpuinfo.user.cpu0 100
cpuinfo.nice.cpu0 0
cpuinfo.sys.cpu0 0
cpuinfo.wait.cpu0 0
cpuinfo.irq.cpu0 0
cpuinfo.soft.cpu0 0
cpuinfo.steal.cpu0 0
cpuinfo.idle.cpu0 0
cpuinfo.intrpt.cpu0 0
cputotals.systot.cpu0 0
cputotals.usertot.cpu0 100
cpuinfo.user.cpu1 95
cpuinfo.nice.cpu1 0
cpuinfo.sys.cpu1 0
cpuinfo.wait.cpu1 0
cpuinfo.irq.cpu1 0
cpuinfo.soft.cpu1 0
cpuinfo.steal.cpu1 5
cpuinfo.idle.cpu1 0
cpuinfo.intrpt.cpu1 0
cputotals.systot.cpu1 5
cputotals.usertot.cpu1 95
Bogus data record skipped for NET:enp1s0: data on 20241211 at 17:08:20
sample.time 1733936901.001
cputotals.num 2
cputotals.user 99
cputotals.nice 0
cputotals.sys 0
cputotals.wait 0
cputotals.irq 0
cputotals.soft 0
cputotals.steal 2
cputotals.idle 0
cputotals.systot 2
cputotals.usertot 99
cputotals.total 100
ctxint.ctx 56
ctxint.int 512
proc.creates 0
proc.runq 174
proc.run 2
cpuload.avg1 0.31
cpuload.avg5 0.27
cpuload.avg15 0.57
disktotals.reads 0
disktotals.readkbs 0
disktotals.writes 0
disktotals.writekbs 0
meminfo.tot 4005808
meminfo.used 1041704
meminfo.free 2964104
meminfo.shared 0
meminfo.buf 23552
meminfo.cached 545288
meminfo.slab 77436
meminfo.map 102032
meminfo.anon 344224
meminfo.anonH 0
meminfo.dirty 9080
meminfo.locked 27620
meminfo.inactive 180964
meminfo.hugetot 0
meminfo.hugefree 0
meminfo.hugersvd 0
meminfo.sunreclaim 40600
swapinfo.total 2594812
swapinfo.free 2594812
swapinfo.used 0
swapinfo.in 0
swapinfo.out 0
pageinfo.fault 0
pageinfo.majfault 0
pageinfo.in 0
pageinfo.out 0
nettotals.kbin 0
nettotals.pktin 0
nettotals.kbout 0
nettotals.pktout 0
cpuinfo.user.cpu0 99
cpuinfo.nice.cpu0 0
cpuinfo.sys.cpu0 0
cpuinfo.wait.cpu0 0
cpuinfo.irq.cpu0 0
cpuinfo.soft.cpu0 0
cpuinfo.steal.cpu0 1
cpuinfo.idle.cpu0 0
cpuinfo.intrpt.cpu0 0
cputotals.systot.cpu0 1
cputotals.usertot.cpu0 99
cpuinfo.user.cpu1 98
cpuinfo.nice.cpu1 0
cpuinfo.sys.cpu1 0
cpuinfo.wait.cpu1 0
cpuinfo.irq.cpu1 0
cpuinfo.soft.cpu1 0
cpuinfo.steal.cpu1 2
cpuinfo.idle.cpu1 0
cpuinfo.intrpt.cpu1 0
cputotals.systot.cpu1 2
cputotals.usertot.cpu1 98
Bogus data record skipped for NET:enp1s0: data on 20241211 at 17:08:21
sample.time 1733936902.001
cputotals.num 2
cputotals.user 96
cputotals.nice 0
cputotals.sys 0
cputotals.wait 0
cputotals.irq 0
cputotals.soft 0
cputotals.steal 4
cputotals.idle 0
cputotals.systot 4
cputotals.usertot 96
cputotals.total 100
ctxint.ctx 68
ctxint.int 505
proc.creates 0
proc.runq 174
proc.run 2
cpuload.avg1 0.31
cpuload.avg5 0.27
cpuload.avg15 0.57
disktotals.reads 0
disktotals.readkbs 0
disktotals.writes 0
disktotals.writekbs 0
meminfo.tot 4005808
meminfo.used 1041704
meminfo.free 2964104
meminfo.shared 0
meminfo.buf 23552
meminfo.cached 545288
meminfo.slab 77436
meminfo.map 102032
meminfo.anon 344240
meminfo.anonH 0
meminfo.dirty 9080
meminfo.locked 27620
meminfo.inactive 180964
meminfo.hugetot 0
meminfo.hugefree 0
meminfo.hugersvd 0
meminfo.sunreclaim 40600
swapinfo.total 2594812
swapinfo.free 2594812
swapinfo.used 0
swapinfo.in 0
swapinfo.out 0
pageinfo.fault 4
pageinfo.majfault 0
pageinfo.in 0
pageinfo.out 0
nettotals.kbin 0
nettotals.pktin 0
nettotals.kbout 0
nettotals.pktout 0
cpuinfo.user.cpu0 98
cpuinfo.nice.cpu0 0
cpuinfo.sys.cpu0 0
cpuinfo.wait.cpu0 0
cpuinfo.irq.cpu0 0
cpuinfo.soft.cpu0 0
cpuinfo.steal.cpu0 2
cpuinfo.idle.cpu0 0
cpuinfo.intrpt.cpu0 0
cputotals.systot.cpu0 2
cputotals.usertot.cpu0 98
cpuinfo.user.cpu1 95
cpuinfo.nice.cpu1 0
cpuinfo.sys.cpu1 0
cpuinfo.wait.cpu1 0
cpuinfo.irq.cpu1 0
cpuinfo.soft.cpu1 0
cpuinfo.steal.cpu1 5
cpuinfo.idle.cpu1 0
cpuinfo.intrpt.cpu1 0
cputotals.systot.cpu1 5
cputotals.usertot.cpu1 95
Bogus data record skipped for NET:enp1s0: data on 20241211 at 17:08:22
sample.time 1733936903.001
cputotals.num 2
cputotals.user 99
cputotals.nice 0
cputotals.sys 0
cputotals.wait 0
cputotals.irq 0
cputotals.soft 0
cputotals.steal 2
cputotals.idle 0
cputotals.systot 2
cputotals.usertot 99
cputotals.total 100
ctxint.ctx 66
ctxint.int 514
proc.creates 0
proc.runq 174
proc.run 2
cpuload.avg1 0.31
cpuload.avg5 0.27
cpuload.avg15 0.57
disktotals.reads 0
disktotals.readkbs 0
disktotals.writes 3
disktotals.writekbs 12
meminfo.tot 4005808
meminfo.used 1041704
meminfo.free 2964104
meminfo.shared 0
meminfo.buf 23560
meminfo.cached 545288
meminfo.slab 77436
meminfo.map 102032
meminfo.anon 344240
meminfo.anonH 0
meminfo.dirty 9080
meminfo.locked 27620
meminfo.inactive 180964
meminfo.hugetot 0
meminfo.hugefree 0
meminfo.hugersvd 0
meminfo.sunreclaim 40600
swapinfo.total 2594812
swapinfo.free 2594812
swapinfo.used 0
swapinfo.in 0
swapinfo.out 0
pageinfo.fault 0
pageinfo.majfault 0
pageinfo.in 0
pageinfo.out 12
nettotals.kbin 0
nettotals.pktin 0
nettotals.kbout 0
nettotals.pktout 0
cpuinfo.user.cpu0 99
cpuinfo.nice.cpu0 0
cpuinfo.sys.cpu0 0
cpuinfo.wait.cpu0 0
cpuinfo.irq.cpu0 0
cpuinfo.soft.cpu0 0
cpuinfo.steal.cpu0 1
cpuinfo.idle.cpu0 0
cpuinfo.intrpt.cpu0 0
cputotals.systot.cpu0 1
cputotals.usertot.cpu0 99
cpuinfo.user.cpu1 97
cpuinfo.nice.cpu1 0
cpuinfo.sys.cpu1 0
cpuinfo.wait.cpu1 0
cpuinfo.irq.cpu1 0
cpuinfo.soft.cpu1 0
cpuinfo.steal.cpu1 3
cpuinfo.idle.cpu1 0
cpuinfo.intrpt.cpu1 0
cputotals.systot.cpu1 3
cputotals.usertot.cpu1 97
Bogus data record skipped for NET:enp1s0: data on 20241211 at 17:08:23
sample.time 1733936904.001
cputotals.num 2
cputotals.user 100
cputotals.nice 0
cputotals.sys 0
cputotals.wait 0
cputotals.irq 0
cputotals.soft 0
cputotals.steal 1
cputotals.idle 0
cputotals.systot 1
cputotals.usertot 100
cputotals.total 100
ctxint.ctx 72
ctxint.int 514
proc.creates 0
proc.runq 174
proc.run 2
cpuload.avg1 0.31
cpuload.avg5 0.27
cpuload.avg15 0.57
disktotals.reads 0
disktotals.readkbs 0
disktotals.writes 0
disktotals.writekbs 0
meminfo.tot 4005808
meminfo.used 1041704
meminfo.free 2964104
meminfo.shared 0
meminfo.buf 23560
meminfo.cached 545292
meminfo.slab 77424
meminfo.map 102032
meminfo.anon 344240
meminfo.anonH 0
meminfo.dirty 9084
meminfo.locked 27620
meminfo.inactive 180964
meminfo.hugetot 0
meminfo.hugefree 0
meminfo.hugersvd 0
meminfo.sunreclaim 40588
swapinfo.total 2594812
swapinfo.free 2594812
swapinfo.used 0
swapinfo.in 0
swapinfo.out 0
pageinfo.fault 0
pageinfo.majfault 0
pageinfo.in 0
pageinfo.out 0
nettotals.kbin 0
nettotals.pktin 0
nettotals.kbout 0
nettotals.pktout 0
cpuinfo.user.cpu0 99
cpuinfo.nice.cpu0 0
cpuinfo.sys.cpu0 0
cpuinfo.wait.cpu0 0
cpuinfo.irq.cpu0 0
cpuinfo.soft.cpu0 0
cpuinfo.steal.cpu0 1
cpuinfo.idle.cpu0 0
cpuinfo.intrpt.cpu0 0
cputotals.systot.cpu0 1
cputotals.usertot.cpu0 99
cpuinfo.user.cpu1 100
cpuinfo.nice.cpu1 0
cpuinfo.sys.cpu1 0
cpuinfo.wait.cpu1 0
cpuinfo.irq.cpu1 0
cpuinfo.soft.cpu1 0
cpuinfo.steal.cpu1 0
cpuinfo.idle.cpu1 0
cpuinfo.intrpt.cpu1 0
cputotals.systot.cpu1 0
cputotals.usertot.cpu1 100
Bogus data record skipped for NET:enp1s0: data on 20241211 at 17:08:24
sample.time 1733936905.001
cputotals.num 2
cputotals.user 100
cputotals.nice 0
cputotals.sys 0
cputotals.wait 0
cputotals.irq 0
cputotals.soft 0
cputotals.steal 1
cputotals.idle 0
cputotals.systot 1
cputotals.usertot 100
cputotals.total 100
ctxint.ctx 55
ctxint.int 514
proc.creates 0
proc.runq 174
proc.run 2
cpuload.avg1 0.31
cpuload.avg5 0.27
cpuload.avg15 0.57
disktotals.reads 0
disktotals.readkbs 0
disktotals.writes 0
disktotals.writekbs 0
meminfo.tot 4005808
meminfo.used 1041704
meminfo.free 2964104
meminfo.shared 0
meminfo.buf 23560
meminfo.cached 545292
meminfo.slab 77424
meminfo.map 102032
meminfo.anon 344240
meminfo.anonH 0
meminfo.dirty 9084
meminfo.locked 27620
meminfo.inactive 180964
meminfo.hugetot 0
meminfo.hugefree 0
meminfo.hugersvd 0
meminfo.sunreclaim 40588
swapinfo.total 2594812
swapinfo.free 2594812
swapinfo.used 0
swapinfo.in 0
swapinfo.out 0
pageinfo.fault 0
pageinfo.majfault 0
pageinfo.in 0
pageinfo.out 0
nettotals.kbin 0
nettotals.pktin 0
nettotals.kbout 0
nettotals.pktout 0
cpuinfo.user.cpu0 99
cpuinfo.nice.cpu0 0
cpuinfo.sys.cpu0 0
cpuinfo.wait.cpu0 0
cpuinfo.irq.cpu0 0
cpuinfo.soft.cpu0 0
cpuinfo.steal.cpu0 1
cpuinfo.idle.cpu0 0
cpuinfo.intrpt.cpu0 0
cputotals.systot.cpu0 1
cputotals.usertot.cpu0 99
cpuinfo.user.cpu1 100
cpuinfo.nice.cpu1 0
cpuinfo.sys.cpu1 0
cpuinfo.wait.cpu1 0
cpuinfo.irq.cpu1 0
cpuinfo.soft.cpu1 0
cpuinfo.steal.cpu1 0
cpuinfo.idle.cpu1 0
cpuinfo.intrpt.cpu1 0
cputotals.systot.cpu1 0
cputotals.usertot.cpu1 100
Bogus data record skipped for NET:enp1s0: data on 20241211 at 17:08:25
sample.time 1733936906.001
cputotals.num 2
cputotals.user 96
cputotals.nice 0
cputotals.sys 0
cputotals.wait 0
cputotals.irq 0
cputotals.soft 0
cputotals.steal 4
cputotals.idle 0
cputotals.systot 4
cputotals.usertot 96
cputotals.total 100
ctxint.ctx 51
ctxint.int 500
proc.creates 0
proc.runq 174
proc.run 2
cpuload.avg1 0.45
cpuload.avg5 0.29
cpuload.avg15 0.58
disktotals.reads 0
disktotals.readkbs 0
disktotals.writes 0
disktotals.writekbs 0
meminfo.tot 4005808
meminfo.used 1041704
meminfo.free 2964104
meminfo.shared 0
meminfo.buf 23560
meminfo.cached 545292
meminfo.slab 77424
meminfo.map 102032
meminfo.anon 344240
meminfo.anonH 0
meminfo.dirty 9084
meminfo.locked 27620
meminfo.inactive 180964
meminfo.hugetot 0
meminfo.hugefree 0
meminfo.hugersvd 0
meminfo.sunreclaim 40588
swapinfo.total 2594812
swapinfo.free 2594812
swapinfo.used 0
swapinfo.in 0
swapinfo.out 0
pageinfo.fault 0
pageinfo.majfault 0
pageinfo.in 0
pageinfo.out 0
nettotals.kbin 0
nettotals.pktin 0
nettotals.kbout 0
nettotals.pktout 0
cpuinfo.user.cpu0 97
cpuinfo.nice.cpu0 0
cpuinfo.sys.cpu0 0
cpuinfo.wait.cpu0 0
cpuinfo.irq.cpu0 0
cpuinfo.soft.cpu0 0
cpuinfo.steal.cpu0 3
cpuinfo.idle.cpu0 0
cpuinfo.intrpt.cpu0 0
cputotals.systot.cpu0 3
cputotals.usertot.cpu0 97
cpuinfo.user.cpu1 95
cpuinfo.nice.cpu1 0
cpuinfo.sys.cpu1 0
cpuinfo.wait.cpu1 0
cpuinfo.irq.cpu1 0
cpuinfo.soft.cpu1 0
cpuinfo.steal.cpu1 5
cpuinfo.idle.cpu1 0
cpuinfo.intrpt.cpu1 0
cputotals.systot.cpu1 5
cputotals.usertot.cpu1 95
Bogus data record skipped for NET:enp1s0: data on 20241211 at 17:08:26
sample.time 1733936907.001
cputotals.num 2
cputotals.user 100
cputotals.nice 0
cputotals.sys 0
cputotals.wait 0
cputotals.irq 0
cputotals.soft 0
cputotals.steal 0
cputotals.idle 0
cputotals.systot 0
cputotals.usertot 100
cputotals.total 100
ctxint.ctx 59
ctxint.int 514
proc.creates 0
proc.runq 174
proc.run 2
cpuload.avg1 0.45
cpuload.avg5 0.29
cpuload.avg15 0.58
disktotals.reads 0
disktotals.readkbs 0
disktotals.writes 0
disktotals.writekbs 0
meminfo.tot 4005808
meminfo.used 1041704
meminfo.free 2964104
meminfo.shared 0
meminfo.buf 23560
meminfo.cached 545296
meminfo.slab 77424
meminfo.map 102032
meminfo.anon 344240
meminfo.anonH 0
meminfo.dirty 9088
meminfo.locked 27620
meminfo.inactive 180964
meminfo.hugetot 0
meminfo.hugefree 0
meminfo.hugersvd 0
meminfo.sunreclaim 40588
swapinfo.total 2594812
swapinfo.free 2594812
swapinfo.used 0
swapinfo.in 0
swapinfo.out 0
pageinfo.fault 0
pageinfo.majfault 0
pageinfo.in 0
pageinfo.out 0
nettotals.kbin 0
nettotals.pktin 0
nettotals.kbout 0
nettotals.pktout 0
cpuinfo.user.cpu0 100
cpuinfo.nice.cpu0 0
cpuinfo.sys.cpu0 0
cpuinfo.wait.cpu0 0
cpuinfo.irq.cpu0 0
cpuinfo.soft.cpu0 0
cpuinfo.steal.cpu0 0
cpuinfo.idle.cpu0 0
cpuinfo.intrpt.cpu0 0
cputotals.systot.cpu0 0
cputotals.usertot.cpu0 100
cpuinfo.user.cpu1 100
cpuinfo.nice.cpu1 0
cpuinfo.sys.cpu1 0
cpuinfo.wait.cpu1 0
cpuinfo.irq.cpu1 0
cpuinfo.soft.cpu1 0
cpuinfo.steal.cpu1 0
cpuinfo.idle.cpu1 0
cpuinfo.intrpt.cpu1 0
cputotals.systot.cpu1 0
cputotals.usertot.cpu1 100
Bogus data record skipped for NET:enp1s0: data on 20241211 at 17:08:27
sample.time 1733936908.001
cputotals.num 2
cputotals.user 99
cputotals.nice 0
cputotals.sys 0
cputotals.wait 0
cputotals.irq 0
cputotals.soft 0
cputotals.steal 1
cputotals.idle 0
cputotals.systot 1
cputotals.usertot 99
cputotals.total 100
ctxint.ctx 71
ctxint.int 516
proc.creates 0
proc.runq 174
proc.run 2
cpuload.avg1 0.45
cpuload.avg5 0.29
cpuload.avg15 0.58
disktotals.reads 0
disktotals.readkbs 0
disktotals.writes 3
disktotals.writekbs 12
meminfo.tot 4005808
meminfo.used 1041704
meminfo.free 2964104
meminfo.shared 0
meminfo.buf 23568
meminfo.cached 545296
meminfo.slab 77424
meminfo.map 102032
meminfo.anon 344240
meminfo.anonH 0
meminfo.dirty 9088
meminfo.locked 27620
meminfo.inactive 180964
meminfo.hugetot 0
meminfo.hugefree 0
meminfo.hugersvd 0
meminfo.sunreclaim 40588
swapinfo.total 2594812
swapinfo.free 2594812
swapinfo.used 0
swapinfo.in 0
swapinfo.out 0
pageinfo.fault 0
pageinfo.majfault 0
pageinfo.in 0
pageinfo.out 12
nettotals.kbin 0
nettotals.pktin 0
nettotals.kbout 0
nettotals.pktout 0
cpuinfo.user.cpu0 98
cpuinfo.nice.cpu0 0
cpuinfo.sys.cpu0 0
cpuinfo.wait.cpu0 0
cpuinfo.irq.cpu0 0
cpuinfo.soft.cpu0 0
cpuinfo.steal.cpu0 2
cpuinfo.idle.cpu0 0
cpuinfo.intrpt.cpu0 0
cputotals.systot.cpu0 2
cputotals.usertot.cpu0 98
cpuinfo.user.cpu1 98
cpuinfo.nice.cpu1 0
cpuinfo.sys.cpu1 1
cpuinfo.wait.cpu1 0
cpuinfo.irq.cpu1 0
cpuinfo.soft.cpu1 0
cpuinfo.steal.cpu1 1
cpuinfo.idle.cpu1 0
cpuinfo.intrpt.cpu1 0
cputotals.systot.cpu1 2
cputotals.usertot.cpu1 98
Bogus data record skipped for NET:enp1s0: data on 20241211 at 17:08:28
sample.time 1733936909.001
cputotals.num 2
cputotals.user 98
cputotals.nice 0
cputotals.sys 0
cputotals.wait 0
cputotals.irq 0
cputotals.soft 0
cputotals.steal 3
cputotals.idle 0
cputotals.systot 3
cputotals.usertot 98
cputotals.total 100
ctxint.ctx 49
ctxint.int 512
proc.creates 0
proc.runq 174
proc.run 2
cpuload.avg1 0.45
cpuload.avg5 0.29
cpuload.avg15 0.58
disktotals.reads 0
disktotals.readkbs 0
disktotals.writes 0
disktotals.writekbs 0
meminfo.tot 4005808
meminfo.used 1041704
meminfo.free 2964104
meminfo.shared 0
meminfo.buf 23568
meminfo.cached 545300
meminfo.slab 77424
meminfo.map 102032
meminfo.anon 344240
meminfo.anonH 0
meminfo.dirty 9092
meminfo.locked 27620
meminfo.inactive 180964
meminfo.hugetot 0
meminfo.hugefree 0
meminfo.hugersvd 0
meminfo.sunreclaim 40588
swapinfo.total 2594812
swapinfo.free 2594812
swapinfo.used 0
swapinfo.in 0
swapinfo.out 0
pageinfo.fault 0
pageinfo.majfault 0
pageinfo.in 0
pageinfo.out 0
nettotals.kbin 0
nettotals.pktin 0
nettotals.kbout 0
nettotals.pktout 0
cpuinfo.user.cpu0 98
cpuinfo.nice.cpu0 0
cpuinfo.sys.cpu0 0
cpuinfo.wait.cpu0 0
cpuinfo.irq.cpu0 0
cpuinfo.soft.cpu0 0
cpuinfo.steal.cpu0 2
cpuinfo.idle.cpu0 0
cpuinfo.intrpt.cpu0 0
cputotals.systot.cpu0 2
cputotals.usertot.cpu0 98
cpuinfo.user.cpu1 98
cpuinfo.nice.cpu1 0
cpuinfo.sys.cpu1 0
cpuinfo.wait.cpu1 0
cpuinfo.irq.cpu1 0
cpuinfo.soft.cpu1 0
cpuinfo.steal.cpu1 2
cpuinfo.idle.cpu1 0
cpuinfo.intrpt.cpu1 0
cputotals.systot.cpu1 2
cputotals.usertot.cpu1 98
Bogus data record skipped for NET:enp1s0: data on 20241211 at 17:08:29
sample.time 1733936910.001
cputotals.num 2
cputotals.user 100
cputotals.nice 0
cputotals.sys 0
cputotals.wait 0
cputotals.irq 0
cputotals.soft 0
cputotals.steal 0
cputotals.idle 0
cputotals.systot 0
cputotals.usertot 100
cputotals.total 100
ctxint.ctx 85
ctxint.int 518
proc.creates 0
proc.runq 174
proc.run 2
cpuload.avg1 0.45
cpuload.avg5 0.29
cpuload.avg15 0.58
disktotals.reads 0
disktotals.readkbs 0
disktotals.writes 0
disktotals.writekbs 0
meminfo.tot 4005808
meminfo.used 1041704
meminfo.free 2964104
meminfo.shared 0
meminfo.buf 23568
meminfo.cached 545300
meminfo.slab 77424
meminfo.map 102032
meminfo.anon 344240
meminfo.anonH 0
meminfo.dirty 9092
meminfo.locked 27620
meminfo.inactive 180964
meminfo.hugetot 0
meminfo.hugefree 0
meminfo.hugersvd 0
meminfo.sunreclaim 40588
swapinfo.total 2594812
swapinfo.free 2594812
swapinfo.used 0
swapinfo.in 0
swapinfo.out 0
pageinfo.fault 0
pageinfo.majfault 0
pageinfo.in 0
pageinfo.out 0
nettotals.kbin 0
nettotals.pktin 0
nettotals.kbout 0
nettotals.pktout 0
cpuinfo.user.cpu0 100
cpuinfo.nice.cpu0 0
cpuinfo.sys.cpu0 0
cpuinfo.wait.cpu0 0
cpuinfo.irq.cpu0 0
cpuinfo.soft.cpu0 0
cpuinfo.steal.cpu0 0
cpuinfo.idle.cpu0 0
cpuinfo.intrpt.cpu0 0
cputotals.systot.cpu0 0
cputotals.usertot.cpu0 100
cpuinfo.user.cpu1 100
cpuinfo.nice.cpu1 0
cpuinfo.sys.cpu1 0
cpuinfo.wait.cpu1 0
cpuinfo.irq.cpu1 0
cpuinfo.soft.cpu1 0
cpuinfo.steal.cpu1 0
cpuinfo.idle.cpu1 0
cpuinfo.intrpt.cpu1 0
cputotals.systot.cpu1 0
cputotals.usertot.cpu1 100
Bogus data record skipped for NET:enp1s0: data on 20241211 at 17:08:30
sample.time 1733936911.001
cputotals.num 2
cputotals.user 100
cputotals.nice 0
cputotals.sys 0
cputotals.wait 0
cputotals.irq 0
cputotals.soft 0
cputotals.steal 1
cputotals.idle 0
cputotals.systot 1
cputotals.usertot 100
cputotals.total 100
ctxint.ctx 51
ctxint.int 513
proc.creates 0
proc.runq 174
proc.run 2
cpuload.avg1 0.57
cpuload.avg5 0.32
cpuload.avg15 0.58
disktotals.reads 0
disktotals.readkbs 0
disktotals.writes 0
disktotals.writekbs 0
meminfo.tot 4005808
meminfo.used 1041704
meminfo.free 2964104
meminfo.shared 0
meminfo.buf 23568
meminfo.cached 545300
meminfo.slab 77424
meminfo.map 102032
meminfo.anon 344240
meminfo.anonH 0
meminfo.dirty 9092
meminfo.locked 27620
meminfo.inactive 180964
meminfo.hugetot 0
meminfo.hugefree 0
meminfo.hugersvd 0
meminfo.sunreclaim 40588
swapinfo.total 2594812
swapinfo.free 2594812
swapinfo.used 0
swapinfo.in 0
swapinfo.out 0
pageinfo.fault 0
pageinfo.majfault 0
pageinfo.in 0
pageinfo.out 0
nettotals.kbin 0
nettotals.pktin 0
nettotals.kbout 0
nettotals.pktout 0
cpuinfo.user.cpu0 99
cpuinfo.nice.cpu0 0
cpuinfo.sys.cpu0 0
cpuinfo.wait.cpu0 0
cpuinfo.irq.cpu0 0
cpuinfo.soft.cpu0 0
cpuinfo.steal.cpu0 1
cpuinfo.idle.cpu0 0
cpuinfo.intrpt.cpu0 0
cputotals.systot.cpu0 1
cputotals.usertot.cpu0 99
cpuinfo.user.cpu1 99
cpuinfo.nice.cpu1 0
cpuinfo.sys.cpu1 0
cpuinfo.wait.cpu1 0
cpuinfo.irq.cpu1 0
cpuinfo.soft.cpu1 0
cpuinfo.steal.cpu1 1
cpuinfo.idle.cpu1 0
cpuinfo.intrpt.cpu1 0
cputotals.systot.cpu1 1
cputotals.usertot.cpu1 99
Bogus data record skipped for NET:enp1s0: data on 20241211 at 17:08:31
sample.time 1733936912.001
cputotals.num 2
cputotals.user 100
cputotals.nice 0
cputotals.sys 0
cputotals.wait 0
cputotals.irq 0
cputotals.soft 0
cputotals.steal 1
cputotals.idle 0
cputotals.systot 1
cputotals.usertot 100
cputotals.total 100
ctxint.ctx 61
ctxint.int 513
proc.creates 0
proc.runq 174
proc.run 2
cpuload.avg1 0.57
cpuload.avg5 0.32
cpuload.avg15 0.58
disktotals.reads 0
disktotals.readkbs 0
disktotals.writes 0
disktotals.writekbs 0
meminfo.tot 4005808
meminfo.used 1041704
meminfo.free 2964104
meminfo.shared 0
meminfo.buf 23568
meminfo.cached 545304
meminfo.slab 77424
meminfo.map 102032
meminfo.anon 344240
meminfo.anonH 0
meminfo.dirty 9096
meminfo.locked 27620
meminfo.inactive 180964
meminfo.hugetot 0
meminfo.hugefree 0
meminfo.hugersvd 0
meminfo.sunreclaim 40588
swapinfo.total 2594812
swapinfo.free 2594812
swapinfo.used 0
swapinfo.in 0
swapinfo.out 0
pageinfo.fault 0
pageinfo.majfault 0
pageinfo.in 0
pageinfo.out 0
nettotals.kbin 0
nettotals.pktin 0
nettotals.kbout 0
nettotals.pktout 0
cpuinfo.user.cpu0 100
cpuinfo.nice.cpu0 0
cpuinfo.sys.cpu0 0
cpuinfo.wait.cpu0 0
cpuinfo.irq.cpu0 0
cpuinfo.soft.cpu0 0
cpuinfo.steal.cpu0 0
cpuinfo.idle.cpu0 0
cpuinfo.intrpt.cpu0 0
cputotals.systot.cpu0 0
cputotals.usertot.cpu0 100
cpuinfo.user.cpu1 100
cpuinfo.nice.cpu1 0
cpuinfo.sys.cpu1 0
cpuinfo.wait.cpu1 0
cpuinfo.irq.cpu1 0
cpuinfo.soft.cpu1 0
cpuinfo.steal.cpu1 0
cpuinfo.idle.cpu1 0
cpuinfo.intrpt.cpu1 0
cputotals.systot.cpu1 0
cputotals.usertot.cpu1 100
Bogus data record skipped for NET:enp1s0: data on 20241211 at 17:08:32
sample.time 1733936913.001
cputotals.num 2
cputotals.user 100
cputotals.nice 0
cputotals.sys 0
cputotals.wait 0
cputotals.irq 0
cputotals.soft 0
cputotals.steal 0
cputotals.idle 0
cputotals.systot 0
cputotals.usertot 100
cputotals.total 100
ctxint.ctx 66
ctxint.int 515
proc.creates 0
proc.runq 174
proc.run 2
cpuload.avg1 0.57
cpuload.avg5 0.32
cpuload.avg15 0.58
disktotals.reads 0
disktotals.readkbs 0
disktotals.writes 3
disktotals.writekbs 12
meminfo.tot 4005808
meminfo.used 1041704
meminfo.free 2964104
meminfo.shared 0
meminfo.buf 23576
meminfo.cached 545304
meminfo.slab 77424
meminfo.map 102032
meminfo.anon 344240
meminfo.anonH 0
meminfo.dirty 9096
meminfo.locked 27620
meminfo.inactive 180964
meminfo.hugetot 0
meminfo.hugefree 0
meminfo.hugersvd 0
meminfo.sunreclaim 40588
swapinfo.total 2594812
swapinfo.free 2594812
swapinfo.used 0
swapinfo.in 0
swapinfo.out 0
pageinfo.fault 0
pageinfo.majfault 0
pageinfo.in 0
pageinfo.out 12
nettotals.kbin 0
nettotals.pktin 0
nettotals.kbout 0
nettotals.pktout 0
cpuinfo.user.cpu0 100
cpuinfo.nice.cpu0 0
cpuinfo.sys.cpu0 0
cpuinfo.wait.cpu0 0
cpuinfo.irq.cpu0 0
cpuinfo.soft.cpu0 0
cpuinfo.steal.cpu0 0
cpuinfo.idle.cpu0 0
cpuinfo.intrpt.cpu0 0
cputotals.systot.cpu0 0
cputotals.usertot.cpu0 100
cpuinfo.user.cpu1 100
cpuinfo.nice.cpu1 0
cpuinfo.sys.cpu1 0
cpuinfo.wait.cpu1 0
cpuinfo.irq.cpu1 0
cpuinfo.soft.cpu1 0
cpuinfo.steal.cpu1 0
cpuinfo.idle.cpu1 0
cpuinfo.intrpt.cpu1 0
cputotals.systot.cpu1 0
cputotals.usertot.cpu1 100
Bogus data record skipped for NET:enp1s0: data on 20241211 at 17:08:33
sample.time 1733936914.001
cputotals.num 2
cputotals.user 100
cputotals.nice 0
cputotals.sys 0
cputotals.wait 0
cputotals.irq 0
cputotals.soft 0
cputotals.steal 1
cputotals.idle 0
cputotals.systot 1
cputotals.usertot 100
cputotals.total 100
ctxint.ctx 70
ctxint.int 514
proc.creates 0
proc.runq 174
proc.run 2
cpuload.avg1 0.57
cpuload.avg5 0.32
cpuload.avg15 0.58
disktotals.reads 0
disktotals.readkbs 0
disktotals.writes 0
disktotals.writekbs 0
meminfo.tot 4005808
meminfo.used 1041704
meminfo.free 2964104
meminfo.shared 0
meminfo.buf 23576
meminfo.cached 545304
meminfo.slab 77424
meminfo.map 102032
meminfo.anon 344240
meminfo.anonH 0
meminfo.dirty 9096
meminfo.locked 27620
meminfo.inactive 180964
meminfo.hugetot 0
meminfo.hugefree 0
meminfo.hugersvd 0
meminfo.sunreclaim 40588
swapinfo.total 2594812
swapinfo.free 2594812
swapinfo.used 0
swapinfo.in 0
swapinfo.out 0
pageinfo.fault 0
pageinfo.majfault 0
pageinfo.in 0
pageinfo.out 0
nettotals.kbin 0
nettotals.pktin 0
nettotals.kbout 0
nettotals.pktout 0
cpuinfo.user.cpu0 100
cpuinfo.nice.cpu0 0
cpuinfo.sys.cpu0 0
cpuinfo.wait.cpu0 0
cpuinfo.irq.cpu0 0
cpuinfo.soft.cpu0 0
cpuinfo.steal.cpu0 0
cpuinfo.idle.cpu0 0
cpuinfo.intrpt.cpu0 0
cputotals.systot.cpu0 0
cputotals.usertot.cpu0 100
cpuinfo.user.cpu1 99
cpuinfo.nice.cpu1 0
cpuinfo.sys.cpu1 0
cpuinfo.wait.cpu1 0
cpuinfo.irq.cpu1 0
cpuinfo.soft.cpu1 0
cpuinfo.steal.cpu1 1
cpuinfo.idle.cpu1 0
cpuinfo.intrpt.cpu1 0
cputotals.systot.cpu1 1
cputotals.usertot.cpu1 99
Bogus data record skipped for NET:enp1s0: data on 20241211 at 17:08:34
sample.time 1733936915.001
cputotals.num 2
cputotals.user 100
cputotals.nice 0
cputotals.sys 0
cputotals.wait 0
cputotals.irq 0
cputotals.soft 0
cputotals.steal 1
cputotals.idle 0
cputotals.systot 1
cputotals.usertot 100
cputotals.total 100
ctxint.ctx 47
ctxint.int 511
proc.creates 0
proc.runq 174
proc.run 2
cpuload.avg1 0.57
cpuload.avg5 0.32
cpuload.avg15 0.58
disktotals.reads 0
disktotals.readkbs 0
disktotals.writes 0
disktotals.writekbs 0
meminfo.tot 4005808
meminfo.used 1041704
meminfo.free 2964104
meminfo.shared 0
meminfo.buf 23576
meminfo.cached 545308
meminfo.slab 77424
meminfo.map 102032
meminfo.anon 344240
meminfo.anonH 0
meminfo.dirty 9100
meminfo.locked 27620
meminfo.inactive 180984
meminfo.hugetot 0
meminfo.hugefree 0
meminfo.hugersvd 0
meminfo.sunreclaim 40588
swapinfo.total 2594812
swapinfo.free 2594812
swapinfo.used 0
swapinfo.in 0
swapinfo.out 0
pageinfo.fault 0
pageinfo.majfault 0
pageinfo.in 0
pageinfo.out 0
nettotals.kbin 0
nettotals.pktin 0
nettotals.kbout 0
nettotals.pktout 0
cpuinfo.user.cpu0 99
cpuinfo.nice.cpu0 0
cpuinfo.sys.cpu0 0
cpuinfo.wait.cpu0 0
cpuinfo.irq.cpu0 0
cpuinfo.soft.cpu0 0
cpuinfo.steal.cpu0 1
cpuinfo.idle.cpu0 0
cpuinfo.intrpt.cpu0 0
cputotals.systot.cpu0 1
cputotals.usertot.cpu0 99
cpuinfo.user.cpu1 99
cpuinfo.nice.cpu1 0
cpuinfo.sys.cpu1 0
cpuinfo.wait.cpu1 0
cpuinfo.irq.cpu1 0
cpuinfo.soft.cpu1 0
cpuinfo.steal.cpu1 1
cpuinfo.idle.cpu1 0
cpuinfo.intrpt.cpu1 0
cputotals.systot.cpu1 1
cputotals.usertot.cpu1 99
Bogus data record skipped for NET:enp1s0: data on 20241211 at 17:08:35
sample.time 1733936916.001
cputotals.num 2
cputotals.user 99
cputotals.nice 0
cputotals.sys 0
cputotals.wait 0
cputotals.irq 0
cputotals.soft 0
cputotals.steal 1
cputotals.idle 0
cputotals.systot 1
cputotals.usertot 99
cputotals.total 100
ctxint.ctx 60
ctxint.int 512
proc.creates 0
proc.runq 174
proc.run 2
cpuload.avg1 0.69
cpuload.avg5 0.35
cpuload.avg15 0.59
disktotals.reads 0
disktotals.readkbs 0
disktotals.writes 0
disktotals.writekbs 0
meminfo.tot 4005808
meminfo.used 1041704
meminfo.free 2964104
meminfo.shared 0
meminfo.buf 23576
meminfo.cached 545308
meminfo.slab 77424
meminfo.map 102032
meminfo.anon 344240
meminfo.anonH 0
meminfo.dirty 9100
meminfo.locked 27620
meminfo.inactive 180984
meminfo.hugetot 0
meminfo.hugefree 0
meminfo.hugersvd 0
meminfo.sunreclaim 40588
swapinfo.total 2594812
swapinfo.free 2594812
swapinfo.used 0
swapinfo.in 0
swapinfo.out 0
pageinfo.fault 0
pageinfo.majfault 0
pageinfo.in 0
pageinfo.out 0
nettotals.kbin 0
nettotals.pktin 0
nettotals.kbout 0
nettotals.pktout 0
cpuinfo.user.cpu0 100
cpuinfo.nice.cpu0 0
cpuinfo.sys.cpu0 0
cpuinfo.wait.cpu0 0
cpuinfo.irq.cpu0 0
cpuinfo.soft.cpu0 0
cpuinfo.steal.cpu0 0
cpuinfo.idle.cpu0 0
cpuinfo.intrpt.cpu0 0
cputotals.systot.cpu0 0
cputotals.usertot.cpu0 100
cpuinfo.user.cpu1 99
cpuinfo.nice.cpu1 0
cpuinfo.sys.cpu1 0
cpuinfo.wait.cpu1 0
cpuinfo.irq.cpu1 0
cpuinfo.soft.cpu1 0
cpuinfo.steal.cpu1 1
cpuinfo.idle.cpu1 0
cpuinfo.intrpt.cpu1 0
cputotals.systot.cpu1 1
cputotals.usertot.cpu1 99
Bogus data record skipped for NET:enp1s0: data on 20241211 at 17:08:36
sample.time 1733936917.001
cputotals.num 2
cputotals.user 99
cputotals.nice 0
cputotals.sys 0
cputotals.wait 0
cputotals.irq 0
cputotals.soft 0
cputotals.steal 1
cputotals.idle 0
cputotals.systot 1
cputotals.usertot 99
cputotals.total 100
ctxint.ctx 76
ctxint.int 513
proc.creates 0
proc.runq 174
proc.run 2
cpuload.avg1 0.69
cpuload.avg5 0.35
cpuload.avg15 0.59
disktotals.reads 0
disktotals.readkbs 0
disktotals.writes 0
disktotals.writekbs 0
meminfo.tot 4005808
meminfo.used 1041704
meminfo.free 2964104
meminfo.shared 0
meminfo.buf 23576
meminfo.cached 545312
meminfo.slab 77424
meminfo.map 102032
meminfo.anon 344240
meminfo.anonH 0
meminfo.dirty 9104
meminfo.locked 27620
meminfo.inactive 180984
meminfo.hugetot 0
meminfo.hugefree 0
meminfo.hugersvd 0
meminfo.sunreclaim 40588
swapinfo.total 2594812
swapinfo.free 2594812
swapinfo.used 0
swapinfo.in 0
swapinfo.out 0
pageinfo.fault 0
pageinfo.majfault 0
pageinfo.in 0
pageinfo.out 0
nettotals.kbin 0
nettotals.pktin 0
nettotals.kbout 0
nettotals.pktout 0
cpuinfo.user.cpu0 98
cpuinfo.nice.cpu0 0
cpuinfo.sys.cpu0 0
cpuinfo.wait.cpu0 0
cpuinfo.irq.cpu0 0
cpuinfo.soft.cpu0 0
cpuinfo.steal.cpu0 2
cpuinfo.idle.cpu0 0
cpuinfo.intrpt.cpu0 0
cputotals.systot.cpu0 2
cputotals.usertot.cpu0 98
cpuinfo.user.cpu1 99
cpuinfo.nice.cpu1 0
cpuinfo.sys.cpu1 0
cpuinfo.wait.cpu1 0
cpuinfo.irq.cpu1 0
cpuinfo.soft.cpu1 0
cpuinfo.steal.cpu1 1
cpuinfo.idle.cpu1 0
cpuinfo.intrpt.cpu1 0
cputotals.systot.cpu1 1
cputotals.usertot.cpu1 99
Bogus data record skipped for NET:enp1s0: data on 20241211 at 17:08:37
sample.time 1733936918.001
cputotals.num 2
cputotals.user 100
cputotals.nice 0
cputotals.sys 0
cputotals.wait 0
cputotals.irq 0
cputotals.soft 0
cputotals.steal 1
cputotals.idle 0
cputotals.systot 1
cputotals.usertot 100
cputotals.total 100
ctxint.ctx 79
ctxint.int 517
proc.creates 0
proc.runq 174
proc.run 2
cpuload.avg1 0.69
cpuload.avg5 0.35
cpuload.avg15 0.59
disktotals.reads 0
disktotals.readkbs 0
disktotals.writes 3
disktotals.writekbs 12
meminfo.tot 4005808
meminfo.used 1041704
meminfo.free 2964104
meminfo.shared 0
meminfo.buf 23584
meminfo.cached 545312
meminfo.slab 77424
meminfo.map 102032
meminfo.anon 344240
meminfo.anonH 0
meminfo.dirty 9104
meminfo.locked 27620
meminfo.inactive 180984
meminfo.hugetot 0
meminfo.hugefree 0
meminfo.hugersvd 0
meminfo.sunreclaim 40588
swapinfo.total 2594812
swapinfo.free 2594812
swapinfo.used 0
swapinfo.in 0
swapinfo.out 0
pageinfo.fault 0
pageinfo.majfault 0
pageinfo.in 0
pageinfo.out 12
nettotals.kbin 0
nettotals.pktin 0
nettotals.kbout 0
nettotals.pktout 0
cpuinfo.user.cpu0 100
cpuinfo.nice.cpu0 0
cpuinfo.sys.cpu0 0
cpuinfo.wait.cpu0 0
cpuinfo.irq.cpu0 0
cpuinfo.soft.cpu0 0
cpuinfo.steal.cpu0 0
cpuinfo.idle.cpu0 0
cpuinfo.intrpt.cpu0 0
cputotals.systot.cpu0 0
cputotals.usertot.cpu0 100
cpuinfo.user.cpu1 99
cpuinfo.nice.cpu1 0
cpuinfo.sys.cpu1 0
cpuinfo.wait.cpu1 0
cpuinfo.irq.cpu1 0
cpuinfo.soft.cpu1 0
cpuinfo.steal.cpu1 1
cpuinfo.idle.cpu1 0
cpuinfo.intrpt.cpu1 0
cputotals.systot.cpu1 1
cputotals.usertot.cpu1 99
Bogus data record skipped for NET:enp1s0: data on 20241211 at 17:08:38
sample.time 1733936919.001
cputotals.num 2
cputotals.user 96
cputotals.nice 0
cputotals.sys 0
cputotals.wait 0
cputotals.irq 0
cputotals.soft 0
cputotals.steal 4
cputotals.idle 0
cputotals.systot 4
cputotals.usertot 96
cputotals.total 100
ctxint.ctx 55
ctxint.int 497
proc.creates 0
proc.runq 174
proc.run 2
cpuload.avg1 0.69
cpuload.avg5 0.35
cpuload.avg15 0.59
disktotals.reads 0
disktotals.readkbs 0
disktotals.writes 0
disktotals.writekbs 0
meminfo.tot 4005808
meminfo.used 1041704
meminfo.free 2964104
meminfo.shared 0
meminfo.buf 23584
meminfo.cached 545312
meminfo.slab 77424
meminfo.map 102032
meminfo.anon 344240
meminfo.anonH 0
meminfo.dirty 9104
meminfo.locked 27620
meminfo.inactive 180984
meminfo.hugetot 0
meminfo.hugefree 0
meminfo.hugersvd 0
meminfo.sunreclaim 40588
swapinfo.total 2594812
swapinfo.free 2594812
swapinfo.used 0
swapinfo.in 0
swapinfo.out 0
pageinfo.fault 0
pageinfo.majfault 0
pageinfo.in 0
pageinfo.out 0
nettotals.kbin 0
nettotals.pktin 0
nettotals.kbout 0
nettotals.pktout 0
cpuinfo.user.cpu0 98
cpuinfo.nice.cpu0 0
cpuinfo.sys.cpu0 0
cpuinfo.wait.cpu0 0
cpuinfo.irq.cpu0 0
cpuinfo.soft.cpu0 0
cpuinfo.steal.cpu0 2
cpuinfo.idle.cpu0 0
cpuinfo.intrpt.cpu0 0
cputotals.systot.cpu0 2
cputotals.usertot.cpu0 98
cpuinfo.user.cpu1 95
cpuinfo.nice.cpu1 0
cpuinfo.sys.cpu1 0
cpuinfo.wait.cpu1 0
cpuinfo.irq.cpu1 0
cpuinfo.soft.cpu1 0
cpuinfo.steal.cpu1 5
cpuinfo.idle.cpu1 0
cpuinfo.intrpt.cpu1 0
cputotals.systot.cpu1 5
cputotals.usertot.cpu1 95
Bogus data record skipped for NET:enp1s0: data on 20241211 at 17:08:39
sample.time 1733936920.001
cputotals.num 2
cputotals.user 97
cputotals.nice 0
cputotals.sys 0
cputotals.wait 0
cputotals.irq 0
cputotals.soft 0
cputotals.steal 3
cputotals.idle 0
cputotals.systot 3
cputotals.usertot 97
cputotals.total 100
ctxint.ctx 75
ctxint.int 504
proc.creates 1
proc.runq 175
proc.run 2
cpuload.avg1 0.69
cpuload.avg5 0.35
cpuload.avg15 0.59
disktotals.reads 0
disktotals.readkbs 0
disktotals.writes 0
disktotals.writekbs 0
meminfo.tot 4005808
meminfo.used 1041704
meminfo.free 2964104
meminfo.shared 0
meminfo.buf 23584
meminfo.cached 545316
meminfo.slab 77424
meminfo.map 102032
meminfo.anon 344240
meminfo.anonH 0
meminfo.dirty 9108
meminfo.locked 27620
meminfo.inactive 180984
meminfo.hugetot 0
meminfo.hugefree 0
meminfo.hugersvd 0
meminfo.sunreclaim 40588
swapinfo.total 2594812
swapinfo.free 2594812
swapinfo.used 0
swapinfo.in 0
swapinfo.out 0
pageinfo.fault 0
pageinfo.majfault 0
pageinfo.in 0
pageinfo.out 0
nettotals.kbin 0
nettotals.pktin 0
nettotals.kbout 0
nettotals.pktout 0
cpuinfo.user.cpu0 100
cpuinfo.nice.cpu0 0
cpuinfo.sys.cpu0 0
cpuinfo.wait.cpu0 0
cpuinfo.irq.cpu0 0
cpuinfo.soft.cpu0 0
cpuinfo.steal.cpu0 0
cpuinfo.idle.cpu0 0
cpuinfo.intrpt.cpu0 0
cputotals.systot.cpu0 0
cputotals.usertot.cpu0 100
cpuinfo.user.cpu1 94
cpuinfo.nice.cpu1 0
cpuinfo.sys.cpu1 0
cpuinfo.wait.cpu1 0
cpuinfo.irq.cpu1 0
cpuinfo.soft.cpu1 0
cpuinfo.steal.cpu1 6
cpuinfo.idle.cpu1 0
cpuinfo.intrpt.cpu1 0
cputotals.systot.cpu1 6
cputotals.usertot.cpu1 94
Bogus data record skipped for NET:enp1s0: data on 20241211 at 17:08:40
sample.time 1733936921.001
cputotals.num 2
cputotals.user 100
cputotals.nice 0
cputotals.sys 0
cputotals.wait 0
cputotals.irq 0
cputotals.soft 0
cputotals.steal 1
cputotals.idle 0
cputotals.systot 1
cputotals.usertot 100
cputotals.total 100
ctxint.ctx 71
ctxint.int 518
proc.creates 0
proc.runq 175
proc.run 2
cpuload.avg1 0.79
cpuload.avg5 0.38
cpuload.avg15 0.60
disktotals.reads 0
disktotals.readkbs 0
disktotals.writes 0
disktotals.writekbs 0
meminfo.tot 4005808
meminfo.used 1041704
meminfo.free 2964104
meminfo.shared 0
meminfo.buf 23584
meminfo.cached 545316
meminfo.slab 77424
meminfo.map 102032
meminfo.anon 344240
meminfo.anonH 0
meminfo.dirty 9108
meminfo.locked 27620
meminfo.inactive 180984
meminfo.hugetot 0
meminfo.hugefree 0
meminfo.hugersvd 0
meminfo.sunreclaim 40588
swapinfo.total 2594812
swapinfo.free 2594812
swapinfo.used 0
swapinfo.in 0
swapinfo.out 0
pageinfo.fault 0
pageinfo.majfault 0
pageinfo.in 0
pageinfo.out 0
nettotals.kbin 0
nettotals.pktin 0
nettotals.kbout 0
nettotals.pktout 0
cpuinfo.user.cpu0 99
cpuinfo.nice.cpu0 0
cpuinfo.sys.cpu0 0
cpuinfo.wait.cpu0 0
cpuinfo.irq.cpu0 0
cpuinfo.soft.cpu0 0
cpuinfo.steal.cpu0 1
cpuinfo.idle.cpu0 0
cpuinfo.intrpt.cpu0 0
cputotals.systot.cpu0 1
cputotals.usertot.cpu0 99
cpuinfo.user.cpu1 99
cpuinfo.nice.cpu1 0
cpuinfo.sys.cpu1 0
cpuinfo.wait.cpu1 0
cpuinfo.irq.cpu1 0
cpuinfo.soft.cpu1 0
cpuinfo.steal.cpu1 1
cpuinfo.idle.cpu1 0
cpuinfo.intrpt.cpu1 0
cputotals.systot.cpu1 1
cputotals.usertot.cpu1 99
Bogus data record skipped for NET:enp1s0: data on 20241211 at 17:08:41
sample.time 1733936922.008
cputotals.num 2
cputotals.user 99
cputotals.nice 0
cputotals.sys 0
cputotals.wait 0
cputotals.irq 0
cputotals.soft 0
cputotals.steal 1
cputotals.idle 0
cputotals.systot 1
cputotals.usertot 99
cputotals.total 100
ctxint.ctx 72
ctxint.int 514
proc.creates 0
proc.runq 175
proc.run 2
cpuload.avg1 0.79
cpuload.avg5 0.38
cpuload.avg15 0.60
disktotals.reads 0
disktotals.readkbs 0
disktotals.writes 21
disktotals.writekbs 139
meminfo.tot 4005808
meminfo.used 1041704
meminfo.free 2964104
meminfo.shared 0
meminfo.buf 23584
meminfo.cached 545316
meminfo.slab 77424
meminfo.map 102032
meminfo.anon 344240
meminfo.anonH 0
meminfo.dirty 8964
meminfo.locked 27620
meminfo.inactive 180984
meminfo.hugetot 0
meminfo.hugefree 0
meminfo.hugersvd 0
meminfo.sunreclaim 40588
swapinfo.total 2594812
swapinfo.free 2594812
swapinfo.used 0
swapinfo.in 0
swapinfo.out 0
pageinfo.fault 0
pageinfo.majfault 0
pageinfo.in 0
pageinfo.out 139
nettotals.kbin 0
nettotals.pktin 0
nettotals.kbout 0
nettotals.pktout 0
cpuinfo.user.cpu0 99
cpuinfo.nice.cpu0 0
cpuinfo.sys.cpu0 0
cpuinfo.wait.cpu0 0
cpuinfo.irq.cpu0 0
cpuinfo.soft.cpu0 0
cpuinfo.steal.cpu0 1
cpuinfo.idle.cpu0 0
cpuinfo.intrpt.cpu0 0
cputotals.systot.cpu0 1
cputotals.usertot.cpu0 99
cpuinfo.user.cpu1 98
cpuinfo.nice.cpu1 0
cpuinfo.sys.cpu1 0
cpuinfo.wait.cpu1 0
cpuinfo.irq.cpu1 0
cpuinfo.soft.cpu1 0
cpuinfo.steal.cpu1 2
cpuinfo.idle.cpu1 0
cpuinfo.intrpt.cpu1 0
cputotals.systot.cpu1 2
cputotals.usertot.cpu1 98
Bogus data record skipped for NET:enp1s0: data on 20241211 at 17:08:42
sample.time 1733936923.001
cputotals.num 2
cputotals.user 99
cputotals.nice 0
cputotals.sys 0
cputotals.wait 0
cputotals.irq 0
cputotals.soft 0
cputotals.steal 1
cputotals.idle 0
cputotals.systot 1
cputotals.usertot 99
cputotals.total 100
ctxint.ctx 99
ctxint.int 523
proc.creates 0
proc.runq 175
proc.run 2
cpuload.avg1 0.79
cpuload.avg5 0.38
cpuload.avg15 0.60
disktotals.reads 0
disktotals.readkbs 0
disktotals.writes 19
disktotals.writekbs 9043
meminfo.tot 4005808
meminfo.used 1041704
meminfo.free 2964104
meminfo.shared 0
meminfo.buf 23592
meminfo.cached 545320
meminfo.slab 77424
meminfo.map 102032
meminfo.anon 344240
meminfo.anonH 0
meminfo.dirty 0
meminfo.locked 27620
meminfo.inactive 180984
meminfo.hugetot 0
meminfo.hugefree 0
meminfo.hugersvd 0
meminfo.sunreclaim 40588
swapinfo.total 2594812
swapinfo.free 2594812
swapinfo.used 0
swapinfo.in 0
swapinfo.out 0
pageinfo.fault 0
pageinfo.majfault 0
pageinfo.in 0
pageinfo.out 9043
nettotals.kbin 0
nettotals.pktin 0
nettotals.kbout 0
nettotals.pktout 0
cpuinfo.user.cpu0 100
cpuinfo.nice.cpu0 0
cpuinfo.sys.cpu0 0
cpuinfo.wait.cpu0 0
cpuinfo.irq.cpu0 0
cpuinfo.soft.cpu0 0
cpuinfo.steal.cpu0 0
cpuinfo.idle.cpu0 0
cpuinfo.intrpt.cpu0 0
cputotals.systot.cpu0 0
cputotals.usertot.cpu0 100
cpuinfo.user.cpu1 99
cpuinfo.nice.cpu1 0
cpuinfo.sys.cpu1 0
cpuinfo.wait.cpu1 0
cpuinfo.irq.cpu1 0
cpuinfo.soft.cpu1 0
cpuinfo.steal.cpu1 1
cpuinfo.idle.cpu1 0
cpuinfo.intrpt.cpu1 0
cputotals.systot.cpu1 1
cputotals.usertot.cpu1 99
Bogus data record skipped for NET:enp1s0: data on 20241211 at 17:08:43
sample.time 1733936924.001
cputotals.num 2
cputotals.user 98
cputotals.nice 0
cputotals.sys 0
cputotals.wait 0
cputotals.irq 0
cputotals.soft 0
cputotals.steal 2
cputotals.idle 0
cputotals.systot 2
cputotals.usertot 98
cputotals.total 100
ctxint.ctx 85
ctxint.int 511
proc.creates 0
proc.runq 175
proc.run 2
cpuload.avg1 0.79
cpuload.avg5 0.38
cpuload.avg15 0.60
disktotals.reads 0
disktotals.readkbs 0
disktotals.writes 0
disktotals.writekbs 0
meminfo.tot 4005808
meminfo.used 1041704
meminfo.free 2964104
meminfo.shared 0
meminfo.buf 23592
meminfo.cached 545320
meminfo.slab 77424
meminfo.map 102032
meminfo.anon 344240
meminfo.anonH 0
meminfo.dirty 4
meminfo.locked 27620
meminfo.inactive 180984
meminfo.hugetot 0
meminfo.hugefree 0
meminfo.hugersvd 0
meminfo.sunreclaim 40588
swapinfo.total 2594812
swapinfo.free 2594812
swapinfo.used 0
swapinfo.in 0
swapinfo.out 0
pageinfo.fault 0
pageinfo.majfault 0
pageinfo.in 0
pageinfo.out 0
nettotals.kbin 0
nettotals.pktin 0
nettotals.kbout 0
nettotals.pktout 0
cpuinfo.user.cpu0 99
cpuinfo.nice.cpu0 0
cpuinfo.sys.cpu0 0
cpuinfo.wait.cpu0 0
cpuinfo.irq.cpu0 0
cpuinfo.soft.cpu0 0
cpuinfo.steal.cpu0 1
cpuinfo.idle.cpu0 0
cpuinfo.intrpt.cpu0 0
cputotals.systot.cpu0 1
cputotals.usertot.cpu0 99
cpuinfo.user.cpu1 97
cpuinfo.nice.cpu1 0
cpuinfo.sys.cpu1 0
cpuinfo.wait.cpu1 0
cpuinfo.irq.cpu1 0
cpuinfo.soft.cpu1 0
cpuinfo.steal.cpu1 3
cpuinfo.idle.cpu1 0
cpuinfo.intrpt.cpu1 0
cputotals.systot.cpu1 3
cputotals.usertot.cpu1 97
Bogus data record skipped for NET:enp1s0: data on 20241211 at 17:08:44
sample.time 1733936925.001
cputotals.num 2
cputotals.user 99
cputotals.nice 0
cputotals.sys 0
cputotals.wait 0
cputotals.irq 0
cputotals.soft 0
cputotals.steal 1
cputotals.idle 0
cputotals.systot 1
cputotals.usertot 99
cputotals.total 100
ctxint.ctx 46
ctxint.int 511
proc.creates 0
proc.runq 175
proc.run 2
cpuload.avg1 0.79
cpuload.avg5 0.38
cpuload.avg15 0.60
disktotals.reads 0
disktotals.readkbs 0
disktotals.writes 0
disktotals.writekbs 0
meminfo.tot 4005808
meminfo.used 1041704
meminfo.free 2964104
meminfo.shared 0
meminfo.buf 23592
meminfo.cached 545324
meminfo.slab 77424
meminfo.map 102032
meminfo.anon 344240
meminfo.anonH 0
meminfo.dirty 8
meminfo.locked 27620
meminfo.inactive 180984
meminfo.hugetot 0
meminfo.hugefree 0
meminfo.hugersvd 0
meminfo.sunreclaim 40588
swapinfo.total 2594812
swapinfo.free 2594812
swapinfo.used 0
swapinfo.in 0
swapinfo.out 0
pageinfo.fault 0
pageinfo.majfault 0
pageinfo.in 0
pageinfo.out 0
nettotals.kbin 0
nettotals.pktin 0
nettotals.kbout 0
nettotals.pktout 0
cpuinfo.user.cpu0 99
cpuinfo.nice.cpu0 0
cpuinfo.sys.cpu0 0
cpuinfo.wait.cpu0 0
cpuinfo.irq.cpu0 0
cpuinfo.soft.cpu0 0
cpuinfo.steal.cpu0 1
cpuinfo.idle.cpu0 0
cpuinfo.intrpt.cpu0 0
cputotals.systot.cpu0 1
cputotals.usertot.cpu0 99
cpuinfo.user.cpu1 99
cpuinfo.nice.cpu1 0
cpuinfo.sys.cpu1 0
cpuinfo.wait.cpu1 0
cpuinfo.irq.cpu1 0
cpuinfo.soft.cpu1 0
cpuinfo.steal.cpu1 1
cpuinfo.idle.cpu1 0
cpuinfo.intrpt.cpu1 0
cputotals.systot.cpu1 1
cputotals.usertot.cpu1 99
Bogus data record skipped for NET:enp1s0: data on 20241211 at 17:08:45
sample.time 1733936926.001
cputotals.num 2
cputotals.user 100
cputotals.nice 0
cputotals.sys 0
cputotals.wait 0
cputotals.irq 0
cputotals.soft 0
cputotals.steal 1
cputotals.idle 0
cputotals.systot 1
cputotals.usertot 100
cputotals.total 100
ctxint.ctx 57
ctxint.int 513
proc.creates 0
proc.runq 175
proc.run 2
cpuload.avg1 0.89
cpuload.avg5 0.41
cpuload.avg15 0.61
disktotals.reads 0
disktotals.readkbs 0
disktotals.writes 0
disktotals.writekbs 0
meminfo.tot 4005808
meminfo.used 1041704
meminfo.free 2964104
meminfo.shared 0
meminfo.buf 23592
meminfo.cached 545324
meminfo.slab 77424
meminfo.map 102032
meminfo.anon 344240
meminfo.anonH 0
meminfo.dirty 8
meminfo.locked 27620
meminfo.inactive 180984
meminfo.hugetot 0
meminfo.hugefree 0
meminfo.hugersvd 0
meminfo.sunreclaim 40588
swapinfo.total 2594812
swapinfo.free 2594812
swapinfo.used 0
swapinfo.in 0
swapinfo.out 0
pageinfo.fault 0
pageinfo.majfault 0
pageinfo.in 0
pageinfo.out 0
nettotals.kbin 0
nettotals.pktin 0
nettotals.kbout 0
nettotals.pktout 0
cpuinfo.user.cpu0 99
cpuinfo.nice.cpu0 0
cpuinfo.sys.cpu0 0
cpuinfo.wait.cpu0 0
cpuinfo.irq.cpu0 0
cpuinfo.soft.cpu0 0
cpuinfo.steal.cpu0 1
cpuinfo.idle.cpu0 0
cpuinfo.intrpt.cpu0 0
cputotals.systot.cpu0 1
cputotals.usertot.cpu0 99
cpuinfo.user.cpu1 99
cpuinfo.nice.cpu1 0
cpuinfo.sys.cpu1 0
cpuinfo.wait.cpu1 0
cpuinfo.irq.cpu1 0
cpuinfo.soft.cpu1 0
cpuinfo.steal.cpu1 1
cpuinfo.idle.cpu1 0
cpuinfo.intrpt.cpu1 0
cputotals.systot.cpu1 1
cputotals.usertot.cpu1 99
Bogus data record skipped for NET:enp1s0: data on 20241211 at 17:08:46
sample.time 1733936927.001
cputotals.num 2
cputotals.user 99
cputotals.nice 0
cputotals.sys 0
cputotals.wait 0
cputotals.irq 0
cputotals.soft 0
cputotals.steal 2
cputotals.idle 0
cputotals.systot 2
cputotals.usertot 99
cputotals.total 100
ctxint.ctx 52
ctxint.int 510
proc.creates 0
proc.runq 175
proc.run 2
cpuload.avg1 0.89
cpuload.avg5 0.41
cpuload.avg15 0.61
disktotals.reads 0
disktotals.readkbs 0
disktotals.writes 0
disktotals.writekbs 0
meminfo.tot 4005808
meminfo.used 1041704
meminfo.free 2964104
meminfo.shared 0
meminfo.buf 23592
meminfo.cached 545324
meminfo.slab 77424
meminfo.map 102032
meminfo.anon 344240
meminfo.anonH 0
meminfo.dirty 8
meminfo.locked 27620
meminfo.inactive 180984
meminfo.hugetot 0
meminfo.hugefree 0
meminfo.hugersvd 0
meminfo.sunreclaim 40588
swapinfo.total 2594812
swapinfo.free 2594812
swapinfo.used 0
swapinfo.in 0
swapinfo.out 0
pageinfo.fault 0
pageinfo.majfault 0
pageinfo.in 0
pageinfo.out 0
nettotals.kbin 0
nettotals.pktin 0
nettotals.kbout 0
nettotals.pktout 0
cpuinfo.user.cpu0 99
cpuinfo.nice.cpu0 0
cpuinfo.sys.cpu0 0
cpuinfo.wait.cpu0 0
cpuinfo.irq.cpu0 0
cpuinfo.soft.cpu0 0
cpuinfo.steal.cpu0 1
cpuinfo.idle.cpu0 0
cpuinfo.intrpt.cpu0 0
cputotals.systot.cpu0 1
cputotals.usertot.cpu0 99
cpuinfo.user.cpu1 98
cpuinfo.nice.cpu1 0
cpuinfo.sys.cpu1 1
cpuinfo.wait.cpu1 0
cpuinfo.irq.cpu1 0
cpuinfo.soft.cpu1 0
cpuinfo.steal.cpu1 1
cpuinfo.idle.cpu1 0
cpuinfo.intrpt.cpu1 0
cputotals.systot.cpu1 2
cputotals.usertot.cpu1 98
Bogus data record skipped for NET:enp1s0: data on 20241211 at 17:08:47
sample.time 1733936928.001
cputotals.num 2
cputotals.user 98
cputotals.nice 0
cputotals.sys 0
cputotals.wait 0
cputotals.irq 0
cputotals.soft 0
cputotals.steal 3
cputotals.idle 0
cputotals.systot 3
cputotals.usertot 98
cputotals.total 100
ctxint.ctx 73
ctxint.int 513
proc.creates 0
proc.runq 175
proc.run 2
cpuload.avg1 0.89
cpuload.avg5 0.41
cpuload.avg15 0.61
disktotals.reads 0
disktotals.readkbs 0
disktotals.writes 3
disktotals.writekbs 36
meminfo.tot 4005808
meminfo.used 1041704
meminfo.free 2964104
meminfo.shared 0
meminfo.buf 23600
meminfo.cached 545320
meminfo.slab 77424
meminfo.map 102032
meminfo.anon 344240
meminfo.anonH 0
meminfo.dirty 12
meminfo.locked 27620
meminfo.inactive 180984
meminfo.hugetot 0
meminfo.hugefree 0
meminfo.hugersvd 0
meminfo.sunreclaim 40588
swapinfo.total 2594812
swapinfo.free 2594812
swapinfo.used 0
swapinfo.in 0
swapinfo.out 0
pageinfo.fault 0
pageinfo.majfault 0
pageinfo.in 0
pageinfo.out 36
nettotals.kbin 0
nettotals.pktin 0
nettotals.kbout 0
nettotals.pktout 0
cpuinfo.user.cpu0 100
cpuinfo.nice.cpu0 0
cpuinfo.sys.cpu0 0
cpuinfo.wait.cpu0 0
cpuinfo.irq.cpu0 0
cpuinfo.soft.cpu0 0
cpuinfo.steal.cpu0 0
cpuinfo.idle.cpu0 0
cpuinfo.intrpt.cpu0 0
cputotals.systot.cpu0 0
cputotals.usertot.cpu0 100
cpuinfo.user.cpu1 95
cpuinfo.nice.cpu1 0
cpuinfo.sys.cpu1 0
cpuinfo.wait.cpu1 0
cpuinfo.irq.cpu1 0
cpuinfo.soft.cpu1 0
cpuinfo.steal.cpu1 5
cpuinfo.idle.cpu1 0
cpuinfo.intrpt.cpu1 0
cputotals.systot.cpu1 5
cputotals.usertot.cpu1 95
Bogus data record skipped for NET:enp1s0: data on 20241211 at 17:08:48
sample.time 1733936929.001
cputotals.num 2
cputotals.user 100
cputotals.nice 0
cputotals.sys 0
cputotals.wait 0
cputotals.irq 0
cputotals.soft 0
cputotals.steal 0
cputotals.idle 0
cputotals.systot 0
cputotals.usertot 100
cputotals.total 100
ctxint.ctx 51
ctxint.int 512
proc.creates 0
proc.runq 175
proc.run 2
cpuload.avg1 0.89
cpuload.avg5 0.41
cpuload.avg15 0.61
disktotals.reads 0
disktotals.readkbs 0
disktotals.writes 0
disktotals.writekbs 0
meminfo.tot 4005808
meminfo.used 1041704
meminfo.free 2964104
meminfo.shared 0
meminfo.buf 23600
meminfo.cached 545328
meminfo.slab 77424
meminfo.map 102032
meminfo.anon 344240
meminfo.anonH 0
meminfo.dirty 40
meminfo.locked 27620
meminfo.inactive 180984
meminfo.hugetot 0
meminfo.hugefree 0
meminfo.hugersvd 0
meminfo.sunreclaim 40588
swapinfo.total 2594812
swapinfo.free 2594812
swapinfo.used 0
swapinfo.in 0
swapinfo.out 0
pageinfo.fault 0
pageinfo.majfault 0
pageinfo.in 0
pageinfo.out 0
nettotals.kbin 0
nettotals.pktin 0
nettotals.kbout 0
nettotals.pktout 0
cpuinfo.user.cpu0 99
cpuinfo.nice.cpu0 0
cpuinfo.sys.cpu0 0
cpuinfo.wait.cpu0 0
cpuinfo.irq.cpu0 0
cpuinfo.soft.cpu0 0
cpuinfo.steal.cpu0 1
cpuinfo.idle.cpu0 0
cpuinfo.intrpt.cpu0 0
cputotals.systot.cpu0 1
cputotals.usertot.cpu0 99
cpuinfo.user.cpu1 100
cpuinfo.nice.cpu1 0
cpuinfo.sys.cpu1 0
cpuinfo.wait.cpu1 0
cpuinfo.irq.cpu1 0
cpuinfo.soft.cpu1 0
cpuinfo.steal.cpu1 0
cpuinfo.idle.cpu1 0
cpuinfo.intrpt.cpu1 0
cputotals.systot.cpu1 0
cputotals.usertot.cpu1 100
Bogus data record skipped for NET:enp1s0: data on 20241211 at 17:08:49
sample.time 1733936930.001
cputotals.num 2
cputotals.user 97
cputotals.nice 0
cputotals.sys 0
cputotals.wait 0
cputotals.irq 0
cputotals.soft 0
cputotals.steal 4
cputotals.idle 0
cputotals.systot 4
cputotals.usertot 97
cputotals.total 100
ctxint.ctx 109
ctxint.int 505
proc.creates 0
proc.runq 175
proc.run 2
cpuload.avg1 0.89
cpuload.avg5 0.41
cpuload.avg15 0.61
disktotals.reads 0
disktotals.readkbs 0
disktotals.writes 0
disktotals.writekbs 0
meminfo.tot 4005808
meminfo.used 1041704
meminfo.free 2964104
meminfo.shared 0
meminfo.buf 23600
meminfo.cached 545328
meminfo.slab 77424
meminfo.map 102032
meminfo.anon 344240
meminfo.anonH 0
meminfo.dirty 40
meminfo.locked 27620
meminfo.inactive 180984
meminfo.hugetot 0
meminfo.hugefree 0
meminfo.hugersvd 0
meminfo.sunreclaim 40588
swapinfo.total 2594812
swapinfo.free 2594812
swapinfo.used 0
swapinfo.in 0
swapinfo.out 0
pageinfo.fault 0
pageinfo.majfault 0
pageinfo.in 0
pageinfo.out 0
nettotals.kbin 0
nettotals.pktin 0
nettotals.kbout 0
nettotals.pktout 0
cpuinfo.user.cpu0 100
cpuinfo.nice.cpu0 0
cpuinfo.sys.cpu0 0
cpuinfo.wait.cpu0 0
cpuinfo.irq.cpu0 0
cpuinfo.soft.cpu0 0
cpuinfo.steal.cpu0 0
cpuinfo.idle.cpu0 0
cpuinfo.intrpt.cpu0 0
cputotals.systot.cpu0 0
cputotals.usertot.cpu0 100
cpuinfo.user.cpu1 94
cpuinfo.nice.cpu1 0
cpuinfo.sys.cpu1 0
cpuinfo.wait.cpu1 0
cpuinfo.irq.cpu1 0
cpuinfo.soft.cpu1 0
cpuinfo.steal.cpu1 6
cpuinfo.idle.cpu1 0
cpuinfo.intrpt.cpu1 0
cputotals.systot.cpu1 6
cputotals.usertot.cpu1 94
Bogus data record skipped for NET:enp1s0: data on 20241211 at 17:08:50
sample.time 1733936931.001
cputotals.num 2
cputotals.user 98
cputotals.nice 0
cputotals.sys 0
cputotals.wait 0
cputotals.irq 0
cputotals.soft 0
cputotals.steal 2
cputotals.idle 0
cputotals.systot 2
cputotals.usertot 98
cputotals.total 100
ctxint.ctx 52
ctxint.int 509
proc.creates 0
proc.runq 175
proc.run 2
cpuload.avg1 0.98
cpuload.avg5 0.43
cpuload.avg15 0.61
disktotals.reads 0
disktotals.readkbs 0
disktotals.writes 0
disktotals.writekbs 0
meminfo.tot 4005808
meminfo.used 1041704
meminfo.free 2964104
meminfo.shared 0
meminfo.buf 23600
meminfo.cached 545332
meminfo.slab 77424
meminfo.map 102032
meminfo.anon 344240
meminfo.anonH 0
meminfo.dirty 44
meminfo.locked 27620
meminfo.inactive 180984
meminfo.hugetot 0
meminfo.hugefree 0
meminfo.hugersvd 0
meminfo.sunreclaim 40588
swapinfo.total 2594812
swapinfo.free 2594812
swapinfo.used 0
swapinfo.in 0
swapinfo.out 0
pageinfo.fault 0
pageinfo.majfault 0
pageinfo.in 0
pageinfo.out 0
nettotals.kbin 0
nettotals.pktin 0
nettotals.kbout 0
nettotals.pktout 0
cpuinfo.user.cpu0 99
cpuinfo.nice.cpu0 0
cpuinfo.sys.cpu0 0
cpuinfo.wait.cpu0 0
cpuinfo.irq.cpu0 0
cpuinfo.soft.cpu0 0
cpuinfo.steal.cpu0 1
cpuinfo.idle.cpu0 0
cpuinfo.intrpt.cpu0 0
cputotals.systot.cpu0 1
cputotals.usertot.cpu0 99
cpuinfo.user.cpu1 96
cpuinfo.nice.cpu1 0
cpuinfo.sys.cpu1 0
cpuinfo.wait.cpu1 0
cpuinfo.irq.cpu1 0
cpuinfo.soft.cpu1 0
cpuinfo.steal.cpu1 4
cpuinfo.idle.cpu1 0
cpuinfo.intrpt.cpu1 0
cputotals.systot.cpu1 4
cputotals.usertot.cpu1 96
Bogus data record skipped for NET:enp1s0: data on 20241211 at 17:08:51
sample.time 1733936932.001
cputotals.num 2
cputotals.user 100
cputotals.nice 0
cputotals.sys 0
cputotals.wait 0
cputotals.irq 0
cputotals.soft 0
cputotals.steal 0
cputotals.idle 0
cputotals.systot 0
cputotals.usertot 100
cputotals.total 100
ctxint.ctx 52
ctxint.int 511
proc.creates 0
proc.runq 175
proc.run 2
cpuload.avg1 0.98
cpuload.avg5 0.43
cpuload.avg15 0.61
disktotals.reads 0
disktotals.readkbs 0
disktotals.writes 0
disktotals.writekbs 0
meminfo.tot 4005808
meminfo.used 1041704
meminfo.free 2964104
meminfo.shared 0
meminfo.buf 23600
meminfo.cached 545332
meminfo.slab 77424
meminfo.map 102032
meminfo.anon 344240
meminfo.anonH 0
meminfo.dirty 44
meminfo.locked 27620
meminfo.inactive 180984
meminfo.hugetot 0
meminfo.hugefree 0
meminfo.hugersvd 0
meminfo.sunreclaim 40588
swapinfo.total 2594812
swapinfo.free 2594812
swapinfo.used 0
swapinfo.in 0
swapinfo.out 0
pageinfo.fault 0
pageinfo.majfault 0
pageinfo.in 0
pageinfo.out 0
nettotals.kbin 0
nettotals.pktin 0
nettotals.kbout 0
nettotals.pktout 0
cpuinfo.user.cpu0 100
cpuinfo.nice.cpu0 0
cpuinfo.sys.cpu0 0
cpuinfo.wait.cpu0 0
cpuinfo.irq.cpu0 0
cpuinfo.soft.cpu0 0
cpuinfo.steal.cpu0 0
cpuinfo.idle.cpu0 0
cpuinfo.intrpt.cpu0 0
cputotals.systot.cpu0 0
cputotals.usertot.cpu0 100
cpuinfo.user.cpu1 99
cpuinfo.nice.cpu1 0
cpuinfo.sys.cpu1 0
cpuinfo.wait.cpu1 0
cpuinfo.irq.cpu1 0
cpuinfo.soft.cpu1 0
cpuinfo.steal.cpu1 1
cpuinfo.idle.cpu1 0
cpuinfo.intrpt.cpu1 0
cputotals.systot.cpu1 1
cputotals.usertot.cpu1 99
Bogus data record skipped for NET:enp1s0: data on 20241211 at 17:08:52
sample.time 1733936933.001
cputotals.num 2
cputotals.user 98
cputotals.nice 0
cputotals.sys 0
cputotals.wait 0
cputotals.irq 0
cputotals.soft 0
cputotals.steal 2
cputotals.idle 0
cputotals.systot 2
cputotals.usertot 98
cputotals.total 100
ctxint.ctx 59
ctxint.int 511
proc.creates 0
proc.runq 175
proc.run 2
cpuload.avg1 0.98
cpuload.avg5 0.43
cpuload.avg15 0.61
disktotals.reads 0
disktotals.readkbs 0
disktotals.writes 0
disktotals.writekbs 0
meminfo.tot 4005808
meminfo.used 1041704
meminfo.free 2964104
meminfo.shared 0
meminfo.buf 23600
meminfo.cached 545336
meminfo.slab 77424
meminfo.map 102032
meminfo.anon 344240
meminfo.anonH 0
meminfo.dirty 48
meminfo.locked 27620
meminfo.inactive 180984
meminfo.hugetot 0
meminfo.hugefree 0
meminfo.hugersvd 0
meminfo.sunreclaim 40588
swapinfo.total 2594812
swapinfo.free 2594812
swapinfo.used 0
swapinfo.in 0
swapinfo.out 0
pageinfo.fault 0
pageinfo.majfault 0
pageinfo.in 0
pageinfo.out 0
nettotals.kbin 0
nettotals.pktin 0
nettotals.kbout 0
nettotals.pktout 0
cpuinfo.user.cpu0 98
cpuinfo.nice.cpu0 0
cpuinfo.sys.cpu0 0
cpuinfo.wait.cpu0 0
cpuinfo.irq.cpu0 0
cpuinfo.soft.cpu0 0
cpuinfo.steal.cpu0 2
cpuinfo.idle.cpu0 0
cpuinfo.intrpt.cpu0 0
cputotals.systot.cpu0 2
cputotals.usertot.cpu0 98
cpuinfo.user.cpu1 98
cpuinfo.nice.cpu1 0
cpuinfo.sys.cpu1 0
cpuinfo.wait.cpu1 0
cpuinfo.irq.cpu1 0
cpuinfo.soft.cpu1 0
cpuinfo.steal.cpu1 2
cpuinfo.idle.cpu1 0
cpuinfo.intrpt.cpu1 0
cputotals.systot.cpu1 2
cputotals.usertot.cpu1 98
Bogus data record skipped for NET:enp1s0: data on 20241211 at 17:08:53
sample.time 1733936934.004
cputotals.num 2
cputotals.user 99
cputotals.nice 0
cputotals.sys 0
cputotals.wait 0
cputotals.irq 0
cputotals.soft 0
cputotals.steal 1
cputotals.idle 0
cputotals.systot 1
cputotals.usertot 99
cputotals.total 100
ctxint.ctx 79
ctxint.int 516
proc.creates 0
proc.runq 175
proc.run 2
cpuload.avg1 0.98
cpuload.avg5 0.43
cpuload.avg15 0.61
disktotals.reads 0
disktotals.readkbs 0
disktotals.writes 3
disktotals.writekbs 12
meminfo.tot 4005808
meminfo.used 1041704
meminfo.free 2964104
meminfo.shared 0
meminfo.buf 23608
meminfo.cached 545336
meminfo.slab 77424
meminfo.map 102032
meminfo.anon 344240
meminfo.anonH 0
meminfo.dirty 48
meminfo.locked 27620
meminfo.inactive 181016
meminfo.hugetot 0
meminfo.hugefree 0
meminfo.hugersvd 0
meminfo.sunreclaim 40588
swapinfo.total 2594812
swapinfo.free 2594812
swapinfo.used 0
swapinfo.in 0
swapinfo.out 0
pageinfo.fault 0
pageinfo.majfault 0
pageinfo.in 0
pageinfo.out 12
nettotals.kbin 0
nettotals.pktin 0
nettotals.kbout 0
nettotals.pktout 0
cpuinfo.user.cpu0 100
cpuinfo.nice.cpu0 0
cpuinfo.sys.cpu0 0
cpuinfo.wait.cpu0 0
cpuinfo.irq.cpu0 0
cpuinfo.soft.cpu0 0
cpuinfo.steal.cpu0 0
cpuinfo.idle.cpu0 0
cpuinfo.intrpt.cpu0 0
cputotals.systot.cpu0 0
cputotals.usertot.cpu0 100
cpuinfo.user.cpu1 99
cpuinfo.nice.cpu1 0
cpuinfo.sys.cpu1 0
cpuinfo.wait.cpu1 0
cpuinfo.irq.cpu1 0
cpuinfo.soft.cpu1 0
cpuinfo.steal.cpu1 1
cpuinfo.idle.cpu1 0
cpuinfo.intrpt.cpu1 0
cputotals.systot.cpu1 1
cputotals.usertot.cpu1 99
Bogus data record skipped for NET:enp1s0: data on 20241211 at 17:08:54
sample.time 1733936935.001
cputotals.num 2
cputotals.user 100
cputotals.nice 0
cputotals.sys 0
cputotals.wait 0
cputotals.irq 0
cputotals.soft 0
cputotals.steal 0
cputotals.idle 0
cputotals.systot 0
cputotals.usertot 100
cputotals.total 100
ctxint.ctx 48
ctxint.int 510
proc.creates 0
proc.runq 175
proc.run 2
cpuload.avg1 0.98
cpuload.avg5 0.43
cpuload.avg15 0.61
disktotals.reads 0
disktotals.readkbs 0
disktotals.writes 0
disktotals.writekbs 0
meminfo.tot 4005808
meminfo.used 1041704
meminfo.free 2964104
meminfo.shared 0
meminfo.buf 23608
meminfo.cached 545336
meminfo.slab 77424
meminfo.map 102032
meminfo.anon 344240
meminfo.anonH 0
meminfo.dirty 48
meminfo.locked 27620
meminfo.inactive 181016
meminfo.hugetot 0
meminfo.hugefree 0
meminfo.hugersvd 0
meminfo.sunreclaim 40588
swapinfo.total 2594812
swapinfo.free 2594812
swapinfo.used 0
swapinfo.in 0
swapinfo.out 0
pageinfo.fault 0
pageinfo.majfault 0
pageinfo.in 0
pageinfo.out 0
nettotals.kbin 0
nettotals.pktin 0
nettotals.kbout 0
nettotals.pktout 0
cpuinfo.user.cpu0 100
cpuinfo.nice.cpu0 0
cpuinfo.sys.cpu0 0
cpuinfo.wait.cpu0 0
cpuinfo.irq.cpu0 0
cpuinfo.soft.cpu0 0
cpuinfo.steal.cpu0 0
cpuinfo.idle.cpu0 0
cpuinfo.intrpt.cpu0 0
cputotals.systot.cpu0 0
cputotals.usertot.cpu0 100
cpuinfo.user.cpu1 100
cpuinfo.nice.cpu1 0
cpuinfo.sys.cpu1 0
cpuinfo.wait.cpu1 0
cpuinfo.irq.cpu1 0
cpuinfo.soft.cpu1 0
cpuinfo.steal.cpu1 0
cpuinfo.idle.cpu1 0
cpuinfo.intrpt.cpu1 0
cputotals.systot.cpu1 0
cputotals.usertot.cpu1 100
Bogus data record skipped for NET:enp1s0: data on 20241211 at 17:08:55
sample.time 1733936936.001
cputotals.num 2
cputotals.user 93
cputotals.nice 0
cputotals.sys 0
cputotals.wait 0
cputotals.irq 0
cputotals.soft 0
cputotals.steal 7
cputotals.idle 0
cputotals.systot 7
cputotals.usertot 93
cputotals.total 100
ctxint.ctx 91
ctxint.int 501
proc.creates 0
proc.runq 174
proc.run 2
cpuload.avg1 1.06
cpuload.avg5 0.46
cpuload.avg15 0.62
disktotals.reads 0
disktotals.readkbs 0
disktotals.writes 0
disktotals.writekbs 0
meminfo.tot 4005808
meminfo.used 1041704
meminfo.free 2964104
meminfo.shared 0
meminfo.buf 23608
meminfo.cached 545340
meminfo.slab 77424
meminfo.map 102032
meminfo.anon 344240
meminfo.anonH 0
meminfo.dirty 52
meminfo.locked 27620
meminfo.inactive 181016
meminfo.hugetot 0
meminfo.hugefree 0
meminfo.hugersvd 0
meminfo.sunreclaim 40588
swapinfo.total 2594812
swapinfo.free 2594812
swapinfo.used 0
swapinfo.in 0
swapinfo.out 0
pageinfo.fault 0
pageinfo.majfault 0
pageinfo.in 0
pageinfo.out 0
nettotals.kbin 0
nettotals.pktin 0
nettotals.kbout 0
nettotals.pktout 0
cpuinfo.user.cpu0 94
cpuinfo.nice.cpu0 0
cpuinfo.sys.cpu0 0
cpuinfo.wait.cpu0 0
cpuinfo.irq.cpu0 0
cpuinfo.soft.cpu0 0
cpuinfo.steal.cpu0 6
cpuinfo.idle.cpu0 0
cpuinfo.intrpt.cpu0 0
cputotals.systot.cpu0 6
cputotals.usertot.cpu0 94
cpuinfo.user.cpu1 91
cpuinfo.nice.cpu1 0
cpuinfo.sys.cpu1 0
cpuinfo.wait.cpu1 0
cpuinfo.irq.cpu1 0
cpuinfo.soft.cpu1 0
cpuinfo.steal.cpu1 9
cpuinfo.idle.cpu1 0
cpuinfo.intrpt.cpu1 0
cputotals.systot.cpu1 9
cputotals.usertot.cpu1 91
Bogus data record skipped for NET:enp1s0: data on 20241211 at 17:08:56
sample.time 1733936937.001
cputotals.num 2
cputotals.user 100
cputotals.nice 0
cputotals.sys 0
cputotals.wait 0
cputotals.irq 0
cputotals.soft 0
cputotals.steal 1
cputotals.idle 0
cputotals.systot 1
cputotals.usertot 100
cputotals.total 100
ctxint.ctx 85
ctxint.int 512
proc.creates 0
proc.runq 174
proc.run 2
cpuload.avg1 1.06
cpuload.avg5 0.46
cpuload.avg15 0.62
disktotals.reads 0
disktotals.readkbs 0
disktotals.writes 0
disktotals.writekbs 0
meminfo.tot 4005808
meminfo.used 1041704
meminfo.free 2964104
meminfo.shared 0
meminfo.buf 23608
meminfo.cached 545340
meminfo.slab 77424
meminfo.map 102032
meminfo.anon 344240
meminfo.anonH 0
meminfo.dirty 52
meminfo.locked 27620
meminfo.inactive 181016
meminfo.hugetot 0
meminfo.hugefree 0
meminfo.hugersvd 0
meminfo.sunreclaim 40588
swapinfo.total 2594812
swapinfo.free 2594812
swapinfo.used 0
swapinfo.in 0
swapinfo.out 0
pageinfo.fault 0
pageinfo.majfault 0
pageinfo.in 0
pageinfo.out 0
nettotals.kbin 0
nettotals.pktin 0
nettotals.kbout 0
nettotals.pktout 0
cpuinfo.user.cpu0 100
cpuinfo.nice.cpu0 0
cpuinfo.sys.cpu0 0
cpuinfo.wait.cpu0 0
cpuinfo.irq.cpu0 0
cpuinfo.soft.cpu0 0
cpuinfo.steal.cpu0 0
cpuinfo.idle.cpu0 0
cpuinfo.intrpt.cpu0 0
cputotals.systot.cpu0 0
cputotals.usertot.cpu0 100
cpuinfo.user.cpu1 100
cpuinfo.nice.cpu1 0
cpuinfo.sys.cpu1 0
cpuinfo.wait.cpu1 0
cpuinfo.irq.cpu1 0
cpuinfo.soft.cpu1 0
cpuinfo.steal.cpu1 0
cpuinfo.idle.cpu1 0
cpuinfo.intrpt.cpu1 0
cputotals.systot.cpu1 0
cputotals.usertot.cpu1 100
Bogus data record skipped for NET:enp1s0: data on 20241211 at 17:08:57
sample.time 1733936938.001
cputotals.num 2
cputotals.user 99
cputotals.nice 0
cputotals.sys 0
cputotals.wait 0
cputotals.irq 0
cputotals.soft 0
cputotals.steal 1
cputotals.idle 0
cputotals.systot 1
cputotals.usertot 99
cputotals.total 100
ctxint.ctx 66
ctxint.int 512
proc.creates 0
proc.runq 174
proc.run 2
cpuload.avg1 1.06
cpuload.avg5 0.46
cpuload.avg15 0.62
disktotals.reads 0
disktotals.readkbs 0
disktotals.writes 0
disktotals.writekbs 0
meminfo.tot 4005808
meminfo.used 1041704
meminfo.free 2964104
meminfo.shared 0
meminfo.buf 23608
meminfo.cached 545344
meminfo.slab 77424
meminfo.map 102032
meminfo.anon 344240
meminfo.anonH 0
meminfo.dirty 56
meminfo.locked 27620
meminfo.inactive 181016
meminfo.hugetot 0
meminfo.hugefree 0
meminfo.hugersvd 0
meminfo.sunreclaim 40588
swapinfo.total 2594812
swapinfo.free 2594812
swapinfo.used 0
swapinfo.in 0
swapinfo.out 0
pageinfo.fault 0
pageinfo.majfault 0
pageinfo.in 0
pageinfo.out 0
nettotals.kbin 0
nettotals.pktin 0
nettotals.kbout 0
nettotals.pktout 0
cpuinfo.user.cpu0 99
cpuinfo.nice.cpu0 0
cpuinfo.sys.cpu0 0
cpuinfo.wait.cpu0 0
cpuinfo.irq.cpu0 0
cpuinfo.soft.cpu0 0
cpuinfo.steal.cpu0 1
cpuinfo.idle.cpu0 0
cpuinfo.intrpt.cpu0 0
cputotals.systot.cpu0 1
cputotals.usertot.cpu0 99
cpuinfo.user.cpu1 98
cpuinfo.nice.cpu1 0
cpuinfo.sys.cpu1 0
cpuinfo.wait.cpu1 0
cpuinfo.irq.cpu1 0
cpuinfo.soft.cpu1 0
cpuinfo.steal.cpu1 2
cpuinfo.idle.cpu1 0
cpuinfo.intrpt.cpu1 0
cputotals.systot.cpu1 2
cputotals.usertot.cpu1 98
Bogus data record skipped for NET:enp1s0: data on 20241211 at 17:08:58
sample.time 1733936939.001
cputotals.num 2
cputotals.user 97
cputotals.nice 0
cputotals.sys 1
cputotals.wait 0
cputotals.irq 0
cputotals.soft 0
cputotals.steal 3
cputotals.idle 0
cputotals.systot 4
cputotals.usertot 97
cputotals.total 100
ctxint.ctx 84
ctxint.int 513
proc.creates 0
proc.runq 174
proc.run 2
cpuload.avg1 1.06
cpuload.avg5 0.46
cpuload.avg15 0.62
disktotals.reads 0
disktotals.readkbs 0
disktotals.writes 3
disktotals.writekbs 12
meminfo.tot 4005808
meminfo.used 1041704
meminfo.free 2964104
meminfo.shared 0
meminfo.buf 23616
meminfo.cached 545336
meminfo.slab 77424
meminfo.map 102032
meminfo.anon 344240
meminfo.anonH 0
meminfo.dirty 56
meminfo.locked 27620
meminfo.inactive 181016
meminfo.hugetot 0
meminfo.hugefree 0
meminfo.hugersvd 0
meminfo.sunreclaim 40588
swapinfo.total 2594812
swapinfo.free 2594812
swapinfo.used 0
swapinfo.in 0
swapinfo.out 0
pageinfo.fault 0
pageinfo.majfault 0
pageinfo.in 0
pageinfo.out 12
nettotals.kbin 0
nettotals.pktin 0
nettotals.kbout 0
nettotals.pktout 0
cpuinfo.user.cpu0 100
cpuinfo.nice.cpu0 0
cpuinfo.sys.cpu0 0
cpuinfo.wait.cpu0 0
cpuinfo.irq.cpu0 0
cpuinfo.soft.cpu0 0
cpuinfo.steal.cpu0 0
cpuinfo.idle.cpu0 0
cpuinfo.intrpt.cpu0 0
cputotals.systot.cpu0 0
cputotals.usertot.cpu0 100
cpuinfo.user.cpu1 94
cpuinfo.nice.cpu1 0
cpuinfo.sys.cpu1 1
cpuinfo.wait.cpu1 0
cpuinfo.irq.cpu1 0
cpuinfo.soft.cpu1 0
cpuinfo.steal.cpu1 5
cpuinfo.idle.cpu1 0
cpuinfo.intrpt.cpu1 0
cputotals.systot.cpu1 6
cputotals.usertot.cpu1 94
Bogus data record skipped for NET:enp1s0: data on 20241211 at 17:08:59
sample.time 1733936940.001
cputotals.num 2
cputotals.user 100
cputotals.nice 0
cputotals.sys 0
cputotals.wait 0
cputotals.irq 0
cputotals.soft 0
cputotals.steal 0
cputotals.idle 0
cputotals.systot 0
cputotals.usertot 100
cputotals.total 100
ctxint.ctx 69
ctxint.int 514
proc.creates 0
proc.runq 174
proc.run 2
cpuload.avg1 1.06
cpuload.avg5 0.46
cpuload.avg15 0.62
disktotals.reads 0
disktotals.readkbs 0
disktotals.writes 0
disktotals.writekbs 0
meminfo.tot 4005808
meminfo.used 1041704
meminfo.free 2964104
meminfo.shared 0
meminfo.buf 23616
meminfo.cached 545344
meminfo.slab 77424
meminfo.map 102032
meminfo.anon 344240
meminfo.anonH 0
meminfo.dirty 56
meminfo.locked 27620
meminfo.inactive 181016
meminfo.hugetot 0
meminfo.hugefree 0
meminfo.hugersvd 0
meminfo.sunreclaim 40588
swapinfo.total 2594812
swapinfo.free 2594812
swapinfo.used 0
swapinfo.in 0
swapinfo.out 0
pageinfo.fault 0
pageinfo.majfault 0
pageinfo.in 0
pageinfo.out 0
nettotals.kbin 0
nettotals.pktin 0
nettotals.kbout 0
nettotals.pktout 0
cpuinfo.user.cpu0 99
cpuinfo.nice.cpu0 0
cpuinfo.sys.cpu0 0
cpuinfo.wait.cpu0 0
cpuinfo.irq.cpu0 0
cpuinfo.soft.cpu0 0
cpuinfo.steal.cpu0 1
cpuinfo.idle.cpu0 0
cpuinfo.intrpt.cpu0 0
cputotals.systot.cpu0 1
cputotals.usertot.cpu0 99
cpuinfo.user.cpu1 100
cpuinfo.nice.cpu1 0
cpuinfo.sys.cpu1 0
cpuinfo.wait.cpu1 0
cpuinfo.irq.cpu1 0
cpuinfo.soft.cpu1 0
cpuinfo.steal.cpu1 0
cpuinfo.idle.cpu1 0
cpuinfo.intrpt.cpu1 0
cputotals.systot.cpu1 0
cputotals.usertot.cpu1 100
Bogus data record skipped for NET:enp1s0: data on 20241211 at 17:09:00
sample.time 1733936941.001
cputotals.num 2
cputotals.user 98
cputotals.nice 0
cputotals.sys 0
cputotals.wait 0
cputotals.irq 0
cputotals.soft 0
cputotals.steal 2
cputotals.idle 0
cputotals.systot 2
cputotals.usertot 98
cputotals.total 100
ctxint.ctx 55
ctxint.int 505
proc.creates 0
proc.runq 174
proc.run 2
cpuload.avg1 1.14
cpuload.avg5 0.49
cpuload.avg15 0.63
disktotals.reads 0
disktotals.readkbs 0
disktotals.writes 0
disktotals.writekbs 0
meminfo.tot 4005808
meminfo.used 1041704
meminfo.free 2964104
meminfo.shared 0
meminfo.buf 23616
meminfo.cached 545348
meminfo.slab 77428
meminfo.map 102032
meminfo.anon 344240
meminfo.anonH 0
meminfo.dirty 60
meminfo.locked 27620
meminfo.inactive 181016
meminfo.hugetot 0
meminfo.hugefree 0
meminfo.hugersvd 0
meminfo.sunreclaim 40588
swapinfo.total 2594812
swapinfo.free 2594812
swapinfo.used 0
swapinfo.in 0
swapinfo.out 0
pageinfo.fault 0
pageinfo.majfault 0
pageinfo.in 0
pageinfo.out 0
nettotals.kbin 0
nettotals.pktin 0
nettotals.kbout 0
nettotals.pktout 0
cpuinfo.user.cpu0 100
cpuinfo.nice.cpu0 0
cpuinfo.sys.cpu0 0
cpuinfo.wait.cpu0 0
cpuinfo.irq.cpu0 0
cpuinfo.soft.cpu0 0
cpuinfo.steal.cpu0 0
cpuinfo.idle.cpu0 0
cpuinfo.intrpt.cpu0 0
cputotals.systot.cpu0 0
cputotals.usertot.cpu0 100
cpuinfo.user.cpu1 96
cpuinfo.nice.cpu1 0
cpuinfo.sys.cpu1 0
cpuinfo.wait.cpu1 0
cpuinfo.irq.cpu1 0
cpuinfo.soft.cpu1 0
cpuinfo.steal.cpu1 4
cpuinfo.idle.cpu1 0
cpuinfo.intrpt.cpu1 0
cputotals.systot.cpu1 4
cputotals.usertot.cpu1 96
Bogus data record skipped for NET:enp1s0: data on 20241211 at 17:09:01
sample.time 1733936942.001
cputotals.num 2
cputotals.user 99
cputotals.nice 0
cputotals.sys 0
cputotals.wait 0
cputotals.irq 0
cputotals.soft 0
cputotals.steal 1
cputotals.idle 0
cputotals.systot 1
cputotals.usertot 99
cputotals.total 100
ctxint.ctx 73
ctxint.int 514
proc.creates 0
proc.runq 174
proc.run 2
cpuload.avg1 1.14
cpuload.avg5 0.49
cpuload.avg15 0.63
disktotals.reads 0
disktotals.readkbs 0
disktotals.writes 0
disktotals.writekbs 0
meminfo.tot 4005808
meminfo.used 1041704
meminfo.free 2964104
meminfo.shared 0
meminfo.buf 23616
meminfo.cached 545348
meminfo.slab 77428
meminfo.map 102032
meminfo.anon 344240
meminfo.anonH 0
meminfo.dirty 60
meminfo.locked 27620
meminfo.inactive 181016
meminfo.hugetot 0
meminfo.hugefree 0
meminfo.hugersvd 0
meminfo.sunreclaim 40588
swapinfo.total 2594812
swapinfo.free 2594812
swapinfo.used 0
swapinfo.in 0
swapinfo.out 0
pageinfo.fault 0
pageinfo.majfault 0
pageinfo.in 0
pageinfo.out 0
nettotals.kbin 0
nettotals.pktin 0
nettotals.kbout 0
nettotals.pktout 0
cpuinfo.user.cpu0 98
cpuinfo.nice.cpu0 0
cpuinfo.sys.cpu0 1
cpuinfo.wait.cpu0 0
cpuinfo.irq.cpu0 0
cpuinfo.soft.cpu0 0
cpuinfo.steal.cpu0 1
cpuinfo.idle.cpu0 0
cpuinfo.intrpt.cpu0 0
cputotals.systot.cpu0 2
cputotals.usertot.cpu0 98
cpuinfo.user.cpu1 100
cpuinfo.nice.cpu1 0
cpuinfo.sys.cpu1 0
cpuinfo.wait.cpu1 0
cpuinfo.irq.cpu1 0
cpuinfo.soft.cpu1 0
cpuinfo.steal.cpu1 0
cpuinfo.idle.cpu1 0
cpuinfo.intrpt.cpu1 0
cputotals.systot.cpu1 0
cputotals.usertot.cpu1 100
Bogus data record skipped for NET:enp1s0: data on 20241211 at 17:09:02
sample.time 1733936943.002
cputotals.num 2
cputotals.user 99
cputotals.nice 0
cputotals.sys 0
cputotals.wait 0
cputotals.irq 0
cputotals.soft 0
cputotals.steal 2
cputotals.idle 0
cputotals.systot 2
cputotals.usertot 99
cputotals.total 100
ctxint.ctx 95
ctxint.int 510
proc.creates 0
proc.runq 174
proc.run 2
cpuload.avg1 1.14
cpuload.avg5 0.49
cpuload.avg15 0.63
disktotals.reads 0
disktotals.readkbs 0
disktotals.writes 0
disktotals.writekbs 0
meminfo.tot 4005808
meminfo.used 1041704
meminfo.free 2964104
meminfo.shared 0
meminfo.buf 23616
meminfo.cached 545348
meminfo.slab 77428
meminfo.map 102032
meminfo.anon 344240
meminfo.anonH 0
meminfo.dirty 60
meminfo.locked 27620
meminfo.inactive 181016
meminfo.hugetot 0
meminfo.hugefree 0
meminfo.hugersvd 0
meminfo.sunreclaim 40588
swapinfo.total 2594812
swapinfo.free 2594812
swapinfo.used 0
swapinfo.in 0
swapinfo.out 0
pageinfo.fault 0
pageinfo.majfault 0
pageinfo.in 0
pageinfo.out 0
nettotals.kbin 0
nettotals.pktin 0
nettotals.kbout 0
nettotals.pktout 0
cpuinfo.user.cpu0 99
cpuinfo.nice.cpu0 0
cpuinfo.sys.cpu0 0
cpuinfo.wait.cpu0 0
cpuinfo.irq.cpu0 0
cpuinfo.soft.cpu0 0
cpuinfo.steal.cpu0 1
cpuinfo.idle.cpu0 0
cpuinfo.intrpt.cpu0 0
cputotals.systot.cpu0 1
cputotals.usertot.cpu0 99
cpuinfo.user.cpu1 98
cpuinfo.nice.cpu1 0
cpuinfo.sys.cpu1 0
cpuinfo.wait.cpu1 0
cpuinfo.irq.cpu1 0
cpuinfo.soft.cpu1 0
cpuinfo.steal.cpu1 2
cpuinfo.idle.cpu1 0
cpuinfo.intrpt.cpu1 0
cputotals.systot.cpu1 2
cputotals.usertot.cpu1 98
Bogus data record skipped for NET:enp1s0: data on 20241211 at 17:09:03
sample.time 1733936944.001
cputotals.num 2
cputotals.user 97
cputotals.nice 0
cputotals.sys 1
cputotals.wait 0
cputotals.irq 0
cputotals.soft 0
cputotals.steal 3
cputotals.idle 0
cputotals.systot 3
cputotals.usertot 97
cputotals.total 100
ctxint.ctx 78
ctxint.int 514
proc.creates 0
proc.runq 174
proc.run 2
cpuload.avg1 1.14
cpuload.avg5 0.49
cpuload.avg15 0.63
disktotals.reads 0
disktotals.readkbs 0
disktotals.writes 0
disktotals.writekbs 0
meminfo.tot 4005808
meminfo.used 1041704
meminfo.free 2964104
meminfo.shared 0
meminfo.buf 23616
meminfo.cached 545352
meminfo.slab 77428
meminfo.map 102032
meminfo.anon 344240
meminfo.anonH 0
meminfo.dirty 64
meminfo.locked 27620
meminfo.inactive 181016
meminfo.hugetot 0
meminfo.hugefree 0
meminfo.hugersvd 0
meminfo.sunreclaim 40588
swapinfo.total 2594812
swapinfo.free 2594812
swapinfo.used 0
swapinfo.in 0
swapinfo.out 0
pageinfo.fault 0
pageinfo.majfault 0
pageinfo.in 0
pageinfo.out 0
nettotals.kbin 0
nettotals.pktin 0
nettotals.kbout 0
nettotals.pktout 0
cpuinfo.user.cpu0 98
cpuinfo.nice.cpu0 0
cpuinfo.sys.cpu0 0
cpuinfo.wait.cpu0 0
cpuinfo.irq.cpu0 0
cpuinfo.soft.cpu0 0
cpuinfo.steal.cpu0 2
cpuinfo.idle.cpu0 0
cpuinfo.intrpt.cpu0 0
cputotals.systot.cpu0 2
cputotals.usertot.cpu0 98
cpuinfo.user.cpu1 95
cpuinfo.nice.cpu1 0
cpuinfo.sys.cpu1 1
cpuinfo.wait.cpu1 0
cpuinfo.irq.cpu1 0
cpuinfo.soft.cpu1 0
cpuinfo.steal.cpu1 4
cpuinfo.idle.cpu1 0
cpuinfo.intrpt.cpu1 0
cputotals.systot.cpu1 5
cputotals.usertot.cpu1 95
Bogus data record skipped for NET:enp1s0: data on 20241211 at 17:09:04
sample.time 1733936945.001
cputotals.num 2
cputotals.user 100
cputotals.nice 0
cputotals.sys 0
cputotals.wait 0
cputotals.irq 0
cputotals.soft 0
cputotals.steal 1
cputotals.idle 0
cputotals.systot 1
cputotals.usertot 100
cputotals.total 100
ctxint.ctx 65
ctxint.int 516
proc.creates 0
proc.runq 174
proc.run 2
cpuload.avg1 1.14
cpuload.avg5 0.49
cpuload.avg15 0.63
disktotals.reads 0
disktotals.readkbs 0
disktotals.writes 3
disktotals.writekbs 12
meminfo.tot 4005808
meminfo.used 1041704
meminfo.free 2964104
meminfo.shared 0
meminfo.buf 23624
meminfo.cached 545352
meminfo.slab 77428
meminfo.map 102032
meminfo.anon 344240
meminfo.anonH 0
meminfo.dirty 64
meminfo.locked 27620
meminfo.inactive 181016
meminfo.hugetot 0
meminfo.hugefree 0
meminfo.hugersvd 0
meminfo.sunreclaim 40588
swapinfo.total 2594812
swapinfo.free 2594812
swapinfo.used 0
swapinfo.in 0
swapinfo.out 0
pageinfo.fault 0
pageinfo.majfault 0
pageinfo.in 0
pageinfo.out 12
nettotals.kbin 0
nettotals.pktin 0
nettotals.kbout 0
nettotals.pktout 0
cpuinfo.user.cpu0 100
cpuinfo.nice.cpu0 0
cpuinfo.sys.cpu0 0
cpuinfo.wait.cpu0 0
cpuinfo.irq.cpu0 0
cpuinfo.soft.cpu0 0
cpuinfo.steal.cpu0 0
cpuinfo.idle.cpu0 0
cpuinfo.intrpt.cpu0 0
cputotals.systot.cpu0 0
cputotals.usertot.cpu0 100
cpuinfo.user.cpu1 100
cpuinfo.nice.cpu1 0
cpuinfo.sys.cpu1 0
cpuinfo.wait.cpu1 0
cpuinfo.irq.cpu1 0
cpuinfo.soft.cpu1 0
cpuinfo.steal.cpu1 0
cpuinfo.idle.cpu1 0
cpuinfo.intrpt.cpu1 0
cputotals.systot.cpu1 0
cputotals.usertot.cpu1 100
Bogus data record skipped for NET:enp1s0: data on 20241211 at 17:09:05
sample.time 1733936946.001
cputotals.num 2
cputotals.user 99
cputotals.nice 0
cputotals.sys 0
cputotals.wait 0
cputotals.irq 0
cputotals.soft 0
cputotals.steal 1
cputotals.idle 0
cputotals.systot 1
cputotals.usertot 99
cputotals.total 100
ctxint.ctx 58
ctxint.int 512
proc.creates 0
proc.runq 174
proc.run 2
cpuload.avg1 1.20
cpuload.avg5 0.51
cpuload.avg15 0.64
disktotals.reads 0
disktotals.readkbs 0
disktotals.writes 0
disktotals.writekbs 0
meminfo.tot 4005808
meminfo.used 1041704
meminfo.free 2964104
meminfo.shared 0
meminfo.buf 23624
meminfo.cached 545356
meminfo.slab 77428
meminfo.map 102032
meminfo.anon 344240
meminfo.anonH 0
meminfo.dirty 68
meminfo.locked 27620
meminfo.inactive 181016
meminfo.hugetot 0
meminfo.hugefree 0
meminfo.hugersvd 0
meminfo.sunreclaim 40588
swapinfo.total 2594812
swapinfo.free 2594812
swapinfo.used 0
swapinfo.in 0
swapinfo.out 0
pageinfo.fault 0
pageinfo.majfault 0
pageinfo.in 0
pageinfo.out 0
nettotals.kbin 0
nettotals.pktin 0
nettotals.kbout 0
nettotals.pktout 0
cpuinfo.user.cpu0 99
cpuinfo.nice.cpu0 0
cpuinfo.sys.cpu0 0
cpuinfo.wait.cpu0 0
cpuinfo.irq.cpu0 0
cpuinfo.soft.cpu0 0
cpuinfo.steal.cpu0 1
cpuinfo.idle.cpu0 0
cpuinfo.intrpt.cpu0 0
cputotals.systot.cpu0 1
cputotals.usertot.cpu0 99
cpuinfo.user.cpu1 100
cpuinfo.nice.cpu1 0
cpuinfo.sys.cpu1 0
cpuinfo.wait.cpu1 0
cpuinfo.irq.cpu1 0
cpuinfo.soft.cpu1 0
cpuinfo.steal.cpu1 0
cpuinfo.idle.cpu1 0
cpuinfo.intrpt.cpu1 0
cputotals.systot.cpu1 0
cputotals.usertot.cpu1 100
Bogus data record skipped for NET:enp1s0: data on 20241211 at 17:09:06
sample.time 1733936947.001
cputotals.num 2
cputotals.user 100
cputotals.nice 0
cputotals.sys 0
cputotals.wait 0
cputotals.irq 0
cputotals.soft 0
cputotals.steal 0
cputotals.idle 0
cputotals.systot 0
cputotals.usertot 100
cputotals.total 100
ctxint.ctx 55
ctxint.int 512
proc.creates 0
proc.runq 174
proc.run 2
cpuload.avg1 1.20
cpuload.avg5 0.51
cpuload.avg15 0.64
disktotals.reads 0
disktotals.readkbs 0
disktotals.writes 0
disktotals.writekbs 0
meminfo.tot 4005808
meminfo.used 1041704
meminfo.free 2964104
meminfo.shared 0
meminfo.buf 23624
meminfo.cached 545356
meminfo.slab 77428
meminfo.map 102032
meminfo.anon 344240
meminfo.anonH 0
meminfo.dirty 68
meminfo.locked 27620
meminfo.inactive 181016
meminfo.hugetot 0
meminfo.hugefree 0
meminfo.hugersvd 0
meminfo.sunreclaim 40588
swapinfo.total 2594812
swapinfo.free 2594812
swapinfo.used 0
swapinfo.in 0
swapinfo.out 0
pageinfo.fault 0
pageinfo.majfault 0
pageinfo.in 0
pageinfo.out 0
nettotals.kbin 0
nettotals.pktin 0
nettotals.kbout 0
nettotals.pktout 0
cpuinfo.user.cpu0 100
cpuinfo.nice.cpu0 0
cpuinfo.sys.cpu0 0
cpuinfo.wait.cpu0 0
cpuinfo.irq.cpu0 0
cpuinfo.soft.cpu0 0
cpuinfo.steal.cpu0 0
cpuinfo.idle.cpu0 0
cpuinfo.intrpt.cpu0 0
cputotals.systot.cpu0 0
cputotals.usertot.cpu0 100
cpuinfo.user.cpu1 100
cpuinfo.nice.cpu1 0
cpuinfo.sys.cpu1 0
cpuinfo.wait.cpu1 0
cpuinfo.irq.cpu1 0
cpuinfo.soft.cpu1 0
cpuinfo.steal.cpu1 0
cpuinfo.idle.cpu1 0
cpuinfo.intrpt.cpu1 0
cputotals.systot.cpu1 0
cputotals.usertot.cpu1 100
Shutting down in response to signal TERM on hpl5...
