waiting for 1 second sample...
sample.time 1733878183.001
cputotals.num 16
cputotals.user 53
cputotals.nice 0
cputotals.sys 1
cputotals.wait 0
cputotals.irq 0
cputotals.soft 0
cputotals.steal 0
cputotals.idle 47
cputotals.systot 1
cputotals.usertot 53
cputotals.total 53
ctxint.ctx 2462
ctxint.int 10871
proc.creates 64
proc.runq 2360
proc.run 8
cpuload.avg1 5.05
cpuload.avg5 5.58
cpuload.avg15 7.70
disktotals.reads 0
disktotals.readkbs 0
disktotals.writes 0
disktotals.writekbs 0
meminfo.tot 32776376
meminfo.used 17256400
meminfo.free 15519976
meminfo.shared 0
meminfo.buf 244948
meminfo.cached 11036920
meminfo.slab 824920
meminfo.map 1071172
meminfo.anon 4542124
meminfo.anonH 0
meminfo.dirty 1252
meminfo.locked 104
meminfo.inactive 10107392
meminfo.hugetot 0
meminfo.hugefree 0
meminfo.hugersvd 0
meminfo.sunreclaim 357840
swapinfo.total 8388604
swapinfo.free 8388604
swapinfo.used 0
swapinfo.in 0
swapinfo.out 0
pageinfo.fault 23928
pageinfo.majfault 0
pageinfo.in 0
pageinfo.out 0
nettotals.kbin 0
nettotals.pktin 0
nettotals.kbout 0
nettotals.pktout 0
cpuinfo.user.cpu0 100
cpuinfo.nice.cpu0 0
cpuinfo.sys.cpu0 0
cpuinfo.wait.cpu0 0
cpuinfo.irq.cpu0 0
cpuinfo.soft.cpu0 0
cpuinfo.steal.cpu0 0
cpuinfo.idle.cpu0 0
cpuinfo.intrpt.cpu0 0
cputotals.systot.cpu0 0
cputotals.usertot.cpu0 100
cpuinfo.user.cpu1 100
cpuinfo.nice.cpu1 0
cpuinfo.sys.cpu1 0
cpuinfo.wait.cpu1 0
cpuinfo.irq.cpu1 0
cpuinfo.soft.cpu1 0
cpuinfo.steal.cpu1 0
cpuinfo.idle.cpu1 0
cpuinfo.intrpt.cpu1 0
cputotals.systot.cpu1 0
cputotals.usertot.cpu1 100
cpuinfo.user.cpu2 99
cpuinfo.nice.cpu2 0
cpuinfo.sys.cpu2 1
cpuinfo.wait.cpu2 0
cpuinfo.irq.cpu2 0
cpuinfo.soft.cpu2 0
cpuinfo.steal.cpu2 0
cpuinfo.idle.cpu2 0
cpuinfo.intrpt.cpu2 0
cputotals.systot.cpu2 1
cputotals.usertot.cpu2 99
cpuinfo.user.cpu3 100
cpuinfo.nice.cpu3 0
cpuinfo.sys.cpu3 0
cpuinfo.wait.cpu3 0
cpuinfo.irq.cpu3 0
cpuinfo.soft.cpu3 0
cpuinfo.steal.cpu3 0
cpuinfo.idle.cpu3 0
cpuinfo.intrpt.cpu3 0
cputotals.systot.cpu3 0
cputotals.usertot.cpu3 100
cpuinfo.user.cpu4 7
cpuinfo.nice.cpu4 0
cpuinfo.sys.cpu4 4
cpuinfo.wait.cpu4 0
cpuinfo.irq.cpu4 0
cpuinfo.soft.cpu4 0
cpuinfo.steal.cpu4 0
cpuinfo.idle.cpu4 89
cpuinfo.intrpt.cpu4 0
cputotals.systot.cpu4 4
cputotals.usertot.cpu4 7
cpuinfo.user.cpu5 7
cpuinfo.nice.cpu5 0
cpuinfo.sys.cpu5 1
cpuinfo.wait.cpu5 0
cpuinfo.irq.cpu5 0
cpuinfo.soft.cpu5 0
cpuinfo.steal.cpu5 0
cpuinfo.idle.cpu5 92
cpuinfo.intrpt.cpu5 0
cputotals.systot.cpu5 1
cputotals.usertot.cpu5 7
cpuinfo.user.cpu6 2
cpuinfo.nice.cpu6 0
cpuinfo.sys.cpu6 1
cpuinfo.wait.cpu6 0
cpuinfo.irq.cpu6 0
cpuinfo.soft.cpu6 0
cpuinfo.steal.cpu6 0
cpuinfo.idle.cpu6 97
cpuinfo.intrpt.cpu6 0
cputotals.systot.cpu6 1
cputotals.usertot.cpu6 2
cpuinfo.user.cpu7 2
cpuinfo.nice.cpu7 0
cpuinfo.sys.cpu7 0
cpuinfo.wait.cpu7 0
cpuinfo.irq.cpu7 0
cpuinfo.soft.cpu7 0
cpuinfo.steal.cpu7 0
cpuinfo.idle.cpu7 98
cpuinfo.intrpt.cpu7 0
cputotals.systot.cpu7 0
cputotals.usertot.cpu7 2
cpuinfo.user.cpu8 100
cpuinfo.nice.cpu8 0
cpuinfo.sys.cpu8 0
cpuinfo.wait.cpu8 0
cpuinfo.irq.cpu8 0
cpuinfo.soft.cpu8 0
cpuinfo.steal.cpu8 0
cpuinfo.idle.cpu8 0
cpuinfo.intrpt.cpu8 0
cputotals.systot.cpu8 0
cputotals.usertot.cpu8 100
cpuinfo.user.cpu9 100
cpuinfo.nice.cpu9 0
cpuinfo.sys.cpu9 0
cpuinfo.wait.cpu9 0
cpuinfo.irq.cpu9 0
cpuinfo.soft.cpu9 0
cpuinfo.steal.cpu9 0
cpuinfo.idle.cpu9 0
cpuinfo.intrpt.cpu9 0
cputotals.systot.cpu9 0
cputotals.usertot.cpu9 100
cpuinfo.user.cpu10 100
cpuinfo.nice.cpu10 0
cpuinfo.sys.cpu10 0
cpuinfo.wait.cpu10 0
cpuinfo.irq.cpu10 0
cpuinfo.soft.cpu10 0
cpuinfo.steal.cpu10 0
cpuinfo.idle.cpu10 0
cpuinfo.intrpt.cpu10 0
cputotals.systot.cpu10 0
cputotals.usertot.cpu10 100
cpuinfo.user.cpu11 100
cpuinfo.nice.cpu11 0
cpuinfo.sys.cpu11 0
cpuinfo.wait.cpu11 0
cpuinfo.irq.cpu11 0
cpuinfo.soft.cpu11 0
cpuinfo.steal.cpu11 0
cpuinfo.idle.cpu11 0
cpuinfo.intrpt.cpu11 0
cputotals.systot.cpu11 0
cputotals.usertot.cpu11 100
cpuinfo.user.cpu12 0
cpuinfo.nice.cpu12 0
cpuinfo.sys.cpu12 1
cpuinfo.wait.cpu12 0
cpuinfo.irq.cpu12 0
cpuinfo.soft.cpu12 0
cpuinfo.steal.cpu12 0
cpuinfo.idle.cpu12 99
cpuinfo.intrpt.cpu12 0
cputotals.systot.cpu12 1
cputotals.usertot.cpu12 0
cpuinfo.user.cpu13 6
cpuinfo.nice.cpu13 0
cpuinfo.sys.cpu13 1
cpuinfo.wait.cpu13 0
cpuinfo.irq.cpu13 0
cpuinfo.soft.cpu13 0
cpuinfo.steal.cpu13 0
cpuinfo.idle.cpu13 93
cpuinfo.intrpt.cpu13 0
cputotals.systot.cpu13 1
cputotals.usertot.cpu13 6
cpuinfo.user.cpu14 14
cpuinfo.nice.cpu14 0
cpuinfo.sys.cpu14 4
cpuinfo.wait.cpu14 0
cpuinfo.irq.cpu14 0
cpuinfo.soft.cpu14 0
cpuinfo.steal.cpu14 0
cpuinfo.idle.cpu14 82
cpuinfo.intrpt.cpu14 0
cputotals.systot.cpu14 4
cputotals.usertot.cpu14 14
cpuinfo.user.cpu15 3
cpuinfo.nice.cpu15 0
cpuinfo.sys.cpu15 1
cpuinfo.wait.cpu15 0
cpuinfo.irq.cpu15 0
cpuinfo.soft.cpu15 0
cpuinfo.steal.cpu15 0
cpuinfo.idle.cpu15 96
cpuinfo.intrpt.cpu15 0
cputotals.systot.cpu15 1
cputotals.usertot.cpu15 3
sample.time 1733878184.001
cputotals.num 16
cputotals.user 51
cputotals.nice 0
cputotals.sys 1
cputotals.wait 0
cputotals.irq 0
cputotals.soft 0
cputotals.steal 0
cputotals.idle 48
cputotals.systot 1
cputotals.usertot 51
cputotals.total 52
ctxint.ctx 3175
ctxint.int 10471
proc.creates 52
proc.runq 2354
proc.run 9
cpuload.avg1 5.05
cpuload.avg5 5.58
cpuload.avg15 7.70
disktotals.reads 0
disktotals.readkbs 0
disktotals.writes 5
disktotals.writekbs 296
meminfo.tot 32776376
meminfo.used 17263692
meminfo.free 15512684
meminfo.shared 0
meminfo.buf 244960
meminfo.cached 11040076
meminfo.slab 824976
meminfo.map 1071160
meminfo.anon 4547184
meminfo.anonH 0
meminfo.dirty 1556
meminfo.locked 104
meminfo.inactive 10107408
meminfo.hugetot 0
meminfo.hugefree 0
meminfo.hugersvd 0
meminfo.sunreclaim 357880
swapinfo.total 8388604
swapinfo.free 8388604
swapinfo.used 0
swapinfo.in 0
swapinfo.out 0
pageinfo.fault 11638
pageinfo.majfault 0
pageinfo.in 0
pageinfo.out 296
nettotals.kbin 0
nettotals.pktin 0
nettotals.kbout 0
nettotals.pktout 0
cpuinfo.user.cpu0 100
cpuinfo.nice.cpu0 0
cpuinfo.sys.cpu0 0
cpuinfo.wait.cpu0 0
cpuinfo.irq.cpu0 0
cpuinfo.soft.cpu0 0
cpuinfo.steal.cpu0 0
cpuinfo.idle.cpu0 0
cpuinfo.intrpt.cpu0 0
cputotals.systot.cpu0 0
cputotals.usertot.cpu0 100
cpuinfo.user.cpu1 100
cpuinfo.nice.cpu1 0
cpuinfo.sys.cpu1 0
cpuinfo.wait.cpu1 0
cpuinfo.irq.cpu1 0
cpuinfo.soft.cpu1 0
cpuinfo.steal.cpu1 0
cpuinfo.idle.cpu1 0
cpuinfo.intrpt.cpu1 0
cputotals.systot.cpu1 0
cputotals.usertot.cpu1 100
cpuinfo.user.cpu2 100
cpuinfo.nice.cpu2 0
cpuinfo.sys.cpu2 0
cpuinfo.wait.cpu2 0
cpuinfo.irq.cpu2 0
cpuinfo.soft.cpu2 0
cpuinfo.steal.cpu2 0
cpuinfo.idle.cpu2 0
cpuinfo.intrpt.cpu2 0
cputotals.systot.cpu2 0
cputotals.usertot.cpu2 100
cpuinfo.user.cpu3 100
cpuinfo.nice.cpu3 0
cpuinfo.sys.cpu3 0
cpuinfo.wait.cpu3 0
cpuinfo.irq.cpu3 0
cpuinfo.soft.cpu3 0
cpuinfo.steal.cpu3 0
cpuinfo.idle.cpu3 0
cpuinfo.intrpt.cpu3 0
cputotals.systot.cpu3 0
cputotals.usertot.cpu3 100
cpuinfo.user.cpu4 3
cpuinfo.nice.cpu4 0
cpuinfo.sys.cpu4 2
cpuinfo.wait.cpu4 0
cpuinfo.irq.cpu4 0
cpuinfo.soft.cpu4 0
cpuinfo.steal.cpu4 0
cpuinfo.idle.cpu4 95
cpuinfo.intrpt.cpu4 0
cputotals.systot.cpu4 2
cputotals.usertot.cpu4 3
cpuinfo.user.cpu5 4
cpuinfo.nice.cpu5 0
cpuinfo.sys.cpu5 0
cpuinfo.wait.cpu5 0
cpuinfo.irq.cpu5 0
cpuinfo.soft.cpu5 0
cpuinfo.steal.cpu5 0
cpuinfo.idle.cpu5 96
cpuinfo.intrpt.cpu5 0
cputotals.systot.cpu5 0
cputotals.usertot.cpu5 4
cpuinfo.user.cpu6 2
cpuinfo.nice.cpu6 0
cpuinfo.sys.cpu6 2
cpuinfo.wait.cpu6 0
cpuinfo.irq.cpu6 0
cpuinfo.soft.cpu6 0
cpuinfo.steal.cpu6 0
cpuinfo.idle.cpu6 96
cpuinfo.intrpt.cpu6 0
cputotals.systot.cpu6 2
cputotals.usertot.cpu6 2
cpuinfo.user.cpu7 0
cpuinfo.nice.cpu7 0
cpuinfo.sys.cpu7 3
cpuinfo.wait.cpu7 0
cpuinfo.irq.cpu7 0
cpuinfo.soft.cpu7 0
cpuinfo.steal.cpu7 0
cpuinfo.idle.cpu7 97
cpuinfo.intrpt.cpu7 0
cputotals.systot.cpu7 3
cputotals.usertot.cpu7 0
cpuinfo.user.cpu8 100
cpuinfo.nice.cpu8 0
cpuinfo.sys.cpu8 0
cpuinfo.wait.cpu8 0
cpuinfo.irq.cpu8 0
cpuinfo.soft.cpu8 0
cpuinfo.steal.cpu8 0
cpuinfo.idle.cpu8 0
cpuinfo.intrpt.cpu8 0
cputotals.systot.cpu8 0
cputotals.usertot.cpu8 100
cpuinfo.user.cpu9 100
cpuinfo.nice.cpu9 0
cpuinfo.sys.cpu9 0
cpuinfo.wait.cpu9 0
cpuinfo.irq.cpu9 0
cpuinfo.soft.cpu9 0
cpuinfo.steal.cpu9 0
cpuinfo.idle.cpu9 0
cpuinfo.intrpt.cpu9 0
cputotals.systot.cpu9 0
cputotals.usertot.cpu9 100
cpuinfo.user.cpu10 99
cpuinfo.nice.cpu10 0
cpuinfo.sys.cpu10 1
cpuinfo.wait.cpu10 0
cpuinfo.irq.cpu10 0
cpuinfo.soft.cpu10 0
cpuinfo.steal.cpu10 0
cpuinfo.idle.cpu10 0
cpuinfo.intrpt.cpu10 0
cputotals.systot.cpu10 1
cputotals.usertot.cpu10 99
cpuinfo.user.cpu11 100
cpuinfo.nice.cpu11 0
cpuinfo.sys.cpu11 0
cpuinfo.wait.cpu11 0
cpuinfo.irq.cpu11 0
cpuinfo.soft.cpu11 0
cpuinfo.steal.cpu11 0
cpuinfo.idle.cpu11 0
cpuinfo.intrpt.cpu11 0
cputotals.systot.cpu11 0
cputotals.usertot.cpu11 100
cpuinfo.user.cpu12 1
cpuinfo.nice.cpu12 0
cpuinfo.sys.cpu12 0
cpuinfo.wait.cpu12 0
cpuinfo.irq.cpu12 0
cpuinfo.soft.cpu12 0
cpuinfo.steal.cpu12 0
cpuinfo.idle.cpu12 99
cpuinfo.intrpt.cpu12 0
cputotals.systot.cpu12 0
cputotals.usertot.cpu12 1
cpuinfo.user.cpu13 1
cpuinfo.nice.cpu13 0
cpuinfo.sys.cpu13 1
cpuinfo.wait.cpu13 0
cpuinfo.irq.cpu13 0
cpuinfo.soft.cpu13 0
cpuinfo.steal.cpu13 0
cpuinfo.idle.cpu13 98
cpuinfo.intrpt.cpu13 0
cputotals.systot.cpu13 1
cputotals.usertot.cpu13 1
cpuinfo.user.cpu14 1
cpuinfo.nice.cpu14 0
cpuinfo.sys.cpu14 0
cpuinfo.wait.cpu14 0
cpuinfo.irq.cpu14 0
cpuinfo.soft.cpu14 0
cpuinfo.steal.cpu14 0
cpuinfo.idle.cpu14 99
cpuinfo.intrpt.cpu14 0
cputotals.systot.cpu14 0
cputotals.usertot.cpu14 1
cpuinfo.user.cpu15 2
cpuinfo.nice.cpu15 0
cpuinfo.sys.cpu15 0
cpuinfo.wait.cpu15 0
cpuinfo.irq.cpu15 0
cpuinfo.soft.cpu15 0
cpuinfo.steal.cpu15 0
cpuinfo.idle.cpu15 98
cpuinfo.intrpt.cpu15 0
cputotals.systot.cpu15 0
cputotals.usertot.cpu15 2
sample.time 1733878185.001
cputotals.num 16
cputotals.user 51
cputotals.nice 0
cputotals.sys 0
cputotals.wait 0
cputotals.irq 0
cputotals.soft 0
cputotals.steal 0
cputotals.idle 49
cputotals.systot 0
cputotals.usertot 51
cputotals.total 51
ctxint.ctx 1221
ctxint.int 9483
proc.creates 9
proc.runq 2349
proc.run 10
cpuload.avg1 5.05
cpuload.avg5 5.58
cpuload.avg15 7.70
disktotals.reads 0
disktotals.readkbs 0
disktotals.writes 53
disktotals.writekbs 312
meminfo.tot 32776376
meminfo.used 17261748
meminfo.free 15514628
meminfo.shared 0
meminfo.buf 244960
meminfo.cached 11040080
meminfo.slab 824912
meminfo.map 1071224
meminfo.anon 4546244
meminfo.anonH 0
meminfo.dirty 1216
meminfo.locked 104
meminfo.inactive 10107436
meminfo.hugetot 0
meminfo.hugefree 0
meminfo.hugersvd 0
meminfo.sunreclaim 357816
swapinfo.total 8388604
swapinfo.free 8388604
swapinfo.used 0
swapinfo.in 0
swapinfo.out 0
pageinfo.fault 2558
pageinfo.majfault 0
pageinfo.in 0
pageinfo.out 312
nettotals.kbin 0
nettotals.pktin 0
nettotals.kbout 0
nettotals.pktout 0
cpuinfo.user.cpu0 100
cpuinfo.nice.cpu0 0
cpuinfo.sys.cpu0 0
cpuinfo.wait.cpu0 0
cpuinfo.irq.cpu0 0
cpuinfo.soft.cpu0 0
cpuinfo.steal.cpu0 0
cpuinfo.idle.cpu0 0
cpuinfo.intrpt.cpu0 0
cputotals.systot.cpu0 0
cputotals.usertot.cpu0 100
cpuinfo.user.cpu1 99
cpuinfo.nice.cpu1 0
cpuinfo.sys.cpu1 1
cpuinfo.wait.cpu1 0
cpuinfo.irq.cpu1 0
cpuinfo.soft.cpu1 0
cpuinfo.steal.cpu1 0
cpuinfo.idle.cpu1 0
cpuinfo.intrpt.cpu1 0
cputotals.systot.cpu1 1
cputotals.usertot.cpu1 99
cpuinfo.user.cpu2 100
cpuinfo.nice.cpu2 0
cpuinfo.sys.cpu2 0
cpuinfo.wait.cpu2 0
cpuinfo.irq.cpu2 0
cpuinfo.soft.cpu2 0
cpuinfo.steal.cpu2 0
cpuinfo.idle.cpu2 0
cpuinfo.intrpt.cpu2 0
cputotals.systot.cpu2 0
cputotals.usertot.cpu2 100
cpuinfo.user.cpu3 100
cpuinfo.nice.cpu3 0
cpuinfo.sys.cpu3 0
cpuinfo.wait.cpu3 0
cpuinfo.irq.cpu3 0
cpuinfo.soft.cpu3 0
cpuinfo.steal.cpu3 0
cpuinfo.idle.cpu3 0
cpuinfo.intrpt.cpu3 0
cputotals.systot.cpu3 0
cputotals.usertot.cpu3 100
cpuinfo.user.cpu4 0
cpuinfo.nice.cpu4 0
cpuinfo.sys.cpu4 0
cpuinfo.wait.cpu4 0
cpuinfo.irq.cpu4 0
cpuinfo.soft.cpu4 0
cpuinfo.steal.cpu4 0
cpuinfo.idle.cpu4 100
cpuinfo.intrpt.cpu4 0
cputotals.systot.cpu4 0
cputotals.usertot.cpu4 0
cpuinfo.user.cpu5 2
cpuinfo.nice.cpu5 0
cpuinfo.sys.cpu5 0
cpuinfo.wait.cpu5 0
cpuinfo.irq.cpu5 0
cpuinfo.soft.cpu5 0
cpuinfo.steal.cpu5 0
cpuinfo.idle.cpu5 98
cpuinfo.intrpt.cpu5 0
cputotals.systot.cpu5 0
cputotals.usertot.cpu5 2
cpuinfo.user.cpu6 1
cpuinfo.nice.cpu6 0
cpuinfo.sys.cpu6 0
cpuinfo.wait.cpu6 0
cpuinfo.irq.cpu6 0
cpuinfo.soft.cpu6 0
cpuinfo.steal.cpu6 0
cpuinfo.idle.cpu6 99
cpuinfo.intrpt.cpu6 0
cputotals.systot.cpu6 0
cputotals.usertot.cpu6 1
cpuinfo.user.cpu7 0
cpuinfo.nice.cpu7 0
cpuinfo.sys.cpu7 2
cpuinfo.wait.cpu7 0
cpuinfo.irq.cpu7 0
cpuinfo.soft.cpu7 0
cpuinfo.steal.cpu7 0
cpuinfo.idle.cpu7 98
cpuinfo.intrpt.cpu7 0
cputotals.systot.cpu7 2
cputotals.usertot.cpu7 0
cpuinfo.user.cpu8 100
cpuinfo.nice.cpu8 0
cpuinfo.sys.cpu8 0
cpuinfo.wait.cpu8 0
cpuinfo.irq.cpu8 0
cpuinfo.soft.cpu8 0
cpuinfo.steal.cpu8 0
cpuinfo.idle.cpu8 0
cpuinfo.intrpt.cpu8 0
cputotals.systot.cpu8 0
cputotals.usertot.cpu8 100
cpuinfo.user.cpu9 100
cpuinfo.nice.cpu9 0
cpuinfo.sys.cpu9 0
cpuinfo.wait.cpu9 0
cpuinfo.irq.cpu9 0
cpuinfo.soft.cpu9 0
cpuinfo.steal.cpu9 0
cpuinfo.idle.cpu9 0
cpuinfo.intrpt.cpu9 0
cputotals.systot.cpu9 0
cputotals.usertot.cpu9 100
cpuinfo.user.cpu10 100
cpuinfo.nice.cpu10 0
cpuinfo.sys.cpu10 0
cpuinfo.wait.cpu10 0
cpuinfo.irq.cpu10 0
cpuinfo.soft.cpu10 0
cpuinfo.steal.cpu10 0
cpuinfo.idle.cpu10 0
cpuinfo.intrpt.cpu10 0
cputotals.systot.cpu10 0
cputotals.usertot.cpu10 100
cpuinfo.user.cpu11 99
cpuinfo.nice.cpu11 0
cpuinfo.sys.cpu11 1
cpuinfo.wait.cpu11 0
cpuinfo.irq.cpu11 0
cpuinfo.soft.cpu11 0
cpuinfo.steal.cpu11 0
cpuinfo.idle.cpu11 0
cpuinfo.intrpt.cpu11 0
cputotals.systot.cpu11 1
cputotals.usertot.cpu11 99
cpuinfo.user.cpu12 1
cpuinfo.nice.cpu12 0
cpuinfo.sys.cpu12 2
cpuinfo.wait.cpu12 0
cpuinfo.irq.cpu12 0
cpuinfo.soft.cpu12 0
cpuinfo.steal.cpu12 0
cpuinfo.idle.cpu12 97
cpuinfo.intrpt.cpu12 0
cputotals.systot.cpu12 2
cputotals.usertot.cpu12 1
cpuinfo.user.cpu13 2
cpuinfo.nice.cpu13 0
cpuinfo.sys.cpu13 2
cpuinfo.wait.cpu13 0
cpuinfo.irq.cpu13 0
cpuinfo.soft.cpu13 0
cpuinfo.steal.cpu13 0
cpuinfo.idle.cpu13 96
cpuinfo.intrpt.cpu13 0
cputotals.systot.cpu13 2
cputotals.usertot.cpu13 2
cpuinfo.user.cpu14 1
cpuinfo.nice.cpu14 0
cpuinfo.sys.cpu14 0
cpuinfo.wait.cpu14 0
cpuinfo.irq.cpu14 0
cpuinfo.soft.cpu14 0
cpuinfo.steal.cpu14 0
cpuinfo.idle.cpu14 99
cpuinfo.intrpt.cpu14 0
cputotals.systot.cpu14 0
cputotals.usertot.cpu14 1
cpuinfo.user.cpu15 1
cpuinfo.nice.cpu15 0
cpuinfo.sys.cpu15 0
cpuinfo.wait.cpu15 0
cpuinfo.irq.cpu15 0
cpuinfo.soft.cpu15 0
cpuinfo.steal.cpu15 0
cpuinfo.idle.cpu15 99
cpuinfo.intrpt.cpu15 0
cputotals.systot.cpu15 0
cputotals.usertot.cpu15 1
sample.time 1733878186.001
cputotals.num 16
cputotals.user 54
cputotals.nice 0
cputotals.sys 1
cputotals.wait 0
cputotals.irq 0
cputotals.soft 0
cputotals.steal 0
cputotals.idle 45
cputotals.systot 1
cputotals.usertot 54
cputotals.total 55
ctxint.ctx 2171
ctxint.int 10757
proc.creates 45
proc.runq 2352
proc.run 8
cpuload.avg1 5.05
cpuload.avg5 5.58
cpuload.avg15 7.70
disktotals.reads 0
disktotals.readkbs 0
disktotals.writes 0
disktotals.writekbs 0
meminfo.tot 32776376
meminfo.used 17262980
meminfo.free 15513396
meminfo.shared 0
meminfo.buf 244960
meminfo.cached 11036960
meminfo.slab 824924
meminfo.map 1071140
meminfo.anon 4548160
meminfo.anonH 0
meminfo.dirty 1232
meminfo.locked 104
meminfo.inactive 10107452
meminfo.hugetot 0
meminfo.hugefree 0
meminfo.hugersvd 0
meminfo.sunreclaim 357828
swapinfo.total 8388604
swapinfo.free 8388604
swapinfo.used 0
swapinfo.in 0
swapinfo.out 0
pageinfo.fault 13174
pageinfo.majfault 0
pageinfo.in 0
pageinfo.out 0
nettotals.kbin 0
nettotals.pktin 0
nettotals.kbout 0
nettotals.pktout 0
cpuinfo.user.cpu0 100
cpuinfo.nice.cpu0 0
cpuinfo.sys.cpu0 0
cpuinfo.wait.cpu0 0
cpuinfo.irq.cpu0 0
cpuinfo.soft.cpu0 0
cpuinfo.steal.cpu0 0
cpuinfo.idle.cpu0 0
cpuinfo.intrpt.cpu0 0
cputotals.systot.cpu0 0
cputotals.usertot.cpu0 100
cpuinfo.user.cpu1 100
cpuinfo.nice.cpu1 0
cpuinfo.sys.cpu1 0
cpuinfo.wait.cpu1 0
cpuinfo.irq.cpu1 0
cpuinfo.soft.cpu1 0
cpuinfo.steal.cpu1 0
cpuinfo.idle.cpu1 0
cpuinfo.intrpt.cpu1 0
cputotals.systot.cpu1 0
cputotals.usertot.cpu1 100
cpuinfo.user.cpu2 100
cpuinfo.nice.cpu2 0
cpuinfo.sys.cpu2 0
cpuinfo.wait.cpu2 0
cpuinfo.irq.cpu2 0
cpuinfo.soft.cpu2 0
cpuinfo.steal.cpu2 0
cpuinfo.idle.cpu2 0
cpuinfo.intrpt.cpu2 0
cputotals.systot.cpu2 0
cputotals.usertot.cpu2 100
cpuinfo.user.cpu3 100
cpuinfo.nice.cpu3 0
cpuinfo.sys.cpu3 0
cpuinfo.wait.cpu3 0
cpuinfo.irq.cpu3 0
cpuinfo.soft.cpu3 0
cpuinfo.steal.cpu3 0
cpuinfo.idle.cpu3 0
cpuinfo.intrpt.cpu3 0
cputotals.systot.cpu3 0
cputotals.usertot.cpu3 100
cpuinfo.user.cpu4 2
cpuinfo.nice.cpu4 0
cpuinfo.sys.cpu4 1
cpuinfo.wait.cpu4 0
cpuinfo.irq.cpu4 0
cpuinfo.soft.cpu4 0
cpuinfo.steal.cpu4 0
cpuinfo.idle.cpu4 97
cpuinfo.intrpt.cpu4 0
cputotals.systot.cpu4 1
cputotals.usertot.cpu4 2
cpuinfo.user.cpu5 1
cpuinfo.nice.cpu5 0
cpuinfo.sys.cpu5 0
cpuinfo.wait.cpu5 0
cpuinfo.irq.cpu5 0
cpuinfo.soft.cpu5 0
cpuinfo.steal.cpu5 0
cpuinfo.idle.cpu5 99
cpuinfo.intrpt.cpu5 0
cputotals.systot.cpu5 0
cputotals.usertot.cpu5 1
cpuinfo.user.cpu6 9
cpuinfo.nice.cpu6 0
cpuinfo.sys.cpu6 3
cpuinfo.wait.cpu6 1
cpuinfo.irq.cpu6 0
cpuinfo.soft.cpu6 0
cpuinfo.steal.cpu6 0
cpuinfo.idle.cpu6 87
cpuinfo.intrpt.cpu6 0
cputotals.systot.cpu6 3
cputotals.usertot.cpu6 9
cpuinfo.user.cpu7 2
cpuinfo.nice.cpu7 0
cpuinfo.sys.cpu7 2
cpuinfo.wait.cpu7 0
cpuinfo.irq.cpu7 0
cpuinfo.soft.cpu7 0
cpuinfo.steal.cpu7 0
cpuinfo.idle.cpu7 96
cpuinfo.intrpt.cpu7 0
cputotals.systot.cpu7 2
cputotals.usertot.cpu7 2
cpuinfo.user.cpu8 100
cpuinfo.nice.cpu8 0
cpuinfo.sys.cpu8 0
cpuinfo.wait.cpu8 0
cpuinfo.irq.cpu8 0
cpuinfo.soft.cpu8 0
cpuinfo.steal.cpu8 0
cpuinfo.idle.cpu8 0
cpuinfo.intrpt.cpu8 0
cputotals.systot.cpu8 0
cputotals.usertot.cpu8 100
cpuinfo.user.cpu9 100
cpuinfo.nice.cpu9 0
cpuinfo.sys.cpu9 0
cpuinfo.wait.cpu9 0
cpuinfo.irq.cpu9 0
cpuinfo.soft.cpu9 0
cpuinfo.steal.cpu9 0
cpuinfo.idle.cpu9 0
cpuinfo.intrpt.cpu9 0
cputotals.systot.cpu9 0
cputotals.usertot.cpu9 100
cpuinfo.user.cpu10 100
cpuinfo.nice.cpu10 0
cpuinfo.sys.cpu10 0
cpuinfo.wait.cpu10 0
cpuinfo.irq.cpu10 0
cpuinfo.soft.cpu10 0
cpuinfo.steal.cpu10 0
cpuinfo.idle.cpu10 0
cpuinfo.intrpt.cpu10 0
cputotals.systot.cpu10 0
cputotals.usertot.cpu10 100
cpuinfo.user.cpu11 100
cpuinfo.nice.cpu11 0
cpuinfo.sys.cpu11 0
cpuinfo.wait.cpu11 0
cpuinfo.irq.cpu11 0
cpuinfo.soft.cpu11 0
cpuinfo.steal.cpu11 0
cpuinfo.idle.cpu11 0
cpuinfo.intrpt.cpu11 0
cputotals.systot.cpu11 0
cputotals.usertot.cpu11 100
cpuinfo.user.cpu12 19
cpuinfo.nice.cpu12 0
cpuinfo.sys.cpu12 9
cpuinfo.wait.cpu12 0
cpuinfo.irq.cpu12 0
cpuinfo.soft.cpu12 0
cpuinfo.steal.cpu12 0
cpuinfo.idle.cpu12 72
cpuinfo.intrpt.cpu12 0
cputotals.systot.cpu12 9
cputotals.usertot.cpu12 19
cpuinfo.user.cpu13 17
cpuinfo.nice.cpu13 0
cpuinfo.sys.cpu13 4
cpuinfo.wait.cpu13 0
cpuinfo.irq.cpu13 0
cpuinfo.soft.cpu13 0
cpuinfo.steal.cpu13 0
cpuinfo.idle.cpu13 79
cpuinfo.intrpt.cpu13 0
cputotals.systot.cpu13 4
cputotals.usertot.cpu13 17
cpuinfo.user.cpu14 9
cpuinfo.nice.cpu14 0
cpuinfo.sys.cpu14 0
cpuinfo.wait.cpu14 0
cpuinfo.irq.cpu14 0
cpuinfo.soft.cpu14 0
cpuinfo.steal.cpu14 0
cpuinfo.idle.cpu14 91
cpuinfo.intrpt.cpu14 0
cputotals.systot.cpu14 0
cputotals.usertot.cpu14 9
cpuinfo.user.cpu15 2
cpuinfo.nice.cpu15 0
cpuinfo.sys.cpu15 0
cpuinfo.wait.cpu15 0
cpuinfo.irq.cpu15 0
cpuinfo.soft.cpu15 0
cpuinfo.steal.cpu15 0
cpuinfo.idle.cpu15 98
cpuinfo.intrpt.cpu15 0
cputotals.systot.cpu15 0
cputotals.usertot.cpu15 2
sample.time 1733878187.001
cputotals.num 16
cputotals.user 51
cputotals.nice 0
cputotals.sys 0
cputotals.wait 0
cputotals.irq 0
cputotals.soft 0
cputotals.steal 0
cputotals.idle 49
cputotals.systot 0
cputotals.usertot 51
cputotals.total 51
ctxint.ctx 1902
ctxint.int 9578
proc.creates 18
proc.runq 2355
proc.run 9
cpuload.avg1 5.29
cpuload.avg5 5.62
cpuload.avg15 7.71
disktotals.reads 0
disktotals.readkbs 0
disktotals.writes 53
disktotals.writekbs 312
meminfo.tot 32776376
meminfo.used 17266328
meminfo.free 15510048
meminfo.shared 0
meminfo.buf 244960
meminfo.cached 11037148
meminfo.slab 824796
meminfo.map 1071140
meminfo.anon 4552684
meminfo.anonH 0
meminfo.dirty 1188
meminfo.locked 104
meminfo.inactive 10107708
meminfo.hugetot 0
meminfo.hugefree 0
meminfo.hugersvd 0
meminfo.sunreclaim 357692
swapinfo.total 8388604
swapinfo.free 8388604
swapinfo.used 0
swapinfo.in 0
swapinfo.out 0
pageinfo.fault 6644
pageinfo.majfault 0
pageinfo.in 0
pageinfo.out 312
nettotals.kbin 0
nettotals.pktin 0
nettotals.kbout 0
nettotals.pktout 0
cpuinfo.user.cpu0 100
cpuinfo.nice.cpu0 0
cpuinfo.sys.cpu0 0
cpuinfo.wait.cpu0 0
cpuinfo.irq.cpu0 0
cpuinfo.soft.cpu0 0
cpuinfo.steal.cpu0 0
cpuinfo.idle.cpu0 0
cpuinfo.intrpt.cpu0 0
cputotals.systot.cpu0 0
cputotals.usertot.cpu0 100
cpuinfo.user.cpu1 100
cpuinfo.nice.cpu1 0
cpuinfo.sys.cpu1 0
cpuinfo.wait.cpu1 0
cpuinfo.irq.cpu1 0
cpuinfo.soft.cpu1 0
cpuinfo.steal.cpu1 0
cpuinfo.idle.cpu1 0
cpuinfo.intrpt.cpu1 0
cputotals.systot.cpu1 0
cputotals.usertot.cpu1 100
cpuinfo.user.cpu2 100
cpuinfo.nice.cpu2 0
cpuinfo.sys.cpu2 0
cpuinfo.wait.cpu2 0
cpuinfo.irq.cpu2 0
cpuinfo.soft.cpu2 0
cpuinfo.steal.cpu2 0
cpuinfo.idle.cpu2 0
cpuinfo.intrpt.cpu2 0
cputotals.systot.cpu2 0
cputotals.usertot.cpu2 100
cpuinfo.user.cpu3 100
cpuinfo.nice.cpu3 0
cpuinfo.sys.cpu3 0
cpuinfo.wait.cpu3 0
cpuinfo.irq.cpu3 0
cpuinfo.soft.cpu3 0
cpuinfo.steal.cpu3 0
cpuinfo.idle.cpu3 0
cpuinfo.intrpt.cpu3 0
cputotals.systot.cpu3 0
cputotals.usertot.cpu3 100
cpuinfo.user.cpu4 2
cpuinfo.nice.cpu4 0
cpuinfo.sys.cpu4 1
cpuinfo.wait.cpu4 0
cpuinfo.irq.cpu4 0
cpuinfo.soft.cpu4 0
cpuinfo.steal.cpu4 0
cpuinfo.idle.cpu4 97
cpuinfo.intrpt.cpu4 0
cputotals.systot.cpu4 1
cputotals.usertot.cpu4 2
cpuinfo.user.cpu5 0
cpuinfo.nice.cpu5 0
cpuinfo.sys.cpu5 0
cpuinfo.wait.cpu5 0
cpuinfo.irq.cpu5 0
cpuinfo.soft.cpu5 0
cpuinfo.steal.cpu5 0
cpuinfo.idle.cpu5 100
cpuinfo.intrpt.cpu5 0
cputotals.systot.cpu5 0
cputotals.usertot.cpu5 0
cpuinfo.user.cpu6 1
cpuinfo.nice.cpu6 0
cpuinfo.sys.cpu6 0
cpuinfo.wait.cpu6 0
cpuinfo.irq.cpu6 0
cpuinfo.soft.cpu6 0
cpuinfo.steal.cpu6 0
cpuinfo.idle.cpu6 99
cpuinfo.intrpt.cpu6 0
cputotals.systot.cpu6 0
cputotals.usertot.cpu6 1
cpuinfo.user.cpu7 0
cpuinfo.nice.cpu7 0
cpuinfo.sys.cpu7 1
cpuinfo.wait.cpu7 0
cpuinfo.irq.cpu7 0
cpuinfo.soft.cpu7 0
cpuinfo.steal.cpu7 0
cpuinfo.idle.cpu7 99
cpuinfo.intrpt.cpu7 0
cputotals.systot.cpu7 1
cputotals.usertot.cpu7 0
cpuinfo.user.cpu8 100
cpuinfo.nice.cpu8 0
cpuinfo.sys.cpu8 0
cpuinfo.wait.cpu8 0
cpuinfo.irq.cpu8 0
cpuinfo.soft.cpu8 0
cpuinfo.steal.cpu8 0
cpuinfo.idle.cpu8 0
cpuinfo.intrpt.cpu8 0
cputotals.systot.cpu8 0
cputotals.usertot.cpu8 100
cpuinfo.user.cpu9 99
cpuinfo.nice.cpu9 0
cpuinfo.sys.cpu9 0
cpuinfo.wait.cpu9 0
cpuinfo.irq.cpu9 0
cpuinfo.soft.cpu9 1
cpuinfo.steal.cpu9 0
cpuinfo.idle.cpu9 0
cpuinfo.intrpt.cpu9 0
cputotals.systot.cpu9 1
cputotals.usertot.cpu9 99
cpuinfo.user.cpu10 100
cpuinfo.nice.cpu10 0
cpuinfo.sys.cpu10 0
cpuinfo.wait.cpu10 0
cpuinfo.irq.cpu10 0
cpuinfo.soft.cpu10 0
cpuinfo.steal.cpu10 0
cpuinfo.idle.cpu10 0
cpuinfo.intrpt.cpu10 0
cputotals.systot.cpu10 0
cputotals.usertot.cpu10 100
cpuinfo.user.cpu11 100
cpuinfo.nice.cpu11 0
cpuinfo.sys.cpu11 0
cpuinfo.wait.cpu11 0
cpuinfo.irq.cpu11 0
cpuinfo.soft.cpu11 0
cpuinfo.steal.cpu11 0
cpuinfo.idle.cpu11 0
cpuinfo.intrpt.cpu11 0
cputotals.systot.cpu11 0
cputotals.usertot.cpu11 100
cpuinfo.user.cpu12 2
cpuinfo.nice.cpu12 0
cpuinfo.sys.cpu12 0
cpuinfo.wait.cpu12 0
cpuinfo.irq.cpu12 0
cpuinfo.soft.cpu12 0
cpuinfo.steal.cpu12 0
cpuinfo.idle.cpu12 98
cpuinfo.intrpt.cpu12 0
cputotals.systot.cpu12 0
cputotals.usertot.cpu12 2
cpuinfo.user.cpu13 2
cpuinfo.nice.cpu13 0
cpuinfo.sys.cpu13 0
cpuinfo.wait.cpu13 0
cpuinfo.irq.cpu13 0
cpuinfo.soft.cpu13 0
cpuinfo.steal.cpu13 0
cpuinfo.idle.cpu13 98
cpuinfo.intrpt.cpu13 0
cputotals.systot.cpu13 0
cputotals.usertot.cpu13 2
cpuinfo.user.cpu14 2
cpuinfo.nice.cpu14 0
cpuinfo.sys.cpu14 1
cpuinfo.wait.cpu14 0
cpuinfo.irq.cpu14 0
cpuinfo.soft.cpu14 0
cpuinfo.steal.cpu14 0
cpuinfo.idle.cpu14 97
cpuinfo.intrpt.cpu14 0
cputotals.systot.cpu14 1
cputotals.usertot.cpu14 2
cpuinfo.user.cpu15 1
cpuinfo.nice.cpu15 0
cpuinfo.sys.cpu15 0
cpuinfo.wait.cpu15 0
cpuinfo.irq.cpu15 0
cpuinfo.soft.cpu15 0
cpuinfo.steal.cpu15 0
cpuinfo.idle.cpu15 99
cpuinfo.intrpt.cpu15 0
cputotals.systot.cpu15 0
cputotals.usertot.cpu15 1
Shutting down in response to signal TERM on System-Product-Name...
