waiting for 1 second sample...
sample.time 1733877644.004
cputotals.num 16
cputotals.user 100
cputotals.nice 0
cputotals.sys 0
cputotals.wait 0
cputotals.irq 0
cputotals.soft 0
cputotals.steal 0
cputotals.idle 0
cputotals.systot 0
cputotals.usertot 100
cputotals.total 100
ctxint.ctx 2430
ctxint.int 16725
proc.creates 43
proc.runq 2397
proc.run 16
cpuload.avg1 15.53
cpuload.avg5 15.65
cpuload.avg15 10.61
disktotals.reads 0
disktotals.readkbs 0
disktotals.writes 2
disktotals.writekbs 8
meminfo.tot 32776376
meminfo.used 17886396
meminfo.free 14889980
meminfo.shared 0
meminfo.buf 242268
meminfo.cached 11027224
meminfo.slab 823120
meminfo.map 1052272
meminfo.anon 5204940
meminfo.anonH 0
meminfo.dirty 3700
meminfo.locked 104
meminfo.inactive 10093332
meminfo.hugetot 0
meminfo.hugefree 0
meminfo.hugersvd 0
meminfo.sunreclaim 359372
swapinfo.total 8388604
swapinfo.free 8388604
swapinfo.used 0
swapinfo.in 0
swapinfo.out 0
pageinfo.fault 34228
pageinfo.majfault 0
pageinfo.in 0
pageinfo.out 8
nettotals.kbin 0
nettotals.pktin 0
nettotals.kbout 0
nettotals.pktout 0
cpuinfo.user.cpu0 100
cpuinfo.nice.cpu0 0
cpuinfo.sys.cpu0 0
cpuinfo.wait.cpu0 0
cpuinfo.irq.cpu0 0
cpuinfo.soft.cpu0 0
cpuinfo.steal.cpu0 0
cpuinfo.idle.cpu0 0
cpuinfo.intrpt.cpu0 0
cputotals.systot.cpu0 0
cputotals.usertot.cpu0 100
cpuinfo.user.cpu1 100
cpuinfo.nice.cpu1 0
cpuinfo.sys.cpu1 0
cpuinfo.wait.cpu1 0
cpuinfo.irq.cpu1 0
cpuinfo.soft.cpu1 0
cpuinfo.steal.cpu1 0
cpuinfo.idle.cpu1 0
cpuinfo.intrpt.cpu1 0
cputotals.systot.cpu1 0
cputotals.usertot.cpu1 100
cpuinfo.user.cpu2 100
cpuinfo.nice.cpu2 0
cpuinfo.sys.cpu2 0
cpuinfo.wait.cpu2 0
cpuinfo.irq.cpu2 0
cpuinfo.soft.cpu2 0
cpuinfo.steal.cpu2 0
cpuinfo.idle.cpu2 0
cpuinfo.intrpt.cpu2 0
cputotals.systot.cpu2 0
cputotals.usertot.cpu2 100
cpuinfo.user.cpu3 99
cpuinfo.nice.cpu3 0
cpuinfo.sys.cpu3 1
cpuinfo.wait.cpu3 0
cpuinfo.irq.cpu3 0
cpuinfo.soft.cpu3 0
cpuinfo.steal.cpu3 0
cpuinfo.idle.cpu3 0
cpuinfo.intrpt.cpu3 0
cputotals.systot.cpu3 1
cputotals.usertot.cpu3 99
cpuinfo.user.cpu4 99
cpuinfo.nice.cpu4 0
cpuinfo.sys.cpu4 1
cpuinfo.wait.cpu4 0
cpuinfo.irq.cpu4 0
cpuinfo.soft.cpu4 0
cpuinfo.steal.cpu4 0
cpuinfo.idle.cpu4 0
cpuinfo.intrpt.cpu4 0
cputotals.systot.cpu4 1
cputotals.usertot.cpu4 99
cpuinfo.user.cpu5 100
cpuinfo.nice.cpu5 0
cpuinfo.sys.cpu5 0
cpuinfo.wait.cpu5 0
cpuinfo.irq.cpu5 0
cpuinfo.soft.cpu5 0
cpuinfo.steal.cpu5 0
cpuinfo.idle.cpu5 0
cpuinfo.intrpt.cpu5 0
cputotals.systot.cpu5 0
cputotals.usertot.cpu5 100
cpuinfo.user.cpu6 99
cpuinfo.nice.cpu6 0
cpuinfo.sys.cpu6 1
cpuinfo.wait.cpu6 0
cpuinfo.irq.cpu6 0
cpuinfo.soft.cpu6 0
cpuinfo.steal.cpu6 0
cpuinfo.idle.cpu6 0
cpuinfo.intrpt.cpu6 0
cputotals.systot.cpu6 1
cputotals.usertot.cpu6 99
cpuinfo.user.cpu7 100
cpuinfo.nice.cpu7 0
cpuinfo.sys.cpu7 0
cpuinfo.wait.cpu7 0
cpuinfo.irq.cpu7 0
cpuinfo.soft.cpu7 0
cpuinfo.steal.cpu7 0
cpuinfo.idle.cpu7 0
cpuinfo.intrpt.cpu7 0
cputotals.systot.cpu7 0
cputotals.usertot.cpu7 100
cpuinfo.user.cpu8 99
cpuinfo.nice.cpu8 0
cpuinfo.sys.cpu8 1
cpuinfo.wait.cpu8 0
cpuinfo.irq.cpu8 0
cpuinfo.soft.cpu8 0
cpuinfo.steal.cpu8 0
cpuinfo.idle.cpu8 0
cpuinfo.intrpt.cpu8 0
cputotals.systot.cpu8 1
cputotals.usertot.cpu8 99
cpuinfo.user.cpu9 100
cpuinfo.nice.cpu9 0
cpuinfo.sys.cpu9 0
cpuinfo.wait.cpu9 0
cpuinfo.irq.cpu9 0
cpuinfo.soft.cpu9 0
cpuinfo.steal.cpu9 0
cpuinfo.idle.cpu9 0
cpuinfo.intrpt.cpu9 0
cputotals.systot.cpu9 0
cputotals.usertot.cpu9 100
cpuinfo.user.cpu10 99
cpuinfo.nice.cpu10 0
cpuinfo.sys.cpu10 1
cpuinfo.wait.cpu10 0
cpuinfo.irq.cpu10 0
cpuinfo.soft.cpu10 0
cpuinfo.steal.cpu10 0
cpuinfo.idle.cpu10 0
cpuinfo.intrpt.cpu10 0
cputotals.systot.cpu10 1
cputotals.usertot.cpu10 99
cpuinfo.user.cpu11 99
cpuinfo.nice.cpu11 0
cpuinfo.sys.cpu11 1
cpuinfo.wait.cpu11 0
cpuinfo.irq.cpu11 0
cpuinfo.soft.cpu11 0
cpuinfo.steal.cpu11 0
cpuinfo.idle.cpu11 0
cpuinfo.intrpt.cpu11 0
cputotals.systot.cpu11 1
cputotals.usertot.cpu11 99
cpuinfo.user.cpu12 99
cpuinfo.nice.cpu12 0
cpuinfo.sys.cpu12 1
cpuinfo.wait.cpu12 0
cpuinfo.irq.cpu12 0
cpuinfo.soft.cpu12 0
cpuinfo.steal.cpu12 0
cpuinfo.idle.cpu12 0
cpuinfo.intrpt.cpu12 0
cputotals.systot.cpu12 1
cputotals.usertot.cpu12 99
cpuinfo.user.cpu13 100
cpuinfo.nice.cpu13 0
cpuinfo.sys.cpu13 0
cpuinfo.wait.cpu13 0
cpuinfo.irq.cpu13 0
cpuinfo.soft.cpu13 0
cpuinfo.steal.cpu13 0
cpuinfo.idle.cpu13 0
cpuinfo.intrpt.cpu13 0
cputotals.systot.cpu13 0
cputotals.usertot.cpu13 100
cpuinfo.user.cpu14 99
cpuinfo.nice.cpu14 0
cpuinfo.sys.cpu14 1
cpuinfo.wait.cpu14 0
cpuinfo.irq.cpu14 0
cpuinfo.soft.cpu14 0
cpuinfo.steal.cpu14 0
cpuinfo.idle.cpu14 0
cpuinfo.intrpt.cpu14 0
cputotals.systot.cpu14 1
cputotals.usertot.cpu14 99
cpuinfo.user.cpu15 100
cpuinfo.nice.cpu15 0
cpuinfo.sys.cpu15 0
cpuinfo.wait.cpu15 0
cpuinfo.irq.cpu15 0
cpuinfo.soft.cpu15 0
cpuinfo.steal.cpu15 0
cpuinfo.idle.cpu15 0
cpuinfo.intrpt.cpu15 0
cputotals.systot.cpu15 0
cputotals.usertot.cpu15 100
sample.time 1733877645.004
cputotals.num 16
cputotals.user 98
cputotals.nice 0
cputotals.sys 2
cputotals.wait 0
cputotals.irq 0
cputotals.soft 0
cputotals.steal 0
cputotals.idle 0
cputotals.systot 2
cputotals.usertot 98
cputotals.total 100
ctxint.ctx 1660
ctxint.int 16451
proc.creates 9
proc.runq 2393
proc.run 17
cpuload.avg1 15.53
cpuload.avg5 15.65
cpuload.avg15 10.61
disktotals.reads 0
disktotals.readkbs 0
disktotals.writes 27
disktotals.writekbs 164
meminfo.tot 32776376
meminfo.used 17882832
meminfo.free 14893544
meminfo.shared 0
meminfo.buf 242268
meminfo.cached 11024104
meminfo.slab 823120
meminfo.map 1052224
meminfo.anon 5191924
meminfo.anonH 0
meminfo.dirty 3468
meminfo.locked 104
meminfo.inactive 10093348
meminfo.hugetot 0
meminfo.hugefree 0
meminfo.hugersvd 0
meminfo.sunreclaim 359372
swapinfo.total 8388604
swapinfo.free 8388604
swapinfo.used 0
swapinfo.in 0
swapinfo.out 0
pageinfo.fault 14459
pageinfo.majfault 0
pageinfo.in 0
pageinfo.out 164
nettotals.kbin 0
nettotals.pktin 0
nettotals.kbout 0
nettotals.pktout 0
cpuinfo.user.cpu0 100
cpuinfo.nice.cpu0 0
cpuinfo.sys.cpu0 0
cpuinfo.wait.cpu0 0
cpuinfo.irq.cpu0 0
cpuinfo.soft.cpu0 0
cpuinfo.steal.cpu0 0
cpuinfo.idle.cpu0 0
cpuinfo.intrpt.cpu0 0
cputotals.systot.cpu0 0
cputotals.usertot.cpu0 100
cpuinfo.user.cpu1 99
cpuinfo.nice.cpu1 0
cpuinfo.sys.cpu1 1
cpuinfo.wait.cpu1 0
cpuinfo.irq.cpu1 0
cpuinfo.soft.cpu1 0
cpuinfo.steal.cpu1 0
cpuinfo.idle.cpu1 0
cpuinfo.intrpt.cpu1 0
cputotals.systot.cpu1 1
cputotals.usertot.cpu1 99
cpuinfo.user.cpu2 100
cpuinfo.nice.cpu2 0
cpuinfo.sys.cpu2 0
cpuinfo.wait.cpu2 0
cpuinfo.irq.cpu2 0
cpuinfo.soft.cpu2 0
cpuinfo.steal.cpu2 0
cpuinfo.idle.cpu2 0
cpuinfo.intrpt.cpu2 0
cputotals.systot.cpu2 0
cputotals.usertot.cpu2 100
cpuinfo.user.cpu3 97
cpuinfo.nice.cpu3 0
cpuinfo.sys.cpu3 3
cpuinfo.wait.cpu3 0
cpuinfo.irq.cpu3 0
cpuinfo.soft.cpu3 0
cpuinfo.steal.cpu3 0
cpuinfo.idle.cpu3 0
cpuinfo.intrpt.cpu3 0
cputotals.systot.cpu3 3
cputotals.usertot.cpu3 97
cpuinfo.user.cpu4 99
cpuinfo.nice.cpu4 0
cpuinfo.sys.cpu4 1
cpuinfo.wait.cpu4 0
cpuinfo.irq.cpu4 0
cpuinfo.soft.cpu4 0
cpuinfo.steal.cpu4 0
cpuinfo.idle.cpu4 0
cpuinfo.intrpt.cpu4 0
cputotals.systot.cpu4 1
cputotals.usertot.cpu4 99
cpuinfo.user.cpu5 92
cpuinfo.nice.cpu5 0
cpuinfo.sys.cpu5 8
cpuinfo.wait.cpu5 0
cpuinfo.irq.cpu5 0
cpuinfo.soft.cpu5 0
cpuinfo.steal.cpu5 0
cpuinfo.idle.cpu5 0
cpuinfo.intrpt.cpu5 0
cputotals.systot.cpu5 8
cputotals.usertot.cpu5 92
cpuinfo.user.cpu6 98
cpuinfo.nice.cpu6 0
cpuinfo.sys.cpu6 2
cpuinfo.wait.cpu6 0
cpuinfo.irq.cpu6 0
cpuinfo.soft.cpu6 0
cpuinfo.steal.cpu6 0
cpuinfo.idle.cpu6 0
cpuinfo.intrpt.cpu6 0
cputotals.systot.cpu6 2
cputotals.usertot.cpu6 98
cpuinfo.user.cpu7 99
cpuinfo.nice.cpu7 0
cpuinfo.sys.cpu7 1
cpuinfo.wait.cpu7 0
cpuinfo.irq.cpu7 0
cpuinfo.soft.cpu7 0
cpuinfo.steal.cpu7 0
cpuinfo.idle.cpu7 0
cpuinfo.intrpt.cpu7 0
cputotals.systot.cpu7 1
cputotals.usertot.cpu7 99
cpuinfo.user.cpu8 100
cpuinfo.nice.cpu8 0
cpuinfo.sys.cpu8 0
cpuinfo.wait.cpu8 0
cpuinfo.irq.cpu8 0
cpuinfo.soft.cpu8 0
cpuinfo.steal.cpu8 0
cpuinfo.idle.cpu8 0
cpuinfo.intrpt.cpu8 0
cputotals.systot.cpu8 0
cputotals.usertot.cpu8 100
cpuinfo.user.cpu9 100
cpuinfo.nice.cpu9 0
cpuinfo.sys.cpu9 0
cpuinfo.wait.cpu9 0
cpuinfo.irq.cpu9 0
cpuinfo.soft.cpu9 0
cpuinfo.steal.cpu9 0
cpuinfo.idle.cpu9 0
cpuinfo.intrpt.cpu9 0
cputotals.systot.cpu9 0
cputotals.usertot.cpu9 100
cpuinfo.user.cpu10 100
cpuinfo.nice.cpu10 0
cpuinfo.sys.cpu10 0
cpuinfo.wait.cpu10 0
cpuinfo.irq.cpu10 0
cpuinfo.soft.cpu10 0
cpuinfo.steal.cpu10 0
cpuinfo.idle.cpu10 0
cpuinfo.intrpt.cpu10 0
cputotals.systot.cpu10 0
cputotals.usertot.cpu10 100
cpuinfo.user.cpu11 91
cpuinfo.nice.cpu11 0
cpuinfo.sys.cpu11 9
cpuinfo.wait.cpu11 0
cpuinfo.irq.cpu11 0
cpuinfo.soft.cpu11 0
cpuinfo.steal.cpu11 0
cpuinfo.idle.cpu11 0
cpuinfo.intrpt.cpu11 0
cputotals.systot.cpu11 9
cputotals.usertot.cpu11 91
cpuinfo.user.cpu12 100
cpuinfo.nice.cpu12 0
cpuinfo.sys.cpu12 0
cpuinfo.wait.cpu12 0
cpuinfo.irq.cpu12 0
cpuinfo.soft.cpu12 0
cpuinfo.steal.cpu12 0
cpuinfo.idle.cpu12 0
cpuinfo.intrpt.cpu12 0
cputotals.systot.cpu12 0
cputotals.usertot.cpu12 100
cpuinfo.user.cpu13 100
cpuinfo.nice.cpu13 0
cpuinfo.sys.cpu13 0
cpuinfo.wait.cpu13 0
cpuinfo.irq.cpu13 0
cpuinfo.soft.cpu13 0
cpuinfo.steal.cpu13 0
cpuinfo.idle.cpu13 0
cpuinfo.intrpt.cpu13 0
cputotals.systot.cpu13 0
cputotals.usertot.cpu13 100
cpuinfo.user.cpu14 100
cpuinfo.nice.cpu14 0
cpuinfo.sys.cpu14 0
cpuinfo.wait.cpu14 0
cpuinfo.irq.cpu14 0
cpuinfo.soft.cpu14 0
cpuinfo.steal.cpu14 0
cpuinfo.idle.cpu14 0
cpuinfo.intrpt.cpu14 0
cputotals.systot.cpu14 0
cputotals.usertot.cpu14 100
cpuinfo.user.cpu15 100
cpuinfo.nice.cpu15 0
cpuinfo.sys.cpu15 0
cpuinfo.wait.cpu15 0
cpuinfo.irq.cpu15 0
cpuinfo.soft.cpu15 0
cpuinfo.steal.cpu15 0
cpuinfo.idle.cpu15 0
cpuinfo.intrpt.cpu15 0
cputotals.systot.cpu15 0
cputotals.usertot.cpu15 100
sample.time 1733877646.005
cputotals.num 16
cputotals.user 99
cputotals.nice 0
cputotals.sys 1
cputotals.wait 0
cputotals.irq 0
cputotals.soft 0
cputotals.steal 0
cputotals.idle 0
cputotals.systot 1
cputotals.usertot 99
cputotals.total 100
ctxint.ctx 2752
ctxint.int 16725
proc.creates 41
proc.runq 2396
proc.run 16
cpuload.avg1 15.53
cpuload.avg5 15.65
cpuload.avg15 10.61
disktotals.reads 0
disktotals.readkbs 0
disktotals.writes 18
disktotals.writekbs 675
meminfo.tot 32776376
meminfo.used 17882940
meminfo.free 14893436
meminfo.shared 0
meminfo.buf 242304
meminfo.cached 11024120
meminfo.slab 823100
meminfo.map 1052208
meminfo.anon 5202656
meminfo.anonH 0
meminfo.dirty 3828
meminfo.locked 104
meminfo.inactive 10093388
meminfo.hugetot 0
meminfo.hugefree 0
meminfo.hugersvd 0
meminfo.sunreclaim 359344
swapinfo.total 8388604
swapinfo.free 8388604
swapinfo.used 0
swapinfo.in 0
swapinfo.out 0
pageinfo.fault 13887
pageinfo.majfault 0
pageinfo.in 0
pageinfo.out 675
nettotals.kbin 0
nettotals.pktin 0
nettotals.kbout 0
nettotals.pktout 0
cpuinfo.user.cpu0 100
cpuinfo.nice.cpu0 0
cpuinfo.sys.cpu0 0
cpuinfo.wait.cpu0 0
cpuinfo.irq.cpu0 0
cpuinfo.soft.cpu0 0
cpuinfo.steal.cpu0 0
cpuinfo.idle.cpu0 0
cpuinfo.intrpt.cpu0 0
cputotals.systot.cpu0 0
cputotals.usertot.cpu0 100
cpuinfo.user.cpu1 100
cpuinfo.nice.cpu1 0
cpuinfo.sys.cpu1 0
cpuinfo.wait.cpu1 0
cpuinfo.irq.cpu1 0
cpuinfo.soft.cpu1 0
cpuinfo.steal.cpu1 0
cpuinfo.idle.cpu1 0
cpuinfo.intrpt.cpu1 0
cputotals.systot.cpu1 0
cputotals.usertot.cpu1 100
cpuinfo.user.cpu2 99
cpuinfo.nice.cpu2 0
cpuinfo.sys.cpu2 1
cpuinfo.wait.cpu2 0
cpuinfo.irq.cpu2 0
cpuinfo.soft.cpu2 0
cpuinfo.steal.cpu2 0
cpuinfo.idle.cpu2 0
cpuinfo.intrpt.cpu2 0
cputotals.systot.cpu2 1
cputotals.usertot.cpu2 99
cpuinfo.user.cpu3 98
cpuinfo.nice.cpu3 0
cpuinfo.sys.cpu3 2
cpuinfo.wait.cpu3 0
cpuinfo.irq.cpu3 0
cpuinfo.soft.cpu3 0
cpuinfo.steal.cpu3 0
cpuinfo.idle.cpu3 0
cpuinfo.intrpt.cpu3 0
cputotals.systot.cpu3 2
cputotals.usertot.cpu3 98
cpuinfo.user.cpu4 92
cpuinfo.nice.cpu4 0
cpuinfo.sys.cpu4 8
cpuinfo.wait.cpu4 0
cpuinfo.irq.cpu4 0
cpuinfo.soft.cpu4 0
cpuinfo.steal.cpu4 0
cpuinfo.idle.cpu4 0
cpuinfo.intrpt.cpu4 0
cputotals.systot.cpu4 8
cputotals.usertot.cpu4 92
cpuinfo.user.cpu5 100
cpuinfo.nice.cpu5 0
cpuinfo.sys.cpu5 0
cpuinfo.wait.cpu5 0
cpuinfo.irq.cpu5 0
cpuinfo.soft.cpu5 0
cpuinfo.steal.cpu5 0
cpuinfo.idle.cpu5 0
cpuinfo.intrpt.cpu5 0
cputotals.systot.cpu5 0
cputotals.usertot.cpu5 100
cpuinfo.user.cpu6 99
cpuinfo.nice.cpu6 0
cpuinfo.sys.cpu6 1
cpuinfo.wait.cpu6 0
cpuinfo.irq.cpu6 0
cpuinfo.soft.cpu6 0
cpuinfo.steal.cpu6 0
cpuinfo.idle.cpu6 0
cpuinfo.intrpt.cpu6 0
cputotals.systot.cpu6 1
cputotals.usertot.cpu6 99
cpuinfo.user.cpu7 93
cpuinfo.nice.cpu7 0
cpuinfo.sys.cpu7 7
cpuinfo.wait.cpu7 0
cpuinfo.irq.cpu7 0
cpuinfo.soft.cpu7 0
cpuinfo.steal.cpu7 0
cpuinfo.idle.cpu7 0
cpuinfo.intrpt.cpu7 0
cputotals.systot.cpu7 7
cputotals.usertot.cpu7 93
cpuinfo.user.cpu8 100
cpuinfo.nice.cpu8 0
cpuinfo.sys.cpu8 0
cpuinfo.wait.cpu8 0
cpuinfo.irq.cpu8 0
cpuinfo.soft.cpu8 0
cpuinfo.steal.cpu8 0
cpuinfo.idle.cpu8 0
cpuinfo.intrpt.cpu8 0
cputotals.systot.cpu8 0
cputotals.usertot.cpu8 100
cpuinfo.user.cpu9 100
cpuinfo.nice.cpu9 0
cpuinfo.sys.cpu9 0
cpuinfo.wait.cpu9 0
cpuinfo.irq.cpu9 0
cpuinfo.soft.cpu9 0
cpuinfo.steal.cpu9 0
cpuinfo.idle.cpu9 0
cpuinfo.intrpt.cpu9 0
cputotals.systot.cpu9 0
cputotals.usertot.cpu9 100
cpuinfo.user.cpu10 99
cpuinfo.nice.cpu10 0
cpuinfo.sys.cpu10 1
cpuinfo.wait.cpu10 0
cpuinfo.irq.cpu10 0
cpuinfo.soft.cpu10 0
cpuinfo.steal.cpu10 0
cpuinfo.idle.cpu10 0
cpuinfo.intrpt.cpu10 0
cputotals.systot.cpu10 1
cputotals.usertot.cpu10 99
cpuinfo.user.cpu11 99
cpuinfo.nice.cpu11 0
cpuinfo.sys.cpu11 1
cpuinfo.wait.cpu11 0
cpuinfo.irq.cpu11 0
cpuinfo.soft.cpu11 0
cpuinfo.steal.cpu11 0
cpuinfo.idle.cpu11 0
cpuinfo.intrpt.cpu11 0
cputotals.systot.cpu11 1
cputotals.usertot.cpu11 99
cpuinfo.user.cpu12 100
cpuinfo.nice.cpu12 0
cpuinfo.sys.cpu12 0
cpuinfo.wait.cpu12 0
cpuinfo.irq.cpu12 0
cpuinfo.soft.cpu12 0
cpuinfo.steal.cpu12 0
cpuinfo.idle.cpu12 0
cpuinfo.intrpt.cpu12 0
cputotals.systot.cpu12 0
cputotals.usertot.cpu12 100
cpuinfo.user.cpu13 99
cpuinfo.nice.cpu13 0
cpuinfo.sys.cpu13 1
cpuinfo.wait.cpu13 0
cpuinfo.irq.cpu13 0
cpuinfo.soft.cpu13 0
cpuinfo.steal.cpu13 0
cpuinfo.idle.cpu13 0
cpuinfo.intrpt.cpu13 0
cputotals.systot.cpu13 1
cputotals.usertot.cpu13 99
cpuinfo.user.cpu14 100
cpuinfo.nice.cpu14 0
cpuinfo.sys.cpu14 0
cpuinfo.wait.cpu14 0
cpuinfo.irq.cpu14 0
cpuinfo.soft.cpu14 0
cpuinfo.steal.cpu14 0
cpuinfo.idle.cpu14 0
cpuinfo.intrpt.cpu14 0
cputotals.systot.cpu14 0
cputotals.usertot.cpu14 100
cpuinfo.user.cpu15 100
cpuinfo.nice.cpu15 0
cpuinfo.sys.cpu15 0
cpuinfo.wait.cpu15 0
cpuinfo.irq.cpu15 0
cpuinfo.soft.cpu15 0
cpuinfo.steal.cpu15 0
cpuinfo.idle.cpu15 0
cpuinfo.intrpt.cpu15 0
cputotals.systot.cpu15 0
cputotals.usertot.cpu15 100
sample.time 1733877647.005
cputotals.num 16
cputotals.user 100
cputotals.nice 0
cputotals.sys 0
cputotals.wait 0
cputotals.irq 0
cputotals.soft 0
cputotals.steal 0
cputotals.idle 0
cputotals.systot 0
cputotals.usertot 100
cputotals.total 100
ctxint.ctx 1560
ctxint.int 16460
proc.creates 8
proc.runq 2396
proc.run 16
cpuload.avg1 15.57
cpuload.avg5 15.66
cpuload.avg15 10.64
disktotals.reads 0
disktotals.readkbs 0
disktotals.writes 0
disktotals.writekbs 0
meminfo.tot 32776376
meminfo.used 17908592
meminfo.free 14867784
meminfo.shared 0
meminfo.buf 242308
meminfo.cached 11024136
meminfo.slab 823136
meminfo.map 1052224
meminfo.anon 5236040
meminfo.anonH 0
meminfo.dirty 3844
meminfo.locked 104
meminfo.inactive 10093412
meminfo.hugetot 0
meminfo.hugefree 0
meminfo.hugersvd 0
meminfo.sunreclaim 359344
swapinfo.total 8388604
swapinfo.free 8388604
swapinfo.used 0
swapinfo.in 0
swapinfo.out 0
pageinfo.fault 11239
pageinfo.majfault 0
pageinfo.in 0
pageinfo.out 0
nettotals.kbin 0
nettotals.pktin 0
nettotals.kbout 0
nettotals.pktout 0
cpuinfo.user.cpu0 100
cpuinfo.nice.cpu0 0
cpuinfo.sys.cpu0 0
cpuinfo.wait.cpu0 0
cpuinfo.irq.cpu0 0
cpuinfo.soft.cpu0 0
cpuinfo.steal.cpu0 0
cpuinfo.idle.cpu0 0
cpuinfo.intrpt.cpu0 0
cputotals.systot.cpu0 0
cputotals.usertot.cpu0 100
cpuinfo.user.cpu1 100
cpuinfo.nice.cpu1 0
cpuinfo.sys.cpu1 0
cpuinfo.wait.cpu1 0
cpuinfo.irq.cpu1 0
cpuinfo.soft.cpu1 0
cpuinfo.steal.cpu1 0
cpuinfo.idle.cpu1 0
cpuinfo.intrpt.cpu1 0
cputotals.systot.cpu1 0
cputotals.usertot.cpu1 100
cpuinfo.user.cpu2 100
cpuinfo.nice.cpu2 0
cpuinfo.sys.cpu2 0
cpuinfo.wait.cpu2 0
cpuinfo.irq.cpu2 0
cpuinfo.soft.cpu2 0
cpuinfo.steal.cpu2 0
cpuinfo.idle.cpu2 0
cpuinfo.intrpt.cpu2 0
cputotals.systot.cpu2 0
cputotals.usertot.cpu2 100
cpuinfo.user.cpu3 100
cpuinfo.nice.cpu3 0
cpuinfo.sys.cpu3 0
cpuinfo.wait.cpu3 0
cpuinfo.irq.cpu3 0
cpuinfo.soft.cpu3 0
cpuinfo.steal.cpu3 0
cpuinfo.idle.cpu3 0
cpuinfo.intrpt.cpu3 0
cputotals.systot.cpu3 0
cputotals.usertot.cpu3 100
cpuinfo.user.cpu4 99
cpuinfo.nice.cpu4 0
cpuinfo.sys.cpu4 1
cpuinfo.wait.cpu4 0
cpuinfo.irq.cpu4 0
cpuinfo.soft.cpu4 0
cpuinfo.steal.cpu4 0
cpuinfo.idle.cpu4 0
cpuinfo.intrpt.cpu4 0
cputotals.systot.cpu4 1
cputotals.usertot.cpu4 99
cpuinfo.user.cpu5 100
cpuinfo.nice.cpu5 0
cpuinfo.sys.cpu5 0
cpuinfo.wait.cpu5 0
cpuinfo.irq.cpu5 0
cpuinfo.soft.cpu5 0
cpuinfo.steal.cpu5 0
cpuinfo.idle.cpu5 0
cpuinfo.intrpt.cpu5 0
cputotals.systot.cpu5 0
cputotals.usertot.cpu5 100
cpuinfo.user.cpu6 100
cpuinfo.nice.cpu6 0
cpuinfo.sys.cpu6 0
cpuinfo.wait.cpu6 0
cpuinfo.irq.cpu6 0
cpuinfo.soft.cpu6 0
cpuinfo.steal.cpu6 0
cpuinfo.idle.cpu6 0
cpuinfo.intrpt.cpu6 0
cputotals.systot.cpu6 0
cputotals.usertot.cpu6 100
cpuinfo.user.cpu7 100
cpuinfo.nice.cpu7 0
cpuinfo.sys.cpu7 0
cpuinfo.wait.cpu7 0
cpuinfo.irq.cpu7 0
cpuinfo.soft.cpu7 0
cpuinfo.steal.cpu7 0
cpuinfo.idle.cpu7 0
cpuinfo.intrpt.cpu7 0
cputotals.systot.cpu7 0
cputotals.usertot.cpu7 100
cpuinfo.user.cpu8 100
cpuinfo.nice.cpu8 0
cpuinfo.sys.cpu8 0
cpuinfo.wait.cpu8 0
cpuinfo.irq.cpu8 0
cpuinfo.soft.cpu8 0
cpuinfo.steal.cpu8 0
cpuinfo.idle.cpu8 0
cpuinfo.intrpt.cpu8 0
cputotals.systot.cpu8 0
cputotals.usertot.cpu8 100
cpuinfo.user.cpu9 99
cpuinfo.nice.cpu9 0
cpuinfo.sys.cpu9 1
cpuinfo.wait.cpu9 0
cpuinfo.irq.cpu9 0
cpuinfo.soft.cpu9 0
cpuinfo.steal.cpu9 0
cpuinfo.idle.cpu9 0
cpuinfo.intrpt.cpu9 0
cputotals.systot.cpu9 1
cputotals.usertot.cpu9 99
cpuinfo.user.cpu10 100
cpuinfo.nice.cpu10 0
cpuinfo.sys.cpu10 0
cpuinfo.wait.cpu10 0
cpuinfo.irq.cpu10 0
cpuinfo.soft.cpu10 0
cpuinfo.steal.cpu10 0
cpuinfo.idle.cpu10 0
cpuinfo.intrpt.cpu10 0
cputotals.systot.cpu10 0
cputotals.usertot.cpu10 100
cpuinfo.user.cpu11 100
cpuinfo.nice.cpu11 0
cpuinfo.sys.cpu11 0
cpuinfo.wait.cpu11 0
cpuinfo.irq.cpu11 0
cpuinfo.soft.cpu11 0
cpuinfo.steal.cpu11 0
cpuinfo.idle.cpu11 0
cpuinfo.intrpt.cpu11 0
cputotals.systot.cpu11 0
cputotals.usertot.cpu11 100
cpuinfo.user.cpu12 100
cpuinfo.nice.cpu12 0
cpuinfo.sys.cpu12 0
cpuinfo.wait.cpu12 0
cpuinfo.irq.cpu12 0
cpuinfo.soft.cpu12 0
cpuinfo.steal.cpu12 0
cpuinfo.idle.cpu12 0
cpuinfo.intrpt.cpu12 0
cputotals.systot.cpu12 0
cputotals.usertot.cpu12 100
cpuinfo.user.cpu13 100
cpuinfo.nice.cpu13 0
cpuinfo.sys.cpu13 0
cpuinfo.wait.cpu13 0
cpuinfo.irq.cpu13 0
cpuinfo.soft.cpu13 0
cpuinfo.steal.cpu13 0
cpuinfo.idle.cpu13 0
cpuinfo.intrpt.cpu13 0
cputotals.systot.cpu13 0
cputotals.usertot.cpu13 100
cpuinfo.user.cpu14 100
cpuinfo.nice.cpu14 0
cpuinfo.sys.cpu14 0
cpuinfo.wait.cpu14 0
cpuinfo.irq.cpu14 0
cpuinfo.soft.cpu14 0
cpuinfo.steal.cpu14 0
cpuinfo.idle.cpu14 0
cpuinfo.intrpt.cpu14 0
cputotals.systot.cpu14 0
cputotals.usertot.cpu14 100
cpuinfo.user.cpu15 100
cpuinfo.nice.cpu15 0
cpuinfo.sys.cpu15 0
cpuinfo.wait.cpu15 0
cpuinfo.irq.cpu15 0
cpuinfo.soft.cpu15 0
cpuinfo.steal.cpu15 0
cpuinfo.idle.cpu15 0
cpuinfo.intrpt.cpu15 0
cputotals.systot.cpu15 0
cputotals.usertot.cpu15 100
sample.time 1733877648.004
cputotals.num 16
cputotals.user 99
cputotals.nice 0
cputotals.sys 1
cputotals.wait 0
cputotals.irq 0
cputotals.soft 0
cputotals.steal 0
cputotals.idle 0
cputotals.systot 1
cputotals.usertot 99
cputotals.total 100
ctxint.ctx 2559
ctxint.int 16674
proc.creates 58
proc.runq 2397
proc.run 18
cpuload.avg1 15.57
cpuload.avg5 15.66
cpuload.avg15 10.64
disktotals.reads 0
disktotals.readkbs 0
disktotals.writes 47
disktotals.writekbs 248
meminfo.tot 32776376
meminfo.used 17915892
meminfo.free 14860484
meminfo.shared 0
meminfo.buf 242308
meminfo.cached 11024140
meminfo.slab 823160
meminfo.map 1052200
meminfo.anon 5240096
meminfo.anonH 0
meminfo.dirty 3848
meminfo.locked 104
meminfo.inactive 10093412
meminfo.hugetot 0
meminfo.hugefree 0
meminfo.hugersvd 0
meminfo.sunreclaim 359368
swapinfo.total 8388604
swapinfo.free 8388604
swapinfo.used 0
swapinfo.in 0
swapinfo.out 0
pageinfo.fault 13312
pageinfo.majfault 0
pageinfo.in 0
pageinfo.out 248
nettotals.kbin 0
nettotals.pktin 0
nettotals.kbout 0
nettotals.pktout 0
cpuinfo.user.cpu0 99
cpuinfo.nice.cpu0 0
cpuinfo.sys.cpu0 1
cpuinfo.wait.cpu0 0
cpuinfo.irq.cpu0 0
cpuinfo.soft.cpu0 0
cpuinfo.steal.cpu0 0
cpuinfo.idle.cpu0 0
cpuinfo.intrpt.cpu0 0
cputotals.systot.cpu0 1
cputotals.usertot.cpu0 99
cpuinfo.user.cpu1 100
cpuinfo.nice.cpu1 0
cpuinfo.sys.cpu1 0
cpuinfo.wait.cpu1 0
cpuinfo.irq.cpu1 0
cpuinfo.soft.cpu1 0
cpuinfo.steal.cpu1 0
cpuinfo.idle.cpu1 0
cpuinfo.intrpt.cpu1 0
cputotals.systot.cpu1 0
cputotals.usertot.cpu1 100
cpuinfo.user.cpu2 97
cpuinfo.nice.cpu2 0
cpuinfo.sys.cpu2 3
cpuinfo.wait.cpu2 0
cpuinfo.irq.cpu2 0
cpuinfo.soft.cpu2 0
cpuinfo.steal.cpu2 0
cpuinfo.idle.cpu2 0
cpuinfo.intrpt.cpu2 0
cputotals.systot.cpu2 3
cputotals.usertot.cpu2 97
cpuinfo.user.cpu3 99
cpuinfo.nice.cpu3 0
cpuinfo.sys.cpu3 1
cpuinfo.wait.cpu3 0
cpuinfo.irq.cpu3 0
cpuinfo.soft.cpu3 0
cpuinfo.steal.cpu3 0
cpuinfo.idle.cpu3 0
cpuinfo.intrpt.cpu3 0
cputotals.systot.cpu3 1
cputotals.usertot.cpu3 99
cpuinfo.user.cpu4 100
cpuinfo.nice.cpu4 0
cpuinfo.sys.cpu4 0
cpuinfo.wait.cpu4 0
cpuinfo.irq.cpu4 0
cpuinfo.soft.cpu4 0
cpuinfo.steal.cpu4 0
cpuinfo.idle.cpu4 0
cpuinfo.intrpt.cpu4 0
cputotals.systot.cpu4 0
cputotals.usertot.cpu4 100
cpuinfo.user.cpu5 99
cpuinfo.nice.cpu5 0
cpuinfo.sys.cpu5 1
cpuinfo.wait.cpu5 0
cpuinfo.irq.cpu5 0
cpuinfo.soft.cpu5 0
cpuinfo.steal.cpu5 0
cpuinfo.idle.cpu5 0
cpuinfo.intrpt.cpu5 0
cputotals.systot.cpu5 1
cputotals.usertot.cpu5 99
cpuinfo.user.cpu6 100
cpuinfo.nice.cpu6 0
cpuinfo.sys.cpu6 0
cpuinfo.wait.cpu6 0
cpuinfo.irq.cpu6 0
cpuinfo.soft.cpu6 0
cpuinfo.steal.cpu6 0
cpuinfo.idle.cpu6 0
cpuinfo.intrpt.cpu6 0
cputotals.systot.cpu6 0
cputotals.usertot.cpu6 100
cpuinfo.user.cpu7 99
cpuinfo.nice.cpu7 0
cpuinfo.sys.cpu7 1
cpuinfo.wait.cpu7 0
cpuinfo.irq.cpu7 0
cpuinfo.soft.cpu7 0
cpuinfo.steal.cpu7 0
cpuinfo.idle.cpu7 0
cpuinfo.intrpt.cpu7 0
cputotals.systot.cpu7 1
cputotals.usertot.cpu7 99
cpuinfo.user.cpu8 99
cpuinfo.nice.cpu8 0
cpuinfo.sys.cpu8 1
cpuinfo.wait.cpu8 0
cpuinfo.irq.cpu8 0
cpuinfo.soft.cpu8 0
cpuinfo.steal.cpu8 0
cpuinfo.idle.cpu8 0
cpuinfo.intrpt.cpu8 0
cputotals.systot.cpu8 1
cputotals.usertot.cpu8 99
cpuinfo.user.cpu9 100
cpuinfo.nice.cpu9 0
cpuinfo.sys.cpu9 0
cpuinfo.wait.cpu9 0
cpuinfo.irq.cpu9 0
cpuinfo.soft.cpu9 0
cpuinfo.steal.cpu9 0
cpuinfo.idle.cpu9 0
cpuinfo.intrpt.cpu9 0
cputotals.systot.cpu9 0
cputotals.usertot.cpu9 100
cpuinfo.user.cpu10 100
cpuinfo.nice.cpu10 0
cpuinfo.sys.cpu10 0
cpuinfo.wait.cpu10 0
cpuinfo.irq.cpu10 0
cpuinfo.soft.cpu10 0
cpuinfo.steal.cpu10 0
cpuinfo.idle.cpu10 0
cpuinfo.intrpt.cpu10 0
cputotals.systot.cpu10 0
cputotals.usertot.cpu10 100
cpuinfo.user.cpu11 100
cpuinfo.nice.cpu11 0
cpuinfo.sys.cpu11 0
cpuinfo.wait.cpu11 0
cpuinfo.irq.cpu11 0
cpuinfo.soft.cpu11 0
cpuinfo.steal.cpu11 0
cpuinfo.idle.cpu11 0
cpuinfo.intrpt.cpu11 0
cputotals.systot.cpu11 0
cputotals.usertot.cpu11 100
cpuinfo.user.cpu12 100
cpuinfo.nice.cpu12 0
cpuinfo.sys.cpu12 0
cpuinfo.wait.cpu12 0
cpuinfo.irq.cpu12 0
cpuinfo.soft.cpu12 0
cpuinfo.steal.cpu12 0
cpuinfo.idle.cpu12 0
cpuinfo.intrpt.cpu12 0
cputotals.systot.cpu12 0
cputotals.usertot.cpu12 100
cpuinfo.user.cpu13 99
cpuinfo.nice.cpu13 0
cpuinfo.sys.cpu13 1
cpuinfo.wait.cpu13 0
cpuinfo.irq.cpu13 0
cpuinfo.soft.cpu13 0
cpuinfo.steal.cpu13 0
cpuinfo.idle.cpu13 0
cpuinfo.intrpt.cpu13 0
cputotals.systot.cpu13 1
cputotals.usertot.cpu13 99
cpuinfo.user.cpu14 92
cpuinfo.nice.cpu14 0
cpuinfo.sys.cpu14 8
cpuinfo.wait.cpu14 0
cpuinfo.irq.cpu14 0
cpuinfo.soft.cpu14 0
cpuinfo.steal.cpu14 0
cpuinfo.idle.cpu14 0
cpuinfo.intrpt.cpu14 0
cputotals.systot.cpu14 8
cputotals.usertot.cpu14 92
cpuinfo.user.cpu15 99
cpuinfo.nice.cpu15 0
cpuinfo.sys.cpu15 1
cpuinfo.wait.cpu15 0
cpuinfo.irq.cpu15 0
cpuinfo.soft.cpu15 0
cpuinfo.steal.cpu15 0
cpuinfo.idle.cpu15 0
cpuinfo.intrpt.cpu15 0
cputotals.systot.cpu15 1
cputotals.usertot.cpu15 99
sample.time 1733877649.006
cputotals.num 16
cputotals.user 99
cputotals.nice 0
cputotals.sys 1
cputotals.wait 0
cputotals.irq 0
cputotals.soft 0
cputotals.steal 0
cputotals.idle 0
cputotals.systot 1
cputotals.usertot 99
cputotals.total 100
ctxint.ctx 2948
ctxint.int 16675
proc.creates 109
proc.runq 2397
proc.run 16
cpuload.avg1 15.57
cpuload.avg5 15.66
cpuload.avg15 10.64
disktotals.reads 0
disktotals.readkbs 0
disktotals.writes 2
disktotals.writekbs 8
meminfo.tot 32776376
meminfo.used 17920128
meminfo.free 14856248
meminfo.shared 0
meminfo.buf 242308
meminfo.cached 11024156
meminfo.slab 823068
meminfo.map 1052224
meminfo.anon 5240172
meminfo.anonH 0
meminfo.dirty 3616
meminfo.locked 104
meminfo.inactive 10093440
meminfo.hugetot 0
meminfo.hugefree 0
meminfo.hugersvd 0
meminfo.sunreclaim 359276
swapinfo.total 8388604
swapinfo.free 8388604
swapinfo.used 0
swapinfo.in 0
swapinfo.out 0
pageinfo.fault 23472
pageinfo.majfault 0
pageinfo.in 0
pageinfo.out 8
nettotals.kbin 0
nettotals.pktin 0
nettotals.kbout 0
nettotals.pktout 0
cpuinfo.user.cpu0 100
cpuinfo.nice.cpu0 0
cpuinfo.sys.cpu0 0
cpuinfo.wait.cpu0 0
cpuinfo.irq.cpu0 0
cpuinfo.soft.cpu0 0
cpuinfo.steal.cpu0 0
cpuinfo.idle.cpu0 0
cpuinfo.intrpt.cpu0 0
cputotals.systot.cpu0 0
cputotals.usertot.cpu0 100
cpuinfo.user.cpu1 99
cpuinfo.nice.cpu1 0
cpuinfo.sys.cpu1 1
cpuinfo.wait.cpu1 0
cpuinfo.irq.cpu1 0
cpuinfo.soft.cpu1 0
cpuinfo.steal.cpu1 0
cpuinfo.idle.cpu1 0
cpuinfo.intrpt.cpu1 0
cputotals.systot.cpu1 1
cputotals.usertot.cpu1 99
cpuinfo.user.cpu2 99
cpuinfo.nice.cpu2 0
cpuinfo.sys.cpu2 1
cpuinfo.wait.cpu2 0
cpuinfo.irq.cpu2 0
cpuinfo.soft.cpu2 0
cpuinfo.steal.cpu2 0
cpuinfo.idle.cpu2 0
cpuinfo.intrpt.cpu2 0
cputotals.systot.cpu2 1
cputotals.usertot.cpu2 99
cpuinfo.user.cpu3 100
cpuinfo.nice.cpu3 0
cpuinfo.sys.cpu3 0
cpuinfo.wait.cpu3 0
cpuinfo.irq.cpu3 0
cpuinfo.soft.cpu3 0
cpuinfo.steal.cpu3 0
cpuinfo.idle.cpu3 0
cpuinfo.intrpt.cpu3 0
cputotals.systot.cpu3 0
cputotals.usertot.cpu3 100
cpuinfo.user.cpu4 97
cpuinfo.nice.cpu4 0
cpuinfo.sys.cpu4 3
cpuinfo.wait.cpu4 0
cpuinfo.irq.cpu4 0
cpuinfo.soft.cpu4 0
cpuinfo.steal.cpu4 0
cpuinfo.idle.cpu4 0
cpuinfo.intrpt.cpu4 0
cputotals.systot.cpu4 3
cputotals.usertot.cpu4 97
cpuinfo.user.cpu5 100
cpuinfo.nice.cpu5 0
cpuinfo.sys.cpu5 0
cpuinfo.wait.cpu5 0
cpuinfo.irq.cpu5 0
cpuinfo.soft.cpu5 0
cpuinfo.steal.cpu5 0
cpuinfo.idle.cpu5 0
cpuinfo.intrpt.cpu5 0
cputotals.systot.cpu5 0
cputotals.usertot.cpu5 100
cpuinfo.user.cpu6 100
cpuinfo.nice.cpu6 0
cpuinfo.sys.cpu6 0
cpuinfo.wait.cpu6 0
cpuinfo.irq.cpu6 0
cpuinfo.soft.cpu6 0
cpuinfo.steal.cpu6 0
cpuinfo.idle.cpu6 0
cpuinfo.intrpt.cpu6 0
cputotals.systot.cpu6 0
cputotals.usertot.cpu6 100
cpuinfo.user.cpu7 99
cpuinfo.nice.cpu7 0
cpuinfo.sys.cpu7 1
cpuinfo.wait.cpu7 0
cpuinfo.irq.cpu7 0
cpuinfo.soft.cpu7 0
cpuinfo.steal.cpu7 0
cpuinfo.idle.cpu7 0
cpuinfo.intrpt.cpu7 0
cputotals.systot.cpu7 1
cputotals.usertot.cpu7 99
cpuinfo.user.cpu8 100
cpuinfo.nice.cpu8 0
cpuinfo.sys.cpu8 0
cpuinfo.wait.cpu8 0
cpuinfo.irq.cpu8 0
cpuinfo.soft.cpu8 0
cpuinfo.steal.cpu8 0
cpuinfo.idle.cpu8 0
cpuinfo.intrpt.cpu8 0
cputotals.systot.cpu8 0
cputotals.usertot.cpu8 100
cpuinfo.user.cpu9 100
cpuinfo.nice.cpu9 0
cpuinfo.sys.cpu9 0
cpuinfo.wait.cpu9 0
cpuinfo.irq.cpu9 0
cpuinfo.soft.cpu9 0
cpuinfo.steal.cpu9 0
cpuinfo.idle.cpu9 0
cpuinfo.intrpt.cpu9 0
cputotals.systot.cpu9 0
cputotals.usertot.cpu9 100
cpuinfo.user.cpu10 99
cpuinfo.nice.cpu10 0
cpuinfo.sys.cpu10 1
cpuinfo.wait.cpu10 0
cpuinfo.irq.cpu10 0
cpuinfo.soft.cpu10 0
cpuinfo.steal.cpu10 0
cpuinfo.idle.cpu10 0
cpuinfo.intrpt.cpu10 0
cputotals.systot.cpu10 1
cputotals.usertot.cpu10 99
cpuinfo.user.cpu11 99
cpuinfo.nice.cpu11 0
cpuinfo.sys.cpu11 1
cpuinfo.wait.cpu11 0
cpuinfo.irq.cpu11 0
cpuinfo.soft.cpu11 0
cpuinfo.steal.cpu11 0
cpuinfo.idle.cpu11 0
cpuinfo.intrpt.cpu11 0
cputotals.systot.cpu11 1
cputotals.usertot.cpu11 99
cpuinfo.user.cpu12 99
cpuinfo.nice.cpu12 0
cpuinfo.sys.cpu12 1
cpuinfo.wait.cpu12 0
cpuinfo.irq.cpu12 0
cpuinfo.soft.cpu12 0
cpuinfo.steal.cpu12 0
cpuinfo.idle.cpu12 0
cpuinfo.intrpt.cpu12 0
cputotals.systot.cpu12 1
cputotals.usertot.cpu12 99
cpuinfo.user.cpu13 100
cpuinfo.nice.cpu13 0
cpuinfo.sys.cpu13 0
cpuinfo.wait.cpu13 0
cpuinfo.irq.cpu13 0
cpuinfo.soft.cpu13 0
cpuinfo.steal.cpu13 0
cpuinfo.idle.cpu13 0
cpuinfo.intrpt.cpu13 0
cputotals.systot.cpu13 0
cputotals.usertot.cpu13 100
cpuinfo.user.cpu14 100
cpuinfo.nice.cpu14 0
cpuinfo.sys.cpu14 0
cpuinfo.wait.cpu14 0
cpuinfo.irq.cpu14 0
cpuinfo.soft.cpu14 0
cpuinfo.steal.cpu14 0
cpuinfo.idle.cpu14 0
cpuinfo.intrpt.cpu14 0
cputotals.systot.cpu14 0
cputotals.usertot.cpu14 100
cpuinfo.user.cpu15 100
cpuinfo.nice.cpu15 0
cpuinfo.sys.cpu15 0
cpuinfo.wait.cpu15 0
cpuinfo.irq.cpu15 0
cpuinfo.soft.cpu15 0
cpuinfo.steal.cpu15 0
cpuinfo.idle.cpu15 0
cpuinfo.intrpt.cpu15 0
cputotals.systot.cpu15 0
cputotals.usertot.cpu15 100
sample.time 1733877650.002
cputotals.num 16
cputotals.user 100
cputotals.nice 0
cputotals.sys 0
cputotals.wait 0
cputotals.irq 0
cputotals.soft 0
cputotals.steal 0
cputotals.idle 0
cputotals.systot 0
cputotals.usertot 100
cputotals.total 100
ctxint.ctx 1406
ctxint.int 16444
proc.creates 8
proc.runq 2396
proc.run 16
cpuload.avg1 15.57
cpuload.avg5 15.66
cpuload.avg15 10.64
disktotals.reads 0
disktotals.readkbs 0
disktotals.writes 45
disktotals.writekbs 394
meminfo.tot 32776376
meminfo.used 17920128
meminfo.free 14856248
meminfo.shared 0
meminfo.buf 242308
meminfo.cached 11024176
meminfo.slab 823068
meminfo.map 1052160
meminfo.anon 5239684
meminfo.anonH 0
meminfo.dirty 3308
meminfo.locked 104
meminfo.inactive 10093448
meminfo.hugetot 0
meminfo.hugefree 0
meminfo.hugersvd 0
meminfo.sunreclaim 359276
swapinfo.total 8388604
swapinfo.free 8388604
swapinfo.used 0
swapinfo.in 0
swapinfo.out 0
pageinfo.fault 2349
pageinfo.majfault 0
pageinfo.in 0
pageinfo.out 394
nettotals.kbin 0
nettotals.pktin 0
nettotals.kbout 0
nettotals.pktout 0
cpuinfo.user.cpu0 100
cpuinfo.nice.cpu0 0
cpuinfo.sys.cpu0 0
cpuinfo.wait.cpu0 0
cpuinfo.irq.cpu0 0
cpuinfo.soft.cpu0 0
cpuinfo.steal.cpu0 0
cpuinfo.idle.cpu0 0
cpuinfo.intrpt.cpu0 0
cputotals.systot.cpu0 0
cputotals.usertot.cpu0 100
cpuinfo.user.cpu1 100
cpuinfo.nice.cpu1 0
cpuinfo.sys.cpu1 0
cpuinfo.wait.cpu1 0
cpuinfo.irq.cpu1 0
cpuinfo.soft.cpu1 0
cpuinfo.steal.cpu1 0
cpuinfo.idle.cpu1 0
cpuinfo.intrpt.cpu1 0
cputotals.systot.cpu1 0
cputotals.usertot.cpu1 100
cpuinfo.user.cpu2 100
cpuinfo.nice.cpu2 0
cpuinfo.sys.cpu2 0
cpuinfo.wait.cpu2 0
cpuinfo.irq.cpu2 0
cpuinfo.soft.cpu2 0
cpuinfo.steal.cpu2 0
cpuinfo.idle.cpu2 0
cpuinfo.intrpt.cpu2 0
cputotals.systot.cpu2 0
cputotals.usertot.cpu2 100
cpuinfo.user.cpu3 100
cpuinfo.nice.cpu3 0
cpuinfo.sys.cpu3 0
cpuinfo.wait.cpu3 0
cpuinfo.irq.cpu3 0
cpuinfo.soft.cpu3 0
cpuinfo.steal.cpu3 0
cpuinfo.idle.cpu3 0
cpuinfo.intrpt.cpu3 0
cputotals.systot.cpu3 0
cputotals.usertot.cpu3 100
cpuinfo.user.cpu4 100
cpuinfo.nice.cpu4 0
cpuinfo.sys.cpu4 0
cpuinfo.wait.cpu4 0
cpuinfo.irq.cpu4 0
cpuinfo.soft.cpu4 0
cpuinfo.steal.cpu4 0
cpuinfo.idle.cpu4 0
cpuinfo.intrpt.cpu4 0
cputotals.systot.cpu4 0
cputotals.usertot.cpu4 100
cpuinfo.user.cpu5 100
cpuinfo.nice.cpu5 0
cpuinfo.sys.cpu5 0
cpuinfo.wait.cpu5 0
cpuinfo.irq.cpu5 0
cpuinfo.soft.cpu5 0
cpuinfo.steal.cpu5 0
cpuinfo.idle.cpu5 0
cpuinfo.intrpt.cpu5 0
cputotals.systot.cpu5 0
cputotals.usertot.cpu5 100
cpuinfo.user.cpu6 100
cpuinfo.nice.cpu6 0
cpuinfo.sys.cpu6 0
cpuinfo.wait.cpu6 0
cpuinfo.irq.cpu6 0
cpuinfo.soft.cpu6 0
cpuinfo.steal.cpu6 0
cpuinfo.idle.cpu6 0
cpuinfo.intrpt.cpu6 0
cputotals.systot.cpu6 0
cputotals.usertot.cpu6 100
cpuinfo.user.cpu7 100
cpuinfo.nice.cpu7 0
cpuinfo.sys.cpu7 0
cpuinfo.wait.cpu7 0
cpuinfo.irq.cpu7 0
cpuinfo.soft.cpu7 0
cpuinfo.steal.cpu7 0
cpuinfo.idle.cpu7 0
cpuinfo.intrpt.cpu7 0
cputotals.systot.cpu7 0
cputotals.usertot.cpu7 100
cpuinfo.user.cpu8 100
cpuinfo.nice.cpu8 0
cpuinfo.sys.cpu8 0
cpuinfo.wait.cpu8 0
cpuinfo.irq.cpu8 0
cpuinfo.soft.cpu8 0
cpuinfo.steal.cpu8 0
cpuinfo.idle.cpu8 0
cpuinfo.intrpt.cpu8 0
cputotals.systot.cpu8 0
cputotals.usertot.cpu8 100
cpuinfo.user.cpu9 100
cpuinfo.nice.cpu9 0
cpuinfo.sys.cpu9 0
cpuinfo.wait.cpu9 0
cpuinfo.irq.cpu9 0
cpuinfo.soft.cpu9 0
cpuinfo.steal.cpu9 0
cpuinfo.idle.cpu9 0
cpuinfo.intrpt.cpu9 0
cputotals.systot.cpu9 0
cputotals.usertot.cpu9 100
cpuinfo.user.cpu10 100
cpuinfo.nice.cpu10 0
cpuinfo.sys.cpu10 0
cpuinfo.wait.cpu10 0
cpuinfo.irq.cpu10 0
cpuinfo.soft.cpu10 0
cpuinfo.steal.cpu10 0
cpuinfo.idle.cpu10 0
cpuinfo.intrpt.cpu10 0
cputotals.systot.cpu10 0
cputotals.usertot.cpu10 100
cpuinfo.user.cpu11 100
cpuinfo.nice.cpu11 0
cpuinfo.sys.cpu11 0
cpuinfo.wait.cpu11 0
cpuinfo.irq.cpu11 0
cpuinfo.soft.cpu11 0
cpuinfo.steal.cpu11 0
cpuinfo.idle.cpu11 0
cpuinfo.intrpt.cpu11 0
cputotals.systot.cpu11 0
cputotals.usertot.cpu11 100
cpuinfo.user.cpu12 100
cpuinfo.nice.cpu12 0
cpuinfo.sys.cpu12 0
cpuinfo.wait.cpu12 0
cpuinfo.irq.cpu12 0
cpuinfo.soft.cpu12 0
cpuinfo.steal.cpu12 0
cpuinfo.idle.cpu12 0
cpuinfo.intrpt.cpu12 0
cputotals.systot.cpu12 0
cputotals.usertot.cpu12 100
cpuinfo.user.cpu13 100
cpuinfo.nice.cpu13 0
cpuinfo.sys.cpu13 0
cpuinfo.wait.cpu13 0
cpuinfo.irq.cpu13 0
cpuinfo.soft.cpu13 0
cpuinfo.steal.cpu13 0
cpuinfo.idle.cpu13 0
cpuinfo.intrpt.cpu13 0
cputotals.systot.cpu13 0
cputotals.usertot.cpu13 100
cpuinfo.user.cpu14 100
cpuinfo.nice.cpu14 0
cpuinfo.sys.cpu14 0
cpuinfo.wait.cpu14 0
cpuinfo.irq.cpu14 0
cpuinfo.soft.cpu14 0
cpuinfo.steal.cpu14 0
cpuinfo.idle.cpu14 0
cpuinfo.intrpt.cpu14 0
cputotals.systot.cpu14 0
cputotals.usertot.cpu14 100
cpuinfo.user.cpu15 100
cpuinfo.nice.cpu15 0
cpuinfo.sys.cpu15 0
cpuinfo.wait.cpu15 0
cpuinfo.irq.cpu15 0
cpuinfo.soft.cpu15 0
cpuinfo.steal.cpu15 0
cpuinfo.idle.cpu15 0
cpuinfo.intrpt.cpu15 0
cputotals.systot.cpu15 0
cputotals.usertot.cpu15 100
sample.time 1733877651.001
cputotals.num 16
cputotals.user 99
cputotals.nice 0
cputotals.sys 1
cputotals.wait 0
cputotals.irq 0
cputotals.soft 0
cputotals.steal 0
cputotals.idle 0
cputotals.systot 1
cputotals.usertot 99
cputotals.total 100
ctxint.ctx 1960
ctxint.int 16530
proc.creates 38
proc.runq 2396
proc.run 17
cpuload.avg1 15.57
cpuload.avg5 15.66
cpuload.avg15 10.64
disktotals.reads 0
disktotals.readkbs 0
disktotals.writes 2
disktotals.writekbs 128
meminfo.tot 32776376
meminfo.used 17921640
meminfo.free 14854736
meminfo.shared 0
meminfo.buf 242316
meminfo.cached 11024184
meminfo.slab 823044
meminfo.map 1052160
meminfo.anon 5241452
meminfo.anonH 0
meminfo.dirty 3248
meminfo.locked 104
meminfo.inactive 10093472
meminfo.hugetot 0
meminfo.hugefree 0
meminfo.hugersvd 0
meminfo.sunreclaim 359252
swapinfo.total 8388604
swapinfo.free 8388604
swapinfo.used 0
swapinfo.in 0
swapinfo.out 0
pageinfo.fault 10871
pageinfo.majfault 0
pageinfo.in 0
pageinfo.out 128
nettotals.kbin 0
nettotals.pktin 0
nettotals.kbout 0
nettotals.pktout 0
cpuinfo.user.cpu0 100
cpuinfo.nice.cpu0 0
cpuinfo.sys.cpu0 0
cpuinfo.wait.cpu0 0
cpuinfo.irq.cpu0 0
cpuinfo.soft.cpu0 0
cpuinfo.steal.cpu0 0
cpuinfo.idle.cpu0 0
cpuinfo.intrpt.cpu0 0
cputotals.systot.cpu0 0
cputotals.usertot.cpu0 100
cpuinfo.user.cpu1 100
cpuinfo.nice.cpu1 0
cpuinfo.sys.cpu1 0
cpuinfo.wait.cpu1 0
cpuinfo.irq.cpu1 0
cpuinfo.soft.cpu1 0
cpuinfo.steal.cpu1 0
cpuinfo.idle.cpu1 0
cpuinfo.intrpt.cpu1 0
cputotals.systot.cpu1 0
cputotals.usertot.cpu1 100
cpuinfo.user.cpu2 93
cpuinfo.nice.cpu2 0
cpuinfo.sys.cpu2 7
cpuinfo.wait.cpu2 0
cpuinfo.irq.cpu2 0
cpuinfo.soft.cpu2 0
cpuinfo.steal.cpu2 0
cpuinfo.idle.cpu2 0
cpuinfo.intrpt.cpu2 0
cputotals.systot.cpu2 7
cputotals.usertot.cpu2 93
cpuinfo.user.cpu3 100
cpuinfo.nice.cpu3 0
cpuinfo.sys.cpu3 0
cpuinfo.wait.cpu3 0
cpuinfo.irq.cpu3 0
cpuinfo.soft.cpu3 0
cpuinfo.steal.cpu3 0
cpuinfo.idle.cpu3 0
cpuinfo.intrpt.cpu3 0
cputotals.systot.cpu3 0
cputotals.usertot.cpu3 100
cpuinfo.user.cpu4 100
cpuinfo.nice.cpu4 0
cpuinfo.sys.cpu4 0
cpuinfo.wait.cpu4 0
cpuinfo.irq.cpu4 0
cpuinfo.soft.cpu4 0
cpuinfo.steal.cpu4 0
cpuinfo.idle.cpu4 0
cpuinfo.intrpt.cpu4 0
cputotals.systot.cpu4 0
cputotals.usertot.cpu4 100
cpuinfo.user.cpu5 100
cpuinfo.nice.cpu5 0
cpuinfo.sys.cpu5 0
cpuinfo.wait.cpu5 0
cpuinfo.irq.cpu5 0
cpuinfo.soft.cpu5 0
cpuinfo.steal.cpu5 0
cpuinfo.idle.cpu5 0
cpuinfo.intrpt.cpu5 0
cputotals.systot.cpu5 0
cputotals.usertot.cpu5 100
cpuinfo.user.cpu6 99
cpuinfo.nice.cpu6 0
cpuinfo.sys.cpu6 1
cpuinfo.wait.cpu6 0
cpuinfo.irq.cpu6 0
cpuinfo.soft.cpu6 0
cpuinfo.steal.cpu6 0
cpuinfo.idle.cpu6 0
cpuinfo.intrpt.cpu6 0
cputotals.systot.cpu6 1
cputotals.usertot.cpu6 99
cpuinfo.user.cpu7 93
cpuinfo.nice.cpu7 0
cpuinfo.sys.cpu7 7
cpuinfo.wait.cpu7 0
cpuinfo.irq.cpu7 0
cpuinfo.soft.cpu7 0
cpuinfo.steal.cpu7 0
cpuinfo.idle.cpu7 0
cpuinfo.intrpt.cpu7 0
cputotals.systot.cpu7 7
cputotals.usertot.cpu7 93
cpuinfo.user.cpu8 100
cpuinfo.nice.cpu8 0
cpuinfo.sys.cpu8 0
cpuinfo.wait.cpu8 0
cpuinfo.irq.cpu8 0
cpuinfo.soft.cpu8 0
cpuinfo.steal.cpu8 0
cpuinfo.idle.cpu8 0
cpuinfo.intrpt.cpu8 0
cputotals.systot.cpu8 0
cputotals.usertot.cpu8 100
cpuinfo.user.cpu9 100
cpuinfo.nice.cpu9 0
cpuinfo.sys.cpu9 0
cpuinfo.wait.cpu9 0
cpuinfo.irq.cpu9 0
cpuinfo.soft.cpu9 0
cpuinfo.steal.cpu9 0
cpuinfo.idle.cpu9 0
cpuinfo.intrpt.cpu9 0
cputotals.systot.cpu9 0
cputotals.usertot.cpu9 100
cpuinfo.user.cpu10 99
cpuinfo.nice.cpu10 0
cpuinfo.sys.cpu10 1
cpuinfo.wait.cpu10 0
cpuinfo.irq.cpu10 0
cpuinfo.soft.cpu10 0
cpuinfo.steal.cpu10 0
cpuinfo.idle.cpu10 0
cpuinfo.intrpt.cpu10 0
cputotals.systot.cpu10 1
cputotals.usertot.cpu10 99
cpuinfo.user.cpu11 100
cpuinfo.nice.cpu11 0
cpuinfo.sys.cpu11 0
cpuinfo.wait.cpu11 0
cpuinfo.irq.cpu11 0
cpuinfo.soft.cpu11 0
cpuinfo.steal.cpu11 0
cpuinfo.idle.cpu11 0
cpuinfo.intrpt.cpu11 0
cputotals.systot.cpu11 0
cputotals.usertot.cpu11 100
cpuinfo.user.cpu12 100
cpuinfo.nice.cpu12 0
cpuinfo.sys.cpu12 0
cpuinfo.wait.cpu12 0
cpuinfo.irq.cpu12 0
cpuinfo.soft.cpu12 0
cpuinfo.steal.cpu12 0
cpuinfo.idle.cpu12 0
cpuinfo.intrpt.cpu12 0
cputotals.systot.cpu12 0
cputotals.usertot.cpu12 100
cpuinfo.user.cpu13 99
cpuinfo.nice.cpu13 0
cpuinfo.sys.cpu13 1
cpuinfo.wait.cpu13 0
cpuinfo.irq.cpu13 0
cpuinfo.soft.cpu13 0
cpuinfo.steal.cpu13 0
cpuinfo.idle.cpu13 0
cpuinfo.intrpt.cpu13 0
cputotals.systot.cpu13 1
cputotals.usertot.cpu13 99
cpuinfo.user.cpu14 99
cpuinfo.nice.cpu14 0
cpuinfo.sys.cpu14 1
cpuinfo.wait.cpu14 0
cpuinfo.irq.cpu14 0
cpuinfo.soft.cpu14 0
cpuinfo.steal.cpu14 0
cpuinfo.idle.cpu14 0
cpuinfo.intrpt.cpu14 0
cputotals.systot.cpu14 1
cputotals.usertot.cpu14 99
cpuinfo.user.cpu15 100
cpuinfo.nice.cpu15 0
cpuinfo.sys.cpu15 0
cpuinfo.wait.cpu15 0
cpuinfo.irq.cpu15 0
cpuinfo.soft.cpu15 0
cpuinfo.steal.cpu15 0
cpuinfo.idle.cpu15 0
cpuinfo.intrpt.cpu15 0
cputotals.systot.cpu15 0
cputotals.usertot.cpu15 100
sample.time 1733877652.005
cputotals.num 16
cputotals.user 100
cputotals.nice 0
cputotals.sys 0
cputotals.wait 0
cputotals.irq 0
cputotals.soft 0
cputotals.steal 0
cputotals.idle 0
cputotals.systot 0
cputotals.usertot 100
cputotals.total 100
ctxint.ctx 1084
ctxint.int 16366
proc.creates 9
proc.runq 2396
proc.run 18
cpuload.avg1 15.61
cpuload.avg5 15.66
cpuload.avg15 10.67
disktotals.reads 0
disktotals.readkbs 0
disktotals.writes 1
disktotals.writekbs 16
meminfo.tot 32776376
meminfo.used 17922368
meminfo.free 14854008
meminfo.shared 0
meminfo.buf 242316
meminfo.cached 11024208
meminfo.slab 823044
meminfo.map 1052224
meminfo.anon 5241260
meminfo.anonH 0
meminfo.dirty 3384
meminfo.locked 104
meminfo.inactive 10093492
meminfo.hugetot 0
meminfo.hugefree 0
meminfo.hugersvd 0
meminfo.sunreclaim 359252
swapinfo.total 8388604
swapinfo.free 8388604
swapinfo.used 0
swapinfo.in 0
swapinfo.out 0
pageinfo.fault 2198
pageinfo.majfault 0
pageinfo.in 0
pageinfo.out 16
nettotals.kbin 0
nettotals.pktin 0
nettotals.kbout 0
nettotals.pktout 0
cpuinfo.user.cpu0 100
cpuinfo.nice.cpu0 0
cpuinfo.sys.cpu0 0
cpuinfo.wait.cpu0 0
cpuinfo.irq.cpu0 0
cpuinfo.soft.cpu0 0
cpuinfo.steal.cpu0 0
cpuinfo.idle.cpu0 0
cpuinfo.intrpt.cpu0 0
cputotals.systot.cpu0 0
cputotals.usertot.cpu0 100
cpuinfo.user.cpu1 99
cpuinfo.nice.cpu1 0
cpuinfo.sys.cpu1 1
cpuinfo.wait.cpu1 0
cpuinfo.irq.cpu1 0
cpuinfo.soft.cpu1 0
cpuinfo.steal.cpu1 0
cpuinfo.idle.cpu1 0
cpuinfo.intrpt.cpu1 0
cputotals.systot.cpu1 1
cputotals.usertot.cpu1 99
cpuinfo.user.cpu2 100
cpuinfo.nice.cpu2 0
cpuinfo.sys.cpu2 0
cpuinfo.wait.cpu2 0
cpuinfo.irq.cpu2 0
cpuinfo.soft.cpu2 0
cpuinfo.steal.cpu2 0
cpuinfo.idle.cpu2 0
cpuinfo.intrpt.cpu2 0
cputotals.systot.cpu2 0
cputotals.usertot.cpu2 100
cpuinfo.user.cpu3 100
cpuinfo.nice.cpu3 0
cpuinfo.sys.cpu3 0
cpuinfo.wait.cpu3 0
cpuinfo.irq.cpu3 0
cpuinfo.soft.cpu3 0
cpuinfo.steal.cpu3 0
cpuinfo.idle.cpu3 0
cpuinfo.intrpt.cpu3 0
cputotals.systot.cpu3 0
cputotals.usertot.cpu3 100
cpuinfo.user.cpu4 99
cpuinfo.nice.cpu4 0
cpuinfo.sys.cpu4 1
cpuinfo.wait.cpu4 0
cpuinfo.irq.cpu4 0
cpuinfo.soft.cpu4 0
cpuinfo.steal.cpu4 0
cpuinfo.idle.cpu4 0
cpuinfo.intrpt.cpu4 0
cputotals.systot.cpu4 1
cputotals.usertot.cpu4 99
cpuinfo.user.cpu5 100
cpuinfo.nice.cpu5 0
cpuinfo.sys.cpu5 0
cpuinfo.wait.cpu5 0
cpuinfo.irq.cpu5 0
cpuinfo.soft.cpu5 0
cpuinfo.steal.cpu5 0
cpuinfo.idle.cpu5 0
cpuinfo.intrpt.cpu5 0
cputotals.systot.cpu5 0
cputotals.usertot.cpu5 100
cpuinfo.user.cpu6 100
cpuinfo.nice.cpu6 0
cpuinfo.sys.cpu6 0
cpuinfo.wait.cpu6 0
cpuinfo.irq.cpu6 0
cpuinfo.soft.cpu6 0
cpuinfo.steal.cpu6 0
cpuinfo.idle.cpu6 0
cpuinfo.intrpt.cpu6 0
cputotals.systot.cpu6 0
cputotals.usertot.cpu6 100
cpuinfo.user.cpu7 100
cpuinfo.nice.cpu7 0
cpuinfo.sys.cpu7 0
cpuinfo.wait.cpu7 0
cpuinfo.irq.cpu7 0
cpuinfo.soft.cpu7 0
cpuinfo.steal.cpu7 0
cpuinfo.idle.cpu7 0
cpuinfo.intrpt.cpu7 0
cputotals.systot.cpu7 0
cputotals.usertot.cpu7 100
cpuinfo.user.cpu8 100
cpuinfo.nice.cpu8 0
cpuinfo.sys.cpu8 0
cpuinfo.wait.cpu8 0
cpuinfo.irq.cpu8 0
cpuinfo.soft.cpu8 0
cpuinfo.steal.cpu8 0
cpuinfo.idle.cpu8 0
cpuinfo.intrpt.cpu8 0
cputotals.systot.cpu8 0
cputotals.usertot.cpu8 100
cpuinfo.user.cpu9 99
cpuinfo.nice.cpu9 0
cpuinfo.sys.cpu9 1
cpuinfo.wait.cpu9 0
cpuinfo.irq.cpu9 0
cpuinfo.soft.cpu9 0
cpuinfo.steal.cpu9 0
cpuinfo.idle.cpu9 0
cpuinfo.intrpt.cpu9 0
cputotals.systot.cpu9 1
cputotals.usertot.cpu9 99
cpuinfo.user.cpu10 100
cpuinfo.nice.cpu10 0
cpuinfo.sys.cpu10 0
cpuinfo.wait.cpu10 0
cpuinfo.irq.cpu10 0
cpuinfo.soft.cpu10 0
cpuinfo.steal.cpu10 0
cpuinfo.idle.cpu10 0
cpuinfo.intrpt.cpu10 0
cputotals.systot.cpu10 0
cputotals.usertot.cpu10 100
cpuinfo.user.cpu11 100
cpuinfo.nice.cpu11 0
cpuinfo.sys.cpu11 0
cpuinfo.wait.cpu11 0
cpuinfo.irq.cpu11 0
cpuinfo.soft.cpu11 0
cpuinfo.steal.cpu11 0
cpuinfo.idle.cpu11 0
cpuinfo.intrpt.cpu11 0
cputotals.systot.cpu11 0
cputotals.usertot.cpu11 100
cpuinfo.user.cpu12 99
cpuinfo.nice.cpu12 0
cpuinfo.sys.cpu12 1
cpuinfo.wait.cpu12 0
cpuinfo.irq.cpu12 0
cpuinfo.soft.cpu12 0
cpuinfo.steal.cpu12 0
cpuinfo.idle.cpu12 0
cpuinfo.intrpt.cpu12 0
cputotals.systot.cpu12 1
cputotals.usertot.cpu12 99
cpuinfo.user.cpu13 100
cpuinfo.nice.cpu13 0
cpuinfo.sys.cpu13 0
cpuinfo.wait.cpu13 0
cpuinfo.irq.cpu13 0
cpuinfo.soft.cpu13 0
cpuinfo.steal.cpu13 0
cpuinfo.idle.cpu13 0
cpuinfo.intrpt.cpu13 0
cputotals.systot.cpu13 0
cputotals.usertot.cpu13 100
cpuinfo.user.cpu14 100
cpuinfo.nice.cpu14 0
cpuinfo.sys.cpu14 0
cpuinfo.wait.cpu14 0
cpuinfo.irq.cpu14 0
cpuinfo.soft.cpu14 0
cpuinfo.steal.cpu14 0
cpuinfo.idle.cpu14 0
cpuinfo.intrpt.cpu14 0
cputotals.systot.cpu14 0
cputotals.usertot.cpu14 100
cpuinfo.user.cpu15 100
cpuinfo.nice.cpu15 0
cpuinfo.sys.cpu15 0
cpuinfo.wait.cpu15 0
cpuinfo.irq.cpu15 0
cpuinfo.soft.cpu15 0
cpuinfo.steal.cpu15 0
cpuinfo.idle.cpu15 0
cpuinfo.intrpt.cpu15 0
cputotals.systot.cpu15 0
cputotals.usertot.cpu15 100
sample.time 1733877653.004
cputotals.num 16
cputotals.user 99
cputotals.nice 0
cputotals.sys 1
cputotals.wait 0
cputotals.irq 0
cputotals.soft 0
cputotals.steal 0
cputotals.idle 0
cputotals.systot 1
cputotals.usertot 99
cputotals.total 100
ctxint.ctx 1531
ctxint.int 16405
proc.creates 15
proc.runq 2395
proc.run 17
cpuload.avg1 15.61
cpuload.avg5 15.66
cpuload.avg15 10.67
disktotals.reads 0
disktotals.readkbs 0
disktotals.writes 0
disktotals.writekbs 0
meminfo.tot 32776376
meminfo.used 17922620
meminfo.free 14853756
meminfo.shared 0
meminfo.buf 242320
meminfo.cached 11024224
meminfo.slab 823044
meminfo.map 1052160
meminfo.anon 5242152
meminfo.anonH 0
meminfo.dirty 3384
meminfo.locked 104
meminfo.inactive 10093512
meminfo.hugetot 0
meminfo.hugefree 0
meminfo.hugersvd 0
meminfo.sunreclaim 359252
swapinfo.total 8388604
swapinfo.free 8388604
swapinfo.used 0
swapinfo.in 0
swapinfo.out 0
pageinfo.fault 4490
pageinfo.majfault 0
pageinfo.in 0
pageinfo.out 0
nettotals.kbin 0
nettotals.pktin 0
nettotals.kbout 0
nettotals.pktout 0
cpuinfo.user.cpu0 99
cpuinfo.nice.cpu0 0
cpuinfo.sys.cpu0 1
cpuinfo.wait.cpu0 0
cpuinfo.irq.cpu0 0
cpuinfo.soft.cpu0 0
cpuinfo.steal.cpu0 0
cpuinfo.idle.cpu0 0
cpuinfo.intrpt.cpu0 0
cputotals.systot.cpu0 1
cputotals.usertot.cpu0 99
cpuinfo.user.cpu1 100
cpuinfo.nice.cpu1 0
cpuinfo.sys.cpu1 0
cpuinfo.wait.cpu1 0
cpuinfo.irq.cpu1 0
cpuinfo.soft.cpu1 0
cpuinfo.steal.cpu1 0
cpuinfo.idle.cpu1 0
cpuinfo.intrpt.cpu1 0
cputotals.systot.cpu1 0
cputotals.usertot.cpu1 100
cpuinfo.user.cpu2 100
cpuinfo.nice.cpu2 0
cpuinfo.sys.cpu2 0
cpuinfo.wait.cpu2 0
cpuinfo.irq.cpu2 0
cpuinfo.soft.cpu2 0
cpuinfo.steal.cpu2 0
cpuinfo.idle.cpu2 0
cpuinfo.intrpt.cpu2 0
cputotals.systot.cpu2 0
cputotals.usertot.cpu2 100
cpuinfo.user.cpu3 99
cpuinfo.nice.cpu3 0
cpuinfo.sys.cpu3 1
cpuinfo.wait.cpu3 0
cpuinfo.irq.cpu3 0
cpuinfo.soft.cpu3 0
cpuinfo.steal.cpu3 0
cpuinfo.idle.cpu3 0
cpuinfo.intrpt.cpu3 0
cputotals.systot.cpu3 1
cputotals.usertot.cpu3 99
cpuinfo.user.cpu4 100
cpuinfo.nice.cpu4 0
cpuinfo.sys.cpu4 0
cpuinfo.wait.cpu4 0
cpuinfo.irq.cpu4 0
cpuinfo.soft.cpu4 0
cpuinfo.steal.cpu4 0
cpuinfo.idle.cpu4 0
cpuinfo.intrpt.cpu4 0
cputotals.systot.cpu4 0
cputotals.usertot.cpu4 100
cpuinfo.user.cpu5 92
cpuinfo.nice.cpu5 0
cpuinfo.sys.cpu5 8
cpuinfo.wait.cpu5 0
cpuinfo.irq.cpu5 0
cpuinfo.soft.cpu5 0
cpuinfo.steal.cpu5 0
cpuinfo.idle.cpu5 0
cpuinfo.intrpt.cpu5 0
cputotals.systot.cpu5 8
cputotals.usertot.cpu5 92
cpuinfo.user.cpu6 100
cpuinfo.nice.cpu6 0
cpuinfo.sys.cpu6 0
cpuinfo.wait.cpu6 0
cpuinfo.irq.cpu6 0
cpuinfo.soft.cpu6 0
cpuinfo.steal.cpu6 0
cpuinfo.idle.cpu6 0
cpuinfo.intrpt.cpu6 0
cputotals.systot.cpu6 0
cputotals.usertot.cpu6 100
cpuinfo.user.cpu7 99
cpuinfo.nice.cpu7 0
cpuinfo.sys.cpu7 1
cpuinfo.wait.cpu7 0
cpuinfo.irq.cpu7 0
cpuinfo.soft.cpu7 0
cpuinfo.steal.cpu7 0
cpuinfo.idle.cpu7 0
cpuinfo.intrpt.cpu7 0
cputotals.systot.cpu7 1
cputotals.usertot.cpu7 99
cpuinfo.user.cpu8 99
cpuinfo.nice.cpu8 0
cpuinfo.sys.cpu8 1
cpuinfo.wait.cpu8 0
cpuinfo.irq.cpu8 0
cpuinfo.soft.cpu8 0
cpuinfo.steal.cpu8 0
cpuinfo.idle.cpu8 0
cpuinfo.intrpt.cpu8 0
cputotals.systot.cpu8 1
cputotals.usertot.cpu8 99
cpuinfo.user.cpu9 100
cpuinfo.nice.cpu9 0
cpuinfo.sys.cpu9 0
cpuinfo.wait.cpu9 0
cpuinfo.irq.cpu9 0
cpuinfo.soft.cpu9 0
cpuinfo.steal.cpu9 0
cpuinfo.idle.cpu9 0
cpuinfo.intrpt.cpu9 0
cputotals.systot.cpu9 0
cputotals.usertot.cpu9 100
cpuinfo.user.cpu10 100
cpuinfo.nice.cpu10 0
cpuinfo.sys.cpu10 0
cpuinfo.wait.cpu10 0
cpuinfo.irq.cpu10 0
cpuinfo.soft.cpu10 0
cpuinfo.steal.cpu10 0
cpuinfo.idle.cpu10 0
cpuinfo.intrpt.cpu10 0
cputotals.systot.cpu10 0
cputotals.usertot.cpu10 100
cpuinfo.user.cpu11 100
cpuinfo.nice.cpu11 0
cpuinfo.sys.cpu11 0
cpuinfo.wait.cpu11 0
cpuinfo.irq.cpu11 0
cpuinfo.soft.cpu11 0
cpuinfo.steal.cpu11 0
cpuinfo.idle.cpu11 0
cpuinfo.intrpt.cpu11 0
cputotals.systot.cpu11 0
cputotals.usertot.cpu11 100
cpuinfo.user.cpu12 100
cpuinfo.nice.cpu12 0
cpuinfo.sys.cpu12 0
cpuinfo.wait.cpu12 0
cpuinfo.irq.cpu12 0
cpuinfo.soft.cpu12 0
cpuinfo.steal.cpu12 0
cpuinfo.idle.cpu12 0
cpuinfo.intrpt.cpu12 0
cputotals.systot.cpu12 0
cputotals.usertot.cpu12 100
cpuinfo.user.cpu13 100
cpuinfo.nice.cpu13 0
cpuinfo.sys.cpu13 0
cpuinfo.wait.cpu13 0
cpuinfo.irq.cpu13 0
cpuinfo.soft.cpu13 0
cpuinfo.steal.cpu13 0
cpuinfo.idle.cpu13 0
cpuinfo.intrpt.cpu13 0
cputotals.systot.cpu13 0
cputotals.usertot.cpu13 100
cpuinfo.user.cpu14 100
cpuinfo.nice.cpu14 0
cpuinfo.sys.cpu14 0
cpuinfo.wait.cpu14 0
cpuinfo.irq.cpu14 0
cpuinfo.soft.cpu14 0
cpuinfo.steal.cpu14 0
cpuinfo.idle.cpu14 0
cpuinfo.intrpt.cpu14 0
cputotals.systot.cpu14 0
cputotals.usertot.cpu14 100
cpuinfo.user.cpu15 100
cpuinfo.nice.cpu15 0
cpuinfo.sys.cpu15 0
cpuinfo.wait.cpu15 0
cpuinfo.irq.cpu15 0
cpuinfo.soft.cpu15 0
cpuinfo.steal.cpu15 0
cpuinfo.idle.cpu15 0
cpuinfo.intrpt.cpu15 0
cputotals.systot.cpu15 0
cputotals.usertot.cpu15 100
sample.time 1733877654.003
cputotals.num 16
cputotals.user 100
cputotals.nice 0
cputotals.sys 0
cputotals.wait 0
cputotals.irq 0
cputotals.soft 0
cputotals.steal 0
cputotals.idle 0
cputotals.systot 0
cputotals.usertot 100
cputotals.total 100
ctxint.ctx 2490
ctxint.int 16791
proc.creates 28
proc.runq 2397
proc.run 17
cpuload.avg1 15.61
cpuload.avg5 15.66
cpuload.avg15 10.67
disktotals.reads 0
disktotals.readkbs 0
disktotals.writes 2
disktotals.writekbs 8
meminfo.tot 32776376
meminfo.used 17926628
meminfo.free 14849748
meminfo.shared 0
meminfo.buf 242320
meminfo.cached 11024236
meminfo.slab 823052
meminfo.map 1052224
meminfo.anon 5229668
meminfo.anonH 0
meminfo.dirty 3396
meminfo.locked 104
meminfo.inactive 10093524
meminfo.hugetot 0
meminfo.hugefree 0
meminfo.hugersvd 0
meminfo.sunreclaim 359260
swapinfo.total 8388604
swapinfo.free 8388604
swapinfo.used 0
swapinfo.in 0
swapinfo.out 0
pageinfo.fault 8947
pageinfo.majfault 0
pageinfo.in 0
pageinfo.out 8
nettotals.kbin 0
nettotals.pktin 0
nettotals.kbout 0
nettotals.pktout 0
cpuinfo.user.cpu0 100
cpuinfo.nice.cpu0 0
cpuinfo.sys.cpu0 0
cpuinfo.wait.cpu0 0
cpuinfo.irq.cpu0 0
cpuinfo.soft.cpu0 0
cpuinfo.steal.cpu0 0
cpuinfo.idle.cpu0 0
cpuinfo.intrpt.cpu0 0
cputotals.systot.cpu0 0
cputotals.usertot.cpu0 100
cpuinfo.user.cpu1 100
cpuinfo.nice.cpu1 0
cpuinfo.sys.cpu1 0
cpuinfo.wait.cpu1 0
cpuinfo.irq.cpu1 0
cpuinfo.soft.cpu1 0
cpuinfo.steal.cpu1 0
cpuinfo.idle.cpu1 0
cpuinfo.intrpt.cpu1 0
cputotals.systot.cpu1 0
cputotals.usertot.cpu1 100
cpuinfo.user.cpu2 100
cpuinfo.nice.cpu2 0
cpuinfo.sys.cpu2 0
cpuinfo.wait.cpu2 0
cpuinfo.irq.cpu2 0
cpuinfo.soft.cpu2 0
cpuinfo.steal.cpu2 0
cpuinfo.idle.cpu2 0
cpuinfo.intrpt.cpu2 0
cputotals.systot.cpu2 0
cputotals.usertot.cpu2 100
cpuinfo.user.cpu3 100
cpuinfo.nice.cpu3 0
cpuinfo.sys.cpu3 0
cpuinfo.wait.cpu3 0
cpuinfo.irq.cpu3 0
cpuinfo.soft.cpu3 0
cpuinfo.steal.cpu3 0
cpuinfo.idle.cpu3 0
cpuinfo.intrpt.cpu3 0
cputotals.systot.cpu3 0
cputotals.usertot.cpu3 100
cpuinfo.user.cpu4 99
cpuinfo.nice.cpu4 0
cpuinfo.sys.cpu4 1
cpuinfo.wait.cpu4 0
cpuinfo.irq.cpu4 0
cpuinfo.soft.cpu4 0
cpuinfo.steal.cpu4 0
cpuinfo.idle.cpu4 0
cpuinfo.intrpt.cpu4 0
cputotals.systot.cpu4 1
cputotals.usertot.cpu4 99
cpuinfo.user.cpu5 99
cpuinfo.nice.cpu5 0
cpuinfo.sys.cpu5 1
cpuinfo.wait.cpu5 0
cpuinfo.irq.cpu5 0
cpuinfo.soft.cpu5 0
cpuinfo.steal.cpu5 0
cpuinfo.idle.cpu5 0
cpuinfo.intrpt.cpu5 0
cputotals.systot.cpu5 1
cputotals.usertot.cpu5 99
cpuinfo.user.cpu6 100
cpuinfo.nice.cpu6 0
cpuinfo.sys.cpu6 0
cpuinfo.wait.cpu6 0
cpuinfo.irq.cpu6 0
cpuinfo.soft.cpu6 0
cpuinfo.steal.cpu6 0
cpuinfo.idle.cpu6 0
cpuinfo.intrpt.cpu6 0
cputotals.systot.cpu6 0
cputotals.usertot.cpu6 100
cpuinfo.user.cpu7 100
cpuinfo.nice.cpu7 0
cpuinfo.sys.cpu7 0
cpuinfo.wait.cpu7 0
cpuinfo.irq.cpu7 0
cpuinfo.soft.cpu7 0
cpuinfo.steal.cpu7 0
cpuinfo.idle.cpu7 0
cpuinfo.intrpt.cpu7 0
cputotals.systot.cpu7 0
cputotals.usertot.cpu7 100
cpuinfo.user.cpu8 100
cpuinfo.nice.cpu8 0
cpuinfo.sys.cpu8 0
cpuinfo.wait.cpu8 0
cpuinfo.irq.cpu8 0
cpuinfo.soft.cpu8 0
cpuinfo.steal.cpu8 0
cpuinfo.idle.cpu8 0
cpuinfo.intrpt.cpu8 0
cputotals.systot.cpu8 0
cputotals.usertot.cpu8 100
cpuinfo.user.cpu9 100
cpuinfo.nice.cpu9 0
cpuinfo.sys.cpu9 0
cpuinfo.wait.cpu9 0
cpuinfo.irq.cpu9 0
cpuinfo.soft.cpu9 0
cpuinfo.steal.cpu9 0
cpuinfo.idle.cpu9 0
cpuinfo.intrpt.cpu9 0
cputotals.systot.cpu9 0
cputotals.usertot.cpu9 100
cpuinfo.user.cpu10 100
cpuinfo.nice.cpu10 0
cpuinfo.sys.cpu10 0
cpuinfo.wait.cpu10 0
cpuinfo.irq.cpu10 0
cpuinfo.soft.cpu10 0
cpuinfo.steal.cpu10 0
cpuinfo.idle.cpu10 0
cpuinfo.intrpt.cpu10 0
cputotals.systot.cpu10 0
cputotals.usertot.cpu10 100
cpuinfo.user.cpu11 100
cpuinfo.nice.cpu11 0
cpuinfo.sys.cpu11 0
cpuinfo.wait.cpu11 0
cpuinfo.irq.cpu11 0
cpuinfo.soft.cpu11 0
cpuinfo.steal.cpu11 0
cpuinfo.idle.cpu11 0
cpuinfo.intrpt.cpu11 0
cputotals.systot.cpu11 0
cputotals.usertot.cpu11 100
cpuinfo.user.cpu12 100
cpuinfo.nice.cpu12 0
cpuinfo.sys.cpu12 0
cpuinfo.wait.cpu12 0
cpuinfo.irq.cpu12 0
cpuinfo.soft.cpu12 0
cpuinfo.steal.cpu12 0
cpuinfo.idle.cpu12 0
cpuinfo.intrpt.cpu12 0
cputotals.systot.cpu12 0
cputotals.usertot.cpu12 100
cpuinfo.user.cpu13 100
cpuinfo.nice.cpu13 0
cpuinfo.sys.cpu13 0
cpuinfo.wait.cpu13 0
cpuinfo.irq.cpu13 0
cpuinfo.soft.cpu13 0
cpuinfo.steal.cpu13 0
cpuinfo.idle.cpu13 0
cpuinfo.intrpt.cpu13 0
cputotals.systot.cpu13 0
cputotals.usertot.cpu13 100
cpuinfo.user.cpu14 100
cpuinfo.nice.cpu14 0
cpuinfo.sys.cpu14 0
cpuinfo.wait.cpu14 0
cpuinfo.irq.cpu14 0
cpuinfo.soft.cpu14 0
cpuinfo.steal.cpu14 0
cpuinfo.idle.cpu14 0
cpuinfo.intrpt.cpu14 0
cputotals.systot.cpu14 0
cputotals.usertot.cpu14 100
cpuinfo.user.cpu15 100
cpuinfo.nice.cpu15 0
cpuinfo.sys.cpu15 0
cpuinfo.wait.cpu15 0
cpuinfo.irq.cpu15 0
cpuinfo.soft.cpu15 0
cpuinfo.steal.cpu15 0
cpuinfo.idle.cpu15 0
cpuinfo.intrpt.cpu15 0
cputotals.systot.cpu15 0
cputotals.usertot.cpu15 100
sample.time 1733877655.005
cputotals.num 16
cputotals.user 100
cputotals.nice 0
cputotals.sys 0
cputotals.wait 0
cputotals.irq 0
cputotals.soft 0
cputotals.steal 0
cputotals.idle 0
cputotals.systot 0
cputotals.usertot 100
cputotals.total 100
ctxint.ctx 1925
ctxint.int 16743
proc.creates 8
proc.runq 2397
proc.run 16
cpuload.avg1 15.61
cpuload.avg5 15.66
cpuload.avg15 10.67
disktotals.reads 0
disktotals.readkbs 0
disktotals.writes 24
disktotals.writekbs 140
meminfo.tot 32776376
meminfo.used 17926628
meminfo.free 14849748
meminfo.shared 0
meminfo.buf 242320
meminfo.cached 11024248
meminfo.slab 823052
meminfo.map 1052224
meminfo.anon 5220768
meminfo.anonH 0
meminfo.dirty 3408
meminfo.locked 104
meminfo.inactive 10093532
meminfo.hugetot 0
meminfo.hugefree 0
meminfo.hugersvd 0
meminfo.sunreclaim 359260
swapinfo.total 8388604
swapinfo.free 8388604
swapinfo.used 0
swapinfo.in 0
swapinfo.out 0
pageinfo.fault 4533
pageinfo.majfault 0
pageinfo.in 0
pageinfo.out 140
nettotals.kbin 0
nettotals.pktin 0
nettotals.kbout 0
nettotals.pktout 0
cpuinfo.user.cpu0 100
cpuinfo.nice.cpu0 0
cpuinfo.sys.cpu0 0
cpuinfo.wait.cpu0 0
cpuinfo.irq.cpu0 0
cpuinfo.soft.cpu0 0
cpuinfo.steal.cpu0 0
cpuinfo.idle.cpu0 0
cpuinfo.intrpt.cpu0 0
cputotals.systot.cpu0 0
cputotals.usertot.cpu0 100
cpuinfo.user.cpu1 100
cpuinfo.nice.cpu1 0
cpuinfo.sys.cpu1 0
cpuinfo.wait.cpu1 0
cpuinfo.irq.cpu1 0
cpuinfo.soft.cpu1 0
cpuinfo.steal.cpu1 0
cpuinfo.idle.cpu1 0
cpuinfo.intrpt.cpu1 0
cputotals.systot.cpu1 0
cputotals.usertot.cpu1 100
cpuinfo.user.cpu2 99
cpuinfo.nice.cpu2 0
cpuinfo.sys.cpu2 1
cpuinfo.wait.cpu2 0
cpuinfo.irq.cpu2 0
cpuinfo.soft.cpu2 0
cpuinfo.steal.cpu2 0
cpuinfo.idle.cpu2 0
cpuinfo.intrpt.cpu2 0
cputotals.systot.cpu2 1
cputotals.usertot.cpu2 99
cpuinfo.user.cpu3 100
cpuinfo.nice.cpu3 0
cpuinfo.sys.cpu3 0
cpuinfo.wait.cpu3 0
cpuinfo.irq.cpu3 0
cpuinfo.soft.cpu3 0
cpuinfo.steal.cpu3 0
cpuinfo.idle.cpu3 0
cpuinfo.intrpt.cpu3 0
cputotals.systot.cpu3 0
cputotals.usertot.cpu3 100
cpuinfo.user.cpu4 100
cpuinfo.nice.cpu4 0
cpuinfo.sys.cpu4 0
cpuinfo.wait.cpu4 0
cpuinfo.irq.cpu4 0
cpuinfo.soft.cpu4 0
cpuinfo.steal.cpu4 0
cpuinfo.idle.cpu4 0
cpuinfo.intrpt.cpu4 0
cputotals.systot.cpu4 0
cputotals.usertot.cpu4 100
cpuinfo.user.cpu5 100
cpuinfo.nice.cpu5 0
cpuinfo.sys.cpu5 0
cpuinfo.wait.cpu5 0
cpuinfo.irq.cpu5 0
cpuinfo.soft.cpu5 0
cpuinfo.steal.cpu5 0
cpuinfo.idle.cpu5 0
cpuinfo.intrpt.cpu5 0
cputotals.systot.cpu5 0
cputotals.usertot.cpu5 100
cpuinfo.user.cpu6 100
cpuinfo.nice.cpu6 0
cpuinfo.sys.cpu6 0
cpuinfo.wait.cpu6 0
cpuinfo.irq.cpu6 0
cpuinfo.soft.cpu6 0
cpuinfo.steal.cpu6 0
cpuinfo.idle.cpu6 0
cpuinfo.intrpt.cpu6 0
cputotals.systot.cpu6 0
cputotals.usertot.cpu6 100
cpuinfo.user.cpu7 100
cpuinfo.nice.cpu7 0
cpuinfo.sys.cpu7 0
cpuinfo.wait.cpu7 0
cpuinfo.irq.cpu7 0
cpuinfo.soft.cpu7 0
cpuinfo.steal.cpu7 0
cpuinfo.idle.cpu7 0
cpuinfo.intrpt.cpu7 0
cputotals.systot.cpu7 0
cputotals.usertot.cpu7 100
cpuinfo.user.cpu8 100
cpuinfo.nice.cpu8 0
cpuinfo.sys.cpu8 0
cpuinfo.wait.cpu8 0
cpuinfo.irq.cpu8 0
cpuinfo.soft.cpu8 0
cpuinfo.steal.cpu8 0
cpuinfo.idle.cpu8 0
cpuinfo.intrpt.cpu8 0
cputotals.systot.cpu8 0
cputotals.usertot.cpu8 100
cpuinfo.user.cpu9 100
cpuinfo.nice.cpu9 0
cpuinfo.sys.cpu9 0
cpuinfo.wait.cpu9 0
cpuinfo.irq.cpu9 0
cpuinfo.soft.cpu9 0
cpuinfo.steal.cpu9 0
cpuinfo.idle.cpu9 0
cpuinfo.intrpt.cpu9 0
cputotals.systot.cpu9 0
cputotals.usertot.cpu9 100
cpuinfo.user.cpu10 100
cpuinfo.nice.cpu10 0
cpuinfo.sys.cpu10 0
cpuinfo.wait.cpu10 0
cpuinfo.irq.cpu10 0
cpuinfo.soft.cpu10 0
cpuinfo.steal.cpu10 0
cpuinfo.idle.cpu10 0
cpuinfo.intrpt.cpu10 0
cputotals.systot.cpu10 0
cputotals.usertot.cpu10 100
cpuinfo.user.cpu11 100
cpuinfo.nice.cpu11 0
cpuinfo.sys.cpu11 0
cpuinfo.wait.cpu11 0
cpuinfo.irq.cpu11 0
cpuinfo.soft.cpu11 0
cpuinfo.steal.cpu11 0
cpuinfo.idle.cpu11 0
cpuinfo.intrpt.cpu11 0
cputotals.systot.cpu11 0
cputotals.usertot.cpu11 100
cpuinfo.user.cpu12 100
cpuinfo.nice.cpu12 0
cpuinfo.sys.cpu12 0
cpuinfo.wait.cpu12 0
cpuinfo.irq.cpu12 0
cpuinfo.soft.cpu12 0
cpuinfo.steal.cpu12 0
cpuinfo.idle.cpu12 0
cpuinfo.intrpt.cpu12 0
cputotals.systot.cpu12 0
cputotals.usertot.cpu12 100
cpuinfo.user.cpu13 100
cpuinfo.nice.cpu13 0
cpuinfo.sys.cpu13 0
cpuinfo.wait.cpu13 0
cpuinfo.irq.cpu13 0
cpuinfo.soft.cpu13 0
cpuinfo.steal.cpu13 0
cpuinfo.idle.cpu13 0
cpuinfo.intrpt.cpu13 0
cputotals.systot.cpu13 0
cputotals.usertot.cpu13 100
cpuinfo.user.cpu14 100
cpuinfo.nice.cpu14 0
cpuinfo.sys.cpu14 0
cpuinfo.wait.cpu14 0
cpuinfo.irq.cpu14 0
cpuinfo.soft.cpu14 0
cpuinfo.steal.cpu14 0
cpuinfo.idle.cpu14 0
cpuinfo.intrpt.cpu14 0
cputotals.systot.cpu14 0
cputotals.usertot.cpu14 100
cpuinfo.user.cpu15 100
cpuinfo.nice.cpu15 0
cpuinfo.sys.cpu15 0
cpuinfo.wait.cpu15 0
cpuinfo.irq.cpu15 0
cpuinfo.soft.cpu15 0
cpuinfo.steal.cpu15 0
cpuinfo.idle.cpu15 0
cpuinfo.intrpt.cpu15 0
cputotals.systot.cpu15 0
cputotals.usertot.cpu15 100
sample.time 1733877656.005
cputotals.num 16
cputotals.user 99
cputotals.nice 0
cputotals.sys 1
cputotals.wait 0
cputotals.irq 0
cputotals.soft 0
cputotals.steal 0
cputotals.idle 0
cputotals.systot 1
cputotals.usertot 99
cputotals.total 100
ctxint.ctx 2624
ctxint.int 16974
proc.creates 35
proc.runq 2395
proc.run 17
cpuload.avg1 15.61
cpuload.avg5 15.66
cpuload.avg15 10.67
disktotals.reads 0
disktotals.readkbs 0
disktotals.writes 0
disktotals.writekbs 0
meminfo.tot 32776376
meminfo.used 17921844
meminfo.free 14854532
meminfo.shared 0
meminfo.buf 242320
meminfo.cached 11024264
meminfo.slab 823040
meminfo.map 1052160
meminfo.anon 5220844
meminfo.anonH 0
meminfo.dirty 3584
meminfo.locked 104
meminfo.inactive 10093560
meminfo.hugetot 0
meminfo.hugefree 0
meminfo.hugersvd 0
meminfo.sunreclaim 359248
swapinfo.total 8388604
swapinfo.free 8388604
swapinfo.used 0
swapinfo.in 0
swapinfo.out 0
pageinfo.fault 11863
pageinfo.majfault 0
pageinfo.in 0
pageinfo.out 0
nettotals.kbin 0
nettotals.pktin 0
nettotals.kbout 0
nettotals.pktout 0
cpuinfo.user.cpu0 99
cpuinfo.nice.cpu0 0
cpuinfo.sys.cpu0 1
cpuinfo.wait.cpu0 0
cpuinfo.irq.cpu0 0
cpuinfo.soft.cpu0 0
cpuinfo.steal.cpu0 0
cpuinfo.idle.cpu0 0
cpuinfo.intrpt.cpu0 0
cputotals.systot.cpu0 1
cputotals.usertot.cpu0 99
cpuinfo.user.cpu1 100
cpuinfo.nice.cpu1 0
cpuinfo.sys.cpu1 0
cpuinfo.wait.cpu1 0
cpuinfo.irq.cpu1 0
cpuinfo.soft.cpu1 0
cpuinfo.steal.cpu1 0
cpuinfo.idle.cpu1 0
cpuinfo.intrpt.cpu1 0
cputotals.systot.cpu1 0
cputotals.usertot.cpu1 100
cpuinfo.user.cpu2 100
cpuinfo.nice.cpu2 0
cpuinfo.sys.cpu2 0
cpuinfo.wait.cpu2 0
cpuinfo.irq.cpu2 0
cpuinfo.soft.cpu2 0
cpuinfo.steal.cpu2 0
cpuinfo.idle.cpu2 0
cpuinfo.intrpt.cpu2 0
cputotals.systot.cpu2 0
cputotals.usertot.cpu2 100
cpuinfo.user.cpu3 99
cpuinfo.nice.cpu3 0
cpuinfo.sys.cpu3 1
cpuinfo.wait.cpu3 0
cpuinfo.irq.cpu3 0
cpuinfo.soft.cpu3 0
cpuinfo.steal.cpu3 0
cpuinfo.idle.cpu3 0
cpuinfo.intrpt.cpu3 0
cputotals.systot.cpu3 1
cputotals.usertot.cpu3 99
cpuinfo.user.cpu4 100
cpuinfo.nice.cpu4 0
cpuinfo.sys.cpu4 0
cpuinfo.wait.cpu4 0
cpuinfo.irq.cpu4 0
cpuinfo.soft.cpu4 0
cpuinfo.steal.cpu4 0
cpuinfo.idle.cpu4 0
cpuinfo.intrpt.cpu4 0
cputotals.systot.cpu4 0
cputotals.usertot.cpu4 100
cpuinfo.user.cpu5 99
cpuinfo.nice.cpu5 0
cpuinfo.sys.cpu5 1
cpuinfo.wait.cpu5 0
cpuinfo.irq.cpu5 0
cpuinfo.soft.cpu5 0
cpuinfo.steal.cpu5 0
cpuinfo.idle.cpu5 0
cpuinfo.intrpt.cpu5 0
cputotals.systot.cpu5 1
cputotals.usertot.cpu5 99
cpuinfo.user.cpu6 99
cpuinfo.nice.cpu6 0
cpuinfo.sys.cpu6 1
cpuinfo.wait.cpu6 0
cpuinfo.irq.cpu6 0
cpuinfo.soft.cpu6 0
cpuinfo.steal.cpu6 0
cpuinfo.idle.cpu6 0
cpuinfo.intrpt.cpu6 0
cputotals.systot.cpu6 1
cputotals.usertot.cpu6 99
cpuinfo.user.cpu7 93
cpuinfo.nice.cpu7 0
cpuinfo.sys.cpu7 7
cpuinfo.wait.cpu7 0
cpuinfo.irq.cpu7 0
cpuinfo.soft.cpu7 0
cpuinfo.steal.cpu7 0
cpuinfo.idle.cpu7 0
cpuinfo.intrpt.cpu7 0
cputotals.systot.cpu7 7
cputotals.usertot.cpu7 93
cpuinfo.user.cpu8 100
cpuinfo.nice.cpu8 0
cpuinfo.sys.cpu8 0
cpuinfo.wait.cpu8 0
cpuinfo.irq.cpu8 0
cpuinfo.soft.cpu8 0
cpuinfo.steal.cpu8 0
cpuinfo.idle.cpu8 0
cpuinfo.intrpt.cpu8 0
cputotals.systot.cpu8 0
cputotals.usertot.cpu8 100
cpuinfo.user.cpu9 99
cpuinfo.nice.cpu9 0
cpuinfo.sys.cpu9 1
cpuinfo.wait.cpu9 0
cpuinfo.irq.cpu9 0
cpuinfo.soft.cpu9 0
cpuinfo.steal.cpu9 0
cpuinfo.idle.cpu9 0
cpuinfo.intrpt.cpu9 0
cputotals.systot.cpu9 1
cputotals.usertot.cpu9 99
cpuinfo.user.cpu10 100
cpuinfo.nice.cpu10 0
cpuinfo.sys.cpu10 0
cpuinfo.wait.cpu10 0
cpuinfo.irq.cpu10 0
cpuinfo.soft.cpu10 0
cpuinfo.steal.cpu10 0
cpuinfo.idle.cpu10 0
cpuinfo.intrpt.cpu10 0
cputotals.systot.cpu10 0
cputotals.usertot.cpu10 100
cpuinfo.user.cpu11 99
cpuinfo.nice.cpu11 0
cpuinfo.sys.cpu11 1
cpuinfo.wait.cpu11 0
cpuinfo.irq.cpu11 0
cpuinfo.soft.cpu11 0
cpuinfo.steal.cpu11 0
cpuinfo.idle.cpu11 0
cpuinfo.intrpt.cpu11 0
cputotals.systot.cpu11 1
cputotals.usertot.cpu11 99
cpuinfo.user.cpu12 100
cpuinfo.nice.cpu12 0
cpuinfo.sys.cpu12 0
cpuinfo.wait.cpu12 0
cpuinfo.irq.cpu12 0
cpuinfo.soft.cpu12 0
cpuinfo.steal.cpu12 0
cpuinfo.idle.cpu12 0
cpuinfo.intrpt.cpu12 0
cputotals.systot.cpu12 0
cputotals.usertot.cpu12 100
cpuinfo.user.cpu13 93
cpuinfo.nice.cpu13 0
cpuinfo.sys.cpu13 7
cpuinfo.wait.cpu13 0
cpuinfo.irq.cpu13 0
cpuinfo.soft.cpu13 0
cpuinfo.steal.cpu13 0
cpuinfo.idle.cpu13 0
cpuinfo.intrpt.cpu13 0
cputotals.systot.cpu13 7
cputotals.usertot.cpu13 93
cpuinfo.user.cpu14 99
cpuinfo.nice.cpu14 0
cpuinfo.sys.cpu14 1
cpuinfo.wait.cpu14 0
cpuinfo.irq.cpu14 0
cpuinfo.soft.cpu14 0
cpuinfo.steal.cpu14 0
cpuinfo.idle.cpu14 0
cpuinfo.intrpt.cpu14 0
cputotals.systot.cpu14 1
cputotals.usertot.cpu14 99
cpuinfo.user.cpu15 98
cpuinfo.nice.cpu15 0
cpuinfo.sys.cpu15 2
cpuinfo.wait.cpu15 0
cpuinfo.irq.cpu15 0
cpuinfo.soft.cpu15 0
cpuinfo.steal.cpu15 0
cpuinfo.idle.cpu15 0
cpuinfo.intrpt.cpu15 0
cputotals.systot.cpu15 2
cputotals.usertot.cpu15 98
sample.time 1733877657.001
cputotals.num 16
cputotals.user 100
cputotals.nice 0
cputotals.sys 0
cputotals.wait 0
cputotals.irq 0
cputotals.soft 0
cputotals.steal 0
cputotals.idle 0
cputotals.systot 0
cputotals.usertot 100
cputotals.total 100
ctxint.ctx 1449
ctxint.int 16517
proc.creates 11
proc.runq 2397
proc.run 16
cpuload.avg1 15.64
cpuload.avg5 15.67
cpuload.avg15 10.70
disktotals.reads 0
disktotals.readkbs 0
disktotals.writes 2
disktotals.writekbs 108
meminfo.tot 32776376
meminfo.used 17920432
meminfo.free 14855944
meminfo.shared 0
meminfo.buf 242328
meminfo.cached 11024276
meminfo.slab 823040
meminfo.map 1052224
meminfo.anon 5219392
meminfo.anonH 0
meminfo.dirty 3708
meminfo.locked 104
meminfo.inactive 10093564
meminfo.hugetot 0
meminfo.hugefree 0
meminfo.hugersvd 0
meminfo.sunreclaim 359248
swapinfo.total 8388604
swapinfo.free 8388604
swapinfo.used 0
swapinfo.in 0
swapinfo.out 0
pageinfo.fault 3468
pageinfo.majfault 0
pageinfo.in 0
pageinfo.out 108
nettotals.kbin 0
nettotals.pktin 0
nettotals.kbout 0
nettotals.pktout 0
cpuinfo.user.cpu0 100
cpuinfo.nice.cpu0 0
cpuinfo.sys.cpu0 0
cpuinfo.wait.cpu0 0
cpuinfo.irq.cpu0 0
cpuinfo.soft.cpu0 0
cpuinfo.steal.cpu0 0
cpuinfo.idle.cpu0 0
cpuinfo.intrpt.cpu0 0
cputotals.systot.cpu0 0
cputotals.usertot.cpu0 100
cpuinfo.user.cpu1 99
cpuinfo.nice.cpu1 0
cpuinfo.sys.cpu1 1
cpuinfo.wait.cpu1 0
cpuinfo.irq.cpu1 0
cpuinfo.soft.cpu1 0
cpuinfo.steal.cpu1 0
cpuinfo.idle.cpu1 0
cpuinfo.intrpt.cpu1 0
cputotals.systot.cpu1 1
cputotals.usertot.cpu1 99
cpuinfo.user.cpu2 99
cpuinfo.nice.cpu2 0
cpuinfo.sys.cpu2 1
cpuinfo.wait.cpu2 0
cpuinfo.irq.cpu2 0
cpuinfo.soft.cpu2 0
cpuinfo.steal.cpu2 0
cpuinfo.idle.cpu2 0
cpuinfo.intrpt.cpu2 0
cputotals.systot.cpu2 1
cputotals.usertot.cpu2 99
cpuinfo.user.cpu3 100
cpuinfo.nice.cpu3 0
cpuinfo.sys.cpu3 0
cpuinfo.wait.cpu3 0
cpuinfo.irq.cpu3 0
cpuinfo.soft.cpu3 0
cpuinfo.steal.cpu3 0
cpuinfo.idle.cpu3 0
cpuinfo.intrpt.cpu3 0
cputotals.systot.cpu3 0
cputotals.usertot.cpu3 100
cpuinfo.user.cpu4 99
cpuinfo.nice.cpu4 0
cpuinfo.sys.cpu4 1
cpuinfo.wait.cpu4 0
cpuinfo.irq.cpu4 0
cpuinfo.soft.cpu4 0
cpuinfo.steal.cpu4 0
cpuinfo.idle.cpu4 0
cpuinfo.intrpt.cpu4 0
cputotals.systot.cpu4 1
cputotals.usertot.cpu4 99
cpuinfo.user.cpu5 100
cpuinfo.nice.cpu5 0
cpuinfo.sys.cpu5 0
cpuinfo.wait.cpu5 0
cpuinfo.irq.cpu5 0
cpuinfo.soft.cpu5 0
cpuinfo.steal.cpu5 0
cpuinfo.idle.cpu5 0
cpuinfo.intrpt.cpu5 0
cputotals.systot.cpu5 0
cputotals.usertot.cpu5 100
cpuinfo.user.cpu6 100
cpuinfo.nice.cpu6 0
cpuinfo.sys.cpu6 0
cpuinfo.wait.cpu6 0
cpuinfo.irq.cpu6 0
cpuinfo.soft.cpu6 0
cpuinfo.steal.cpu6 0
cpuinfo.idle.cpu6 0
cpuinfo.intrpt.cpu6 0
cputotals.systot.cpu6 0
cputotals.usertot.cpu6 100
cpuinfo.user.cpu7 99
cpuinfo.nice.cpu7 0
cpuinfo.sys.cpu7 1
cpuinfo.wait.cpu7 0
cpuinfo.irq.cpu7 0
cpuinfo.soft.cpu7 0
cpuinfo.steal.cpu7 0
cpuinfo.idle.cpu7 0
cpuinfo.intrpt.cpu7 0
cputotals.systot.cpu7 1
cputotals.usertot.cpu7 99
cpuinfo.user.cpu8 100
cpuinfo.nice.cpu8 0
cpuinfo.sys.cpu8 0
cpuinfo.wait.cpu8 0
cpuinfo.irq.cpu8 0
cpuinfo.soft.cpu8 0
cpuinfo.steal.cpu8 0
cpuinfo.idle.cpu8 0
cpuinfo.intrpt.cpu8 0
cputotals.systot.cpu8 0
cputotals.usertot.cpu8 100
cpuinfo.user.cpu9 100
cpuinfo.nice.cpu9 0
cpuinfo.sys.cpu9 0
cpuinfo.wait.cpu9 0
cpuinfo.irq.cpu9 0
cpuinfo.soft.cpu9 0
cpuinfo.steal.cpu9 0
cpuinfo.idle.cpu9 0
cpuinfo.intrpt.cpu9 0
cputotals.systot.cpu9 0
cputotals.usertot.cpu9 100
cpuinfo.user.cpu10 99
cpuinfo.nice.cpu10 0
cpuinfo.sys.cpu10 1
cpuinfo.wait.cpu10 0
cpuinfo.irq.cpu10 0
cpuinfo.soft.cpu10 0
cpuinfo.steal.cpu10 0
cpuinfo.idle.cpu10 0
cpuinfo.intrpt.cpu10 0
cputotals.systot.cpu10 1
cputotals.usertot.cpu10 99
cpuinfo.user.cpu11 100
cpuinfo.nice.cpu11 0
cpuinfo.sys.cpu11 0
cpuinfo.wait.cpu11 0
cpuinfo.irq.cpu11 0
cpuinfo.soft.cpu11 0
cpuinfo.steal.cpu11 0
cpuinfo.idle.cpu11 0
cpuinfo.intrpt.cpu11 0
cputotals.systot.cpu11 0
cputotals.usertot.cpu11 100
cpuinfo.user.cpu12 100
cpuinfo.nice.cpu12 0
cpuinfo.sys.cpu12 0
cpuinfo.wait.cpu12 0
cpuinfo.irq.cpu12 0
cpuinfo.soft.cpu12 0
cpuinfo.steal.cpu12 0
cpuinfo.idle.cpu12 0
cpuinfo.intrpt.cpu12 0
cputotals.systot.cpu12 0
cputotals.usertot.cpu12 100
cpuinfo.user.cpu13 100
cpuinfo.nice.cpu13 0
cpuinfo.sys.cpu13 0
cpuinfo.wait.cpu13 0
cpuinfo.irq.cpu13 0
cpuinfo.soft.cpu13 0
cpuinfo.steal.cpu13 0
cpuinfo.idle.cpu13 0
cpuinfo.intrpt.cpu13 0
cputotals.systot.cpu13 0
cputotals.usertot.cpu13 100
cpuinfo.user.cpu14 100
cpuinfo.nice.cpu14 0
cpuinfo.sys.cpu14 0
cpuinfo.wait.cpu14 0
cpuinfo.irq.cpu14 0
cpuinfo.soft.cpu14 0
cpuinfo.steal.cpu14 0
cpuinfo.idle.cpu14 0
cpuinfo.intrpt.cpu14 0
cputotals.systot.cpu14 0
cputotals.usertot.cpu14 100
cpuinfo.user.cpu15 100
cpuinfo.nice.cpu15 0
cpuinfo.sys.cpu15 0
cpuinfo.wait.cpu15 0
cpuinfo.irq.cpu15 0
cpuinfo.soft.cpu15 0
cpuinfo.steal.cpu15 0
cpuinfo.idle.cpu15 0
cpuinfo.intrpt.cpu15 0
cputotals.systot.cpu15 0
cputotals.usertot.cpu15 100
sample.time 1733877658.005
cputotals.num 16
cputotals.user 99
cputotals.nice 0
cputotals.sys 1
cputotals.wait 0
cputotals.irq 0
cputotals.soft 0
cputotals.steal 0
cputotals.idle 0
cputotals.systot 1
cputotals.usertot 99
cputotals.total 100
ctxint.ctx 1824
ctxint.int 16641
proc.creates 14
proc.runq 2396
proc.run 17
cpuload.avg1 15.64
cpuload.avg5 15.67
cpuload.avg15 10.70
disktotals.reads 0
disktotals.readkbs 0
disktotals.writes 1
disktotals.writekbs 96
meminfo.tot 32776376
meminfo.used 17919792
meminfo.free 14856584
meminfo.shared 0
meminfo.buf 242328
meminfo.cached 11024292
meminfo.slab 823044
meminfo.map 1052160
meminfo.anon 5219744
meminfo.anonH 0
meminfo.dirty 3628
meminfo.locked 104
meminfo.inactive 10093592
meminfo.hugetot 0
meminfo.hugefree 0
meminfo.hugersvd 0
meminfo.sunreclaim 359248
swapinfo.total 8388604
swapinfo.free 8388604
swapinfo.used 0
swapinfo.in 0
swapinfo.out 0
pageinfo.fault 4728
pageinfo.majfault 0
pageinfo.in 0
pageinfo.out 96
nettotals.kbin 0
nettotals.pktin 0
nettotals.kbout 0
nettotals.pktout 0
cpuinfo.user.cpu0 100
cpuinfo.nice.cpu0 0
cpuinfo.sys.cpu0 0
cpuinfo.wait.cpu0 0
cpuinfo.irq.cpu0 0
cpuinfo.soft.cpu0 0
cpuinfo.steal.cpu0 0
cpuinfo.idle.cpu0 0
cpuinfo.intrpt.cpu0 0
cputotals.systot.cpu0 0
cputotals.usertot.cpu0 100
cpuinfo.user.cpu1 100
cpuinfo.nice.cpu1 0
cpuinfo.sys.cpu1 0
cpuinfo.wait.cpu1 0
cpuinfo.irq.cpu1 0
cpuinfo.soft.cpu1 0
cpuinfo.steal.cpu1 0
cpuinfo.idle.cpu1 0
cpuinfo.intrpt.cpu1 0
cputotals.systot.cpu1 0
cputotals.usertot.cpu1 100
cpuinfo.user.cpu2 100
cpuinfo.nice.cpu2 0
cpuinfo.sys.cpu2 0
cpuinfo.wait.cpu2 0
cpuinfo.irq.cpu2 0
cpuinfo.soft.cpu2 0
cpuinfo.steal.cpu2 0
cpuinfo.idle.cpu2 0
cpuinfo.intrpt.cpu2 0
cputotals.systot.cpu2 0
cputotals.usertot.cpu2 100
cpuinfo.user.cpu3 100
cpuinfo.nice.cpu3 0
cpuinfo.sys.cpu3 0
cpuinfo.wait.cpu3 0
cpuinfo.irq.cpu3 0
cpuinfo.soft.cpu3 0
cpuinfo.steal.cpu3 0
cpuinfo.idle.cpu3 0
cpuinfo.intrpt.cpu3 0
cputotals.systot.cpu3 0
cputotals.usertot.cpu3 100
cpuinfo.user.cpu4 100
cpuinfo.nice.cpu4 0
cpuinfo.sys.cpu4 0
cpuinfo.wait.cpu4 0
cpuinfo.irq.cpu4 0
cpuinfo.soft.cpu4 0
cpuinfo.steal.cpu4 0
cpuinfo.idle.cpu4 0
cpuinfo.intrpt.cpu4 0
cputotals.systot.cpu4 0
cputotals.usertot.cpu4 100
cpuinfo.user.cpu5 98
cpuinfo.nice.cpu5 0
cpuinfo.sys.cpu5 2
cpuinfo.wait.cpu5 0
cpuinfo.irq.cpu5 0
cpuinfo.soft.cpu5 0
cpuinfo.steal.cpu5 0
cpuinfo.idle.cpu5 0
cpuinfo.intrpt.cpu5 0
cputotals.systot.cpu5 2
cputotals.usertot.cpu5 98
cpuinfo.user.cpu6 100
cpuinfo.nice.cpu6 0
cpuinfo.sys.cpu6 0
cpuinfo.wait.cpu6 0
cpuinfo.irq.cpu6 0
cpuinfo.soft.cpu6 0
cpuinfo.steal.cpu6 0
cpuinfo.idle.cpu6 0
cpuinfo.intrpt.cpu6 0
cputotals.systot.cpu6 0
cputotals.usertot.cpu6 100
cpuinfo.user.cpu7 100
cpuinfo.nice.cpu7 0
cpuinfo.sys.cpu7 0
cpuinfo.wait.cpu7 0
cpuinfo.irq.cpu7 0
cpuinfo.soft.cpu7 0
cpuinfo.steal.cpu7 0
cpuinfo.idle.cpu7 0
cpuinfo.intrpt.cpu7 0
cputotals.systot.cpu7 0
cputotals.usertot.cpu7 100
cpuinfo.user.cpu8 100
cpuinfo.nice.cpu8 0
cpuinfo.sys.cpu8 0
cpuinfo.wait.cpu8 0
cpuinfo.irq.cpu8 0
cpuinfo.soft.cpu8 0
cpuinfo.steal.cpu8 0
cpuinfo.idle.cpu8 0
cpuinfo.intrpt.cpu8 0
cputotals.systot.cpu8 0
cputotals.usertot.cpu8 100
cpuinfo.user.cpu9 100
cpuinfo.nice.cpu9 0
cpuinfo.sys.cpu9 0
cpuinfo.wait.cpu9 0
cpuinfo.irq.cpu9 0
cpuinfo.soft.cpu9 0
cpuinfo.steal.cpu9 0
cpuinfo.idle.cpu9 0
cpuinfo.intrpt.cpu9 0
cputotals.systot.cpu9 0
cputotals.usertot.cpu9 100
cpuinfo.user.cpu10 100
cpuinfo.nice.cpu10 0
cpuinfo.sys.cpu10 0
cpuinfo.wait.cpu10 0
cpuinfo.irq.cpu10 0
cpuinfo.soft.cpu10 0
cpuinfo.steal.cpu10 0
cpuinfo.idle.cpu10 0
cpuinfo.intrpt.cpu10 0
cputotals.systot.cpu10 0
cputotals.usertot.cpu10 100
cpuinfo.user.cpu11 100
cpuinfo.nice.cpu11 0
cpuinfo.sys.cpu11 0
cpuinfo.wait.cpu11 0
cpuinfo.irq.cpu11 0
cpuinfo.soft.cpu11 0
cpuinfo.steal.cpu11 0
cpuinfo.idle.cpu11 0
cpuinfo.intrpt.cpu11 0
cputotals.systot.cpu11 0
cputotals.usertot.cpu11 100
cpuinfo.user.cpu12 99
cpuinfo.nice.cpu12 0
cpuinfo.sys.cpu12 1
cpuinfo.wait.cpu12 0
cpuinfo.irq.cpu12 0
cpuinfo.soft.cpu12 0
cpuinfo.steal.cpu12 0
cpuinfo.idle.cpu12 0
cpuinfo.intrpt.cpu12 0
cputotals.systot.cpu12 1
cputotals.usertot.cpu12 99
cpuinfo.user.cpu13 93
cpuinfo.nice.cpu13 0
cpuinfo.sys.cpu13 7
cpuinfo.wait.cpu13 0
cpuinfo.irq.cpu13 0
cpuinfo.soft.cpu13 0
cpuinfo.steal.cpu13 0
cpuinfo.idle.cpu13 0
cpuinfo.intrpt.cpu13 0
cputotals.systot.cpu13 7
cputotals.usertot.cpu13 93
cpuinfo.user.cpu14 100
cpuinfo.nice.cpu14 0
cpuinfo.sys.cpu14 0
cpuinfo.wait.cpu14 0
cpuinfo.irq.cpu14 0
cpuinfo.soft.cpu14 0
cpuinfo.steal.cpu14 0
cpuinfo.idle.cpu14 0
cpuinfo.intrpt.cpu14 0
cputotals.systot.cpu14 0
cputotals.usertot.cpu14 100
cpuinfo.user.cpu15 100
cpuinfo.nice.cpu15 0
cpuinfo.sys.cpu15 0
cpuinfo.wait.cpu15 0
cpuinfo.irq.cpu15 0
cpuinfo.soft.cpu15 0
cpuinfo.steal.cpu15 0
cpuinfo.idle.cpu15 0
cpuinfo.intrpt.cpu15 0
cputotals.systot.cpu15 0
cputotals.usertot.cpu15 100
sample.time 1733877659.007
cputotals.num 16
cputotals.user 100
cputotals.nice 0
cputotals.sys 0
cputotals.wait 0
cputotals.irq 0
cputotals.soft 0
cputotals.steal 0
cputotals.idle 0
cputotals.systot 0
cputotals.usertot 100
cputotals.total 100
ctxint.ctx 2208
ctxint.int 16572
proc.creates 42
proc.runq 2397
proc.run 16
cpuload.avg1 15.64
cpuload.avg5 15.67
cpuload.avg15 10.70
disktotals.reads 0
disktotals.readkbs 0
disktotals.writes 0
disktotals.writekbs 0
meminfo.tot 32776376
meminfo.used 17920908
meminfo.free 14855468
meminfo.shared 0
meminfo.buf 242328
meminfo.cached 11024308
meminfo.slab 823056
meminfo.map 1052160
meminfo.anon 5221772
meminfo.anonH 0
meminfo.dirty 3644
meminfo.locked 104
meminfo.inactive 10093608
meminfo.hugetot 0
meminfo.hugefree 0
meminfo.hugersvd 0
meminfo.sunreclaim 359260
swapinfo.total 8388604
swapinfo.free 8388604
swapinfo.used 0
swapinfo.in 0
swapinfo.out 0
pageinfo.fault 14502
pageinfo.majfault 0
pageinfo.in 0
pageinfo.out 0
nettotals.kbin 0
nettotals.pktin 0
nettotals.kbout 0
nettotals.pktout 0
cpuinfo.user.cpu0 100
cpuinfo.nice.cpu0 0
cpuinfo.sys.cpu0 0
cpuinfo.wait.cpu0 0
cpuinfo.irq.cpu0 0
cpuinfo.soft.cpu0 0
cpuinfo.steal.cpu0 0
cpuinfo.idle.cpu0 0
cpuinfo.intrpt.cpu0 0
cputotals.systot.cpu0 0
cputotals.usertot.cpu0 100
cpuinfo.user.cpu1 100
cpuinfo.nice.cpu1 0
cpuinfo.sys.cpu1 0
cpuinfo.wait.cpu1 0
cpuinfo.irq.cpu1 0
cpuinfo.soft.cpu1 0
cpuinfo.steal.cpu1 0
cpuinfo.idle.cpu1 0
cpuinfo.intrpt.cpu1 0
cputotals.systot.cpu1 0
cputotals.usertot.cpu1 100
cpuinfo.user.cpu2 100
cpuinfo.nice.cpu2 0
cpuinfo.sys.cpu2 0
cpuinfo.wait.cpu2 0
cpuinfo.irq.cpu2 0
cpuinfo.soft.cpu2 0
cpuinfo.steal.cpu2 0
cpuinfo.idle.cpu2 0
cpuinfo.intrpt.cpu2 0
cputotals.systot.cpu2 0
cputotals.usertot.cpu2 100
cpuinfo.user.cpu3 100
cpuinfo.nice.cpu3 0
cpuinfo.sys.cpu3 0
cpuinfo.wait.cpu3 0
cpuinfo.irq.cpu3 0
cpuinfo.soft.cpu3 0
cpuinfo.steal.cpu3 0
cpuinfo.idle.cpu3 0
cpuinfo.intrpt.cpu3 0
cputotals.systot.cpu3 0
cputotals.usertot.cpu3 100
cpuinfo.user.cpu4 100
cpuinfo.nice.cpu4 0
cpuinfo.sys.cpu4 0
cpuinfo.wait.cpu4 0
cpuinfo.irq.cpu4 0
cpuinfo.soft.cpu4 0
cpuinfo.steal.cpu4 0
cpuinfo.idle.cpu4 0
cpuinfo.intrpt.cpu4 0
cputotals.systot.cpu4 0
cputotals.usertot.cpu4 100
cpuinfo.user.cpu5 99
cpuinfo.nice.cpu5 0
cpuinfo.sys.cpu5 1
cpuinfo.wait.cpu5 0
cpuinfo.irq.cpu5 0
cpuinfo.soft.cpu5 0
cpuinfo.steal.cpu5 0
cpuinfo.idle.cpu5 0
cpuinfo.intrpt.cpu5 0
cputotals.systot.cpu5 1
cputotals.usertot.cpu5 99
cpuinfo.user.cpu6 100
cpuinfo.nice.cpu6 0
cpuinfo.sys.cpu6 0
cpuinfo.wait.cpu6 0
cpuinfo.irq.cpu6 0
cpuinfo.soft.cpu6 0
cpuinfo.steal.cpu6 0
cpuinfo.idle.cpu6 0
cpuinfo.intrpt.cpu6 0
cputotals.systot.cpu6 0
cputotals.usertot.cpu6 100
cpuinfo.user.cpu7 99
cpuinfo.nice.cpu7 0
cpuinfo.sys.cpu7 1
cpuinfo.wait.cpu7 0
cpuinfo.irq.cpu7 0
cpuinfo.soft.cpu7 0
cpuinfo.steal.cpu7 0
cpuinfo.idle.cpu7 0
cpuinfo.intrpt.cpu7 0
cputotals.systot.cpu7 1
cputotals.usertot.cpu7 99
cpuinfo.user.cpu8 99
cpuinfo.nice.cpu8 0
cpuinfo.sys.cpu8 1
cpuinfo.wait.cpu8 0
cpuinfo.irq.cpu8 0
cpuinfo.soft.cpu8 0
cpuinfo.steal.cpu8 0
cpuinfo.idle.cpu8 0
cpuinfo.intrpt.cpu8 0
cputotals.systot.cpu8 1
cputotals.usertot.cpu8 99
cpuinfo.user.cpu9 99
cpuinfo.nice.cpu9 0
cpuinfo.sys.cpu9 1
cpuinfo.wait.cpu9 0
cpuinfo.irq.cpu9 0
cpuinfo.soft.cpu9 0
cpuinfo.steal.cpu9 0
cpuinfo.idle.cpu9 0
cpuinfo.intrpt.cpu9 0
cputotals.systot.cpu9 1
cputotals.usertot.cpu9 99
cpuinfo.user.cpu10 100
cpuinfo.nice.cpu10 0
cpuinfo.sys.cpu10 0
cpuinfo.wait.cpu10 0
cpuinfo.irq.cpu10 0
cpuinfo.soft.cpu10 0
cpuinfo.steal.cpu10 0
cpuinfo.idle.cpu10 0
cpuinfo.intrpt.cpu10 0
cputotals.systot.cpu10 0
cputotals.usertot.cpu10 100
cpuinfo.user.cpu11 100
cpuinfo.nice.cpu11 0
cpuinfo.sys.cpu11 0
cpuinfo.wait.cpu11 0
cpuinfo.irq.cpu11 0
cpuinfo.soft.cpu11 0
cpuinfo.steal.cpu11 0
cpuinfo.idle.cpu11 0
cpuinfo.intrpt.cpu11 0
cputotals.systot.cpu11 0
cputotals.usertot.cpu11 100
cpuinfo.user.cpu12 100
cpuinfo.nice.cpu12 0
cpuinfo.sys.cpu12 0
cpuinfo.wait.cpu12 0
cpuinfo.irq.cpu12 0
cpuinfo.soft.cpu12 0
cpuinfo.steal.cpu12 0
cpuinfo.idle.cpu12 0
cpuinfo.intrpt.cpu12 0
cputotals.systot.cpu12 0
cputotals.usertot.cpu12 100
cpuinfo.user.cpu13 100
cpuinfo.nice.cpu13 0
cpuinfo.sys.cpu13 0
cpuinfo.wait.cpu13 0
cpuinfo.irq.cpu13 0
cpuinfo.soft.cpu13 0
cpuinfo.steal.cpu13 0
cpuinfo.idle.cpu13 0
cpuinfo.intrpt.cpu13 0
cputotals.systot.cpu13 0
cputotals.usertot.cpu13 100
cpuinfo.user.cpu14 100
cpuinfo.nice.cpu14 0
cpuinfo.sys.cpu14 0
cpuinfo.wait.cpu14 0
cpuinfo.irq.cpu14 0
cpuinfo.soft.cpu14 0
cpuinfo.steal.cpu14 0
cpuinfo.idle.cpu14 0
cpuinfo.intrpt.cpu14 0
cputotals.systot.cpu14 0
cputotals.usertot.cpu14 100
cpuinfo.user.cpu15 100
cpuinfo.nice.cpu15 0
cpuinfo.sys.cpu15 0
cpuinfo.wait.cpu15 0
cpuinfo.irq.cpu15 0
cpuinfo.soft.cpu15 0
cpuinfo.steal.cpu15 0
cpuinfo.idle.cpu15 0
cpuinfo.intrpt.cpu15 0
cputotals.systot.cpu15 0
cputotals.usertot.cpu15 100
sample.time 1733877660.001
cputotals.num 16
cputotals.user 100
cputotals.nice 0
cputotals.sys 0
cputotals.wait 0
cputotals.irq 0
cputotals.soft 0
cputotals.steal 0
cputotals.idle 0
cputotals.systot 0
cputotals.usertot 100
cputotals.total 100
ctxint.ctx 1683
ctxint.int 16644
proc.creates 8
proc.runq 2397
proc.run 16
cpuload.avg1 15.64
cpuload.avg5 15.67
cpuload.avg15 10.70
disktotals.reads 0
disktotals.readkbs 0
disktotals.writes 2
disktotals.writekbs 8
meminfo.tot 32776376
meminfo.used 17923208
meminfo.free 14853168
meminfo.shared 0
meminfo.buf 242328
meminfo.cached 11024312
meminfo.slab 823056
meminfo.map 1052224
meminfo.anon 5226228
meminfo.anonH 0
meminfo.dirty 3648
meminfo.locked 104
meminfo.inactive 10093616
meminfo.hugetot 0
meminfo.hugefree 0
meminfo.hugersvd 0
meminfo.sunreclaim 359260
swapinfo.total 8388604
swapinfo.free 8388604
swapinfo.used 0
swapinfo.in 0
swapinfo.out 0
pageinfo.fault 5660
pageinfo.majfault 0
pageinfo.in 0
pageinfo.out 8
nettotals.kbin 0
nettotals.pktin 0
nettotals.kbout 0
nettotals.pktout 0
cpuinfo.user.cpu0 100
cpuinfo.nice.cpu0 0
cpuinfo.sys.cpu0 0
cpuinfo.wait.cpu0 0
cpuinfo.irq.cpu0 0
cpuinfo.soft.cpu0 0
cpuinfo.steal.cpu0 0
cpuinfo.idle.cpu0 0
cpuinfo.intrpt.cpu0 0
cputotals.systot.cpu0 0
cputotals.usertot.cpu0 100
cpuinfo.user.cpu1 99
cpuinfo.nice.cpu1 0
cpuinfo.sys.cpu1 1
cpuinfo.wait.cpu1 0
cpuinfo.irq.cpu1 0
cpuinfo.soft.cpu1 0
cpuinfo.steal.cpu1 0
cpuinfo.idle.cpu1 0
cpuinfo.intrpt.cpu1 0
cputotals.systot.cpu1 1
cputotals.usertot.cpu1 99
cpuinfo.user.cpu2 100
cpuinfo.nice.cpu2 0
cpuinfo.sys.cpu2 0
cpuinfo.wait.cpu2 0
cpuinfo.irq.cpu2 0
cpuinfo.soft.cpu2 0
cpuinfo.steal.cpu2 0
cpuinfo.idle.cpu2 0
cpuinfo.intrpt.cpu2 0
cputotals.systot.cpu2 0
cputotals.usertot.cpu2 100
cpuinfo.user.cpu3 100
cpuinfo.nice.cpu3 0
cpuinfo.sys.cpu3 0
cpuinfo.wait.cpu3 0
cpuinfo.irq.cpu3 0
cpuinfo.soft.cpu3 0
cpuinfo.steal.cpu3 0
cpuinfo.idle.cpu3 0
cpuinfo.intrpt.cpu3 0
cputotals.systot.cpu3 0
cputotals.usertot.cpu3 100
cpuinfo.user.cpu4 99
cpuinfo.nice.cpu4 0
cpuinfo.sys.cpu4 1
cpuinfo.wait.cpu4 0
cpuinfo.irq.cpu4 0
cpuinfo.soft.cpu4 0
cpuinfo.steal.cpu4 0
cpuinfo.idle.cpu4 0
cpuinfo.intrpt.cpu4 0
cputotals.systot.cpu4 1
cputotals.usertot.cpu4 99
cpuinfo.user.cpu5 100
cpuinfo.nice.cpu5 0
cpuinfo.sys.cpu5 0
cpuinfo.wait.cpu5 0
cpuinfo.irq.cpu5 0
cpuinfo.soft.cpu5 0
cpuinfo.steal.cpu5 0
cpuinfo.idle.cpu5 0
cpuinfo.intrpt.cpu5 0
cputotals.systot.cpu5 0
cputotals.usertot.cpu5 100
cpuinfo.user.cpu6 100
cpuinfo.nice.cpu6 0
cpuinfo.sys.cpu6 0
cpuinfo.wait.cpu6 0
cpuinfo.irq.cpu6 0
cpuinfo.soft.cpu6 0
cpuinfo.steal.cpu6 0
cpuinfo.idle.cpu6 0
cpuinfo.intrpt.cpu6 0
cputotals.systot.cpu6 0
cputotals.usertot.cpu6 100
cpuinfo.user.cpu7 100
cpuinfo.nice.cpu7 0
cpuinfo.sys.cpu7 0
cpuinfo.wait.cpu7 0
cpuinfo.irq.cpu7 0
cpuinfo.soft.cpu7 0
cpuinfo.steal.cpu7 0
cpuinfo.idle.cpu7 0
cpuinfo.intrpt.cpu7 0
cputotals.systot.cpu7 0
cputotals.usertot.cpu7 100
cpuinfo.user.cpu8 99
cpuinfo.nice.cpu8 0
cpuinfo.sys.cpu8 0
cpuinfo.wait.cpu8 0
cpuinfo.irq.cpu8 0
cpuinfo.soft.cpu8 1
cpuinfo.steal.cpu8 0
cpuinfo.idle.cpu8 0
cpuinfo.intrpt.cpu8 0
cputotals.systot.cpu8 1
cputotals.usertot.cpu8 99
cpuinfo.user.cpu9 100
cpuinfo.nice.cpu9 0
cpuinfo.sys.cpu9 0
cpuinfo.wait.cpu9 0
cpuinfo.irq.cpu9 0
cpuinfo.soft.cpu9 0
cpuinfo.steal.cpu9 0
cpuinfo.idle.cpu9 0
cpuinfo.intrpt.cpu9 0
cputotals.systot.cpu9 0
cputotals.usertot.cpu9 100
cpuinfo.user.cpu10 100
cpuinfo.nice.cpu10 0
cpuinfo.sys.cpu10 0
cpuinfo.wait.cpu10 0
cpuinfo.irq.cpu10 0
cpuinfo.soft.cpu10 0
cpuinfo.steal.cpu10 0
cpuinfo.idle.cpu10 0
cpuinfo.intrpt.cpu10 0
cputotals.systot.cpu10 0
cputotals.usertot.cpu10 100
cpuinfo.user.cpu11 100
cpuinfo.nice.cpu11 0
cpuinfo.sys.cpu11 0
cpuinfo.wait.cpu11 0
cpuinfo.irq.cpu11 0
cpuinfo.soft.cpu11 0
cpuinfo.steal.cpu11 0
cpuinfo.idle.cpu11 0
cpuinfo.intrpt.cpu11 0
cputotals.systot.cpu11 0
cputotals.usertot.cpu11 100
cpuinfo.user.cpu12 100
cpuinfo.nice.cpu12 0
cpuinfo.sys.cpu12 0
cpuinfo.wait.cpu12 0
cpuinfo.irq.cpu12 0
cpuinfo.soft.cpu12 0
cpuinfo.steal.cpu12 0
cpuinfo.idle.cpu12 0
cpuinfo.intrpt.cpu12 0
cputotals.systot.cpu12 0
cputotals.usertot.cpu12 100
cpuinfo.user.cpu13 99
cpuinfo.nice.cpu13 0
cpuinfo.sys.cpu13 1
cpuinfo.wait.cpu13 0
cpuinfo.irq.cpu13 0
cpuinfo.soft.cpu13 0
cpuinfo.steal.cpu13 0
cpuinfo.idle.cpu13 0
cpuinfo.intrpt.cpu13 0
cputotals.systot.cpu13 1
cputotals.usertot.cpu13 99
cpuinfo.user.cpu14 100
cpuinfo.nice.cpu14 0
cpuinfo.sys.cpu14 0
cpuinfo.wait.cpu14 0
cpuinfo.irq.cpu14 0
cpuinfo.soft.cpu14 0
cpuinfo.steal.cpu14 0
cpuinfo.idle.cpu14 0
cpuinfo.intrpt.cpu14 0
cputotals.systot.cpu14 0
cputotals.usertot.cpu14 100
cpuinfo.user.cpu15 99
cpuinfo.nice.cpu15 0
cpuinfo.sys.cpu15 1
cpuinfo.wait.cpu15 0
cpuinfo.irq.cpu15 0
cpuinfo.soft.cpu15 0
cpuinfo.steal.cpu15 0
cpuinfo.idle.cpu15 0
cpuinfo.intrpt.cpu15 0
cputotals.systot.cpu15 1
cputotals.usertot.cpu15 99
sample.time 1733877661.011
cputotals.num 16
cputotals.user 99
cputotals.nice 0
cputotals.sys 1
cputotals.wait 0
cputotals.irq 0
cputotals.soft 0
cputotals.steal 0
cputotals.idle 0
cputotals.systot 1
cputotals.usertot 99
cputotals.total 100
ctxint.ctx 1782
ctxint.int 16500
proc.creates 15
proc.runq 2394
proc.run 17
cpuload.avg1 15.64
cpuload.avg5 15.67
cpuload.avg15 10.70
disktotals.reads 0
disktotals.readkbs 0
disktotals.writes 21
disktotals.writekbs 432
meminfo.tot 32776376
meminfo.used 17920000
meminfo.free 14856376
meminfo.shared 0
meminfo.buf 242332
meminfo.cached 11024316
meminfo.slab 823072
meminfo.map 1052160
meminfo.anon 5226508
meminfo.anonH 0
meminfo.dirty 3184
meminfo.locked 104
meminfo.inactive 10093624
meminfo.hugetot 0
meminfo.hugefree 0
meminfo.hugersvd 0
meminfo.sunreclaim 359276
swapinfo.total 8388604
swapinfo.free 8388604
swapinfo.used 0
swapinfo.in 0
swapinfo.out 0
pageinfo.fault 5250
pageinfo.majfault 0
pageinfo.in 0
pageinfo.out 432
nettotals.kbin 0
nettotals.pktin 0
nettotals.kbout 0
nettotals.pktout 0
cpuinfo.user.cpu0 100
cpuinfo.nice.cpu0 0
cpuinfo.sys.cpu0 0
cpuinfo.wait.cpu0 0
cpuinfo.irq.cpu0 0
cpuinfo.soft.cpu0 0
cpuinfo.steal.cpu0 0
cpuinfo.idle.cpu0 0
cpuinfo.intrpt.cpu0 0
cputotals.systot.cpu0 0
cputotals.usertot.cpu0 100
cpuinfo.user.cpu1 100
cpuinfo.nice.cpu1 0
cpuinfo.sys.cpu1 0
cpuinfo.wait.cpu1 0
cpuinfo.irq.cpu1 0
cpuinfo.soft.cpu1 0
cpuinfo.steal.cpu1 0
cpuinfo.idle.cpu1 0
cpuinfo.intrpt.cpu1 0
cputotals.systot.cpu1 0
cputotals.usertot.cpu1 100
cpuinfo.user.cpu2 100
cpuinfo.nice.cpu2 0
cpuinfo.sys.cpu2 0
cpuinfo.wait.cpu2 0
cpuinfo.irq.cpu2 0
cpuinfo.soft.cpu2 0
cpuinfo.steal.cpu2 0
cpuinfo.idle.cpu2 0
cpuinfo.intrpt.cpu2 0
cputotals.systot.cpu2 0
cputotals.usertot.cpu2 100
cpuinfo.user.cpu3 99
cpuinfo.nice.cpu3 0
cpuinfo.sys.cpu3 1
cpuinfo.wait.cpu3 0
cpuinfo.irq.cpu3 0
cpuinfo.soft.cpu3 0
cpuinfo.steal.cpu3 0
cpuinfo.idle.cpu3 0
cpuinfo.intrpt.cpu3 0
cputotals.systot.cpu3 1
cputotals.usertot.cpu3 99
cpuinfo.user.cpu4 98
cpuinfo.nice.cpu4 0
cpuinfo.sys.cpu4 2
cpuinfo.wait.cpu4 0
cpuinfo.irq.cpu4 0
cpuinfo.soft.cpu4 0
cpuinfo.steal.cpu4 0
cpuinfo.idle.cpu4 0
cpuinfo.intrpt.cpu4 0
cputotals.systot.cpu4 2
cputotals.usertot.cpu4 98
cpuinfo.user.cpu5 98
cpuinfo.nice.cpu5 0
cpuinfo.sys.cpu5 2
cpuinfo.wait.cpu5 0
cpuinfo.irq.cpu5 0
cpuinfo.soft.cpu5 0
cpuinfo.steal.cpu5 0
cpuinfo.idle.cpu5 0
cpuinfo.intrpt.cpu5 0
cputotals.systot.cpu5 2
cputotals.usertot.cpu5 98
cpuinfo.user.cpu6 100
cpuinfo.nice.cpu6 0
cpuinfo.sys.cpu6 0
cpuinfo.wait.cpu6 0
cpuinfo.irq.cpu6 0
cpuinfo.soft.cpu6 0
cpuinfo.steal.cpu6 0
cpuinfo.idle.cpu6 0
cpuinfo.intrpt.cpu6 0
cputotals.systot.cpu6 0
cputotals.usertot.cpu6 100
cpuinfo.user.cpu7 94
cpuinfo.nice.cpu7 0
cpuinfo.sys.cpu7 6
cpuinfo.wait.cpu7 0
cpuinfo.irq.cpu7 0
cpuinfo.soft.cpu7 0
cpuinfo.steal.cpu7 0
cpuinfo.idle.cpu7 0
cpuinfo.intrpt.cpu7 0
cputotals.systot.cpu7 6
cputotals.usertot.cpu7 94
cpuinfo.user.cpu8 100
cpuinfo.nice.cpu8 0
cpuinfo.sys.cpu8 0
cpuinfo.wait.cpu8 0
cpuinfo.irq.cpu8 0
cpuinfo.soft.cpu8 0
cpuinfo.steal.cpu8 0
cpuinfo.idle.cpu8 0
cpuinfo.intrpt.cpu8 0
cputotals.systot.cpu8 0
cputotals.usertot.cpu8 100
cpuinfo.user.cpu9 99
cpuinfo.nice.cpu9 0
cpuinfo.sys.cpu9 1
cpuinfo.wait.cpu9 0
cpuinfo.irq.cpu9 0
cpuinfo.soft.cpu9 0
cpuinfo.steal.cpu9 0
cpuinfo.idle.cpu9 0
cpuinfo.intrpt.cpu9 0
cputotals.systot.cpu9 1
cputotals.usertot.cpu9 99
cpuinfo.user.cpu10 100
cpuinfo.nice.cpu10 0
cpuinfo.sys.cpu10 0
cpuinfo.wait.cpu10 0
cpuinfo.irq.cpu10 0
cpuinfo.soft.cpu10 0
cpuinfo.steal.cpu10 0
cpuinfo.idle.cpu10 0
cpuinfo.intrpt.cpu10 0
cputotals.systot.cpu10 0
cputotals.usertot.cpu10 100
cpuinfo.user.cpu11 100
cpuinfo.nice.cpu11 0
cpuinfo.sys.cpu11 0
cpuinfo.wait.cpu11 0
cpuinfo.irq.cpu11 0
cpuinfo.soft.cpu11 0
cpuinfo.steal.cpu11 0
cpuinfo.idle.cpu11 0
cpuinfo.intrpt.cpu11 0
cputotals.systot.cpu11 0
cputotals.usertot.cpu11 100
cpuinfo.user.cpu12 98
cpuinfo.nice.cpu12 0
cpuinfo.sys.cpu12 2
cpuinfo.wait.cpu12 0
cpuinfo.irq.cpu12 0
cpuinfo.soft.cpu12 0
cpuinfo.steal.cpu12 0
cpuinfo.idle.cpu12 0
cpuinfo.intrpt.cpu12 0
cputotals.systot.cpu12 2
cputotals.usertot.cpu12 98
cpuinfo.user.cpu13 97
cpuinfo.nice.cpu13 0
cpuinfo.sys.cpu13 3
cpuinfo.wait.cpu13 0
cpuinfo.irq.cpu13 0
cpuinfo.soft.cpu13 0
cpuinfo.steal.cpu13 0
cpuinfo.idle.cpu13 0
cpuinfo.intrpt.cpu13 0
cputotals.systot.cpu13 3
cputotals.usertot.cpu13 97
cpuinfo.user.cpu14 100
cpuinfo.nice.cpu14 0
cpuinfo.sys.cpu14 0
cpuinfo.wait.cpu14 0
cpuinfo.irq.cpu14 0
cpuinfo.soft.cpu14 0
cpuinfo.steal.cpu14 0
cpuinfo.idle.cpu14 0
cpuinfo.intrpt.cpu14 0
cputotals.systot.cpu14 0
cputotals.usertot.cpu14 100
cpuinfo.user.cpu15 100
cpuinfo.nice.cpu15 0
cpuinfo.sys.cpu15 0
cpuinfo.wait.cpu15 0
cpuinfo.irq.cpu15 0
cpuinfo.soft.cpu15 0
cpuinfo.steal.cpu15 0
cpuinfo.idle.cpu15 0
cpuinfo.intrpt.cpu15 0
cputotals.systot.cpu15 0
cputotals.usertot.cpu15 100
sample.time 1733877662.001
cputotals.num 16
cputotals.user 95
cputotals.nice 0
cputotals.sys 1
cputotals.wait 0
cputotals.irq 0
cputotals.soft 0
cputotals.steal 0
cputotals.idle 4
cputotals.systot 1
cputotals.usertot 95
cputotals.total 96
ctxint.ctx 2652
ctxint.int 16271
proc.creates 27
proc.runq 2379
proc.run 12
cpuload.avg1 15.67
cpuload.avg5 15.67
cpuload.avg15 10.72
disktotals.reads 0
disktotals.readkbs 0
disktotals.writes 2
disktotals.writekbs 113
meminfo.tot 32776376
meminfo.used 17638128
meminfo.free 15138248
meminfo.shared 0
meminfo.buf 242340
meminfo.cached 11022604
meminfo.slab 822856
meminfo.map 1051124
meminfo.anon 4968808
meminfo.anonH 0
meminfo.dirty 2544
meminfo.locked 104
meminfo.inactive 10092972
meminfo.hugetot 0
meminfo.hugefree 0
meminfo.hugersvd 0
meminfo.sunreclaim 359060
swapinfo.total 8388604
swapinfo.free 8388604
swapinfo.used 0
swapinfo.in 0
swapinfo.out 0
pageinfo.fault 9040
pageinfo.majfault 0
pageinfo.in 0
pageinfo.out 113
nettotals.kbin 0
nettotals.pktin 0
nettotals.kbout 0
nettotals.pktout 0
cpuinfo.user.cpu0 82
cpuinfo.nice.cpu0 0
cpuinfo.sys.cpu0 1
cpuinfo.wait.cpu0 0
cpuinfo.irq.cpu0 0
cpuinfo.soft.cpu0 1
cpuinfo.steal.cpu0 0
cpuinfo.idle.cpu0 16
cpuinfo.intrpt.cpu0 0
cputotals.systot.cpu0 2
cputotals.usertot.cpu0 82
cpuinfo.user.cpu1 81
cpuinfo.nice.cpu1 0
cpuinfo.sys.cpu1 3
cpuinfo.wait.cpu1 0
cpuinfo.irq.cpu1 0
cpuinfo.soft.cpu1 0
cpuinfo.steal.cpu1 0
cpuinfo.idle.cpu1 16
cpuinfo.intrpt.cpu1 0
cputotals.systot.cpu1 3
cputotals.usertot.cpu1 81
cpuinfo.user.cpu2 99
cpuinfo.nice.cpu2 0
cpuinfo.sys.cpu2 1
cpuinfo.wait.cpu2 0
cpuinfo.irq.cpu2 0
cpuinfo.soft.cpu2 0
cpuinfo.steal.cpu2 0
cpuinfo.idle.cpu2 0
cpuinfo.intrpt.cpu2 0
cputotals.systot.cpu2 1
cputotals.usertot.cpu2 99
cpuinfo.user.cpu3 100
cpuinfo.nice.cpu3 0
cpuinfo.sys.cpu3 0
cpuinfo.wait.cpu3 0
cpuinfo.irq.cpu3 0
cpuinfo.soft.cpu3 0
cpuinfo.steal.cpu3 0
cpuinfo.idle.cpu3 0
cpuinfo.intrpt.cpu3 0
cputotals.systot.cpu3 0
cputotals.usertot.cpu3 100
cpuinfo.user.cpu4 99
cpuinfo.nice.cpu4 0
cpuinfo.sys.cpu4 1
cpuinfo.wait.cpu4 0
cpuinfo.irq.cpu4 0
cpuinfo.soft.cpu4 0
cpuinfo.steal.cpu4 0
cpuinfo.idle.cpu4 0
cpuinfo.intrpt.cpu4 0
cputotals.systot.cpu4 1
cputotals.usertot.cpu4 99
cpuinfo.user.cpu5 100
cpuinfo.nice.cpu5 0
cpuinfo.sys.cpu5 0
cpuinfo.wait.cpu5 0
cpuinfo.irq.cpu5 0
cpuinfo.soft.cpu5 0
cpuinfo.steal.cpu5 0
cpuinfo.idle.cpu5 0
cpuinfo.intrpt.cpu5 0
cputotals.systot.cpu5 0
cputotals.usertot.cpu5 100
cpuinfo.user.cpu6 99
cpuinfo.nice.cpu6 0
cpuinfo.sys.cpu6 1
cpuinfo.wait.cpu6 0
cpuinfo.irq.cpu6 0
cpuinfo.soft.cpu6 0
cpuinfo.steal.cpu6 0
cpuinfo.idle.cpu6 0
cpuinfo.intrpt.cpu6 0
cputotals.systot.cpu6 1
cputotals.usertot.cpu6 99
cpuinfo.user.cpu7 98
cpuinfo.nice.cpu7 0
cpuinfo.sys.cpu7 2
cpuinfo.wait.cpu7 0
cpuinfo.irq.cpu7 0
cpuinfo.soft.cpu7 0
cpuinfo.steal.cpu7 0
cpuinfo.idle.cpu7 0
cpuinfo.intrpt.cpu7 0
cputotals.systot.cpu7 2
cputotals.usertot.cpu7 98
cpuinfo.user.cpu8 82
cpuinfo.nice.cpu8 0
cpuinfo.sys.cpu8 1
cpuinfo.wait.cpu8 0
cpuinfo.irq.cpu8 0
cpuinfo.soft.cpu8 0
cpuinfo.steal.cpu8 0
cpuinfo.idle.cpu8 17
cpuinfo.intrpt.cpu8 0
cputotals.systot.cpu8 1
cputotals.usertot.cpu8 82
cpuinfo.user.cpu9 85
cpuinfo.nice.cpu9 0
cpuinfo.sys.cpu9 1
cpuinfo.wait.cpu9 0
cpuinfo.irq.cpu9 0
cpuinfo.soft.cpu9 0
cpuinfo.steal.cpu9 0
cpuinfo.idle.cpu9 14
cpuinfo.intrpt.cpu9 0
cputotals.systot.cpu9 1
cputotals.usertot.cpu9 85
cpuinfo.user.cpu10 100
cpuinfo.nice.cpu10 0
cpuinfo.sys.cpu10 0
cpuinfo.wait.cpu10 0
cpuinfo.irq.cpu10 0
cpuinfo.soft.cpu10 0
cpuinfo.steal.cpu10 0
cpuinfo.idle.cpu10 0
cpuinfo.intrpt.cpu10 0
cputotals.systot.cpu10 0
cputotals.usertot.cpu10 100
cpuinfo.user.cpu11 99
cpuinfo.nice.cpu11 0
cpuinfo.sys.cpu11 1
cpuinfo.wait.cpu11 0
cpuinfo.irq.cpu11 0
cpuinfo.soft.cpu11 0
cpuinfo.steal.cpu11 0
cpuinfo.idle.cpu11 0
cpuinfo.intrpt.cpu11 0
cputotals.systot.cpu11 1
cputotals.usertot.cpu11 99
cpuinfo.user.cpu12 100
cpuinfo.nice.cpu12 0
cpuinfo.sys.cpu12 0
cpuinfo.wait.cpu12 0
cpuinfo.irq.cpu12 0
cpuinfo.soft.cpu12 0
cpuinfo.steal.cpu12 0
cpuinfo.idle.cpu12 0
cpuinfo.intrpt.cpu12 0
cputotals.systot.cpu12 0
cputotals.usertot.cpu12 100
cpuinfo.user.cpu13 100
cpuinfo.nice.cpu13 0
cpuinfo.sys.cpu13 0
cpuinfo.wait.cpu13 0
cpuinfo.irq.cpu13 0
cpuinfo.soft.cpu13 0
cpuinfo.steal.cpu13 0
cpuinfo.idle.cpu13 0
cpuinfo.intrpt.cpu13 0
cputotals.systot.cpu13 0
cputotals.usertot.cpu13 100
cpuinfo.user.cpu14 100
cpuinfo.nice.cpu14 0
cpuinfo.sys.cpu14 0
cpuinfo.wait.cpu14 0
cpuinfo.irq.cpu14 0
cpuinfo.soft.cpu14 0
cpuinfo.steal.cpu14 0
cpuinfo.idle.cpu14 0
cpuinfo.intrpt.cpu14 0
cputotals.systot.cpu14 0
cputotals.usertot.cpu14 100
cpuinfo.user.cpu15 100
cpuinfo.nice.cpu15 0
cpuinfo.sys.cpu15 0
cpuinfo.wait.cpu15 0
cpuinfo.irq.cpu15 0
cpuinfo.soft.cpu15 0
cpuinfo.steal.cpu15 0
cpuinfo.idle.cpu15 0
cpuinfo.intrpt.cpu15 0
cputotals.systot.cpu15 0
cputotals.usertot.cpu15 100
sample.time 1733877663.001
cputotals.num 16
cputotals.user 73
cputotals.nice 0
cputotals.sys 1
cputotals.wait 0
cputotals.irq 0
cputotals.soft 0
cputotals.steal 0
cputotals.idle 26
cputotals.systot 1
cputotals.usertot 73
cputotals.total 74
ctxint.ctx 3257
ctxint.int 14780
proc.creates 71
proc.runq 2364
proc.run 8
cpuload.avg1 15.67
cpuload.avg5 15.67
cpuload.avg15 10.72
disktotals.reads 0
disktotals.readkbs 0
disktotals.writes 0
disktotals.writekbs 0
meminfo.tot 32776376
meminfo.used 17375904
meminfo.free 15400472
meminfo.shared 0
meminfo.buf 242340
meminfo.cached 11021420
meminfo.slab 822620
meminfo.map 1050104
meminfo.anon 4710220
meminfo.anonH 0
meminfo.dirty 2192
meminfo.locked 104
meminfo.inactive 10092616
meminfo.hugetot 0
meminfo.hugefree 0
meminfo.hugersvd 0
meminfo.sunreclaim 358824
swapinfo.total 8388604
swapinfo.free 8388604
swapinfo.used 0
swapinfo.in 0
swapinfo.out 0
pageinfo.fault 19755
pageinfo.majfault 0
pageinfo.in 0
pageinfo.out 0
nettotals.kbin 0
nettotals.pktin 0
nettotals.kbout 0
nettotals.pktout 0
cpuinfo.user.cpu0 12
cpuinfo.nice.cpu0 0
cpuinfo.sys.cpu0 1
cpuinfo.wait.cpu0 0
cpuinfo.irq.cpu0 0
cpuinfo.soft.cpu0 0
cpuinfo.steal.cpu0 0
cpuinfo.idle.cpu0 87
cpuinfo.intrpt.cpu0 0
cputotals.systot.cpu0 1
cputotals.usertot.cpu0 12
cpuinfo.user.cpu1 16
cpuinfo.nice.cpu1 0
cpuinfo.sys.cpu1 3
cpuinfo.wait.cpu1 0
cpuinfo.irq.cpu1 0
cpuinfo.soft.cpu1 0
cpuinfo.steal.cpu1 0
cpuinfo.idle.cpu1 81
cpuinfo.intrpt.cpu1 0
cputotals.systot.cpu1 3
cputotals.usertot.cpu1 16
cpuinfo.user.cpu2 79
cpuinfo.nice.cpu2 0
cpuinfo.sys.cpu2 2
cpuinfo.wait.cpu2 0
cpuinfo.irq.cpu2 0
cpuinfo.soft.cpu2 0
cpuinfo.steal.cpu2 0
cpuinfo.idle.cpu2 19
cpuinfo.intrpt.cpu2 0
cputotals.systot.cpu2 2
cputotals.usertot.cpu2 79
cpuinfo.user.cpu3 78
cpuinfo.nice.cpu3 0
cpuinfo.sys.cpu3 1
cpuinfo.wait.cpu3 0
cpuinfo.irq.cpu3 0
cpuinfo.soft.cpu3 0
cpuinfo.steal.cpu3 0
cpuinfo.idle.cpu3 21
cpuinfo.intrpt.cpu3 0
cputotals.systot.cpu3 1
cputotals.usertot.cpu3 78
cpuinfo.user.cpu4 100
cpuinfo.nice.cpu4 0
cpuinfo.sys.cpu4 0
cpuinfo.wait.cpu4 0
cpuinfo.irq.cpu4 0
cpuinfo.soft.cpu4 0
cpuinfo.steal.cpu4 0
cpuinfo.idle.cpu4 0
cpuinfo.intrpt.cpu4 0
cputotals.systot.cpu4 0
cputotals.usertot.cpu4 100
cpuinfo.user.cpu5 100
cpuinfo.nice.cpu5 0
cpuinfo.sys.cpu5 0
cpuinfo.wait.cpu5 0
cpuinfo.irq.cpu5 0
cpuinfo.soft.cpu5 0
cpuinfo.steal.cpu5 0
cpuinfo.idle.cpu5 0
cpuinfo.intrpt.cpu5 0
cputotals.systot.cpu5 0
cputotals.usertot.cpu5 100
cpuinfo.user.cpu6 100
cpuinfo.nice.cpu6 0
cpuinfo.sys.cpu6 0
cpuinfo.wait.cpu6 0
cpuinfo.irq.cpu6 0
cpuinfo.soft.cpu6 0
cpuinfo.steal.cpu6 0
cpuinfo.idle.cpu6 0
cpuinfo.intrpt.cpu6 0
cputotals.systot.cpu6 0
cputotals.usertot.cpu6 100
cpuinfo.user.cpu7 100
cpuinfo.nice.cpu7 0
cpuinfo.sys.cpu7 0
cpuinfo.wait.cpu7 0
cpuinfo.irq.cpu7 0
cpuinfo.soft.cpu7 0
cpuinfo.steal.cpu7 0
cpuinfo.idle.cpu7 0
cpuinfo.intrpt.cpu7 0
cputotals.systot.cpu7 0
cputotals.usertot.cpu7 100
cpuinfo.user.cpu8 10
cpuinfo.nice.cpu8 0
cpuinfo.sys.cpu8 3
cpuinfo.wait.cpu8 0
cpuinfo.irq.cpu8 0
cpuinfo.soft.cpu8 0
cpuinfo.steal.cpu8 0
cpuinfo.idle.cpu8 87
cpuinfo.intrpt.cpu8 0
cputotals.systot.cpu8 3
cputotals.usertot.cpu8 10
cpuinfo.user.cpu9 9
cpuinfo.nice.cpu9 0
cpuinfo.sys.cpu9 1
cpuinfo.wait.cpu9 0
cpuinfo.irq.cpu9 0
cpuinfo.soft.cpu9 0
cpuinfo.steal.cpu9 0
cpuinfo.idle.cpu9 90
cpuinfo.intrpt.cpu9 0
cputotals.systot.cpu9 1
cputotals.usertot.cpu9 9
cpuinfo.user.cpu10 79
cpuinfo.nice.cpu10 0
cpuinfo.sys.cpu10 1
cpuinfo.wait.cpu10 0
cpuinfo.irq.cpu10 0
cpuinfo.soft.cpu10 0
cpuinfo.steal.cpu10 0
cpuinfo.idle.cpu10 20
cpuinfo.intrpt.cpu10 0
cputotals.systot.cpu10 1
cputotals.usertot.cpu10 79
cpuinfo.user.cpu11 77
cpuinfo.nice.cpu11 0
cpuinfo.sys.cpu11 3
cpuinfo.wait.cpu11 0
cpuinfo.irq.cpu11 0
cpuinfo.soft.cpu11 0
cpuinfo.steal.cpu11 0
cpuinfo.idle.cpu11 20
cpuinfo.intrpt.cpu11 0
cputotals.systot.cpu11 3
cputotals.usertot.cpu11 77
cpuinfo.user.cpu12 100
cpuinfo.nice.cpu12 0
cpuinfo.sys.cpu12 0
cpuinfo.wait.cpu12 0
cpuinfo.irq.cpu12 0
cpuinfo.soft.cpu12 0
cpuinfo.steal.cpu12 0
cpuinfo.idle.cpu12 0
cpuinfo.intrpt.cpu12 0
cputotals.systot.cpu12 0
cputotals.usertot.cpu12 100
cpuinfo.user.cpu13 100
cpuinfo.nice.cpu13 0
cpuinfo.sys.cpu13 0
cpuinfo.wait.cpu13 0
cpuinfo.irq.cpu13 0
cpuinfo.soft.cpu13 0
cpuinfo.steal.cpu13 0
cpuinfo.idle.cpu13 0
cpuinfo.intrpt.cpu13 0
cputotals.systot.cpu13 0
cputotals.usertot.cpu13 100
cpuinfo.user.cpu14 100
cpuinfo.nice.cpu14 0
cpuinfo.sys.cpu14 0
cpuinfo.wait.cpu14 0
cpuinfo.irq.cpu14 0
cpuinfo.soft.cpu14 0
cpuinfo.steal.cpu14 0
cpuinfo.idle.cpu14 0
cpuinfo.intrpt.cpu14 0
cputotals.systot.cpu14 0
cputotals.usertot.cpu14 100
cpuinfo.user.cpu15 100
cpuinfo.nice.cpu15 0
cpuinfo.sys.cpu15 0
cpuinfo.wait.cpu15 0
cpuinfo.irq.cpu15 0
cpuinfo.soft.cpu15 0
cpuinfo.steal.cpu15 0
cpuinfo.idle.cpu15 0
cpuinfo.intrpt.cpu15 0
cputotals.systot.cpu15 0
cputotals.usertot.cpu15 100
Shutting down in response to signal TERM on System-Product-Name...
