       1     5.548407     0.00000137
       2    10.962913     0.00000139
       3    16.433004     0.00000139
       4    21.925154     0.00000139
       6    32.876080     0.00000139
       8    43.831261     0.00000139
      12    65.699134     0.00000139
      13    71.177214     0.00000139
      16    87.547004     0.00000139
      19   103.897422     0.00000140
      21   114.838781     0.00000139
      24   131.196394     0.00000140
      27   147.628900     0.00000139
      29   158.596994     0.00000140
      32   174.579743     0.00000140
      35   190.935951     0.00000140
      45   245.286137     0.00000140
      48   261.597081     0.00000140
      51   278.086789     0.00000140
      61   332.752549     0.00000140
      64   349.119263     0.00000140
      67   365.206804     0.00000140
      93   506.212136     0.00000140
      96   522.511026     0.00000140
      99   538.632511     0.00000140
     125   679.993160     0.00000140
     128   696.012969     0.00000140
     131   709.455962     0.00000141
     189  1022.180928     0.00000141
     192  1037.889300     0.00000141
     195  1052.932595     0.00000141
     253  1364.486355     0.00000141
     256  1380.480231     0.00000142
     259  1220.178836     0.00000162
     381  1792.910119     0.00000162
     384  1807.806634     0.00000162
     387  1818.336248     0.00000162
     509  2385.658667     0.00000163
     512  2400.287107     0.00000163
     515  2397.888970     0.00000164
     765  3534.133866     0.00000165
     768  3548.857347     0.00000165
     771  3549.713554     0.00000166
    1021  4658.195758     0.00000167
    1024  4667.449806     0.00000167
    1027  4670.147122     0.00000168
    1533  6923.180480     0.00000169
    1536  6934.405550     0.00000169
    1539  6929.157804     0.00000169
    2045  9155.701243     0.00000170
    2048  9167.411691     0.00000170
    2051  9148.167345     0.00000171
    3069 13550.630189     0.00000173
    3072 13557.274266     0.00000173
    3075 13550.834069     0.00000173
    4093 11179.069062     0.00000279
    4096 11189.741862     0.00000279
    4099 10485.347572     0.00000298
    6141 15555.688269     0.00000301
    6144 15560.584716     0.00000301
    6147 15557.041723     0.00000301
    8189 20469.236311     0.00000305
    8192 20507.158412     0.00000305
    8195 19511.319588     0.00000320
   12285 28635.676152     0.00000327
   12288 28650.862170     0.00000327
   12291 27373.373622     0.00000342
   16381 35838.183383     0.00000349
   16384 35845.407345     0.00000349
   16387 34397.403311     0.00000363
   24573 48047.766042     0.00000390
   24576 48042.572076     0.00000390
   24579 46278.401439     0.00000405
   32765 57868.218162     0.00000432
   32768 57873.138698     0.00000432
   32771 55938.214965     0.00000447
   49149 72685.901178     0.00000516
   49152 72721.467739     0.00000516
   49155 70663.855073     0.00000531
   65533 83473.830021     0.00000599
   65536 81745.707712     0.00000612
   65539 79791.061350     0.00000627
   98301 96033.639782     0.00000781
   98304 96033.839388     0.00000781
   98307 94216.588803     0.00000796
  131069 104464.159434     0.00000958
  131072 104421.667612     0.00000958
  131075 102783.499862     0.00000974
  196605 111825.209737     0.00001345
  196608 111163.943207     0.00001354
  196611 110167.923150     0.00001366
  262141 112698.832762     0.00001796
  262144 111675.720544     0.00001810
  262147 109605.150923     0.00001845
  393213 115804.208903     0.00002617
  393216 115482.963034     0.00002623
  393219 114522.582756     0.00002643
  524285 118560.411325     0.00003374
  524288 118343.961462     0.00003380
  524291 117519.274690     0.00003404
  786429 113345.443892     0.00005298
  786432 110427.440628     0.00005438
  786435 109390.305158     0.00005490
 1048573 90373.293850     0.00008949
 1048576 85545.289452     0.00009407
 1048579 86127.502273     0.00009354
 1572861 49545.094774     0.00027302
 1572864 51974.600237     0.00024823
 1572867 55561.957664     0.00022461
 2097149 29626.023209     0.00057259
 2097152 32580.348846     0.00053214
 2097155 31597.868518     0.00053908
 3145725 21366.958979     0.00116618
 3145728 20230.456689     0.00122676
 3145731 20391.597212     0.00122311
 4194301 18004.096280     0.00182984
 4194304 17489.994337     0.00187883
 4194307 17093.708205     0.00192644
 6291453 17289.111199     0.00283486
 6291456 16407.389514     0.00297614
 6291459 16816.584672     0.00291367
 8388605 20255.321134     0.00336427
 8388608 26883.949267     0.00290276
 8388611 39022.841683     0.00219287
