       1    37.215156     0.00177927
       2    49.751592     0.00177968
       3    76.426439     0.00177102
       4   105.980668     0.00177513
       6   138.782519     0.00176795
       8   197.662614     0.00177515
      12   290.483358     0.00178091
      13   271.794036     0.00173964
      16   380.541284     0.00174042
      19   459.607782     0.00177164
      21   491.485369     0.00175286
      24   553.802505     0.00178730
      27   614.663829     0.00176962
      29   714.732645     0.00172667
      32   725.203598     0.00172461
      35   845.713894     0.00176683
      45  1079.616852     0.00178586
      48  1128.278486     0.00176902
      51  1252.365038     0.00176442
      61  1504.067160     0.00153938
      64  1498.507924     0.00135024
      67  1557.029703     0.00136684
      93  2231.329377     0.00137400
      96  2153.276909     0.00137563
      99  2396.363556     0.00138773
     125  3030.499358     0.00133213
     128  2973.047764     0.00133592
     131  2977.696796     0.00136696
     189  4392.653205     0.00138356
     192  4605.173278     0.00139395
     195  4599.851298     0.00136273
     253  5937.878585     0.00138165
     256  5827.617313     0.00138357
     259  3691.760347     0.00135828
     381  5972.017327     0.00136826
     384  5920.512435     0.00137533
     387  5917.990714     0.00135037
     509  7528.868713     0.00133788
     512  7763.158596     0.00134729
     515  6883.815225     0.00138382
     765 10184.442112     0.00137122
     768 10970.573093     0.00137542
     771 11265.005521     0.00137472
    1021 15126.064590     0.00138791
    1024 14041.635562     0.00138379
    1027 14955.143981     0.00136702
    1533 17869.813819     0.00137554
    1536 17626.008710     0.00138800
    1539 18000.478671     0.00137550
    2045 23337.911379     0.00138789
    2048 24254.345448     0.00137547
    2051 23479.652886     0.00137564
    3069 28665.269278     0.00135026
    3072 29914.054132     0.00137494
    3075 30002.948337     0.00138807
    4093  6582.264491     0.00136644
    4096  6712.779903     0.00137862
    4099  6354.566300     0.00139543
    6141  8849.080088     0.00138111
    6144  8710.421594     0.00137148
    6147  7816.209717     0.00138632
    8189 11326.398885     0.00140162
    8192 11261.283466     0.00138819
    8195  9479.727692     0.00139686
   12285 11676.774306     0.00136483
   12288 11335.344544     0.00138245
   12291 11414.209486     0.00139406
   16381 13003.227079     0.00137070
   16384 13698.360381     0.00136820
   16387 13182.338973     0.00139907
   24573 15351.639293     0.00140176
   24576 15784.105637     0.00136584
   24579 14149.818466     0.00136109
   32765 17013.104890     0.00132403
   32768 16498.648425     0.00137199
   32771 15268.422594     0.00138144
   49149 19141.869315     0.00139175
   49152 18529.580622     0.00135621
   49155 16808.005884     0.00139324
   65533 18379.836375     0.00142162
   65536 18965.035117     0.00139651
   65539 18847.807581     0.00137092
   98301 19880.212712     0.00139621
   98304 18670.085320     0.00140738
   98307 18709.822310     0.00142125
  131069 20776.281370     0.00142675
  131072 19353.809579     0.00139970
  131075 19261.853364     0.00139972
  196605 21264.324286     0.00143165
  196608 21754.082829     0.00145376
  196611 21235.721891     0.00141253
  262141 21717.018522     0.00141561
  262144 21463.233770     0.00143687
  262147 21893.793631     0.00146581
  393213 22391.112611     0.00146955
  393216 21278.363559     0.00151478
  393219 23913.076803     0.00146069
  524285 25488.266847     0.00145872
  524288 24959.814263     0.00148443
  524291 24268.786516     0.00151711
  786429 28527.728195     0.00155061
  786432 28147.102824     0.00154819
  786435 26298.193739     0.00155867
 1048573 30488.041173     0.00160473
 1048576 32457.392521     0.00156448
 1048579 31391.347784     0.00157898
 1572861 33960.219926     0.00168120
 1572864 35611.927500     0.00162227
 1572867 35017.729148     0.00164922
 2097149 38020.428308     0.00173795
 2097152 36650.666823     0.00174253
 2097155 38409.779580     0.00173047
 3145725 37522.196402     0.00193552
 3145728 38672.242408     0.00187778
 3145731 36137.689335     0.00195221
 4194301 36937.004487     0.00217236
 4194304 35913.832108     0.00215218
 4194307 38340.441344     0.00217208
 6291453 34471.052395     0.00272588
 6291456 36515.348309     0.00262630
 6291459 38973.862313     0.00261607
 8388605 40193.578047     0.00286981
 8388608 43561.111548     0.00280614
 8388611 50601.724387     0.00233194
