waiting for 1 second sample...
Bogus data record skipped for NET:enp1s0: data on 20241212 at 18:39:35
sample.time 1734028776.001
cputotals.num 1
cputotals.user 100
cputotals.nice 0
cputotals.sys 0
cputotals.wait 0
cputotals.irq 0
cputotals.soft 0
cputotals.steal 0
cputotals.idle 0
cputotals.systot 0
cputotals.usertot 100
cputotals.total 100
ctxint.ctx 54
ctxint.int 256
proc.creates 0
proc.runq 165
proc.run 1
cpuload.avg1 0.94
cpuload.avg5 0.45
cpuload.avg15 0.18
disktotals.reads 0
disktotals.readkbs 0
disktotals.writes 0
disktotals.writekbs 0
meminfo.tot 4006064
meminfo.used 726116
meminfo.free 3279948
meminfo.shared 0
meminfo.buf 22888
meminfo.cached 227912
meminfo.slab 69804
meminfo.map 106000
meminfo.anon 328720
meminfo.anonH 0
meminfo.dirty 9276
meminfo.locked 27620
meminfo.inactive 134920
meminfo.hugetot 0
meminfo.hugefree 0
meminfo.hugersvd 0
meminfo.sunreclaim 38236
swapinfo.total 2594812
swapinfo.free 2594812
swapinfo.used 0
swapinfo.in 0
swapinfo.out 0
pageinfo.fault 27
pageinfo.majfault 0
pageinfo.in 0
pageinfo.out 0
nettotals.kbin 0
nettotals.pktin 0
nettotals.kbout 0
nettotals.pktout 0
cpuinfo.user.cpu0 100
cpuinfo.nice.cpu0 0
cpuinfo.sys.cpu0 0
cpuinfo.wait.cpu0 0
cpuinfo.irq.cpu0 0
cpuinfo.soft.cpu0 0
cpuinfo.steal.cpu0 0
cpuinfo.idle.cpu0 0
cpuinfo.intrpt.cpu0 0
cputotals.systot.cpu0 0
cputotals.usertot.cpu0 100
Bogus data record skipped for NET:enp1s0: data on 20241212 at 18:39:36
sample.time 1734028777.001
cputotals.num 1
cputotals.user 100
cputotals.nice 0
cputotals.sys 0
cputotals.wait 0
cputotals.irq 0
cputotals.soft 0
cputotals.steal 0
cputotals.idle 0
cputotals.systot 0
cputotals.usertot 100
cputotals.total 100
ctxint.ctx 50
ctxint.int 260
proc.creates 0
proc.runq 165
proc.run 1
cpuload.avg1 0.94
cpuload.avg5 0.45
cpuload.avg15 0.18
disktotals.reads 0
disktotals.readkbs 0
disktotals.writes 2
disktotals.writekbs 8
meminfo.tot 4006064
meminfo.used 726116
meminfo.free 3279948
meminfo.shared 0
meminfo.buf 22888
meminfo.cached 227912
meminfo.slab 69804
meminfo.map 106000
meminfo.anon 328736
meminfo.anonH 0
meminfo.dirty 9276
meminfo.locked 27620
meminfo.inactive 134920
meminfo.hugetot 0
meminfo.hugefree 0
meminfo.hugersvd 0
meminfo.sunreclaim 38236
swapinfo.total 2594812
swapinfo.free 2594812
swapinfo.used 0
swapinfo.in 0
swapinfo.out 0
pageinfo.fault 49
pageinfo.majfault 0
pageinfo.in 0
pageinfo.out 8
nettotals.kbin 0
nettotals.pktin 0
nettotals.kbout 0
nettotals.pktout 0
cpuinfo.user.cpu0 100
cpuinfo.nice.cpu0 0
cpuinfo.sys.cpu0 0
cpuinfo.wait.cpu0 0
cpuinfo.irq.cpu0 0
cpuinfo.soft.cpu0 0
cpuinfo.steal.cpu0 0
cpuinfo.idle.cpu0 0
cpuinfo.intrpt.cpu0 0
cputotals.systot.cpu0 0
cputotals.usertot.cpu0 100
Bogus data record skipped for NET:enp1s0: data on 20241212 at 18:39:37
sample.time 1734028778.001
cputotals.num 1
cputotals.user 100
cputotals.nice 0
cputotals.sys 0
cputotals.wait 0
cputotals.irq 0
cputotals.soft 0
cputotals.steal 0
cputotals.idle 0
cputotals.systot 0
cputotals.usertot 100
cputotals.total 100
ctxint.ctx 69
ctxint.int 258
proc.creates 0
proc.runq 165
proc.run 1
cpuload.avg1 0.94
cpuload.avg5 0.45
cpuload.avg15 0.18
disktotals.reads 0
disktotals.readkbs 0
disktotals.writes 0
disktotals.writekbs 0
meminfo.tot 4006064
meminfo.used 726116
meminfo.free 3279948
meminfo.shared 0
meminfo.buf 22888
meminfo.cached 227912
meminfo.slab 69804
meminfo.map 106000
meminfo.anon 328756
meminfo.anonH 0
meminfo.dirty 9268
meminfo.locked 27620
meminfo.inactive 134920
meminfo.hugetot 0
meminfo.hugefree 0
meminfo.hugersvd 0
meminfo.sunreclaim 38236
swapinfo.total 2594812
swapinfo.free 2594812
swapinfo.used 0
swapinfo.in 0
swapinfo.out 0
pageinfo.fault 2
pageinfo.majfault 0
pageinfo.in 0
pageinfo.out 0
nettotals.kbin 0
nettotals.pktin 0
nettotals.kbout 0
nettotals.pktout 0
cpuinfo.user.cpu0 100
cpuinfo.nice.cpu0 0
cpuinfo.sys.cpu0 0
cpuinfo.wait.cpu0 0
cpuinfo.irq.cpu0 0
cpuinfo.soft.cpu0 0
cpuinfo.steal.cpu0 0
cpuinfo.idle.cpu0 0
cpuinfo.intrpt.cpu0 0
cputotals.systot.cpu0 0
cputotals.usertot.cpu0 100
Bogus data record skipped for NET:enp1s0: data on 20241212 at 18:39:38
sample.time 1734028779.001
cputotals.num 1
cputotals.user 100
cputotals.nice 0
cputotals.sys 0
cputotals.wait 0
cputotals.irq 0
cputotals.soft 0
cputotals.steal 0
cputotals.idle 0
cputotals.systot 0
cputotals.usertot 100
cputotals.total 100
ctxint.ctx 51
ctxint.int 263
proc.creates 0
proc.runq 165
proc.run 1
cpuload.avg1 0.94
cpuload.avg5 0.45
cpuload.avg15 0.18
disktotals.reads 0
disktotals.readkbs 0
disktotals.writes 0
disktotals.writekbs 0
meminfo.tot 4006064
meminfo.used 726116
meminfo.free 3279948
meminfo.shared 0
meminfo.buf 22888
meminfo.cached 227912
meminfo.slab 69804
meminfo.map 106000
meminfo.anon 328756
meminfo.anonH 0
meminfo.dirty 9268
meminfo.locked 27620
meminfo.inactive 134920
meminfo.hugetot 0
meminfo.hugefree 0
meminfo.hugersvd 0
meminfo.sunreclaim 38236
swapinfo.total 2594812
swapinfo.free 2594812
swapinfo.used 0
swapinfo.in 0
swapinfo.out 0
pageinfo.fault 0
pageinfo.majfault 0
pageinfo.in 0
pageinfo.out 0
nettotals.kbin 0
nettotals.pktin 0
nettotals.kbout 0
nettotals.pktout 0
cpuinfo.user.cpu0 100
cpuinfo.nice.cpu0 0
cpuinfo.sys.cpu0 0
cpuinfo.wait.cpu0 0
cpuinfo.irq.cpu0 0
cpuinfo.soft.cpu0 0
cpuinfo.steal.cpu0 0
cpuinfo.idle.cpu0 0
cpuinfo.intrpt.cpu0 0
cputotals.systot.cpu0 0
cputotals.usertot.cpu0 100
Bogus data record skipped for NET:enp1s0: data on 20241212 at 18:39:39
sample.time 1734028780.001
cputotals.num 1
cputotals.user 100
cputotals.nice 0
cputotals.sys 0
cputotals.wait 0
cputotals.irq 0
cputotals.soft 0
cputotals.steal 0
cputotals.idle 0
cputotals.systot 0
cputotals.usertot 100
cputotals.total 100
ctxint.ctx 75
ctxint.int 262
proc.creates 0
proc.runq 165
proc.run 1
cpuload.avg1 0.94
cpuload.avg5 0.46
cpuload.avg15 0.19
disktotals.reads 0
disktotals.readkbs 0
disktotals.writes 3
disktotals.writekbs 128
meminfo.tot 4006064
meminfo.used 726116
meminfo.free 3279948
meminfo.shared 0
meminfo.buf 22900
meminfo.cached 227916
meminfo.slab 69808
meminfo.map 106000
meminfo.anon 328760
meminfo.anonH 0
meminfo.dirty 9376
meminfo.locked 27620
meminfo.inactive 134920
meminfo.hugetot 0
meminfo.hugefree 0
meminfo.hugersvd 0
meminfo.sunreclaim 38236
swapinfo.total 2594812
swapinfo.free 2594812
swapinfo.used 0
swapinfo.in 0
swapinfo.out 0
pageinfo.fault 2
pageinfo.majfault 0
pageinfo.in 0
pageinfo.out 128
nettotals.kbin 0
nettotals.pktin 0
nettotals.kbout 0
nettotals.pktout 0
cpuinfo.user.cpu0 100
cpuinfo.nice.cpu0 0
cpuinfo.sys.cpu0 0
cpuinfo.wait.cpu0 0
cpuinfo.irq.cpu0 0
cpuinfo.soft.cpu0 0
cpuinfo.steal.cpu0 0
cpuinfo.idle.cpu0 0
cpuinfo.intrpt.cpu0 0
cputotals.systot.cpu0 0
cputotals.usertot.cpu0 100
Bogus data record skipped for NET:enp1s0: data on 20241212 at 18:39:40
sample.time 1734028781.001
cputotals.num 1
cputotals.user 100
cputotals.nice 0
cputotals.sys 0
cputotals.wait 0
cputotals.irq 0
cputotals.soft 0
cputotals.steal 0
cputotals.idle 0
cputotals.systot 0
cputotals.usertot 100
cputotals.total 100
ctxint.ctx 63
ctxint.int 260
proc.creates 0
proc.runq 165
proc.run 1
cpuload.avg1 0.94
cpuload.avg5 0.46
cpuload.avg15 0.19
disktotals.reads 0
disktotals.readkbs 0
disktotals.writes 0
disktotals.writekbs 0
meminfo.tot 4006064
meminfo.used 726116
meminfo.free 3279948
meminfo.shared 0
meminfo.buf 22900
meminfo.cached 227916
meminfo.slab 69808
meminfo.map 106000
meminfo.anon 328760
meminfo.anonH 0
meminfo.dirty 9376
meminfo.locked 27620
meminfo.inactive 134920
meminfo.hugetot 0
meminfo.hugefree 0
meminfo.hugersvd 0
meminfo.sunreclaim 38236
swapinfo.total 2594812
swapinfo.free 2594812
swapinfo.used 0
swapinfo.in 0
swapinfo.out 0
pageinfo.fault 0
pageinfo.majfault 0
pageinfo.in 0
pageinfo.out 0
nettotals.kbin 0
nettotals.pktin 0
nettotals.kbout 0
nettotals.pktout 0
cpuinfo.user.cpu0 100
cpuinfo.nice.cpu0 0
cpuinfo.sys.cpu0 0
cpuinfo.wait.cpu0 0
cpuinfo.irq.cpu0 0
cpuinfo.soft.cpu0 0
cpuinfo.steal.cpu0 0
cpuinfo.idle.cpu0 0
cpuinfo.intrpt.cpu0 0
cputotals.systot.cpu0 0
cputotals.usertot.cpu0 100
Bogus data record skipped for NET:enp1s0: data on 20241212 at 18:39:41
sample.time 1734028782.001
cputotals.num 1
cputotals.user 100
cputotals.nice 0
cputotals.sys 0
cputotals.wait 0
cputotals.irq 0
cputotals.soft 0
cputotals.steal 0
cputotals.idle 0
cputotals.systot 0
cputotals.usertot 100
cputotals.total 100
ctxint.ctx 89
ctxint.int 257
proc.creates 0
proc.runq 165
proc.run 1
cpuload.avg1 0.94
cpuload.avg5 0.46
cpuload.avg15 0.19
disktotals.reads 0
disktotals.readkbs 0
disktotals.writes 0
disktotals.writekbs 0
meminfo.tot 4006064
meminfo.used 726116
meminfo.free 3279948
meminfo.shared 0
meminfo.buf 22900
meminfo.cached 227916
meminfo.slab 69808
meminfo.map 106000
meminfo.anon 328760
meminfo.anonH 0
meminfo.dirty 9376
meminfo.locked 27620
meminfo.inactive 134920
meminfo.hugetot 0
meminfo.hugefree 0
meminfo.hugersvd 0
meminfo.sunreclaim 38236
swapinfo.total 2594812
swapinfo.free 2594812
swapinfo.used 0
swapinfo.in 0
swapinfo.out 0
pageinfo.fault 0
pageinfo.majfault 0
pageinfo.in 0
pageinfo.out 0
nettotals.kbin 0
nettotals.pktin 0
nettotals.kbout 0
nettotals.pktout 0
cpuinfo.user.cpu0 100
cpuinfo.nice.cpu0 0
cpuinfo.sys.cpu0 0
cpuinfo.wait.cpu0 0
cpuinfo.irq.cpu0 0
cpuinfo.soft.cpu0 0
cpuinfo.steal.cpu0 0
cpuinfo.idle.cpu0 0
cpuinfo.intrpt.cpu0 0
cputotals.systot.cpu0 0
cputotals.usertot.cpu0 100
Bogus data record skipped for NET:enp1s0: data on 20241212 at 18:39:42
sample.time 1734028783.001
cputotals.num 1
cputotals.user 100
cputotals.nice 0
cputotals.sys 0
cputotals.wait 0
cputotals.irq 0
cputotals.soft 0
cputotals.steal 0
cputotals.idle 0
cputotals.systot 0
cputotals.usertot 100
cputotals.total 100
ctxint.ctx 48
ctxint.int 261
proc.creates 0
proc.runq 165
proc.run 1
cpuload.avg1 0.94
cpuload.avg5 0.46
cpuload.avg15 0.19
disktotals.reads 0
disktotals.readkbs 0
disktotals.writes 0
disktotals.writekbs 0
meminfo.tot 4006064
meminfo.used 726116
meminfo.free 3279948
meminfo.shared 0
meminfo.buf 22900
meminfo.cached 227920
meminfo.slab 69808
meminfo.map 106000
meminfo.anon 328760
meminfo.anonH 0
meminfo.dirty 9380
meminfo.locked 27620
meminfo.inactive 134920
meminfo.hugetot 0
meminfo.hugefree 0
meminfo.hugersvd 0
meminfo.sunreclaim 38236
swapinfo.total 2594812
swapinfo.free 2594812
swapinfo.used 0
swapinfo.in 0
swapinfo.out 0
pageinfo.fault 0
pageinfo.majfault 0
pageinfo.in 0
pageinfo.out 0
nettotals.kbin 0
nettotals.pktin 0
nettotals.kbout 0
nettotals.pktout 0
cpuinfo.user.cpu0 100
cpuinfo.nice.cpu0 0
cpuinfo.sys.cpu0 0
cpuinfo.wait.cpu0 0
cpuinfo.irq.cpu0 0
cpuinfo.soft.cpu0 0
cpuinfo.steal.cpu0 0
cpuinfo.idle.cpu0 0
cpuinfo.intrpt.cpu0 0
cputotals.systot.cpu0 0
cputotals.usertot.cpu0 100
Bogus data record skipped for NET:enp1s0: data on 20241212 at 18:39:43
sample.time 1734028784.001
cputotals.num 1
cputotals.user 100
cputotals.nice 0
cputotals.sys 0
cputotals.wait 0
cputotals.irq 0
cputotals.soft 0
cputotals.steal 0
cputotals.idle 0
cputotals.systot 0
cputotals.usertot 100
cputotals.total 100
ctxint.ctx 50
ctxint.int 256
proc.creates 0
proc.runq 165
proc.run 1
cpuload.avg1 0.94
cpuload.avg5 0.46
cpuload.avg15 0.19
disktotals.reads 0
disktotals.readkbs 0
disktotals.writes 0
disktotals.writekbs 0
meminfo.tot 4006064
meminfo.used 726116
meminfo.free 3279948
meminfo.shared 0
meminfo.buf 22900
meminfo.cached 227920
meminfo.slab 69808
meminfo.map 106000
meminfo.anon 328760
meminfo.anonH 0
meminfo.dirty 9380
meminfo.locked 27620
meminfo.inactive 134920
meminfo.hugetot 0
meminfo.hugefree 0
meminfo.hugersvd 0
meminfo.sunreclaim 38236
swapinfo.total 2594812
swapinfo.free 2594812
swapinfo.used 0
swapinfo.in 0
swapinfo.out 0
pageinfo.fault 0
pageinfo.majfault 0
pageinfo.in 0
pageinfo.out 0
nettotals.kbin 0
nettotals.pktin 0
nettotals.kbout 0
nettotals.pktout 0
cpuinfo.user.cpu0 100
cpuinfo.nice.cpu0 0
cpuinfo.sys.cpu0 0
cpuinfo.wait.cpu0 0
cpuinfo.irq.cpu0 0
cpuinfo.soft.cpu0 0
cpuinfo.steal.cpu0 0
cpuinfo.idle.cpu0 0
cpuinfo.intrpt.cpu0 0
cputotals.systot.cpu0 0
cputotals.usertot.cpu0 100
Bogus data record skipped for NET:enp1s0: data on 20241212 at 18:39:44
sample.time 1734028785.001
cputotals.num 1
cputotals.user 100
cputotals.nice 0
cputotals.sys 0
cputotals.wait 0
cputotals.irq 0
cputotals.soft 0
cputotals.steal 0
cputotals.idle 0
cputotals.systot 0
cputotals.usertot 100
cputotals.total 100
ctxint.ctx 62
ctxint.int 263
proc.creates 0
proc.runq 165
proc.run 1
cpuload.avg1 0.95
cpuload.avg5 0.47
cpuload.avg15 0.19
disktotals.reads 0
disktotals.readkbs 0
disktotals.writes 3
disktotals.writekbs 12
meminfo.tot 4006064
meminfo.used 726116
meminfo.free 3279948
meminfo.shared 0
meminfo.buf 22908
meminfo.cached 227920
meminfo.slab 69808
meminfo.map 106000
meminfo.anon 328760
meminfo.anonH 0
meminfo.dirty 9380
meminfo.locked 27620
meminfo.inactive 134920
meminfo.hugetot 0
meminfo.hugefree 0
meminfo.hugersvd 0
meminfo.sunreclaim 38236
swapinfo.total 2594812
swapinfo.free 2594812
swapinfo.used 0
swapinfo.in 0
swapinfo.out 0
pageinfo.fault 0
pageinfo.majfault 0
pageinfo.in 0
pageinfo.out 12
nettotals.kbin 0
nettotals.pktin 0
nettotals.kbout 0
nettotals.pktout 0
cpuinfo.user.cpu0 100
cpuinfo.nice.cpu0 0
cpuinfo.sys.cpu0 0
cpuinfo.wait.cpu0 0
cpuinfo.irq.cpu0 0
cpuinfo.soft.cpu0 0
cpuinfo.steal.cpu0 0
cpuinfo.idle.cpu0 0
cpuinfo.intrpt.cpu0 0
cputotals.systot.cpu0 0
cputotals.usertot.cpu0 100
Bogus data record skipped for NET:enp1s0: data on 20241212 at 18:39:45
sample.time 1734028786.001
cputotals.num 1
cputotals.user 100
cputotals.nice 0
cputotals.sys 0
cputotals.wait 0
cputotals.irq 0
cputotals.soft 0
cputotals.steal 0
cputotals.idle 0
cputotals.systot 0
cputotals.usertot 100
cputotals.total 100
ctxint.ctx 56
ctxint.int 259
proc.creates 0
proc.runq 165
proc.run 1
cpuload.avg1 0.95
cpuload.avg5 0.47
cpuload.avg15 0.19
disktotals.reads 0
disktotals.readkbs 0
disktotals.writes 0
disktotals.writekbs 0
meminfo.tot 4006064
meminfo.used 726368
meminfo.free 3279696
meminfo.shared 0
meminfo.buf 22908
meminfo.cached 227924
meminfo.slab 69808
meminfo.map 106000
meminfo.anon 328760
meminfo.anonH 0
meminfo.dirty 9384
meminfo.locked 27620
meminfo.inactive 134920
meminfo.hugetot 0
meminfo.hugefree 0
meminfo.hugersvd 0
meminfo.sunreclaim 38236
swapinfo.total 2594812
swapinfo.free 2594812
swapinfo.used 0
swapinfo.in 0
swapinfo.out 0
pageinfo.fault 0
pageinfo.majfault 0
pageinfo.in 0
pageinfo.out 0
nettotals.kbin 0
nettotals.pktin 0
nettotals.kbout 0
nettotals.pktout 0
cpuinfo.user.cpu0 100
cpuinfo.nice.cpu0 0
cpuinfo.sys.cpu0 0
cpuinfo.wait.cpu0 0
cpuinfo.irq.cpu0 0
cpuinfo.soft.cpu0 0
cpuinfo.steal.cpu0 0
cpuinfo.idle.cpu0 0
cpuinfo.intrpt.cpu0 0
cputotals.systot.cpu0 0
cputotals.usertot.cpu0 100
Bogus data record skipped for NET:enp1s0: data on 20241212 at 18:39:46
sample.time 1734028787.001
cputotals.num 1
cputotals.user 100
cputotals.nice 0
cputotals.sys 0
cputotals.wait 0
cputotals.irq 0
cputotals.soft 0
cputotals.steal 0
cputotals.idle 0
cputotals.systot 0
cputotals.usertot 100
cputotals.total 100
ctxint.ctx 53
ctxint.int 261
proc.creates 0
proc.runq 165
proc.run 1
cpuload.avg1 0.95
cpuload.avg5 0.47
cpuload.avg15 0.19
disktotals.reads 0
disktotals.readkbs 0
disktotals.writes 0
disktotals.writekbs 0
meminfo.tot 4006064
meminfo.used 726368
meminfo.free 3279696
meminfo.shared 0
meminfo.buf 22908
meminfo.cached 227924
meminfo.slab 69808
meminfo.map 106000
meminfo.anon 328760
meminfo.anonH 0
meminfo.dirty 9384
meminfo.locked 27620
meminfo.inactive 134920
meminfo.hugetot 0
meminfo.hugefree 0
meminfo.hugersvd 0
meminfo.sunreclaim 38236
swapinfo.total 2594812
swapinfo.free 2594812
swapinfo.used 0
swapinfo.in 0
swapinfo.out 0
pageinfo.fault 0
pageinfo.majfault 0
pageinfo.in 0
pageinfo.out 0
nettotals.kbin 0
nettotals.pktin 0
nettotals.kbout 0
nettotals.pktout 0
cpuinfo.user.cpu0 100
cpuinfo.nice.cpu0 0
cpuinfo.sys.cpu0 0
cpuinfo.wait.cpu0 0
cpuinfo.irq.cpu0 0
cpuinfo.soft.cpu0 0
cpuinfo.steal.cpu0 0
cpuinfo.idle.cpu0 0
cpuinfo.intrpt.cpu0 0
cputotals.systot.cpu0 0
cputotals.usertot.cpu0 100
Bogus data record skipped for NET:enp1s0: data on 20241212 at 18:39:47
sample.time 1734028788.001
cputotals.num 1
cputotals.user 100
cputotals.nice 0
cputotals.sys 0
cputotals.wait 0
cputotals.irq 0
cputotals.soft 0
cputotals.steal 0
cputotals.idle 0
cputotals.systot 0
cputotals.usertot 100
cputotals.total 100
ctxint.ctx 90
ctxint.int 257
proc.creates 0
proc.runq 165
proc.run 1
cpuload.avg1 0.95
cpuload.avg5 0.47
cpuload.avg15 0.19
disktotals.reads 0
disktotals.readkbs 0
disktotals.writes 0
disktotals.writekbs 0
meminfo.tot 4006064
meminfo.used 726368
meminfo.free 3279696
meminfo.shared 0
meminfo.buf 22908
meminfo.cached 227924
meminfo.slab 69808
meminfo.map 106000
meminfo.anon 328760
meminfo.anonH 0
meminfo.dirty 9384
meminfo.locked 27620
meminfo.inactive 134920
meminfo.hugetot 0
meminfo.hugefree 0
meminfo.hugersvd 0
meminfo.sunreclaim 38236
swapinfo.total 2594812
swapinfo.free 2594812
swapinfo.used 0
swapinfo.in 0
swapinfo.out 0
pageinfo.fault 0
pageinfo.majfault 0
pageinfo.in 0
pageinfo.out 0
nettotals.kbin 0
nettotals.pktin 0
nettotals.kbout 0
nettotals.pktout 0
cpuinfo.user.cpu0 100
cpuinfo.nice.cpu0 0
cpuinfo.sys.cpu0 0
cpuinfo.wait.cpu0 0
cpuinfo.irq.cpu0 0
cpuinfo.soft.cpu0 0
cpuinfo.steal.cpu0 0
cpuinfo.idle.cpu0 0
cpuinfo.intrpt.cpu0 0
cputotals.systot.cpu0 0
cputotals.usertot.cpu0 100
Bogus data record skipped for NET:enp1s0: data on 20241212 at 18:39:48
sample.time 1734028789.001
cputotals.num 1
cputotals.user 100
cputotals.nice 0
cputotals.sys 0
cputotals.wait 0
cputotals.irq 0
cputotals.soft 0
cputotals.steal 0
cputotals.idle 0
cputotals.systot 0
cputotals.usertot 100
cputotals.total 100
ctxint.ctx 74
ctxint.int 259
proc.creates 0
proc.runq 165
proc.run 1
cpuload.avg1 0.95
cpuload.avg5 0.47
cpuload.avg15 0.19
disktotals.reads 0
disktotals.readkbs 0
disktotals.writes 0
disktotals.writekbs 0
meminfo.tot 4006064
meminfo.used 726368
meminfo.free 3279696
meminfo.shared 0
meminfo.buf 22908
meminfo.cached 227928
meminfo.slab 69808
meminfo.map 106000
meminfo.anon 328760
meminfo.anonH 0
meminfo.dirty 9388
meminfo.locked 27620
meminfo.inactive 134936
meminfo.hugetot 0
meminfo.hugefree 0
meminfo.hugersvd 0
meminfo.sunreclaim 38236
swapinfo.total 2594812
swapinfo.free 2594812
swapinfo.used 0
swapinfo.in 0
swapinfo.out 0
pageinfo.fault 0
pageinfo.majfault 0
pageinfo.in 0
pageinfo.out 0
nettotals.kbin 0
nettotals.pktin 0
nettotals.kbout 0
nettotals.pktout 0
cpuinfo.user.cpu0 100
cpuinfo.nice.cpu0 0
cpuinfo.sys.cpu0 0
cpuinfo.wait.cpu0 0
cpuinfo.irq.cpu0 0
cpuinfo.soft.cpu0 0
cpuinfo.steal.cpu0 0
cpuinfo.idle.cpu0 0
cpuinfo.intrpt.cpu0 0
cputotals.systot.cpu0 0
cputotals.usertot.cpu0 100
Bogus data record skipped for NET:enp1s0: data on 20241212 at 18:39:49
sample.time 1734028790.001
cputotals.num 1
cputotals.user 100
cputotals.nice 0
cputotals.sys 0
cputotals.wait 0
cputotals.irq 0
cputotals.soft 0
cputotals.steal 0
cputotals.idle 0
cputotals.systot 0
cputotals.usertot 100
cputotals.total 100
ctxint.ctx 61
ctxint.int 262
proc.creates 0
proc.runq 165
proc.run 1
cpuload.avg1 0.95
cpuload.avg5 0.48
cpuload.avg15 0.20
disktotals.reads 0
disktotals.readkbs 0
disktotals.writes 3
disktotals.writekbs 12
meminfo.tot 4006064
meminfo.used 726368
meminfo.free 3279696
meminfo.shared 0
meminfo.buf 22916
meminfo.cached 227928
meminfo.slab 69808
meminfo.map 106000
meminfo.anon 328760
meminfo.anonH 0
meminfo.dirty 9388
meminfo.locked 27620
meminfo.inactive 134936
meminfo.hugetot 0
meminfo.hugefree 0
meminfo.hugersvd 0
meminfo.sunreclaim 38236
swapinfo.total 2594812
swapinfo.free 2594812
swapinfo.used 0
swapinfo.in 0
swapinfo.out 0
pageinfo.fault 0
pageinfo.majfault 0
pageinfo.in 0
pageinfo.out 12
nettotals.kbin 0
nettotals.pktin 0
nettotals.kbout 0
nettotals.pktout 0
cpuinfo.user.cpu0 100
cpuinfo.nice.cpu0 0
cpuinfo.sys.cpu0 0
cpuinfo.wait.cpu0 0
cpuinfo.irq.cpu0 0
cpuinfo.soft.cpu0 0
cpuinfo.steal.cpu0 0
cpuinfo.idle.cpu0 0
cpuinfo.intrpt.cpu0 0
cputotals.systot.cpu0 0
cputotals.usertot.cpu0 100
Bogus data record skipped for NET:enp1s0: data on 20241212 at 18:39:50
sample.time 1734028791.001
cputotals.num 1
cputotals.user 100
cputotals.nice 0
cputotals.sys 0
cputotals.wait 0
cputotals.irq 0
cputotals.soft 0
cputotals.steal 0
cputotals.idle 0
cputotals.systot 0
cputotals.usertot 100
cputotals.total 100
ctxint.ctx 50
ctxint.int 260
proc.creates 0
proc.runq 165
proc.run 1
cpuload.avg1 0.95
cpuload.avg5 0.48
cpuload.avg15 0.20
disktotals.reads 0
disktotals.readkbs 0
disktotals.writes 0
disktotals.writekbs 0
meminfo.tot 4006064
meminfo.used 726368
meminfo.free 3279696
meminfo.shared 0
meminfo.buf 22916
meminfo.cached 227928
meminfo.slab 69808
meminfo.map 106000
meminfo.anon 328760
meminfo.anonH 0
meminfo.dirty 9388
meminfo.locked 27620
meminfo.inactive 134936
meminfo.hugetot 0
meminfo.hugefree 0
meminfo.hugersvd 0
meminfo.sunreclaim 38236
swapinfo.total 2594812
swapinfo.free 2594812
swapinfo.used 0
swapinfo.in 0
swapinfo.out 0
pageinfo.fault 0
pageinfo.majfault 0
pageinfo.in 0
pageinfo.out 0
nettotals.kbin 0
nettotals.pktin 0
nettotals.kbout 0
nettotals.pktout 0
cpuinfo.user.cpu0 100
cpuinfo.nice.cpu0 0
cpuinfo.sys.cpu0 0
cpuinfo.wait.cpu0 0
cpuinfo.irq.cpu0 0
cpuinfo.soft.cpu0 0
cpuinfo.steal.cpu0 0
cpuinfo.idle.cpu0 0
cpuinfo.intrpt.cpu0 0
cputotals.systot.cpu0 0
cputotals.usertot.cpu0 100
Bogus data record skipped for NET:enp1s0: data on 20241212 at 18:39:51
sample.time 1734028792.001
cputotals.num 1
cputotals.user 100
cputotals.nice 0
cputotals.sys 0
cputotals.wait 0
cputotals.irq 0
cputotals.soft 0
cputotals.steal 0
cputotals.idle 0
cputotals.systot 0
cputotals.usertot 100
cputotals.total 100
ctxint.ctx 51
ctxint.int 257
proc.creates 0
proc.runq 165
proc.run 1
cpuload.avg1 0.95
cpuload.avg5 0.48
cpuload.avg15 0.20
disktotals.reads 0
disktotals.readkbs 0
disktotals.writes 0
disktotals.writekbs 0
meminfo.tot 4006064
meminfo.used 726368
meminfo.free 3279696
meminfo.shared 0
meminfo.buf 22916
meminfo.cached 227932
meminfo.slab 69808
meminfo.map 106000
meminfo.anon 328760
meminfo.anonH 0
meminfo.dirty 9392
meminfo.locked 27620
meminfo.inactive 134936
meminfo.hugetot 0
meminfo.hugefree 0
meminfo.hugersvd 0
meminfo.sunreclaim 38236
swapinfo.total 2594812
swapinfo.free 2594812
swapinfo.used 0
swapinfo.in 0
swapinfo.out 0
pageinfo.fault 0
pageinfo.majfault 0
pageinfo.in 0
pageinfo.out 0
nettotals.kbin 0
nettotals.pktin 0
nettotals.kbout 0
nettotals.pktout 0
cpuinfo.user.cpu0 100
cpuinfo.nice.cpu0 0
cpuinfo.sys.cpu0 0
cpuinfo.wait.cpu0 0
cpuinfo.irq.cpu0 0
cpuinfo.soft.cpu0 0
cpuinfo.steal.cpu0 0
cpuinfo.idle.cpu0 0
cpuinfo.intrpt.cpu0 0
cputotals.systot.cpu0 0
cputotals.usertot.cpu0 100
Bogus data record skipped for NET:enp1s0: data on 20241212 at 18:39:52
sample.time 1734028793.001
cputotals.num 1
cputotals.user 100
cputotals.nice 0
cputotals.sys 0
cputotals.wait 0
cputotals.irq 0
cputotals.soft 0
cputotals.steal 0
cputotals.idle 0
cputotals.systot 0
cputotals.usertot 100
cputotals.total 100
ctxint.ctx 44
ctxint.int 258
proc.creates 0
proc.runq 165
proc.run 1
cpuload.avg1 0.95
cpuload.avg5 0.48
cpuload.avg15 0.20
disktotals.reads 0
disktotals.readkbs 0
disktotals.writes 0
disktotals.writekbs 0
meminfo.tot 4006064
meminfo.used 726368
meminfo.free 3279696
meminfo.shared 0
meminfo.buf 22916
meminfo.cached 227932
meminfo.slab 69808
meminfo.map 106000
meminfo.anon 328760
meminfo.anonH 0
meminfo.dirty 9392
meminfo.locked 27620
meminfo.inactive 134936
meminfo.hugetot 0
meminfo.hugefree 0
meminfo.hugersvd 0
meminfo.sunreclaim 38236
swapinfo.total 2594812
swapinfo.free 2594812
swapinfo.used 0
swapinfo.in 0
swapinfo.out 0
pageinfo.fault 0
pageinfo.majfault 0
pageinfo.in 0
pageinfo.out 0
nettotals.kbin 0
nettotals.pktin 0
nettotals.kbout 0
nettotals.pktout 0
cpuinfo.user.cpu0 100
cpuinfo.nice.cpu0 0
cpuinfo.sys.cpu0 0
cpuinfo.wait.cpu0 0
cpuinfo.irq.cpu0 0
cpuinfo.soft.cpu0 0
cpuinfo.steal.cpu0 0
cpuinfo.idle.cpu0 0
cpuinfo.intrpt.cpu0 0
cputotals.systot.cpu0 0
cputotals.usertot.cpu0 100
Bogus data record skipped for NET:enp1s0: data on 20241212 at 18:39:53
sample.time 1734028794.001
cputotals.num 1
cputotals.user 100
cputotals.nice 0
cputotals.sys 0
cputotals.wait 0
cputotals.irq 0
cputotals.soft 0
cputotals.steal 0
cputotals.idle 0
cputotals.systot 0
cputotals.usertot 100
cputotals.total 100
ctxint.ctx 74
ctxint.int 258
proc.creates 0
proc.runq 165
proc.run 1
cpuload.avg1 0.95
cpuload.avg5 0.48
cpuload.avg15 0.20
disktotals.reads 0
disktotals.readkbs 0
disktotals.writes 0
disktotals.writekbs 0
meminfo.tot 4006064
meminfo.used 726368
meminfo.free 3279696
meminfo.shared 0
meminfo.buf 22916
meminfo.cached 227932
meminfo.slab 69808
meminfo.map 106000
meminfo.anon 328760
meminfo.anonH 0
meminfo.dirty 9392
meminfo.locked 27620
meminfo.inactive 134936
meminfo.hugetot 0
meminfo.hugefree 0
meminfo.hugersvd 0
meminfo.sunreclaim 38236
swapinfo.total 2594812
swapinfo.free 2594812
swapinfo.used 0
swapinfo.in 0
swapinfo.out 0
pageinfo.fault 1
pageinfo.majfault 0
pageinfo.in 0
pageinfo.out 0
nettotals.kbin 0
nettotals.pktin 0
nettotals.kbout 0
nettotals.pktout 0
cpuinfo.user.cpu0 100
cpuinfo.nice.cpu0 0
cpuinfo.sys.cpu0 0
cpuinfo.wait.cpu0 0
cpuinfo.irq.cpu0 0
cpuinfo.soft.cpu0 0
cpuinfo.steal.cpu0 0
cpuinfo.idle.cpu0 0
cpuinfo.intrpt.cpu0 0
cputotals.systot.cpu0 0
cputotals.usertot.cpu0 100
Bogus data record skipped for NET:enp1s0: data on 20241212 at 18:39:54
sample.time 1734028795.001
cputotals.num 1
cputotals.user 100
cputotals.nice 0
cputotals.sys 0
cputotals.wait 0
cputotals.irq 0
cputotals.soft 0
cputotals.steal 0
cputotals.idle 0
cputotals.systot 0
cputotals.usertot 100
cputotals.total 100
ctxint.ctx 105
ctxint.int 277
proc.creates 0
proc.runq 165
proc.run 1
cpuload.avg1 0.95
cpuload.avg5 0.49
cpuload.avg15 0.20
disktotals.reads 0
disktotals.readkbs 0
disktotals.writes 28
disktotals.writekbs 132
meminfo.tot 4006064
meminfo.used 726368
meminfo.free 3279696
meminfo.shared 0
meminfo.buf 22924
meminfo.cached 227936
meminfo.slab 69808
meminfo.map 106000
meminfo.anon 328760
meminfo.anonH 0
meminfo.dirty 9276
meminfo.locked 27620
meminfo.inactive 134944
meminfo.hugetot 0
meminfo.hugefree 0
meminfo.hugersvd 0
meminfo.sunreclaim 38236
swapinfo.total 2594812
swapinfo.free 2594812
swapinfo.used 0
swapinfo.in 0
swapinfo.out 0
pageinfo.fault 1
pageinfo.majfault 0
pageinfo.in 0
pageinfo.out 132
nettotals.kbin 0
nettotals.pktin 0
nettotals.kbout 0
nettotals.pktout 0
cpuinfo.user.cpu0 100
cpuinfo.nice.cpu0 0
cpuinfo.sys.cpu0 0
cpuinfo.wait.cpu0 0
cpuinfo.irq.cpu0 0
cpuinfo.soft.cpu0 0
cpuinfo.steal.cpu0 0
cpuinfo.idle.cpu0 0
cpuinfo.intrpt.cpu0 0
cputotals.systot.cpu0 0
cputotals.usertot.cpu0 100
Bogus data record skipped for NET:enp1s0: data on 20241212 at 18:39:55
sample.time 1734028796.001
cputotals.num 1
cputotals.user 100
cputotals.nice 0
cputotals.sys 0
cputotals.wait 0
cputotals.irq 0
cputotals.soft 0
cputotals.steal 0
cputotals.idle 0
cputotals.systot 0
cputotals.usertot 100
cputotals.total 100
ctxint.ctx 46
ctxint.int 257
proc.creates 0
proc.runq 165
proc.run 1
cpuload.avg1 0.95
cpuload.avg5 0.49
cpuload.avg15 0.20
disktotals.reads 0
disktotals.readkbs 0
disktotals.writes 0
disktotals.writekbs 0
meminfo.tot 4006064
meminfo.used 726368
meminfo.free 3279696
meminfo.shared 0
meminfo.buf 22924
meminfo.cached 227936
meminfo.slab 69808
meminfo.map 106000
meminfo.anon 328760
meminfo.anonH 0
meminfo.dirty 9276
meminfo.locked 27620
meminfo.inactive 134944
meminfo.hugetot 0
meminfo.hugefree 0
meminfo.hugersvd 0
meminfo.sunreclaim 38236
swapinfo.total 2594812
swapinfo.free 2594812
swapinfo.used 0
swapinfo.in 0
swapinfo.out 0
pageinfo.fault 0
pageinfo.majfault 0
pageinfo.in 0
pageinfo.out 0
nettotals.kbin 0
nettotals.pktin 0
nettotals.kbout 0
nettotals.pktout 0
cpuinfo.user.cpu0 100
cpuinfo.nice.cpu0 0
cpuinfo.sys.cpu0 0
cpuinfo.wait.cpu0 0
cpuinfo.irq.cpu0 0
cpuinfo.soft.cpu0 0
cpuinfo.steal.cpu0 0
cpuinfo.idle.cpu0 0
cpuinfo.intrpt.cpu0 0
cputotals.systot.cpu0 0
cputotals.usertot.cpu0 100
Bogus data record skipped for NET:enp1s0: data on 20241212 at 18:39:56
sample.time 1734028797.001
cputotals.num 1
cputotals.user 100
cputotals.nice 0
cputotals.sys 0
cputotals.wait 0
cputotals.irq 0
cputotals.soft 0
cputotals.steal 0
cputotals.idle 0
cputotals.systot 0
cputotals.usertot 100
cputotals.total 100
ctxint.ctx 52
ctxint.int 259
proc.creates 0
proc.runq 165
proc.run 1
cpuload.avg1 0.95
cpuload.avg5 0.49
cpuload.avg15 0.20
disktotals.reads 0
disktotals.readkbs 0
disktotals.writes 0
disktotals.writekbs 0
meminfo.tot 4006064
meminfo.used 726368
meminfo.free 3279696
meminfo.shared 0
meminfo.buf 22924
meminfo.cached 227936
meminfo.slab 69808
meminfo.map 106000
meminfo.anon 328760
meminfo.anonH 0
meminfo.dirty 9276
meminfo.locked 27620
meminfo.inactive 134944
meminfo.hugetot 0
meminfo.hugefree 0
meminfo.hugersvd 0
meminfo.sunreclaim 38236
swapinfo.total 2594812
swapinfo.free 2594812
swapinfo.used 0
swapinfo.in 0
swapinfo.out 0
pageinfo.fault 0
pageinfo.majfault 0
pageinfo.in 0
pageinfo.out 0
nettotals.kbin 0
nettotals.pktin 0
nettotals.kbout 0
nettotals.pktout 0
cpuinfo.user.cpu0 100
cpuinfo.nice.cpu0 0
cpuinfo.sys.cpu0 0
cpuinfo.wait.cpu0 0
cpuinfo.irq.cpu0 0
cpuinfo.soft.cpu0 0
cpuinfo.steal.cpu0 0
cpuinfo.idle.cpu0 0
cpuinfo.intrpt.cpu0 0
cputotals.systot.cpu0 0
cputotals.usertot.cpu0 100
Bogus data record skipped for NET:enp1s0: data on 20241212 at 18:39:57
sample.time 1734028798.001
cputotals.num 1
cputotals.user 100
cputotals.nice 0
cputotals.sys 0
cputotals.wait 0
cputotals.irq 0
cputotals.soft 0
cputotals.steal 0
cputotals.idle 0
cputotals.systot 0
cputotals.usertot 100
cputotals.total 100
ctxint.ctx 58
ctxint.int 258
proc.creates 0
proc.runq 165
proc.run 1
cpuload.avg1 0.95
cpuload.avg5 0.49
cpuload.avg15 0.20
disktotals.reads 0
disktotals.readkbs 0
disktotals.writes 0
disktotals.writekbs 0
meminfo.tot 4006064
meminfo.used 726368
meminfo.free 3279696
meminfo.shared 0
meminfo.buf 22924
meminfo.cached 227940
meminfo.slab 69808
meminfo.map 106000
meminfo.anon 328760
meminfo.anonH 0
meminfo.dirty 9280
meminfo.locked 27620
meminfo.inactive 134944
meminfo.hugetot 0
meminfo.hugefree 0
meminfo.hugersvd 0
meminfo.sunreclaim 38236
swapinfo.total 2594812
swapinfo.free 2594812
swapinfo.used 0
swapinfo.in 0
swapinfo.out 0
pageinfo.fault 0
pageinfo.majfault 0
pageinfo.in 0
pageinfo.out 0
nettotals.kbin 0
nettotals.pktin 0
nettotals.kbout 0
nettotals.pktout 0
cpuinfo.user.cpu0 100
cpuinfo.nice.cpu0 0
cpuinfo.sys.cpu0 0
cpuinfo.wait.cpu0 0
cpuinfo.irq.cpu0 0
cpuinfo.soft.cpu0 0
cpuinfo.steal.cpu0 0
cpuinfo.idle.cpu0 0
cpuinfo.intrpt.cpu0 0
cputotals.systot.cpu0 0
cputotals.usertot.cpu0 100
Bogus data record skipped for NET:enp1s0: data on 20241212 at 18:39:58
sample.time 1734028799.001
cputotals.num 1
cputotals.user 100
cputotals.nice 0
cputotals.sys 0
cputotals.wait 0
cputotals.irq 0
cputotals.soft 0
cputotals.steal 0
cputotals.idle 0
cputotals.systot 0
cputotals.usertot 100
cputotals.total 100
ctxint.ctx 44
ctxint.int 260
proc.creates 0
proc.runq 165
proc.run 1
cpuload.avg1 0.95
cpuload.avg5 0.49
cpuload.avg15 0.20
disktotals.reads 0
disktotals.readkbs 0
disktotals.writes 0
disktotals.writekbs 0
meminfo.tot 4006064
meminfo.used 726368
meminfo.free 3279696
meminfo.shared 0
meminfo.buf 22924
meminfo.cached 227940
meminfo.slab 69808
meminfo.map 106000
meminfo.anon 328760
meminfo.anonH 0
meminfo.dirty 9280
meminfo.locked 27620
meminfo.inactive 134944
meminfo.hugetot 0
meminfo.hugefree 0
meminfo.hugersvd 0
meminfo.sunreclaim 38236
swapinfo.total 2594812
swapinfo.free 2594812
swapinfo.used 0
swapinfo.in 0
swapinfo.out 0
pageinfo.fault 0
pageinfo.majfault 0
pageinfo.in 0
pageinfo.out 0
nettotals.kbin 0
nettotals.pktin 0
nettotals.kbout 0
nettotals.pktout 0
cpuinfo.user.cpu0 100
cpuinfo.nice.cpu0 0
cpuinfo.sys.cpu0 0
cpuinfo.wait.cpu0 0
cpuinfo.irq.cpu0 0
cpuinfo.soft.cpu0 0
cpuinfo.steal.cpu0 0
cpuinfo.idle.cpu0 0
cpuinfo.intrpt.cpu0 0
cputotals.systot.cpu0 0
cputotals.usertot.cpu0 100
Bogus data record skipped for NET:enp1s0: data on 20241212 at 18:39:59
sample.time 1734028800.001
cputotals.num 1
cputotals.user 100
cputotals.nice 0
cputotals.sys 0
cputotals.wait 0
cputotals.irq 0
cputotals.soft 0
cputotals.steal 0
cputotals.idle 0
cputotals.systot 0
cputotals.usertot 100
cputotals.total 100
ctxint.ctx 71
ctxint.int 261
proc.creates 0
proc.runq 165
proc.run 1
cpuload.avg1 0.96
cpuload.avg5 0.50
cpuload.avg15 0.21
disktotals.reads 0
disktotals.readkbs 0
disktotals.writes 3
disktotals.writekbs 12
meminfo.tot 4006064
meminfo.used 726368
meminfo.free 3279696
meminfo.shared 0
meminfo.buf 22932
meminfo.cached 227940
meminfo.slab 69808
meminfo.map 106000
meminfo.anon 328760
meminfo.anonH 0
meminfo.dirty 9280
meminfo.locked 27620
meminfo.inactive 134944
meminfo.hugetot 0
meminfo.hugefree 0
meminfo.hugersvd 0
meminfo.sunreclaim 38236
swapinfo.total 2594812
swapinfo.free 2594812
swapinfo.used 0
swapinfo.in 0
swapinfo.out 0
pageinfo.fault 0
pageinfo.majfault 0
pageinfo.in 0
pageinfo.out 12
nettotals.kbin 0
nettotals.pktin 0
nettotals.kbout 0
nettotals.pktout 0
cpuinfo.user.cpu0 100
cpuinfo.nice.cpu0 0
cpuinfo.sys.cpu0 0
cpuinfo.wait.cpu0 0
cpuinfo.irq.cpu0 0
cpuinfo.soft.cpu0 0
cpuinfo.steal.cpu0 0
cpuinfo.idle.cpu0 0
cpuinfo.intrpt.cpu0 0
cputotals.systot.cpu0 0
cputotals.usertot.cpu0 100
Bogus data record skipped for NET:enp1s0: data on 20241212 at 18:40:00
sample.time 1734028801.001
cputotals.num 1
cputotals.user 100
cputotals.nice 0
cputotals.sys 0
cputotals.wait 0
cputotals.irq 0
cputotals.soft 0
cputotals.steal 0
cputotals.idle 0
cputotals.systot 0
cputotals.usertot 100
cputotals.total 100
ctxint.ctx 79
ctxint.int 259
proc.creates 0
proc.runq 165
proc.run 1
cpuload.avg1 0.96
cpuload.avg5 0.50
cpuload.avg15 0.21
disktotals.reads 0
disktotals.readkbs 0
disktotals.writes 0
disktotals.writekbs 0
meminfo.tot 4006064
meminfo.used 726368
meminfo.free 3279696
meminfo.shared 0
meminfo.buf 22932
meminfo.cached 227944
meminfo.slab 69808
meminfo.map 106000
meminfo.anon 328760
meminfo.anonH 0
meminfo.dirty 9284
meminfo.locked 27620
meminfo.inactive 134944
meminfo.hugetot 0
meminfo.hugefree 0
meminfo.hugersvd 0
meminfo.sunreclaim 38236
swapinfo.total 2594812
swapinfo.free 2594812
swapinfo.used 0
swapinfo.in 0
swapinfo.out 0
pageinfo.fault 0
pageinfo.majfault 0
pageinfo.in 0
pageinfo.out 0
nettotals.kbin 0
nettotals.pktin 0
nettotals.kbout 0
nettotals.pktout 0
cpuinfo.user.cpu0 100
cpuinfo.nice.cpu0 0
cpuinfo.sys.cpu0 0
cpuinfo.wait.cpu0 0
cpuinfo.irq.cpu0 0
cpuinfo.soft.cpu0 0
cpuinfo.steal.cpu0 0
cpuinfo.idle.cpu0 0
cpuinfo.intrpt.cpu0 0
cputotals.systot.cpu0 0
cputotals.usertot.cpu0 100
Bogus data record skipped for NET:enp1s0: data on 20241212 at 18:40:01
sample.time 1734028802.001
cputotals.num 1
cputotals.user 100
cputotals.nice 0
cputotals.sys 0
cputotals.wait 0
cputotals.irq 0
cputotals.soft 0
cputotals.steal 0
cputotals.idle 0
cputotals.systot 0
cputotals.usertot 100
cputotals.total 100
ctxint.ctx 62
ctxint.int 262
proc.creates 0
proc.runq 165
proc.run 1
cpuload.avg1 0.96
cpuload.avg5 0.50
cpuload.avg15 0.21
disktotals.reads 0
disktotals.readkbs 0
disktotals.writes 0
disktotals.writekbs 0
meminfo.tot 4006064
meminfo.used 726368
meminfo.free 3279696
meminfo.shared 0
meminfo.buf 22932
meminfo.cached 227944
meminfo.slab 69808
meminfo.map 106000
meminfo.anon 328760
meminfo.anonH 0
meminfo.dirty 9284
meminfo.locked 27620
meminfo.inactive 134944
meminfo.hugetot 0
meminfo.hugefree 0
meminfo.hugersvd 0
meminfo.sunreclaim 38236
swapinfo.total 2594812
swapinfo.free 2594812
swapinfo.used 0
swapinfo.in 0
swapinfo.out 0
pageinfo.fault 0
pageinfo.majfault 0
pageinfo.in 0
pageinfo.out 0
nettotals.kbin 0
nettotals.pktin 0
nettotals.kbout 0
nettotals.pktout 0
cpuinfo.user.cpu0 100
cpuinfo.nice.cpu0 0
cpuinfo.sys.cpu0 0
cpuinfo.wait.cpu0 0
cpuinfo.irq.cpu0 0
cpuinfo.soft.cpu0 0
cpuinfo.steal.cpu0 0
cpuinfo.idle.cpu0 0
cpuinfo.intrpt.cpu0 0
cputotals.systot.cpu0 0
cputotals.usertot.cpu0 100
Bogus data record skipped for NET:enp1s0: data on 20241212 at 18:40:02
sample.time 1734028803.001
cputotals.num 1
cputotals.user 100
cputotals.nice 0
cputotals.sys 0
cputotals.wait 0
cputotals.irq 0
cputotals.soft 0
cputotals.steal 0
cputotals.idle 0
cputotals.systot 0
cputotals.usertot 100
cputotals.total 100
ctxint.ctx 54
ctxint.int 261
proc.creates 0
proc.runq 165
proc.run 1
cpuload.avg1 0.96
cpuload.avg5 0.50
cpuload.avg15 0.21
disktotals.reads 0
disktotals.readkbs 0
disktotals.writes 0
disktotals.writekbs 0
meminfo.tot 4006064
meminfo.used 726368
meminfo.free 3279696
meminfo.shared 0
meminfo.buf 22932
meminfo.cached 227944
meminfo.slab 69808
meminfo.map 106000
meminfo.anon 328760
meminfo.anonH 0
meminfo.dirty 9284
meminfo.locked 27620
meminfo.inactive 134944
meminfo.hugetot 0
meminfo.hugefree 0
meminfo.hugersvd 0
meminfo.sunreclaim 38236
swapinfo.total 2594812
swapinfo.free 2594812
swapinfo.used 0
swapinfo.in 0
swapinfo.out 0
pageinfo.fault 0
pageinfo.majfault 0
pageinfo.in 0
pageinfo.out 0
nettotals.kbin 0
nettotals.pktin 0
nettotals.kbout 0
nettotals.pktout 0
cpuinfo.user.cpu0 100
cpuinfo.nice.cpu0 0
cpuinfo.sys.cpu0 0
cpuinfo.wait.cpu0 0
cpuinfo.irq.cpu0 0
cpuinfo.soft.cpu0 0
cpuinfo.steal.cpu0 0
cpuinfo.idle.cpu0 0
cpuinfo.intrpt.cpu0 0
cputotals.systot.cpu0 0
cputotals.usertot.cpu0 100
Bogus data record skipped for NET:enp1s0: data on 20241212 at 18:40:03
sample.time 1734028804.001
cputotals.num 1
cputotals.user 100
cputotals.nice 0
cputotals.sys 0
cputotals.wait 0
cputotals.irq 0
cputotals.soft 0
cputotals.steal 0
cputotals.idle 0
cputotals.systot 0
cputotals.usertot 100
cputotals.total 100
ctxint.ctx 61
ctxint.int 257
proc.creates 0
proc.runq 165
proc.run 1
cpuload.avg1 0.96
cpuload.avg5 0.50
cpuload.avg15 0.21
disktotals.reads 0
disktotals.readkbs 0
disktotals.writes 0
disktotals.writekbs 0
meminfo.tot 4006064
meminfo.used 726368
meminfo.free 3279696
meminfo.shared 0
meminfo.buf 22932
meminfo.cached 227948
meminfo.slab 69808
meminfo.map 106000
meminfo.anon 328760
meminfo.anonH 0
meminfo.dirty 9288
meminfo.locked 27620
meminfo.inactive 134944
meminfo.hugetot 0
meminfo.hugefree 0
meminfo.hugersvd 0
meminfo.sunreclaim 38236
swapinfo.total 2594812
swapinfo.free 2594812
swapinfo.used 0
swapinfo.in 0
swapinfo.out 0
pageinfo.fault 0
pageinfo.majfault 0
pageinfo.in 0
pageinfo.out 0
nettotals.kbin 0
nettotals.pktin 0
nettotals.kbout 0
nettotals.pktout 0
cpuinfo.user.cpu0 100
cpuinfo.nice.cpu0 0
cpuinfo.sys.cpu0 0
cpuinfo.wait.cpu0 0
cpuinfo.irq.cpu0 0
cpuinfo.soft.cpu0 0
cpuinfo.steal.cpu0 0
cpuinfo.idle.cpu0 0
cpuinfo.intrpt.cpu0 0
cputotals.systot.cpu0 0
cputotals.usertot.cpu0 100
Bogus data record skipped for NET:enp1s0: data on 20241212 at 18:40:04
sample.time 1734028805.001
cputotals.num 1
cputotals.user 100
cputotals.nice 0
cputotals.sys 0
cputotals.wait 0
cputotals.irq 0
cputotals.soft 0
cputotals.steal 0
cputotals.idle 0
cputotals.systot 0
cputotals.usertot 100
cputotals.total 100
ctxint.ctx 81
ctxint.int 297
proc.creates 0
proc.runq 165
proc.run 1
cpuload.avg1 0.96
cpuload.avg5 0.50
cpuload.avg15 0.21
disktotals.reads 0
disktotals.readkbs 0
disktotals.writes 62
disktotals.writekbs 344
meminfo.tot 4006064
meminfo.used 726368
meminfo.free 3279696
meminfo.shared 0
meminfo.buf 22940
meminfo.cached 227948
meminfo.slab 69808
meminfo.map 106000
meminfo.anon 328760
meminfo.anonH 0
meminfo.dirty 8984
meminfo.locked 27620
meminfo.inactive 134944
meminfo.hugetot 0
meminfo.hugefree 0
meminfo.hugersvd 0
meminfo.sunreclaim 38236
swapinfo.total 2594812
swapinfo.free 2594812
swapinfo.used 0
swapinfo.in 0
swapinfo.out 0
pageinfo.fault 0
pageinfo.majfault 0
pageinfo.in 0
pageinfo.out 344
nettotals.kbin 0
nettotals.pktin 0
nettotals.kbout 0
nettotals.pktout 0
cpuinfo.user.cpu0 100
cpuinfo.nice.cpu0 0
cpuinfo.sys.cpu0 0
cpuinfo.wait.cpu0 0
cpuinfo.irq.cpu0 0
cpuinfo.soft.cpu0 0
cpuinfo.steal.cpu0 0
cpuinfo.idle.cpu0 0
cpuinfo.intrpt.cpu0 0
cputotals.systot.cpu0 0
cputotals.usertot.cpu0 100
Bogus data record skipped for NET:enp1s0: data on 20241212 at 18:40:05
sample.time 1734028806.001
cputotals.num 1
cputotals.user 100
cputotals.nice 0
cputotals.sys 0
cputotals.wait 0
cputotals.irq 0
cputotals.soft 0
cputotals.steal 0
cputotals.idle 0
cputotals.systot 0
cputotals.usertot 100
cputotals.total 100
ctxint.ctx 60
ctxint.int 258
proc.creates 0
proc.runq 165
proc.run 1
cpuload.avg1 0.96
cpuload.avg5 0.50
cpuload.avg15 0.21
disktotals.reads 0
disktotals.readkbs 0
disktotals.writes 0
disktotals.writekbs 0
meminfo.tot 4006064
meminfo.used 726368
meminfo.free 3279696
meminfo.shared 0
meminfo.buf 22940
meminfo.cached 227948
meminfo.slab 69808
meminfo.map 106000
meminfo.anon 328760
meminfo.anonH 0
meminfo.dirty 8964
meminfo.locked 27620
meminfo.inactive 134956
meminfo.hugetot 0
meminfo.hugefree 0
meminfo.hugersvd 0
meminfo.sunreclaim 38236
swapinfo.total 2594812
swapinfo.free 2594812
swapinfo.used 0
swapinfo.in 0
swapinfo.out 0
pageinfo.fault 0
pageinfo.majfault 0
pageinfo.in 0
pageinfo.out 0
nettotals.kbin 0
nettotals.pktin 0
nettotals.kbout 0
nettotals.pktout 0
cpuinfo.user.cpu0 100
cpuinfo.nice.cpu0 0
cpuinfo.sys.cpu0 0
cpuinfo.wait.cpu0 0
cpuinfo.irq.cpu0 0
cpuinfo.soft.cpu0 0
cpuinfo.steal.cpu0 0
cpuinfo.idle.cpu0 0
cpuinfo.intrpt.cpu0 0
cputotals.systot.cpu0 0
cputotals.usertot.cpu0 100
Bogus data record skipped for NET:enp1s0: data on 20241212 at 18:40:06
sample.time 1734028807.001
cputotals.num 1
cputotals.user 100
cputotals.nice 0
cputotals.sys 0
cputotals.wait 0
cputotals.irq 0
cputotals.soft 0
cputotals.steal 0
cputotals.idle 0
cputotals.systot 0
cputotals.usertot 100
cputotals.total 100
ctxint.ctx 60
ctxint.int 261
proc.creates 0
proc.runq 165
proc.run 1
cpuload.avg1 0.96
cpuload.avg5 0.50
cpuload.avg15 0.21
disktotals.reads 0
disktotals.readkbs 0
disktotals.writes 0
disktotals.writekbs 0
meminfo.tot 4006064
meminfo.used 726368
meminfo.free 3279696
meminfo.shared 0
meminfo.buf 22940
meminfo.cached 227948
meminfo.slab 69808
meminfo.map 106000
meminfo.anon 328760
meminfo.anonH 0
meminfo.dirty 8964
meminfo.locked 27620
meminfo.inactive 134956
meminfo.hugetot 0
meminfo.hugefree 0
meminfo.hugersvd 0
meminfo.sunreclaim 38236
swapinfo.total 2594812
swapinfo.free 2594812
swapinfo.used 0
swapinfo.in 0
swapinfo.out 0
pageinfo.fault 0
pageinfo.majfault 0
pageinfo.in 0
pageinfo.out 0
nettotals.kbin 0
nettotals.pktin 0
nettotals.kbout 0
nettotals.pktout 0
cpuinfo.user.cpu0 100
cpuinfo.nice.cpu0 0
cpuinfo.sys.cpu0 0
cpuinfo.wait.cpu0 0
cpuinfo.irq.cpu0 0
cpuinfo.soft.cpu0 0
cpuinfo.steal.cpu0 0
cpuinfo.idle.cpu0 0
cpuinfo.intrpt.cpu0 0
cputotals.systot.cpu0 0
cputotals.usertot.cpu0 100
Bogus data record skipped for NET:enp1s0: data on 20241212 at 18:40:07
sample.time 1734028808.001
cputotals.num 1
cputotals.user 100
cputotals.nice 0
cputotals.sys 0
cputotals.wait 0
cputotals.irq 0
cputotals.soft 0
cputotals.steal 0
cputotals.idle 0
cputotals.systot 0
cputotals.usertot 100
cputotals.total 100
ctxint.ctx 69
ctxint.int 268
proc.creates 0
proc.runq 165
proc.run 1
cpuload.avg1 0.96
cpuload.avg5 0.50
cpuload.avg15 0.21
disktotals.reads 0
disktotals.readkbs 0
disktotals.writes 17
disktotals.writekbs 8964
meminfo.tot 4006064
meminfo.used 726368
meminfo.free 3279696
meminfo.shared 0
meminfo.buf 22940
meminfo.cached 227952
meminfo.slab 69808
meminfo.map 106000
meminfo.anon 328760
meminfo.anonH 0
meminfo.dirty 4
meminfo.locked 27620
meminfo.inactive 134960
meminfo.hugetot 0
meminfo.hugefree 0
meminfo.hugersvd 0
meminfo.sunreclaim 38236
swapinfo.total 2594812
swapinfo.free 2594812
swapinfo.used 0
swapinfo.in 0
swapinfo.out 0
pageinfo.fault 0
pageinfo.majfault 0
pageinfo.in 0
pageinfo.out 8964
nettotals.kbin 0
nettotals.pktin 0
nettotals.kbout 0
nettotals.pktout 0
cpuinfo.user.cpu0 100
cpuinfo.nice.cpu0 0
cpuinfo.sys.cpu0 0
cpuinfo.wait.cpu0 0
cpuinfo.irq.cpu0 0
cpuinfo.soft.cpu0 0
cpuinfo.steal.cpu0 0
cpuinfo.idle.cpu0 0
cpuinfo.intrpt.cpu0 0
cputotals.systot.cpu0 0
cputotals.usertot.cpu0 100
Bogus data record skipped for NET:enp1s0: data on 20241212 at 18:40:08
sample.time 1734028809.001
cputotals.num 1
cputotals.user 100
cputotals.nice 0
cputotals.sys 0
cputotals.wait 0
cputotals.irq 0
cputotals.soft 0
cputotals.steal 0
cputotals.idle 0
cputotals.systot 0
cputotals.usertot 100
cputotals.total 100
ctxint.ctx 46
ctxint.int 258
proc.creates 0
proc.runq 165
proc.run 1
cpuload.avg1 0.96
cpuload.avg5 0.50
cpuload.avg15 0.21
disktotals.reads 0
disktotals.readkbs 0
disktotals.writes 0
disktotals.writekbs 0
meminfo.tot 4006064
meminfo.used 726368
meminfo.free 3279696
meminfo.shared 0
meminfo.buf 22940
meminfo.cached 227952
meminfo.slab 69808
meminfo.map 106000
meminfo.anon 328760
meminfo.anonH 0
meminfo.dirty 8
meminfo.locked 27620
meminfo.inactive 134960
meminfo.hugetot 0
meminfo.hugefree 0
meminfo.hugersvd 0
meminfo.sunreclaim 38236
swapinfo.total 2594812
swapinfo.free 2594812
swapinfo.used 0
swapinfo.in 0
swapinfo.out 0
pageinfo.fault 0
pageinfo.majfault 0
pageinfo.in 0
pageinfo.out 0
nettotals.kbin 0
nettotals.pktin 0
nettotals.kbout 0
nettotals.pktout 0
cpuinfo.user.cpu0 100
cpuinfo.nice.cpu0 0
cpuinfo.sys.cpu0 0
cpuinfo.wait.cpu0 0
cpuinfo.irq.cpu0 0
cpuinfo.soft.cpu0 0
cpuinfo.steal.cpu0 0
cpuinfo.idle.cpu0 0
cpuinfo.intrpt.cpu0 0
cputotals.systot.cpu0 0
cputotals.usertot.cpu0 100
Bogus data record skipped for NET:enp1s0: data on 20241212 at 18:40:09
sample.time 1734028810.001
cputotals.num 1
cputotals.user 100
cputotals.nice 0
cputotals.sys 0
cputotals.wait 0
cputotals.irq 0
cputotals.soft 0
cputotals.steal 0
cputotals.idle 0
cputotals.systot 0
cputotals.usertot 100
cputotals.total 100
ctxint.ctx 74
ctxint.int 262
proc.creates 0
proc.runq 165
proc.run 1
cpuload.avg1 0.97
cpuload.avg5 0.51
cpuload.avg15 0.22
disktotals.reads 0
disktotals.readkbs 0
disktotals.writes 3
disktotals.writekbs 40
meminfo.tot 4006064
meminfo.used 726368
meminfo.free 3279696
meminfo.shared 0
meminfo.buf 22948
meminfo.cached 227952
meminfo.slab 69808
meminfo.map 106000
meminfo.anon 328760
meminfo.anonH 0
meminfo.dirty 32
meminfo.locked 27620
meminfo.inactive 134960
meminfo.hugetot 0
meminfo.hugefree 0
meminfo.hugersvd 0
meminfo.sunreclaim 38236
swapinfo.total 2594812
swapinfo.free 2594812
swapinfo.used 0
swapinfo.in 0
swapinfo.out 0
pageinfo.fault 0
pageinfo.majfault 0
pageinfo.in 0
pageinfo.out 40
nettotals.kbin 0
nettotals.pktin 0
nettotals.kbout 0
nettotals.pktout 0
cpuinfo.user.cpu0 100
cpuinfo.nice.cpu0 0
cpuinfo.sys.cpu0 0
cpuinfo.wait.cpu0 0
cpuinfo.irq.cpu0 0
cpuinfo.soft.cpu0 0
cpuinfo.steal.cpu0 0
cpuinfo.idle.cpu0 0
cpuinfo.intrpt.cpu0 0
cputotals.systot.cpu0 0
cputotals.usertot.cpu0 100
Bogus data record skipped for NET:enp1s0: data on 20241212 at 18:40:10
sample.time 1734028811.001
cputotals.num 1
cputotals.user 100
cputotals.nice 0
cputotals.sys 0
cputotals.wait 0
cputotals.irq 0
cputotals.soft 0
cputotals.steal 0
cputotals.idle 0
cputotals.systot 0
cputotals.usertot 100
cputotals.total 100
ctxint.ctx 44
ctxint.int 260
proc.creates 0
proc.runq 165
proc.run 1
cpuload.avg1 0.97
cpuload.avg5 0.51
cpuload.avg15 0.22
disktotals.reads 0
disktotals.readkbs 0
disktotals.writes 0
disktotals.writekbs 0
meminfo.tot 4006064
meminfo.used 726368
meminfo.free 3279696
meminfo.shared 0
meminfo.buf 22948
meminfo.cached 227956
meminfo.slab 69808
meminfo.map 106000
meminfo.anon 328760
meminfo.anonH 0
meminfo.dirty 36
meminfo.locked 27620
meminfo.inactive 134960
meminfo.hugetot 0
meminfo.hugefree 0
meminfo.hugersvd 0
meminfo.sunreclaim 38236
swapinfo.total 2594812
swapinfo.free 2594812
swapinfo.used 0
swapinfo.in 0
swapinfo.out 0
pageinfo.fault 0
pageinfo.majfault 0
pageinfo.in 0
pageinfo.out 0
nettotals.kbin 0
nettotals.pktin 0
nettotals.kbout 0
nettotals.pktout 0
cpuinfo.user.cpu0 100
cpuinfo.nice.cpu0 0
cpuinfo.sys.cpu0 0
cpuinfo.wait.cpu0 0
cpuinfo.irq.cpu0 0
cpuinfo.soft.cpu0 0
cpuinfo.steal.cpu0 0
cpuinfo.idle.cpu0 0
cpuinfo.intrpt.cpu0 0
cputotals.systot.cpu0 0
cputotals.usertot.cpu0 100
Bogus data record skipped for NET:enp1s0: data on 20241212 at 18:40:11
sample.time 1734028812.001
cputotals.num 1
cputotals.user 100
cputotals.nice 0
cputotals.sys 0
cputotals.wait 0
cputotals.irq 0
cputotals.soft 0
cputotals.steal 0
cputotals.idle 0
cputotals.systot 0
cputotals.usertot 100
cputotals.total 100
ctxint.ctx 57
ctxint.int 257
proc.creates 0
proc.runq 165
proc.run 1
cpuload.avg1 0.97
cpuload.avg5 0.51
cpuload.avg15 0.22
disktotals.reads 0
disktotals.readkbs 0
disktotals.writes 0
disktotals.writekbs 0
meminfo.tot 4006064
meminfo.used 726368
meminfo.free 3279696
meminfo.shared 0
meminfo.buf 22948
meminfo.cached 227956
meminfo.slab 69808
meminfo.map 106000
meminfo.anon 328760
meminfo.anonH 0
meminfo.dirty 36
meminfo.locked 27620
meminfo.inactive 134960
meminfo.hugetot 0
meminfo.hugefree 0
meminfo.hugersvd 0
meminfo.sunreclaim 38236
swapinfo.total 2594812
swapinfo.free 2594812
swapinfo.used 0
swapinfo.in 0
swapinfo.out 0
pageinfo.fault 0
pageinfo.majfault 0
pageinfo.in 0
pageinfo.out 0
nettotals.kbin 0
nettotals.pktin 0
nettotals.kbout 0
nettotals.pktout 0
cpuinfo.user.cpu0 100
cpuinfo.nice.cpu0 0
cpuinfo.sys.cpu0 0
cpuinfo.wait.cpu0 0
cpuinfo.irq.cpu0 0
cpuinfo.soft.cpu0 0
cpuinfo.steal.cpu0 0
cpuinfo.idle.cpu0 0
cpuinfo.intrpt.cpu0 0
cputotals.systot.cpu0 0
cputotals.usertot.cpu0 100
Bogus data record skipped for NET:enp1s0: data on 20241212 at 18:40:12
sample.time 1734028813.001
cputotals.num 1
cputotals.user 100
cputotals.nice 0
cputotals.sys 0
cputotals.wait 0
cputotals.irq 0
cputotals.soft 0
cputotals.steal 0
cputotals.idle 0
cputotals.systot 0
cputotals.usertot 100
cputotals.total 100
ctxint.ctx 42
ctxint.int 258
proc.creates 0
proc.runq 165
proc.run 1
cpuload.avg1 0.97
cpuload.avg5 0.51
cpuload.avg15 0.22
disktotals.reads 0
disktotals.readkbs 0
disktotals.writes 0
disktotals.writekbs 0
meminfo.tot 4006064
meminfo.used 726368
meminfo.free 3279696
meminfo.shared 0
meminfo.buf 22948
meminfo.cached 227956
meminfo.slab 69808
meminfo.map 106000
meminfo.anon 328760
meminfo.anonH 0
meminfo.dirty 36
meminfo.locked 27620
meminfo.inactive 134960
meminfo.hugetot 0
meminfo.hugefree 0
meminfo.hugersvd 0
meminfo.sunreclaim 38236
swapinfo.total 2594812
swapinfo.free 2594812
swapinfo.used 0
swapinfo.in 0
swapinfo.out 0
pageinfo.fault 0
pageinfo.majfault 0
pageinfo.in 0
pageinfo.out 0
nettotals.kbin 0
nettotals.pktin 0
nettotals.kbout 0
nettotals.pktout 0
cpuinfo.user.cpu0 100
cpuinfo.nice.cpu0 0
cpuinfo.sys.cpu0 0
cpuinfo.wait.cpu0 0
cpuinfo.irq.cpu0 0
cpuinfo.soft.cpu0 0
cpuinfo.steal.cpu0 0
cpuinfo.idle.cpu0 0
cpuinfo.intrpt.cpu0 0
cputotals.systot.cpu0 0
cputotals.usertot.cpu0 100
Bogus data record skipped for NET:enp1s0: data on 20241212 at 18:40:13
sample.time 1734028814.001
cputotals.num 1
cputotals.user 100
cputotals.nice 0
cputotals.sys 0
cputotals.wait 0
cputotals.irq 0
cputotals.soft 0
cputotals.steal 0
cputotals.idle 0
cputotals.systot 0
cputotals.usertot 100
cputotals.total 100
ctxint.ctx 80
ctxint.int 260
proc.creates 0
proc.runq 165
proc.run 1
cpuload.avg1 0.97
cpuload.avg5 0.51
cpuload.avg15 0.22
disktotals.reads 0
disktotals.readkbs 0
disktotals.writes 0
disktotals.writekbs 0
meminfo.tot 4006064
meminfo.used 726368
meminfo.free 3279696
meminfo.shared 0
meminfo.buf 22948
meminfo.cached 227960
meminfo.slab 69808
meminfo.map 106000
meminfo.anon 328760
meminfo.anonH 0
meminfo.dirty 40
meminfo.locked 27620
meminfo.inactive 134960
meminfo.hugetot 0
meminfo.hugefree 0
meminfo.hugersvd 0
meminfo.sunreclaim 38236
swapinfo.total 2594812
swapinfo.free 2594812
swapinfo.used 0
swapinfo.in 0
swapinfo.out 0
pageinfo.fault 0
pageinfo.majfault 0
pageinfo.in 0
pageinfo.out 0
nettotals.kbin 0
nettotals.pktin 0
nettotals.kbout 0
nettotals.pktout 0
cpuinfo.user.cpu0 100
cpuinfo.nice.cpu0 0
cpuinfo.sys.cpu0 0
cpuinfo.wait.cpu0 0
cpuinfo.irq.cpu0 0
cpuinfo.soft.cpu0 0
cpuinfo.steal.cpu0 0
cpuinfo.idle.cpu0 0
cpuinfo.intrpt.cpu0 0
cputotals.systot.cpu0 0
cputotals.usertot.cpu0 100
Bogus data record skipped for NET:enp1s0: data on 20241212 at 18:40:14
sample.time 1734028815.001
cputotals.num 1
cputotals.user 100
cputotals.nice 0
cputotals.sys 0
cputotals.wait 0
cputotals.irq 0
cputotals.soft 0
cputotals.steal 0
cputotals.idle 0
cputotals.systot 0
cputotals.usertot 100
cputotals.total 100
ctxint.ctx 88
ctxint.int 265
proc.creates 0
proc.runq 165
proc.run 1
cpuload.avg1 0.97
cpuload.avg5 0.52
cpuload.avg15 0.22
disktotals.reads 0
disktotals.readkbs 0
disktotals.writes 3
disktotals.writekbs 12
meminfo.tot 4006064
meminfo.used 726368
meminfo.free 3279696
meminfo.shared 0
meminfo.buf 22956
meminfo.cached 227960
meminfo.slab 69808
meminfo.map 106000
meminfo.anon 328800
meminfo.anonH 0
meminfo.dirty 44
meminfo.locked 27620
meminfo.inactive 134968
meminfo.hugetot 0
meminfo.hugefree 0
meminfo.hugersvd 0
meminfo.sunreclaim 38236
swapinfo.total 2594812
swapinfo.free 2594812
swapinfo.used 0
swapinfo.in 0
swapinfo.out 0
pageinfo.fault 10
pageinfo.majfault 0
pageinfo.in 0
pageinfo.out 12
nettotals.kbin 0
nettotals.pktin 0
nettotals.kbout 0
nettotals.pktout 0
cpuinfo.user.cpu0 100
cpuinfo.nice.cpu0 0
cpuinfo.sys.cpu0 0
cpuinfo.wait.cpu0 0
cpuinfo.irq.cpu0 0
cpuinfo.soft.cpu0 0
cpuinfo.steal.cpu0 0
cpuinfo.idle.cpu0 0
cpuinfo.intrpt.cpu0 0
cputotals.systot.cpu0 0
cputotals.usertot.cpu0 100
Shutting down in response to signal TERM on hpl3...
