waiting for 1 second sample...
Bogus data record skipped for NET:enp1s0: data on 20241212 at 18:37:58
sample.time 1734028679.001
cputotals.num 1
cputotals.user 100
cputotals.nice 0
cputotals.sys 0
cputotals.wait 0
cputotals.irq 0
cputotals.soft 0
cputotals.steal 0
cputotals.idle 0
cputotals.systot 0
cputotals.usertot 100
cputotals.total 100
ctxint.ctx 125
ctxint.int 265
proc.creates 0
proc.runq 164
proc.run 1
cpuload.avg1 0.45
cpuload.avg5 0.19
cpuload.avg15 0.07
disktotals.reads 0
disktotals.readkbs 0
disktotals.writes 3
disktotals.writekbs 144
meminfo.tot 4006060
meminfo.used 697692
meminfo.free 3308368
meminfo.shared 0
meminfo.buf 22816
meminfo.cached 226848
meminfo.slab 70448
meminfo.map 104948
meminfo.anon 331476
meminfo.anonH 0
meminfo.dirty 9812
meminfo.locked 27620
meminfo.inactive 142816
meminfo.hugetot 0
meminfo.hugefree 0
meminfo.hugersvd 0
meminfo.sunreclaim 38796
swapinfo.total 2594812
swapinfo.free 2594812
swapinfo.used 0
swapinfo.in 0
swapinfo.out 0
pageinfo.fault 28
pageinfo.majfault 0
pageinfo.in 0
pageinfo.out 144
nettotals.kbin 0
nettotals.pktin 0
nettotals.kbout 0
nettotals.pktout 0
cpuinfo.user.cpu0 100
cpuinfo.nice.cpu0 0
cpuinfo.sys.cpu0 0
cpuinfo.wait.cpu0 0
cpuinfo.irq.cpu0 0
cpuinfo.soft.cpu0 0
cpuinfo.steal.cpu0 0
cpuinfo.idle.cpu0 0
cpuinfo.intrpt.cpu0 0
cputotals.systot.cpu0 0
cputotals.usertot.cpu0 100
Bogus data record skipped for NET:enp1s0: data on 20241212 at 18:37:59
sample.time 1734028680.001
cputotals.num 1
cputotals.user 100
cputotals.nice 0
cputotals.sys 0
cputotals.wait 0
cputotals.irq 0
cputotals.soft 0
cputotals.steal 0
cputotals.idle 0
cputotals.systot 0
cputotals.usertot 100
cputotals.total 100
ctxint.ctx 62
ctxint.int 256
proc.creates 0
proc.runq 164
proc.run 1
cpuload.avg1 0.49
cpuload.avg5 0.21
cpuload.avg15 0.08
disktotals.reads 0
disktotals.readkbs 0
disktotals.writes 0
disktotals.writekbs 0
meminfo.tot 4006060
meminfo.used 697692
meminfo.free 3308368
meminfo.shared 0
meminfo.buf 22816
meminfo.cached 226856
meminfo.slab 70452
meminfo.map 104948
meminfo.anon 331500
meminfo.anonH 0
meminfo.dirty 9816
meminfo.locked 27620
meminfo.inactive 142820
meminfo.hugetot 0
meminfo.hugefree 0
meminfo.hugersvd 0
meminfo.sunreclaim 38796
swapinfo.total 2594812
swapinfo.free 2594812
swapinfo.used 0
swapinfo.in 0
swapinfo.out 0
pageinfo.fault 48
pageinfo.majfault 0
pageinfo.in 0
pageinfo.out 0
nettotals.kbin 0
nettotals.pktin 0
nettotals.kbout 0
nettotals.pktout 0
cpuinfo.user.cpu0 100
cpuinfo.nice.cpu0 0
cpuinfo.sys.cpu0 0
cpuinfo.wait.cpu0 0
cpuinfo.irq.cpu0 0
cpuinfo.soft.cpu0 0
cpuinfo.steal.cpu0 0
cpuinfo.idle.cpu0 0
cpuinfo.intrpt.cpu0 0
cputotals.systot.cpu0 0
cputotals.usertot.cpu0 100
Bogus data record skipped for NET:enp1s0: data on 20241212 at 18:38:00
sample.time 1734028681.001
cputotals.num 1
cputotals.user 100
cputotals.nice 0
cputotals.sys 0
cputotals.wait 0
cputotals.irq 0
cputotals.soft 0
cputotals.steal 0
cputotals.idle 0
cputotals.systot 0
cputotals.usertot 100
cputotals.total 100
ctxint.ctx 65
ctxint.int 262
proc.creates 0
proc.runq 164
proc.run 1
cpuload.avg1 0.49
cpuload.avg5 0.21
cpuload.avg15 0.08
disktotals.reads 0
disktotals.readkbs 0
disktotals.writes 0
disktotals.writekbs 0
meminfo.tot 4006060
meminfo.used 697692
meminfo.free 3308368
meminfo.shared 0
meminfo.buf 22816
meminfo.cached 226856
meminfo.slab 70452
meminfo.map 104948
meminfo.anon 331516
meminfo.anonH 0
meminfo.dirty 9816
meminfo.locked 27620
meminfo.inactive 142820
meminfo.hugetot 0
meminfo.hugefree 0
meminfo.hugersvd 0
meminfo.sunreclaim 38796
swapinfo.total 2594812
swapinfo.free 2594812
swapinfo.used 0
swapinfo.in 0
swapinfo.out 0
pageinfo.fault 3
pageinfo.majfault 0
pageinfo.in 0
pageinfo.out 0
nettotals.kbin 0
nettotals.pktin 0
nettotals.kbout 0
nettotals.pktout 0
cpuinfo.user.cpu0 100
cpuinfo.nice.cpu0 0
cpuinfo.sys.cpu0 0
cpuinfo.wait.cpu0 0
cpuinfo.irq.cpu0 0
cpuinfo.soft.cpu0 0
cpuinfo.steal.cpu0 0
cpuinfo.idle.cpu0 0
cpuinfo.intrpt.cpu0 0
cputotals.systot.cpu0 0
cputotals.usertot.cpu0 100
Bogus data record skipped for NET:enp1s0: data on 20241212 at 18:38:01
sample.time 1734028682.001
cputotals.num 1
cputotals.user 100
cputotals.nice 0
cputotals.sys 0
cputotals.wait 0
cputotals.irq 0
cputotals.soft 0
cputotals.steal 0
cputotals.idle 0
cputotals.systot 0
cputotals.usertot 100
cputotals.total 100
ctxint.ctx 47
ctxint.int 258
proc.creates 0
proc.runq 164
proc.run 1
cpuload.avg1 0.49
cpuload.avg5 0.21
cpuload.avg15 0.08
disktotals.reads 0
disktotals.readkbs 0
disktotals.writes 0
disktotals.writekbs 0
meminfo.tot 4006060
meminfo.used 697692
meminfo.free 3308368
meminfo.shared 0
meminfo.buf 22816
meminfo.cached 226856
meminfo.slab 70452
meminfo.map 104948
meminfo.anon 331520
meminfo.anonH 0
meminfo.dirty 9816
meminfo.locked 27620
meminfo.inactive 142820
meminfo.hugetot 0
meminfo.hugefree 0
meminfo.hugersvd 0
meminfo.sunreclaim 38796
swapinfo.total 2594812
swapinfo.free 2594812
swapinfo.used 0
swapinfo.in 0
swapinfo.out 0
pageinfo.fault 1
pageinfo.majfault 0
pageinfo.in 0
pageinfo.out 0
nettotals.kbin 0
nettotals.pktin 0
nettotals.kbout 0
nettotals.pktout 0
cpuinfo.user.cpu0 100
cpuinfo.nice.cpu0 0
cpuinfo.sys.cpu0 0
cpuinfo.wait.cpu0 0
cpuinfo.irq.cpu0 0
cpuinfo.soft.cpu0 0
cpuinfo.steal.cpu0 0
cpuinfo.idle.cpu0 0
cpuinfo.intrpt.cpu0 0
cputotals.systot.cpu0 0
cputotals.usertot.cpu0 100
Bogus data record skipped for NET:enp1s0: data on 20241212 at 18:38:02
sample.time 1734028683.001
cputotals.num 1
cputotals.user 100
cputotals.nice 0
cputotals.sys 0
cputotals.wait 0
cputotals.irq 0
cputotals.soft 0
cputotals.steal 0
cputotals.idle 0
cputotals.systot 0
cputotals.usertot 100
cputotals.total 100
ctxint.ctx 57
ctxint.int 260
proc.creates 0
proc.runq 164
proc.run 1
cpuload.avg1 0.49
cpuload.avg5 0.21
cpuload.avg15 0.08
disktotals.reads 0
disktotals.readkbs 0
disktotals.writes 0
disktotals.writekbs 0
meminfo.tot 4006060
meminfo.used 697692
meminfo.free 3308368
meminfo.shared 0
meminfo.buf 22816
meminfo.cached 226860
meminfo.slab 70452
meminfo.map 104948
meminfo.anon 331520
meminfo.anonH 0
meminfo.dirty 9820
meminfo.locked 27620
meminfo.inactive 142820
meminfo.hugetot 0
meminfo.hugefree 0
meminfo.hugersvd 0
meminfo.sunreclaim 38796
swapinfo.total 2594812
swapinfo.free 2594812
swapinfo.used 0
swapinfo.in 0
swapinfo.out 0
pageinfo.fault 0
pageinfo.majfault 0
pageinfo.in 0
pageinfo.out 0
nettotals.kbin 0
nettotals.pktin 0
nettotals.kbout 0
nettotals.pktout 0
cpuinfo.user.cpu0 100
cpuinfo.nice.cpu0 0
cpuinfo.sys.cpu0 0
cpuinfo.wait.cpu0 0
cpuinfo.irq.cpu0 0
cpuinfo.soft.cpu0 0
cpuinfo.steal.cpu0 0
cpuinfo.idle.cpu0 0
cpuinfo.intrpt.cpu0 0
cputotals.systot.cpu0 0
cputotals.usertot.cpu0 100
Bogus data record skipped for NET:enp1s0: data on 20241212 at 18:38:03
sample.time 1734028684.001
cputotals.num 1
cputotals.user 100
cputotals.nice 0
cputotals.sys 0
cputotals.wait 0
cputotals.irq 0
cputotals.soft 0
cputotals.steal 0
cputotals.idle 0
cputotals.systot 0
cputotals.usertot 100
cputotals.total 100
ctxint.ctx 65
ctxint.int 258
proc.creates 0
proc.runq 164
proc.run 1
cpuload.avg1 0.49
cpuload.avg5 0.21
cpuload.avg15 0.08
disktotals.reads 0
disktotals.readkbs 0
disktotals.writes 0
disktotals.writekbs 0
meminfo.tot 4006060
meminfo.used 697692
meminfo.free 3308368
meminfo.shared 0
meminfo.buf 22816
meminfo.cached 226860
meminfo.slab 70452
meminfo.map 104948
meminfo.anon 331520
meminfo.anonH 0
meminfo.dirty 9820
meminfo.locked 27620
meminfo.inactive 142820
meminfo.hugetot 0
meminfo.hugefree 0
meminfo.hugersvd 0
meminfo.sunreclaim 38796
swapinfo.total 2594812
swapinfo.free 2594812
swapinfo.used 0
swapinfo.in 0
swapinfo.out 0
pageinfo.fault 0
pageinfo.majfault 0
pageinfo.in 0
pageinfo.out 0
nettotals.kbin 0
nettotals.pktin 0
nettotals.kbout 0
nettotals.pktout 0
cpuinfo.user.cpu0 100
cpuinfo.nice.cpu0 0
cpuinfo.sys.cpu0 0
cpuinfo.wait.cpu0 0
cpuinfo.irq.cpu0 0
cpuinfo.soft.cpu0 0
cpuinfo.steal.cpu0 0
cpuinfo.idle.cpu0 0
cpuinfo.intrpt.cpu0 0
cputotals.systot.cpu0 0
cputotals.usertot.cpu0 100
Bogus data record skipped for NET:enp1s0: data on 20241212 at 18:38:04
sample.time 1734028685.001
cputotals.num 1
cputotals.user 99
cputotals.nice 0
cputotals.sys 1
cputotals.wait 0
cputotals.irq 0
cputotals.soft 0
cputotals.steal 0
cputotals.idle 0
cputotals.systot 1
cputotals.usertot 99
cputotals.total 100
ctxint.ctx 94
ctxint.int 265
proc.creates 0
proc.runq 164
proc.run 1
cpuload.avg1 0.53
cpuload.avg5 0.22
cpuload.avg15 0.08
disktotals.reads 0
disktotals.readkbs 0
disktotals.writes 3
disktotals.writekbs 12
meminfo.tot 4006060
meminfo.used 697692
meminfo.free 3308368
meminfo.shared 0
meminfo.buf 22824
meminfo.cached 226860
meminfo.slab 70448
meminfo.map 104948
meminfo.anon 331520
meminfo.anonH 0
meminfo.dirty 9820
meminfo.locked 27620
meminfo.inactive 142820
meminfo.hugetot 0
meminfo.hugefree 0
meminfo.hugersvd 0
meminfo.sunreclaim 38792
swapinfo.total 2594812
swapinfo.free 2594812
swapinfo.used 0
swapinfo.in 0
swapinfo.out 0
pageinfo.fault 0
pageinfo.majfault 0
pageinfo.in 0
pageinfo.out 12
nettotals.kbin 0
nettotals.pktin 0
nettotals.kbout 0
nettotals.pktout 0
cpuinfo.user.cpu0 99
cpuinfo.nice.cpu0 0
cpuinfo.sys.cpu0 1
cpuinfo.wait.cpu0 0
cpuinfo.irq.cpu0 0
cpuinfo.soft.cpu0 0
cpuinfo.steal.cpu0 0
cpuinfo.idle.cpu0 0
cpuinfo.intrpt.cpu0 0
cputotals.systot.cpu0 1
cputotals.usertot.cpu0 99
Bogus data record skipped for NET:enp1s0: data on 20241212 at 18:38:05
sample.time 1734028686.001
cputotals.num 1
cputotals.user 100
cputotals.nice 0
cputotals.sys 0
cputotals.wait 0
cputotals.irq 0
cputotals.soft 0
cputotals.steal 0
cputotals.idle 0
cputotals.systot 0
cputotals.usertot 100
cputotals.total 100
ctxint.ctx 62
ctxint.int 257
proc.creates 0
proc.runq 164
proc.run 1
cpuload.avg1 0.53
cpuload.avg5 0.22
cpuload.avg15 0.08
disktotals.reads 0
disktotals.readkbs 0
disktotals.writes 0
disktotals.writekbs 0
meminfo.tot 4006060
meminfo.used 697692
meminfo.free 3308368
meminfo.shared 0
meminfo.buf 22824
meminfo.cached 226864
meminfo.slab 70448
meminfo.map 104948
meminfo.anon 331520
meminfo.anonH 0
meminfo.dirty 9824
meminfo.locked 27620
meminfo.inactive 142820
meminfo.hugetot 0
meminfo.hugefree 0
meminfo.hugersvd 0
meminfo.sunreclaim 38792
swapinfo.total 2594812
swapinfo.free 2594812
swapinfo.used 0
swapinfo.in 0
swapinfo.out 0
pageinfo.fault 0
pageinfo.majfault 0
pageinfo.in 0
pageinfo.out 0
nettotals.kbin 0
nettotals.pktin 0
nettotals.kbout 0
nettotals.pktout 0
cpuinfo.user.cpu0 100
cpuinfo.nice.cpu0 0
cpuinfo.sys.cpu0 0
cpuinfo.wait.cpu0 0
cpuinfo.irq.cpu0 0
cpuinfo.soft.cpu0 0
cpuinfo.steal.cpu0 0
cpuinfo.idle.cpu0 0
cpuinfo.intrpt.cpu0 0
cputotals.systot.cpu0 0
cputotals.usertot.cpu0 100
Bogus data record skipped for NET:enp1s0: data on 20241212 at 18:38:06
sample.time 1734028687.001
cputotals.num 1
cputotals.user 100
cputotals.nice 0
cputotals.sys 0
cputotals.wait 0
cputotals.irq 0
cputotals.soft 0
cputotals.steal 0
cputotals.idle 0
cputotals.systot 0
cputotals.usertot 100
cputotals.total 100
ctxint.ctx 58
ctxint.int 260
proc.creates 0
proc.runq 164
proc.run 1
cpuload.avg1 0.53
cpuload.avg5 0.22
cpuload.avg15 0.08
disktotals.reads 0
disktotals.readkbs 0
disktotals.writes 0
disktotals.writekbs 0
meminfo.tot 4006060
meminfo.used 697692
meminfo.free 3308368
meminfo.shared 0
meminfo.buf 22824
meminfo.cached 226864
meminfo.slab 70448
meminfo.map 104948
meminfo.anon 331520
meminfo.anonH 0
meminfo.dirty 9824
meminfo.locked 27620
meminfo.inactive 142820
meminfo.hugetot 0
meminfo.hugefree 0
meminfo.hugersvd 0
meminfo.sunreclaim 38792
swapinfo.total 2594812
swapinfo.free 2594812
swapinfo.used 0
swapinfo.in 0
swapinfo.out 0
pageinfo.fault 0
pageinfo.majfault 0
pageinfo.in 0
pageinfo.out 0
nettotals.kbin 0
nettotals.pktin 0
nettotals.kbout 0
nettotals.pktout 0
cpuinfo.user.cpu0 100
cpuinfo.nice.cpu0 0
cpuinfo.sys.cpu0 0
cpuinfo.wait.cpu0 0
cpuinfo.irq.cpu0 0
cpuinfo.soft.cpu0 0
cpuinfo.steal.cpu0 0
cpuinfo.idle.cpu0 0
cpuinfo.intrpt.cpu0 0
cputotals.systot.cpu0 0
cputotals.usertot.cpu0 100
Bogus data record skipped for NET:enp1s0: data on 20241212 at 18:38:07
sample.time 1734028688.001
cputotals.num 1
cputotals.user 100
cputotals.nice 0
cputotals.sys 0
cputotals.wait 0
cputotals.irq 0
cputotals.soft 0
cputotals.steal 0
cputotals.idle 0
cputotals.systot 0
cputotals.usertot 100
cputotals.total 100
ctxint.ctx 47
ctxint.int 256
proc.creates 0
proc.runq 164
proc.run 1
cpuload.avg1 0.53
cpuload.avg5 0.22
cpuload.avg15 0.08
disktotals.reads 0
disktotals.readkbs 0
disktotals.writes 0
disktotals.writekbs 0
meminfo.tot 4006060
meminfo.used 697692
meminfo.free 3308368
meminfo.shared 0
meminfo.buf 22824
meminfo.cached 226864
meminfo.slab 70448
meminfo.map 104948
meminfo.anon 331520
meminfo.anonH 0
meminfo.dirty 9824
meminfo.locked 27620
meminfo.inactive 142820
meminfo.hugetot 0
meminfo.hugefree 0
meminfo.hugersvd 0
meminfo.sunreclaim 38792
swapinfo.total 2594812
swapinfo.free 2594812
swapinfo.used 0
swapinfo.in 0
swapinfo.out 0
pageinfo.fault 0
pageinfo.majfault 0
pageinfo.in 0
pageinfo.out 0
nettotals.kbin 0
nettotals.pktin 0
nettotals.kbout 0
nettotals.pktout 0
cpuinfo.user.cpu0 100
cpuinfo.nice.cpu0 0
cpuinfo.sys.cpu0 0
cpuinfo.wait.cpu0 0
cpuinfo.irq.cpu0 0
cpuinfo.soft.cpu0 0
cpuinfo.steal.cpu0 0
cpuinfo.idle.cpu0 0
cpuinfo.intrpt.cpu0 0
cputotals.systot.cpu0 0
cputotals.usertot.cpu0 100
Bogus data record skipped for NET:enp1s0: data on 20241212 at 18:38:08
sample.time 1734028689.001
cputotals.num 1
cputotals.user 100
cputotals.nice 0
cputotals.sys 0
cputotals.wait 0
cputotals.irq 0
cputotals.soft 0
cputotals.steal 0
cputotals.idle 0
cputotals.systot 0
cputotals.usertot 100
cputotals.total 100
ctxint.ctx 58
ctxint.int 260
proc.creates 0
proc.runq 164
proc.run 1
cpuload.avg1 0.53
cpuload.avg5 0.22
cpuload.avg15 0.08
disktotals.reads 0
disktotals.readkbs 0
disktotals.writes 0
disktotals.writekbs 0
meminfo.tot 4006060
meminfo.used 697692
meminfo.free 3308368
meminfo.shared 0
meminfo.buf 22824
meminfo.cached 226868
meminfo.slab 70448
meminfo.map 104948
meminfo.anon 331520
meminfo.anonH 0
meminfo.dirty 9828
meminfo.locked 27620
meminfo.inactive 142832
meminfo.hugetot 0
meminfo.hugefree 0
meminfo.hugersvd 0
meminfo.sunreclaim 38792
swapinfo.total 2594812
swapinfo.free 2594812
swapinfo.used 0
swapinfo.in 0
swapinfo.out 0
pageinfo.fault 0
pageinfo.majfault 0
pageinfo.in 0
pageinfo.out 0
nettotals.kbin 0
nettotals.pktin 0
nettotals.kbout 0
nettotals.pktout 0
cpuinfo.user.cpu0 100
cpuinfo.nice.cpu0 0
cpuinfo.sys.cpu0 0
cpuinfo.wait.cpu0 0
cpuinfo.irq.cpu0 0
cpuinfo.soft.cpu0 0
cpuinfo.steal.cpu0 0
cpuinfo.idle.cpu0 0
cpuinfo.intrpt.cpu0 0
cputotals.systot.cpu0 0
cputotals.usertot.cpu0 100
Bogus data record skipped for NET:enp1s0: data on 20241212 at 18:38:09
sample.time 1734028690.001
cputotals.num 1
cputotals.user 100
cputotals.nice 0
cputotals.sys 0
cputotals.wait 0
cputotals.irq 0
cputotals.soft 0
cputotals.steal 0
cputotals.idle 0
cputotals.systot 0
cputotals.usertot 100
cputotals.total 100
ctxint.ctx 70
ctxint.int 261
proc.creates 0
proc.runq 164
proc.run 1
cpuload.avg1 0.57
cpuload.avg5 0.23
cpuload.avg15 0.09
disktotals.reads 0
disktotals.readkbs 0
disktotals.writes 3
disktotals.writekbs 12
meminfo.tot 4006060
meminfo.used 697692
meminfo.free 3308368
meminfo.shared 0
meminfo.buf 22832
meminfo.cached 226868
meminfo.slab 70448
meminfo.map 104948
meminfo.anon 331520
meminfo.anonH 0
meminfo.dirty 9828
meminfo.locked 27620
meminfo.inactive 142832
meminfo.hugetot 0
meminfo.hugefree 0
meminfo.hugersvd 0
meminfo.sunreclaim 38792
swapinfo.total 2594812
swapinfo.free 2594812
swapinfo.used 0
swapinfo.in 0
swapinfo.out 0
pageinfo.fault 0
pageinfo.majfault 0
pageinfo.in 0
pageinfo.out 12
nettotals.kbin 0
nettotals.pktin 0
nettotals.kbout 0
nettotals.pktout 0
cpuinfo.user.cpu0 100
cpuinfo.nice.cpu0 0
cpuinfo.sys.cpu0 0
cpuinfo.wait.cpu0 0
cpuinfo.irq.cpu0 0
cpuinfo.soft.cpu0 0
cpuinfo.steal.cpu0 0
cpuinfo.idle.cpu0 0
cpuinfo.intrpt.cpu0 0
cputotals.systot.cpu0 0
cputotals.usertot.cpu0 100
Bogus data record skipped for NET:enp1s0: data on 20241212 at 18:38:10
sample.time 1734028691.001
cputotals.num 1
cputotals.user 99
cputotals.nice 0
cputotals.sys 1
cputotals.wait 0
cputotals.irq 0
cputotals.soft 0
cputotals.steal 0
cputotals.idle 0
cputotals.systot 1
cputotals.usertot 99
cputotals.total 100
ctxint.ctx 51
ctxint.int 260
proc.creates 0
proc.runq 164
proc.run 1
cpuload.avg1 0.57
cpuload.avg5 0.23
cpuload.avg15 0.09
disktotals.reads 0
disktotals.readkbs 0
disktotals.writes 0
disktotals.writekbs 0
meminfo.tot 4006060
meminfo.used 697692
meminfo.free 3308368
meminfo.shared 0
meminfo.buf 22832
meminfo.cached 226868
meminfo.slab 70448
meminfo.map 104948
meminfo.anon 331520
meminfo.anonH 0
meminfo.dirty 9828
meminfo.locked 27620
meminfo.inactive 142832
meminfo.hugetot 0
meminfo.hugefree 0
meminfo.hugersvd 0
meminfo.sunreclaim 38792
swapinfo.total 2594812
swapinfo.free 2594812
swapinfo.used 0
swapinfo.in 0
swapinfo.out 0
pageinfo.fault 0
pageinfo.majfault 0
pageinfo.in 0
pageinfo.out 0
nettotals.kbin 0
nettotals.pktin 0
nettotals.kbout 0
nettotals.pktout 0
cpuinfo.user.cpu0 99
cpuinfo.nice.cpu0 0
cpuinfo.sys.cpu0 1
cpuinfo.wait.cpu0 0
cpuinfo.irq.cpu0 0
cpuinfo.soft.cpu0 0
cpuinfo.steal.cpu0 0
cpuinfo.idle.cpu0 0
cpuinfo.intrpt.cpu0 0
cputotals.systot.cpu0 1
cputotals.usertot.cpu0 99
Bogus data record skipped for NET:enp1s0: data on 20241212 at 18:38:11
sample.time 1734028692.001
cputotals.num 1
cputotals.user 100
cputotals.nice 0
cputotals.sys 0
cputotals.wait 0
cputotals.irq 0
cputotals.soft 0
cputotals.steal 0
cputotals.idle 0
cputotals.systot 0
cputotals.usertot 100
cputotals.total 100
ctxint.ctx 71
ctxint.int 257
proc.creates 0
proc.runq 164
proc.run 1
cpuload.avg1 0.57
cpuload.avg5 0.23
cpuload.avg15 0.09
disktotals.reads 0
disktotals.readkbs 0
disktotals.writes 0
disktotals.writekbs 0
meminfo.tot 4006060
meminfo.used 697692
meminfo.free 3308368
meminfo.shared 0
meminfo.buf 22832
meminfo.cached 226872
meminfo.slab 70448
meminfo.map 104948
meminfo.anon 331520
meminfo.anonH 0
meminfo.dirty 9832
meminfo.locked 27620
meminfo.inactive 142832
meminfo.hugetot 0
meminfo.hugefree 0
meminfo.hugersvd 0
meminfo.sunreclaim 38792
swapinfo.total 2594812
swapinfo.free 2594812
swapinfo.used 0
swapinfo.in 0
swapinfo.out 0
pageinfo.fault 0
pageinfo.majfault 0
pageinfo.in 0
pageinfo.out 0
nettotals.kbin 0
nettotals.pktin 0
nettotals.kbout 0
nettotals.pktout 0
cpuinfo.user.cpu0 100
cpuinfo.nice.cpu0 0
cpuinfo.sys.cpu0 0
cpuinfo.wait.cpu0 0
cpuinfo.irq.cpu0 0
cpuinfo.soft.cpu0 0
cpuinfo.steal.cpu0 0
cpuinfo.idle.cpu0 0
cpuinfo.intrpt.cpu0 0
cputotals.systot.cpu0 0
cputotals.usertot.cpu0 100
Bogus data record skipped for NET:enp1s0: data on 20241212 at 18:38:12
sample.time 1734028693.001
cputotals.num 1
cputotals.user 100
cputotals.nice 0
cputotals.sys 0
cputotals.wait 0
cputotals.irq 0
cputotals.soft 0
cputotals.steal 0
cputotals.idle 0
cputotals.systot 0
cputotals.usertot 100
cputotals.total 100
ctxint.ctx 51
ctxint.int 259
proc.creates 0
proc.runq 164
proc.run 1
cpuload.avg1 0.57
cpuload.avg5 0.23
cpuload.avg15 0.09
disktotals.reads 0
disktotals.readkbs 0
disktotals.writes 0
disktotals.writekbs 0
meminfo.tot 4006060
meminfo.used 697692
meminfo.free 3308368
meminfo.shared 0
meminfo.buf 22832
meminfo.cached 226872
meminfo.slab 70448
meminfo.map 104948
meminfo.anon 331520
meminfo.anonH 0
meminfo.dirty 9832
meminfo.locked 27620
meminfo.inactive 142832
meminfo.hugetot 0
meminfo.hugefree 0
meminfo.hugersvd 0
meminfo.sunreclaim 38792
swapinfo.total 2594812
swapinfo.free 2594812
swapinfo.used 0
swapinfo.in 0
swapinfo.out 0
pageinfo.fault 0
pageinfo.majfault 0
pageinfo.in 0
pageinfo.out 0
nettotals.kbin 0
nettotals.pktin 0
nettotals.kbout 0
nettotals.pktout 0
cpuinfo.user.cpu0 100
cpuinfo.nice.cpu0 0
cpuinfo.sys.cpu0 0
cpuinfo.wait.cpu0 0
cpuinfo.irq.cpu0 0
cpuinfo.soft.cpu0 0
cpuinfo.steal.cpu0 0
cpuinfo.idle.cpu0 0
cpuinfo.intrpt.cpu0 0
cputotals.systot.cpu0 0
cputotals.usertot.cpu0 100
Bogus data record skipped for NET:enp1s0: data on 20241212 at 18:38:13
sample.time 1734028694.001
cputotals.num 1
cputotals.user 100
cputotals.nice 0
cputotals.sys 0
cputotals.wait 0
cputotals.irq 0
cputotals.soft 0
cputotals.steal 0
cputotals.idle 0
cputotals.systot 0
cputotals.usertot 100
cputotals.total 100
ctxint.ctx 52
ctxint.int 259
proc.creates 0
proc.runq 164
proc.run 1
cpuload.avg1 0.57
cpuload.avg5 0.23
cpuload.avg15 0.09
disktotals.reads 0
disktotals.readkbs 0
disktotals.writes 2
disktotals.writekbs 8
meminfo.tot 4006060
meminfo.used 697692
meminfo.free 3308368
meminfo.shared 0
meminfo.buf 22832
meminfo.cached 226872
meminfo.slab 70448
meminfo.map 104948
meminfo.anon 331520
meminfo.anonH 0
meminfo.dirty 9824
meminfo.locked 27620
meminfo.inactive 142836
meminfo.hugetot 0
meminfo.hugefree 0
meminfo.hugersvd 0
meminfo.sunreclaim 38792
swapinfo.total 2594812
swapinfo.free 2594812
swapinfo.used 0
swapinfo.in 0
swapinfo.out 0
pageinfo.fault 0
pageinfo.majfault 0
pageinfo.in 0
pageinfo.out 8
nettotals.kbin 0
nettotals.pktin 0
nettotals.kbout 0
nettotals.pktout 0
cpuinfo.user.cpu0 100
cpuinfo.nice.cpu0 0
cpuinfo.sys.cpu0 0
cpuinfo.wait.cpu0 0
cpuinfo.irq.cpu0 0
cpuinfo.soft.cpu0 0
cpuinfo.steal.cpu0 0
cpuinfo.idle.cpu0 0
cpuinfo.intrpt.cpu0 0
cputotals.systot.cpu0 0
cputotals.usertot.cpu0 100
Bogus data record skipped for NET:enp1s0: data on 20241212 at 18:38:14
sample.time 1734028695.001
cputotals.num 1
cputotals.user 99
cputotals.nice 0
cputotals.sys 1
cputotals.wait 0
cputotals.irq 0
cputotals.soft 0
cputotals.steal 0
cputotals.idle 0
cputotals.systot 1
cputotals.usertot 99
cputotals.total 100
ctxint.ctx 98
ctxint.int 328
proc.creates 0
proc.runq 164
proc.run 1
cpuload.avg1 0.61
cpuload.avg5 0.25
cpuload.avg15 0.09
disktotals.reads 0
disktotals.readkbs 0
disktotals.writes 119
disktotals.writekbs 628
meminfo.tot 4006060
meminfo.used 697692
meminfo.free 3308368
meminfo.shared 0
meminfo.buf 22840
meminfo.cached 226876
meminfo.slab 70448
meminfo.map 104948
meminfo.anon 331520
meminfo.anonH 0
meminfo.dirty 9212
meminfo.locked 27620
meminfo.inactive 142836
meminfo.hugetot 0
meminfo.hugefree 0
meminfo.hugersvd 0
meminfo.sunreclaim 38792
swapinfo.total 2594812
swapinfo.free 2594812
swapinfo.used 0
swapinfo.in 0
swapinfo.out 0
pageinfo.fault 0
pageinfo.majfault 0
pageinfo.in 0
pageinfo.out 628
nettotals.kbin 0
nettotals.pktin 0
nettotals.kbout 0
nettotals.pktout 0
cpuinfo.user.cpu0 99
cpuinfo.nice.cpu0 0
cpuinfo.sys.cpu0 1
cpuinfo.wait.cpu0 0
cpuinfo.irq.cpu0 0
cpuinfo.soft.cpu0 0
cpuinfo.steal.cpu0 0
cpuinfo.idle.cpu0 0
cpuinfo.intrpt.cpu0 0
cputotals.systot.cpu0 1
cputotals.usertot.cpu0 99
Bogus data record skipped for NET:enp1s0: data on 20241212 at 18:38:15
sample.time 1734028696.001
cputotals.num 1
cputotals.user 100
cputotals.nice 0
cputotals.sys 0
cputotals.wait 0
cputotals.irq 0
cputotals.soft 0
cputotals.steal 0
cputotals.idle 0
cputotals.systot 0
cputotals.usertot 100
cputotals.total 100
ctxint.ctx 58
ctxint.int 257
proc.creates 0
proc.runq 164
proc.run 1
cpuload.avg1 0.61
cpuload.avg5 0.25
cpuload.avg15 0.09
disktotals.reads 0
disktotals.readkbs 0
disktotals.writes 0
disktotals.writekbs 0
meminfo.tot 4006060
meminfo.used 697692
meminfo.free 3308368
meminfo.shared 0
meminfo.buf 22840
meminfo.cached 226876
meminfo.slab 70448
meminfo.map 104948
meminfo.anon 331520
meminfo.anonH 0
meminfo.dirty 9212
meminfo.locked 27620
meminfo.inactive 142840
meminfo.hugetot 0
meminfo.hugefree 0
meminfo.hugersvd 0
meminfo.sunreclaim 38792
swapinfo.total 2594812
swapinfo.free 2594812
swapinfo.used 0
swapinfo.in 0
swapinfo.out 0
pageinfo.fault 0
pageinfo.majfault 0
pageinfo.in 0
pageinfo.out 0
nettotals.kbin 0
nettotals.pktin 0
nettotals.kbout 0
nettotals.pktout 0
cpuinfo.user.cpu0 100
cpuinfo.nice.cpu0 0
cpuinfo.sys.cpu0 0
cpuinfo.wait.cpu0 0
cpuinfo.irq.cpu0 0
cpuinfo.soft.cpu0 0
cpuinfo.steal.cpu0 0
cpuinfo.idle.cpu0 0
cpuinfo.intrpt.cpu0 0
cputotals.systot.cpu0 0
cputotals.usertot.cpu0 100
Bogus data record skipped for NET:enp1s0: data on 20241212 at 18:38:16
sample.time 1734028697.001
cputotals.num 1
cputotals.user 100
cputotals.nice 0
cputotals.sys 0
cputotals.wait 0
cputotals.irq 0
cputotals.soft 0
cputotals.steal 0
cputotals.idle 0
cputotals.systot 0
cputotals.usertot 100
cputotals.total 100
ctxint.ctx 44
ctxint.int 259
proc.creates 0
proc.runq 164
proc.run 1
cpuload.avg1 0.61
cpuload.avg5 0.25
cpuload.avg15 0.09
disktotals.reads 0
disktotals.readkbs 0
disktotals.writes 0
disktotals.writekbs 0
meminfo.tot 4006060
meminfo.used 697692
meminfo.free 3308368
meminfo.shared 0
meminfo.buf 22840
meminfo.cached 226876
meminfo.slab 70448
meminfo.map 104948
meminfo.anon 331520
meminfo.anonH 0
meminfo.dirty 9212
meminfo.locked 27620
meminfo.inactive 142840
meminfo.hugetot 0
meminfo.hugefree 0
meminfo.hugersvd 0
meminfo.sunreclaim 38792
swapinfo.total 2594812
swapinfo.free 2594812
swapinfo.used 0
swapinfo.in 0
swapinfo.out 0
pageinfo.fault 0
pageinfo.majfault 0
pageinfo.in 0
pageinfo.out 0
nettotals.kbin 0
nettotals.pktin 0
nettotals.kbout 0
nettotals.pktout 0
cpuinfo.user.cpu0 100
cpuinfo.nice.cpu0 0
cpuinfo.sys.cpu0 0
cpuinfo.wait.cpu0 0
cpuinfo.irq.cpu0 0
cpuinfo.soft.cpu0 0
cpuinfo.steal.cpu0 0
cpuinfo.idle.cpu0 0
cpuinfo.intrpt.cpu0 0
cputotals.systot.cpu0 0
cputotals.usertot.cpu0 100
Bogus data record skipped for NET:enp1s0: data on 20241212 at 18:38:17
sample.time 1734028698.001
cputotals.num 1
cputotals.user 100
cputotals.nice 0
cputotals.sys 0
cputotals.wait 0
cputotals.irq 0
cputotals.soft 0
cputotals.steal 0
cputotals.idle 0
cputotals.systot 0
cputotals.usertot 100
cputotals.total 100
ctxint.ctx 79
ctxint.int 259
proc.creates 0
proc.runq 164
proc.run 1
cpuload.avg1 0.61
cpuload.avg5 0.25
cpuload.avg15 0.09
disktotals.reads 0
disktotals.readkbs 0
disktotals.writes 0
disktotals.writekbs 0
meminfo.tot 4006060
meminfo.used 697692
meminfo.free 3308368
meminfo.shared 0
meminfo.buf 22840
meminfo.cached 226880
meminfo.slab 70448
meminfo.map 104948
meminfo.anon 331520
meminfo.anonH 0
meminfo.dirty 9216
meminfo.locked 27620
meminfo.inactive 142840
meminfo.hugetot 0
meminfo.hugefree 0
meminfo.hugersvd 0
meminfo.sunreclaim 38792
swapinfo.total 2594812
swapinfo.free 2594812
swapinfo.used 0
swapinfo.in 0
swapinfo.out 0
pageinfo.fault 0
pageinfo.majfault 0
pageinfo.in 0
pageinfo.out 0
nettotals.kbin 0
nettotals.pktin 0
nettotals.kbout 0
nettotals.pktout 0
cpuinfo.user.cpu0 100
cpuinfo.nice.cpu0 0
cpuinfo.sys.cpu0 0
cpuinfo.wait.cpu0 0
cpuinfo.irq.cpu0 0
cpuinfo.soft.cpu0 0
cpuinfo.steal.cpu0 0
cpuinfo.idle.cpu0 0
cpuinfo.intrpt.cpu0 0
cputotals.systot.cpu0 0
cputotals.usertot.cpu0 100
Bogus data record skipped for NET:enp1s0: data on 20241212 at 18:38:18
sample.time 1734028699.001
cputotals.num 1
cputotals.user 99
cputotals.nice 0
cputotals.sys 1
cputotals.wait 0
cputotals.irq 0
cputotals.soft 0
cputotals.steal 0
cputotals.idle 0
cputotals.systot 1
cputotals.usertot 99
cputotals.total 100
ctxint.ctx 76
ctxint.int 266
proc.creates 0
proc.runq 164
proc.run 1
cpuload.avg1 0.61
cpuload.avg5 0.25
cpuload.avg15 0.09
disktotals.reads 0
disktotals.readkbs 0
disktotals.writes 0
disktotals.writekbs 0
meminfo.tot 4006060
meminfo.used 697692
meminfo.free 3308368
meminfo.shared 0
meminfo.buf 22840
meminfo.cached 226880
meminfo.slab 70448
meminfo.map 104948
meminfo.anon 329680
meminfo.anonH 0
meminfo.dirty 9216
meminfo.locked 27620
meminfo.inactive 142844
meminfo.hugetot 0
meminfo.hugefree 0
meminfo.hugersvd 0
meminfo.sunreclaim 38792
swapinfo.total 2594812
swapinfo.free 2594812
swapinfo.used 0
swapinfo.in 0
swapinfo.out 0
pageinfo.fault 2
pageinfo.majfault 0
pageinfo.in 0
pageinfo.out 0
nettotals.kbin 0
nettotals.pktin 0
nettotals.kbout 0
nettotals.pktout 0
cpuinfo.user.cpu0 99
cpuinfo.nice.cpu0 0
cpuinfo.sys.cpu0 1
cpuinfo.wait.cpu0 0
cpuinfo.irq.cpu0 0
cpuinfo.soft.cpu0 0
cpuinfo.steal.cpu0 0
cpuinfo.idle.cpu0 0
cpuinfo.intrpt.cpu0 0
cputotals.systot.cpu0 1
cputotals.usertot.cpu0 99
Bogus data record skipped for NET:enp1s0: data on 20241212 at 18:38:19
sample.time 1734028700.001
cputotals.num 1
cputotals.user 100
cputotals.nice 0
cputotals.sys 0
cputotals.wait 0
cputotals.irq 0
cputotals.soft 0
cputotals.steal 0
cputotals.idle 0
cputotals.systot 0
cputotals.usertot 100
cputotals.total 100
ctxint.ctx 79
ctxint.int 264
proc.creates 0
proc.runq 164
proc.run 1
cpuload.avg1 0.64
cpuload.avg5 0.26
cpuload.avg15 0.10
disktotals.reads 0
disktotals.readkbs 0
disktotals.writes 3
disktotals.writekbs 36
meminfo.tot 4006060
meminfo.used 697692
meminfo.free 3308368
meminfo.shared 0
meminfo.buf 22848
meminfo.cached 226880
meminfo.slab 70448
meminfo.map 104948
meminfo.anon 329680
meminfo.anonH 0
meminfo.dirty 9224
meminfo.locked 27620
meminfo.inactive 142844
meminfo.hugetot 0
meminfo.hugefree 0
meminfo.hugersvd 0
meminfo.sunreclaim 38792
swapinfo.total 2594812
swapinfo.free 2594812
swapinfo.used 0
swapinfo.in 0
swapinfo.out 0
pageinfo.fault 0
pageinfo.majfault 0
pageinfo.in 0
pageinfo.out 36
nettotals.kbin 0
nettotals.pktin 0
nettotals.kbout 0
nettotals.pktout 0
cpuinfo.user.cpu0 100
cpuinfo.nice.cpu0 0
cpuinfo.sys.cpu0 0
cpuinfo.wait.cpu0 0
cpuinfo.irq.cpu0 0
cpuinfo.soft.cpu0 0
cpuinfo.steal.cpu0 0
cpuinfo.idle.cpu0 0
cpuinfo.intrpt.cpu0 0
cputotals.systot.cpu0 0
cputotals.usertot.cpu0 100
Bogus data record skipped for NET:enp1s0: data on 20241212 at 18:38:20
sample.time 1734028701.001
cputotals.num 1
cputotals.user 100
cputotals.nice 0
cputotals.sys 0
cputotals.wait 0
cputotals.irq 0
cputotals.soft 0
cputotals.steal 0
cputotals.idle 0
cputotals.systot 0
cputotals.usertot 100
cputotals.total 100
ctxint.ctx 56
ctxint.int 259
proc.creates 0
proc.runq 164
proc.run 1
cpuload.avg1 0.64
cpuload.avg5 0.26
cpuload.avg15 0.10
disktotals.reads 0
disktotals.readkbs 0
disktotals.writes 0
disktotals.writekbs 0
meminfo.tot 4006060
meminfo.used 697692
meminfo.free 3308368
meminfo.shared 0
meminfo.buf 22848
meminfo.cached 226884
meminfo.slab 70448
meminfo.map 104948
meminfo.anon 329680
meminfo.anonH 0
meminfo.dirty 9228
meminfo.locked 27620
meminfo.inactive 142844
meminfo.hugetot 0
meminfo.hugefree 0
meminfo.hugersvd 0
meminfo.sunreclaim 38792
swapinfo.total 2594812
swapinfo.free 2594812
swapinfo.used 0
swapinfo.in 0
swapinfo.out 0
pageinfo.fault 0
pageinfo.majfault 0
pageinfo.in 0
pageinfo.out 0
nettotals.kbin 0
nettotals.pktin 0
nettotals.kbout 0
nettotals.pktout 0
cpuinfo.user.cpu0 100
cpuinfo.nice.cpu0 0
cpuinfo.sys.cpu0 0
cpuinfo.wait.cpu0 0
cpuinfo.irq.cpu0 0
cpuinfo.soft.cpu0 0
cpuinfo.steal.cpu0 0
cpuinfo.idle.cpu0 0
cpuinfo.intrpt.cpu0 0
cputotals.systot.cpu0 0
cputotals.usertot.cpu0 100
Bogus data record skipped for NET:enp1s0: data on 20241212 at 18:38:21
sample.time 1734028702.001
cputotals.num 1
cputotals.user 100
cputotals.nice 0
cputotals.sys 0
cputotals.wait 0
cputotals.irq 0
cputotals.soft 0
cputotals.steal 0
cputotals.idle 0
cputotals.systot 0
cputotals.usertot 100
cputotals.total 100
ctxint.ctx 59
ctxint.int 258
proc.creates 0
proc.runq 164
proc.run 1
cpuload.avg1 0.64
cpuload.avg5 0.26
cpuload.avg15 0.10
disktotals.reads 0
disktotals.readkbs 0
disktotals.writes 0
disktotals.writekbs 0
meminfo.tot 4006060
meminfo.used 697692
meminfo.free 3308368
meminfo.shared 0
meminfo.buf 22848
meminfo.cached 226884
meminfo.slab 70448
meminfo.map 104948
meminfo.anon 329680
meminfo.anonH 0
meminfo.dirty 9228
meminfo.locked 27620
meminfo.inactive 142844
meminfo.hugetot 0
meminfo.hugefree 0
meminfo.hugersvd 0
meminfo.sunreclaim 38792
swapinfo.total 2594812
swapinfo.free 2594812
swapinfo.used 0
swapinfo.in 0
swapinfo.out 0
pageinfo.fault 0
pageinfo.majfault 0
pageinfo.in 0
pageinfo.out 0
nettotals.kbin 0
nettotals.pktin 0
nettotals.kbout 0
nettotals.pktout 0
cpuinfo.user.cpu0 100
cpuinfo.nice.cpu0 0
cpuinfo.sys.cpu0 0
cpuinfo.wait.cpu0 0
cpuinfo.irq.cpu0 0
cpuinfo.soft.cpu0 0
cpuinfo.steal.cpu0 0
cpuinfo.idle.cpu0 0
cpuinfo.intrpt.cpu0 0
cputotals.systot.cpu0 0
cputotals.usertot.cpu0 100
Bogus data record skipped for NET:enp1s0: data on 20241212 at 18:38:22
sample.time 1734028703.001
cputotals.num 1
cputotals.user 100
cputotals.nice 0
cputotals.sys 0
cputotals.wait 0
cputotals.irq 0
cputotals.soft 0
cputotals.steal 0
cputotals.idle 0
cputotals.systot 0
cputotals.usertot 100
cputotals.total 100
ctxint.ctx 46
ctxint.int 259
proc.creates 0
proc.runq 164
proc.run 1
cpuload.avg1 0.64
cpuload.avg5 0.26
cpuload.avg15 0.10
disktotals.reads 0
disktotals.readkbs 0
disktotals.writes 0
disktotals.writekbs 0
meminfo.tot 4006060
meminfo.used 697692
meminfo.free 3308368
meminfo.shared 0
meminfo.buf 22848
meminfo.cached 226884
meminfo.slab 70448
meminfo.map 104948
meminfo.anon 329680
meminfo.anonH 0
meminfo.dirty 9228
meminfo.locked 27620
meminfo.inactive 142844
meminfo.hugetot 0
meminfo.hugefree 0
meminfo.hugersvd 0
meminfo.sunreclaim 38792
swapinfo.total 2594812
swapinfo.free 2594812
swapinfo.used 0
swapinfo.in 0
swapinfo.out 0
pageinfo.fault 0
pageinfo.majfault 0
pageinfo.in 0
pageinfo.out 0
nettotals.kbin 0
nettotals.pktin 0
nettotals.kbout 0
nettotals.pktout 0
cpuinfo.user.cpu0 100
cpuinfo.nice.cpu0 0
cpuinfo.sys.cpu0 0
cpuinfo.wait.cpu0 0
cpuinfo.irq.cpu0 0
cpuinfo.soft.cpu0 0
cpuinfo.steal.cpu0 0
cpuinfo.idle.cpu0 0
cpuinfo.intrpt.cpu0 0
cputotals.systot.cpu0 0
cputotals.usertot.cpu0 100
Bogus data record skipped for NET:enp1s0: data on 20241212 at 18:38:23
sample.time 1734028704.001
cputotals.num 1
cputotals.user 100
cputotals.nice 0
cputotals.sys 0
cputotals.wait 0
cputotals.irq 0
cputotals.soft 0
cputotals.steal 0
cputotals.idle 0
cputotals.systot 0
cputotals.usertot 100
cputotals.total 100
ctxint.ctx 120
ctxint.int 287
proc.creates 0
proc.runq 164
proc.run 1
cpuload.avg1 0.64
cpuload.avg5 0.26
cpuload.avg15 0.10
disktotals.reads 0
disktotals.readkbs 0
disktotals.writes 0
disktotals.writekbs 0
meminfo.tot 4006060
meminfo.used 697692
meminfo.free 3308368
meminfo.shared 0
meminfo.buf 22848
meminfo.cached 226888
meminfo.slab 70448
meminfo.map 104948
meminfo.anon 329680
meminfo.anonH 0
meminfo.dirty 9232
meminfo.locked 27620
meminfo.inactive 142844
meminfo.hugetot 0
meminfo.hugefree 0
meminfo.hugersvd 0
meminfo.sunreclaim 38792
swapinfo.total 2594812
swapinfo.free 2594812
swapinfo.used 0
swapinfo.in 0
swapinfo.out 0
pageinfo.fault 0
pageinfo.majfault 0
pageinfo.in 0
pageinfo.out 0
nettotals.kbin 0
nettotals.pktin 0
nettotals.kbout 0
nettotals.pktout 0
cpuinfo.user.cpu0 100
cpuinfo.nice.cpu0 0
cpuinfo.sys.cpu0 0
cpuinfo.wait.cpu0 0
cpuinfo.irq.cpu0 0
cpuinfo.soft.cpu0 0
cpuinfo.steal.cpu0 0
cpuinfo.idle.cpu0 0
cpuinfo.intrpt.cpu0 0
cputotals.systot.cpu0 0
cputotals.usertot.cpu0 100
Bogus data record skipped for NET:enp1s0: data on 20241212 at 18:38:24
sample.time 1734028705.001
cputotals.num 1
cputotals.user 100
cputotals.nice 0
cputotals.sys 0
cputotals.wait 0
cputotals.irq 0
cputotals.soft 0
cputotals.steal 0
cputotals.idle 0
cputotals.systot 0
cputotals.usertot 100
cputotals.total 100
ctxint.ctx 101
ctxint.int 264
proc.creates 0
proc.runq 164
proc.run 1
cpuload.avg1 0.67
cpuload.avg5 0.27
cpuload.avg15 0.10
disktotals.reads 0
disktotals.readkbs 0
disktotals.writes 3
disktotals.writekbs 12
meminfo.tot 4006060
meminfo.used 697692
meminfo.free 3308368
meminfo.shared 0
meminfo.buf 22856
meminfo.cached 226888
meminfo.slab 70448
meminfo.map 104948
meminfo.anon 329680
meminfo.anonH 0
meminfo.dirty 9232
meminfo.locked 27620
meminfo.inactive 142844
meminfo.hugetot 0
meminfo.hugefree 0
meminfo.hugersvd 0
meminfo.sunreclaim 38792
swapinfo.total 2594812
swapinfo.free 2594812
swapinfo.used 0
swapinfo.in 0
swapinfo.out 0
pageinfo.fault 0
pageinfo.majfault 0
pageinfo.in 0
pageinfo.out 12
nettotals.kbin 0
nettotals.pktin 0
nettotals.kbout 0
nettotals.pktout 0
cpuinfo.user.cpu0 100
cpuinfo.nice.cpu0 0
cpuinfo.sys.cpu0 0
cpuinfo.wait.cpu0 0
cpuinfo.irq.cpu0 0
cpuinfo.soft.cpu0 0
cpuinfo.steal.cpu0 0
cpuinfo.idle.cpu0 0
cpuinfo.intrpt.cpu0 0
cputotals.systot.cpu0 0
cputotals.usertot.cpu0 100
Bogus data record skipped for NET:enp1s0: data on 20241212 at 18:38:25
sample.time 1734028706.001
cputotals.num 1
cputotals.user 99
cputotals.nice 0
cputotals.sys 1
cputotals.wait 0
cputotals.irq 0
cputotals.soft 0
cputotals.steal 0
cputotals.idle 0
cputotals.systot 1
cputotals.usertot 99
cputotals.total 100
ctxint.ctx 63
ctxint.int 258
proc.creates 0
proc.runq 164
proc.run 1
cpuload.avg1 0.67
cpuload.avg5 0.27
cpuload.avg15 0.10
disktotals.reads 0
disktotals.readkbs 0
disktotals.writes 0
disktotals.writekbs 0
meminfo.tot 4006060
meminfo.used 697692
meminfo.free 3308368
meminfo.shared 0
meminfo.buf 22856
meminfo.cached 226888
meminfo.slab 70448
meminfo.map 104948
meminfo.anon 329680
meminfo.anonH 0
meminfo.dirty 9232
meminfo.locked 27620
meminfo.inactive 142844
meminfo.hugetot 0
meminfo.hugefree 0
meminfo.hugersvd 0
meminfo.sunreclaim 38792
swapinfo.total 2594812
swapinfo.free 2594812
swapinfo.used 0
swapinfo.in 0
swapinfo.out 0
pageinfo.fault 0
pageinfo.majfault 0
pageinfo.in 0
pageinfo.out 0
nettotals.kbin 0
nettotals.pktin 0
nettotals.kbout 0
nettotals.pktout 0
cpuinfo.user.cpu0 99
cpuinfo.nice.cpu0 0
cpuinfo.sys.cpu0 1
cpuinfo.wait.cpu0 0
cpuinfo.irq.cpu0 0
cpuinfo.soft.cpu0 0
cpuinfo.steal.cpu0 0
cpuinfo.idle.cpu0 0
cpuinfo.intrpt.cpu0 0
cputotals.systot.cpu0 1
cputotals.usertot.cpu0 99
Bogus data record skipped for NET:enp1s0: data on 20241212 at 18:38:26
sample.time 1734028707.001
cputotals.num 1
cputotals.user 100
cputotals.nice 0
cputotals.sys 0
cputotals.wait 0
cputotals.irq 0
cputotals.soft 0
cputotals.steal 0
cputotals.idle 0
cputotals.systot 0
cputotals.usertot 100
cputotals.total 100
ctxint.ctx 46
ctxint.int 259
proc.creates 0
proc.runq 164
proc.run 1
cpuload.avg1 0.67
cpuload.avg5 0.27
cpuload.avg15 0.10
disktotals.reads 0
disktotals.readkbs 0
disktotals.writes 0
disktotals.writekbs 0
meminfo.tot 4006060
meminfo.used 697692
meminfo.free 3308368
meminfo.shared 0
meminfo.buf 22856
meminfo.cached 226892
meminfo.slab 70448
meminfo.map 104948
meminfo.anon 329680
meminfo.anonH 0
meminfo.dirty 9236
meminfo.locked 27620
meminfo.inactive 142844
meminfo.hugetot 0
meminfo.hugefree 0
meminfo.hugersvd 0
meminfo.sunreclaim 38792
swapinfo.total 2594812
swapinfo.free 2594812
swapinfo.used 0
swapinfo.in 0
swapinfo.out 0
pageinfo.fault 0
pageinfo.majfault 0
pageinfo.in 0
pageinfo.out 0
nettotals.kbin 0
nettotals.pktin 0
nettotals.kbout 0
nettotals.pktout 0
cpuinfo.user.cpu0 100
cpuinfo.nice.cpu0 0
cpuinfo.sys.cpu0 0
cpuinfo.wait.cpu0 0
cpuinfo.irq.cpu0 0
cpuinfo.soft.cpu0 0
cpuinfo.steal.cpu0 0
cpuinfo.idle.cpu0 0
cpuinfo.intrpt.cpu0 0
cputotals.systot.cpu0 0
cputotals.usertot.cpu0 100
Bogus data record skipped for NET:enp1s0: data on 20241212 at 18:38:27
sample.time 1734028708.001
cputotals.num 1
cputotals.user 99
cputotals.nice 0
cputotals.sys 1
cputotals.wait 0
cputotals.irq 0
cputotals.soft 0
cputotals.steal 0
cputotals.idle 0
cputotals.systot 1
cputotals.usertot 99
cputotals.total 100
ctxint.ctx 72
ctxint.int 273
proc.creates 0
proc.runq 164
proc.run 1
cpuload.avg1 0.67
cpuload.avg5 0.27
cpuload.avg15 0.10
disktotals.reads 0
disktotals.readkbs 0
disktotals.writes 25
disktotals.writekbs 132
meminfo.tot 4006060
meminfo.used 697692
meminfo.free 3308368
meminfo.shared 0
meminfo.buf 22856
meminfo.cached 226892
meminfo.slab 70448
meminfo.map 104948
meminfo.anon 329680
meminfo.anonH 0
meminfo.dirty 9104
meminfo.locked 27620
meminfo.inactive 142856
meminfo.hugetot 0
meminfo.hugefree 0
meminfo.hugersvd 0
meminfo.sunreclaim 38792
swapinfo.total 2594812
swapinfo.free 2594812
swapinfo.used 0
swapinfo.in 0
swapinfo.out 0
pageinfo.fault 0
pageinfo.majfault 0
pageinfo.in 0
pageinfo.out 132
nettotals.kbin 0
nettotals.pktin 0
nettotals.kbout 0
nettotals.pktout 0
cpuinfo.user.cpu0 99
cpuinfo.nice.cpu0 0
cpuinfo.sys.cpu0 1
cpuinfo.wait.cpu0 0
cpuinfo.irq.cpu0 0
cpuinfo.soft.cpu0 0
cpuinfo.steal.cpu0 0
cpuinfo.idle.cpu0 0
cpuinfo.intrpt.cpu0 0
cputotals.systot.cpu0 1
cputotals.usertot.cpu0 99
Bogus data record skipped for NET:enp1s0: data on 20241212 at 18:38:28
sample.time 1734028709.001
cputotals.num 1
cputotals.user 99
cputotals.nice 0
cputotals.sys 0
cputotals.wait 0
cputotals.irq 0
cputotals.soft 1
cputotals.steal 0
cputotals.idle 0
cputotals.systot 1
cputotals.usertot 99
cputotals.total 100
ctxint.ctx 46
ctxint.int 259
proc.creates 0
proc.runq 164
proc.run 1
cpuload.avg1 0.67
cpuload.avg5 0.27
cpuload.avg15 0.10
disktotals.reads 0
disktotals.readkbs 0
disktotals.writes 0
disktotals.writekbs 0
meminfo.tot 4006060
meminfo.used 697692
meminfo.free 3308368
meminfo.shared 0
meminfo.buf 22856
meminfo.cached 226892
meminfo.slab 70448
meminfo.map 104948
meminfo.anon 329680
meminfo.anonH 0
meminfo.dirty 9104
meminfo.locked 27620
meminfo.inactive 142856
meminfo.hugetot 0
meminfo.hugefree 0
meminfo.hugersvd 0
meminfo.sunreclaim 38792
swapinfo.total 2594812
swapinfo.free 2594812
swapinfo.used 0
swapinfo.in 0
swapinfo.out 0
pageinfo.fault 0
pageinfo.majfault 0
pageinfo.in 0
pageinfo.out 0
nettotals.kbin 0
nettotals.pktin 0
nettotals.kbout 0
nettotals.pktout 0
cpuinfo.user.cpu0 99
cpuinfo.nice.cpu0 0
cpuinfo.sys.cpu0 0
cpuinfo.wait.cpu0 0
cpuinfo.irq.cpu0 0
cpuinfo.soft.cpu0 1
cpuinfo.steal.cpu0 0
cpuinfo.idle.cpu0 0
cpuinfo.intrpt.cpu0 0
cputotals.systot.cpu0 1
cputotals.usertot.cpu0 99
Bogus data record skipped for NET:enp1s0: data on 20241212 at 18:38:29
sample.time 1734028710.001
cputotals.num 1
cputotals.user 100
cputotals.nice 0
cputotals.sys 0
cputotals.wait 0
cputotals.irq 0
cputotals.soft 0
cputotals.steal 0
cputotals.idle 0
cputotals.systot 0
cputotals.usertot 100
cputotals.total 100
ctxint.ctx 82
ctxint.int 292
proc.creates 0
proc.runq 164
proc.run 1
cpuload.avg1 0.69
cpuload.avg5 0.28
cpuload.avg15 0.11
disktotals.reads 0
disktotals.readkbs 0
disktotals.writes 41
disktotals.writekbs 9076
meminfo.tot 4006060
meminfo.used 697692
meminfo.free 3308368
meminfo.shared 0
meminfo.buf 22864
meminfo.cached 226892
meminfo.slab 70384
meminfo.map 104948
meminfo.anon 329680
meminfo.anonH 0
meminfo.dirty 4
meminfo.locked 27620
meminfo.inactive 142856
meminfo.hugetot 0
meminfo.hugefree 0
meminfo.hugersvd 0
meminfo.sunreclaim 38728
swapinfo.total 2594812
swapinfo.free 2594812
swapinfo.used 0
swapinfo.in 0
swapinfo.out 0
pageinfo.fault 0
pageinfo.majfault 0
pageinfo.in 0
pageinfo.out 9076
nettotals.kbin 0
nettotals.pktin 0
nettotals.kbout 0
nettotals.pktout 0
cpuinfo.user.cpu0 100
cpuinfo.nice.cpu0 0
cpuinfo.sys.cpu0 0
cpuinfo.wait.cpu0 0
cpuinfo.irq.cpu0 0
cpuinfo.soft.cpu0 0
cpuinfo.steal.cpu0 0
cpuinfo.idle.cpu0 0
cpuinfo.intrpt.cpu0 0
cputotals.systot.cpu0 0
cputotals.usertot.cpu0 100
Bogus data record skipped for NET:enp1s0: data on 20241212 at 18:38:30
sample.time 1734028711.001
cputotals.num 1
cputotals.user 100
cputotals.nice 0
cputotals.sys 0
cputotals.wait 0
cputotals.irq 0
cputotals.soft 0
cputotals.steal 0
cputotals.idle 0
cputotals.systot 0
cputotals.usertot 100
cputotals.total 100
ctxint.ctx 73
ctxint.int 261
proc.creates 0
proc.runq 164
proc.run 1
cpuload.avg1 0.69
cpuload.avg5 0.28
cpuload.avg15 0.11
disktotals.reads 0
disktotals.readkbs 0
disktotals.writes 1
disktotals.writekbs 4
meminfo.tot 4006060
meminfo.used 697692
meminfo.free 3308368
meminfo.shared 0
meminfo.buf 22864
meminfo.cached 226896
meminfo.slab 70384
meminfo.map 104948
meminfo.anon 329680
meminfo.anonH 0
meminfo.dirty 8
meminfo.locked 27620
meminfo.inactive 142860
meminfo.hugetot 0
meminfo.hugefree 0
meminfo.hugersvd 0
meminfo.sunreclaim 38728
swapinfo.total 2594812
swapinfo.free 2594812
swapinfo.used 0
swapinfo.in 0
swapinfo.out 0
pageinfo.fault 0
pageinfo.majfault 0
pageinfo.in 0
pageinfo.out 4
nettotals.kbin 0
nettotals.pktin 0
nettotals.kbout 0
nettotals.pktout 0
cpuinfo.user.cpu0 100
cpuinfo.nice.cpu0 0
cpuinfo.sys.cpu0 0
cpuinfo.wait.cpu0 0
cpuinfo.irq.cpu0 0
cpuinfo.soft.cpu0 0
cpuinfo.steal.cpu0 0
cpuinfo.idle.cpu0 0
cpuinfo.intrpt.cpu0 0
cputotals.systot.cpu0 0
cputotals.usertot.cpu0 100
Bogus data record skipped for NET:enp1s0: data on 20241212 at 18:38:31
sample.time 1734028712.001
cputotals.num 1
cputotals.user 100
cputotals.nice 0
cputotals.sys 0
cputotals.wait 0
cputotals.irq 0
cputotals.soft 0
cputotals.steal 0
cputotals.idle 0
cputotals.systot 0
cputotals.usertot 100
cputotals.total 100
ctxint.ctx 52
ctxint.int 257
proc.creates 0
proc.runq 164
proc.run 1
cpuload.avg1 0.69
cpuload.avg5 0.28
cpuload.avg15 0.11
disktotals.reads 0
disktotals.readkbs 0
disktotals.writes 0
disktotals.writekbs 0
meminfo.tot 4006060
meminfo.used 697692
meminfo.free 3308368
meminfo.shared 0
meminfo.buf 22864
meminfo.cached 226896
meminfo.slab 70384
meminfo.map 104948
meminfo.anon 329680
meminfo.anonH 0
meminfo.dirty 8
meminfo.locked 27620
meminfo.inactive 142860
meminfo.hugetot 0
meminfo.hugefree 0
meminfo.hugersvd 0
meminfo.sunreclaim 38728
swapinfo.total 2594812
swapinfo.free 2594812
swapinfo.used 0
swapinfo.in 0
swapinfo.out 0
pageinfo.fault 0
pageinfo.majfault 0
pageinfo.in 0
pageinfo.out 0
nettotals.kbin 0
nettotals.pktin 0
nettotals.kbout 0
nettotals.pktout 0
cpuinfo.user.cpu0 100
cpuinfo.nice.cpu0 0
cpuinfo.sys.cpu0 0
cpuinfo.wait.cpu0 0
cpuinfo.irq.cpu0 0
cpuinfo.soft.cpu0 0
cpuinfo.steal.cpu0 0
cpuinfo.idle.cpu0 0
cpuinfo.intrpt.cpu0 0
cputotals.systot.cpu0 0
cputotals.usertot.cpu0 100
Bogus data record skipped for NET:enp1s0: data on 20241212 at 18:38:32
sample.time 1734028713.001
cputotals.num 1
cputotals.user 100
cputotals.nice 0
cputotals.sys 0
cputotals.wait 0
cputotals.irq 0
cputotals.soft 0
cputotals.steal 0
cputotals.idle 0
cputotals.systot 0
cputotals.usertot 100
cputotals.total 100
ctxint.ctx 41
ctxint.int 259
proc.creates 0
proc.runq 164
proc.run 1
cpuload.avg1 0.69
cpuload.avg5 0.28
cpuload.avg15 0.11
disktotals.reads 0
disktotals.readkbs 0
disktotals.writes 0
disktotals.writekbs 0
meminfo.tot 4006060
meminfo.used 697692
meminfo.free 3308368
meminfo.shared 0
meminfo.buf 22864
meminfo.cached 226896
meminfo.slab 70384
meminfo.map 104948
meminfo.anon 329680
meminfo.anonH 0
meminfo.dirty 8
meminfo.locked 27620
meminfo.inactive 142860
meminfo.hugetot 0
meminfo.hugefree 0
meminfo.hugersvd 0
meminfo.sunreclaim 38728
swapinfo.total 2594812
swapinfo.free 2594812
swapinfo.used 0
swapinfo.in 0
swapinfo.out 0
pageinfo.fault 0
pageinfo.majfault 0
pageinfo.in 0
pageinfo.out 0
nettotals.kbin 0
nettotals.pktin 0
nettotals.kbout 0
nettotals.pktout 0
cpuinfo.user.cpu0 100
cpuinfo.nice.cpu0 0
cpuinfo.sys.cpu0 0
cpuinfo.wait.cpu0 0
cpuinfo.irq.cpu0 0
cpuinfo.soft.cpu0 0
cpuinfo.steal.cpu0 0
cpuinfo.idle.cpu0 0
cpuinfo.intrpt.cpu0 0
cputotals.systot.cpu0 0
cputotals.usertot.cpu0 100
Bogus data record skipped for NET:enp1s0: data on 20241212 at 18:38:33
sample.time 1734028714.001
cputotals.num 1
cputotals.user 100
cputotals.nice 0
cputotals.sys 0
cputotals.wait 0
cputotals.irq 0
cputotals.soft 0
cputotals.steal 0
cputotals.idle 0
cputotals.systot 0
cputotals.usertot 100
cputotals.total 100
ctxint.ctx 79
ctxint.int 258
proc.creates 0
proc.runq 164
proc.run 1
cpuload.avg1 0.69
cpuload.avg5 0.28
cpuload.avg15 0.11
disktotals.reads 0
disktotals.readkbs 0
disktotals.writes 0
disktotals.writekbs 0
meminfo.tot 4006060
meminfo.used 697692
meminfo.free 3308368
meminfo.shared 0
meminfo.buf 22864
meminfo.cached 226900
meminfo.slab 70384
meminfo.map 104948
meminfo.anon 329720
meminfo.anonH 0
meminfo.dirty 16
meminfo.locked 27620
meminfo.inactive 142860
meminfo.hugetot 0
meminfo.hugefree 0
meminfo.hugersvd 0
meminfo.sunreclaim 38728
swapinfo.total 2594812
swapinfo.free 2594812
swapinfo.used 0
swapinfo.in 0
swapinfo.out 0
pageinfo.fault 10
pageinfo.majfault 0
pageinfo.in 0
pageinfo.out 0
nettotals.kbin 0
nettotals.pktin 0
nettotals.kbout 0
nettotals.pktout 0
cpuinfo.user.cpu0 100
cpuinfo.nice.cpu0 0
cpuinfo.sys.cpu0 0
cpuinfo.wait.cpu0 0
cpuinfo.irq.cpu0 0
cpuinfo.soft.cpu0 0
cpuinfo.steal.cpu0 0
cpuinfo.idle.cpu0 0
cpuinfo.intrpt.cpu0 0
cputotals.systot.cpu0 0
cputotals.usertot.cpu0 100
Shutting down in response to signal TERM on hpl6...
