waiting for 1 second sample...
Bogus data record skipped for NET:enp1s0: data on 20241211 at 20:31:22
sample.time 1733949083.001
cputotals.num 2
cputotals.user 100
cputotals.nice 0
cputotals.sys 0
cputotals.wait 0
cputotals.irq 0
cputotals.soft 0
cputotals.steal 0
cputotals.idle 0
cputotals.systot 0
cputotals.usertot 100
cputotals.total 100
ctxint.ctx 59
ctxint.int 515
proc.creates 0
proc.runq 182
proc.run 2
cpuload.avg1 0.52
cpuload.avg5 0.15
cpuload.avg15 0.16
disktotals.reads 0
disktotals.readkbs 0
disktotals.writes 2
disktotals.writekbs 12
meminfo.tot 4005808
meminfo.used 1291292
meminfo.free 2714516
meminfo.shared 0
meminfo.buf 29696
meminfo.cached 584256
meminfo.slab 84076
meminfo.map 113244
meminfo.anon 539136
meminfo.anonH 0
meminfo.dirty 18976
meminfo.locked 27620
meminfo.inactive 400260
meminfo.hugetot 0
meminfo.hugefree 0
meminfo.hugersvd 0
meminfo.sunreclaim 43448
swapinfo.total 2097148
swapinfo.free 2097148
swapinfo.used 0
swapinfo.in 0
swapinfo.out 0
pageinfo.fault 33566
pageinfo.majfault 0
pageinfo.in 0
pageinfo.out 12
nettotals.kbin 0
nettotals.pktin 0
nettotals.kbout 0
nettotals.pktout 0
cpuinfo.user.cpu0 99
cpuinfo.nice.cpu0 0
cpuinfo.sys.cpu0 1
cpuinfo.wait.cpu0 0
cpuinfo.irq.cpu0 0
cpuinfo.soft.cpu0 0
cpuinfo.steal.cpu0 0
cpuinfo.idle.cpu0 0
cpuinfo.intrpt.cpu0 0
cputotals.systot.cpu0 1
cputotals.usertot.cpu0 99
cpuinfo.user.cpu1 99
cpuinfo.nice.cpu1 0
cpuinfo.sys.cpu1 1
cpuinfo.wait.cpu1 0
cpuinfo.irq.cpu1 0
cpuinfo.soft.cpu1 0
cpuinfo.steal.cpu1 0
cpuinfo.idle.cpu1 0
cpuinfo.intrpt.cpu1 0
cputotals.systot.cpu1 1
cputotals.usertot.cpu1 99
Bogus data record skipped for NET:enp1s0: data on 20241211 at 20:31:23
sample.time 1733949084.001
cputotals.num 2
cputotals.user 100
cputotals.nice 0
cputotals.sys 0
cputotals.wait 0
cputotals.irq 0
cputotals.soft 0
cputotals.steal 0
cputotals.idle 0
cputotals.systot 0
cputotals.usertot 100
cputotals.total 100
ctxint.ctx 76
ctxint.int 517
proc.creates 0
proc.runq 182
proc.run 2
cpuload.avg1 0.52
cpuload.avg5 0.15
cpuload.avg15 0.16
disktotals.reads 0
disktotals.readkbs 0
disktotals.writes 0
disktotals.writekbs 0
meminfo.tot 4005808
meminfo.used 1291292
meminfo.free 2714516
meminfo.shared 0
meminfo.buf 29696
meminfo.cached 584256
meminfo.slab 84076
meminfo.map 113244
meminfo.anon 539160
meminfo.anonH 0
meminfo.dirty 18964
meminfo.locked 27620
meminfo.inactive 400260
meminfo.hugetot 0
meminfo.hugefree 0
meminfo.hugersvd 0
meminfo.sunreclaim 43448
swapinfo.total 2097148
swapinfo.free 2097148
swapinfo.used 0
swapinfo.in 0
swapinfo.out 0
pageinfo.fault 59
pageinfo.majfault 0
pageinfo.in 0
pageinfo.out 0
nettotals.kbin 0
nettotals.pktin 0
nettotals.kbout 0
nettotals.pktout 0
cpuinfo.user.cpu0 100
cpuinfo.nice.cpu0 0
cpuinfo.sys.cpu0 0
cpuinfo.wait.cpu0 0
cpuinfo.irq.cpu0 0
cpuinfo.soft.cpu0 0
cpuinfo.steal.cpu0 0
cpuinfo.idle.cpu0 0
cpuinfo.intrpt.cpu0 0
cputotals.systot.cpu0 0
cputotals.usertot.cpu0 100
cpuinfo.user.cpu1 100
cpuinfo.nice.cpu1 0
cpuinfo.sys.cpu1 0
cpuinfo.wait.cpu1 0
cpuinfo.irq.cpu1 0
cpuinfo.soft.cpu1 0
cpuinfo.steal.cpu1 0
cpuinfo.idle.cpu1 0
cpuinfo.intrpt.cpu1 0
cputotals.systot.cpu1 0
cputotals.usertot.cpu1 100
Bogus data record skipped for NET:enp1s0: data on 20241211 at 20:31:24
sample.time 1733949085.001
cputotals.num 2
cputotals.user 100
cputotals.nice 0
cputotals.sys 0
cputotals.wait 0
cputotals.irq 0
cputotals.soft 0
cputotals.steal 0
cputotals.idle 0
cputotals.systot 0
cputotals.usertot 100
cputotals.total 100
ctxint.ctx 61
ctxint.int 514
proc.creates 0
proc.runq 182
proc.run 2
cpuload.avg1 0.64
cpuload.avg5 0.18
cpuload.avg15 0.17
disktotals.reads 0
disktotals.readkbs 0
disktotals.writes 0
disktotals.writekbs 0
meminfo.tot 4005808
meminfo.used 1291292
meminfo.free 2714516
meminfo.shared 0
meminfo.buf 29696
meminfo.cached 584256
meminfo.slab 84076
meminfo.map 113244
meminfo.anon 539184
meminfo.anonH 0
meminfo.dirty 18964
meminfo.locked 27620
meminfo.inactive 400260
meminfo.hugetot 0
meminfo.hugefree 0
meminfo.hugersvd 0
meminfo.sunreclaim 43448
swapinfo.total 2097148
swapinfo.free 2097148
swapinfo.used 0
swapinfo.in 0
swapinfo.out 0
pageinfo.fault 3
pageinfo.majfault 0
pageinfo.in 0
pageinfo.out 0
nettotals.kbin 0
nettotals.pktin 0
nettotals.kbout 0
nettotals.pktout 0
cpuinfo.user.cpu0 100
cpuinfo.nice.cpu0 0
cpuinfo.sys.cpu0 0
cpuinfo.wait.cpu0 0
cpuinfo.irq.cpu0 0
cpuinfo.soft.cpu0 0
cpuinfo.steal.cpu0 0
cpuinfo.idle.cpu0 0
cpuinfo.intrpt.cpu0 0
cputotals.systot.cpu0 0
cputotals.usertot.cpu0 100
cpuinfo.user.cpu1 100
cpuinfo.nice.cpu1 0
cpuinfo.sys.cpu1 0
cpuinfo.wait.cpu1 0
cpuinfo.irq.cpu1 0
cpuinfo.soft.cpu1 0
cpuinfo.steal.cpu1 0
cpuinfo.idle.cpu1 0
cpuinfo.intrpt.cpu1 0
cputotals.systot.cpu1 0
cputotals.usertot.cpu1 100
Bogus data record skipped for NET:enp1s0: data on 20241211 at 20:31:25
sample.time 1733949086.001
cputotals.num 2
cputotals.user 100
cputotals.nice 0
cputotals.sys 0
cputotals.wait 0
cputotals.irq 0
cputotals.soft 0
cputotals.steal 0
cputotals.idle 0
cputotals.systot 0
cputotals.usertot 100
cputotals.total 100
ctxint.ctx 71
ctxint.int 519
proc.creates 0
proc.runq 182
proc.run 2
cpuload.avg1 0.64
cpuload.avg5 0.18
cpuload.avg15 0.17
disktotals.reads 0
disktotals.readkbs 0
disktotals.writes 0
disktotals.writekbs 0
meminfo.tot 4005808
meminfo.used 1291292
meminfo.free 2714516
meminfo.shared 0
meminfo.buf 29696
meminfo.cached 584260
meminfo.slab 84076
meminfo.map 113244
meminfo.anon 539184
meminfo.anonH 0
meminfo.dirty 18968
meminfo.locked 27620
meminfo.inactive 400260
meminfo.hugetot 0
meminfo.hugefree 0
meminfo.hugersvd 0
meminfo.sunreclaim 43448
swapinfo.total 2097148
swapinfo.free 2097148
swapinfo.used 0
swapinfo.in 0
swapinfo.out 0
pageinfo.fault 0
pageinfo.majfault 0
pageinfo.in 0
pageinfo.out 0
nettotals.kbin 0
nettotals.pktin 0
nettotals.kbout 0
nettotals.pktout 0
cpuinfo.user.cpu0 100
cpuinfo.nice.cpu0 0
cpuinfo.sys.cpu0 0
cpuinfo.wait.cpu0 0
cpuinfo.irq.cpu0 0
cpuinfo.soft.cpu0 0
cpuinfo.steal.cpu0 0
cpuinfo.idle.cpu0 0
cpuinfo.intrpt.cpu0 0
cputotals.systot.cpu0 0
cputotals.usertot.cpu0 100
cpuinfo.user.cpu1 100
cpuinfo.nice.cpu1 0
cpuinfo.sys.cpu1 0
cpuinfo.wait.cpu1 0
cpuinfo.irq.cpu1 0
cpuinfo.soft.cpu1 0
cpuinfo.steal.cpu1 0
cpuinfo.idle.cpu1 0
cpuinfo.intrpt.cpu1 0
cputotals.systot.cpu1 0
cputotals.usertot.cpu1 100
Bogus data record skipped for NET:enp1s0: data on 20241211 at 20:31:26
sample.time 1733949087.001
cputotals.num 2
cputotals.user 100
cputotals.nice 0
cputotals.sys 0
cputotals.wait 0
cputotals.irq 0
cputotals.soft 0
cputotals.steal 0
cputotals.idle 0
cputotals.systot 0
cputotals.usertot 100
cputotals.total 100
ctxint.ctx 86
ctxint.int 519
proc.creates 0
proc.runq 182
proc.run 2
cpuload.avg1 0.64
cpuload.avg5 0.18
cpuload.avg15 0.17
disktotals.reads 0
disktotals.readkbs 0
disktotals.writes 3
disktotals.writekbs 188
meminfo.tot 4005808
meminfo.used 1291292
meminfo.free 2714516
meminfo.shared 0
meminfo.buf 29704
meminfo.cached 584252
meminfo.slab 84076
meminfo.map 113244
meminfo.anon 539184
meminfo.anonH 0
meminfo.dirty 18968
meminfo.locked 27620
meminfo.inactive 400260
meminfo.hugetot 0
meminfo.hugefree 0
meminfo.hugersvd 0
meminfo.sunreclaim 43448
swapinfo.total 2097148
swapinfo.free 2097148
swapinfo.used 0
swapinfo.in 0
swapinfo.out 0
pageinfo.fault 0
pageinfo.majfault 0
pageinfo.in 0
pageinfo.out 188
nettotals.kbin 0
nettotals.pktin 0
nettotals.kbout 0
nettotals.pktout 0
cpuinfo.user.cpu0 100
cpuinfo.nice.cpu0 0
cpuinfo.sys.cpu0 0
cpuinfo.wait.cpu0 0
cpuinfo.irq.cpu0 0
cpuinfo.soft.cpu0 0
cpuinfo.steal.cpu0 0
cpuinfo.idle.cpu0 0
cpuinfo.intrpt.cpu0 0
cputotals.systot.cpu0 0
cputotals.usertot.cpu0 100
cpuinfo.user.cpu1 100
cpuinfo.nice.cpu1 0
cpuinfo.sys.cpu1 0
cpuinfo.wait.cpu1 0
cpuinfo.irq.cpu1 0
cpuinfo.soft.cpu1 0
cpuinfo.steal.cpu1 0
cpuinfo.idle.cpu1 0
cpuinfo.intrpt.cpu1 0
cputotals.systot.cpu1 0
cputotals.usertot.cpu1 100
Bogus data record skipped for NET:enp1s0: data on 20241211 at 20:31:27
sample.time 1733949088.001
cputotals.num 2
cputotals.user 100
cputotals.nice 0
cputotals.sys 0
cputotals.wait 0
cputotals.irq 0
cputotals.soft 0
cputotals.steal 0
cputotals.idle 0
cputotals.systot 0
cputotals.usertot 100
cputotals.total 100
ctxint.ctx 87
ctxint.int 518
proc.creates 0
proc.runq 182
proc.run 2
cpuload.avg1 0.64
cpuload.avg5 0.18
cpuload.avg15 0.17
disktotals.reads 0
disktotals.readkbs 0
disktotals.writes 0
disktotals.writekbs 0
meminfo.tot 4005808
meminfo.used 1291292
meminfo.free 2714516
meminfo.shared 0
meminfo.buf 29704
meminfo.cached 584260
meminfo.slab 84060
meminfo.map 113244
meminfo.anon 539184
meminfo.anonH 0
meminfo.dirty 18976
meminfo.locked 27620
meminfo.inactive 400268
meminfo.hugetot 0
meminfo.hugefree 0
meminfo.hugersvd 0
meminfo.sunreclaim 43432
swapinfo.total 2097148
swapinfo.free 2097148
swapinfo.used 0
swapinfo.in 0
swapinfo.out 0
pageinfo.fault 0
pageinfo.majfault 0
pageinfo.in 0
pageinfo.out 0
nettotals.kbin 0
nettotals.pktin 0
nettotals.kbout 0
nettotals.pktout 0
cpuinfo.user.cpu0 100
cpuinfo.nice.cpu0 0
cpuinfo.sys.cpu0 0
cpuinfo.wait.cpu0 0
cpuinfo.irq.cpu0 0
cpuinfo.soft.cpu0 0
cpuinfo.steal.cpu0 0
cpuinfo.idle.cpu0 0
cpuinfo.intrpt.cpu0 0
cputotals.systot.cpu0 0
cputotals.usertot.cpu0 100
cpuinfo.user.cpu1 100
cpuinfo.nice.cpu1 0
cpuinfo.sys.cpu1 0
cpuinfo.wait.cpu1 0
cpuinfo.irq.cpu1 0
cpuinfo.soft.cpu1 0
cpuinfo.steal.cpu1 0
cpuinfo.idle.cpu1 0
cpuinfo.intrpt.cpu1 0
cputotals.systot.cpu1 0
cputotals.usertot.cpu1 100
Bogus data record skipped for NET:enp1s0: data on 20241211 at 20:31:28
sample.time 1733949089.001
cputotals.num 2
cputotals.user 100
cputotals.nice 0
cputotals.sys 0
cputotals.wait 0
cputotals.irq 0
cputotals.soft 0
cputotals.steal 0
cputotals.idle 0
cputotals.systot 0
cputotals.usertot 100
cputotals.total 100
ctxint.ctx 176
ctxint.int 543
proc.creates 1
proc.runq 183
proc.run 2
cpuload.avg1 0.64
cpuload.avg5 0.18
cpuload.avg15 0.17
disktotals.reads 0
disktotals.readkbs 0
disktotals.writes 202
disktotals.writekbs 1128
meminfo.tot 4005808
meminfo.used 1291292
meminfo.free 2714516
meminfo.shared 0
meminfo.buf 29704
meminfo.cached 584264
meminfo.slab 84060
meminfo.map 113244
meminfo.anon 539184
meminfo.anonH 0
meminfo.dirty 17848
meminfo.locked 27620
meminfo.inactive 400268
meminfo.hugetot 0
meminfo.hugefree 0
meminfo.hugersvd 0
meminfo.sunreclaim 43432
swapinfo.total 2097148
swapinfo.free 2097148
swapinfo.used 0
swapinfo.in 0
swapinfo.out 0
pageinfo.fault 0
pageinfo.majfault 0
pageinfo.in 0
pageinfo.out 1128
nettotals.kbin 0
nettotals.pktin 0
nettotals.kbout 0
nettotals.pktout 0
cpuinfo.user.cpu0 100
cpuinfo.nice.cpu0 0
cpuinfo.sys.cpu0 0
cpuinfo.wait.cpu0 0
cpuinfo.irq.cpu0 0
cpuinfo.soft.cpu0 0
cpuinfo.steal.cpu0 0
cpuinfo.idle.cpu0 0
cpuinfo.intrpt.cpu0 0
cputotals.systot.cpu0 0
cputotals.usertot.cpu0 100
cpuinfo.user.cpu1 100
cpuinfo.nice.cpu1 0
cpuinfo.sys.cpu1 0
cpuinfo.wait.cpu1 0
cpuinfo.irq.cpu1 0
cpuinfo.soft.cpu1 0
cpuinfo.steal.cpu1 0
cpuinfo.idle.cpu1 0
cpuinfo.intrpt.cpu1 0
cputotals.systot.cpu1 0
cputotals.usertot.cpu1 100
Bogus data record skipped for NET:enp1s0: data on 20241211 at 20:31:29
sample.time 1733949090.001
cputotals.num 2
cputotals.user 100
cputotals.nice 0
cputotals.sys 0
cputotals.wait 0
cputotals.irq 0
cputotals.soft 0
cputotals.steal 0
cputotals.idle 0
cputotals.systot 0
cputotals.usertot 100
cputotals.total 100
ctxint.ctx 62
ctxint.int 518
proc.creates 0
proc.runq 183
proc.run 2
cpuload.avg1 0.75
cpuload.avg5 0.21
cpuload.avg15 0.18
disktotals.reads 0
disktotals.readkbs 0
disktotals.writes 0
disktotals.writekbs 0
meminfo.tot 4005808
meminfo.used 1291292
meminfo.free 2714516
meminfo.shared 0
meminfo.buf 29704
meminfo.cached 584264
meminfo.slab 84060
meminfo.map 113244
meminfo.anon 539184
meminfo.anonH 0
meminfo.dirty 17848
meminfo.locked 27620
meminfo.inactive 400268
meminfo.hugetot 0
meminfo.hugefree 0
meminfo.hugersvd 0
meminfo.sunreclaim 43432
swapinfo.total 2097148
swapinfo.free 2097148
swapinfo.used 0
swapinfo.in 0
swapinfo.out 0
pageinfo.fault 0
pageinfo.majfault 0
pageinfo.in 0
pageinfo.out 0
nettotals.kbin 0
nettotals.pktin 0
nettotals.kbout 0
nettotals.pktout 0
cpuinfo.user.cpu0 100
cpuinfo.nice.cpu0 0
cpuinfo.sys.cpu0 0
cpuinfo.wait.cpu0 0
cpuinfo.irq.cpu0 0
cpuinfo.soft.cpu0 0
cpuinfo.steal.cpu0 0
cpuinfo.idle.cpu0 0
cpuinfo.intrpt.cpu0 0
cputotals.systot.cpu0 0
cputotals.usertot.cpu0 100
cpuinfo.user.cpu1 100
cpuinfo.nice.cpu1 0
cpuinfo.sys.cpu1 0
cpuinfo.wait.cpu1 0
cpuinfo.irq.cpu1 0
cpuinfo.soft.cpu1 0
cpuinfo.steal.cpu1 0
cpuinfo.idle.cpu1 0
cpuinfo.intrpt.cpu1 0
cputotals.systot.cpu1 0
cputotals.usertot.cpu1 100
Bogus data record skipped for NET:enp1s0: data on 20241211 at 20:31:30
sample.time 1733949091.001
cputotals.num 2
cputotals.user 100
cputotals.nice 0
cputotals.sys 0
cputotals.wait 0
cputotals.irq 0
cputotals.soft 0
cputotals.steal 0
cputotals.idle 0
cputotals.systot 0
cputotals.usertot 100
cputotals.total 100
ctxint.ctx 59
ctxint.int 509
proc.creates 0
proc.runq 183
proc.run 2
cpuload.avg1 0.75
cpuload.avg5 0.21
cpuload.avg15 0.18
disktotals.reads 0
disktotals.readkbs 0
disktotals.writes 0
disktotals.writekbs 0
meminfo.tot 4005808
meminfo.used 1291292
meminfo.free 2714516
meminfo.shared 0
meminfo.buf 29704
meminfo.cached 584268
meminfo.slab 84060
meminfo.map 113244
meminfo.anon 539188
meminfo.anonH 0
meminfo.dirty 17852
meminfo.locked 27620
meminfo.inactive 400268
meminfo.hugetot 0
meminfo.hugefree 0
meminfo.hugersvd 0
meminfo.sunreclaim 43432
swapinfo.total 2097148
swapinfo.free 2097148
swapinfo.used 0
swapinfo.in 0
swapinfo.out 0
pageinfo.fault 1
pageinfo.majfault 0
pageinfo.in 0
pageinfo.out 0
nettotals.kbin 0
nettotals.pktin 0
nettotals.kbout 0
nettotals.pktout 0
cpuinfo.user.cpu0 100
cpuinfo.nice.cpu0 0
cpuinfo.sys.cpu0 0
cpuinfo.wait.cpu0 0
cpuinfo.irq.cpu0 0
cpuinfo.soft.cpu0 0
cpuinfo.steal.cpu0 0
cpuinfo.idle.cpu0 0
cpuinfo.intrpt.cpu0 0
cputotals.systot.cpu0 0
cputotals.usertot.cpu0 100
cpuinfo.user.cpu1 100
cpuinfo.nice.cpu1 0
cpuinfo.sys.cpu1 0
cpuinfo.wait.cpu1 0
cpuinfo.irq.cpu1 0
cpuinfo.soft.cpu1 0
cpuinfo.steal.cpu1 0
cpuinfo.idle.cpu1 0
cpuinfo.intrpt.cpu1 0
cputotals.systot.cpu1 0
cputotals.usertot.cpu1 100
Bogus data record skipped for NET:enp1s0: data on 20241211 at 20:31:31
sample.time 1733949092.001
cputotals.num 2
cputotals.user 100
cputotals.nice 0
cputotals.sys 0
cputotals.wait 0
cputotals.irq 0
cputotals.soft 0
cputotals.steal 0
cputotals.idle 0
cputotals.systot 0
cputotals.usertot 100
cputotals.total 100
ctxint.ctx 56
ctxint.int 513
proc.creates 0
proc.runq 183
proc.run 2
cpuload.avg1 0.75
cpuload.avg5 0.21
cpuload.avg15 0.18
disktotals.reads 0
disktotals.readkbs 0
disktotals.writes 0
disktotals.writekbs 0
meminfo.tot 4005808
meminfo.used 1291292
meminfo.free 2714516
meminfo.shared 0
meminfo.buf 29704
meminfo.cached 584268
meminfo.slab 84060
meminfo.map 113244
meminfo.anon 539188
meminfo.anonH 0
meminfo.dirty 17852
meminfo.locked 27620
meminfo.inactive 400268
meminfo.hugetot 0
meminfo.hugefree 0
meminfo.hugersvd 0
meminfo.sunreclaim 43432
swapinfo.total 2097148
swapinfo.free 2097148
swapinfo.used 0
swapinfo.in 0
swapinfo.out 0
pageinfo.fault 0
pageinfo.majfault 0
pageinfo.in 0
pageinfo.out 0
nettotals.kbin 0
nettotals.pktin 0
nettotals.kbout 0
nettotals.pktout 0
cpuinfo.user.cpu0 100
cpuinfo.nice.cpu0 0
cpuinfo.sys.cpu0 0
cpuinfo.wait.cpu0 0
cpuinfo.irq.cpu0 0
cpuinfo.soft.cpu0 0
cpuinfo.steal.cpu0 0
cpuinfo.idle.cpu0 0
cpuinfo.intrpt.cpu0 0
cputotals.systot.cpu0 0
cputotals.usertot.cpu0 100
cpuinfo.user.cpu1 100
cpuinfo.nice.cpu1 0
cpuinfo.sys.cpu1 0
cpuinfo.wait.cpu1 0
cpuinfo.irq.cpu1 0
cpuinfo.soft.cpu1 0
cpuinfo.steal.cpu1 0
cpuinfo.idle.cpu1 0
cpuinfo.intrpt.cpu1 0
cputotals.systot.cpu1 0
cputotals.usertot.cpu1 100
Bogus data record skipped for NET:enp1s0: data on 20241211 at 20:31:32
sample.time 1733949093.001
cputotals.num 2
cputotals.user 100
cputotals.nice 0
cputotals.sys 0
cputotals.wait 0
cputotals.irq 0
cputotals.soft 0
cputotals.steal 0
cputotals.idle 0
cputotals.systot 0
cputotals.usertot 100
cputotals.total 100
ctxint.ctx 76
ctxint.int 516
proc.creates 0
proc.runq 183
proc.run 2
cpuload.avg1 0.75
cpuload.avg5 0.21
cpuload.avg15 0.18
disktotals.reads 0
disktotals.readkbs 0
disktotals.writes 3
disktotals.writekbs 36
meminfo.tot 4005808
meminfo.used 1291292
meminfo.free 2714516
meminfo.shared 0
meminfo.buf 29712
meminfo.cached 584268
meminfo.slab 84060
meminfo.map 113244
meminfo.anon 539188
meminfo.anonH 0
meminfo.dirty 17876
meminfo.locked 27620
meminfo.inactive 400268
meminfo.hugetot 0
meminfo.hugefree 0
meminfo.hugersvd 0
meminfo.sunreclaim 43432
swapinfo.total 2097148
swapinfo.free 2097148
swapinfo.used 0
swapinfo.in 0
swapinfo.out 0
pageinfo.fault 0
pageinfo.majfault 0
pageinfo.in 0
pageinfo.out 36
nettotals.kbin 0
nettotals.pktin 0
nettotals.kbout 0
nettotals.pktout 0
cpuinfo.user.cpu0 100
cpuinfo.nice.cpu0 0
cpuinfo.sys.cpu0 0
cpuinfo.wait.cpu0 0
cpuinfo.irq.cpu0 0
cpuinfo.soft.cpu0 0
cpuinfo.steal.cpu0 0
cpuinfo.idle.cpu0 0
cpuinfo.intrpt.cpu0 0
cputotals.systot.cpu0 0
cputotals.usertot.cpu0 100
cpuinfo.user.cpu1 100
cpuinfo.nice.cpu1 0
cpuinfo.sys.cpu1 0
cpuinfo.wait.cpu1 0
cpuinfo.irq.cpu1 0
cpuinfo.soft.cpu1 0
cpuinfo.steal.cpu1 0
cpuinfo.idle.cpu1 0
cpuinfo.intrpt.cpu1 0
cputotals.systot.cpu1 0
cputotals.usertot.cpu1 100
Bogus data record skipped for NET:enp1s0: data on 20241211 at 20:31:33
sample.time 1733949094.001
cputotals.num 2
cputotals.user 100
cputotals.nice 0
cputotals.sys 0
cputotals.wait 0
cputotals.irq 0
cputotals.soft 0
cputotals.steal 0
cputotals.idle 0
cputotals.systot 0
cputotals.usertot 100
cputotals.total 100
ctxint.ctx 101
ctxint.int 517
proc.creates 0
proc.runq 183
proc.run 2
cpuload.avg1 0.75
cpuload.avg5 0.21
cpuload.avg15 0.18
disktotals.reads 0
disktotals.readkbs 0
disktotals.writes 0
disktotals.writekbs 0
meminfo.tot 4005808
meminfo.used 1291292
meminfo.free 2714516
meminfo.shared 0
meminfo.buf 29712
meminfo.cached 584272
meminfo.slab 84060
meminfo.map 113244
meminfo.anon 539188
meminfo.anonH 0
meminfo.dirty 17880
meminfo.locked 27620
meminfo.inactive 400268
meminfo.hugetot 0
meminfo.hugefree 0
meminfo.hugersvd 0
meminfo.sunreclaim 43432
swapinfo.total 2097148
swapinfo.free 2097148
swapinfo.used 0
swapinfo.in 0
swapinfo.out 0
pageinfo.fault 0
pageinfo.majfault 0
pageinfo.in 0
pageinfo.out 0
nettotals.kbin 0
nettotals.pktin 0
nettotals.kbout 0
nettotals.pktout 0
cpuinfo.user.cpu0 100
cpuinfo.nice.cpu0 0
cpuinfo.sys.cpu0 0
cpuinfo.wait.cpu0 0
cpuinfo.irq.cpu0 0
cpuinfo.soft.cpu0 0
cpuinfo.steal.cpu0 0
cpuinfo.idle.cpu0 0
cpuinfo.intrpt.cpu0 0
cputotals.systot.cpu0 0
cputotals.usertot.cpu0 100
cpuinfo.user.cpu1 100
cpuinfo.nice.cpu1 0
cpuinfo.sys.cpu1 0
cpuinfo.wait.cpu1 0
cpuinfo.irq.cpu1 0
cpuinfo.soft.cpu1 0
cpuinfo.steal.cpu1 0
cpuinfo.idle.cpu1 0
cpuinfo.intrpt.cpu1 0
cputotals.systot.cpu1 0
cputotals.usertot.cpu1 100
Bogus data record skipped for NET:enp1s0: data on 20241211 at 20:31:34
sample.time 1733949095.001
cputotals.num 2
cputotals.user 100
cputotals.nice 0
cputotals.sys 0
cputotals.wait 0
cputotals.irq 0
cputotals.soft 0
cputotals.steal 0
cputotals.idle 0
cputotals.systot 0
cputotals.usertot 100
cputotals.total 100
ctxint.ctx 75
ctxint.int 507
proc.creates 0
proc.runq 183
proc.run 2
cpuload.avg1 0.85
cpuload.avg5 0.24
cpuload.avg15 0.19
disktotals.reads 0
disktotals.readkbs 0
disktotals.writes 0
disktotals.writekbs 0
meminfo.tot 4005808
meminfo.used 1291292
meminfo.free 2714516
meminfo.shared 0
meminfo.buf 29712
meminfo.cached 584272
meminfo.slab 83984
meminfo.map 113244
meminfo.anon 539188
meminfo.anonH 0
meminfo.dirty 17880
meminfo.locked 27620
meminfo.inactive 400268
meminfo.hugetot 0
meminfo.hugefree 0
meminfo.hugersvd 0
meminfo.sunreclaim 43356
swapinfo.total 2097148
swapinfo.free 2097148
swapinfo.used 0
swapinfo.in 0
swapinfo.out 0
pageinfo.fault 0
pageinfo.majfault 0
pageinfo.in 0
pageinfo.out 0
nettotals.kbin 0
nettotals.pktin 0
nettotals.kbout 0
nettotals.pktout 0
cpuinfo.user.cpu0 100
cpuinfo.nice.cpu0 0
cpuinfo.sys.cpu0 0
cpuinfo.wait.cpu0 0
cpuinfo.irq.cpu0 0
cpuinfo.soft.cpu0 0
cpuinfo.steal.cpu0 0
cpuinfo.idle.cpu0 0
cpuinfo.intrpt.cpu0 0
cputotals.systot.cpu0 0
cputotals.usertot.cpu0 100
cpuinfo.user.cpu1 100
cpuinfo.nice.cpu1 0
cpuinfo.sys.cpu1 0
cpuinfo.wait.cpu1 0
cpuinfo.irq.cpu1 0
cpuinfo.soft.cpu1 0
cpuinfo.steal.cpu1 0
cpuinfo.idle.cpu1 0
cpuinfo.intrpt.cpu1 0
cputotals.systot.cpu1 0
cputotals.usertot.cpu1 100
Bogus data record skipped for NET:enp1s0: data on 20241211 at 20:31:35
sample.time 1733949096.001
cputotals.num 2
cputotals.user 100
cputotals.nice 0
cputotals.sys 0
cputotals.wait 0
cputotals.irq 0
cputotals.soft 0
cputotals.steal 0
cputotals.idle 0
cputotals.systot 0
cputotals.usertot 100
cputotals.total 100
ctxint.ctx 54
ctxint.int 512
proc.creates 0
proc.runq 183
proc.run 2
cpuload.avg1 0.85
cpuload.avg5 0.24
cpuload.avg15 0.19
disktotals.reads 0
disktotals.readkbs 0
disktotals.writes 0
disktotals.writekbs 0
meminfo.tot 4005808
meminfo.used 1291292
meminfo.free 2714516
meminfo.shared 0
meminfo.buf 29712
meminfo.cached 584272
meminfo.slab 83984
meminfo.map 113244
meminfo.anon 539188
meminfo.anonH 0
meminfo.dirty 17880
meminfo.locked 27620
meminfo.inactive 400268
meminfo.hugetot 0
meminfo.hugefree 0
meminfo.hugersvd 0
meminfo.sunreclaim 43356
swapinfo.total 2097148
swapinfo.free 2097148
swapinfo.used 0
swapinfo.in 0
swapinfo.out 0
pageinfo.fault 0
pageinfo.majfault 0
pageinfo.in 0
pageinfo.out 0
nettotals.kbin 0
nettotals.pktin 0
nettotals.kbout 0
nettotals.pktout 0
cpuinfo.user.cpu0 100
cpuinfo.nice.cpu0 0
cpuinfo.sys.cpu0 0
cpuinfo.wait.cpu0 0
cpuinfo.irq.cpu0 0
cpuinfo.soft.cpu0 0
cpuinfo.steal.cpu0 0
cpuinfo.idle.cpu0 0
cpuinfo.intrpt.cpu0 0
cputotals.systot.cpu0 0
cputotals.usertot.cpu0 100
cpuinfo.user.cpu1 100
cpuinfo.nice.cpu1 0
cpuinfo.sys.cpu1 0
cpuinfo.wait.cpu1 0
cpuinfo.irq.cpu1 0
cpuinfo.soft.cpu1 0
cpuinfo.steal.cpu1 0
cpuinfo.idle.cpu1 0
cpuinfo.intrpt.cpu1 0
cputotals.systot.cpu1 0
cputotals.usertot.cpu1 100
Bogus data record skipped for NET:enp1s0: data on 20241211 at 20:31:36
sample.time 1733949097.001
cputotals.num 2
cputotals.user 100
cputotals.nice 0
cputotals.sys 0
cputotals.wait 0
cputotals.irq 0
cputotals.soft 0
cputotals.steal 0
cputotals.idle 0
cputotals.systot 0
cputotals.usertot 100
cputotals.total 100
ctxint.ctx 61
ctxint.int 511
proc.creates 0
proc.runq 183
proc.run 2
cpuload.avg1 0.85
cpuload.avg5 0.24
cpuload.avg15 0.19
disktotals.reads 0
disktotals.readkbs 0
disktotals.writes 0
disktotals.writekbs 0
meminfo.tot 4005808
meminfo.used 1291292
meminfo.free 2714516
meminfo.shared 0
meminfo.buf 29712
meminfo.cached 584276
meminfo.slab 83984
meminfo.map 113244
meminfo.anon 539188
meminfo.anonH 0
meminfo.dirty 17884
meminfo.locked 27620
meminfo.inactive 400268
meminfo.hugetot 0
meminfo.hugefree 0
meminfo.hugersvd 0
meminfo.sunreclaim 43356
swapinfo.total 2097148
swapinfo.free 2097148
swapinfo.used 0
swapinfo.in 0
swapinfo.out 0
pageinfo.fault 0
pageinfo.majfault 0
pageinfo.in 0
pageinfo.out 0
nettotals.kbin 0
nettotals.pktin 0
nettotals.kbout 0
nettotals.pktout 0
cpuinfo.user.cpu0 100
cpuinfo.nice.cpu0 0
cpuinfo.sys.cpu0 0
cpuinfo.wait.cpu0 0
cpuinfo.irq.cpu0 0
cpuinfo.soft.cpu0 0
cpuinfo.steal.cpu0 0
cpuinfo.idle.cpu0 0
cpuinfo.intrpt.cpu0 0
cputotals.systot.cpu0 0
cputotals.usertot.cpu0 100
cpuinfo.user.cpu1 100
cpuinfo.nice.cpu1 0
cpuinfo.sys.cpu1 0
cpuinfo.wait.cpu1 0
cpuinfo.irq.cpu1 0
cpuinfo.soft.cpu1 0
cpuinfo.steal.cpu1 0
cpuinfo.idle.cpu1 0
cpuinfo.intrpt.cpu1 0
cputotals.systot.cpu1 0
cputotals.usertot.cpu1 100
Bogus data record skipped for NET:enp1s0: data on 20241211 at 20:31:37
sample.time 1733949098.001
cputotals.num 2
cputotals.user 100
cputotals.nice 0
cputotals.sys 0
cputotals.wait 0
cputotals.irq 0
cputotals.soft 0
cputotals.steal 0
cputotals.idle 0
cputotals.systot 0
cputotals.usertot 100
cputotals.total 100
ctxint.ctx 72
ctxint.int 519
proc.creates 0
proc.runq 183
proc.run 2
cpuload.avg1 0.85
cpuload.avg5 0.24
cpuload.avg15 0.19
disktotals.reads 0
disktotals.readkbs 0
disktotals.writes 3
disktotals.writekbs 12
meminfo.tot 4005808
meminfo.used 1291292
meminfo.free 2714516
meminfo.shared 0
meminfo.buf 29720
meminfo.cached 584276
meminfo.slab 83984
meminfo.map 113244
meminfo.anon 539188
meminfo.anonH 0
meminfo.dirty 17884
meminfo.locked 27620
meminfo.inactive 400268
meminfo.hugetot 0
meminfo.hugefree 0
meminfo.hugersvd 0
meminfo.sunreclaim 43356
swapinfo.total 2097148
swapinfo.free 2097148
swapinfo.used 0
swapinfo.in 0
swapinfo.out 0
pageinfo.fault 0
pageinfo.majfault 0
pageinfo.in 0
pageinfo.out 12
nettotals.kbin 0
nettotals.pktin 0
nettotals.kbout 0
nettotals.pktout 0
cpuinfo.user.cpu0 100
cpuinfo.nice.cpu0 0
cpuinfo.sys.cpu0 0
cpuinfo.wait.cpu0 0
cpuinfo.irq.cpu0 0
cpuinfo.soft.cpu0 0
cpuinfo.steal.cpu0 0
cpuinfo.idle.cpu0 0
cpuinfo.intrpt.cpu0 0
cputotals.systot.cpu0 0
cputotals.usertot.cpu0 100
cpuinfo.user.cpu1 100
cpuinfo.nice.cpu1 0
cpuinfo.sys.cpu1 0
cpuinfo.wait.cpu1 0
cpuinfo.irq.cpu1 0
cpuinfo.soft.cpu1 0
cpuinfo.steal.cpu1 0
cpuinfo.idle.cpu1 0
cpuinfo.intrpt.cpu1 0
cputotals.systot.cpu1 0
cputotals.usertot.cpu1 100
Bogus data record skipped for NET:enp1s0: data on 20241211 at 20:31:38
sample.time 1733949099.001
cputotals.num 2
cputotals.user 100
cputotals.nice 0
cputotals.sys 0
cputotals.wait 0
cputotals.irq 0
cputotals.soft 0
cputotals.steal 0
cputotals.idle 0
cputotals.systot 0
cputotals.usertot 100
cputotals.total 100
ctxint.ctx 86
ctxint.int 544
proc.creates 0
proc.runq 183
proc.run 2
cpuload.avg1 0.85
cpuload.avg5 0.24
cpuload.avg15 0.19
disktotals.reads 0
disktotals.readkbs 0
disktotals.writes 41
disktotals.writekbs 17880
meminfo.tot 4005808
meminfo.used 1291292
meminfo.free 2714516
meminfo.shared 0
meminfo.buf 29720
meminfo.cached 584280
meminfo.slab 83984
meminfo.map 113244
meminfo.anon 539188
meminfo.anonH 0
meminfo.dirty 0
meminfo.locked 27620
meminfo.inactive 400268
meminfo.hugetot 0
meminfo.hugefree 0
meminfo.hugersvd 0
meminfo.sunreclaim 43356
swapinfo.total 2097148
swapinfo.free 2097148
swapinfo.used 0
swapinfo.in 0
swapinfo.out 0
pageinfo.fault 0
pageinfo.majfault 0
pageinfo.in 0
pageinfo.out 17880
nettotals.kbin 0
nettotals.pktin 0
nettotals.kbout 0
nettotals.pktout 0
cpuinfo.user.cpu0 100
cpuinfo.nice.cpu0 0
cpuinfo.sys.cpu0 0
cpuinfo.wait.cpu0 0
cpuinfo.irq.cpu0 0
cpuinfo.soft.cpu0 0
cpuinfo.steal.cpu0 0
cpuinfo.idle.cpu0 0
cpuinfo.intrpt.cpu0 0
cputotals.systot.cpu0 0
cputotals.usertot.cpu0 100
cpuinfo.user.cpu1 99
cpuinfo.nice.cpu1 0
cpuinfo.sys.cpu1 0
cpuinfo.wait.cpu1 0
cpuinfo.irq.cpu1 0
cpuinfo.soft.cpu1 0
cpuinfo.steal.cpu1 1
cpuinfo.idle.cpu1 0
cpuinfo.intrpt.cpu1 0
cputotals.systot.cpu1 1
cputotals.usertot.cpu1 99
Bogus data record skipped for NET:enp1s0: data on 20241211 at 20:31:39
sample.time 1733949100.001
cputotals.num 2
cputotals.user 100
cputotals.nice 0
cputotals.sys 0
cputotals.wait 0
cputotals.irq 0
cputotals.soft 0
cputotals.steal 0
cputotals.idle 0
cputotals.systot 0
cputotals.usertot 100
cputotals.total 100
ctxint.ctx 62
ctxint.int 512
proc.creates 0
proc.runq 183
proc.run 2
cpuload.avg1 0.94
cpuload.avg5 0.27
cpuload.avg15 0.20
disktotals.reads 0
disktotals.readkbs 0
disktotals.writes 0
disktotals.writekbs 0
meminfo.tot 4005808
meminfo.used 1291292
meminfo.free 2714516
meminfo.shared 0
meminfo.buf 29720
meminfo.cached 584280
meminfo.slab 83984
meminfo.map 113244
meminfo.anon 539188
meminfo.anonH 0
meminfo.dirty 4
meminfo.locked 27620
meminfo.inactive 400268
meminfo.hugetot 0
meminfo.hugefree 0
meminfo.hugersvd 0
meminfo.sunreclaim 43356
swapinfo.total 2097148
swapinfo.free 2097148
swapinfo.used 0
swapinfo.in 0
swapinfo.out 0
pageinfo.fault 0
pageinfo.majfault 0
pageinfo.in 0
pageinfo.out 0
nettotals.kbin 0
nettotals.pktin 0
nettotals.kbout 0
nettotals.pktout 0
cpuinfo.user.cpu0 100
cpuinfo.nice.cpu0 0
cpuinfo.sys.cpu0 0
cpuinfo.wait.cpu0 0
cpuinfo.irq.cpu0 0
cpuinfo.soft.cpu0 0
cpuinfo.steal.cpu0 0
cpuinfo.idle.cpu0 0
cpuinfo.intrpt.cpu0 0
cputotals.systot.cpu0 0
cputotals.usertot.cpu0 100
cpuinfo.user.cpu1 100
cpuinfo.nice.cpu1 0
cpuinfo.sys.cpu1 0
cpuinfo.wait.cpu1 0
cpuinfo.irq.cpu1 0
cpuinfo.soft.cpu1 0
cpuinfo.steal.cpu1 0
cpuinfo.idle.cpu1 0
cpuinfo.intrpt.cpu1 0
cputotals.systot.cpu1 0
cputotals.usertot.cpu1 100
Bogus data record skipped for NET:enp1s0: data on 20241211 at 20:31:40
sample.time 1733949101.001
cputotals.num 2
cputotals.user 100
cputotals.nice 0
cputotals.sys 0
cputotals.wait 0
cputotals.irq 0
cputotals.soft 0
cputotals.steal 0
cputotals.idle 0
cputotals.systot 0
cputotals.usertot 100
cputotals.total 100
ctxint.ctx 133
ctxint.int 520
proc.creates 0
proc.runq 183
proc.run 2
cpuload.avg1 0.94
cpuload.avg5 0.27
cpuload.avg15 0.20
disktotals.reads 0
disktotals.readkbs 0
disktotals.writes 0
disktotals.writekbs 0
meminfo.tot 4005808
meminfo.used 1291544
meminfo.free 2714264
meminfo.shared 0
meminfo.buf 29720
meminfo.cached 584280
meminfo.slab 83940
meminfo.map 113244
meminfo.anon 539188
meminfo.anonH 0
meminfo.dirty 4
meminfo.locked 27620
meminfo.inactive 400268
meminfo.hugetot 0
meminfo.hugefree 0
meminfo.hugersvd 0
meminfo.sunreclaim 43320
swapinfo.total 2097148
swapinfo.free 2097148
swapinfo.used 0
swapinfo.in 0
swapinfo.out 0
pageinfo.fault 23
pageinfo.majfault 0
pageinfo.in 0
pageinfo.out 0
nettotals.kbin 0
nettotals.pktin 0
nettotals.kbout 0
nettotals.pktout 0
cpuinfo.user.cpu0 100
cpuinfo.nice.cpu0 0
cpuinfo.sys.cpu0 0
cpuinfo.wait.cpu0 0
cpuinfo.irq.cpu0 0
cpuinfo.soft.cpu0 0
cpuinfo.steal.cpu0 0
cpuinfo.idle.cpu0 0
cpuinfo.intrpt.cpu0 0
cputotals.systot.cpu0 0
cputotals.usertot.cpu0 100
cpuinfo.user.cpu1 100
cpuinfo.nice.cpu1 0
cpuinfo.sys.cpu1 0
cpuinfo.wait.cpu1 0
cpuinfo.irq.cpu1 0
cpuinfo.soft.cpu1 0
cpuinfo.steal.cpu1 0
cpuinfo.idle.cpu1 0
cpuinfo.intrpt.cpu1 0
cputotals.systot.cpu1 0
cputotals.usertot.cpu1 100
Shutting down in response to signal TERM on hpl01...
