waiting for 1 second sample...
sample.time 1733967571.001
cputotals.num 16
cputotals.user 7
cputotals.nice 0
cputotals.sys 0
cputotals.wait 0
cputotals.irq 0
cputotals.soft 0
cputotals.steal 0
cputotals.idle 93
cputotals.systot 0
cputotals.usertot 7
cputotals.total 7
ctxint.ctx 3289
ctxint.int 2072
proc.creates 0
proc.runq 649
proc.run 1
cpuload.avg1 2.76
cpuload.avg5 4.44
cpuload.avg15 2.70
disktotals.reads 0
disktotals.readkbs 0
disktotals.writes 4
disktotals.writekbs 168
meminfo.tot 32776372
meminfo.used 4989388
meminfo.free 27786984
meminfo.shared 0
meminfo.buf 104384
meminfo.cached 3269296
meminfo.slab 383668
meminfo.map 322972
meminfo.anon 863792
meminfo.anonH 0
meminfo.dirty 1216
meminfo.locked 96
meminfo.inactive 1970232
meminfo.hugetot 0
meminfo.hugefree 0
meminfo.hugersvd 0
meminfo.sunreclaim 236096
swapinfo.total 8388604
swapinfo.free 8388604
swapinfo.used 0
swapinfo.in 0
swapinfo.out 0
pageinfo.fault 12301
pageinfo.majfault 0
pageinfo.in 0
pageinfo.out 168
nettotals.kbin 0
nettotals.pktin 0
nettotals.kbout 0
nettotals.pktout 0
cpuinfo.user.cpu0 0
cpuinfo.nice.cpu0 0
cpuinfo.sys.cpu0 0
cpuinfo.wait.cpu0 0
cpuinfo.irq.cpu0 0
cpuinfo.soft.cpu0 0
cpuinfo.steal.cpu0 0
cpuinfo.idle.cpu0 100
cpuinfo.intrpt.cpu0 0
cputotals.systot.cpu0 0
cputotals.usertot.cpu0 0
cpuinfo.user.cpu1 4
cpuinfo.nice.cpu1 0
cpuinfo.sys.cpu1 0
cpuinfo.wait.cpu1 0
cpuinfo.irq.cpu1 0
cpuinfo.soft.cpu1 0
cpuinfo.steal.cpu1 0
cpuinfo.idle.cpu1 96
cpuinfo.intrpt.cpu1 0
cputotals.systot.cpu1 0
cputotals.usertot.cpu1 4
cpuinfo.user.cpu2 0
cpuinfo.nice.cpu2 0
cpuinfo.sys.cpu2 0
cpuinfo.wait.cpu2 0
cpuinfo.irq.cpu2 0
cpuinfo.soft.cpu2 0
cpuinfo.steal.cpu2 0
cpuinfo.idle.cpu2 100
cpuinfo.intrpt.cpu2 0
cputotals.systot.cpu2 0
cputotals.usertot.cpu2 0
cpuinfo.user.cpu3 1
cpuinfo.nice.cpu3 0
cpuinfo.sys.cpu3 0
cpuinfo.wait.cpu3 0
cpuinfo.irq.cpu3 0
cpuinfo.soft.cpu3 0
cpuinfo.steal.cpu3 0
cpuinfo.idle.cpu3 99
cpuinfo.intrpt.cpu3 0
cputotals.systot.cpu3 0
cputotals.usertot.cpu3 1
cpuinfo.user.cpu4 0
cpuinfo.nice.cpu4 0
cpuinfo.sys.cpu4 0
cpuinfo.wait.cpu4 0
cpuinfo.irq.cpu4 0
cpuinfo.soft.cpu4 0
cpuinfo.steal.cpu4 0
cpuinfo.idle.cpu4 100
cpuinfo.intrpt.cpu4 0
cputotals.systot.cpu4 0
cputotals.usertot.cpu4 0
cpuinfo.user.cpu5 0
cpuinfo.nice.cpu5 0
cpuinfo.sys.cpu5 0
cpuinfo.wait.cpu5 0
cpuinfo.irq.cpu5 0
cpuinfo.soft.cpu5 0
cpuinfo.steal.cpu5 0
cpuinfo.idle.cpu5 100
cpuinfo.intrpt.cpu5 0
cputotals.systot.cpu5 0
cputotals.usertot.cpu5 0
cpuinfo.user.cpu6 0
cpuinfo.nice.cpu6 0
cpuinfo.sys.cpu6 0
cpuinfo.wait.cpu6 0
cpuinfo.irq.cpu6 0
cpuinfo.soft.cpu6 0
cpuinfo.steal.cpu6 0
cpuinfo.idle.cpu6 100
cpuinfo.intrpt.cpu6 0
cputotals.systot.cpu6 0
cputotals.usertot.cpu6 0
cpuinfo.user.cpu7 0
cpuinfo.nice.cpu7 0
cpuinfo.sys.cpu7 0
cpuinfo.wait.cpu7 0
cpuinfo.irq.cpu7 0
cpuinfo.soft.cpu7 0
cpuinfo.steal.cpu7 0
cpuinfo.idle.cpu7 100
cpuinfo.intrpt.cpu7 0
cputotals.systot.cpu7 0
cputotals.usertot.cpu7 0
cpuinfo.user.cpu8 99
cpuinfo.nice.cpu8 0
cpuinfo.sys.cpu8 1
cpuinfo.wait.cpu8 0
cpuinfo.irq.cpu8 0
cpuinfo.soft.cpu8 0
cpuinfo.steal.cpu8 0
cpuinfo.idle.cpu8 0
cpuinfo.intrpt.cpu8 0
cputotals.systot.cpu8 1
cputotals.usertot.cpu8 99
cpuinfo.user.cpu9 0
cpuinfo.nice.cpu9 0
cpuinfo.sys.cpu9 0
cpuinfo.wait.cpu9 0
cpuinfo.irq.cpu9 0
cpuinfo.soft.cpu9 0
cpuinfo.steal.cpu9 0
cpuinfo.idle.cpu9 100
cpuinfo.intrpt.cpu9 0
cputotals.systot.cpu9 0
cputotals.usertot.cpu9 0
cpuinfo.user.cpu10 0
cpuinfo.nice.cpu10 0
cpuinfo.sys.cpu10 0
cpuinfo.wait.cpu10 0
cpuinfo.irq.cpu10 0
cpuinfo.soft.cpu10 0
cpuinfo.steal.cpu10 0
cpuinfo.idle.cpu10 100
cpuinfo.intrpt.cpu10 0
cputotals.systot.cpu10 0
cputotals.usertot.cpu10 0
cpuinfo.user.cpu11 0
cpuinfo.nice.cpu11 0
cpuinfo.sys.cpu11 0
cpuinfo.wait.cpu11 0
cpuinfo.irq.cpu11 0
cpuinfo.soft.cpu11 0
cpuinfo.steal.cpu11 0
cpuinfo.idle.cpu11 100
cpuinfo.intrpt.cpu11 0
cputotals.systot.cpu11 0
cputotals.usertot.cpu11 0
cpuinfo.user.cpu12 2
cpuinfo.nice.cpu12 0
cpuinfo.sys.cpu12 5
cpuinfo.wait.cpu12 0
cpuinfo.irq.cpu12 0
cpuinfo.soft.cpu12 0
cpuinfo.steal.cpu12 0
cpuinfo.idle.cpu12 93
cpuinfo.intrpt.cpu12 0
cputotals.systot.cpu12 5
cputotals.usertot.cpu12 2
cpuinfo.user.cpu13 0
cpuinfo.nice.cpu13 0
cpuinfo.sys.cpu13 0
cpuinfo.wait.cpu13 0
cpuinfo.irq.cpu13 0
cpuinfo.soft.cpu13 0
cpuinfo.steal.cpu13 0
cpuinfo.idle.cpu13 100
cpuinfo.intrpt.cpu13 0
cputotals.systot.cpu13 0
cputotals.usertot.cpu13 0
cpuinfo.user.cpu14 0
cpuinfo.nice.cpu14 0
cpuinfo.sys.cpu14 0
cpuinfo.wait.cpu14 0
cpuinfo.irq.cpu14 0
cpuinfo.soft.cpu14 0
cpuinfo.steal.cpu14 0
cpuinfo.idle.cpu14 100
cpuinfo.intrpt.cpu14 0
cputotals.systot.cpu14 0
cputotals.usertot.cpu14 0
cpuinfo.user.cpu15 0
cpuinfo.nice.cpu15 0
cpuinfo.sys.cpu15 0
cpuinfo.wait.cpu15 0
cpuinfo.irq.cpu15 0
cpuinfo.soft.cpu15 0
cpuinfo.steal.cpu15 0
cpuinfo.idle.cpu15 100
cpuinfo.intrpt.cpu15 0
cputotals.systot.cpu15 0
cputotals.usertot.cpu15 0
sample.time 1733967572.001
cputotals.num 16
cputotals.user 7
cputotals.nice 0
cputotals.sys 0
cputotals.wait 0
cputotals.irq 0
cputotals.soft 0
cputotals.steal 0
cputotals.idle 93
cputotals.systot 0
cputotals.usertot 7
cputotals.total 7
ctxint.ctx 1852
ctxint.int 1765
proc.creates 0
proc.runq 649
proc.run 1
cpuload.avg1 2.76
cpuload.avg5 4.44
cpuload.avg15 2.70
disktotals.reads 0
disktotals.readkbs 0
disktotals.writes 2
disktotals.writekbs 8
meminfo.tot 32776372
meminfo.used 4989388
meminfo.free 27786984
meminfo.shared 0
meminfo.buf 104384
meminfo.cached 3269300
meminfo.slab 383668
meminfo.map 323136
meminfo.anon 864064
meminfo.anonH 0
meminfo.dirty 1220
meminfo.locked 96
meminfo.inactive 1970232
meminfo.hugetot 0
meminfo.hugefree 0
meminfo.hugersvd 0
meminfo.sunreclaim 236096
swapinfo.total 8388604
swapinfo.free 8388604
swapinfo.used 0
swapinfo.in 0
swapinfo.out 0
pageinfo.fault 71
pageinfo.majfault 0
pageinfo.in 0
pageinfo.out 8
nettotals.kbin 0
nettotals.pktin 0
nettotals.kbout 0
nettotals.pktout 0
cpuinfo.user.cpu0 1
cpuinfo.nice.cpu0 0
cpuinfo.sys.cpu0 0
cpuinfo.wait.cpu0 0
cpuinfo.irq.cpu0 0
cpuinfo.soft.cpu0 0
cpuinfo.steal.cpu0 0
cpuinfo.idle.cpu0 99
cpuinfo.intrpt.cpu0 0
cputotals.systot.cpu0 0
cputotals.usertot.cpu0 1
cpuinfo.user.cpu1 2
cpuinfo.nice.cpu1 0
cpuinfo.sys.cpu1 1
cpuinfo.wait.cpu1 0
cpuinfo.irq.cpu1 0
cpuinfo.soft.cpu1 0
cpuinfo.steal.cpu1 0
cpuinfo.idle.cpu1 97
cpuinfo.intrpt.cpu1 0
cputotals.systot.cpu1 1
cputotals.usertot.cpu1 2
cpuinfo.user.cpu2 0
cpuinfo.nice.cpu2 0
cpuinfo.sys.cpu2 0
cpuinfo.wait.cpu2 0
cpuinfo.irq.cpu2 0
cpuinfo.soft.cpu2 0
cpuinfo.steal.cpu2 0
cpuinfo.idle.cpu2 100
cpuinfo.intrpt.cpu2 0
cputotals.systot.cpu2 0
cputotals.usertot.cpu2 0
cpuinfo.user.cpu3 0
cpuinfo.nice.cpu3 0
cpuinfo.sys.cpu3 0
cpuinfo.wait.cpu3 0
cpuinfo.irq.cpu3 0
cpuinfo.soft.cpu3 0
cpuinfo.steal.cpu3 0
cpuinfo.idle.cpu3 100
cpuinfo.intrpt.cpu3 0
cputotals.systot.cpu3 0
cputotals.usertot.cpu3 0
cpuinfo.user.cpu4 0
cpuinfo.nice.cpu4 0
cpuinfo.sys.cpu4 0
cpuinfo.wait.cpu4 0
cpuinfo.irq.cpu4 0
cpuinfo.soft.cpu4 0
cpuinfo.steal.cpu4 0
cpuinfo.idle.cpu4 100
cpuinfo.intrpt.cpu4 0
cputotals.systot.cpu4 0
cputotals.usertot.cpu4 0
cpuinfo.user.cpu5 0
cpuinfo.nice.cpu5 0
cpuinfo.sys.cpu5 0
cpuinfo.wait.cpu5 0
cpuinfo.irq.cpu5 0
cpuinfo.soft.cpu5 0
cpuinfo.steal.cpu5 0
cpuinfo.idle.cpu5 100
cpuinfo.intrpt.cpu5 0
cputotals.systot.cpu5 0
cputotals.usertot.cpu5 0
cpuinfo.user.cpu6 0
cpuinfo.nice.cpu6 0
cpuinfo.sys.cpu6 0
cpuinfo.wait.cpu6 0
cpuinfo.irq.cpu6 0
cpuinfo.soft.cpu6 0
cpuinfo.steal.cpu6 0
cpuinfo.idle.cpu6 100
cpuinfo.intrpt.cpu6 0
cputotals.systot.cpu6 0
cputotals.usertot.cpu6 0
cpuinfo.user.cpu7 0
cpuinfo.nice.cpu7 0
cpuinfo.sys.cpu7 0
cpuinfo.wait.cpu7 0
cpuinfo.irq.cpu7 0
cpuinfo.soft.cpu7 0
cpuinfo.steal.cpu7 0
cpuinfo.idle.cpu7 100
cpuinfo.intrpt.cpu7 0
cputotals.systot.cpu7 0
cputotals.usertot.cpu7 0
cpuinfo.user.cpu8 100
cpuinfo.nice.cpu8 0
cpuinfo.sys.cpu8 0
cpuinfo.wait.cpu8 0
cpuinfo.irq.cpu8 0
cpuinfo.soft.cpu8 0
cpuinfo.steal.cpu8 0
cpuinfo.idle.cpu8 0
cpuinfo.intrpt.cpu8 0
cputotals.systot.cpu8 0
cputotals.usertot.cpu8 100
cpuinfo.user.cpu9 0
cpuinfo.nice.cpu9 0
cpuinfo.sys.cpu9 0
cpuinfo.wait.cpu9 0
cpuinfo.irq.cpu9 0
cpuinfo.soft.cpu9 0
cpuinfo.steal.cpu9 0
cpuinfo.idle.cpu9 100
cpuinfo.intrpt.cpu9 0
cputotals.systot.cpu9 0
cputotals.usertot.cpu9 0
cpuinfo.user.cpu10 0
cpuinfo.nice.cpu10 0
cpuinfo.sys.cpu10 0
cpuinfo.wait.cpu10 0
cpuinfo.irq.cpu10 0
cpuinfo.soft.cpu10 0
cpuinfo.steal.cpu10 0
cpuinfo.idle.cpu10 100
cpuinfo.intrpt.cpu10 0
cputotals.systot.cpu10 0
cputotals.usertot.cpu10 0
cpuinfo.user.cpu11 0
cpuinfo.nice.cpu11 0
cpuinfo.sys.cpu11 0
cpuinfo.wait.cpu11 0
cpuinfo.irq.cpu11 0
cpuinfo.soft.cpu11 0
cpuinfo.steal.cpu11 0
cpuinfo.idle.cpu11 100
cpuinfo.intrpt.cpu11 0
cputotals.systot.cpu11 0
cputotals.usertot.cpu11 0
cpuinfo.user.cpu12 1
cpuinfo.nice.cpu12 0
cpuinfo.sys.cpu12 2
cpuinfo.wait.cpu12 0
cpuinfo.irq.cpu12 0
cpuinfo.soft.cpu12 0
cpuinfo.steal.cpu12 0
cpuinfo.idle.cpu12 97
cpuinfo.intrpt.cpu12 0
cputotals.systot.cpu12 2
cputotals.usertot.cpu12 1
cpuinfo.user.cpu13 0
cpuinfo.nice.cpu13 0
cpuinfo.sys.cpu13 0
cpuinfo.wait.cpu13 0
cpuinfo.irq.cpu13 0
cpuinfo.soft.cpu13 0
cpuinfo.steal.cpu13 0
cpuinfo.idle.cpu13 100
cpuinfo.intrpt.cpu13 0
cputotals.systot.cpu13 0
cputotals.usertot.cpu13 0
cpuinfo.user.cpu14 0
cpuinfo.nice.cpu14 0
cpuinfo.sys.cpu14 0
cpuinfo.wait.cpu14 0
cpuinfo.irq.cpu14 0
cpuinfo.soft.cpu14 0
cpuinfo.steal.cpu14 0
cpuinfo.idle.cpu14 100
cpuinfo.intrpt.cpu14 0
cputotals.systot.cpu14 0
cputotals.usertot.cpu14 0
cpuinfo.user.cpu15 0
cpuinfo.nice.cpu15 0
cpuinfo.sys.cpu15 0
cpuinfo.wait.cpu15 0
cpuinfo.irq.cpu15 0
cpuinfo.soft.cpu15 0
cpuinfo.steal.cpu15 0
cpuinfo.idle.cpu15 100
cpuinfo.intrpt.cpu15 0
cputotals.systot.cpu15 0
cputotals.usertot.cpu15 0
sample.time 1733967573.001
cputotals.num 16
cputotals.user 6
cputotals.nice 0
cputotals.sys 0
cputotals.wait 0
cputotals.irq 0
cputotals.soft 0
cputotals.steal 0
cputotals.idle 94
cputotals.systot 0
cputotals.usertot 6
cputotals.total 6
ctxint.ctx 191
ctxint.int 1170
proc.creates 0
proc.runq 649
proc.run 1
cpuload.avg1 2.76
cpuload.avg5 4.44
cpuload.avg15 2.70
disktotals.reads 0
disktotals.readkbs 0
disktotals.writes 0
disktotals.writekbs 0
meminfo.tot 32776372
meminfo.used 4989388
meminfo.free 27786984
meminfo.shared 0
meminfo.buf 104384
meminfo.cached 3269304
meminfo.slab 383668
meminfo.map 323136
meminfo.anon 864084
meminfo.anonH 0
meminfo.dirty 1224
meminfo.locked 96
meminfo.inactive 1970232
meminfo.hugetot 0
meminfo.hugefree 0
meminfo.hugersvd 0
meminfo.sunreclaim 236096
swapinfo.total 8388604
swapinfo.free 8388604
swapinfo.used 0
swapinfo.in 0
swapinfo.out 0
pageinfo.fault 2
pageinfo.majfault 0
pageinfo.in 0
pageinfo.out 0
nettotals.kbin 0
nettotals.pktin 0
nettotals.kbout 0
nettotals.pktout 0
cpuinfo.user.cpu0 0
cpuinfo.nice.cpu0 0
cpuinfo.sys.cpu0 0
cpuinfo.wait.cpu0 0
cpuinfo.irq.cpu0 0
cpuinfo.soft.cpu0 0
cpuinfo.steal.cpu0 0
cpuinfo.idle.cpu0 100
cpuinfo.intrpt.cpu0 0
cputotals.systot.cpu0 0
cputotals.usertot.cpu0 0
cpuinfo.user.cpu1 0
cpuinfo.nice.cpu1 0
cpuinfo.sys.cpu1 0
cpuinfo.wait.cpu1 0
cpuinfo.irq.cpu1 0
cpuinfo.soft.cpu1 0
cpuinfo.steal.cpu1 0
cpuinfo.idle.cpu1 100
cpuinfo.intrpt.cpu1 0
cputotals.systot.cpu1 0
cputotals.usertot.cpu1 0
cpuinfo.user.cpu2 0
cpuinfo.nice.cpu2 0
cpuinfo.sys.cpu2 1
cpuinfo.wait.cpu2 0
cpuinfo.irq.cpu2 0
cpuinfo.soft.cpu2 0
cpuinfo.steal.cpu2 0
cpuinfo.idle.cpu2 99
cpuinfo.intrpt.cpu2 0
cputotals.systot.cpu2 1
cputotals.usertot.cpu2 0
cpuinfo.user.cpu3 0
cpuinfo.nice.cpu3 0
cpuinfo.sys.cpu3 0
cpuinfo.wait.cpu3 0
cpuinfo.irq.cpu3 0
cpuinfo.soft.cpu3 0
cpuinfo.steal.cpu3 0
cpuinfo.idle.cpu3 100
cpuinfo.intrpt.cpu3 0
cputotals.systot.cpu3 0
cputotals.usertot.cpu3 0
cpuinfo.user.cpu4 0
cpuinfo.nice.cpu4 0
cpuinfo.sys.cpu4 0
cpuinfo.wait.cpu4 0
cpuinfo.irq.cpu4 0
cpuinfo.soft.cpu4 0
cpuinfo.steal.cpu4 0
cpuinfo.idle.cpu4 100
cpuinfo.intrpt.cpu4 0
cputotals.systot.cpu4 0
cputotals.usertot.cpu4 0
cpuinfo.user.cpu5 0
cpuinfo.nice.cpu5 0
cpuinfo.sys.cpu5 0
cpuinfo.wait.cpu5 0
cpuinfo.irq.cpu5 0
cpuinfo.soft.cpu5 0
cpuinfo.steal.cpu5 0
cpuinfo.idle.cpu5 100
cpuinfo.intrpt.cpu5 0
cputotals.systot.cpu5 0
cputotals.usertot.cpu5 0
cpuinfo.user.cpu6 0
cpuinfo.nice.cpu6 0
cpuinfo.sys.cpu6 0
cpuinfo.wait.cpu6 0
cpuinfo.irq.cpu6 0
cpuinfo.soft.cpu6 0
cpuinfo.steal.cpu6 0
cpuinfo.idle.cpu6 100
cpuinfo.intrpt.cpu6 0
cputotals.systot.cpu6 0
cputotals.usertot.cpu6 0
cpuinfo.user.cpu7 0
cpuinfo.nice.cpu7 0
cpuinfo.sys.cpu7 0
cpuinfo.wait.cpu7 0
cpuinfo.irq.cpu7 0
cpuinfo.soft.cpu7 0
cpuinfo.steal.cpu7 0
cpuinfo.idle.cpu7 100
cpuinfo.intrpt.cpu7 0
cputotals.systot.cpu7 0
cputotals.usertot.cpu7 0
cpuinfo.user.cpu8 100
cpuinfo.nice.cpu8 0
cpuinfo.sys.cpu8 0
cpuinfo.wait.cpu8 0
cpuinfo.irq.cpu8 0
cpuinfo.soft.cpu8 0
cpuinfo.steal.cpu8 0
cpuinfo.idle.cpu8 0
cpuinfo.intrpt.cpu8 0
cputotals.systot.cpu8 0
cputotals.usertot.cpu8 100
cpuinfo.user.cpu9 0
cpuinfo.nice.cpu9 0
cpuinfo.sys.cpu9 0
cpuinfo.wait.cpu9 0
cpuinfo.irq.cpu9 0
cpuinfo.soft.cpu9 0
cpuinfo.steal.cpu9 0
cpuinfo.idle.cpu9 100
cpuinfo.intrpt.cpu9 0
cputotals.systot.cpu9 0
cputotals.usertot.cpu9 0
cpuinfo.user.cpu10 0
cpuinfo.nice.cpu10 0
cpuinfo.sys.cpu10 0
cpuinfo.wait.cpu10 0
cpuinfo.irq.cpu10 0
cpuinfo.soft.cpu10 0
cpuinfo.steal.cpu10 0
cpuinfo.idle.cpu10 100
cpuinfo.intrpt.cpu10 0
cputotals.systot.cpu10 0
cputotals.usertot.cpu10 0
cpuinfo.user.cpu11 0
cpuinfo.nice.cpu11 0
cpuinfo.sys.cpu11 0
cpuinfo.wait.cpu11 0
cpuinfo.irq.cpu11 0
cpuinfo.soft.cpu11 0
cpuinfo.steal.cpu11 0
cpuinfo.idle.cpu11 100
cpuinfo.intrpt.cpu11 0
cputotals.systot.cpu11 0
cputotals.usertot.cpu11 0
cpuinfo.user.cpu12 0
cpuinfo.nice.cpu12 0
cpuinfo.sys.cpu12 0
cpuinfo.wait.cpu12 0
cpuinfo.irq.cpu12 0
cpuinfo.soft.cpu12 0
cpuinfo.steal.cpu12 0
cpuinfo.idle.cpu12 100
cpuinfo.intrpt.cpu12 0
cputotals.systot.cpu12 0
cputotals.usertot.cpu12 0
cpuinfo.user.cpu13 1
cpuinfo.nice.cpu13 0
cpuinfo.sys.cpu13 0
cpuinfo.wait.cpu13 0
cpuinfo.irq.cpu13 0
cpuinfo.soft.cpu13 0
cpuinfo.steal.cpu13 0
cpuinfo.idle.cpu13 99
cpuinfo.intrpt.cpu13 0
cputotals.systot.cpu13 0
cputotals.usertot.cpu13 1
cpuinfo.user.cpu14 0
cpuinfo.nice.cpu14 0
cpuinfo.sys.cpu14 0
cpuinfo.wait.cpu14 0
cpuinfo.irq.cpu14 0
cpuinfo.soft.cpu14 0
cpuinfo.steal.cpu14 0
cpuinfo.idle.cpu14 100
cpuinfo.intrpt.cpu14 0
cputotals.systot.cpu14 0
cputotals.usertot.cpu14 0
cpuinfo.user.cpu15 0
cpuinfo.nice.cpu15 0
cpuinfo.sys.cpu15 0
cpuinfo.wait.cpu15 0
cpuinfo.irq.cpu15 0
cpuinfo.soft.cpu15 0
cpuinfo.steal.cpu15 0
cpuinfo.idle.cpu15 100
cpuinfo.intrpt.cpu15 0
cputotals.systot.cpu15 0
cputotals.usertot.cpu15 0
sample.time 1733967574.001
cputotals.num 16
cputotals.user 6
cputotals.nice 0
cputotals.sys 0
cputotals.wait 0
cputotals.irq 0
cputotals.soft 0
cputotals.steal 0
cputotals.idle 94
cputotals.systot 0
cputotals.usertot 6
cputotals.total 6
ctxint.ctx 251
ctxint.int 1215
proc.creates 0
proc.runq 649
proc.run 1
cpuload.avg1 2.76
cpuload.avg5 4.44
cpuload.avg15 2.70
disktotals.reads 0
disktotals.readkbs 0
disktotals.writes 9
disktotals.writekbs 788
meminfo.tot 32776372
meminfo.used 4989388
meminfo.free 27786984
meminfo.shared 0
meminfo.buf 104384
meminfo.cached 3269308
meminfo.slab 383668
meminfo.map 323136
meminfo.anon 864092
meminfo.anonH 0
meminfo.dirty 440
meminfo.locked 96
meminfo.inactive 1970240
meminfo.hugetot 0
meminfo.hugefree 0
meminfo.hugersvd 0
meminfo.sunreclaim 236096
swapinfo.total 8388604
swapinfo.free 8388604
swapinfo.used 0
swapinfo.in 0
swapinfo.out 0
pageinfo.fault 0
pageinfo.majfault 0
pageinfo.in 0
pageinfo.out 788
nettotals.kbin 0
nettotals.pktin 0
nettotals.kbout 0
nettotals.pktout 0
cpuinfo.user.cpu0 0
cpuinfo.nice.cpu0 0
cpuinfo.sys.cpu0 0
cpuinfo.wait.cpu0 0
cpuinfo.irq.cpu0 0
cpuinfo.soft.cpu0 0
cpuinfo.steal.cpu0 0
cpuinfo.idle.cpu0 100
cpuinfo.intrpt.cpu0 0
cputotals.systot.cpu0 0
cputotals.usertot.cpu0 0
cpuinfo.user.cpu1 0
cpuinfo.nice.cpu1 0
cpuinfo.sys.cpu1 0
cpuinfo.wait.cpu1 1
cpuinfo.irq.cpu1 0
cpuinfo.soft.cpu1 0
cpuinfo.steal.cpu1 0
cpuinfo.idle.cpu1 99
cpuinfo.intrpt.cpu1 0
cputotals.systot.cpu1 0
cputotals.usertot.cpu1 0
cpuinfo.user.cpu2 0
cpuinfo.nice.cpu2 0
cpuinfo.sys.cpu2 0
cpuinfo.wait.cpu2 0
cpuinfo.irq.cpu2 0
cpuinfo.soft.cpu2 0
cpuinfo.steal.cpu2 0
cpuinfo.idle.cpu2 100
cpuinfo.intrpt.cpu2 0
cputotals.systot.cpu2 0
cputotals.usertot.cpu2 0
cpuinfo.user.cpu3 0
cpuinfo.nice.cpu3 0
cpuinfo.sys.cpu3 0
cpuinfo.wait.cpu3 0
cpuinfo.irq.cpu3 0
cpuinfo.soft.cpu3 0
cpuinfo.steal.cpu3 0
cpuinfo.idle.cpu3 100
cpuinfo.intrpt.cpu3 0
cputotals.systot.cpu3 0
cputotals.usertot.cpu3 0
cpuinfo.user.cpu4 0
cpuinfo.nice.cpu4 0
cpuinfo.sys.cpu4 0
cpuinfo.wait.cpu4 0
cpuinfo.irq.cpu4 0
cpuinfo.soft.cpu4 0
cpuinfo.steal.cpu4 0
cpuinfo.idle.cpu4 100
cpuinfo.intrpt.cpu4 0
cputotals.systot.cpu4 0
cputotals.usertot.cpu4 0
cpuinfo.user.cpu5 0
cpuinfo.nice.cpu5 0
cpuinfo.sys.cpu5 0
cpuinfo.wait.cpu5 0
cpuinfo.irq.cpu5 0
cpuinfo.soft.cpu5 0
cpuinfo.steal.cpu5 0
cpuinfo.idle.cpu5 100
cpuinfo.intrpt.cpu5 0
cputotals.systot.cpu5 0
cputotals.usertot.cpu5 0
cpuinfo.user.cpu6 0
cpuinfo.nice.cpu6 0
cpuinfo.sys.cpu6 0
cpuinfo.wait.cpu6 0
cpuinfo.irq.cpu6 0
cpuinfo.soft.cpu6 0
cpuinfo.steal.cpu6 0
cpuinfo.idle.cpu6 100
cpuinfo.intrpt.cpu6 0
cputotals.systot.cpu6 0
cputotals.usertot.cpu6 0
cpuinfo.user.cpu7 0
cpuinfo.nice.cpu7 0
cpuinfo.sys.cpu7 0
cpuinfo.wait.cpu7 0
cpuinfo.irq.cpu7 0
cpuinfo.soft.cpu7 0
cpuinfo.steal.cpu7 0
cpuinfo.idle.cpu7 100
cpuinfo.intrpt.cpu7 0
cputotals.systot.cpu7 0
cputotals.usertot.cpu7 0
cpuinfo.user.cpu8 100
cpuinfo.nice.cpu8 0
cpuinfo.sys.cpu8 0
cpuinfo.wait.cpu8 0
cpuinfo.irq.cpu8 0
cpuinfo.soft.cpu8 0
cpuinfo.steal.cpu8 0
cpuinfo.idle.cpu8 0
cpuinfo.intrpt.cpu8 0
cputotals.systot.cpu8 0
cputotals.usertot.cpu8 100
cpuinfo.user.cpu9 0
cpuinfo.nice.cpu9 0
cpuinfo.sys.cpu9 0
cpuinfo.wait.cpu9 0
cpuinfo.irq.cpu9 0
cpuinfo.soft.cpu9 0
cpuinfo.steal.cpu9 0
cpuinfo.idle.cpu9 100
cpuinfo.intrpt.cpu9 0
cputotals.systot.cpu9 0
cputotals.usertot.cpu9 0
cpuinfo.user.cpu10 0
cpuinfo.nice.cpu10 0
cpuinfo.sys.cpu10 0
cpuinfo.wait.cpu10 0
cpuinfo.irq.cpu10 0
cpuinfo.soft.cpu10 0
cpuinfo.steal.cpu10 0
cpuinfo.idle.cpu10 100
cpuinfo.intrpt.cpu10 0
cputotals.systot.cpu10 0
cputotals.usertot.cpu10 0
cpuinfo.user.cpu11 0
cpuinfo.nice.cpu11 0
cpuinfo.sys.cpu11 0
cpuinfo.wait.cpu11 0
cpuinfo.irq.cpu11 0
cpuinfo.soft.cpu11 0
cpuinfo.steal.cpu11 0
cpuinfo.idle.cpu11 100
cpuinfo.intrpt.cpu11 0
cputotals.systot.cpu11 0
cputotals.usertot.cpu11 0
cpuinfo.user.cpu12 0
cpuinfo.nice.cpu12 0
cpuinfo.sys.cpu12 0
cpuinfo.wait.cpu12 0
cpuinfo.irq.cpu12 0
cpuinfo.soft.cpu12 0
cpuinfo.steal.cpu12 0
cpuinfo.idle.cpu12 100
cpuinfo.intrpt.cpu12 0
cputotals.systot.cpu12 0
cputotals.usertot.cpu12 0
cpuinfo.user.cpu13 0
cpuinfo.nice.cpu13 0
cpuinfo.sys.cpu13 0
cpuinfo.wait.cpu13 0
cpuinfo.irq.cpu13 0
cpuinfo.soft.cpu13 0
cpuinfo.steal.cpu13 0
cpuinfo.idle.cpu13 100
cpuinfo.intrpt.cpu13 0
cputotals.systot.cpu13 0
cputotals.usertot.cpu13 0
cpuinfo.user.cpu14 1
cpuinfo.nice.cpu14 0
cpuinfo.sys.cpu14 0
cpuinfo.wait.cpu14 0
cpuinfo.irq.cpu14 0
cpuinfo.soft.cpu14 0
cpuinfo.steal.cpu14 0
cpuinfo.idle.cpu14 99
cpuinfo.intrpt.cpu14 0
cputotals.systot.cpu14 0
cputotals.usertot.cpu14 1
cpuinfo.user.cpu15 0
cpuinfo.nice.cpu15 0
cpuinfo.sys.cpu15 0
cpuinfo.wait.cpu15 0
cpuinfo.irq.cpu15 0
cpuinfo.soft.cpu15 0
cpuinfo.steal.cpu15 0
cpuinfo.idle.cpu15 100
cpuinfo.intrpt.cpu15 0
cputotals.systot.cpu15 0
cputotals.usertot.cpu15 0
sample.time 1733967575.001
cputotals.num 16
cputotals.user 6
cputotals.nice 0
cputotals.sys 0
cputotals.wait 0
cputotals.irq 0
cputotals.soft 0
cputotals.steal 0
cputotals.idle 94
cputotals.systot 0
cputotals.usertot 6
cputotals.total 6
ctxint.ctx 232
ctxint.int 1566
proc.creates 0
proc.runq 649
proc.run 2
cpuload.avg1 2.62
cpuload.avg5 4.38
cpuload.avg15 2.69
disktotals.reads 0
disktotals.readkbs 0
disktotals.writes 53
disktotals.writekbs 272
meminfo.tot 32776372
meminfo.used 4989388
meminfo.free 27786984
meminfo.shared 0
meminfo.buf 104384
meminfo.cached 3269308
meminfo.slab 383668
meminfo.map 323136
meminfo.anon 864092
meminfo.anonH 0
meminfo.dirty 440
meminfo.locked 96
meminfo.inactive 1970240
meminfo.hugetot 0
meminfo.hugefree 0
meminfo.hugersvd 0
meminfo.sunreclaim 236096
swapinfo.total 8388604
swapinfo.free 8388604
swapinfo.used 0
swapinfo.in 0
swapinfo.out 0
pageinfo.fault 0
pageinfo.majfault 0
pageinfo.in 0
pageinfo.out 272
nettotals.kbin 0
nettotals.pktin 0
nettotals.kbout 0
nettotals.pktout 0
cpuinfo.user.cpu0 49
cpuinfo.nice.cpu0 0
cpuinfo.sys.cpu0 0
cpuinfo.wait.cpu0 0
cpuinfo.irq.cpu0 0
cpuinfo.soft.cpu0 0
cpuinfo.steal.cpu0 0
cpuinfo.idle.cpu0 51
cpuinfo.intrpt.cpu0 0
cputotals.systot.cpu0 0
cputotals.usertot.cpu0 49
cpuinfo.user.cpu1 0
cpuinfo.nice.cpu1 0
cpuinfo.sys.cpu1 0
cpuinfo.wait.cpu1 0
cpuinfo.irq.cpu1 0
cpuinfo.soft.cpu1 0
cpuinfo.steal.cpu1 0
cpuinfo.idle.cpu1 100
cpuinfo.intrpt.cpu1 0
cputotals.systot.cpu1 0
cputotals.usertot.cpu1 0
cpuinfo.user.cpu2 0
cpuinfo.nice.cpu2 0
cpuinfo.sys.cpu2 0
cpuinfo.wait.cpu2 0
cpuinfo.irq.cpu2 0
cpuinfo.soft.cpu2 0
cpuinfo.steal.cpu2 0
cpuinfo.idle.cpu2 100
cpuinfo.intrpt.cpu2 0
cputotals.systot.cpu2 0
cputotals.usertot.cpu2 0
cpuinfo.user.cpu3 0
cpuinfo.nice.cpu3 0
cpuinfo.sys.cpu3 0
cpuinfo.wait.cpu3 0
cpuinfo.irq.cpu3 0
cpuinfo.soft.cpu3 0
cpuinfo.steal.cpu3 0
cpuinfo.idle.cpu3 100
cpuinfo.intrpt.cpu3 0
cputotals.systot.cpu3 0
cputotals.usertot.cpu3 0
cpuinfo.user.cpu4 0
cpuinfo.nice.cpu4 0
cpuinfo.sys.cpu4 0
cpuinfo.wait.cpu4 0
cpuinfo.irq.cpu4 0
cpuinfo.soft.cpu4 0
cpuinfo.steal.cpu4 0
cpuinfo.idle.cpu4 100
cpuinfo.intrpt.cpu4 0
cputotals.systot.cpu4 0
cputotals.usertot.cpu4 0
cpuinfo.user.cpu5 0
cpuinfo.nice.cpu5 0
cpuinfo.sys.cpu5 0
cpuinfo.wait.cpu5 0
cpuinfo.irq.cpu5 0
cpuinfo.soft.cpu5 0
cpuinfo.steal.cpu5 0
cpuinfo.idle.cpu5 100
cpuinfo.intrpt.cpu5 0
cputotals.systot.cpu5 0
cputotals.usertot.cpu5 0
cpuinfo.user.cpu6 0
cpuinfo.nice.cpu6 0
cpuinfo.sys.cpu6 0
cpuinfo.wait.cpu6 0
cpuinfo.irq.cpu6 0
cpuinfo.soft.cpu6 0
cpuinfo.steal.cpu6 0
cpuinfo.idle.cpu6 100
cpuinfo.intrpt.cpu6 0
cputotals.systot.cpu6 0
cputotals.usertot.cpu6 0
cpuinfo.user.cpu7 0
cpuinfo.nice.cpu7 0
cpuinfo.sys.cpu7 1
cpuinfo.wait.cpu7 0
cpuinfo.irq.cpu7 0
cpuinfo.soft.cpu7 0
cpuinfo.steal.cpu7 0
cpuinfo.idle.cpu7 99
cpuinfo.intrpt.cpu7 0
cputotals.systot.cpu7 1
cputotals.usertot.cpu7 0
cpuinfo.user.cpu8 51
cpuinfo.nice.cpu8 0
cpuinfo.sys.cpu8 0
cpuinfo.wait.cpu8 0
cpuinfo.irq.cpu8 0
cpuinfo.soft.cpu8 0
cpuinfo.steal.cpu8 0
cpuinfo.idle.cpu8 49
cpuinfo.intrpt.cpu8 0
cputotals.systot.cpu8 0
cputotals.usertot.cpu8 51
cpuinfo.user.cpu9 0
cpuinfo.nice.cpu9 0
cpuinfo.sys.cpu9 0
cpuinfo.wait.cpu9 0
cpuinfo.irq.cpu9 0
cpuinfo.soft.cpu9 0
cpuinfo.steal.cpu9 0
cpuinfo.idle.cpu9 100
cpuinfo.intrpt.cpu9 0
cputotals.systot.cpu9 0
cputotals.usertot.cpu9 0
cpuinfo.user.cpu10 0
cpuinfo.nice.cpu10 0
cpuinfo.sys.cpu10 0
cpuinfo.wait.cpu10 0
cpuinfo.irq.cpu10 0
cpuinfo.soft.cpu10 0
cpuinfo.steal.cpu10 0
cpuinfo.idle.cpu10 100
cpuinfo.intrpt.cpu10 0
cputotals.systot.cpu10 0
cputotals.usertot.cpu10 0
cpuinfo.user.cpu11 0
cpuinfo.nice.cpu11 0
cpuinfo.sys.cpu11 0
cpuinfo.wait.cpu11 0
cpuinfo.irq.cpu11 0
cpuinfo.soft.cpu11 0
cpuinfo.steal.cpu11 0
cpuinfo.idle.cpu11 100
cpuinfo.intrpt.cpu11 0
cputotals.systot.cpu11 0
cputotals.usertot.cpu11 0
cpuinfo.user.cpu12 0
cpuinfo.nice.cpu12 0
cpuinfo.sys.cpu12 0
cpuinfo.wait.cpu12 0
cpuinfo.irq.cpu12 0
cpuinfo.soft.cpu12 0
cpuinfo.steal.cpu12 0
cpuinfo.idle.cpu12 100
cpuinfo.intrpt.cpu12 0
cputotals.systot.cpu12 0
cputotals.usertot.cpu12 0
cpuinfo.user.cpu13 0
cpuinfo.nice.cpu13 0
cpuinfo.sys.cpu13 0
cpuinfo.wait.cpu13 0
cpuinfo.irq.cpu13 0
cpuinfo.soft.cpu13 0
cpuinfo.steal.cpu13 0
cpuinfo.idle.cpu13 100
cpuinfo.intrpt.cpu13 0
cputotals.systot.cpu13 0
cputotals.usertot.cpu13 0
cpuinfo.user.cpu14 0
cpuinfo.nice.cpu14 0
cpuinfo.sys.cpu14 0
cpuinfo.wait.cpu14 0
cpuinfo.irq.cpu14 0
cpuinfo.soft.cpu14 0
cpuinfo.steal.cpu14 0
cpuinfo.idle.cpu14 100
cpuinfo.intrpt.cpu14 0
cputotals.systot.cpu14 0
cputotals.usertot.cpu14 0
cpuinfo.user.cpu15 0
cpuinfo.nice.cpu15 0
cpuinfo.sys.cpu15 0
cpuinfo.wait.cpu15 0
cpuinfo.irq.cpu15 0
cpuinfo.soft.cpu15 0
cpuinfo.steal.cpu15 0
cpuinfo.idle.cpu15 100
cpuinfo.intrpt.cpu15 0
cputotals.systot.cpu15 0
cputotals.usertot.cpu15 0
sample.time 1733967576.001
cputotals.num 16
cputotals.user 6
cputotals.nice 0
cputotals.sys 0
cputotals.wait 0
cputotals.irq 0
cputotals.soft 0
cputotals.steal 0
cputotals.idle 94
cputotals.systot 0
cputotals.usertot 6
cputotals.total 6
ctxint.ctx 212
ctxint.int 1431
proc.creates 0
proc.runq 649
proc.run 1
cpuload.avg1 2.62
cpuload.avg5 4.38
cpuload.avg15 2.69
disktotals.reads 0
disktotals.readkbs 0
disktotals.writes 0
disktotals.writekbs 0
meminfo.tot 32776372
meminfo.used 4989388
meminfo.free 27786984
meminfo.shared 0
meminfo.buf 104384
meminfo.cached 3269316
meminfo.slab 383664
meminfo.map 323136
meminfo.anon 864092
meminfo.anonH 0
meminfo.dirty 180
meminfo.locked 96
meminfo.inactive 1970280
meminfo.hugetot 0
meminfo.hugefree 0
meminfo.hugersvd 0
meminfo.sunreclaim 236092
swapinfo.total 8388604
swapinfo.free 8388604
swapinfo.used 0
swapinfo.in 0
swapinfo.out 0
pageinfo.fault 0
pageinfo.majfault 0
pageinfo.in 0
pageinfo.out 0
nettotals.kbin 0
nettotals.pktin 0
nettotals.kbout 0
nettotals.pktout 0
cpuinfo.user.cpu0 49
cpuinfo.nice.cpu0 0
cpuinfo.sys.cpu0 0
cpuinfo.wait.cpu0 0
cpuinfo.irq.cpu0 0
cpuinfo.soft.cpu0 0
cpuinfo.steal.cpu0 0
cpuinfo.idle.cpu0 51
cpuinfo.intrpt.cpu0 0
cputotals.systot.cpu0 0
cputotals.usertot.cpu0 49
cpuinfo.user.cpu1 0
cpuinfo.nice.cpu1 0
cpuinfo.sys.cpu1 0
cpuinfo.wait.cpu1 0
cpuinfo.irq.cpu1 0
cpuinfo.soft.cpu1 0
cpuinfo.steal.cpu1 0
cpuinfo.idle.cpu1 100
cpuinfo.intrpt.cpu1 0
cputotals.systot.cpu1 0
cputotals.usertot.cpu1 0
cpuinfo.user.cpu2 0
cpuinfo.nice.cpu2 0
cpuinfo.sys.cpu2 0
cpuinfo.wait.cpu2 0
cpuinfo.irq.cpu2 0
cpuinfo.soft.cpu2 0
cpuinfo.steal.cpu2 0
cpuinfo.idle.cpu2 100
cpuinfo.intrpt.cpu2 0
cputotals.systot.cpu2 0
cputotals.usertot.cpu2 0
cpuinfo.user.cpu3 0
cpuinfo.nice.cpu3 0
cpuinfo.sys.cpu3 0
cpuinfo.wait.cpu3 0
cpuinfo.irq.cpu3 0
cpuinfo.soft.cpu3 0
cpuinfo.steal.cpu3 0
cpuinfo.idle.cpu3 100
cpuinfo.intrpt.cpu3 0
cputotals.systot.cpu3 0
cputotals.usertot.cpu3 0
cpuinfo.user.cpu4 0
cpuinfo.nice.cpu4 0
cpuinfo.sys.cpu4 0
cpuinfo.wait.cpu4 0
cpuinfo.irq.cpu4 0
cpuinfo.soft.cpu4 0
cpuinfo.steal.cpu4 0
cpuinfo.idle.cpu4 100
cpuinfo.intrpt.cpu4 0
cputotals.systot.cpu4 0
cputotals.usertot.cpu4 0
cpuinfo.user.cpu5 0
cpuinfo.nice.cpu5 0
cpuinfo.sys.cpu5 0
cpuinfo.wait.cpu5 0
cpuinfo.irq.cpu5 0
cpuinfo.soft.cpu5 0
cpuinfo.steal.cpu5 0
cpuinfo.idle.cpu5 100
cpuinfo.intrpt.cpu5 0
cputotals.systot.cpu5 0
cputotals.usertot.cpu5 0
cpuinfo.user.cpu6 0
cpuinfo.nice.cpu6 0
cpuinfo.sys.cpu6 0
cpuinfo.wait.cpu6 0
cpuinfo.irq.cpu6 0
cpuinfo.soft.cpu6 0
cpuinfo.steal.cpu6 0
cpuinfo.idle.cpu6 100
cpuinfo.intrpt.cpu6 0
cputotals.systot.cpu6 0
cputotals.usertot.cpu6 0
cpuinfo.user.cpu7 0
cpuinfo.nice.cpu7 0
cpuinfo.sys.cpu7 0
cpuinfo.wait.cpu7 0
cpuinfo.irq.cpu7 0
cpuinfo.soft.cpu7 0
cpuinfo.steal.cpu7 0
cpuinfo.idle.cpu7 100
cpuinfo.intrpt.cpu7 0
cputotals.systot.cpu7 0
cputotals.usertot.cpu7 0
cpuinfo.user.cpu8 52
cpuinfo.nice.cpu8 0
cpuinfo.sys.cpu8 0
cpuinfo.wait.cpu8 0
cpuinfo.irq.cpu8 0
cpuinfo.soft.cpu8 0
cpuinfo.steal.cpu8 0
cpuinfo.idle.cpu8 48
cpuinfo.intrpt.cpu8 0
cputotals.systot.cpu8 0
cputotals.usertot.cpu8 52
cpuinfo.user.cpu9 0
cpuinfo.nice.cpu9 0
cpuinfo.sys.cpu9 0
cpuinfo.wait.cpu9 0
cpuinfo.irq.cpu9 0
cpuinfo.soft.cpu9 0
cpuinfo.steal.cpu9 0
cpuinfo.idle.cpu9 100
cpuinfo.intrpt.cpu9 0
cputotals.systot.cpu9 0
cputotals.usertot.cpu9 0
cpuinfo.user.cpu10 0
cpuinfo.nice.cpu10 0
cpuinfo.sys.cpu10 0
cpuinfo.wait.cpu10 0
cpuinfo.irq.cpu10 0
cpuinfo.soft.cpu10 0
cpuinfo.steal.cpu10 0
cpuinfo.idle.cpu10 100
cpuinfo.intrpt.cpu10 0
cputotals.systot.cpu10 0
cputotals.usertot.cpu10 0
cpuinfo.user.cpu11 0
cpuinfo.nice.cpu11 0
cpuinfo.sys.cpu11 0
cpuinfo.wait.cpu11 0
cpuinfo.irq.cpu11 0
cpuinfo.soft.cpu11 0
cpuinfo.steal.cpu11 0
cpuinfo.idle.cpu11 100
cpuinfo.intrpt.cpu11 0
cputotals.systot.cpu11 0
cputotals.usertot.cpu11 0
cpuinfo.user.cpu12 0
cpuinfo.nice.cpu12 0
cpuinfo.sys.cpu12 0
cpuinfo.wait.cpu12 0
cpuinfo.irq.cpu12 0
cpuinfo.soft.cpu12 0
cpuinfo.steal.cpu12 0
cpuinfo.idle.cpu12 100
cpuinfo.intrpt.cpu12 0
cputotals.systot.cpu12 0
cputotals.usertot.cpu12 0
cpuinfo.user.cpu13 0
cpuinfo.nice.cpu13 0
cpuinfo.sys.cpu13 0
cpuinfo.wait.cpu13 0
cpuinfo.irq.cpu13 0
cpuinfo.soft.cpu13 0
cpuinfo.steal.cpu13 0
cpuinfo.idle.cpu13 100
cpuinfo.intrpt.cpu13 0
cputotals.systot.cpu13 0
cputotals.usertot.cpu13 0
cpuinfo.user.cpu14 0
cpuinfo.nice.cpu14 0
cpuinfo.sys.cpu14 0
cpuinfo.wait.cpu14 0
cpuinfo.irq.cpu14 0
cpuinfo.soft.cpu14 0
cpuinfo.steal.cpu14 0
cpuinfo.idle.cpu14 100
cpuinfo.intrpt.cpu14 0
cputotals.systot.cpu14 0
cputotals.usertot.cpu14 0
cpuinfo.user.cpu15 0
cpuinfo.nice.cpu15 0
cpuinfo.sys.cpu15 0
cpuinfo.wait.cpu15 0
cpuinfo.irq.cpu15 0
cpuinfo.soft.cpu15 0
cpuinfo.steal.cpu15 0
cpuinfo.idle.cpu15 100
cpuinfo.intrpt.cpu15 0
cputotals.systot.cpu15 0
cputotals.usertot.cpu15 0
sample.time 1733967577.001
cputotals.num 16
cputotals.user 6
cputotals.nice 0
cputotals.sys 0
cputotals.wait 0
cputotals.irq 0
cputotals.soft 0
cputotals.steal 0
cputotals.idle 94
cputotals.systot 0
cputotals.usertot 6
cputotals.total 6
ctxint.ctx 186
ctxint.int 1703
proc.creates 0
proc.runq 649
proc.run 1
cpuload.avg1 2.62
cpuload.avg5 4.38
cpuload.avg15 2.69
disktotals.reads 0
disktotals.readkbs 0
disktotals.writes 4
disktotals.writekbs 72
meminfo.tot 32776372
meminfo.used 4989388
meminfo.free 27786984
meminfo.shared 0
meminfo.buf 104392
meminfo.cached 3269324
meminfo.slab 383664
meminfo.map 323136
meminfo.anon 864092
meminfo.anonH 0
meminfo.dirty 200
meminfo.locked 96
meminfo.inactive 1970280
meminfo.hugetot 0
meminfo.hugefree 0
meminfo.hugersvd 0
meminfo.sunreclaim 236092
swapinfo.total 8388604
swapinfo.free 8388604
swapinfo.used 0
swapinfo.in 0
swapinfo.out 0
pageinfo.fault 2
pageinfo.majfault 0
pageinfo.in 0
pageinfo.out 72
nettotals.kbin 0
nettotals.pktin 0
nettotals.kbout 0
nettotals.pktout 0
cpuinfo.user.cpu0 100
cpuinfo.nice.cpu0 0
cpuinfo.sys.cpu0 0
cpuinfo.wait.cpu0 0
cpuinfo.irq.cpu0 0
cpuinfo.soft.cpu0 0
cpuinfo.steal.cpu0 0
cpuinfo.idle.cpu0 0
cpuinfo.intrpt.cpu0 0
cputotals.systot.cpu0 0
cputotals.usertot.cpu0 100
cpuinfo.user.cpu1 0
cpuinfo.nice.cpu1 0
cpuinfo.sys.cpu1 0
cpuinfo.wait.cpu1 0
cpuinfo.irq.cpu1 0
cpuinfo.soft.cpu1 0
cpuinfo.steal.cpu1 0
cpuinfo.idle.cpu1 100
cpuinfo.intrpt.cpu1 0
cputotals.systot.cpu1 0
cputotals.usertot.cpu1 0
cpuinfo.user.cpu2 0
cpuinfo.nice.cpu2 0
cpuinfo.sys.cpu2 0
cpuinfo.wait.cpu2 0
cpuinfo.irq.cpu2 0
cpuinfo.soft.cpu2 0
cpuinfo.steal.cpu2 0
cpuinfo.idle.cpu2 100
cpuinfo.intrpt.cpu2 0
cputotals.systot.cpu2 0
cputotals.usertot.cpu2 0
cpuinfo.user.cpu3 0
cpuinfo.nice.cpu3 0
cpuinfo.sys.cpu3 0
cpuinfo.wait.cpu3 0
cpuinfo.irq.cpu3 0
cpuinfo.soft.cpu3 0
cpuinfo.steal.cpu3 0
cpuinfo.idle.cpu3 100
cpuinfo.intrpt.cpu3 0
cputotals.systot.cpu3 0
cputotals.usertot.cpu3 0
cpuinfo.user.cpu4 0
cpuinfo.nice.cpu4 0
cpuinfo.sys.cpu4 0
cpuinfo.wait.cpu4 0
cpuinfo.irq.cpu4 0
cpuinfo.soft.cpu4 0
cpuinfo.steal.cpu4 0
cpuinfo.idle.cpu4 100
cpuinfo.intrpt.cpu4 0
cputotals.systot.cpu4 0
cputotals.usertot.cpu4 0
cpuinfo.user.cpu5 0
cpuinfo.nice.cpu5 0
cpuinfo.sys.cpu5 0
cpuinfo.wait.cpu5 0
cpuinfo.irq.cpu5 0
cpuinfo.soft.cpu5 0
cpuinfo.steal.cpu5 0
cpuinfo.idle.cpu5 100
cpuinfo.intrpt.cpu5 0
cputotals.systot.cpu5 0
cputotals.usertot.cpu5 0
cpuinfo.user.cpu6 0
cpuinfo.nice.cpu6 0
cpuinfo.sys.cpu6 0
cpuinfo.wait.cpu6 0
cpuinfo.irq.cpu6 0
cpuinfo.soft.cpu6 0
cpuinfo.steal.cpu6 0
cpuinfo.idle.cpu6 100
cpuinfo.intrpt.cpu6 0
cputotals.systot.cpu6 0
cputotals.usertot.cpu6 0
cpuinfo.user.cpu7 0
cpuinfo.nice.cpu7 0
cpuinfo.sys.cpu7 0
cpuinfo.wait.cpu7 0
cpuinfo.irq.cpu7 0
cpuinfo.soft.cpu7 0
cpuinfo.steal.cpu7 0
cpuinfo.idle.cpu7 100
cpuinfo.intrpt.cpu7 0
cputotals.systot.cpu7 0
cputotals.usertot.cpu7 0
cpuinfo.user.cpu8 0
cpuinfo.nice.cpu8 0
cpuinfo.sys.cpu8 0
cpuinfo.wait.cpu8 0
cpuinfo.irq.cpu8 0
cpuinfo.soft.cpu8 0
cpuinfo.steal.cpu8 0
cpuinfo.idle.cpu8 100
cpuinfo.intrpt.cpu8 0
cputotals.systot.cpu8 0
cputotals.usertot.cpu8 0
cpuinfo.user.cpu9 0
cpuinfo.nice.cpu9 0
cpuinfo.sys.cpu9 0
cpuinfo.wait.cpu9 0
cpuinfo.irq.cpu9 0
cpuinfo.soft.cpu9 0
cpuinfo.steal.cpu9 0
cpuinfo.idle.cpu9 100
cpuinfo.intrpt.cpu9 0
cputotals.systot.cpu9 0
cputotals.usertot.cpu9 0
cpuinfo.user.cpu10 0
cpuinfo.nice.cpu10 0
cpuinfo.sys.cpu10 0
cpuinfo.wait.cpu10 0
cpuinfo.irq.cpu10 0
cpuinfo.soft.cpu10 0
cpuinfo.steal.cpu10 0
cpuinfo.idle.cpu10 100
cpuinfo.intrpt.cpu10 0
cputotals.systot.cpu10 0
cputotals.usertot.cpu10 0
cpuinfo.user.cpu11 0
cpuinfo.nice.cpu11 0
cpuinfo.sys.cpu11 1
cpuinfo.wait.cpu11 0
cpuinfo.irq.cpu11 0
cpuinfo.soft.cpu11 0
cpuinfo.steal.cpu11 0
cpuinfo.idle.cpu11 99
cpuinfo.intrpt.cpu11 0
cputotals.systot.cpu11 1
cputotals.usertot.cpu11 0
cpuinfo.user.cpu12 0
cpuinfo.nice.cpu12 0
cpuinfo.sys.cpu12 0
cpuinfo.wait.cpu12 0
cpuinfo.irq.cpu12 0
cpuinfo.soft.cpu12 0
cpuinfo.steal.cpu12 0
cpuinfo.idle.cpu12 100
cpuinfo.intrpt.cpu12 0
cputotals.systot.cpu12 0
cputotals.usertot.cpu12 0
cpuinfo.user.cpu13 0
cpuinfo.nice.cpu13 0
cpuinfo.sys.cpu13 0
cpuinfo.wait.cpu13 0
cpuinfo.irq.cpu13 0
cpuinfo.soft.cpu13 0
cpuinfo.steal.cpu13 0
cpuinfo.idle.cpu13 100
cpuinfo.intrpt.cpu13 0
cputotals.systot.cpu13 0
cputotals.usertot.cpu13 0
cpuinfo.user.cpu14 0
cpuinfo.nice.cpu14 0
cpuinfo.sys.cpu14 0
cpuinfo.wait.cpu14 0
cpuinfo.irq.cpu14 0
cpuinfo.soft.cpu14 0
cpuinfo.steal.cpu14 0
cpuinfo.idle.cpu14 100
cpuinfo.intrpt.cpu14 0
cputotals.systot.cpu14 0
cputotals.usertot.cpu14 0
cpuinfo.user.cpu15 0
cpuinfo.nice.cpu15 0
cpuinfo.sys.cpu15 0
cpuinfo.wait.cpu15 0
cpuinfo.irq.cpu15 0
cpuinfo.soft.cpu15 0
cpuinfo.steal.cpu15 0
cpuinfo.idle.cpu15 100
cpuinfo.intrpt.cpu15 0
cputotals.systot.cpu15 0
cputotals.usertot.cpu15 0
sample.time 1733967578.001
cputotals.num 16
cputotals.user 6
cputotals.nice 0
cputotals.sys 0
cputotals.wait 0
cputotals.irq 0
cputotals.soft 0
cputotals.steal 0
cputotals.idle 94
cputotals.systot 0
cputotals.usertot 6
cputotals.total 6
ctxint.ctx 193
ctxint.int 1430
proc.creates 0
proc.runq 649
proc.run 1
cpuload.avg1 2.62
cpuload.avg5 4.38
cpuload.avg15 2.69
disktotals.reads 0
disktotals.readkbs 0
disktotals.writes 0
disktotals.writekbs 0
meminfo.tot 32776372
meminfo.used 4989388
meminfo.free 27786984
meminfo.shared 0
meminfo.buf 104392
meminfo.cached 3269328
meminfo.slab 383664
meminfo.map 323136
meminfo.anon 864092
meminfo.anonH 0
meminfo.dirty 204
meminfo.locked 96
meminfo.inactive 1970280
meminfo.hugetot 0
meminfo.hugefree 0
meminfo.hugersvd 0
meminfo.sunreclaim 236092
swapinfo.total 8388604
swapinfo.free 8388604
swapinfo.used 0
swapinfo.in 0
swapinfo.out 0
pageinfo.fault 0
pageinfo.majfault 0
pageinfo.in 0
pageinfo.out 0
nettotals.kbin 0
nettotals.pktin 0
nettotals.kbout 0
nettotals.pktout 0
cpuinfo.user.cpu0 100
cpuinfo.nice.cpu0 0
cpuinfo.sys.cpu0 0
cpuinfo.wait.cpu0 0
cpuinfo.irq.cpu0 0
cpuinfo.soft.cpu0 0
cpuinfo.steal.cpu0 0
cpuinfo.idle.cpu0 0
cpuinfo.intrpt.cpu0 0
cputotals.systot.cpu0 0
cputotals.usertot.cpu0 100
cpuinfo.user.cpu1 0
cpuinfo.nice.cpu1 0
cpuinfo.sys.cpu1 0
cpuinfo.wait.cpu1 0
cpuinfo.irq.cpu1 0
cpuinfo.soft.cpu1 0
cpuinfo.steal.cpu1 0
cpuinfo.idle.cpu1 100
cpuinfo.intrpt.cpu1 0
cputotals.systot.cpu1 0
cputotals.usertot.cpu1 0
cpuinfo.user.cpu2 0
cpuinfo.nice.cpu2 0
cpuinfo.sys.cpu2 0
cpuinfo.wait.cpu2 0
cpuinfo.irq.cpu2 0
cpuinfo.soft.cpu2 0
cpuinfo.steal.cpu2 0
cpuinfo.idle.cpu2 100
cpuinfo.intrpt.cpu2 0
cputotals.systot.cpu2 0
cputotals.usertot.cpu2 0
cpuinfo.user.cpu3 0
cpuinfo.nice.cpu3 0
cpuinfo.sys.cpu3 0
cpuinfo.wait.cpu3 0
cpuinfo.irq.cpu3 0
cpuinfo.soft.cpu3 0
cpuinfo.steal.cpu3 0
cpuinfo.idle.cpu3 100
cpuinfo.intrpt.cpu3 0
cputotals.systot.cpu3 0
cputotals.usertot.cpu3 0
cpuinfo.user.cpu4 0
cpuinfo.nice.cpu4 0
cpuinfo.sys.cpu4 0
cpuinfo.wait.cpu4 0
cpuinfo.irq.cpu4 0
cpuinfo.soft.cpu4 0
cpuinfo.steal.cpu4 0
cpuinfo.idle.cpu4 100
cpuinfo.intrpt.cpu4 0
cputotals.systot.cpu4 0
cputotals.usertot.cpu4 0
cpuinfo.user.cpu5 0
cpuinfo.nice.cpu5 0
cpuinfo.sys.cpu5 0
cpuinfo.wait.cpu5 0
cpuinfo.irq.cpu5 0
cpuinfo.soft.cpu5 0
cpuinfo.steal.cpu5 0
cpuinfo.idle.cpu5 100
cpuinfo.intrpt.cpu5 0
cputotals.systot.cpu5 0
cputotals.usertot.cpu5 0
cpuinfo.user.cpu6 0
cpuinfo.nice.cpu6 0
cpuinfo.sys.cpu6 0
cpuinfo.wait.cpu6 0
cpuinfo.irq.cpu6 0
cpuinfo.soft.cpu6 0
cpuinfo.steal.cpu6 0
cpuinfo.idle.cpu6 100
cpuinfo.intrpt.cpu6 0
cputotals.systot.cpu6 0
cputotals.usertot.cpu6 0
cpuinfo.user.cpu7 0
cpuinfo.nice.cpu7 0
cpuinfo.sys.cpu7 0
cpuinfo.wait.cpu7 0
cpuinfo.irq.cpu7 0
cpuinfo.soft.cpu7 0
cpuinfo.steal.cpu7 0
cpuinfo.idle.cpu7 100
cpuinfo.intrpt.cpu7 0
cputotals.systot.cpu7 0
cputotals.usertot.cpu7 0
cpuinfo.user.cpu8 0
cpuinfo.nice.cpu8 0
cpuinfo.sys.cpu8 0
cpuinfo.wait.cpu8 0
cpuinfo.irq.cpu8 0
cpuinfo.soft.cpu8 0
cpuinfo.steal.cpu8 0
cpuinfo.idle.cpu8 100
cpuinfo.intrpt.cpu8 0
cputotals.systot.cpu8 0
cputotals.usertot.cpu8 0
cpuinfo.user.cpu9 0
cpuinfo.nice.cpu9 0
cpuinfo.sys.cpu9 0
cpuinfo.wait.cpu9 0
cpuinfo.irq.cpu9 0
cpuinfo.soft.cpu9 0
cpuinfo.steal.cpu9 0
cpuinfo.idle.cpu9 100
cpuinfo.intrpt.cpu9 0
cputotals.systot.cpu9 0
cputotals.usertot.cpu9 0
cpuinfo.user.cpu10 0
cpuinfo.nice.cpu10 0
cpuinfo.sys.cpu10 0
cpuinfo.wait.cpu10 0
cpuinfo.irq.cpu10 0
cpuinfo.soft.cpu10 0
cpuinfo.steal.cpu10 0
cpuinfo.idle.cpu10 100
cpuinfo.intrpt.cpu10 0
cputotals.systot.cpu10 0
cputotals.usertot.cpu10 0
cpuinfo.user.cpu11 0
cpuinfo.nice.cpu11 0
cpuinfo.sys.cpu11 0
cpuinfo.wait.cpu11 0
cpuinfo.irq.cpu11 0
cpuinfo.soft.cpu11 0
cpuinfo.steal.cpu11 0
cpuinfo.idle.cpu11 100
cpuinfo.intrpt.cpu11 0
cputotals.systot.cpu11 0
cputotals.usertot.cpu11 0
cpuinfo.user.cpu12 0
cpuinfo.nice.cpu12 0
cpuinfo.sys.cpu12 0
cpuinfo.wait.cpu12 0
cpuinfo.irq.cpu12 0
cpuinfo.soft.cpu12 0
cpuinfo.steal.cpu12 0
cpuinfo.idle.cpu12 100
cpuinfo.intrpt.cpu12 0
cputotals.systot.cpu12 0
cputotals.usertot.cpu12 0
cpuinfo.user.cpu13 0
cpuinfo.nice.cpu13 0
cpuinfo.sys.cpu13 0
cpuinfo.wait.cpu13 0
cpuinfo.irq.cpu13 0
cpuinfo.soft.cpu13 0
cpuinfo.steal.cpu13 0
cpuinfo.idle.cpu13 100
cpuinfo.intrpt.cpu13 0
cputotals.systot.cpu13 0
cputotals.usertot.cpu13 0
cpuinfo.user.cpu14 0
cpuinfo.nice.cpu14 0
cpuinfo.sys.cpu14 0
cpuinfo.wait.cpu14 0
cpuinfo.irq.cpu14 0
cpuinfo.soft.cpu14 0
cpuinfo.steal.cpu14 0
cpuinfo.idle.cpu14 100
cpuinfo.intrpt.cpu14 0
cputotals.systot.cpu14 0
cputotals.usertot.cpu14 0
cpuinfo.user.cpu15 0
cpuinfo.nice.cpu15 0
cpuinfo.sys.cpu15 0
cpuinfo.wait.cpu15 0
cpuinfo.irq.cpu15 0
cpuinfo.soft.cpu15 0
cpuinfo.steal.cpu15 0
cpuinfo.idle.cpu15 100
cpuinfo.intrpt.cpu15 0
cputotals.systot.cpu15 0
cputotals.usertot.cpu15 0
sample.time 1733967579.001
cputotals.num 16
cputotals.user 6
cputotals.nice 0
cputotals.sys 0
cputotals.wait 0
cputotals.irq 0
cputotals.soft 0
cputotals.steal 0
cputotals.idle 94
cputotals.systot 0
cputotals.usertot 6
cputotals.total 6
ctxint.ctx 227
ctxint.int 1611
proc.creates 2
proc.runq 651
proc.run 1
cpuload.avg1 2.62
cpuload.avg5 4.38
cpuload.avg15 2.69
disktotals.reads 0
disktotals.readkbs 0
disktotals.writes 0
disktotals.writekbs 0
meminfo.tot 32776372
meminfo.used 4989388
meminfo.free 27786984
meminfo.shared 0
meminfo.buf 104392
meminfo.cached 3269332
meminfo.slab 383664
meminfo.map 323136
meminfo.anon 864096
meminfo.anonH 0
meminfo.dirty 212
meminfo.locked 96
meminfo.inactive 1970280
meminfo.hugetot 0
meminfo.hugefree 0
meminfo.hugersvd 0
meminfo.sunreclaim 236092
swapinfo.total 8388604
swapinfo.free 8388604
swapinfo.used 0
swapinfo.in 0
swapinfo.out 0
pageinfo.fault 4
pageinfo.majfault 0
pageinfo.in 0
pageinfo.out 0
nettotals.kbin 0
nettotals.pktin 0
nettotals.kbout 0
nettotals.pktout 0
cpuinfo.user.cpu0 100
cpuinfo.nice.cpu0 0
cpuinfo.sys.cpu0 0
cpuinfo.wait.cpu0 0
cpuinfo.irq.cpu0 0
cpuinfo.soft.cpu0 0
cpuinfo.steal.cpu0 0
cpuinfo.idle.cpu0 0
cpuinfo.intrpt.cpu0 0
cputotals.systot.cpu0 0
cputotals.usertot.cpu0 100
cpuinfo.user.cpu1 0
cpuinfo.nice.cpu1 0
cpuinfo.sys.cpu1 0
cpuinfo.wait.cpu1 0
cpuinfo.irq.cpu1 0
cpuinfo.soft.cpu1 0
cpuinfo.steal.cpu1 0
cpuinfo.idle.cpu1 100
cpuinfo.intrpt.cpu1 0
cputotals.systot.cpu1 0
cputotals.usertot.cpu1 0
cpuinfo.user.cpu2 0
cpuinfo.nice.cpu2 0
cpuinfo.sys.cpu2 0
cpuinfo.wait.cpu2 0
cpuinfo.irq.cpu2 0
cpuinfo.soft.cpu2 0
cpuinfo.steal.cpu2 0
cpuinfo.idle.cpu2 100
cpuinfo.intrpt.cpu2 0
cputotals.systot.cpu2 0
cputotals.usertot.cpu2 0
cpuinfo.user.cpu3 0
cpuinfo.nice.cpu3 0
cpuinfo.sys.cpu3 0
cpuinfo.wait.cpu3 0
cpuinfo.irq.cpu3 0
cpuinfo.soft.cpu3 0
cpuinfo.steal.cpu3 0
cpuinfo.idle.cpu3 100
cpuinfo.intrpt.cpu3 0
cputotals.systot.cpu3 0
cputotals.usertot.cpu3 0
cpuinfo.user.cpu4 0
cpuinfo.nice.cpu4 0
cpuinfo.sys.cpu4 0
cpuinfo.wait.cpu4 0
cpuinfo.irq.cpu4 0
cpuinfo.soft.cpu4 0
cpuinfo.steal.cpu4 0
cpuinfo.idle.cpu4 100
cpuinfo.intrpt.cpu4 0
cputotals.systot.cpu4 0
cputotals.usertot.cpu4 0
cpuinfo.user.cpu5 0
cpuinfo.nice.cpu5 0
cpuinfo.sys.cpu5 0
cpuinfo.wait.cpu5 0
cpuinfo.irq.cpu5 0
cpuinfo.soft.cpu5 0
cpuinfo.steal.cpu5 0
cpuinfo.idle.cpu5 100
cpuinfo.intrpt.cpu5 0
cputotals.systot.cpu5 0
cputotals.usertot.cpu5 0
cpuinfo.user.cpu6 0
cpuinfo.nice.cpu6 0
cpuinfo.sys.cpu6 0
cpuinfo.wait.cpu6 0
cpuinfo.irq.cpu6 0
cpuinfo.soft.cpu6 0
cpuinfo.steal.cpu6 0
cpuinfo.idle.cpu6 100
cpuinfo.intrpt.cpu6 0
cputotals.systot.cpu6 0
cputotals.usertot.cpu6 0
cpuinfo.user.cpu7 0
cpuinfo.nice.cpu7 0
cpuinfo.sys.cpu7 0
cpuinfo.wait.cpu7 0
cpuinfo.irq.cpu7 0
cpuinfo.soft.cpu7 0
cpuinfo.steal.cpu7 0
cpuinfo.idle.cpu7 100
cpuinfo.intrpt.cpu7 0
cputotals.systot.cpu7 0
cputotals.usertot.cpu7 0
cpuinfo.user.cpu8 0
cpuinfo.nice.cpu8 0
cpuinfo.sys.cpu8 0
cpuinfo.wait.cpu8 0
cpuinfo.irq.cpu8 0
cpuinfo.soft.cpu8 0
cpuinfo.steal.cpu8 0
cpuinfo.idle.cpu8 100
cpuinfo.intrpt.cpu8 0
cputotals.systot.cpu8 0
cputotals.usertot.cpu8 0
cpuinfo.user.cpu9 0
cpuinfo.nice.cpu9 0
cpuinfo.sys.cpu9 0
cpuinfo.wait.cpu9 0
cpuinfo.irq.cpu9 0
cpuinfo.soft.cpu9 0
cpuinfo.steal.cpu9 0
cpuinfo.idle.cpu9 100
cpuinfo.intrpt.cpu9 0
cputotals.systot.cpu9 0
cputotals.usertot.cpu9 0
cpuinfo.user.cpu10 0
cpuinfo.nice.cpu10 0
cpuinfo.sys.cpu10 0
cpuinfo.wait.cpu10 0
cpuinfo.irq.cpu10 0
cpuinfo.soft.cpu10 0
cpuinfo.steal.cpu10 0
cpuinfo.idle.cpu10 100
cpuinfo.intrpt.cpu10 0
cputotals.systot.cpu10 0
cputotals.usertot.cpu10 0
cpuinfo.user.cpu11 0
cpuinfo.nice.cpu11 0
cpuinfo.sys.cpu11 0
cpuinfo.wait.cpu11 0
cpuinfo.irq.cpu11 0
cpuinfo.soft.cpu11 0
cpuinfo.steal.cpu11 0
cpuinfo.idle.cpu11 100
cpuinfo.intrpt.cpu11 0
cputotals.systot.cpu11 0
cputotals.usertot.cpu11 0
cpuinfo.user.cpu12 0
cpuinfo.nice.cpu12 0
cpuinfo.sys.cpu12 0
cpuinfo.wait.cpu12 0
cpuinfo.irq.cpu12 0
cpuinfo.soft.cpu12 0
cpuinfo.steal.cpu12 0
cpuinfo.idle.cpu12 100
cpuinfo.intrpt.cpu12 0
cputotals.systot.cpu12 0
cputotals.usertot.cpu12 0
cpuinfo.user.cpu13 0
cpuinfo.nice.cpu13 0
cpuinfo.sys.cpu13 0
cpuinfo.wait.cpu13 0
cpuinfo.irq.cpu13 0
cpuinfo.soft.cpu13 0
cpuinfo.steal.cpu13 0
cpuinfo.idle.cpu13 100
cpuinfo.intrpt.cpu13 0
cputotals.systot.cpu13 0
cputotals.usertot.cpu13 0
cpuinfo.user.cpu14 0
cpuinfo.nice.cpu14 0
cpuinfo.sys.cpu14 0
cpuinfo.wait.cpu14 0
cpuinfo.irq.cpu14 0
cpuinfo.soft.cpu14 0
cpuinfo.steal.cpu14 0
cpuinfo.idle.cpu14 100
cpuinfo.intrpt.cpu14 0
cputotals.systot.cpu14 0
cputotals.usertot.cpu14 0
cpuinfo.user.cpu15 0
cpuinfo.nice.cpu15 0
cpuinfo.sys.cpu15 0
cpuinfo.wait.cpu15 0
cpuinfo.irq.cpu15 0
cpuinfo.soft.cpu15 0
cpuinfo.steal.cpu15 0
cpuinfo.idle.cpu15 100
cpuinfo.intrpt.cpu15 0
cputotals.systot.cpu15 0
cputotals.usertot.cpu15 0
sample.time 1733967580.001
cputotals.num 16
cputotals.user 6
cputotals.nice 0
cputotals.sys 0
cputotals.wait 0
cputotals.irq 0
cputotals.soft 0
cputotals.steal 0
cputotals.idle 94
cputotals.systot 0
cputotals.usertot 6
cputotals.total 6
ctxint.ctx 207
ctxint.int 1324
proc.creates 0
proc.runq 651
proc.run 2
cpuload.avg1 2.49
cpuload.avg5 4.33
cpuload.avg15 2.68
disktotals.reads 0
disktotals.readkbs 0
disktotals.writes 1
disktotals.writekbs 32
meminfo.tot 32776372
meminfo.used 4989388
meminfo.free 27786984
meminfo.shared 0
meminfo.buf 104392
meminfo.cached 3269336
meminfo.slab 383664
meminfo.map 323136
meminfo.anon 864100
meminfo.anonH 0
meminfo.dirty 188
meminfo.locked 96
meminfo.inactive 1970280
meminfo.hugetot 0
meminfo.hugefree 0
meminfo.hugersvd 0
meminfo.sunreclaim 236092
swapinfo.total 8388604
swapinfo.free 8388604
swapinfo.used 0
swapinfo.in 0
swapinfo.out 0
pageinfo.fault 0
pageinfo.majfault 0
pageinfo.in 0
pageinfo.out 32
nettotals.kbin 0
nettotals.pktin 0
nettotals.kbout 0
nettotals.pktout 0
cpuinfo.user.cpu0 100
cpuinfo.nice.cpu0 0
cpuinfo.sys.cpu0 0
cpuinfo.wait.cpu0 0
cpuinfo.irq.cpu0 0
cpuinfo.soft.cpu0 0
cpuinfo.steal.cpu0 0
cpuinfo.idle.cpu0 0
cpuinfo.intrpt.cpu0 0
cputotals.systot.cpu0 0
cputotals.usertot.cpu0 100
cpuinfo.user.cpu1 0
cpuinfo.nice.cpu1 0
cpuinfo.sys.cpu1 0
cpuinfo.wait.cpu1 0
cpuinfo.irq.cpu1 0
cpuinfo.soft.cpu1 0
cpuinfo.steal.cpu1 0
cpuinfo.idle.cpu1 100
cpuinfo.intrpt.cpu1 0
cputotals.systot.cpu1 0
cputotals.usertot.cpu1 0
cpuinfo.user.cpu2 0
cpuinfo.nice.cpu2 0
cpuinfo.sys.cpu2 0
cpuinfo.wait.cpu2 0
cpuinfo.irq.cpu2 0
cpuinfo.soft.cpu2 0
cpuinfo.steal.cpu2 0
cpuinfo.idle.cpu2 100
cpuinfo.intrpt.cpu2 0
cputotals.systot.cpu2 0
cputotals.usertot.cpu2 0
cpuinfo.user.cpu3 0
cpuinfo.nice.cpu3 0
cpuinfo.sys.cpu3 0
cpuinfo.wait.cpu3 0
cpuinfo.irq.cpu3 0
cpuinfo.soft.cpu3 0
cpuinfo.steal.cpu3 0
cpuinfo.idle.cpu3 100
cpuinfo.intrpt.cpu3 0
cputotals.systot.cpu3 0
cputotals.usertot.cpu3 0
cpuinfo.user.cpu4 0
cpuinfo.nice.cpu4 0
cpuinfo.sys.cpu4 0
cpuinfo.wait.cpu4 0
cpuinfo.irq.cpu4 0
cpuinfo.soft.cpu4 0
cpuinfo.steal.cpu4 0
cpuinfo.idle.cpu4 100
cpuinfo.intrpt.cpu4 0
cputotals.systot.cpu4 0
cputotals.usertot.cpu4 0
cpuinfo.user.cpu5 0
cpuinfo.nice.cpu5 0
cpuinfo.sys.cpu5 0
cpuinfo.wait.cpu5 0
cpuinfo.irq.cpu5 0
cpuinfo.soft.cpu5 0
cpuinfo.steal.cpu5 0
cpuinfo.idle.cpu5 100
cpuinfo.intrpt.cpu5 0
cputotals.systot.cpu5 0
cputotals.usertot.cpu5 0
cpuinfo.user.cpu6 0
cpuinfo.nice.cpu6 0
cpuinfo.sys.cpu6 0
cpuinfo.wait.cpu6 0
cpuinfo.irq.cpu6 0
cpuinfo.soft.cpu6 0
cpuinfo.steal.cpu6 0
cpuinfo.idle.cpu6 100
cpuinfo.intrpt.cpu6 0
cputotals.systot.cpu6 0
cputotals.usertot.cpu6 0
cpuinfo.user.cpu7 0
cpuinfo.nice.cpu7 0
cpuinfo.sys.cpu7 0
cpuinfo.wait.cpu7 0
cpuinfo.irq.cpu7 0
cpuinfo.soft.cpu7 0
cpuinfo.steal.cpu7 0
cpuinfo.idle.cpu7 100
cpuinfo.intrpt.cpu7 0
cputotals.systot.cpu7 0
cputotals.usertot.cpu7 0
cpuinfo.user.cpu8 0
cpuinfo.nice.cpu8 0
cpuinfo.sys.cpu8 0
cpuinfo.wait.cpu8 0
cpuinfo.irq.cpu8 0
cpuinfo.soft.cpu8 0
cpuinfo.steal.cpu8 0
cpuinfo.idle.cpu8 100
cpuinfo.intrpt.cpu8 0
cputotals.systot.cpu8 0
cputotals.usertot.cpu8 0
cpuinfo.user.cpu9 0
cpuinfo.nice.cpu9 0
cpuinfo.sys.cpu9 0
cpuinfo.wait.cpu9 0
cpuinfo.irq.cpu9 0
cpuinfo.soft.cpu9 0
cpuinfo.steal.cpu9 0
cpuinfo.idle.cpu9 100
cpuinfo.intrpt.cpu9 0
cputotals.systot.cpu9 0
cputotals.usertot.cpu9 0
cpuinfo.user.cpu10 0
cpuinfo.nice.cpu10 0
cpuinfo.sys.cpu10 0
cpuinfo.wait.cpu10 0
cpuinfo.irq.cpu10 0
cpuinfo.soft.cpu10 0
cpuinfo.steal.cpu10 0
cpuinfo.idle.cpu10 100
cpuinfo.intrpt.cpu10 0
cputotals.systot.cpu10 0
cputotals.usertot.cpu10 0
cpuinfo.user.cpu11 0
cpuinfo.nice.cpu11 0
cpuinfo.sys.cpu11 0
cpuinfo.wait.cpu11 0
cpuinfo.irq.cpu11 0
cpuinfo.soft.cpu11 0
cpuinfo.steal.cpu11 0
cpuinfo.idle.cpu11 100
cpuinfo.intrpt.cpu11 0
cputotals.systot.cpu11 0
cputotals.usertot.cpu11 0
cpuinfo.user.cpu12 0
cpuinfo.nice.cpu12 0
cpuinfo.sys.cpu12 0
cpuinfo.wait.cpu12 0
cpuinfo.irq.cpu12 0
cpuinfo.soft.cpu12 0
cpuinfo.steal.cpu12 0
cpuinfo.idle.cpu12 100
cpuinfo.intrpt.cpu12 0
cputotals.systot.cpu12 0
cputotals.usertot.cpu12 0
cpuinfo.user.cpu13 0
cpuinfo.nice.cpu13 0
cpuinfo.sys.cpu13 0
cpuinfo.wait.cpu13 0
cpuinfo.irq.cpu13 0
cpuinfo.soft.cpu13 0
cpuinfo.steal.cpu13 0
cpuinfo.idle.cpu13 100
cpuinfo.intrpt.cpu13 0
cputotals.systot.cpu13 0
cputotals.usertot.cpu13 0
cpuinfo.user.cpu14 0
cpuinfo.nice.cpu14 0
cpuinfo.sys.cpu14 0
cpuinfo.wait.cpu14 0
cpuinfo.irq.cpu14 0
cpuinfo.soft.cpu14 0
cpuinfo.steal.cpu14 0
cpuinfo.idle.cpu14 100
cpuinfo.intrpt.cpu14 0
cputotals.systot.cpu14 0
cputotals.usertot.cpu14 0
cpuinfo.user.cpu15 0
cpuinfo.nice.cpu15 0
cpuinfo.sys.cpu15 0
cpuinfo.wait.cpu15 0
cpuinfo.irq.cpu15 0
cpuinfo.soft.cpu15 0
cpuinfo.steal.cpu15 0
cpuinfo.idle.cpu15 100
cpuinfo.intrpt.cpu15 0
cputotals.systot.cpu15 0
cputotals.usertot.cpu15 0
sample.time 1733967581.001
cputotals.num 16
cputotals.user 6
cputotals.nice 0
cputotals.sys 0
cputotals.wait 0
cputotals.irq 0
cputotals.soft 0
cputotals.steal 0
cputotals.idle 94
cputotals.systot 0
cputotals.usertot 6
cputotals.total 6
ctxint.ctx 202
ctxint.int 1260
proc.creates 0
proc.runq 651
proc.run 1
cpuload.avg1 2.49
cpuload.avg5 4.33
cpuload.avg15 2.68
disktotals.reads 0
disktotals.readkbs 0
disktotals.writes 0
disktotals.writekbs 0
meminfo.tot 32776372
meminfo.used 4989388
meminfo.free 27786984
meminfo.shared 0
meminfo.buf 104392
meminfo.cached 3269340
meminfo.slab 383664
meminfo.map 323136
meminfo.anon 864100
meminfo.anonH 0
meminfo.dirty 196
meminfo.locked 96
meminfo.inactive 1970280
meminfo.hugetot 0
meminfo.hugefree 0
meminfo.hugersvd 0
meminfo.sunreclaim 236092
swapinfo.total 8388604
swapinfo.free 8388604
swapinfo.used 0
swapinfo.in 0
swapinfo.out 0
pageinfo.fault 0
pageinfo.majfault 0
pageinfo.in 0
pageinfo.out 0
nettotals.kbin 0
nettotals.pktin 0
nettotals.kbout 0
nettotals.pktout 0
cpuinfo.user.cpu0 14
cpuinfo.nice.cpu0 0
cpuinfo.sys.cpu0 0
cpuinfo.wait.cpu0 0
cpuinfo.irq.cpu0 0
cpuinfo.soft.cpu0 0
cpuinfo.steal.cpu0 0
cpuinfo.idle.cpu0 86
cpuinfo.intrpt.cpu0 0
cputotals.systot.cpu0 0
cputotals.usertot.cpu0 14
cpuinfo.user.cpu1 0
cpuinfo.nice.cpu1 0
cpuinfo.sys.cpu1 0
cpuinfo.wait.cpu1 0
cpuinfo.irq.cpu1 0
cpuinfo.soft.cpu1 0
cpuinfo.steal.cpu1 0
cpuinfo.idle.cpu1 100
cpuinfo.intrpt.cpu1 0
cputotals.systot.cpu1 0
cputotals.usertot.cpu1 0
cpuinfo.user.cpu2 0
cpuinfo.nice.cpu2 0
cpuinfo.sys.cpu2 0
cpuinfo.wait.cpu2 0
cpuinfo.irq.cpu2 0
cpuinfo.soft.cpu2 0
cpuinfo.steal.cpu2 0
cpuinfo.idle.cpu2 100
cpuinfo.intrpt.cpu2 0
cputotals.systot.cpu2 0
cputotals.usertot.cpu2 0
cpuinfo.user.cpu3 0
cpuinfo.nice.cpu3 0
cpuinfo.sys.cpu3 0
cpuinfo.wait.cpu3 0
cpuinfo.irq.cpu3 0
cpuinfo.soft.cpu3 0
cpuinfo.steal.cpu3 0
cpuinfo.idle.cpu3 100
cpuinfo.intrpt.cpu3 0
cputotals.systot.cpu3 0
cputotals.usertot.cpu3 0
cpuinfo.user.cpu4 0
cpuinfo.nice.cpu4 0
cpuinfo.sys.cpu4 0
cpuinfo.wait.cpu4 0
cpuinfo.irq.cpu4 0
cpuinfo.soft.cpu4 0
cpuinfo.steal.cpu4 0
cpuinfo.idle.cpu4 100
cpuinfo.intrpt.cpu4 0
cputotals.systot.cpu4 0
cputotals.usertot.cpu4 0
cpuinfo.user.cpu5 1
cpuinfo.nice.cpu5 0
cpuinfo.sys.cpu5 0
cpuinfo.wait.cpu5 0
cpuinfo.irq.cpu5 0
cpuinfo.soft.cpu5 0
cpuinfo.steal.cpu5 0
cpuinfo.idle.cpu5 99
cpuinfo.intrpt.cpu5 0
cputotals.systot.cpu5 0
cputotals.usertot.cpu5 1
cpuinfo.user.cpu6 0
cpuinfo.nice.cpu6 0
cpuinfo.sys.cpu6 0
cpuinfo.wait.cpu6 0
cpuinfo.irq.cpu6 0
cpuinfo.soft.cpu6 0
cpuinfo.steal.cpu6 0
cpuinfo.idle.cpu6 100
cpuinfo.intrpt.cpu6 0
cputotals.systot.cpu6 0
cputotals.usertot.cpu6 0
cpuinfo.user.cpu7 0
cpuinfo.nice.cpu7 0
cpuinfo.sys.cpu7 0
cpuinfo.wait.cpu7 0
cpuinfo.irq.cpu7 0
cpuinfo.soft.cpu7 0
cpuinfo.steal.cpu7 0
cpuinfo.idle.cpu7 100
cpuinfo.intrpt.cpu7 0
cputotals.systot.cpu7 0
cputotals.usertot.cpu7 0
cpuinfo.user.cpu8 85
cpuinfo.nice.cpu8 0
cpuinfo.sys.cpu8 0
cpuinfo.wait.cpu8 0
cpuinfo.irq.cpu8 0
cpuinfo.soft.cpu8 0
cpuinfo.steal.cpu8 0
cpuinfo.idle.cpu8 15
cpuinfo.intrpt.cpu8 0
cputotals.systot.cpu8 0
cputotals.usertot.cpu8 85
cpuinfo.user.cpu9 0
cpuinfo.nice.cpu9 0
cpuinfo.sys.cpu9 0
cpuinfo.wait.cpu9 0
cpuinfo.irq.cpu9 0
cpuinfo.soft.cpu9 0
cpuinfo.steal.cpu9 0
cpuinfo.idle.cpu9 100
cpuinfo.intrpt.cpu9 0
cputotals.systot.cpu9 0
cputotals.usertot.cpu9 0
cpuinfo.user.cpu10 0
cpuinfo.nice.cpu10 0
cpuinfo.sys.cpu10 0
cpuinfo.wait.cpu10 0
cpuinfo.irq.cpu10 0
cpuinfo.soft.cpu10 0
cpuinfo.steal.cpu10 0
cpuinfo.idle.cpu10 100
cpuinfo.intrpt.cpu10 0
cputotals.systot.cpu10 0
cputotals.usertot.cpu10 0
cpuinfo.user.cpu11 0
cpuinfo.nice.cpu11 0
cpuinfo.sys.cpu11 0
cpuinfo.wait.cpu11 0
cpuinfo.irq.cpu11 0
cpuinfo.soft.cpu11 0
cpuinfo.steal.cpu11 0
cpuinfo.idle.cpu11 100
cpuinfo.intrpt.cpu11 0
cputotals.systot.cpu11 0
cputotals.usertot.cpu11 0
cpuinfo.user.cpu12 0
cpuinfo.nice.cpu12 0
cpuinfo.sys.cpu12 1
cpuinfo.wait.cpu12 0
cpuinfo.irq.cpu12 0
cpuinfo.soft.cpu12 0
cpuinfo.steal.cpu12 0
cpuinfo.idle.cpu12 99
cpuinfo.intrpt.cpu12 0
cputotals.systot.cpu12 1
cputotals.usertot.cpu12 0
cpuinfo.user.cpu13 1
cpuinfo.nice.cpu13 0
cpuinfo.sys.cpu13 0
cpuinfo.wait.cpu13 0
cpuinfo.irq.cpu13 0
cpuinfo.soft.cpu13 0
cpuinfo.steal.cpu13 0
cpuinfo.idle.cpu13 99
cpuinfo.intrpt.cpu13 0
cputotals.systot.cpu13 0
cputotals.usertot.cpu13 1
cpuinfo.user.cpu14 0
cpuinfo.nice.cpu14 0
cpuinfo.sys.cpu14 0
cpuinfo.wait.cpu14 0
cpuinfo.irq.cpu14 0
cpuinfo.soft.cpu14 0
cpuinfo.steal.cpu14 0
cpuinfo.idle.cpu14 100
cpuinfo.intrpt.cpu14 0
cputotals.systot.cpu14 0
cputotals.usertot.cpu14 0
cpuinfo.user.cpu15 0
cpuinfo.nice.cpu15 0
cpuinfo.sys.cpu15 0
cpuinfo.wait.cpu15 0
cpuinfo.irq.cpu15 0
cpuinfo.soft.cpu15 0
cpuinfo.steal.cpu15 0
cpuinfo.idle.cpu15 100
cpuinfo.intrpt.cpu15 0
cputotals.systot.cpu15 0
cputotals.usertot.cpu15 0
sample.time 1733967582.001
cputotals.num 16
cputotals.user 6
cputotals.nice 0
cputotals.sys 0
cputotals.wait 0
cputotals.irq 0
cputotals.soft 0
cputotals.steal 0
cputotals.idle 94
cputotals.systot 0
cputotals.usertot 6
cputotals.total 6
ctxint.ctx 202
ctxint.int 1183
proc.creates 0
proc.runq 651
proc.run 1
cpuload.avg1 2.49
cpuload.avg5 4.33
cpuload.avg15 2.68
disktotals.reads 0
disktotals.readkbs 0
disktotals.writes 3
disktotals.writekbs 44
meminfo.tot 32776372
meminfo.used 4989388
meminfo.free 27786984
meminfo.shared 0
meminfo.buf 104400
meminfo.cached 3269336
meminfo.slab 383664
meminfo.map 323136
meminfo.anon 864100
meminfo.anonH 0
meminfo.dirty 200
meminfo.locked 96
meminfo.inactive 1970280
meminfo.hugetot 0
meminfo.hugefree 0
meminfo.hugersvd 0
meminfo.sunreclaim 236092
swapinfo.total 8388604
swapinfo.free 8388604
swapinfo.used 0
swapinfo.in 0
swapinfo.out 0
pageinfo.fault 2
pageinfo.majfault 0
pageinfo.in 0
pageinfo.out 44
nettotals.kbin 0
nettotals.pktin 0
nettotals.kbout 0
nettotals.pktout 0
cpuinfo.user.cpu0 0
cpuinfo.nice.cpu0 0
cpuinfo.sys.cpu0 0
cpuinfo.wait.cpu0 0
cpuinfo.irq.cpu0 0
cpuinfo.soft.cpu0 0
cpuinfo.steal.cpu0 0
cpuinfo.idle.cpu0 100
cpuinfo.intrpt.cpu0 0
cputotals.systot.cpu0 0
cputotals.usertot.cpu0 0
cpuinfo.user.cpu1 0
cpuinfo.nice.cpu1 0
cpuinfo.sys.cpu1 0
cpuinfo.wait.cpu1 0
cpuinfo.irq.cpu1 0
cpuinfo.soft.cpu1 0
cpuinfo.steal.cpu1 0
cpuinfo.idle.cpu1 100
cpuinfo.intrpt.cpu1 0
cputotals.systot.cpu1 0
cputotals.usertot.cpu1 0
cpuinfo.user.cpu2 0
cpuinfo.nice.cpu2 0
cpuinfo.sys.cpu2 0
cpuinfo.wait.cpu2 0
cpuinfo.irq.cpu2 0
cpuinfo.soft.cpu2 0
cpuinfo.steal.cpu2 0
cpuinfo.idle.cpu2 100
cpuinfo.intrpt.cpu2 0
cputotals.systot.cpu2 0
cputotals.usertot.cpu2 0
cpuinfo.user.cpu3 0
cpuinfo.nice.cpu3 0
cpuinfo.sys.cpu3 0
cpuinfo.wait.cpu3 0
cpuinfo.irq.cpu3 0
cpuinfo.soft.cpu3 0
cpuinfo.steal.cpu3 0
cpuinfo.idle.cpu3 100
cpuinfo.intrpt.cpu3 0
cputotals.systot.cpu3 0
cputotals.usertot.cpu3 0
cpuinfo.user.cpu4 0
cpuinfo.nice.cpu4 0
cpuinfo.sys.cpu4 0
cpuinfo.wait.cpu4 0
cpuinfo.irq.cpu4 0
cpuinfo.soft.cpu4 0
cpuinfo.steal.cpu4 0
cpuinfo.idle.cpu4 100
cpuinfo.intrpt.cpu4 0
cputotals.systot.cpu4 0
cputotals.usertot.cpu4 0
cpuinfo.user.cpu5 0
cpuinfo.nice.cpu5 0
cpuinfo.sys.cpu5 0
cpuinfo.wait.cpu5 0
cpuinfo.irq.cpu5 0
cpuinfo.soft.cpu5 0
cpuinfo.steal.cpu5 0
cpuinfo.idle.cpu5 100
cpuinfo.intrpt.cpu5 0
cputotals.systot.cpu5 0
cputotals.usertot.cpu5 0
cpuinfo.user.cpu6 0
cpuinfo.nice.cpu6 0
cpuinfo.sys.cpu6 0
cpuinfo.wait.cpu6 0
cpuinfo.irq.cpu6 0
cpuinfo.soft.cpu6 0
cpuinfo.steal.cpu6 0
cpuinfo.idle.cpu6 100
cpuinfo.intrpt.cpu6 0
cputotals.systot.cpu6 0
cputotals.usertot.cpu6 0
cpuinfo.user.cpu7 0
cpuinfo.nice.cpu7 0
cpuinfo.sys.cpu7 0
cpuinfo.wait.cpu7 0
cpuinfo.irq.cpu7 0
cpuinfo.soft.cpu7 0
cpuinfo.steal.cpu7 0
cpuinfo.idle.cpu7 100
cpuinfo.intrpt.cpu7 0
cputotals.systot.cpu7 0
cputotals.usertot.cpu7 0
cpuinfo.user.cpu8 100
cpuinfo.nice.cpu8 0
cpuinfo.sys.cpu8 0
cpuinfo.wait.cpu8 0
cpuinfo.irq.cpu8 0
cpuinfo.soft.cpu8 0
cpuinfo.steal.cpu8 0
cpuinfo.idle.cpu8 0
cpuinfo.intrpt.cpu8 0
cputotals.systot.cpu8 0
cputotals.usertot.cpu8 100
cpuinfo.user.cpu9 0
cpuinfo.nice.cpu9 0
cpuinfo.sys.cpu9 0
cpuinfo.wait.cpu9 0
cpuinfo.irq.cpu9 0
cpuinfo.soft.cpu9 0
cpuinfo.steal.cpu9 0
cpuinfo.idle.cpu9 100
cpuinfo.intrpt.cpu9 0
cputotals.systot.cpu9 0
cputotals.usertot.cpu9 0
cpuinfo.user.cpu10 0
cpuinfo.nice.cpu10 0
cpuinfo.sys.cpu10 0
cpuinfo.wait.cpu10 0
cpuinfo.irq.cpu10 0
cpuinfo.soft.cpu10 0
cpuinfo.steal.cpu10 0
cpuinfo.idle.cpu10 100
cpuinfo.intrpt.cpu10 0
cputotals.systot.cpu10 0
cputotals.usertot.cpu10 0
cpuinfo.user.cpu11 0
cpuinfo.nice.cpu11 0
cpuinfo.sys.cpu11 0
cpuinfo.wait.cpu11 0
cpuinfo.irq.cpu11 0
cpuinfo.soft.cpu11 0
cpuinfo.steal.cpu11 0
cpuinfo.idle.cpu11 100
cpuinfo.intrpt.cpu11 0
cputotals.systot.cpu11 0
cputotals.usertot.cpu11 0
cpuinfo.user.cpu12 0
cpuinfo.nice.cpu12 0
cpuinfo.sys.cpu12 0
cpuinfo.wait.cpu12 0
cpuinfo.irq.cpu12 0
cpuinfo.soft.cpu12 0
cpuinfo.steal.cpu12 0
cpuinfo.idle.cpu12 100
cpuinfo.intrpt.cpu12 0
cputotals.systot.cpu12 0
cputotals.usertot.cpu12 0
cpuinfo.user.cpu13 0
cpuinfo.nice.cpu13 0
cpuinfo.sys.cpu13 0
cpuinfo.wait.cpu13 0
cpuinfo.irq.cpu13 0
cpuinfo.soft.cpu13 0
cpuinfo.steal.cpu13 0
cpuinfo.idle.cpu13 100
cpuinfo.intrpt.cpu13 0
cputotals.systot.cpu13 0
cputotals.usertot.cpu13 0
cpuinfo.user.cpu14 0
cpuinfo.nice.cpu14 0
cpuinfo.sys.cpu14 0
cpuinfo.wait.cpu14 0
cpuinfo.irq.cpu14 0
cpuinfo.soft.cpu14 0
cpuinfo.steal.cpu14 0
cpuinfo.idle.cpu14 100
cpuinfo.intrpt.cpu14 0
cputotals.systot.cpu14 0
cputotals.usertot.cpu14 0
cpuinfo.user.cpu15 0
cpuinfo.nice.cpu15 0
cpuinfo.sys.cpu15 0
cpuinfo.wait.cpu15 0
cpuinfo.irq.cpu15 0
cpuinfo.soft.cpu15 0
cpuinfo.steal.cpu15 0
cpuinfo.idle.cpu15 100
cpuinfo.intrpt.cpu15 0
cputotals.systot.cpu15 0
cputotals.usertot.cpu15 0
sample.time 1733967583.001
cputotals.num 16
cputotals.user 6
cputotals.nice 0
cputotals.sys 0
cputotals.wait 0
cputotals.irq 0
cputotals.soft 0
cputotals.steal 0
cputotals.idle 94
cputotals.systot 0
cputotals.usertot 6
cputotals.total 6
ctxint.ctx 419
ctxint.int 1295
proc.creates 0
proc.runq 651
proc.run 1
cpuload.avg1 2.49
cpuload.avg5 4.33
cpuload.avg15 2.68
disktotals.reads 0
disktotals.readkbs 0
disktotals.writes 0
disktotals.writekbs 0
meminfo.tot 32776372
meminfo.used 4989388
meminfo.free 27786984
meminfo.shared 0
meminfo.buf 104400
meminfo.cached 3269352
meminfo.slab 383664
meminfo.map 323136
meminfo.anon 864100
meminfo.anonH 0
meminfo.dirty 204
meminfo.locked 96
meminfo.inactive 1970280
meminfo.hugetot 0
meminfo.hugefree 0
meminfo.hugersvd 0
meminfo.sunreclaim 236092
swapinfo.total 8388604
swapinfo.free 8388604
swapinfo.used 0
swapinfo.in 0
swapinfo.out 0
pageinfo.fault 0
pageinfo.majfault 0
pageinfo.in 0
pageinfo.out 0
nettotals.kbin 0
nettotals.pktin 0
nettotals.kbout 0
nettotals.pktout 0
cpuinfo.user.cpu0 0
cpuinfo.nice.cpu0 0
cpuinfo.sys.cpu0 0
cpuinfo.wait.cpu0 0
cpuinfo.irq.cpu0 0
cpuinfo.soft.cpu0 0
cpuinfo.steal.cpu0 0
cpuinfo.idle.cpu0 100
cpuinfo.intrpt.cpu0 0
cputotals.systot.cpu0 0
cputotals.usertot.cpu0 0
cpuinfo.user.cpu1 0
cpuinfo.nice.cpu1 0
cpuinfo.sys.cpu1 0
cpuinfo.wait.cpu1 0
cpuinfo.irq.cpu1 0
cpuinfo.soft.cpu1 0
cpuinfo.steal.cpu1 0
cpuinfo.idle.cpu1 100
cpuinfo.intrpt.cpu1 0
cputotals.systot.cpu1 0
cputotals.usertot.cpu1 0
cpuinfo.user.cpu2 0
cpuinfo.nice.cpu2 0
cpuinfo.sys.cpu2 0
cpuinfo.wait.cpu2 0
cpuinfo.irq.cpu2 0
cpuinfo.soft.cpu2 0
cpuinfo.steal.cpu2 0
cpuinfo.idle.cpu2 100
cpuinfo.intrpt.cpu2 0
cputotals.systot.cpu2 0
cputotals.usertot.cpu2 0
cpuinfo.user.cpu3 0
cpuinfo.nice.cpu3 0
cpuinfo.sys.cpu3 0
cpuinfo.wait.cpu3 0
cpuinfo.irq.cpu3 0
cpuinfo.soft.cpu3 0
cpuinfo.steal.cpu3 0
cpuinfo.idle.cpu3 100
cpuinfo.intrpt.cpu3 0
cputotals.systot.cpu3 0
cputotals.usertot.cpu3 0
cpuinfo.user.cpu4 0
cpuinfo.nice.cpu4 0
cpuinfo.sys.cpu4 0
cpuinfo.wait.cpu4 0
cpuinfo.irq.cpu4 0
cpuinfo.soft.cpu4 0
cpuinfo.steal.cpu4 0
cpuinfo.idle.cpu4 100
cpuinfo.intrpt.cpu4 0
cputotals.systot.cpu4 0
cputotals.usertot.cpu4 0
cpuinfo.user.cpu5 0
cpuinfo.nice.cpu5 0
cpuinfo.sys.cpu5 0
cpuinfo.wait.cpu5 0
cpuinfo.irq.cpu5 0
cpuinfo.soft.cpu5 0
cpuinfo.steal.cpu5 0
cpuinfo.idle.cpu5 100
cpuinfo.intrpt.cpu5 0
cputotals.systot.cpu5 0
cputotals.usertot.cpu5 0
cpuinfo.user.cpu6 0
cpuinfo.nice.cpu6 0
cpuinfo.sys.cpu6 0
cpuinfo.wait.cpu6 0
cpuinfo.irq.cpu6 0
cpuinfo.soft.cpu6 0
cpuinfo.steal.cpu6 0
cpuinfo.idle.cpu6 100
cpuinfo.intrpt.cpu6 0
cputotals.systot.cpu6 0
cputotals.usertot.cpu6 0
cpuinfo.user.cpu7 0
cpuinfo.nice.cpu7 0
cpuinfo.sys.cpu7 0
cpuinfo.wait.cpu7 0
cpuinfo.irq.cpu7 0
cpuinfo.soft.cpu7 0
cpuinfo.steal.cpu7 0
cpuinfo.idle.cpu7 100
cpuinfo.intrpt.cpu7 0
cputotals.systot.cpu7 0
cputotals.usertot.cpu7 0
cpuinfo.user.cpu8 100
cpuinfo.nice.cpu8 0
cpuinfo.sys.cpu8 0
cpuinfo.wait.cpu8 0
cpuinfo.irq.cpu8 0
cpuinfo.soft.cpu8 0
cpuinfo.steal.cpu8 0
cpuinfo.idle.cpu8 0
cpuinfo.intrpt.cpu8 0
cputotals.systot.cpu8 0
cputotals.usertot.cpu8 100
cpuinfo.user.cpu9 0
cpuinfo.nice.cpu9 0
cpuinfo.sys.cpu9 0
cpuinfo.wait.cpu9 0
cpuinfo.irq.cpu9 0
cpuinfo.soft.cpu9 0
cpuinfo.steal.cpu9 0
cpuinfo.idle.cpu9 100
cpuinfo.intrpt.cpu9 0
cputotals.systot.cpu9 0
cputotals.usertot.cpu9 0
cpuinfo.user.cpu10 0
cpuinfo.nice.cpu10 0
cpuinfo.sys.cpu10 0
cpuinfo.wait.cpu10 0
cpuinfo.irq.cpu10 0
cpuinfo.soft.cpu10 0
cpuinfo.steal.cpu10 0
cpuinfo.idle.cpu10 100
cpuinfo.intrpt.cpu10 0
cputotals.systot.cpu10 0
cputotals.usertot.cpu10 0
cpuinfo.user.cpu11 0
cpuinfo.nice.cpu11 0
cpuinfo.sys.cpu11 0
cpuinfo.wait.cpu11 0
cpuinfo.irq.cpu11 0
cpuinfo.soft.cpu11 0
cpuinfo.steal.cpu11 0
cpuinfo.idle.cpu11 100
cpuinfo.intrpt.cpu11 0
cputotals.systot.cpu11 0
cputotals.usertot.cpu11 0
cpuinfo.user.cpu12 0
cpuinfo.nice.cpu12 0
cpuinfo.sys.cpu12 0
cpuinfo.wait.cpu12 0
cpuinfo.irq.cpu12 0
cpuinfo.soft.cpu12 0
cpuinfo.steal.cpu12 0
cpuinfo.idle.cpu12 100
cpuinfo.intrpt.cpu12 0
cputotals.systot.cpu12 0
cputotals.usertot.cpu12 0
cpuinfo.user.cpu13 0
cpuinfo.nice.cpu13 0
cpuinfo.sys.cpu13 0
cpuinfo.wait.cpu13 0
cpuinfo.irq.cpu13 0
cpuinfo.soft.cpu13 0
cpuinfo.steal.cpu13 0
cpuinfo.idle.cpu13 100
cpuinfo.intrpt.cpu13 0
cputotals.systot.cpu13 0
cputotals.usertot.cpu13 0
cpuinfo.user.cpu14 0
cpuinfo.nice.cpu14 0
cpuinfo.sys.cpu14 0
cpuinfo.wait.cpu14 0
cpuinfo.irq.cpu14 0
cpuinfo.soft.cpu14 0
cpuinfo.steal.cpu14 0
cpuinfo.idle.cpu14 100
cpuinfo.intrpt.cpu14 0
cputotals.systot.cpu14 0
cputotals.usertot.cpu14 0
cpuinfo.user.cpu15 0
cpuinfo.nice.cpu15 0
cpuinfo.sys.cpu15 0
cpuinfo.wait.cpu15 0
cpuinfo.irq.cpu15 0
cpuinfo.soft.cpu15 0
cpuinfo.steal.cpu15 0
cpuinfo.idle.cpu15 100
cpuinfo.intrpt.cpu15 0
cputotals.systot.cpu15 0
cputotals.usertot.cpu15 0
sample.time 1733967584.001
cputotals.num 16
cputotals.user 6
cputotals.nice 0
cputotals.sys 0
cputotals.wait 0
cputotals.irq 0
cputotals.soft 0
cputotals.steal 0
cputotals.idle 94
cputotals.systot 0
cputotals.usertot 6
cputotals.total 6
ctxint.ctx 193
ctxint.int 1175
proc.creates 0
proc.runq 651
proc.run 1
cpuload.avg1 2.49
cpuload.avg5 4.33
cpuload.avg15 2.68
disktotals.reads 0
disktotals.readkbs 0
disktotals.writes 0
disktotals.writekbs 0
meminfo.tot 32776372
meminfo.used 4989388
meminfo.free 27786984
meminfo.shared 0
meminfo.buf 104400
meminfo.cached 3269356
meminfo.slab 383664
meminfo.map 323136
meminfo.anon 864100
meminfo.anonH 0
meminfo.dirty 208
meminfo.locked 96
meminfo.inactive 1970280
meminfo.hugetot 0
meminfo.hugefree 0
meminfo.hugersvd 0
meminfo.sunreclaim 236092
swapinfo.total 8388604
swapinfo.free 8388604
swapinfo.used 0
swapinfo.in 0
swapinfo.out 0
pageinfo.fault 0
pageinfo.majfault 0
pageinfo.in 0
pageinfo.out 0
nettotals.kbin 0
nettotals.pktin 0
nettotals.kbout 0
nettotals.pktout 0
cpuinfo.user.cpu0 0
cpuinfo.nice.cpu0 0
cpuinfo.sys.cpu0 0
cpuinfo.wait.cpu0 0
cpuinfo.irq.cpu0 0
cpuinfo.soft.cpu0 0
cpuinfo.steal.cpu0 0
cpuinfo.idle.cpu0 100
cpuinfo.intrpt.cpu0 0
cputotals.systot.cpu0 0
cputotals.usertot.cpu0 0
cpuinfo.user.cpu1 0
cpuinfo.nice.cpu1 0
cpuinfo.sys.cpu1 0
cpuinfo.wait.cpu1 0
cpuinfo.irq.cpu1 0
cpuinfo.soft.cpu1 0
cpuinfo.steal.cpu1 0
cpuinfo.idle.cpu1 100
cpuinfo.intrpt.cpu1 0
cputotals.systot.cpu1 0
cputotals.usertot.cpu1 0
cpuinfo.user.cpu2 0
cpuinfo.nice.cpu2 0
cpuinfo.sys.cpu2 0
cpuinfo.wait.cpu2 0
cpuinfo.irq.cpu2 0
cpuinfo.soft.cpu2 0
cpuinfo.steal.cpu2 0
cpuinfo.idle.cpu2 100
cpuinfo.intrpt.cpu2 0
cputotals.systot.cpu2 0
cputotals.usertot.cpu2 0
cpuinfo.user.cpu3 0
cpuinfo.nice.cpu3 0
cpuinfo.sys.cpu3 0
cpuinfo.wait.cpu3 0
cpuinfo.irq.cpu3 0
cpuinfo.soft.cpu3 0
cpuinfo.steal.cpu3 0
cpuinfo.idle.cpu3 100
cpuinfo.intrpt.cpu3 0
cputotals.systot.cpu3 0
cputotals.usertot.cpu3 0
cpuinfo.user.cpu4 0
cpuinfo.nice.cpu4 0
cpuinfo.sys.cpu4 0
cpuinfo.wait.cpu4 0
cpuinfo.irq.cpu4 0
cpuinfo.soft.cpu4 0
cpuinfo.steal.cpu4 0
cpuinfo.idle.cpu4 100
cpuinfo.intrpt.cpu4 0
cputotals.systot.cpu4 0
cputotals.usertot.cpu4 0
cpuinfo.user.cpu5 0
cpuinfo.nice.cpu5 0
cpuinfo.sys.cpu5 0
cpuinfo.wait.cpu5 0
cpuinfo.irq.cpu5 0
cpuinfo.soft.cpu5 0
cpuinfo.steal.cpu5 0
cpuinfo.idle.cpu5 100
cpuinfo.intrpt.cpu5 0
cputotals.systot.cpu5 0
cputotals.usertot.cpu5 0
cpuinfo.user.cpu6 0
cpuinfo.nice.cpu6 0
cpuinfo.sys.cpu6 0
cpuinfo.wait.cpu6 0
cpuinfo.irq.cpu6 0
cpuinfo.soft.cpu6 0
cpuinfo.steal.cpu6 0
cpuinfo.idle.cpu6 100
cpuinfo.intrpt.cpu6 0
cputotals.systot.cpu6 0
cputotals.usertot.cpu6 0
cpuinfo.user.cpu7 0
cpuinfo.nice.cpu7 0
cpuinfo.sys.cpu7 0
cpuinfo.wait.cpu7 0
cpuinfo.irq.cpu7 0
cpuinfo.soft.cpu7 0
cpuinfo.steal.cpu7 0
cpuinfo.idle.cpu7 100
cpuinfo.intrpt.cpu7 0
cputotals.systot.cpu7 0
cputotals.usertot.cpu7 0
cpuinfo.user.cpu8 100
cpuinfo.nice.cpu8 0
cpuinfo.sys.cpu8 0
cpuinfo.wait.cpu8 0
cpuinfo.irq.cpu8 0
cpuinfo.soft.cpu8 0
cpuinfo.steal.cpu8 0
cpuinfo.idle.cpu8 0
cpuinfo.intrpt.cpu8 0
cputotals.systot.cpu8 0
cputotals.usertot.cpu8 100
cpuinfo.user.cpu9 0
cpuinfo.nice.cpu9 0
cpuinfo.sys.cpu9 0
cpuinfo.wait.cpu9 0
cpuinfo.irq.cpu9 0
cpuinfo.soft.cpu9 0
cpuinfo.steal.cpu9 0
cpuinfo.idle.cpu9 100
cpuinfo.intrpt.cpu9 0
cputotals.systot.cpu9 0
cputotals.usertot.cpu9 0
cpuinfo.user.cpu10 0
cpuinfo.nice.cpu10 0
cpuinfo.sys.cpu10 0
cpuinfo.wait.cpu10 0
cpuinfo.irq.cpu10 0
cpuinfo.soft.cpu10 0
cpuinfo.steal.cpu10 0
cpuinfo.idle.cpu10 100
cpuinfo.intrpt.cpu10 0
cputotals.systot.cpu10 0
cputotals.usertot.cpu10 0
cpuinfo.user.cpu11 0
cpuinfo.nice.cpu11 0
cpuinfo.sys.cpu11 0
cpuinfo.wait.cpu11 0
cpuinfo.irq.cpu11 0
cpuinfo.soft.cpu11 0
cpuinfo.steal.cpu11 0
cpuinfo.idle.cpu11 100
cpuinfo.intrpt.cpu11 0
cputotals.systot.cpu11 0
cputotals.usertot.cpu11 0
cpuinfo.user.cpu12 0
cpuinfo.nice.cpu12 0
cpuinfo.sys.cpu12 0
cpuinfo.wait.cpu12 0
cpuinfo.irq.cpu12 0
cpuinfo.soft.cpu12 0
cpuinfo.steal.cpu12 0
cpuinfo.idle.cpu12 100
cpuinfo.intrpt.cpu12 0
cputotals.systot.cpu12 0
cputotals.usertot.cpu12 0
cpuinfo.user.cpu13 0
cpuinfo.nice.cpu13 0
cpuinfo.sys.cpu13 0
cpuinfo.wait.cpu13 0
cpuinfo.irq.cpu13 0
cpuinfo.soft.cpu13 0
cpuinfo.steal.cpu13 0
cpuinfo.idle.cpu13 100
cpuinfo.intrpt.cpu13 0
cputotals.systot.cpu13 0
cputotals.usertot.cpu13 0
cpuinfo.user.cpu14 0
cpuinfo.nice.cpu14 0
cpuinfo.sys.cpu14 0
cpuinfo.wait.cpu14 0
cpuinfo.irq.cpu14 0
cpuinfo.soft.cpu14 0
cpuinfo.steal.cpu14 0
cpuinfo.idle.cpu14 100
cpuinfo.intrpt.cpu14 0
cputotals.systot.cpu14 0
cputotals.usertot.cpu14 0
cpuinfo.user.cpu15 0
cpuinfo.nice.cpu15 0
cpuinfo.sys.cpu15 0
cpuinfo.wait.cpu15 0
cpuinfo.irq.cpu15 0
cpuinfo.soft.cpu15 0
cpuinfo.steal.cpu15 0
cpuinfo.idle.cpu15 100
cpuinfo.intrpt.cpu15 0
cputotals.systot.cpu15 0
cputotals.usertot.cpu15 0
sample.time 1733967585.001
cputotals.num 16
cputotals.user 6
cputotals.nice 0
cputotals.sys 0
cputotals.wait 0
cputotals.irq 0
cputotals.soft 0
cputotals.steal 0
cputotals.idle 94
cputotals.systot 0
cputotals.usertot 6
cputotals.total 6
ctxint.ctx 162
ctxint.int 1164
proc.creates 0
proc.runq 651
proc.run 3
cpuload.avg1 2.37
cpuload.avg5 4.27
cpuload.avg15 2.67
disktotals.reads 0
disktotals.readkbs 0
disktotals.writes 0
disktotals.writekbs 0
meminfo.tot 32776372
meminfo.used 4989388
meminfo.free 27786984
meminfo.shared 0
meminfo.buf 104400
meminfo.cached 3269360
meminfo.slab 383664
meminfo.map 323136
meminfo.anon 864100
meminfo.anonH 0
meminfo.dirty 212
meminfo.locked 96
meminfo.inactive 1970336
meminfo.hugetot 0
meminfo.hugefree 0
meminfo.hugersvd 0
meminfo.sunreclaim 236092
swapinfo.total 8388604
swapinfo.free 8388604
swapinfo.used 0
swapinfo.in 0
swapinfo.out 0
pageinfo.fault 0
pageinfo.majfault 0
pageinfo.in 0
pageinfo.out 0
nettotals.kbin 0
nettotals.pktin 0
nettotals.kbout 0
nettotals.pktout 0
cpuinfo.user.cpu0 0
cpuinfo.nice.cpu0 0
cpuinfo.sys.cpu0 0
cpuinfo.wait.cpu0 0
cpuinfo.irq.cpu0 0
cpuinfo.soft.cpu0 0
cpuinfo.steal.cpu0 0
cpuinfo.idle.cpu0 100
cpuinfo.intrpt.cpu0 0
cputotals.systot.cpu0 0
cputotals.usertot.cpu0 0
cpuinfo.user.cpu1 0
cpuinfo.nice.cpu1 0
cpuinfo.sys.cpu1 0
cpuinfo.wait.cpu1 0
cpuinfo.irq.cpu1 0
cpuinfo.soft.cpu1 0
cpuinfo.steal.cpu1 0
cpuinfo.idle.cpu1 100
cpuinfo.intrpt.cpu1 0
cputotals.systot.cpu1 0
cputotals.usertot.cpu1 0
cpuinfo.user.cpu2 0
cpuinfo.nice.cpu2 0
cpuinfo.sys.cpu2 0
cpuinfo.wait.cpu2 0
cpuinfo.irq.cpu2 0
cpuinfo.soft.cpu2 0
cpuinfo.steal.cpu2 0
cpuinfo.idle.cpu2 100
cpuinfo.intrpt.cpu2 0
cputotals.systot.cpu2 0
cputotals.usertot.cpu2 0
cpuinfo.user.cpu3 0
cpuinfo.nice.cpu3 0
cpuinfo.sys.cpu3 0
cpuinfo.wait.cpu3 0
cpuinfo.irq.cpu3 0
cpuinfo.soft.cpu3 0
cpuinfo.steal.cpu3 0
cpuinfo.idle.cpu3 100
cpuinfo.intrpt.cpu3 0
cputotals.systot.cpu3 0
cputotals.usertot.cpu3 0
cpuinfo.user.cpu4 0
cpuinfo.nice.cpu4 0
cpuinfo.sys.cpu4 0
cpuinfo.wait.cpu4 0
cpuinfo.irq.cpu4 0
cpuinfo.soft.cpu4 0
cpuinfo.steal.cpu4 0
cpuinfo.idle.cpu4 100
cpuinfo.intrpt.cpu4 0
cputotals.systot.cpu4 0
cputotals.usertot.cpu4 0
cpuinfo.user.cpu5 0
cpuinfo.nice.cpu5 0
cpuinfo.sys.cpu5 0
cpuinfo.wait.cpu5 0
cpuinfo.irq.cpu5 0
cpuinfo.soft.cpu5 0
cpuinfo.steal.cpu5 0
cpuinfo.idle.cpu5 100
cpuinfo.intrpt.cpu5 0
cputotals.systot.cpu5 0
cputotals.usertot.cpu5 0
cpuinfo.user.cpu6 0
cpuinfo.nice.cpu6 0
cpuinfo.sys.cpu6 0
cpuinfo.wait.cpu6 0
cpuinfo.irq.cpu6 0
cpuinfo.soft.cpu6 0
cpuinfo.steal.cpu6 0
cpuinfo.idle.cpu6 100
cpuinfo.intrpt.cpu6 0
cputotals.systot.cpu6 0
cputotals.usertot.cpu6 0
cpuinfo.user.cpu7 0
cpuinfo.nice.cpu7 0
cpuinfo.sys.cpu7 0
cpuinfo.wait.cpu7 0
cpuinfo.irq.cpu7 0
cpuinfo.soft.cpu7 0
cpuinfo.steal.cpu7 0
cpuinfo.idle.cpu7 100
cpuinfo.intrpt.cpu7 0
cputotals.systot.cpu7 0
cputotals.usertot.cpu7 0
cpuinfo.user.cpu8 100
cpuinfo.nice.cpu8 0
cpuinfo.sys.cpu8 0
cpuinfo.wait.cpu8 0
cpuinfo.irq.cpu8 0
cpuinfo.soft.cpu8 0
cpuinfo.steal.cpu8 0
cpuinfo.idle.cpu8 0
cpuinfo.intrpt.cpu8 0
cputotals.systot.cpu8 0
cputotals.usertot.cpu8 100
cpuinfo.user.cpu9 0
cpuinfo.nice.cpu9 0
cpuinfo.sys.cpu9 0
cpuinfo.wait.cpu9 0
cpuinfo.irq.cpu9 0
cpuinfo.soft.cpu9 0
cpuinfo.steal.cpu9 0
cpuinfo.idle.cpu9 100
cpuinfo.intrpt.cpu9 0
cputotals.systot.cpu9 0
cputotals.usertot.cpu9 0
cpuinfo.user.cpu10 0
cpuinfo.nice.cpu10 0
cpuinfo.sys.cpu10 0
cpuinfo.wait.cpu10 0
cpuinfo.irq.cpu10 0
cpuinfo.soft.cpu10 0
cpuinfo.steal.cpu10 0
cpuinfo.idle.cpu10 100
cpuinfo.intrpt.cpu10 0
cputotals.systot.cpu10 0
cputotals.usertot.cpu10 0
cpuinfo.user.cpu11 0
cpuinfo.nice.cpu11 0
cpuinfo.sys.cpu11 0
cpuinfo.wait.cpu11 0
cpuinfo.irq.cpu11 0
cpuinfo.soft.cpu11 0
cpuinfo.steal.cpu11 0
cpuinfo.idle.cpu11 100
cpuinfo.intrpt.cpu11 0
cputotals.systot.cpu11 0
cputotals.usertot.cpu11 0
cpuinfo.user.cpu12 0
cpuinfo.nice.cpu12 0
cpuinfo.sys.cpu12 0
cpuinfo.wait.cpu12 0
cpuinfo.irq.cpu12 0
cpuinfo.soft.cpu12 0
cpuinfo.steal.cpu12 0
cpuinfo.idle.cpu12 100
cpuinfo.intrpt.cpu12 0
cputotals.systot.cpu12 0
cputotals.usertot.cpu12 0
cpuinfo.user.cpu13 0
cpuinfo.nice.cpu13 0
cpuinfo.sys.cpu13 0
cpuinfo.wait.cpu13 0
cpuinfo.irq.cpu13 0
cpuinfo.soft.cpu13 0
cpuinfo.steal.cpu13 0
cpuinfo.idle.cpu13 100
cpuinfo.intrpt.cpu13 0
cputotals.systot.cpu13 0
cputotals.usertot.cpu13 0
cpuinfo.user.cpu14 0
cpuinfo.nice.cpu14 0
cpuinfo.sys.cpu14 0
cpuinfo.wait.cpu14 0
cpuinfo.irq.cpu14 0
cpuinfo.soft.cpu14 0
cpuinfo.steal.cpu14 0
cpuinfo.idle.cpu14 100
cpuinfo.intrpt.cpu14 0
cputotals.systot.cpu14 0
cputotals.usertot.cpu14 0
cpuinfo.user.cpu15 0
cpuinfo.nice.cpu15 0
cpuinfo.sys.cpu15 0
cpuinfo.wait.cpu15 0
cpuinfo.irq.cpu15 0
cpuinfo.soft.cpu15 0
cpuinfo.steal.cpu15 0
cpuinfo.idle.cpu15 100
cpuinfo.intrpt.cpu15 0
cputotals.systot.cpu15 0
cputotals.usertot.cpu15 0
sample.time 1733967586.001
cputotals.num 16
cputotals.user 6
cputotals.nice 0
cputotals.sys 0
cputotals.wait 0
cputotals.irq 0
cputotals.soft 0
cputotals.steal 0
cputotals.idle 94
cputotals.systot 0
cputotals.usertot 6
cputotals.total 6
ctxint.ctx 215
ctxint.int 1231
proc.creates 0
proc.runq 651
proc.run 1
cpuload.avg1 2.37
cpuload.avg5 4.27
cpuload.avg15 2.67
disktotals.reads 0
disktotals.readkbs 0
disktotals.writes 2
disktotals.writekbs 32
meminfo.tot 32776372
meminfo.used 4989388
meminfo.free 27786984
meminfo.shared 0
meminfo.buf 104400
meminfo.cached 3269364
meminfo.slab 383664
meminfo.map 323136
meminfo.anon 864100
meminfo.anonH 0
meminfo.dirty 216
meminfo.locked 96
meminfo.inactive 1970336
meminfo.hugetot 0
meminfo.hugefree 0
meminfo.hugersvd 0
meminfo.sunreclaim 236092
swapinfo.total 8388604
swapinfo.free 8388604
swapinfo.used 0
swapinfo.in 0
swapinfo.out 0
pageinfo.fault 0
pageinfo.majfault 0
pageinfo.in 0
pageinfo.out 32
nettotals.kbin 0
nettotals.pktin 0
nettotals.kbout 0
nettotals.pktout 0
cpuinfo.user.cpu0 0
cpuinfo.nice.cpu0 0
cpuinfo.sys.cpu0 0
cpuinfo.wait.cpu0 0
cpuinfo.irq.cpu0 0
cpuinfo.soft.cpu0 0
cpuinfo.steal.cpu0 0
cpuinfo.idle.cpu0 100
cpuinfo.intrpt.cpu0 0
cputotals.systot.cpu0 0
cputotals.usertot.cpu0 0
cpuinfo.user.cpu1 0
cpuinfo.nice.cpu1 0
cpuinfo.sys.cpu1 0
cpuinfo.wait.cpu1 0
cpuinfo.irq.cpu1 0
cpuinfo.soft.cpu1 0
cpuinfo.steal.cpu1 0
cpuinfo.idle.cpu1 100
cpuinfo.intrpt.cpu1 0
cputotals.systot.cpu1 0
cputotals.usertot.cpu1 0
cpuinfo.user.cpu2 0
cpuinfo.nice.cpu2 0
cpuinfo.sys.cpu2 0
cpuinfo.wait.cpu2 0
cpuinfo.irq.cpu2 0
cpuinfo.soft.cpu2 0
cpuinfo.steal.cpu2 0
cpuinfo.idle.cpu2 100
cpuinfo.intrpt.cpu2 0
cputotals.systot.cpu2 0
cputotals.usertot.cpu2 0
cpuinfo.user.cpu3 0
cpuinfo.nice.cpu3 0
cpuinfo.sys.cpu3 0
cpuinfo.wait.cpu3 0
cpuinfo.irq.cpu3 0
cpuinfo.soft.cpu3 0
cpuinfo.steal.cpu3 0
cpuinfo.idle.cpu3 100
cpuinfo.intrpt.cpu3 0
cputotals.systot.cpu3 0
cputotals.usertot.cpu3 0
cpuinfo.user.cpu4 0
cpuinfo.nice.cpu4 0
cpuinfo.sys.cpu4 0
cpuinfo.wait.cpu4 0
cpuinfo.irq.cpu4 0
cpuinfo.soft.cpu4 0
cpuinfo.steal.cpu4 0
cpuinfo.idle.cpu4 100
cpuinfo.intrpt.cpu4 0
cputotals.systot.cpu4 0
cputotals.usertot.cpu4 0
cpuinfo.user.cpu5 0
cpuinfo.nice.cpu5 0
cpuinfo.sys.cpu5 0
cpuinfo.wait.cpu5 0
cpuinfo.irq.cpu5 0
cpuinfo.soft.cpu5 0
cpuinfo.steal.cpu5 0
cpuinfo.idle.cpu5 100
cpuinfo.intrpt.cpu5 0
cputotals.systot.cpu5 0
cputotals.usertot.cpu5 0
cpuinfo.user.cpu6 0
cpuinfo.nice.cpu6 0
cpuinfo.sys.cpu6 0
cpuinfo.wait.cpu6 0
cpuinfo.irq.cpu6 0
cpuinfo.soft.cpu6 0
cpuinfo.steal.cpu6 0
cpuinfo.idle.cpu6 100
cpuinfo.intrpt.cpu6 0
cputotals.systot.cpu6 0
cputotals.usertot.cpu6 0
cpuinfo.user.cpu7 0
cpuinfo.nice.cpu7 0
cpuinfo.sys.cpu7 0
cpuinfo.wait.cpu7 0
cpuinfo.irq.cpu7 0
cpuinfo.soft.cpu7 0
cpuinfo.steal.cpu7 0
cpuinfo.idle.cpu7 100
cpuinfo.intrpt.cpu7 0
cputotals.systot.cpu7 0
cputotals.usertot.cpu7 0
cpuinfo.user.cpu8 100
cpuinfo.nice.cpu8 0
cpuinfo.sys.cpu8 0
cpuinfo.wait.cpu8 0
cpuinfo.irq.cpu8 0
cpuinfo.soft.cpu8 0
cpuinfo.steal.cpu8 0
cpuinfo.idle.cpu8 0
cpuinfo.intrpt.cpu8 0
cputotals.systot.cpu8 0
cputotals.usertot.cpu8 100
cpuinfo.user.cpu9 0
cpuinfo.nice.cpu9 0
cpuinfo.sys.cpu9 0
cpuinfo.wait.cpu9 0
cpuinfo.irq.cpu9 0
cpuinfo.soft.cpu9 0
cpuinfo.steal.cpu9 0
cpuinfo.idle.cpu9 100
cpuinfo.intrpt.cpu9 0
cputotals.systot.cpu9 0
cputotals.usertot.cpu9 0
cpuinfo.user.cpu10 0
cpuinfo.nice.cpu10 0
cpuinfo.sys.cpu10 0
cpuinfo.wait.cpu10 0
cpuinfo.irq.cpu10 0
cpuinfo.soft.cpu10 0
cpuinfo.steal.cpu10 0
cpuinfo.idle.cpu10 100
cpuinfo.intrpt.cpu10 0
cputotals.systot.cpu10 0
cputotals.usertot.cpu10 0
cpuinfo.user.cpu11 0
cpuinfo.nice.cpu11 0
cpuinfo.sys.cpu11 0
cpuinfo.wait.cpu11 0
cpuinfo.irq.cpu11 0
cpuinfo.soft.cpu11 0
cpuinfo.steal.cpu11 0
cpuinfo.idle.cpu11 100
cpuinfo.intrpt.cpu11 0
cputotals.systot.cpu11 0
cputotals.usertot.cpu11 0
cpuinfo.user.cpu12 0
cpuinfo.nice.cpu12 0
cpuinfo.sys.cpu12 0
cpuinfo.wait.cpu12 0
cpuinfo.irq.cpu12 0
cpuinfo.soft.cpu12 0
cpuinfo.steal.cpu12 0
cpuinfo.idle.cpu12 100
cpuinfo.intrpt.cpu12 0
cputotals.systot.cpu12 0
cputotals.usertot.cpu12 0
cpuinfo.user.cpu13 0
cpuinfo.nice.cpu13 0
cpuinfo.sys.cpu13 0
cpuinfo.wait.cpu13 0
cpuinfo.irq.cpu13 0
cpuinfo.soft.cpu13 0
cpuinfo.steal.cpu13 0
cpuinfo.idle.cpu13 100
cpuinfo.intrpt.cpu13 0
cputotals.systot.cpu13 0
cputotals.usertot.cpu13 0
cpuinfo.user.cpu14 0
cpuinfo.nice.cpu14 0
cpuinfo.sys.cpu14 0
cpuinfo.wait.cpu14 0
cpuinfo.irq.cpu14 0
cpuinfo.soft.cpu14 0
cpuinfo.steal.cpu14 0
cpuinfo.idle.cpu14 100
cpuinfo.intrpt.cpu14 0
cputotals.systot.cpu14 0
cputotals.usertot.cpu14 0
cpuinfo.user.cpu15 0
cpuinfo.nice.cpu15 0
cpuinfo.sys.cpu15 0
cpuinfo.wait.cpu15 0
cpuinfo.irq.cpu15 0
cpuinfo.soft.cpu15 0
cpuinfo.steal.cpu15 0
cpuinfo.idle.cpu15 100
cpuinfo.intrpt.cpu15 0
cputotals.systot.cpu15 0
cputotals.usertot.cpu15 0
sample.time 1733967587.001
cputotals.num 16
cputotals.user 6
cputotals.nice 0
cputotals.sys 0
cputotals.wait 0
cputotals.irq 0
cputotals.soft 0
cputotals.steal 0
cputotals.idle 94
cputotals.systot 0
cputotals.usertot 6
cputotals.total 6
ctxint.ctx 159
ctxint.int 1164
proc.creates 0
proc.runq 651
proc.run 1
cpuload.avg1 2.37
cpuload.avg5 4.27
cpuload.avg15 2.67
disktotals.reads 0
disktotals.readkbs 0
disktotals.writes 2
disktotals.writekbs 8
meminfo.tot 32776372
meminfo.used 4989388
meminfo.free 27786984
meminfo.shared 0
meminfo.buf 104400
meminfo.cached 3269368
meminfo.slab 383664
meminfo.map 323136
meminfo.anon 864100
meminfo.anonH 0
meminfo.dirty 200
meminfo.locked 96
meminfo.inactive 1970336
meminfo.hugetot 0
meminfo.hugefree 0
meminfo.hugersvd 0
meminfo.sunreclaim 236092
swapinfo.total 8388604
swapinfo.free 8388604
swapinfo.used 0
swapinfo.in 0
swapinfo.out 0
pageinfo.fault 2
pageinfo.majfault 0
pageinfo.in 0
pageinfo.out 8
nettotals.kbin 0
nettotals.pktin 0
nettotals.kbout 0
nettotals.pktout 0
cpuinfo.user.cpu0 0
cpuinfo.nice.cpu0 0
cpuinfo.sys.cpu0 0
cpuinfo.wait.cpu0 0
cpuinfo.irq.cpu0 0
cpuinfo.soft.cpu0 0
cpuinfo.steal.cpu0 0
cpuinfo.idle.cpu0 100
cpuinfo.intrpt.cpu0 0
cputotals.systot.cpu0 0
cputotals.usertot.cpu0 0
cpuinfo.user.cpu1 0
cpuinfo.nice.cpu1 0
cpuinfo.sys.cpu1 0
cpuinfo.wait.cpu1 0
cpuinfo.irq.cpu1 0
cpuinfo.soft.cpu1 0
cpuinfo.steal.cpu1 0
cpuinfo.idle.cpu1 100
cpuinfo.intrpt.cpu1 0
cputotals.systot.cpu1 0
cputotals.usertot.cpu1 0
cpuinfo.user.cpu2 0
cpuinfo.nice.cpu2 0
cpuinfo.sys.cpu2 0
cpuinfo.wait.cpu2 0
cpuinfo.irq.cpu2 0
cpuinfo.soft.cpu2 0
cpuinfo.steal.cpu2 0
cpuinfo.idle.cpu2 100
cpuinfo.intrpt.cpu2 0
cputotals.systot.cpu2 0
cputotals.usertot.cpu2 0
cpuinfo.user.cpu3 0
cpuinfo.nice.cpu3 0
cpuinfo.sys.cpu3 0
cpuinfo.wait.cpu3 0
cpuinfo.irq.cpu3 0
cpuinfo.soft.cpu3 0
cpuinfo.steal.cpu3 0
cpuinfo.idle.cpu3 100
cpuinfo.intrpt.cpu3 0
cputotals.systot.cpu3 0
cputotals.usertot.cpu3 0
cpuinfo.user.cpu4 0
cpuinfo.nice.cpu4 0
cpuinfo.sys.cpu4 0
cpuinfo.wait.cpu4 0
cpuinfo.irq.cpu4 0
cpuinfo.soft.cpu4 0
cpuinfo.steal.cpu4 0
cpuinfo.idle.cpu4 100
cpuinfo.intrpt.cpu4 0
cputotals.systot.cpu4 0
cputotals.usertot.cpu4 0
cpuinfo.user.cpu5 0
cpuinfo.nice.cpu5 0
cpuinfo.sys.cpu5 0
cpuinfo.wait.cpu5 0
cpuinfo.irq.cpu5 0
cpuinfo.soft.cpu5 0
cpuinfo.steal.cpu5 0
cpuinfo.idle.cpu5 100
cpuinfo.intrpt.cpu5 0
cputotals.systot.cpu5 0
cputotals.usertot.cpu5 0
cpuinfo.user.cpu6 0
cpuinfo.nice.cpu6 0
cpuinfo.sys.cpu6 0
cpuinfo.wait.cpu6 0
cpuinfo.irq.cpu6 0
cpuinfo.soft.cpu6 0
cpuinfo.steal.cpu6 0
cpuinfo.idle.cpu6 100
cpuinfo.intrpt.cpu6 0
cputotals.systot.cpu6 0
cputotals.usertot.cpu6 0
cpuinfo.user.cpu7 0
cpuinfo.nice.cpu7 0
cpuinfo.sys.cpu7 0
cpuinfo.wait.cpu7 0
cpuinfo.irq.cpu7 0
cpuinfo.soft.cpu7 0
cpuinfo.steal.cpu7 0
cpuinfo.idle.cpu7 100
cpuinfo.intrpt.cpu7 0
cputotals.systot.cpu7 0
cputotals.usertot.cpu7 0
cpuinfo.user.cpu8 100
cpuinfo.nice.cpu8 0
cpuinfo.sys.cpu8 0
cpuinfo.wait.cpu8 0
cpuinfo.irq.cpu8 0
cpuinfo.soft.cpu8 0
cpuinfo.steal.cpu8 0
cpuinfo.idle.cpu8 0
cpuinfo.intrpt.cpu8 0
cputotals.systot.cpu8 0
cputotals.usertot.cpu8 100
cpuinfo.user.cpu9 0
cpuinfo.nice.cpu9 0
cpuinfo.sys.cpu9 0
cpuinfo.wait.cpu9 0
cpuinfo.irq.cpu9 0
cpuinfo.soft.cpu9 0
cpuinfo.steal.cpu9 0
cpuinfo.idle.cpu9 100
cpuinfo.intrpt.cpu9 0
cputotals.systot.cpu9 0
cputotals.usertot.cpu9 0
cpuinfo.user.cpu10 0
cpuinfo.nice.cpu10 0
cpuinfo.sys.cpu10 0
cpuinfo.wait.cpu10 0
cpuinfo.irq.cpu10 0
cpuinfo.soft.cpu10 0
cpuinfo.steal.cpu10 0
cpuinfo.idle.cpu10 100
cpuinfo.intrpt.cpu10 0
cputotals.systot.cpu10 0
cputotals.usertot.cpu10 0
cpuinfo.user.cpu11 0
cpuinfo.nice.cpu11 0
cpuinfo.sys.cpu11 0
cpuinfo.wait.cpu11 0
cpuinfo.irq.cpu11 0
cpuinfo.soft.cpu11 0
cpuinfo.steal.cpu11 0
cpuinfo.idle.cpu11 100
cpuinfo.intrpt.cpu11 0
cputotals.systot.cpu11 0
cputotals.usertot.cpu11 0
cpuinfo.user.cpu12 0
cpuinfo.nice.cpu12 0
cpuinfo.sys.cpu12 0
cpuinfo.wait.cpu12 0
cpuinfo.irq.cpu12 0
cpuinfo.soft.cpu12 0
cpuinfo.steal.cpu12 0
cpuinfo.idle.cpu12 100
cpuinfo.intrpt.cpu12 0
cputotals.systot.cpu12 0
cputotals.usertot.cpu12 0
cpuinfo.user.cpu13 0
cpuinfo.nice.cpu13 0
cpuinfo.sys.cpu13 0
cpuinfo.wait.cpu13 0
cpuinfo.irq.cpu13 0
cpuinfo.soft.cpu13 0
cpuinfo.steal.cpu13 0
cpuinfo.idle.cpu13 100
cpuinfo.intrpt.cpu13 0
cputotals.systot.cpu13 0
cputotals.usertot.cpu13 0
cpuinfo.user.cpu14 0
cpuinfo.nice.cpu14 0
cpuinfo.sys.cpu14 0
cpuinfo.wait.cpu14 0
cpuinfo.irq.cpu14 0
cpuinfo.soft.cpu14 0
cpuinfo.steal.cpu14 0
cpuinfo.idle.cpu14 100
cpuinfo.intrpt.cpu14 0
cputotals.systot.cpu14 0
cputotals.usertot.cpu14 0
cpuinfo.user.cpu15 0
cpuinfo.nice.cpu15 0
cpuinfo.sys.cpu15 0
cpuinfo.wait.cpu15 0
cpuinfo.irq.cpu15 0
cpuinfo.soft.cpu15 0
cpuinfo.steal.cpu15 0
cpuinfo.idle.cpu15 100
cpuinfo.intrpt.cpu15 0
cputotals.systot.cpu15 0
cputotals.usertot.cpu15 0
sample.time 1733967588.001
cputotals.num 16
cputotals.user 6
cputotals.nice 0
cputotals.sys 0
cputotals.wait 0
cputotals.irq 0
cputotals.soft 0
cputotals.steal 0
cputotals.idle 94
cputotals.systot 0
cputotals.usertot 6
cputotals.total 6
ctxint.ctx 176
ctxint.int 1162
proc.creates 0
proc.runq 651
proc.run 1
cpuload.avg1 2.37
cpuload.avg5 4.27
cpuload.avg15 2.67
disktotals.reads 0
disktotals.readkbs 0
disktotals.writes 2
disktotals.writekbs 24
meminfo.tot 32776372
meminfo.used 4989388
meminfo.free 27786984
meminfo.shared 0
meminfo.buf 104408
meminfo.cached 3269372
meminfo.slab 383664
meminfo.map 323136
meminfo.anon 864100
meminfo.anonH 0
meminfo.dirty 196
meminfo.locked 96
meminfo.inactive 1970336
meminfo.hugetot 0
meminfo.hugefree 0
meminfo.hugersvd 0
meminfo.sunreclaim 236092
swapinfo.total 8388604
swapinfo.free 8388604
swapinfo.used 0
swapinfo.in 0
swapinfo.out 0
pageinfo.fault 0
pageinfo.majfault 0
pageinfo.in 0
pageinfo.out 24
nettotals.kbin 0
nettotals.pktin 0
nettotals.kbout 0
nettotals.pktout 0
cpuinfo.user.cpu0 0
cpuinfo.nice.cpu0 0
cpuinfo.sys.cpu0 0
cpuinfo.wait.cpu0 0
cpuinfo.irq.cpu0 0
cpuinfo.soft.cpu0 0
cpuinfo.steal.cpu0 0
cpuinfo.idle.cpu0 100
cpuinfo.intrpt.cpu0 0
cputotals.systot.cpu0 0
cputotals.usertot.cpu0 0
cpuinfo.user.cpu1 0
cpuinfo.nice.cpu1 0
cpuinfo.sys.cpu1 0
cpuinfo.wait.cpu1 0
cpuinfo.irq.cpu1 0
cpuinfo.soft.cpu1 0
cpuinfo.steal.cpu1 0
cpuinfo.idle.cpu1 100
cpuinfo.intrpt.cpu1 0
cputotals.systot.cpu1 0
cputotals.usertot.cpu1 0
cpuinfo.user.cpu2 0
cpuinfo.nice.cpu2 0
cpuinfo.sys.cpu2 0
cpuinfo.wait.cpu2 0
cpuinfo.irq.cpu2 0
cpuinfo.soft.cpu2 0
cpuinfo.steal.cpu2 0
cpuinfo.idle.cpu2 100
cpuinfo.intrpt.cpu2 0
cputotals.systot.cpu2 0
cputotals.usertot.cpu2 0
cpuinfo.user.cpu3 0
cpuinfo.nice.cpu3 0
cpuinfo.sys.cpu3 0
cpuinfo.wait.cpu3 0
cpuinfo.irq.cpu3 0
cpuinfo.soft.cpu3 0
cpuinfo.steal.cpu3 0
cpuinfo.idle.cpu3 100
cpuinfo.intrpt.cpu3 0
cputotals.systot.cpu3 0
cputotals.usertot.cpu3 0
cpuinfo.user.cpu4 0
cpuinfo.nice.cpu4 0
cpuinfo.sys.cpu4 0
cpuinfo.wait.cpu4 0
cpuinfo.irq.cpu4 0
cpuinfo.soft.cpu4 0
cpuinfo.steal.cpu4 0
cpuinfo.idle.cpu4 100
cpuinfo.intrpt.cpu4 0
cputotals.systot.cpu4 0
cputotals.usertot.cpu4 0
cpuinfo.user.cpu5 0
cpuinfo.nice.cpu5 0
cpuinfo.sys.cpu5 0
cpuinfo.wait.cpu5 0
cpuinfo.irq.cpu5 0
cpuinfo.soft.cpu5 0
cpuinfo.steal.cpu5 0
cpuinfo.idle.cpu5 100
cpuinfo.intrpt.cpu5 0
cputotals.systot.cpu5 0
cputotals.usertot.cpu5 0
cpuinfo.user.cpu6 0
cpuinfo.nice.cpu6 0
cpuinfo.sys.cpu6 0
cpuinfo.wait.cpu6 0
cpuinfo.irq.cpu6 0
cpuinfo.soft.cpu6 0
cpuinfo.steal.cpu6 0
cpuinfo.idle.cpu6 100
cpuinfo.intrpt.cpu6 0
cputotals.systot.cpu6 0
cputotals.usertot.cpu6 0
cpuinfo.user.cpu7 0
cpuinfo.nice.cpu7 0
cpuinfo.sys.cpu7 0
cpuinfo.wait.cpu7 0
cpuinfo.irq.cpu7 0
cpuinfo.soft.cpu7 0
cpuinfo.steal.cpu7 0
cpuinfo.idle.cpu7 100
cpuinfo.intrpt.cpu7 0
cputotals.systot.cpu7 0
cputotals.usertot.cpu7 0
cpuinfo.user.cpu8 100
cpuinfo.nice.cpu8 0
cpuinfo.sys.cpu8 0
cpuinfo.wait.cpu8 0
cpuinfo.irq.cpu8 0
cpuinfo.soft.cpu8 0
cpuinfo.steal.cpu8 0
cpuinfo.idle.cpu8 0
cpuinfo.intrpt.cpu8 0
cputotals.systot.cpu8 0
cputotals.usertot.cpu8 100
cpuinfo.user.cpu9 0
cpuinfo.nice.cpu9 0
cpuinfo.sys.cpu9 0
cpuinfo.wait.cpu9 0
cpuinfo.irq.cpu9 0
cpuinfo.soft.cpu9 0
cpuinfo.steal.cpu9 0
cpuinfo.idle.cpu9 100
cpuinfo.intrpt.cpu9 0
cputotals.systot.cpu9 0
cputotals.usertot.cpu9 0
cpuinfo.user.cpu10 0
cpuinfo.nice.cpu10 0
cpuinfo.sys.cpu10 0
cpuinfo.wait.cpu10 0
cpuinfo.irq.cpu10 0
cpuinfo.soft.cpu10 0
cpuinfo.steal.cpu10 0
cpuinfo.idle.cpu10 100
cpuinfo.intrpt.cpu10 0
cputotals.systot.cpu10 0
cputotals.usertot.cpu10 0
cpuinfo.user.cpu11 0
cpuinfo.nice.cpu11 0
cpuinfo.sys.cpu11 0
cpuinfo.wait.cpu11 0
cpuinfo.irq.cpu11 0
cpuinfo.soft.cpu11 0
cpuinfo.steal.cpu11 0
cpuinfo.idle.cpu11 100
cpuinfo.intrpt.cpu11 0
cputotals.systot.cpu11 0
cputotals.usertot.cpu11 0
cpuinfo.user.cpu12 0
cpuinfo.nice.cpu12 0
cpuinfo.sys.cpu12 0
cpuinfo.wait.cpu12 0
cpuinfo.irq.cpu12 0
cpuinfo.soft.cpu12 0
cpuinfo.steal.cpu12 0
cpuinfo.idle.cpu12 100
cpuinfo.intrpt.cpu12 0
cputotals.systot.cpu12 0
cputotals.usertot.cpu12 0
cpuinfo.user.cpu13 0
cpuinfo.nice.cpu13 0
cpuinfo.sys.cpu13 0
cpuinfo.wait.cpu13 0
cpuinfo.irq.cpu13 0
cpuinfo.soft.cpu13 0
cpuinfo.steal.cpu13 0
cpuinfo.idle.cpu13 100
cpuinfo.intrpt.cpu13 0
cputotals.systot.cpu13 0
cputotals.usertot.cpu13 0
cpuinfo.user.cpu14 0
cpuinfo.nice.cpu14 0
cpuinfo.sys.cpu14 0
cpuinfo.wait.cpu14 0
cpuinfo.irq.cpu14 0
cpuinfo.soft.cpu14 0
cpuinfo.steal.cpu14 0
cpuinfo.idle.cpu14 100
cpuinfo.intrpt.cpu14 0
cputotals.systot.cpu14 0
cputotals.usertot.cpu14 0
cpuinfo.user.cpu15 0
cpuinfo.nice.cpu15 0
cpuinfo.sys.cpu15 0
cpuinfo.wait.cpu15 0
cpuinfo.irq.cpu15 0
cpuinfo.soft.cpu15 0
cpuinfo.steal.cpu15 0
cpuinfo.idle.cpu15 100
cpuinfo.intrpt.cpu15 0
cputotals.systot.cpu15 0
cputotals.usertot.cpu15 0
Shutting down in response to signal TERM on System-Product-Name...
