       1     0.120805     0.00006358
       2     0.238302     0.00006430
       3     0.344745     0.00006659
       4     0.460794     0.00006645
       6     0.692972     0.00006625
       8     0.916499     0.00006683
      12     1.378170     0.00006664
      13     1.496080     0.00006655
      16     1.880640     0.00006521
      19     2.257965     0.00006459
      21     2.512874     0.00006424
      24     2.871822     0.00006423
      27     3.279473     0.00006326
      29     3.356131     0.00006620
      32     3.709576     0.00006610
      35     4.015114     0.00006684
      45     5.124150     0.00006732
      48     5.366348     0.00006843
      51     5.696421     0.00006850
      61     6.872615     0.00006789
      64     7.172102     0.00006824
      67     7.513915     0.00006819
      93    10.559964     0.00006740
      96    10.752534     0.00006832
      99    11.124492     0.00006817
     125    14.292658     0.00006738
     128    14.517125     0.00006789
     131    14.806244     0.00006806
     189    20.840808     0.00006969
     192    20.923320     0.00007041
     195    20.877961     0.00007166
     253    26.414018     0.00007339
     256    26.350864     0.00007441
     259    26.420010     0.00007497
     381    37.415894     0.00007786
     384    37.436007     0.00007840
     387    37.601104     0.00007866
     509    47.688728     0.00008160
     512    47.643825     0.00008217
     515    48.605794     0.00008109
     765    68.177688     0.00008611
     768    67.425969     0.00008743
     771    67.616088     0.00008754
    1021    84.854556     0.00009216
    1024    83.683884     0.00009375
    1027    83.920783     0.00009366
    1533   102.787240     0.00011482
    1536   101.487799     0.00011635
    1539   101.896341     0.00011602
    2045   132.303225     0.00011905
    2048   132.180313     0.00011929
    2051   132.104882     0.00011962
    3069   173.073608     0.00013652
    3072   174.658911     0.00013517
    3075   172.877165     0.00013746
    4093   185.984037     0.00017194
    4096   154.370103     0.00020332
    4099   155.310282     0.00020224
    6141   213.716214     0.00022058
    6144   203.434068     0.00023159
    6147   195.762421     0.00024047
    8189   225.681369     0.00027799
    8192   220.156829     0.00028481
    8195   214.837710     0.00029408
   12285   238.124127     0.00039528
   12288   223.060778     0.00042084
   12291   221.417732     0.00042410
   16381   236.075327     0.00053078
   16384   226.747512     0.00055183
   16387   223.838046     0.00056431
   24573   238.418499     0.00078870
   24576   226.239190     0.00082913
   24579   224.232091     0.00083757
   32765   238.715092     0.00104959
   32768   230.088901     0.00108713
   32771   223.184326     0.00113073
   49149   240.840477     0.00156025
   49152   232.987184     0.00161086
   49155   259.562426     0.00148701
   65533   200.026812     0.00250284
   65536   205.249091     0.00243897
   65539   196.956418     0.00257273
   98301   216.677276     0.00346581
   98304   211.897101     0.00354242
   98307   202.098866     0.00377560
  131069   183.184473     0.00552020
  131072   168.776488     0.00604035
  131075   170.808424     0.00597798
  196605   205.286526     0.00733342
  196608   205.638536     0.00730405
  196611   197.192479     0.00763674
  262141   202.301175     0.01011408
  262144   207.712326     0.00967006
  262147   200.398351     0.01006745
  393213   223.180844     0.01349711
  393216   216.077031     0.01391444
  393219   211.188586     0.01427030
  524285   226.642531     0.01780017
  524288   220.055152     0.01836910
  524291   203.536868     0.01979688
  786429   224.055754     0.02697991
  786432   219.262113     0.02753397
  786435   219.991356     0.02743619
 1048573   227.713293     0.03529491
 1048576   226.872152     0.03537526
 1048579   220.431729     0.03655799
 1572861   215.505355     0.05651775
 1572864   204.331027     0.05921866
 1572867   215.411061     0.05616606
 2097149   224.498377     0.07204836
 2097152   228.904790     0.07020780
 2097155   226.404144     0.07108480
 3145725   225.953052     0.10756645
 3145728   217.453730     0.11179654
 3145731   222.426550     0.10847250
 4194301   212.657975     0.15532497
 4194304   192.804629     0.17139912
 4194307   198.705688     0.16471397
 6291453   200.078639     0.24648907
 6291456   184.896157     0.26921670
 6291459   191.512042     0.26122370
 8388605   200.981887     0.33068453
 8388608   173.822134     0.38972767
 8388611   280.883082     0.28596901
