waiting for 1 second sample...
sample.time 1733878023.001
cputotals.num 16
cputotals.user 13
cputotals.nice 0
cputotals.sys 0
cputotals.wait 0
cputotals.irq 0
cputotals.soft 0
cputotals.steal 0
cputotals.idle 87
cputotals.systot 0
cputotals.usertot 13
cputotals.total 13
ctxint.ctx 1789
ctxint.int 3855
proc.creates 33
proc.runq 2332
proc.run 2
cpuload.avg1 1.41
cpuload.avg5 6.64
cpuload.avg15 8.43
disktotals.reads 0
disktotals.readkbs 0
disktotals.writes 6
disktotals.writekbs 216
meminfo.tot 32776376
meminfo.used 17147376
meminfo.free 15629000
meminfo.shared 0
meminfo.buf 244412
meminfo.cached 11032876
meminfo.slab 824140
meminfo.map 1069768
meminfo.anon 4448328
meminfo.anonH 0
meminfo.dirty 1360
meminfo.locked 104
meminfo.inactive 10104204
meminfo.hugetot 0
meminfo.hugefree 0
meminfo.hugersvd 0
meminfo.sunreclaim 357836
swapinfo.total 8388604
swapinfo.free 8388604
swapinfo.used 0
swapinfo.in 0
swapinfo.out 0
pageinfo.fault 5897
pageinfo.majfault 0
pageinfo.in 0
pageinfo.out 216
nettotals.kbin 0
nettotals.pktin 0
nettotals.kbout 0
nettotals.pktout 0
cpuinfo.user.cpu0 100
cpuinfo.nice.cpu0 0
cpuinfo.sys.cpu0 0
cpuinfo.wait.cpu0 0
cpuinfo.irq.cpu0 0
cpuinfo.soft.cpu0 0
cpuinfo.steal.cpu0 0
cpuinfo.idle.cpu0 0
cpuinfo.intrpt.cpu0 0
cputotals.systot.cpu0 0
cputotals.usertot.cpu0 100
cpuinfo.user.cpu1 0
cpuinfo.nice.cpu1 0
cpuinfo.sys.cpu1 0
cpuinfo.wait.cpu1 0
cpuinfo.irq.cpu1 0
cpuinfo.soft.cpu1 0
cpuinfo.steal.cpu1 0
cpuinfo.idle.cpu1 100
cpuinfo.intrpt.cpu1 0
cputotals.systot.cpu1 0
cputotals.usertot.cpu1 0
cpuinfo.user.cpu2 0
cpuinfo.nice.cpu2 0
cpuinfo.sys.cpu2 1
cpuinfo.wait.cpu2 0
cpuinfo.irq.cpu2 0
cpuinfo.soft.cpu2 0
cpuinfo.steal.cpu2 0
cpuinfo.idle.cpu2 99
cpuinfo.intrpt.cpu2 0
cputotals.systot.cpu2 1
cputotals.usertot.cpu2 0
cpuinfo.user.cpu3 0
cpuinfo.nice.cpu3 0
cpuinfo.sys.cpu3 0
cpuinfo.wait.cpu3 0
cpuinfo.irq.cpu3 0
cpuinfo.soft.cpu3 0
cpuinfo.steal.cpu3 0
cpuinfo.idle.cpu3 100
cpuinfo.intrpt.cpu3 0
cputotals.systot.cpu3 0
cputotals.usertot.cpu3 0
cpuinfo.user.cpu4 0
cpuinfo.nice.cpu4 0
cpuinfo.sys.cpu4 0
cpuinfo.wait.cpu4 0
cpuinfo.irq.cpu4 0
cpuinfo.soft.cpu4 0
cpuinfo.steal.cpu4 0
cpuinfo.idle.cpu4 100
cpuinfo.intrpt.cpu4 0
cputotals.systot.cpu4 0
cputotals.usertot.cpu4 0
cpuinfo.user.cpu5 0
cpuinfo.nice.cpu5 0
cpuinfo.sys.cpu5 1
cpuinfo.wait.cpu5 0
cpuinfo.irq.cpu5 0
cpuinfo.soft.cpu5 0
cpuinfo.steal.cpu5 0
cpuinfo.idle.cpu5 99
cpuinfo.intrpt.cpu5 0
cputotals.systot.cpu5 1
cputotals.usertot.cpu5 0
cpuinfo.user.cpu6 0
cpuinfo.nice.cpu6 0
cpuinfo.sys.cpu6 0
cpuinfo.wait.cpu6 0
cpuinfo.irq.cpu6 0
cpuinfo.soft.cpu6 0
cpuinfo.steal.cpu6 0
cpuinfo.idle.cpu6 100
cpuinfo.intrpt.cpu6 0
cputotals.systot.cpu6 0
cputotals.usertot.cpu6 0
cpuinfo.user.cpu7 2
cpuinfo.nice.cpu7 0
cpuinfo.sys.cpu7 2
cpuinfo.wait.cpu7 0
cpuinfo.irq.cpu7 0
cpuinfo.soft.cpu7 0
cpuinfo.steal.cpu7 0
cpuinfo.idle.cpu7 96
cpuinfo.intrpt.cpu7 0
cputotals.systot.cpu7 2
cputotals.usertot.cpu7 2
cpuinfo.user.cpu8 100
cpuinfo.nice.cpu8 0
cpuinfo.sys.cpu8 0
cpuinfo.wait.cpu8 0
cpuinfo.irq.cpu8 0
cpuinfo.soft.cpu8 0
cpuinfo.steal.cpu8 0
cpuinfo.idle.cpu8 0
cpuinfo.intrpt.cpu8 0
cputotals.systot.cpu8 0
cputotals.usertot.cpu8 100
cpuinfo.user.cpu9 1
cpuinfo.nice.cpu9 0
cpuinfo.sys.cpu9 0
cpuinfo.wait.cpu9 0
cpuinfo.irq.cpu9 0
cpuinfo.soft.cpu9 0
cpuinfo.steal.cpu9 0
cpuinfo.idle.cpu9 99
cpuinfo.intrpt.cpu9 0
cputotals.systot.cpu9 0
cputotals.usertot.cpu9 1
cpuinfo.user.cpu10 0
cpuinfo.nice.cpu10 0
cpuinfo.sys.cpu10 0
cpuinfo.wait.cpu10 0
cpuinfo.irq.cpu10 0
cpuinfo.soft.cpu10 0
cpuinfo.steal.cpu10 0
cpuinfo.idle.cpu10 100
cpuinfo.intrpt.cpu10 0
cputotals.systot.cpu10 0
cputotals.usertot.cpu10 0
cpuinfo.user.cpu11 0
cpuinfo.nice.cpu11 0
cpuinfo.sys.cpu11 0
cpuinfo.wait.cpu11 0
cpuinfo.irq.cpu11 0
cpuinfo.soft.cpu11 0
cpuinfo.steal.cpu11 0
cpuinfo.idle.cpu11 100
cpuinfo.intrpt.cpu11 0
cputotals.systot.cpu11 0
cputotals.usertot.cpu11 0
cpuinfo.user.cpu12 0
cpuinfo.nice.cpu12 0
cpuinfo.sys.cpu12 0
cpuinfo.wait.cpu12 0
cpuinfo.irq.cpu12 0
cpuinfo.soft.cpu12 0
cpuinfo.steal.cpu12 0
cpuinfo.idle.cpu12 100
cpuinfo.intrpt.cpu12 0
cputotals.systot.cpu12 0
cputotals.usertot.cpu12 0
cpuinfo.user.cpu13 1
cpuinfo.nice.cpu13 0
cpuinfo.sys.cpu13 0
cpuinfo.wait.cpu13 0
cpuinfo.irq.cpu13 0
cpuinfo.soft.cpu13 0
cpuinfo.steal.cpu13 0
cpuinfo.idle.cpu13 99
cpuinfo.intrpt.cpu13 0
cputotals.systot.cpu13 0
cputotals.usertot.cpu13 1
cpuinfo.user.cpu14 2
cpuinfo.nice.cpu14 0
cpuinfo.sys.cpu14 0
cpuinfo.wait.cpu14 0
cpuinfo.irq.cpu14 0
cpuinfo.soft.cpu14 0
cpuinfo.steal.cpu14 0
cpuinfo.idle.cpu14 98
cpuinfo.intrpt.cpu14 0
cputotals.systot.cpu14 0
cputotals.usertot.cpu14 2
cpuinfo.user.cpu15 0
cpuinfo.nice.cpu15 0
cpuinfo.sys.cpu15 0
cpuinfo.wait.cpu15 0
cpuinfo.irq.cpu15 0
cpuinfo.soft.cpu15 0
cpuinfo.steal.cpu15 0
cpuinfo.idle.cpu15 100
cpuinfo.intrpt.cpu15 0
cputotals.systot.cpu15 0
cputotals.usertot.cpu15 0
sample.time 1733878024.001
cputotals.num 16
cputotals.user 15
cputotals.nice 0
cputotals.sys 1
cputotals.wait 0
cputotals.irq 0
cputotals.soft 0
cputotals.steal 0
cputotals.idle 84
cputotals.systot 1
cputotals.usertot 15
cputotals.total 16
ctxint.ctx 3126
ctxint.int 5106
proc.creates 47
proc.runq 2332
proc.run 2
cpuload.avg1 1.41
cpuload.avg5 6.64
cpuload.avg15 8.43
disktotals.reads 0
disktotals.readkbs 0
disktotals.writes 0
disktotals.writekbs 0
meminfo.tot 32776376
meminfo.used 17154852
meminfo.free 15621524
meminfo.shared 0
meminfo.buf 244412
meminfo.cached 11036032
meminfo.slab 824140
meminfo.map 1069788
meminfo.anon 4448928
meminfo.anonH 0
meminfo.dirty 1388
meminfo.locked 104
meminfo.inactive 10104228
meminfo.hugetot 0
meminfo.hugefree 0
meminfo.hugersvd 0
meminfo.sunreclaim 357836
swapinfo.total 8388604
swapinfo.free 8388604
swapinfo.used 0
swapinfo.in 0
swapinfo.out 0
pageinfo.fault 17333
pageinfo.majfault 0
pageinfo.in 0
pageinfo.out 0
nettotals.kbin 0
nettotals.pktin 0
nettotals.kbout 0
nettotals.pktout 0
cpuinfo.user.cpu0 100
cpuinfo.nice.cpu0 0
cpuinfo.sys.cpu0 0
cpuinfo.wait.cpu0 0
cpuinfo.irq.cpu0 0
cpuinfo.soft.cpu0 0
cpuinfo.steal.cpu0 0
cpuinfo.idle.cpu0 0
cpuinfo.intrpt.cpu0 0
cputotals.systot.cpu0 0
cputotals.usertot.cpu0 100
cpuinfo.user.cpu1 1
cpuinfo.nice.cpu1 0
cpuinfo.sys.cpu1 1
cpuinfo.wait.cpu1 0
cpuinfo.irq.cpu1 0
cpuinfo.soft.cpu1 0
cpuinfo.steal.cpu1 0
cpuinfo.idle.cpu1 98
cpuinfo.intrpt.cpu1 0
cputotals.systot.cpu1 1
cputotals.usertot.cpu1 1
cpuinfo.user.cpu2 3
cpuinfo.nice.cpu2 0
cpuinfo.sys.cpu2 1
cpuinfo.wait.cpu2 0
cpuinfo.irq.cpu2 0
cpuinfo.soft.cpu2 0
cpuinfo.steal.cpu2 0
cpuinfo.idle.cpu2 96
cpuinfo.intrpt.cpu2 0
cputotals.systot.cpu2 1
cputotals.usertot.cpu2 3
cpuinfo.user.cpu3 7
cpuinfo.nice.cpu3 0
cpuinfo.sys.cpu3 3
cpuinfo.wait.cpu3 1
cpuinfo.irq.cpu3 0
cpuinfo.soft.cpu3 0
cpuinfo.steal.cpu3 0
cpuinfo.idle.cpu3 89
cpuinfo.intrpt.cpu3 0
cputotals.systot.cpu3 3
cputotals.usertot.cpu3 7
cpuinfo.user.cpu4 2
cpuinfo.nice.cpu4 0
cpuinfo.sys.cpu4 1
cpuinfo.wait.cpu4 0
cpuinfo.irq.cpu4 0
cpuinfo.soft.cpu4 0
cpuinfo.steal.cpu4 0
cpuinfo.idle.cpu4 97
cpuinfo.intrpt.cpu4 0
cputotals.systot.cpu4 1
cputotals.usertot.cpu4 2
cpuinfo.user.cpu5 0
cpuinfo.nice.cpu5 0
cpuinfo.sys.cpu5 0
cpuinfo.wait.cpu5 0
cpuinfo.irq.cpu5 0
cpuinfo.soft.cpu5 0
cpuinfo.steal.cpu5 0
cpuinfo.idle.cpu5 100
cpuinfo.intrpt.cpu5 0
cputotals.systot.cpu5 0
cputotals.usertot.cpu5 0
cpuinfo.user.cpu6 15
cpuinfo.nice.cpu6 0
cpuinfo.sys.cpu6 4
cpuinfo.wait.cpu6 0
cpuinfo.irq.cpu6 0
cpuinfo.soft.cpu6 0
cpuinfo.steal.cpu6 0
cpuinfo.idle.cpu6 81
cpuinfo.intrpt.cpu6 0
cputotals.systot.cpu6 4
cputotals.usertot.cpu6 15
cpuinfo.user.cpu7 9
cpuinfo.nice.cpu7 0
cpuinfo.sys.cpu7 0
cpuinfo.wait.cpu7 0
cpuinfo.irq.cpu7 0
cpuinfo.soft.cpu7 0
cpuinfo.steal.cpu7 0
cpuinfo.idle.cpu7 91
cpuinfo.intrpt.cpu7 0
cputotals.systot.cpu7 0
cputotals.usertot.cpu7 9
cpuinfo.user.cpu8 100
cpuinfo.nice.cpu8 0
cpuinfo.sys.cpu8 0
cpuinfo.wait.cpu8 0
cpuinfo.irq.cpu8 0
cpuinfo.soft.cpu8 0
cpuinfo.steal.cpu8 0
cpuinfo.idle.cpu8 0
cpuinfo.intrpt.cpu8 0
cputotals.systot.cpu8 0
cputotals.usertot.cpu8 100
cpuinfo.user.cpu9 4
cpuinfo.nice.cpu9 0
cpuinfo.sys.cpu9 0
cpuinfo.wait.cpu9 0
cpuinfo.irq.cpu9 0
cpuinfo.soft.cpu9 0
cpuinfo.steal.cpu9 0
cpuinfo.idle.cpu9 96
cpuinfo.intrpt.cpu9 0
cputotals.systot.cpu9 0
cputotals.usertot.cpu9 4
cpuinfo.user.cpu10 0
cpuinfo.nice.cpu10 0
cpuinfo.sys.cpu10 1
cpuinfo.wait.cpu10 0
cpuinfo.irq.cpu10 0
cpuinfo.soft.cpu10 0
cpuinfo.steal.cpu10 0
cpuinfo.idle.cpu10 99
cpuinfo.intrpt.cpu10 0
cputotals.systot.cpu10 1
cputotals.usertot.cpu10 0
cpuinfo.user.cpu11 1
cpuinfo.nice.cpu11 0
cpuinfo.sys.cpu11 0
cpuinfo.wait.cpu11 0
cpuinfo.irq.cpu11 0
cpuinfo.soft.cpu11 0
cpuinfo.steal.cpu11 0
cpuinfo.idle.cpu11 99
cpuinfo.intrpt.cpu11 0
cputotals.systot.cpu11 0
cputotals.usertot.cpu11 1
cpuinfo.user.cpu12 0
cpuinfo.nice.cpu12 0
cpuinfo.sys.cpu12 1
cpuinfo.wait.cpu12 0
cpuinfo.irq.cpu12 0
cpuinfo.soft.cpu12 0
cpuinfo.steal.cpu12 0
cpuinfo.idle.cpu12 99
cpuinfo.intrpt.cpu12 0
cputotals.systot.cpu12 1
cputotals.usertot.cpu12 0
cpuinfo.user.cpu13 0
cpuinfo.nice.cpu13 0
cpuinfo.sys.cpu13 1
cpuinfo.wait.cpu13 0
cpuinfo.irq.cpu13 0
cpuinfo.soft.cpu13 0
cpuinfo.steal.cpu13 0
cpuinfo.idle.cpu13 99
cpuinfo.intrpt.cpu13 0
cputotals.systot.cpu13 1
cputotals.usertot.cpu13 0
cpuinfo.user.cpu14 3
cpuinfo.nice.cpu14 0
cpuinfo.sys.cpu14 0
cpuinfo.wait.cpu14 0
cpuinfo.irq.cpu14 0
cpuinfo.soft.cpu14 0
cpuinfo.steal.cpu14 0
cpuinfo.idle.cpu14 97
cpuinfo.intrpt.cpu14 0
cputotals.systot.cpu14 0
cputotals.usertot.cpu14 3
cpuinfo.user.cpu15 0
cpuinfo.nice.cpu15 0
cpuinfo.sys.cpu15 0
cpuinfo.wait.cpu15 0
cpuinfo.irq.cpu15 0
cpuinfo.soft.cpu15 0
cpuinfo.steal.cpu15 0
cpuinfo.idle.cpu15 100
cpuinfo.intrpt.cpu15 0
cputotals.systot.cpu15 0
cputotals.usertot.cpu15 0
sample.time 1733878025.001
cputotals.num 16
cputotals.user 13
cputotals.nice 0
cputotals.sys 0
cputotals.wait 0
cputotals.irq 0
cputotals.soft 0
cputotals.steal 0
cputotals.idle 87
cputotals.systot 0
cputotals.usertot 13
cputotals.total 13
ctxint.ctx 1522
ctxint.int 3538
proc.creates 10
proc.runq 2334
proc.run 2
cpuload.avg1 1.41
cpuload.avg5 6.64
cpuload.avg15 8.43
disktotals.reads 0
disktotals.readkbs 0
disktotals.writes 0
disktotals.writekbs 0
meminfo.tot 32776376
meminfo.used 17150280
meminfo.free 15626096
meminfo.shared 0
meminfo.buf 244412
meminfo.cached 11036048
meminfo.slab 824132
meminfo.map 1069788
meminfo.anon 4450672
meminfo.anonH 0
meminfo.dirty 1412
meminfo.locked 104
meminfo.inactive 10104232
meminfo.hugetot 0
meminfo.hugefree 0
meminfo.hugersvd 0
meminfo.sunreclaim 357828
swapinfo.total 8388604
swapinfo.free 8388604
swapinfo.used 0
swapinfo.in 0
swapinfo.out 0
pageinfo.fault 2821
pageinfo.majfault 0
pageinfo.in 0
pageinfo.out 0
nettotals.kbin 0
nettotals.pktin 0
nettotals.kbout 0
nettotals.pktout 0
cpuinfo.user.cpu0 100
cpuinfo.nice.cpu0 0
cpuinfo.sys.cpu0 0
cpuinfo.wait.cpu0 0
cpuinfo.irq.cpu0 0
cpuinfo.soft.cpu0 0
cpuinfo.steal.cpu0 0
cpuinfo.idle.cpu0 0
cpuinfo.intrpt.cpu0 0
cputotals.systot.cpu0 0
cputotals.usertot.cpu0 100
cpuinfo.user.cpu1 0
cpuinfo.nice.cpu1 0
cpuinfo.sys.cpu1 0
cpuinfo.wait.cpu1 0
cpuinfo.irq.cpu1 0
cpuinfo.soft.cpu1 0
cpuinfo.steal.cpu1 0
cpuinfo.idle.cpu1 100
cpuinfo.intrpt.cpu1 0
cputotals.systot.cpu1 0
cputotals.usertot.cpu1 0
cpuinfo.user.cpu2 0
cpuinfo.nice.cpu2 0
cpuinfo.sys.cpu2 1
cpuinfo.wait.cpu2 0
cpuinfo.irq.cpu2 0
cpuinfo.soft.cpu2 0
cpuinfo.steal.cpu2 0
cpuinfo.idle.cpu2 99
cpuinfo.intrpt.cpu2 0
cputotals.systot.cpu2 1
cputotals.usertot.cpu2 0
cpuinfo.user.cpu3 0
cpuinfo.nice.cpu3 0
cpuinfo.sys.cpu3 0
cpuinfo.wait.cpu3 0
cpuinfo.irq.cpu3 0
cpuinfo.soft.cpu3 0
cpuinfo.steal.cpu3 0
cpuinfo.idle.cpu3 100
cpuinfo.intrpt.cpu3 0
cputotals.systot.cpu3 0
cputotals.usertot.cpu3 0
cpuinfo.user.cpu4 0
cpuinfo.nice.cpu4 0
cpuinfo.sys.cpu4 0
cpuinfo.wait.cpu4 0
cpuinfo.irq.cpu4 0
cpuinfo.soft.cpu4 0
cpuinfo.steal.cpu4 0
cpuinfo.idle.cpu4 100
cpuinfo.intrpt.cpu4 0
cputotals.systot.cpu4 0
cputotals.usertot.cpu4 0
cpuinfo.user.cpu5 0
cpuinfo.nice.cpu5 0
cpuinfo.sys.cpu5 0
cpuinfo.wait.cpu5 0
cpuinfo.irq.cpu5 0
cpuinfo.soft.cpu5 0
cpuinfo.steal.cpu5 0
cpuinfo.idle.cpu5 100
cpuinfo.intrpt.cpu5 0
cputotals.systot.cpu5 0
cputotals.usertot.cpu5 0
cpuinfo.user.cpu6 0
cpuinfo.nice.cpu6 0
cpuinfo.sys.cpu6 0
cpuinfo.wait.cpu6 0
cpuinfo.irq.cpu6 0
cpuinfo.soft.cpu6 0
cpuinfo.steal.cpu6 0
cpuinfo.idle.cpu6 100
cpuinfo.intrpt.cpu6 0
cputotals.systot.cpu6 0
cputotals.usertot.cpu6 0
cpuinfo.user.cpu7 1
cpuinfo.nice.cpu7 0
cpuinfo.sys.cpu7 1
cpuinfo.wait.cpu7 0
cpuinfo.irq.cpu7 0
cpuinfo.soft.cpu7 0
cpuinfo.steal.cpu7 0
cpuinfo.idle.cpu7 98
cpuinfo.intrpt.cpu7 0
cputotals.systot.cpu7 1
cputotals.usertot.cpu7 1
cpuinfo.user.cpu8 100
cpuinfo.nice.cpu8 0
cpuinfo.sys.cpu8 0
cpuinfo.wait.cpu8 0
cpuinfo.irq.cpu8 0
cpuinfo.soft.cpu8 0
cpuinfo.steal.cpu8 0
cpuinfo.idle.cpu8 0
cpuinfo.intrpt.cpu8 0
cputotals.systot.cpu8 0
cputotals.usertot.cpu8 100
cpuinfo.user.cpu9 1
cpuinfo.nice.cpu9 0
cpuinfo.sys.cpu9 1
cpuinfo.wait.cpu9 0
cpuinfo.irq.cpu9 0
cpuinfo.soft.cpu9 0
cpuinfo.steal.cpu9 0
cpuinfo.idle.cpu9 98
cpuinfo.intrpt.cpu9 0
cputotals.systot.cpu9 1
cputotals.usertot.cpu9 1
cpuinfo.user.cpu10 0
cpuinfo.nice.cpu10 0
cpuinfo.sys.cpu10 0
cpuinfo.wait.cpu10 0
cpuinfo.irq.cpu10 0
cpuinfo.soft.cpu10 0
cpuinfo.steal.cpu10 0
cpuinfo.idle.cpu10 100
cpuinfo.intrpt.cpu10 0
cputotals.systot.cpu10 0
cputotals.usertot.cpu10 0
cpuinfo.user.cpu11 0
cpuinfo.nice.cpu11 0
cpuinfo.sys.cpu11 0
cpuinfo.wait.cpu11 0
cpuinfo.irq.cpu11 0
cpuinfo.soft.cpu11 0
cpuinfo.steal.cpu11 0
cpuinfo.idle.cpu11 100
cpuinfo.intrpt.cpu11 0
cputotals.systot.cpu11 0
cputotals.usertot.cpu11 0
cpuinfo.user.cpu12 0
cpuinfo.nice.cpu12 0
cpuinfo.sys.cpu12 0
cpuinfo.wait.cpu12 0
cpuinfo.irq.cpu12 0
cpuinfo.soft.cpu12 0
cpuinfo.steal.cpu12 0
cpuinfo.idle.cpu12 100
cpuinfo.intrpt.cpu12 0
cputotals.systot.cpu12 0
cputotals.usertot.cpu12 0
cpuinfo.user.cpu13 1
cpuinfo.nice.cpu13 0
cpuinfo.sys.cpu13 1
cpuinfo.wait.cpu13 0
cpuinfo.irq.cpu13 0
cpuinfo.soft.cpu13 0
cpuinfo.steal.cpu13 0
cpuinfo.idle.cpu13 98
cpuinfo.intrpt.cpu13 0
cputotals.systot.cpu13 1
cputotals.usertot.cpu13 1
cpuinfo.user.cpu14 2
cpuinfo.nice.cpu14 0
cpuinfo.sys.cpu14 0
cpuinfo.wait.cpu14 0
cpuinfo.irq.cpu14 0
cpuinfo.soft.cpu14 0
cpuinfo.steal.cpu14 0
cpuinfo.idle.cpu14 98
cpuinfo.intrpt.cpu14 0
cputotals.systot.cpu14 0
cputotals.usertot.cpu14 2
cpuinfo.user.cpu15 0
cpuinfo.nice.cpu15 0
cpuinfo.sys.cpu15 0
cpuinfo.wait.cpu15 0
cpuinfo.irq.cpu15 0
cpuinfo.soft.cpu15 0
cpuinfo.steal.cpu15 0
cpuinfo.idle.cpu15 100
cpuinfo.intrpt.cpu15 0
cputotals.systot.cpu15 0
cputotals.usertot.cpu15 0
sample.time 1733878026.001
cputotals.num 16
cputotals.user 15
cputotals.nice 0
cputotals.sys 1
cputotals.wait 0
cputotals.irq 0
cputotals.soft 0
cputotals.steal 0
cputotals.idle 85
cputotals.systot 1
cputotals.usertot 15
cputotals.total 15
ctxint.ctx 2043
ctxint.int 4596
proc.creates 42
proc.runq 2333
proc.run 2
cpuload.avg1 1.41
cpuload.avg5 6.64
cpuload.avg15 8.43
disktotals.reads 0
disktotals.readkbs 0
disktotals.writes 36
disktotals.writekbs 236
meminfo.tot 32776376
meminfo.used 17151416
meminfo.free 15624960
meminfo.shared 0
meminfo.buf 244412
meminfo.cached 11032928
meminfo.slab 824144
meminfo.map 1069768
meminfo.anon 4450652
meminfo.anonH 0
meminfo.dirty 1168
meminfo.locked 104
meminfo.inactive 10104272
meminfo.hugetot 0
meminfo.hugefree 0
meminfo.hugersvd 0
meminfo.sunreclaim 357840
swapinfo.total 8388604
swapinfo.free 8388604
swapinfo.used 0
swapinfo.in 0
swapinfo.out 0
pageinfo.fault 12280
pageinfo.majfault 0
pageinfo.in 0
pageinfo.out 236
nettotals.kbin 0
nettotals.pktin 0
nettotals.kbout 0
nettotals.pktout 0
cpuinfo.user.cpu0 100
cpuinfo.nice.cpu0 0
cpuinfo.sys.cpu0 0
cpuinfo.wait.cpu0 0
cpuinfo.irq.cpu0 0
cpuinfo.soft.cpu0 0
cpuinfo.steal.cpu0 0
cpuinfo.idle.cpu0 0
cpuinfo.intrpt.cpu0 0
cputotals.systot.cpu0 0
cputotals.usertot.cpu0 100
cpuinfo.user.cpu1 0
cpuinfo.nice.cpu1 0
cpuinfo.sys.cpu1 0
cpuinfo.wait.cpu1 0
cpuinfo.irq.cpu1 0
cpuinfo.soft.cpu1 0
cpuinfo.steal.cpu1 0
cpuinfo.idle.cpu1 100
cpuinfo.intrpt.cpu1 0
cputotals.systot.cpu1 0
cputotals.usertot.cpu1 0
cpuinfo.user.cpu2 0
cpuinfo.nice.cpu2 0
cpuinfo.sys.cpu2 0
cpuinfo.wait.cpu2 0
cpuinfo.irq.cpu2 0
cpuinfo.soft.cpu2 0
cpuinfo.steal.cpu2 0
cpuinfo.idle.cpu2 100
cpuinfo.intrpt.cpu2 0
cputotals.systot.cpu2 0
cputotals.usertot.cpu2 0
cpuinfo.user.cpu3 7
cpuinfo.nice.cpu3 0
cpuinfo.sys.cpu3 2
cpuinfo.wait.cpu3 0
cpuinfo.irq.cpu3 0
cpuinfo.soft.cpu3 0
cpuinfo.steal.cpu3 0
cpuinfo.idle.cpu3 91
cpuinfo.intrpt.cpu3 0
cputotals.systot.cpu3 2
cputotals.usertot.cpu3 7
cpuinfo.user.cpu4 1
cpuinfo.nice.cpu4 0
cpuinfo.sys.cpu4 0
cpuinfo.wait.cpu4 0
cpuinfo.irq.cpu4 0
cpuinfo.soft.cpu4 0
cpuinfo.steal.cpu4 0
cpuinfo.idle.cpu4 99
cpuinfo.intrpt.cpu4 0
cputotals.systot.cpu4 0
cputotals.usertot.cpu4 1
cpuinfo.user.cpu5 1
cpuinfo.nice.cpu5 0
cpuinfo.sys.cpu5 0
cpuinfo.wait.cpu5 0
cpuinfo.irq.cpu5 0
cpuinfo.soft.cpu5 0
cpuinfo.steal.cpu5 0
cpuinfo.idle.cpu5 99
cpuinfo.intrpt.cpu5 0
cputotals.systot.cpu5 0
cputotals.usertot.cpu5 1
cpuinfo.user.cpu6 15
cpuinfo.nice.cpu6 0
cpuinfo.sys.cpu6 4
cpuinfo.wait.cpu6 0
cpuinfo.irq.cpu6 0
cpuinfo.soft.cpu6 0
cpuinfo.steal.cpu6 0
cpuinfo.idle.cpu6 81
cpuinfo.intrpt.cpu6 0
cputotals.systot.cpu6 4
cputotals.usertot.cpu6 15
cpuinfo.user.cpu7 0
cpuinfo.nice.cpu7 0
cpuinfo.sys.cpu7 0
cpuinfo.wait.cpu7 0
cpuinfo.irq.cpu7 0
cpuinfo.soft.cpu7 0
cpuinfo.steal.cpu7 0
cpuinfo.idle.cpu7 100
cpuinfo.intrpt.cpu7 0
cputotals.systot.cpu7 0
cputotals.usertot.cpu7 0
cpuinfo.user.cpu8 100
cpuinfo.nice.cpu8 0
cpuinfo.sys.cpu8 0
cpuinfo.wait.cpu8 0
cpuinfo.irq.cpu8 0
cpuinfo.soft.cpu8 0
cpuinfo.steal.cpu8 0
cpuinfo.idle.cpu8 0
cpuinfo.intrpt.cpu8 0
cputotals.systot.cpu8 0
cputotals.usertot.cpu8 100
cpuinfo.user.cpu9 3
cpuinfo.nice.cpu9 0
cpuinfo.sys.cpu9 0
cpuinfo.wait.cpu9 0
cpuinfo.irq.cpu9 0
cpuinfo.soft.cpu9 0
cpuinfo.steal.cpu9 0
cpuinfo.idle.cpu9 97
cpuinfo.intrpt.cpu9 0
cputotals.systot.cpu9 0
cputotals.usertot.cpu9 3
cpuinfo.user.cpu10 1
cpuinfo.nice.cpu10 0
cpuinfo.sys.cpu10 0
cpuinfo.wait.cpu10 0
cpuinfo.irq.cpu10 0
cpuinfo.soft.cpu10 0
cpuinfo.steal.cpu10 0
cpuinfo.idle.cpu10 99
cpuinfo.intrpt.cpu10 0
cputotals.systot.cpu10 0
cputotals.usertot.cpu10 1
cpuinfo.user.cpu11 1
cpuinfo.nice.cpu11 0
cpuinfo.sys.cpu11 0
cpuinfo.wait.cpu11 0
cpuinfo.irq.cpu11 0
cpuinfo.soft.cpu11 0
cpuinfo.steal.cpu11 0
cpuinfo.idle.cpu11 99
cpuinfo.intrpt.cpu11 0
cputotals.systot.cpu11 0
cputotals.usertot.cpu11 1
cpuinfo.user.cpu12 1
cpuinfo.nice.cpu12 0
cpuinfo.sys.cpu12 0
cpuinfo.wait.cpu12 0
cpuinfo.irq.cpu12 0
cpuinfo.soft.cpu12 0
cpuinfo.steal.cpu12 0
cpuinfo.idle.cpu12 99
cpuinfo.intrpt.cpu12 0
cputotals.systot.cpu12 0
cputotals.usertot.cpu12 1
cpuinfo.user.cpu13 9
cpuinfo.nice.cpu13 0
cpuinfo.sys.cpu13 0
cpuinfo.wait.cpu13 0
cpuinfo.irq.cpu13 0
cpuinfo.soft.cpu13 0
cpuinfo.steal.cpu13 0
cpuinfo.idle.cpu13 91
cpuinfo.intrpt.cpu13 0
cputotals.systot.cpu13 0
cputotals.usertot.cpu13 9
cpuinfo.user.cpu14 2
cpuinfo.nice.cpu14 0
cpuinfo.sys.cpu14 0
cpuinfo.wait.cpu14 0
cpuinfo.irq.cpu14 0
cpuinfo.soft.cpu14 0
cpuinfo.steal.cpu14 0
cpuinfo.idle.cpu14 98
cpuinfo.intrpt.cpu14 0
cputotals.systot.cpu14 0
cputotals.usertot.cpu14 2
cpuinfo.user.cpu15 0
cpuinfo.nice.cpu15 0
cpuinfo.sys.cpu15 1
cpuinfo.wait.cpu15 0
cpuinfo.irq.cpu15 0
cpuinfo.soft.cpu15 0
cpuinfo.steal.cpu15 0
cpuinfo.idle.cpu15 99
cpuinfo.intrpt.cpu15 0
cputotals.systot.cpu15 1
cputotals.usertot.cpu15 0
sample.time 1733878027.001
cputotals.num 16
cputotals.user 13
cputotals.nice 0
cputotals.sys 0
cputotals.wait 0
cputotals.irq 0
cputotals.soft 0
cputotals.steal 0
cputotals.idle 87
cputotals.systot 0
cputotals.usertot 13
cputotals.total 13
ctxint.ctx 1647
ctxint.int 3797
proc.creates 28
proc.runq 2335
proc.run 2
cpuload.avg1 1.45
cpuload.avg5 6.56
cpuload.avg15 8.39
disktotals.reads 0
disktotals.readkbs 0
disktotals.writes 48
disktotals.writekbs 264
meminfo.tot 32776376
meminfo.used 17152928
meminfo.free 15623448
meminfo.shared 0
meminfo.buf 244412
meminfo.cached 11032944
meminfo.slab 824088
meminfo.map 1069704
meminfo.anon 4452828
meminfo.anonH 0
meminfo.dirty 920
meminfo.locked 104
meminfo.inactive 10104276
meminfo.hugetot 0
meminfo.hugefree 0
meminfo.hugersvd 0
meminfo.sunreclaim 357816
swapinfo.total 8388604
swapinfo.free 8388604
swapinfo.used 0
swapinfo.in 0
swapinfo.out 0
pageinfo.fault 6760
pageinfo.majfault 0
pageinfo.in 0
pageinfo.out 264
nettotals.kbin 0
nettotals.pktin 0
nettotals.kbout 0
nettotals.pktout 0
cpuinfo.user.cpu0 100
cpuinfo.nice.cpu0 0
cpuinfo.sys.cpu0 0
cpuinfo.wait.cpu0 0
cpuinfo.irq.cpu0 0
cpuinfo.soft.cpu0 0
cpuinfo.steal.cpu0 0
cpuinfo.idle.cpu0 0
cpuinfo.intrpt.cpu0 0
cputotals.systot.cpu0 0
cputotals.usertot.cpu0 100
cpuinfo.user.cpu1 1
cpuinfo.nice.cpu1 0
cpuinfo.sys.cpu1 0
cpuinfo.wait.cpu1 0
cpuinfo.irq.cpu1 0
cpuinfo.soft.cpu1 0
cpuinfo.steal.cpu1 0
cpuinfo.idle.cpu1 99
cpuinfo.intrpt.cpu1 0
cputotals.systot.cpu1 0
cputotals.usertot.cpu1 1
cpuinfo.user.cpu2 1
cpuinfo.nice.cpu2 0
cpuinfo.sys.cpu2 0
cpuinfo.wait.cpu2 0
cpuinfo.irq.cpu2 0
cpuinfo.soft.cpu2 0
cpuinfo.steal.cpu2 0
cpuinfo.idle.cpu2 99
cpuinfo.intrpt.cpu2 0
cputotals.systot.cpu2 0
cputotals.usertot.cpu2 1
cpuinfo.user.cpu3 0
cpuinfo.nice.cpu3 0
cpuinfo.sys.cpu3 0
cpuinfo.wait.cpu3 0
cpuinfo.irq.cpu3 0
cpuinfo.soft.cpu3 0
cpuinfo.steal.cpu3 0
cpuinfo.idle.cpu3 100
cpuinfo.intrpt.cpu3 0
cputotals.systot.cpu3 0
cputotals.usertot.cpu3 0
cpuinfo.user.cpu4 0
cpuinfo.nice.cpu4 0
cpuinfo.sys.cpu4 1
cpuinfo.wait.cpu4 0
cpuinfo.irq.cpu4 0
cpuinfo.soft.cpu4 0
cpuinfo.steal.cpu4 0
cpuinfo.idle.cpu4 99
cpuinfo.intrpt.cpu4 0
cputotals.systot.cpu4 1
cputotals.usertot.cpu4 0
cpuinfo.user.cpu5 0
cpuinfo.nice.cpu5 0
cpuinfo.sys.cpu5 1
cpuinfo.wait.cpu5 0
cpuinfo.irq.cpu5 0
cpuinfo.soft.cpu5 0
cpuinfo.steal.cpu5 0
cpuinfo.idle.cpu5 99
cpuinfo.intrpt.cpu5 0
cputotals.systot.cpu5 1
cputotals.usertot.cpu5 0
cpuinfo.user.cpu6 0
cpuinfo.nice.cpu6 0
cpuinfo.sys.cpu6 0
cpuinfo.wait.cpu6 0
cpuinfo.irq.cpu6 0
cpuinfo.soft.cpu6 0
cpuinfo.steal.cpu6 0
cpuinfo.idle.cpu6 100
cpuinfo.intrpt.cpu6 0
cputotals.systot.cpu6 0
cputotals.usertot.cpu6 0
cpuinfo.user.cpu7 0
cpuinfo.nice.cpu7 0
cpuinfo.sys.cpu7 1
cpuinfo.wait.cpu7 0
cpuinfo.irq.cpu7 0
cpuinfo.soft.cpu7 0
cpuinfo.steal.cpu7 0
cpuinfo.idle.cpu7 99
cpuinfo.intrpt.cpu7 0
cputotals.systot.cpu7 1
cputotals.usertot.cpu7 0
cpuinfo.user.cpu8 100
cpuinfo.nice.cpu8 0
cpuinfo.sys.cpu8 0
cpuinfo.wait.cpu8 0
cpuinfo.irq.cpu8 0
cpuinfo.soft.cpu8 0
cpuinfo.steal.cpu8 0
cpuinfo.idle.cpu8 0
cpuinfo.intrpt.cpu8 0
cputotals.systot.cpu8 0
cputotals.usertot.cpu8 100
cpuinfo.user.cpu9 0
cpuinfo.nice.cpu9 0
cpuinfo.sys.cpu9 0
cpuinfo.wait.cpu9 0
cpuinfo.irq.cpu9 0
cpuinfo.soft.cpu9 0
cpuinfo.steal.cpu9 0
cpuinfo.idle.cpu9 100
cpuinfo.intrpt.cpu9 0
cputotals.systot.cpu9 0
cputotals.usertot.cpu9 0
cpuinfo.user.cpu10 0
cpuinfo.nice.cpu10 0
cpuinfo.sys.cpu10 0
cpuinfo.wait.cpu10 0
cpuinfo.irq.cpu10 0
cpuinfo.soft.cpu10 0
cpuinfo.steal.cpu10 0
cpuinfo.idle.cpu10 100
cpuinfo.intrpt.cpu10 0
cputotals.systot.cpu10 0
cputotals.usertot.cpu10 0
cpuinfo.user.cpu11 1
cpuinfo.nice.cpu11 0
cpuinfo.sys.cpu11 2
cpuinfo.wait.cpu11 0
cpuinfo.irq.cpu11 0
cpuinfo.soft.cpu11 0
cpuinfo.steal.cpu11 0
cpuinfo.idle.cpu11 97
cpuinfo.intrpt.cpu11 0
cputotals.systot.cpu11 2
cputotals.usertot.cpu11 1
cpuinfo.user.cpu12 0
cpuinfo.nice.cpu12 0
cpuinfo.sys.cpu12 0
cpuinfo.wait.cpu12 0
cpuinfo.irq.cpu12 0
cpuinfo.soft.cpu12 0
cpuinfo.steal.cpu12 0
cpuinfo.idle.cpu12 100
cpuinfo.intrpt.cpu12 0
cputotals.systot.cpu12 0
cputotals.usertot.cpu12 0
cpuinfo.user.cpu13 1
cpuinfo.nice.cpu13 0
cpuinfo.sys.cpu13 0
cpuinfo.wait.cpu13 0
cpuinfo.irq.cpu13 0
cpuinfo.soft.cpu13 0
cpuinfo.steal.cpu13 0
cpuinfo.idle.cpu13 99
cpuinfo.intrpt.cpu13 0
cputotals.systot.cpu13 0
cputotals.usertot.cpu13 1
cpuinfo.user.cpu14 2
cpuinfo.nice.cpu14 0
cpuinfo.sys.cpu14 0
cpuinfo.wait.cpu14 0
cpuinfo.irq.cpu14 0
cpuinfo.soft.cpu14 0
cpuinfo.steal.cpu14 0
cpuinfo.idle.cpu14 98
cpuinfo.intrpt.cpu14 0
cputotals.systot.cpu14 0
cputotals.usertot.cpu14 2
cpuinfo.user.cpu15 0
cpuinfo.nice.cpu15 0
cpuinfo.sys.cpu15 0
cpuinfo.wait.cpu15 0
cpuinfo.irq.cpu15 0
cpuinfo.soft.cpu15 0
cpuinfo.steal.cpu15 0
cpuinfo.idle.cpu15 100
cpuinfo.intrpt.cpu15 0
cputotals.systot.cpu15 0
cputotals.usertot.cpu15 0
sample.time 1733878028.001
cputotals.num 16
cputotals.user 13
cputotals.nice 0
cputotals.sys 0
cputotals.wait 0
cputotals.irq 0
cputotals.soft 0
cputotals.steal 0
cputotals.idle 87
cputotals.systot 0
cputotals.usertot 13
cputotals.total 13
ctxint.ctx 1825
ctxint.int 3852
proc.creates 33
proc.runq 2332
proc.run 2
cpuload.avg1 1.45
cpuload.avg5 6.56
cpuload.avg15 8.39
disktotals.reads 0
disktotals.readkbs 0
disktotals.writes 3
disktotals.writekbs 148
meminfo.tot 32776376
meminfo.used 17150832
meminfo.free 15625544
meminfo.shared 0
meminfo.buf 244424
meminfo.cached 11032960
meminfo.slab 824088
meminfo.map 1069768
meminfo.anon 4450672
meminfo.anonH 0
meminfo.dirty 1044
meminfo.locked 104
meminfo.inactive 10104316
meminfo.hugetot 0
meminfo.hugefree 0
meminfo.hugersvd 0
meminfo.sunreclaim 357816
swapinfo.total 8388604
swapinfo.free 8388604
swapinfo.used 0
swapinfo.in 0
swapinfo.out 0
pageinfo.fault 6295
pageinfo.majfault 0
pageinfo.in 0
pageinfo.out 148
nettotals.kbin 0
nettotals.pktin 0
nettotals.kbout 0
nettotals.pktout 0
cpuinfo.user.cpu0 100
cpuinfo.nice.cpu0 0
cpuinfo.sys.cpu0 0
cpuinfo.wait.cpu0 0
cpuinfo.irq.cpu0 0
cpuinfo.soft.cpu0 0
cpuinfo.steal.cpu0 0
cpuinfo.idle.cpu0 0
cpuinfo.intrpt.cpu0 0
cputotals.systot.cpu0 0
cputotals.usertot.cpu0 100
cpuinfo.user.cpu1 0
cpuinfo.nice.cpu1 0
cpuinfo.sys.cpu1 0
cpuinfo.wait.cpu1 0
cpuinfo.irq.cpu1 0
cpuinfo.soft.cpu1 0
cpuinfo.steal.cpu1 0
cpuinfo.idle.cpu1 100
cpuinfo.intrpt.cpu1 0
cputotals.systot.cpu1 0
cputotals.usertot.cpu1 0
cpuinfo.user.cpu2 0
cpuinfo.nice.cpu2 0
cpuinfo.sys.cpu2 1
cpuinfo.wait.cpu2 0
cpuinfo.irq.cpu2 0
cpuinfo.soft.cpu2 0
cpuinfo.steal.cpu2 0
cpuinfo.idle.cpu2 99
cpuinfo.intrpt.cpu2 0
cputotals.systot.cpu2 1
cputotals.usertot.cpu2 0
cpuinfo.user.cpu3 0
cpuinfo.nice.cpu3 0
cpuinfo.sys.cpu3 0
cpuinfo.wait.cpu3 0
cpuinfo.irq.cpu3 0
cpuinfo.soft.cpu3 0
cpuinfo.steal.cpu3 0
cpuinfo.idle.cpu3 100
cpuinfo.intrpt.cpu3 0
cputotals.systot.cpu3 0
cputotals.usertot.cpu3 0
cpuinfo.user.cpu4 1
cpuinfo.nice.cpu4 0
cpuinfo.sys.cpu4 0
cpuinfo.wait.cpu4 0
cpuinfo.irq.cpu4 0
cpuinfo.soft.cpu4 0
cpuinfo.steal.cpu4 0
cpuinfo.idle.cpu4 99
cpuinfo.intrpt.cpu4 0
cputotals.systot.cpu4 0
cputotals.usertot.cpu4 1
cpuinfo.user.cpu5 2
cpuinfo.nice.cpu5 0
cpuinfo.sys.cpu5 0
cpuinfo.wait.cpu5 0
cpuinfo.irq.cpu5 0
cpuinfo.soft.cpu5 0
cpuinfo.steal.cpu5 0
cpuinfo.idle.cpu5 98
cpuinfo.intrpt.cpu5 0
cputotals.systot.cpu5 0
cputotals.usertot.cpu5 2
cpuinfo.user.cpu6 0
cpuinfo.nice.cpu6 0
cpuinfo.sys.cpu6 0
cpuinfo.wait.cpu6 0
cpuinfo.irq.cpu6 0
cpuinfo.soft.cpu6 0
cpuinfo.steal.cpu6 0
cpuinfo.idle.cpu6 100
cpuinfo.intrpt.cpu6 0
cputotals.systot.cpu6 0
cputotals.usertot.cpu6 0
cpuinfo.user.cpu7 0
cpuinfo.nice.cpu7 0
cpuinfo.sys.cpu7 0
cpuinfo.wait.cpu7 0
cpuinfo.irq.cpu7 0
cpuinfo.soft.cpu7 0
cpuinfo.steal.cpu7 0
cpuinfo.idle.cpu7 100
cpuinfo.intrpt.cpu7 0
cputotals.systot.cpu7 0
cputotals.usertot.cpu7 0
cpuinfo.user.cpu8 100
cpuinfo.nice.cpu8 0
cpuinfo.sys.cpu8 0
cpuinfo.wait.cpu8 0
cpuinfo.irq.cpu8 0
cpuinfo.soft.cpu8 0
cpuinfo.steal.cpu8 0
cpuinfo.idle.cpu8 0
cpuinfo.intrpt.cpu8 0
cputotals.systot.cpu8 0
cputotals.usertot.cpu8 100
cpuinfo.user.cpu9 1
cpuinfo.nice.cpu9 0
cpuinfo.sys.cpu9 1
cpuinfo.wait.cpu9 0
cpuinfo.irq.cpu9 0
cpuinfo.soft.cpu9 0
cpuinfo.steal.cpu9 0
cpuinfo.idle.cpu9 98
cpuinfo.intrpt.cpu9 0
cputotals.systot.cpu9 1
cputotals.usertot.cpu9 1
cpuinfo.user.cpu10 0
cpuinfo.nice.cpu10 0
cpuinfo.sys.cpu10 0
cpuinfo.wait.cpu10 0
cpuinfo.irq.cpu10 0
cpuinfo.soft.cpu10 0
cpuinfo.steal.cpu10 0
cpuinfo.idle.cpu10 100
cpuinfo.intrpt.cpu10 0
cputotals.systot.cpu10 0
cputotals.usertot.cpu10 0
cpuinfo.user.cpu11 0
cpuinfo.nice.cpu11 0
cpuinfo.sys.cpu11 0
cpuinfo.wait.cpu11 0
cpuinfo.irq.cpu11 0
cpuinfo.soft.cpu11 0
cpuinfo.steal.cpu11 0
cpuinfo.idle.cpu11 100
cpuinfo.intrpt.cpu11 0
cputotals.systot.cpu11 0
cputotals.usertot.cpu11 0
cpuinfo.user.cpu12 0
cpuinfo.nice.cpu12 0
cpuinfo.sys.cpu12 0
cpuinfo.wait.cpu12 0
cpuinfo.irq.cpu12 0
cpuinfo.soft.cpu12 0
cpuinfo.steal.cpu12 0
cpuinfo.idle.cpu12 100
cpuinfo.intrpt.cpu12 0
cputotals.systot.cpu12 0
cputotals.usertot.cpu12 0
cpuinfo.user.cpu13 0
cpuinfo.nice.cpu13 0
cpuinfo.sys.cpu13 0
cpuinfo.wait.cpu13 0
cpuinfo.irq.cpu13 0
cpuinfo.soft.cpu13 0
cpuinfo.steal.cpu13 0
cpuinfo.idle.cpu13 100
cpuinfo.intrpt.cpu13 0
cputotals.systot.cpu13 0
cputotals.usertot.cpu13 0
cpuinfo.user.cpu14 2
cpuinfo.nice.cpu14 0
cpuinfo.sys.cpu14 0
cpuinfo.wait.cpu14 0
cpuinfo.irq.cpu14 0
cpuinfo.soft.cpu14 0
cpuinfo.steal.cpu14 0
cpuinfo.idle.cpu14 98
cpuinfo.intrpt.cpu14 0
cputotals.systot.cpu14 0
cputotals.usertot.cpu14 2
cpuinfo.user.cpu15 0
cpuinfo.nice.cpu15 0
cpuinfo.sys.cpu15 0
cpuinfo.wait.cpu15 0
cpuinfo.irq.cpu15 0
cpuinfo.soft.cpu15 0
cpuinfo.steal.cpu15 0
cpuinfo.idle.cpu15 100
cpuinfo.intrpt.cpu15 0
cputotals.systot.cpu15 0
cputotals.usertot.cpu15 0
sample.time 1733878029.001
cputotals.num 16
cputotals.user 15
cputotals.nice 0
cputotals.sys 1
cputotals.wait 0
cputotals.irq 0
cputotals.soft 0
cputotals.steal 0
cputotals.idle 84
cputotals.systot 1
cputotals.usertot 15
cputotals.total 16
ctxint.ctx 2310
ctxint.int 4559
proc.creates 52
proc.runq 2331
proc.run 2
cpuload.avg1 1.45
cpuload.avg5 6.56
cpuload.avg15 8.39
disktotals.reads 0
disktotals.readkbs 0
disktotals.writes 0
disktotals.writekbs 0
meminfo.tot 32776376
meminfo.used 17157300
meminfo.free 15619076
meminfo.shared 0
meminfo.buf 244424
meminfo.cached 11032980
meminfo.slab 824084
meminfo.map 1069768
meminfo.anon 4451816
meminfo.anonH 0
meminfo.dirty 1064
meminfo.locked 104
meminfo.inactive 10104324
meminfo.hugetot 0
meminfo.hugefree 0
meminfo.hugersvd 0
meminfo.sunreclaim 357812
swapinfo.total 8388604
swapinfo.free 8388604
swapinfo.used 0
swapinfo.in 0
swapinfo.out 0
pageinfo.fault 17644
pageinfo.majfault 0
pageinfo.in 0
pageinfo.out 0
nettotals.kbin 0
nettotals.pktin 0
nettotals.kbout 0
nettotals.pktout 0
cpuinfo.user.cpu0 100
cpuinfo.nice.cpu0 0
cpuinfo.sys.cpu0 0
cpuinfo.wait.cpu0 0
cpuinfo.irq.cpu0 0
cpuinfo.soft.cpu0 0
cpuinfo.steal.cpu0 0
cpuinfo.idle.cpu0 0
cpuinfo.intrpt.cpu0 0
cputotals.systot.cpu0 0
cputotals.usertot.cpu0 100
cpuinfo.user.cpu1 0
cpuinfo.nice.cpu1 0
cpuinfo.sys.cpu1 0
cpuinfo.wait.cpu1 0
cpuinfo.irq.cpu1 0
cpuinfo.soft.cpu1 0
cpuinfo.steal.cpu1 0
cpuinfo.idle.cpu1 100
cpuinfo.intrpt.cpu1 0
cputotals.systot.cpu1 0
cputotals.usertot.cpu1 0
cpuinfo.user.cpu2 0
cpuinfo.nice.cpu2 0
cpuinfo.sys.cpu2 0
cpuinfo.wait.cpu2 0
cpuinfo.irq.cpu2 0
cpuinfo.soft.cpu2 0
cpuinfo.steal.cpu2 0
cpuinfo.idle.cpu2 100
cpuinfo.intrpt.cpu2 0
cputotals.systot.cpu2 0
cputotals.usertot.cpu2 0
cpuinfo.user.cpu3 7
cpuinfo.nice.cpu3 0
cpuinfo.sys.cpu3 2
cpuinfo.wait.cpu3 1
cpuinfo.irq.cpu3 0
cpuinfo.soft.cpu3 0
cpuinfo.steal.cpu3 0
cpuinfo.idle.cpu3 90
cpuinfo.intrpt.cpu3 0
cputotals.systot.cpu3 2
cputotals.usertot.cpu3 7
cpuinfo.user.cpu4 0
cpuinfo.nice.cpu4 0
cpuinfo.sys.cpu4 0
cpuinfo.wait.cpu4 0
cpuinfo.irq.cpu4 0
cpuinfo.soft.cpu4 0
cpuinfo.steal.cpu4 0
cpuinfo.idle.cpu4 100
cpuinfo.intrpt.cpu4 0
cputotals.systot.cpu4 0
cputotals.usertot.cpu4 0
cpuinfo.user.cpu5 8
cpuinfo.nice.cpu5 0
cpuinfo.sys.cpu5 0
cpuinfo.wait.cpu5 0
cpuinfo.irq.cpu5 0
cpuinfo.soft.cpu5 0
cpuinfo.steal.cpu5 0
cpuinfo.idle.cpu5 92
cpuinfo.intrpt.cpu5 0
cputotals.systot.cpu5 0
cputotals.usertot.cpu5 8
cpuinfo.user.cpu6 20
cpuinfo.nice.cpu6 0
cpuinfo.sys.cpu6 4
cpuinfo.wait.cpu6 0
cpuinfo.irq.cpu6 0
cpuinfo.soft.cpu6 0
cpuinfo.steal.cpu6 0
cpuinfo.idle.cpu6 76
cpuinfo.intrpt.cpu6 0
cputotals.systot.cpu6 4
cputotals.usertot.cpu6 20
cpuinfo.user.cpu7 0
cpuinfo.nice.cpu7 0
cpuinfo.sys.cpu7 2
cpuinfo.wait.cpu7 0
cpuinfo.irq.cpu7 0
cpuinfo.soft.cpu7 0
cpuinfo.steal.cpu7 0
cpuinfo.idle.cpu7 98
cpuinfo.intrpt.cpu7 0
cputotals.systot.cpu7 2
cputotals.usertot.cpu7 0
cpuinfo.user.cpu8 100
cpuinfo.nice.cpu8 0
cpuinfo.sys.cpu8 0
cpuinfo.wait.cpu8 0
cpuinfo.irq.cpu8 0
cpuinfo.soft.cpu8 0
cpuinfo.steal.cpu8 0
cpuinfo.idle.cpu8 0
cpuinfo.intrpt.cpu8 0
cputotals.systot.cpu8 0
cputotals.usertot.cpu8 100
cpuinfo.user.cpu9 3
cpuinfo.nice.cpu9 0
cpuinfo.sys.cpu9 0
cpuinfo.wait.cpu9 0
cpuinfo.irq.cpu9 0
cpuinfo.soft.cpu9 0
cpuinfo.steal.cpu9 0
cpuinfo.idle.cpu9 97
cpuinfo.intrpt.cpu9 0
cputotals.systot.cpu9 0
cputotals.usertot.cpu9 3
cpuinfo.user.cpu10 0
cpuinfo.nice.cpu10 0
cpuinfo.sys.cpu10 0
cpuinfo.wait.cpu10 0
cpuinfo.irq.cpu10 0
cpuinfo.soft.cpu10 0
cpuinfo.steal.cpu10 0
cpuinfo.idle.cpu10 100
cpuinfo.intrpt.cpu10 0
cputotals.systot.cpu10 0
cputotals.usertot.cpu10 0
cpuinfo.user.cpu11 1
cpuinfo.nice.cpu11 0
cpuinfo.sys.cpu11 0
cpuinfo.wait.cpu11 0
cpuinfo.irq.cpu11 0
cpuinfo.soft.cpu11 0
cpuinfo.steal.cpu11 0
cpuinfo.idle.cpu11 99
cpuinfo.intrpt.cpu11 0
cputotals.systot.cpu11 0
cputotals.usertot.cpu11 1
cpuinfo.user.cpu12 0
cpuinfo.nice.cpu12 0
cpuinfo.sys.cpu12 0
cpuinfo.wait.cpu12 0
cpuinfo.irq.cpu12 0
cpuinfo.soft.cpu12 0
cpuinfo.steal.cpu12 0
cpuinfo.idle.cpu12 100
cpuinfo.intrpt.cpu12 0
cputotals.systot.cpu12 0
cputotals.usertot.cpu12 0
cpuinfo.user.cpu13 0
cpuinfo.nice.cpu13 0
cpuinfo.sys.cpu13 0
cpuinfo.wait.cpu13 0
cpuinfo.irq.cpu13 0
cpuinfo.soft.cpu13 0
cpuinfo.steal.cpu13 0
cpuinfo.idle.cpu13 100
cpuinfo.intrpt.cpu13 0
cputotals.systot.cpu13 0
cputotals.usertot.cpu13 0
cpuinfo.user.cpu14 3
cpuinfo.nice.cpu14 0
cpuinfo.sys.cpu14 0
cpuinfo.wait.cpu14 0
cpuinfo.irq.cpu14 0
cpuinfo.soft.cpu14 0
cpuinfo.steal.cpu14 0
cpuinfo.idle.cpu14 97
cpuinfo.intrpt.cpu14 0
cputotals.systot.cpu14 0
cputotals.usertot.cpu14 3
cpuinfo.user.cpu15 1
cpuinfo.nice.cpu15 0
cpuinfo.sys.cpu15 0
cpuinfo.wait.cpu15 0
cpuinfo.irq.cpu15 0
cpuinfo.soft.cpu15 0
cpuinfo.steal.cpu15 0
cpuinfo.idle.cpu15 99
cpuinfo.intrpt.cpu15 0
cputotals.systot.cpu15 0
cputotals.usertot.cpu15 1
sample.time 1733878030.001
cputotals.num 16
cputotals.user 13
cputotals.nice 0
cputotals.sys 0
cputotals.wait 0
cputotals.irq 0
cputotals.soft 0
cputotals.steal 0
cputotals.idle 87
cputotals.systot 0
cputotals.usertot 13
cputotals.total 13
ctxint.ctx 1567
ctxint.int 3569
proc.creates 10
proc.runq 2333
proc.run 2
cpuload.avg1 1.45
cpuload.avg5 6.56
cpuload.avg15 8.39
disktotals.reads 0
disktotals.readkbs 0
disktotals.writes 0
disktotals.writekbs 0
meminfo.tot 32776376
meminfo.used 17156616
meminfo.free 15619760
meminfo.shared 0
meminfo.buf 244424
meminfo.cached 11032996
meminfo.slab 824088
meminfo.map 1069768
meminfo.anon 4450064
meminfo.anonH 0
meminfo.dirty 1080
meminfo.locked 104
meminfo.inactive 10104344
meminfo.hugetot 0
meminfo.hugefree 0
meminfo.hugersvd 0
meminfo.sunreclaim 357812
swapinfo.total 8388604
swapinfo.free 8388604
swapinfo.used 0
swapinfo.in 0
swapinfo.out 0
pageinfo.fault 2788
pageinfo.majfault 0
pageinfo.in 0
pageinfo.out 0
nettotals.kbin 0
nettotals.pktin 0
nettotals.kbout 0
nettotals.pktout 0
cpuinfo.user.cpu0 100
cpuinfo.nice.cpu0 0
cpuinfo.sys.cpu0 0
cpuinfo.wait.cpu0 0
cpuinfo.irq.cpu0 0
cpuinfo.soft.cpu0 0
cpuinfo.steal.cpu0 0
cpuinfo.idle.cpu0 0
cpuinfo.intrpt.cpu0 0
cputotals.systot.cpu0 0
cputotals.usertot.cpu0 100
cpuinfo.user.cpu1 0
cpuinfo.nice.cpu1 0
cpuinfo.sys.cpu1 0
cpuinfo.wait.cpu1 0
cpuinfo.irq.cpu1 0
cpuinfo.soft.cpu1 0
cpuinfo.steal.cpu1 0
cpuinfo.idle.cpu1 100
cpuinfo.intrpt.cpu1 0
cputotals.systot.cpu1 0
cputotals.usertot.cpu1 0
cpuinfo.user.cpu2 1
cpuinfo.nice.cpu2 0
cpuinfo.sys.cpu2 0
cpuinfo.wait.cpu2 0
cpuinfo.irq.cpu2 0
cpuinfo.soft.cpu2 0
cpuinfo.steal.cpu2 0
cpuinfo.idle.cpu2 99
cpuinfo.intrpt.cpu2 0
cputotals.systot.cpu2 0
cputotals.usertot.cpu2 1
cpuinfo.user.cpu3 0
cpuinfo.nice.cpu3 0
cpuinfo.sys.cpu3 0
cpuinfo.wait.cpu3 0
cpuinfo.irq.cpu3 0
cpuinfo.soft.cpu3 0
cpuinfo.steal.cpu3 0
cpuinfo.idle.cpu3 100
cpuinfo.intrpt.cpu3 0
cputotals.systot.cpu3 0
cputotals.usertot.cpu3 0
cpuinfo.user.cpu4 0
cpuinfo.nice.cpu4 0
cpuinfo.sys.cpu4 0
cpuinfo.wait.cpu4 0
cpuinfo.irq.cpu4 0
cpuinfo.soft.cpu4 0
cpuinfo.steal.cpu4 0
cpuinfo.idle.cpu4 100
cpuinfo.intrpt.cpu4 0
cputotals.systot.cpu4 0
cputotals.usertot.cpu4 0
cpuinfo.user.cpu5 3
cpuinfo.nice.cpu5 0
cpuinfo.sys.cpu5 0
cpuinfo.wait.cpu5 0
cpuinfo.irq.cpu5 0
cpuinfo.soft.cpu5 0
cpuinfo.steal.cpu5 0
cpuinfo.idle.cpu5 97
cpuinfo.intrpt.cpu5 0
cputotals.systot.cpu5 0
cputotals.usertot.cpu5 3
cpuinfo.user.cpu6 1
cpuinfo.nice.cpu6 0
cpuinfo.sys.cpu6 1
cpuinfo.wait.cpu6 0
cpuinfo.irq.cpu6 0
cpuinfo.soft.cpu6 0
cpuinfo.steal.cpu6 0
cpuinfo.idle.cpu6 98
cpuinfo.intrpt.cpu6 0
cputotals.systot.cpu6 1
cputotals.usertot.cpu6 1
cpuinfo.user.cpu7 0
cpuinfo.nice.cpu7 0
cpuinfo.sys.cpu7 0
cpuinfo.wait.cpu7 0
cpuinfo.irq.cpu7 0
cpuinfo.soft.cpu7 0
cpuinfo.steal.cpu7 0
cpuinfo.idle.cpu7 100
cpuinfo.intrpt.cpu7 0
cputotals.systot.cpu7 0
cputotals.usertot.cpu7 0
cpuinfo.user.cpu8 100
cpuinfo.nice.cpu8 0
cpuinfo.sys.cpu8 0
cpuinfo.wait.cpu8 0
cpuinfo.irq.cpu8 0
cpuinfo.soft.cpu8 0
cpuinfo.steal.cpu8 0
cpuinfo.idle.cpu8 0
cpuinfo.intrpt.cpu8 0
cputotals.systot.cpu8 0
cputotals.usertot.cpu8 100
cpuinfo.user.cpu9 2
cpuinfo.nice.cpu9 0
cpuinfo.sys.cpu9 0
cpuinfo.wait.cpu9 0
cpuinfo.irq.cpu9 0
cpuinfo.soft.cpu9 0
cpuinfo.steal.cpu9 0
cpuinfo.idle.cpu9 98
cpuinfo.intrpt.cpu9 0
cputotals.systot.cpu9 0
cputotals.usertot.cpu9 2
cpuinfo.user.cpu10 0
cpuinfo.nice.cpu10 0
cpuinfo.sys.cpu10 1
cpuinfo.wait.cpu10 0
cpuinfo.irq.cpu10 0
cpuinfo.soft.cpu10 0
cpuinfo.steal.cpu10 0
cpuinfo.idle.cpu10 99
cpuinfo.intrpt.cpu10 0
cputotals.systot.cpu10 1
cputotals.usertot.cpu10 0
cpuinfo.user.cpu11 1
cpuinfo.nice.cpu11 0
cpuinfo.sys.cpu11 0
cpuinfo.wait.cpu11 0
cpuinfo.irq.cpu11 0
cpuinfo.soft.cpu11 0
cpuinfo.steal.cpu11 0
cpuinfo.idle.cpu11 99
cpuinfo.intrpt.cpu11 0
cputotals.systot.cpu11 0
cputotals.usertot.cpu11 1
cpuinfo.user.cpu12 0
cpuinfo.nice.cpu12 0
cpuinfo.sys.cpu12 1
cpuinfo.wait.cpu12 0
cpuinfo.irq.cpu12 0
cpuinfo.soft.cpu12 0
cpuinfo.steal.cpu12 0
cpuinfo.idle.cpu12 99
cpuinfo.intrpt.cpu12 0
cputotals.systot.cpu12 1
cputotals.usertot.cpu12 0
cpuinfo.user.cpu13 1
cpuinfo.nice.cpu13 0
cpuinfo.sys.cpu13 0
cpuinfo.wait.cpu13 0
cpuinfo.irq.cpu13 0
cpuinfo.soft.cpu13 0
cpuinfo.steal.cpu13 0
cpuinfo.idle.cpu13 99
cpuinfo.intrpt.cpu13 0
cputotals.systot.cpu13 0
cputotals.usertot.cpu13 1
cpuinfo.user.cpu14 2
cpuinfo.nice.cpu14 0
cpuinfo.sys.cpu14 0
cpuinfo.wait.cpu14 0
cpuinfo.irq.cpu14 0
cpuinfo.soft.cpu14 0
cpuinfo.steal.cpu14 0
cpuinfo.idle.cpu14 98
cpuinfo.intrpt.cpu14 0
cputotals.systot.cpu14 0
cputotals.usertot.cpu14 2
cpuinfo.user.cpu15 0
cpuinfo.nice.cpu15 0
cpuinfo.sys.cpu15 1
cpuinfo.wait.cpu15 0
cpuinfo.irq.cpu15 0
cpuinfo.soft.cpu15 0
cpuinfo.steal.cpu15 0
cpuinfo.idle.cpu15 99
cpuinfo.intrpt.cpu15 0
cputotals.systot.cpu15 1
cputotals.usertot.cpu15 0
sample.time 1733878031.001
cputotals.num 16
cputotals.user 15
cputotals.nice 0
cputotals.sys 1
cputotals.wait 0
cputotals.irq 0
cputotals.soft 0
cputotals.steal 0
cputotals.idle 84
cputotals.systot 1
cputotals.usertot 15
cputotals.total 15
ctxint.ctx 2088
ctxint.int 4387
proc.creates 44
proc.runq 2331
proc.run 2
cpuload.avg1 1.45
cpuload.avg5 6.56
cpuload.avg15 8.39
disktotals.reads 0
disktotals.readkbs 0
disktotals.writes 0
disktotals.writekbs 0
meminfo.tot 32776376
meminfo.used 17156440
meminfo.free 15619936
meminfo.shared 0
meminfo.buf 244424
meminfo.cached 11033012
meminfo.slab 824092
meminfo.map 1069768
meminfo.anon 4451356
meminfo.anonH 0
meminfo.dirty 1096
meminfo.locked 104
meminfo.inactive 10104364
meminfo.hugetot 0
meminfo.hugefree 0
meminfo.hugersvd 0
meminfo.sunreclaim 357816
swapinfo.total 8388604
swapinfo.free 8388604
swapinfo.used 0
swapinfo.in 0
swapinfo.out 0
pageinfo.fault 11986
pageinfo.majfault 0
pageinfo.in 0
pageinfo.out 0
nettotals.kbin 0
nettotals.pktin 0
nettotals.kbout 0
nettotals.pktout 0
cpuinfo.user.cpu0 100
cpuinfo.nice.cpu0 0
cpuinfo.sys.cpu0 0
cpuinfo.wait.cpu0 0
cpuinfo.irq.cpu0 0
cpuinfo.soft.cpu0 0
cpuinfo.steal.cpu0 0
cpuinfo.idle.cpu0 0
cpuinfo.intrpt.cpu0 0
cputotals.systot.cpu0 0
cputotals.usertot.cpu0 100
cpuinfo.user.cpu1 2
cpuinfo.nice.cpu1 0
cpuinfo.sys.cpu1 0
cpuinfo.wait.cpu1 0
cpuinfo.irq.cpu1 0
cpuinfo.soft.cpu1 0
cpuinfo.steal.cpu1 0
cpuinfo.idle.cpu1 98
cpuinfo.intrpt.cpu1 0
cputotals.systot.cpu1 0
cputotals.usertot.cpu1 2
cpuinfo.user.cpu2 0
cpuinfo.nice.cpu2 0
cpuinfo.sys.cpu2 0
cpuinfo.wait.cpu2 0
cpuinfo.irq.cpu2 0
cpuinfo.soft.cpu2 0
cpuinfo.steal.cpu2 0
cpuinfo.idle.cpu2 100
cpuinfo.intrpt.cpu2 0
cputotals.systot.cpu2 0
cputotals.usertot.cpu2 0
cpuinfo.user.cpu3 8
cpuinfo.nice.cpu3 0
cpuinfo.sys.cpu3 1
cpuinfo.wait.cpu3 0
cpuinfo.irq.cpu3 0
cpuinfo.soft.cpu3 0
cpuinfo.steal.cpu3 0
cpuinfo.idle.cpu3 91
cpuinfo.intrpt.cpu3 0
cputotals.systot.cpu3 1
cputotals.usertot.cpu3 8
cpuinfo.user.cpu4 0
cpuinfo.nice.cpu4 0
cpuinfo.sys.cpu4 0
cpuinfo.wait.cpu4 0
cpuinfo.irq.cpu4 0
cpuinfo.soft.cpu4 0
cpuinfo.steal.cpu4 0
cpuinfo.idle.cpu4 100
cpuinfo.intrpt.cpu4 0
cputotals.systot.cpu4 0
cputotals.usertot.cpu4 0
cpuinfo.user.cpu5 0
cpuinfo.nice.cpu5 0
cpuinfo.sys.cpu5 1
cpuinfo.wait.cpu5 0
cpuinfo.irq.cpu5 0
cpuinfo.soft.cpu5 0
cpuinfo.steal.cpu5 0
cpuinfo.idle.cpu5 99
cpuinfo.intrpt.cpu5 0
cputotals.systot.cpu5 1
cputotals.usertot.cpu5 0
cpuinfo.user.cpu6 1
cpuinfo.nice.cpu6 0
cpuinfo.sys.cpu6 1
cpuinfo.wait.cpu6 0
cpuinfo.irq.cpu6 0
cpuinfo.soft.cpu6 0
cpuinfo.steal.cpu6 0
cpuinfo.idle.cpu6 98
cpuinfo.intrpt.cpu6 0
cputotals.systot.cpu6 1
cputotals.usertot.cpu6 1
cpuinfo.user.cpu7 1
cpuinfo.nice.cpu7 0
cpuinfo.sys.cpu7 1
cpuinfo.wait.cpu7 0
cpuinfo.irq.cpu7 0
cpuinfo.soft.cpu7 0
cpuinfo.steal.cpu7 0
cpuinfo.idle.cpu7 98
cpuinfo.intrpt.cpu7 0
cputotals.systot.cpu7 1
cputotals.usertot.cpu7 1
cpuinfo.user.cpu8 100
cpuinfo.nice.cpu8 0
cpuinfo.sys.cpu8 0
cpuinfo.wait.cpu8 0
cpuinfo.irq.cpu8 0
cpuinfo.soft.cpu8 0
cpuinfo.steal.cpu8 0
cpuinfo.idle.cpu8 0
cpuinfo.intrpt.cpu8 0
cputotals.systot.cpu8 0
cputotals.usertot.cpu8 100
cpuinfo.user.cpu9 3
cpuinfo.nice.cpu9 0
cpuinfo.sys.cpu9 0
cpuinfo.wait.cpu9 0
cpuinfo.irq.cpu9 0
cpuinfo.soft.cpu9 0
cpuinfo.steal.cpu9 0
cpuinfo.idle.cpu9 97
cpuinfo.intrpt.cpu9 0
cputotals.systot.cpu9 0
cputotals.usertot.cpu9 3
cpuinfo.user.cpu10 0
cpuinfo.nice.cpu10 0
cpuinfo.sys.cpu10 0
cpuinfo.wait.cpu10 0
cpuinfo.irq.cpu10 0
cpuinfo.soft.cpu10 0
cpuinfo.steal.cpu10 0
cpuinfo.idle.cpu10 100
cpuinfo.intrpt.cpu10 0
cputotals.systot.cpu10 0
cputotals.usertot.cpu10 0
cpuinfo.user.cpu11 1
cpuinfo.nice.cpu11 0
cpuinfo.sys.cpu11 0
cpuinfo.wait.cpu11 0
cpuinfo.irq.cpu11 0
cpuinfo.soft.cpu11 0
cpuinfo.steal.cpu11 0
cpuinfo.idle.cpu11 99
cpuinfo.intrpt.cpu11 0
cputotals.systot.cpu11 0
cputotals.usertot.cpu11 1
cpuinfo.user.cpu12 7
cpuinfo.nice.cpu12 0
cpuinfo.sys.cpu12 2
cpuinfo.wait.cpu12 0
cpuinfo.irq.cpu12 0
cpuinfo.soft.cpu12 0
cpuinfo.steal.cpu12 0
cpuinfo.idle.cpu12 91
cpuinfo.intrpt.cpu12 0
cputotals.systot.cpu12 2
cputotals.usertot.cpu12 7
cpuinfo.user.cpu13 0
cpuinfo.nice.cpu13 0
cpuinfo.sys.cpu13 0
cpuinfo.wait.cpu13 0
cpuinfo.irq.cpu13 0
cpuinfo.soft.cpu13 0
cpuinfo.steal.cpu13 0
cpuinfo.idle.cpu13 100
cpuinfo.intrpt.cpu13 0
cputotals.systot.cpu13 0
cputotals.usertot.cpu13 0
cpuinfo.user.cpu14 15
cpuinfo.nice.cpu14 0
cpuinfo.sys.cpu14 2
cpuinfo.wait.cpu14 0
cpuinfo.irq.cpu14 0
cpuinfo.soft.cpu14 0
cpuinfo.steal.cpu14 0
cpuinfo.idle.cpu14 83
cpuinfo.intrpt.cpu14 0
cputotals.systot.cpu14 2
cputotals.usertot.cpu14 15
cpuinfo.user.cpu15 0
cpuinfo.nice.cpu15 0
cpuinfo.sys.cpu15 0
cpuinfo.wait.cpu15 0
cpuinfo.irq.cpu15 0
cpuinfo.soft.cpu15 0
cpuinfo.steal.cpu15 0
cpuinfo.idle.cpu15 100
cpuinfo.intrpt.cpu15 0
cputotals.systot.cpu15 0
cputotals.usertot.cpu15 0
sample.time 1733878032.001
cputotals.num 16
cputotals.user 13
cputotals.nice 0
cputotals.sys 0
cputotals.wait 0
cputotals.irq 0
cputotals.soft 0
cputotals.steal 0
cputotals.idle 87
cputotals.systot 0
cputotals.usertot 13
cputotals.total 13
ctxint.ctx 1437
ctxint.int 3415
proc.creates 10
proc.runq 2333
proc.run 2
cpuload.avg1 1.50
cpuload.avg5 6.49
cpuload.avg15 8.36
disktotals.reads 0
disktotals.readkbs 0
disktotals.writes 24
disktotals.writekbs 160
meminfo.tot 32776376
meminfo.used 17156180
meminfo.free 15620196
meminfo.shared 0
meminfo.buf 244424
meminfo.cached 11033028
meminfo.slab 824092
meminfo.map 1069768
meminfo.anon 4452216
meminfo.anonH 0
meminfo.dirty 924
meminfo.locked 104
meminfo.inactive 10104384
meminfo.hugetot 0
meminfo.hugefree 0
meminfo.hugersvd 0
meminfo.sunreclaim 357816
swapinfo.total 8388604
swapinfo.free 8388604
swapinfo.used 0
swapinfo.in 0
swapinfo.out 0
pageinfo.fault 2345
pageinfo.majfault 0
pageinfo.in 0
pageinfo.out 160
nettotals.kbin 0
nettotals.pktin 0
nettotals.kbout 0
nettotals.pktout 0
cpuinfo.user.cpu0 100
cpuinfo.nice.cpu0 0
cpuinfo.sys.cpu0 0
cpuinfo.wait.cpu0 0
cpuinfo.irq.cpu0 0
cpuinfo.soft.cpu0 0
cpuinfo.steal.cpu0 0
cpuinfo.idle.cpu0 0
cpuinfo.intrpt.cpu0 0
cputotals.systot.cpu0 0
cputotals.usertot.cpu0 100
cpuinfo.user.cpu1 2
cpuinfo.nice.cpu1 0
cpuinfo.sys.cpu1 1
cpuinfo.wait.cpu1 0
cpuinfo.irq.cpu1 0
cpuinfo.soft.cpu1 0
cpuinfo.steal.cpu1 0
cpuinfo.idle.cpu1 97
cpuinfo.intrpt.cpu1 0
cputotals.systot.cpu1 1
cputotals.usertot.cpu1 2
cpuinfo.user.cpu2 0
cpuinfo.nice.cpu2 0
cpuinfo.sys.cpu2 0
cpuinfo.wait.cpu2 0
cpuinfo.irq.cpu2 0
cpuinfo.soft.cpu2 0
cpuinfo.steal.cpu2 0
cpuinfo.idle.cpu2 100
cpuinfo.intrpt.cpu2 0
cputotals.systot.cpu2 0
cputotals.usertot.cpu2 0
cpuinfo.user.cpu3 2
cpuinfo.nice.cpu3 0
cpuinfo.sys.cpu3 0
cpuinfo.wait.cpu3 0
cpuinfo.irq.cpu3 0
cpuinfo.soft.cpu3 0
cpuinfo.steal.cpu3 0
cpuinfo.idle.cpu3 98
cpuinfo.intrpt.cpu3 0
cputotals.systot.cpu3 0
cputotals.usertot.cpu3 2
cpuinfo.user.cpu4 1
cpuinfo.nice.cpu4 0
cpuinfo.sys.cpu4 0
cpuinfo.wait.cpu4 0
cpuinfo.irq.cpu4 0
cpuinfo.soft.cpu4 0
cpuinfo.steal.cpu4 0
cpuinfo.idle.cpu4 99
cpuinfo.intrpt.cpu4 0
cputotals.systot.cpu4 0
cputotals.usertot.cpu4 1
cpuinfo.user.cpu5 0
cpuinfo.nice.cpu5 0
cpuinfo.sys.cpu5 0
cpuinfo.wait.cpu5 0
cpuinfo.irq.cpu5 0
cpuinfo.soft.cpu5 0
cpuinfo.steal.cpu5 0
cpuinfo.idle.cpu5 100
cpuinfo.intrpt.cpu5 0
cputotals.systot.cpu5 0
cputotals.usertot.cpu5 0
cpuinfo.user.cpu6 0
cpuinfo.nice.cpu6 0
cpuinfo.sys.cpu6 0
cpuinfo.wait.cpu6 0
cpuinfo.irq.cpu6 0
cpuinfo.soft.cpu6 0
cpuinfo.steal.cpu6 0
cpuinfo.idle.cpu6 100
cpuinfo.intrpt.cpu6 0
cputotals.systot.cpu6 0
cputotals.usertot.cpu6 0
cpuinfo.user.cpu7 0
cpuinfo.nice.cpu7 0
cpuinfo.sys.cpu7 0
cpuinfo.wait.cpu7 0
cpuinfo.irq.cpu7 0
cpuinfo.soft.cpu7 0
cpuinfo.steal.cpu7 0
cpuinfo.idle.cpu7 100
cpuinfo.intrpt.cpu7 0
cputotals.systot.cpu7 0
cputotals.usertot.cpu7 0
cpuinfo.user.cpu8 100
cpuinfo.nice.cpu8 0
cpuinfo.sys.cpu8 0
cpuinfo.wait.cpu8 0
cpuinfo.irq.cpu8 0
cpuinfo.soft.cpu8 0
cpuinfo.steal.cpu8 0
cpuinfo.idle.cpu8 0
cpuinfo.intrpt.cpu8 0
cputotals.systot.cpu8 0
cputotals.usertot.cpu8 100
cpuinfo.user.cpu9 0
cpuinfo.nice.cpu9 0
cpuinfo.sys.cpu9 0
cpuinfo.wait.cpu9 0
cpuinfo.irq.cpu9 0
cpuinfo.soft.cpu9 0
cpuinfo.steal.cpu9 0
cpuinfo.idle.cpu9 100
cpuinfo.intrpt.cpu9 0
cputotals.systot.cpu9 0
cputotals.usertot.cpu9 0
cpuinfo.user.cpu10 0
cpuinfo.nice.cpu10 0
cpuinfo.sys.cpu10 0
cpuinfo.wait.cpu10 0
cpuinfo.irq.cpu10 0
cpuinfo.soft.cpu10 0
cpuinfo.steal.cpu10 0
cpuinfo.idle.cpu10 100
cpuinfo.intrpt.cpu10 0
cputotals.systot.cpu10 0
cputotals.usertot.cpu10 0
cpuinfo.user.cpu11 0
cpuinfo.nice.cpu11 0
cpuinfo.sys.cpu11 0
cpuinfo.wait.cpu11 0
cpuinfo.irq.cpu11 0
cpuinfo.soft.cpu11 0
cpuinfo.steal.cpu11 0
cpuinfo.idle.cpu11 100
cpuinfo.intrpt.cpu11 0
cputotals.systot.cpu11 0
cputotals.usertot.cpu11 0
cpuinfo.user.cpu12 0
cpuinfo.nice.cpu12 0
cpuinfo.sys.cpu12 0
cpuinfo.wait.cpu12 0
cpuinfo.irq.cpu12 0
cpuinfo.soft.cpu12 0
cpuinfo.steal.cpu12 0
cpuinfo.idle.cpu12 100
cpuinfo.intrpt.cpu12 0
cputotals.systot.cpu12 0
cputotals.usertot.cpu12 0
cpuinfo.user.cpu13 0
cpuinfo.nice.cpu13 0
cpuinfo.sys.cpu13 0
cpuinfo.wait.cpu13 0
cpuinfo.irq.cpu13 0
cpuinfo.soft.cpu13 0
cpuinfo.steal.cpu13 0
cpuinfo.idle.cpu13 100
cpuinfo.intrpt.cpu13 0
cputotals.systot.cpu13 0
cputotals.usertot.cpu13 0
cpuinfo.user.cpu14 0
cpuinfo.nice.cpu14 0
cpuinfo.sys.cpu14 0
cpuinfo.wait.cpu14 0
cpuinfo.irq.cpu14 0
cpuinfo.soft.cpu14 0
cpuinfo.steal.cpu14 0
cpuinfo.idle.cpu14 100
cpuinfo.intrpt.cpu14 0
cputotals.systot.cpu14 0
cputotals.usertot.cpu14 0
cpuinfo.user.cpu15 0
cpuinfo.nice.cpu15 0
cpuinfo.sys.cpu15 1
cpuinfo.wait.cpu15 0
cpuinfo.irq.cpu15 0
cpuinfo.soft.cpu15 0
cpuinfo.steal.cpu15 0
cpuinfo.idle.cpu15 99
cpuinfo.intrpt.cpu15 0
cputotals.systot.cpu15 1
cputotals.usertot.cpu15 0
sample.time 1733878033.001
cputotals.num 16
cputotals.user 13
cputotals.nice 0
cputotals.sys 0
cputotals.wait 0
cputotals.irq 0
cputotals.soft 0
cputotals.steal 0
cputotals.idle 87
cputotals.systot 0
cputotals.usertot 13
cputotals.total 13
ctxint.ctx 1766
ctxint.int 3635
proc.creates 20
proc.runq 2345
proc.run 2
cpuload.avg1 1.50
cpuload.avg5 6.49
cpuload.avg15 8.36
disktotals.reads 0
disktotals.readkbs 0
disktotals.writes 4
disktotals.writekbs 108
meminfo.tot 32776376
meminfo.used 17156064
meminfo.free 15620312
meminfo.shared 0
meminfo.buf 244432
meminfo.cached 11033032
meminfo.slab 824088
meminfo.map 1069704
meminfo.anon 4450684
meminfo.anonH 0
meminfo.dirty 1012
meminfo.locked 104
meminfo.inactive 10104396
meminfo.hugetot 0
meminfo.hugefree 0
meminfo.hugersvd 0
meminfo.sunreclaim 357812
swapinfo.total 8388604
swapinfo.free 8388604
swapinfo.used 0
swapinfo.in 0
swapinfo.out 0
pageinfo.fault 2500
pageinfo.majfault 0
pageinfo.in 0
pageinfo.out 108
nettotals.kbin 0
nettotals.pktin 0
nettotals.kbout 0
nettotals.pktout 0
cpuinfo.user.cpu0 100
cpuinfo.nice.cpu0 0
cpuinfo.sys.cpu0 0
cpuinfo.wait.cpu0 0
cpuinfo.irq.cpu0 0
cpuinfo.soft.cpu0 0
cpuinfo.steal.cpu0 0
cpuinfo.idle.cpu0 0
cpuinfo.intrpt.cpu0 0
cputotals.systot.cpu0 0
cputotals.usertot.cpu0 100
cpuinfo.user.cpu1 1
cpuinfo.nice.cpu1 0
cpuinfo.sys.cpu1 0
cpuinfo.wait.cpu1 0
cpuinfo.irq.cpu1 0
cpuinfo.soft.cpu1 0
cpuinfo.steal.cpu1 0
cpuinfo.idle.cpu1 99
cpuinfo.intrpt.cpu1 0
cputotals.systot.cpu1 0
cputotals.usertot.cpu1 1
cpuinfo.user.cpu2 0
cpuinfo.nice.cpu2 0
cpuinfo.sys.cpu2 0
cpuinfo.wait.cpu2 0
cpuinfo.irq.cpu2 0
cpuinfo.soft.cpu2 0
cpuinfo.steal.cpu2 0
cpuinfo.idle.cpu2 100
cpuinfo.intrpt.cpu2 0
cputotals.systot.cpu2 0
cputotals.usertot.cpu2 0
cpuinfo.user.cpu3 2
cpuinfo.nice.cpu3 0
cpuinfo.sys.cpu3 0
cpuinfo.wait.cpu3 0
cpuinfo.irq.cpu3 0
cpuinfo.soft.cpu3 0
cpuinfo.steal.cpu3 0
cpuinfo.idle.cpu3 98
cpuinfo.intrpt.cpu3 0
cputotals.systot.cpu3 0
cputotals.usertot.cpu3 2
cpuinfo.user.cpu4 0
cpuinfo.nice.cpu4 0
cpuinfo.sys.cpu4 0
cpuinfo.wait.cpu4 0
cpuinfo.irq.cpu4 0
cpuinfo.soft.cpu4 0
cpuinfo.steal.cpu4 0
cpuinfo.idle.cpu4 100
cpuinfo.intrpt.cpu4 0
cputotals.systot.cpu4 0
cputotals.usertot.cpu4 0
cpuinfo.user.cpu5 1
cpuinfo.nice.cpu5 0
cpuinfo.sys.cpu5 0
cpuinfo.wait.cpu5 0
cpuinfo.irq.cpu5 0
cpuinfo.soft.cpu5 0
cpuinfo.steal.cpu5 0
cpuinfo.idle.cpu5 99
cpuinfo.intrpt.cpu5 0
cputotals.systot.cpu5 0
cputotals.usertot.cpu5 1
cpuinfo.user.cpu6 1
cpuinfo.nice.cpu6 0
cpuinfo.sys.cpu6 0
cpuinfo.wait.cpu6 0
cpuinfo.irq.cpu6 0
cpuinfo.soft.cpu6 0
cpuinfo.steal.cpu6 0
cpuinfo.idle.cpu6 99
cpuinfo.intrpt.cpu6 0
cputotals.systot.cpu6 0
cputotals.usertot.cpu6 1
cpuinfo.user.cpu7 1
cpuinfo.nice.cpu7 0
cpuinfo.sys.cpu7 1
cpuinfo.wait.cpu7 0
cpuinfo.irq.cpu7 0
cpuinfo.soft.cpu7 0
cpuinfo.steal.cpu7 0
cpuinfo.idle.cpu7 98
cpuinfo.intrpt.cpu7 0
cputotals.systot.cpu7 1
cputotals.usertot.cpu7 1
cpuinfo.user.cpu8 100
cpuinfo.nice.cpu8 0
cpuinfo.sys.cpu8 0
cpuinfo.wait.cpu8 0
cpuinfo.irq.cpu8 0
cpuinfo.soft.cpu8 0
cpuinfo.steal.cpu8 0
cpuinfo.idle.cpu8 0
cpuinfo.intrpt.cpu8 0
cputotals.systot.cpu8 0
cputotals.usertot.cpu8 100
cpuinfo.user.cpu9 1
cpuinfo.nice.cpu9 0
cpuinfo.sys.cpu9 0
cpuinfo.wait.cpu9 0
cpuinfo.irq.cpu9 0
cpuinfo.soft.cpu9 0
cpuinfo.steal.cpu9 0
cpuinfo.idle.cpu9 99
cpuinfo.intrpt.cpu9 0
cputotals.systot.cpu9 0
cputotals.usertot.cpu9 1
cpuinfo.user.cpu10 1
cpuinfo.nice.cpu10 0
cpuinfo.sys.cpu10 1
cpuinfo.wait.cpu10 0
cpuinfo.irq.cpu10 0
cpuinfo.soft.cpu10 0
cpuinfo.steal.cpu10 0
cpuinfo.idle.cpu10 98
cpuinfo.intrpt.cpu10 0
cputotals.systot.cpu10 1
cputotals.usertot.cpu10 1
cpuinfo.user.cpu11 1
cpuinfo.nice.cpu11 0
cpuinfo.sys.cpu11 1
cpuinfo.wait.cpu11 0
cpuinfo.irq.cpu11 0
cpuinfo.soft.cpu11 0
cpuinfo.steal.cpu11 0
cpuinfo.idle.cpu11 98
cpuinfo.intrpt.cpu11 0
cputotals.systot.cpu11 1
cputotals.usertot.cpu11 1
cpuinfo.user.cpu12 0
cpuinfo.nice.cpu12 0
cpuinfo.sys.cpu12 1
cpuinfo.wait.cpu12 0
cpuinfo.irq.cpu12 0
cpuinfo.soft.cpu12 0
cpuinfo.steal.cpu12 0
cpuinfo.idle.cpu12 99
cpuinfo.intrpt.cpu12 0
cputotals.systot.cpu12 1
cputotals.usertot.cpu12 0
cpuinfo.user.cpu13 0
cpuinfo.nice.cpu13 0
cpuinfo.sys.cpu13 0
cpuinfo.wait.cpu13 0
cpuinfo.irq.cpu13 0
cpuinfo.soft.cpu13 0
cpuinfo.steal.cpu13 0
cpuinfo.idle.cpu13 100
cpuinfo.intrpt.cpu13 0
cputotals.systot.cpu13 0
cputotals.usertot.cpu13 0
cpuinfo.user.cpu14 3
cpuinfo.nice.cpu14 0
cpuinfo.sys.cpu14 0
cpuinfo.wait.cpu14 0
cpuinfo.irq.cpu14 0
cpuinfo.soft.cpu14 0
cpuinfo.steal.cpu14 0
cpuinfo.idle.cpu14 97
cpuinfo.intrpt.cpu14 0
cputotals.systot.cpu14 0
cputotals.usertot.cpu14 3
cpuinfo.user.cpu15 0
cpuinfo.nice.cpu15 0
cpuinfo.sys.cpu15 0
cpuinfo.wait.cpu15 0
cpuinfo.irq.cpu15 0
cpuinfo.soft.cpu15 0
cpuinfo.steal.cpu15 0
cpuinfo.idle.cpu15 100
cpuinfo.intrpt.cpu15 0
cputotals.systot.cpu15 0
cputotals.usertot.cpu15 0
sample.time 1733878034.001
cputotals.num 16
cputotals.user 15
cputotals.nice 0
cputotals.sys 1
cputotals.wait 0
cputotals.irq 0
cputotals.soft 0
cputotals.steal 0
cputotals.idle 84
cputotals.systot 1
cputotals.usertot 15
cputotals.total 16
ctxint.ctx 2282
ctxint.int 4549
proc.creates 47
proc.runq 2349
proc.run 2
cpuload.avg1 1.50
cpuload.avg5 6.49
cpuload.avg15 8.36
disktotals.reads 0
disktotals.readkbs 0
disktotals.writes 2
disktotals.writekbs 96
meminfo.tot 32776376
meminfo.used 17158108
meminfo.free 15618268
meminfo.shared 0
meminfo.buf 244436
meminfo.cached 11033060
meminfo.slab 824068
meminfo.map 1069768
meminfo.anon 4451688
meminfo.anonH 0
meminfo.dirty 944
meminfo.locked 104
meminfo.inactive 10104428
meminfo.hugetot 0
meminfo.hugefree 0
meminfo.hugersvd 0
meminfo.sunreclaim 357788
swapinfo.total 8388604
swapinfo.free 8388604
swapinfo.used 0
swapinfo.in 0
swapinfo.out 0
pageinfo.fault 12113
pageinfo.majfault 0
pageinfo.in 0
pageinfo.out 96
nettotals.kbin 0
nettotals.pktin 0
nettotals.kbout 0
nettotals.pktout 0
cpuinfo.user.cpu0 100
cpuinfo.nice.cpu0 0
cpuinfo.sys.cpu0 0
cpuinfo.wait.cpu0 0
cpuinfo.irq.cpu0 0
cpuinfo.soft.cpu0 0
cpuinfo.steal.cpu0 0
cpuinfo.idle.cpu0 0
cpuinfo.intrpt.cpu0 0
cputotals.systot.cpu0 0
cputotals.usertot.cpu0 100
cpuinfo.user.cpu1 0
cpuinfo.nice.cpu1 0
cpuinfo.sys.cpu1 0
cpuinfo.wait.cpu1 0
cpuinfo.irq.cpu1 0
cpuinfo.soft.cpu1 0
cpuinfo.steal.cpu1 0
cpuinfo.idle.cpu1 100
cpuinfo.intrpt.cpu1 0
cputotals.systot.cpu1 0
cputotals.usertot.cpu1 0
cpuinfo.user.cpu2 0
cpuinfo.nice.cpu2 0
cpuinfo.sys.cpu2 0
cpuinfo.wait.cpu2 0
cpuinfo.irq.cpu2 0
cpuinfo.soft.cpu2 0
cpuinfo.steal.cpu2 0
cpuinfo.idle.cpu2 100
cpuinfo.intrpt.cpu2 0
cputotals.systot.cpu2 0
cputotals.usertot.cpu2 0
cpuinfo.user.cpu3 8
cpuinfo.nice.cpu3 0
cpuinfo.sys.cpu3 0
cpuinfo.wait.cpu3 0
cpuinfo.irq.cpu3 0
cpuinfo.soft.cpu3 0
cpuinfo.steal.cpu3 0
cpuinfo.idle.cpu3 92
cpuinfo.intrpt.cpu3 0
cputotals.systot.cpu3 0
cputotals.usertot.cpu3 8
cpuinfo.user.cpu4 0
cpuinfo.nice.cpu4 0
cpuinfo.sys.cpu4 0
cpuinfo.wait.cpu4 0
cpuinfo.irq.cpu4 0
cpuinfo.soft.cpu4 0
cpuinfo.steal.cpu4 0
cpuinfo.idle.cpu4 100
cpuinfo.intrpt.cpu4 0
cputotals.systot.cpu4 0
cputotals.usertot.cpu4 0
cpuinfo.user.cpu5 0
cpuinfo.nice.cpu5 0
cpuinfo.sys.cpu5 0
cpuinfo.wait.cpu5 0
cpuinfo.irq.cpu5 0
cpuinfo.soft.cpu5 0
cpuinfo.steal.cpu5 0
cpuinfo.idle.cpu5 100
cpuinfo.intrpt.cpu5 0
cputotals.systot.cpu5 0
cputotals.usertot.cpu5 0
cpuinfo.user.cpu6 0
cpuinfo.nice.cpu6 0
cpuinfo.sys.cpu6 0
cpuinfo.wait.cpu6 0
cpuinfo.irq.cpu6 0
cpuinfo.soft.cpu6 0
cpuinfo.steal.cpu6 0
cpuinfo.idle.cpu6 100
cpuinfo.intrpt.cpu6 0
cputotals.systot.cpu6 0
cputotals.usertot.cpu6 0
cpuinfo.user.cpu7 1
cpuinfo.nice.cpu7 0
cpuinfo.sys.cpu7 1
cpuinfo.wait.cpu7 0
cpuinfo.irq.cpu7 0
cpuinfo.soft.cpu7 0
cpuinfo.steal.cpu7 0
cpuinfo.idle.cpu7 98
cpuinfo.intrpt.cpu7 0
cputotals.systot.cpu7 1
cputotals.usertot.cpu7 1
cpuinfo.user.cpu8 100
cpuinfo.nice.cpu8 0
cpuinfo.sys.cpu8 0
cpuinfo.wait.cpu8 0
cpuinfo.irq.cpu8 0
cpuinfo.soft.cpu8 0
cpuinfo.steal.cpu8 0
cpuinfo.idle.cpu8 0
cpuinfo.intrpt.cpu8 0
cputotals.systot.cpu8 0
cputotals.usertot.cpu8 100
cpuinfo.user.cpu9 3
cpuinfo.nice.cpu9 0
cpuinfo.sys.cpu9 0
cpuinfo.wait.cpu9 0
cpuinfo.irq.cpu9 0
cpuinfo.soft.cpu9 0
cpuinfo.steal.cpu9 0
cpuinfo.idle.cpu9 97
cpuinfo.intrpt.cpu9 0
cputotals.systot.cpu9 0
cputotals.usertot.cpu9 3
cpuinfo.user.cpu10 1
cpuinfo.nice.cpu10 0
cpuinfo.sys.cpu10 1
cpuinfo.wait.cpu10 0
cpuinfo.irq.cpu10 0
cpuinfo.soft.cpu10 0
cpuinfo.steal.cpu10 0
cpuinfo.idle.cpu10 98
cpuinfo.intrpt.cpu10 0
cputotals.systot.cpu10 1
cputotals.usertot.cpu10 1
cpuinfo.user.cpu11 1
cpuinfo.nice.cpu11 0
cpuinfo.sys.cpu11 0
cpuinfo.wait.cpu11 0
cpuinfo.irq.cpu11 0
cpuinfo.soft.cpu11 0
cpuinfo.steal.cpu11 0
cpuinfo.idle.cpu11 99
cpuinfo.intrpt.cpu11 0
cputotals.systot.cpu11 0
cputotals.usertot.cpu11 1
cpuinfo.user.cpu12 7
cpuinfo.nice.cpu12 0
cpuinfo.sys.cpu12 2
cpuinfo.wait.cpu12 1
cpuinfo.irq.cpu12 0
cpuinfo.soft.cpu12 0
cpuinfo.steal.cpu12 0
cpuinfo.idle.cpu12 90
cpuinfo.intrpt.cpu12 0
cputotals.systot.cpu12 2
cputotals.usertot.cpu12 7
cpuinfo.user.cpu13 1
cpuinfo.nice.cpu13 0
cpuinfo.sys.cpu13 1
cpuinfo.wait.cpu13 0
cpuinfo.irq.cpu13 0
cpuinfo.soft.cpu13 0
cpuinfo.steal.cpu13 0
cpuinfo.idle.cpu13 98
cpuinfo.intrpt.cpu13 0
cputotals.systot.cpu13 1
cputotals.usertot.cpu13 1
cpuinfo.user.cpu14 17
cpuinfo.nice.cpu14 0
cpuinfo.sys.cpu14 4
cpuinfo.wait.cpu14 0
cpuinfo.irq.cpu14 0
cpuinfo.soft.cpu14 0
cpuinfo.steal.cpu14 0
cpuinfo.idle.cpu14 79
cpuinfo.intrpt.cpu14 0
cputotals.systot.cpu14 4
cputotals.usertot.cpu14 17
cpuinfo.user.cpu15 1
cpuinfo.nice.cpu15 0
cpuinfo.sys.cpu15 0
cpuinfo.wait.cpu15 0
cpuinfo.irq.cpu15 0
cpuinfo.soft.cpu15 0
cpuinfo.steal.cpu15 0
cpuinfo.idle.cpu15 99
cpuinfo.intrpt.cpu15 0
cputotals.systot.cpu15 0
cputotals.usertot.cpu15 1
sample.time 1733878035.001
cputotals.num 16
cputotals.user 13
cputotals.nice 0
cputotals.sys 0
cputotals.wait 0
cputotals.irq 0
cputotals.soft 0
cputotals.steal 0
cputotals.idle 87
cputotals.systot 0
cputotals.usertot 13
cputotals.total 13
ctxint.ctx 1722
ctxint.int 3724
proc.creates 13
proc.runq 2351
proc.run 2
cpuload.avg1 1.50
cpuload.avg5 6.49
cpuload.avg15 8.36
disktotals.reads 0
disktotals.readkbs 0
disktotals.writes 0
disktotals.writekbs 0
meminfo.tot 32776376
meminfo.used 17155264
meminfo.free 15621112
meminfo.shared 0
meminfo.buf 244436
meminfo.cached 11033080
meminfo.slab 824068
meminfo.map 1069768
meminfo.anon 4451468
meminfo.anonH 0
meminfo.dirty 968
meminfo.locked 104
meminfo.inactive 10104448
meminfo.hugetot 0
meminfo.hugefree 0
meminfo.hugersvd 0
meminfo.sunreclaim 357788
swapinfo.total 8388604
swapinfo.free 8388604
swapinfo.used 0
swapinfo.in 0
swapinfo.out 0
pageinfo.fault 2747
pageinfo.majfault 0
pageinfo.in 0
pageinfo.out 0
nettotals.kbin 0
nettotals.pktin 0
nettotals.kbout 0
nettotals.pktout 0
cpuinfo.user.cpu0 100
cpuinfo.nice.cpu0 0
cpuinfo.sys.cpu0 0
cpuinfo.wait.cpu0 0
cpuinfo.irq.cpu0 0
cpuinfo.soft.cpu0 0
cpuinfo.steal.cpu0 0
cpuinfo.idle.cpu0 0
cpuinfo.intrpt.cpu0 0
cputotals.systot.cpu0 0
cputotals.usertot.cpu0 100
cpuinfo.user.cpu1 1
cpuinfo.nice.cpu1 0
cpuinfo.sys.cpu1 1
cpuinfo.wait.cpu1 0
cpuinfo.irq.cpu1 0
cpuinfo.soft.cpu1 0
cpuinfo.steal.cpu1 0
cpuinfo.idle.cpu1 98
cpuinfo.intrpt.cpu1 0
cputotals.systot.cpu1 1
cputotals.usertot.cpu1 1
cpuinfo.user.cpu2 1
cpuinfo.nice.cpu2 0
cpuinfo.sys.cpu2 0
cpuinfo.wait.cpu2 1
cpuinfo.irq.cpu2 0
cpuinfo.soft.cpu2 0
cpuinfo.steal.cpu2 0
cpuinfo.idle.cpu2 98
cpuinfo.intrpt.cpu2 0
cputotals.systot.cpu2 0
cputotals.usertot.cpu2 1
cpuinfo.user.cpu3 0
cpuinfo.nice.cpu3 0
cpuinfo.sys.cpu3 0
cpuinfo.wait.cpu3 0
cpuinfo.irq.cpu3 0
cpuinfo.soft.cpu3 0
cpuinfo.steal.cpu3 0
cpuinfo.idle.cpu3 100
cpuinfo.intrpt.cpu3 0
cputotals.systot.cpu3 0
cputotals.usertot.cpu3 0
cpuinfo.user.cpu4 0
cpuinfo.nice.cpu4 0
cpuinfo.sys.cpu4 0
cpuinfo.wait.cpu4 0
cpuinfo.irq.cpu4 0
cpuinfo.soft.cpu4 0
cpuinfo.steal.cpu4 0
cpuinfo.idle.cpu4 100
cpuinfo.intrpt.cpu4 0
cputotals.systot.cpu4 0
cputotals.usertot.cpu4 0
cpuinfo.user.cpu5 1
cpuinfo.nice.cpu5 0
cpuinfo.sys.cpu5 0
cpuinfo.wait.cpu5 0
cpuinfo.irq.cpu5 0
cpuinfo.soft.cpu5 0
cpuinfo.steal.cpu5 0
cpuinfo.idle.cpu5 99
cpuinfo.intrpt.cpu5 0
cputotals.systot.cpu5 0
cputotals.usertot.cpu5 1
cpuinfo.user.cpu6 0
cpuinfo.nice.cpu6 0
cpuinfo.sys.cpu6 0
cpuinfo.wait.cpu6 0
cpuinfo.irq.cpu6 0
cpuinfo.soft.cpu6 0
cpuinfo.steal.cpu6 0
cpuinfo.idle.cpu6 100
cpuinfo.intrpt.cpu6 0
cputotals.systot.cpu6 0
cputotals.usertot.cpu6 0
cpuinfo.user.cpu7 2
cpuinfo.nice.cpu7 0
cpuinfo.sys.cpu7 0
cpuinfo.wait.cpu7 0
cpuinfo.irq.cpu7 0
cpuinfo.soft.cpu7 0
cpuinfo.steal.cpu7 0
cpuinfo.idle.cpu7 98
cpuinfo.intrpt.cpu7 0
cputotals.systot.cpu7 0
cputotals.usertot.cpu7 2
cpuinfo.user.cpu8 100
cpuinfo.nice.cpu8 0
cpuinfo.sys.cpu8 0
cpuinfo.wait.cpu8 0
cpuinfo.irq.cpu8 0
cpuinfo.soft.cpu8 0
cpuinfo.steal.cpu8 0
cpuinfo.idle.cpu8 0
cpuinfo.intrpt.cpu8 0
cputotals.systot.cpu8 0
cputotals.usertot.cpu8 100
cpuinfo.user.cpu9 1
cpuinfo.nice.cpu9 0
cpuinfo.sys.cpu9 0
cpuinfo.wait.cpu9 0
cpuinfo.irq.cpu9 0
cpuinfo.soft.cpu9 0
cpuinfo.steal.cpu9 0
cpuinfo.idle.cpu9 99
cpuinfo.intrpt.cpu9 0
cputotals.systot.cpu9 0
cputotals.usertot.cpu9 1
cpuinfo.user.cpu10 0
cpuinfo.nice.cpu10 0
cpuinfo.sys.cpu10 0
cpuinfo.wait.cpu10 0
cpuinfo.irq.cpu10 0
cpuinfo.soft.cpu10 0
cpuinfo.steal.cpu10 0
cpuinfo.idle.cpu10 100
cpuinfo.intrpt.cpu10 0
cputotals.systot.cpu10 0
cputotals.usertot.cpu10 0
cpuinfo.user.cpu11 1
cpuinfo.nice.cpu11 0
cpuinfo.sys.cpu11 0
cpuinfo.wait.cpu11 0
cpuinfo.irq.cpu11 0
cpuinfo.soft.cpu11 0
cpuinfo.steal.cpu11 0
cpuinfo.idle.cpu11 99
cpuinfo.intrpt.cpu11 0
cputotals.systot.cpu11 0
cputotals.usertot.cpu11 1
cpuinfo.user.cpu12 1
cpuinfo.nice.cpu12 0
cpuinfo.sys.cpu12 0
cpuinfo.wait.cpu12 0
cpuinfo.irq.cpu12 0
cpuinfo.soft.cpu12 0
cpuinfo.steal.cpu12 0
cpuinfo.idle.cpu12 99
cpuinfo.intrpt.cpu12 0
cputotals.systot.cpu12 0
cputotals.usertot.cpu12 1
cpuinfo.user.cpu13 0
cpuinfo.nice.cpu13 0
cpuinfo.sys.cpu13 0
cpuinfo.wait.cpu13 0
cpuinfo.irq.cpu13 0
cpuinfo.soft.cpu13 0
cpuinfo.steal.cpu13 0
cpuinfo.idle.cpu13 100
cpuinfo.intrpt.cpu13 0
cputotals.systot.cpu13 0
cputotals.usertot.cpu13 0
cpuinfo.user.cpu14 3
cpuinfo.nice.cpu14 0
cpuinfo.sys.cpu14 1
cpuinfo.wait.cpu14 0
cpuinfo.irq.cpu14 0
cpuinfo.soft.cpu14 0
cpuinfo.steal.cpu14 0
cpuinfo.idle.cpu14 96
cpuinfo.intrpt.cpu14 0
cputotals.systot.cpu14 1
cputotals.usertot.cpu14 3
cpuinfo.user.cpu15 0
cpuinfo.nice.cpu15 0
cpuinfo.sys.cpu15 1
cpuinfo.wait.cpu15 0
cpuinfo.irq.cpu15 0
cpuinfo.soft.cpu15 0
cpuinfo.steal.cpu15 0
cpuinfo.idle.cpu15 99
cpuinfo.intrpt.cpu15 0
cputotals.systot.cpu15 1
cputotals.usertot.cpu15 0
sample.time 1733878036.001
cputotals.num 16
cputotals.user 15
cputotals.nice 0
cputotals.sys 1
cputotals.wait 0
cputotals.irq 0
cputotals.soft 0
cputotals.steal 0
cputotals.idle 85
cputotals.systot 1
cputotals.usertot 15
cputotals.total 15
ctxint.ctx 2062
ctxint.int 4404
proc.creates 42
proc.runq 2348
proc.run 2
cpuload.avg1 1.50
cpuload.avg5 6.49
cpuload.avg15 8.36
disktotals.reads 0
disktotals.readkbs 0
disktotals.writes 0
disktotals.writekbs 0
meminfo.tot 32776376
meminfo.used 17156868
meminfo.free 15619508
meminfo.shared 0
meminfo.buf 244436
meminfo.cached 11033096
meminfo.slab 824060
meminfo.map 1069768
meminfo.anon 4453460
meminfo.anonH 0
meminfo.dirty 984
meminfo.locked 104
meminfo.inactive 10104464
meminfo.hugetot 0
meminfo.hugefree 0
meminfo.hugersvd 0
meminfo.sunreclaim 357780
swapinfo.total 8388604
swapinfo.free 8388604
swapinfo.used 0
swapinfo.in 0
swapinfo.out 0
pageinfo.fault 12107
pageinfo.majfault 0
pageinfo.in 0
pageinfo.out 0
nettotals.kbin 0
nettotals.pktin 0
nettotals.kbout 0
nettotals.pktout 0
cpuinfo.user.cpu0 100
cpuinfo.nice.cpu0 0
cpuinfo.sys.cpu0 0
cpuinfo.wait.cpu0 0
cpuinfo.irq.cpu0 0
cpuinfo.soft.cpu0 0
cpuinfo.steal.cpu0 0
cpuinfo.idle.cpu0 0
cpuinfo.intrpt.cpu0 0
cputotals.systot.cpu0 0
cputotals.usertot.cpu0 100
cpuinfo.user.cpu1 5
cpuinfo.nice.cpu1 0
cpuinfo.sys.cpu1 0
cpuinfo.wait.cpu1 0
cpuinfo.irq.cpu1 0
cpuinfo.soft.cpu1 0
cpuinfo.steal.cpu1 0
cpuinfo.idle.cpu1 95
cpuinfo.intrpt.cpu1 0
cputotals.systot.cpu1 0
cputotals.usertot.cpu1 5
cpuinfo.user.cpu2 0
cpuinfo.nice.cpu2 0
cpuinfo.sys.cpu2 1
cpuinfo.wait.cpu2 0
cpuinfo.irq.cpu2 0
cpuinfo.soft.cpu2 0
cpuinfo.steal.cpu2 0
cpuinfo.idle.cpu2 99
cpuinfo.intrpt.cpu2 0
cputotals.systot.cpu2 1
cputotals.usertot.cpu2 0
cpuinfo.user.cpu3 0
cpuinfo.nice.cpu3 0
cpuinfo.sys.cpu3 0
cpuinfo.wait.cpu3 0
cpuinfo.irq.cpu3 0
cpuinfo.soft.cpu3 0
cpuinfo.steal.cpu3 0
cpuinfo.idle.cpu3 100
cpuinfo.intrpt.cpu3 0
cputotals.systot.cpu3 0
cputotals.usertot.cpu3 0
cpuinfo.user.cpu4 1
cpuinfo.nice.cpu4 0
cpuinfo.sys.cpu4 0
cpuinfo.wait.cpu4 0
cpuinfo.irq.cpu4 0
cpuinfo.soft.cpu4 0
cpuinfo.steal.cpu4 0
cpuinfo.idle.cpu4 99
cpuinfo.intrpt.cpu4 0
cputotals.systot.cpu4 0
cputotals.usertot.cpu4 1
cpuinfo.user.cpu5 0
cpuinfo.nice.cpu5 0
cpuinfo.sys.cpu5 1
cpuinfo.wait.cpu5 0
cpuinfo.irq.cpu5 0
cpuinfo.soft.cpu5 0
cpuinfo.steal.cpu5 0
cpuinfo.idle.cpu5 99
cpuinfo.intrpt.cpu5 0
cputotals.systot.cpu5 1
cputotals.usertot.cpu5 0
cpuinfo.user.cpu6 0
cpuinfo.nice.cpu6 0
cpuinfo.sys.cpu6 0
cpuinfo.wait.cpu6 0
cpuinfo.irq.cpu6 0
cpuinfo.soft.cpu6 0
cpuinfo.steal.cpu6 0
cpuinfo.idle.cpu6 100
cpuinfo.intrpt.cpu6 0
cputotals.systot.cpu6 0
cputotals.usertot.cpu6 0
cpuinfo.user.cpu7 4
cpuinfo.nice.cpu7 0
cpuinfo.sys.cpu7 1
cpuinfo.wait.cpu7 0
cpuinfo.irq.cpu7 0
cpuinfo.soft.cpu7 0
cpuinfo.steal.cpu7 0
cpuinfo.idle.cpu7 95
cpuinfo.intrpt.cpu7 0
cputotals.systot.cpu7 1
cputotals.usertot.cpu7 4
cpuinfo.user.cpu8 100
cpuinfo.nice.cpu8 0
cpuinfo.sys.cpu8 0
cpuinfo.wait.cpu8 0
cpuinfo.irq.cpu8 0
cpuinfo.soft.cpu8 0
cpuinfo.steal.cpu8 0
cpuinfo.idle.cpu8 0
cpuinfo.intrpt.cpu8 0
cputotals.systot.cpu8 0
cputotals.usertot.cpu8 100
cpuinfo.user.cpu9 3
cpuinfo.nice.cpu9 0
cpuinfo.sys.cpu9 0
cpuinfo.wait.cpu9 0
cpuinfo.irq.cpu9 0
cpuinfo.soft.cpu9 0
cpuinfo.steal.cpu9 0
cpuinfo.idle.cpu9 97
cpuinfo.intrpt.cpu9 0
cputotals.systot.cpu9 0
cputotals.usertot.cpu9 3
cpuinfo.user.cpu10 0
cpuinfo.nice.cpu10 0
cpuinfo.sys.cpu10 0
cpuinfo.wait.cpu10 0
cpuinfo.irq.cpu10 0
cpuinfo.soft.cpu10 0
cpuinfo.steal.cpu10 0
cpuinfo.idle.cpu10 100
cpuinfo.intrpt.cpu10 0
cputotals.systot.cpu10 0
cputotals.usertot.cpu10 0
cpuinfo.user.cpu11 2
cpuinfo.nice.cpu11 0
cpuinfo.sys.cpu11 1
cpuinfo.wait.cpu11 0
cpuinfo.irq.cpu11 0
cpuinfo.soft.cpu11 0
cpuinfo.steal.cpu11 0
cpuinfo.idle.cpu11 97
cpuinfo.intrpt.cpu11 0
cputotals.systot.cpu11 1
cputotals.usertot.cpu11 2
cpuinfo.user.cpu12 6
cpuinfo.nice.cpu12 0
cpuinfo.sys.cpu12 3
cpuinfo.wait.cpu12 0
cpuinfo.irq.cpu12 0
cpuinfo.soft.cpu12 0
cpuinfo.steal.cpu12 0
cpuinfo.idle.cpu12 91
cpuinfo.intrpt.cpu12 0
cputotals.systot.cpu12 3
cputotals.usertot.cpu12 6
cpuinfo.user.cpu13 1
cpuinfo.nice.cpu13 0
cpuinfo.sys.cpu13 0
cpuinfo.wait.cpu13 0
cpuinfo.irq.cpu13 0
cpuinfo.soft.cpu13 0
cpuinfo.steal.cpu13 0
cpuinfo.idle.cpu13 99
cpuinfo.intrpt.cpu13 0
cputotals.systot.cpu13 0
cputotals.usertot.cpu13 1
cpuinfo.user.cpu14 11
cpuinfo.nice.cpu14 0
cpuinfo.sys.cpu14 3
cpuinfo.wait.cpu14 0
cpuinfo.irq.cpu14 0
cpuinfo.soft.cpu14 0
cpuinfo.steal.cpu14 0
cpuinfo.idle.cpu14 86
cpuinfo.intrpt.cpu14 0
cputotals.systot.cpu14 3
cputotals.usertot.cpu14 11
cpuinfo.user.cpu15 4
cpuinfo.nice.cpu15 0
cpuinfo.sys.cpu15 0
cpuinfo.wait.cpu15 0
cpuinfo.irq.cpu15 0
cpuinfo.soft.cpu15 0
cpuinfo.steal.cpu15 0
cpuinfo.idle.cpu15 96
cpuinfo.intrpt.cpu15 0
cputotals.systot.cpu15 0
cputotals.usertot.cpu15 4
sample.time 1733878037.001
cputotals.num 16
cputotals.user 13
cputotals.nice 0
cputotals.sys 0
cputotals.wait 0
cputotals.irq 0
cputotals.soft 0
cputotals.steal 0
cputotals.idle 87
cputotals.systot 0
cputotals.usertot 13
cputotals.total 13
ctxint.ctx 1476
ctxint.int 3527
proc.creates 8
proc.runq 2348
proc.run 2
cpuload.avg1 1.54
cpuload.avg5 6.41
cpuload.avg15 8.32
disktotals.reads 0
disktotals.readkbs 0
disktotals.writes 0
disktotals.writekbs 0
meminfo.tot 32776376
meminfo.used 17156504
meminfo.free 15619872
meminfo.shared 0
meminfo.buf 244436
meminfo.cached 11033112
meminfo.slab 824060
meminfo.map 1069768
meminfo.anon 4455464
meminfo.anonH 0
meminfo.dirty 1000
meminfo.locked 104
meminfo.inactive 10104476
meminfo.hugetot 0
meminfo.hugefree 0
meminfo.hugersvd 0
meminfo.sunreclaim 357780
swapinfo.total 8388604
swapinfo.free 8388604
swapinfo.used 0
swapinfo.in 0
swapinfo.out 0
pageinfo.fault 2706
pageinfo.majfault 0
pageinfo.in 0
pageinfo.out 0
nettotals.kbin 0
nettotals.pktin 0
nettotals.kbout 0
nettotals.pktout 0
cpuinfo.user.cpu0 100
cpuinfo.nice.cpu0 0
cpuinfo.sys.cpu0 0
cpuinfo.wait.cpu0 0
cpuinfo.irq.cpu0 0
cpuinfo.soft.cpu0 0
cpuinfo.steal.cpu0 0
cpuinfo.idle.cpu0 0
cpuinfo.intrpt.cpu0 0
cputotals.systot.cpu0 0
cputotals.usertot.cpu0 100
cpuinfo.user.cpu1 2
cpuinfo.nice.cpu1 0
cpuinfo.sys.cpu1 0
cpuinfo.wait.cpu1 0
cpuinfo.irq.cpu1 0
cpuinfo.soft.cpu1 0
cpuinfo.steal.cpu1 0
cpuinfo.idle.cpu1 98
cpuinfo.intrpt.cpu1 0
cputotals.systot.cpu1 0
cputotals.usertot.cpu1 2
cpuinfo.user.cpu2 1
cpuinfo.nice.cpu2 0
cpuinfo.sys.cpu2 0
cpuinfo.wait.cpu2 0
cpuinfo.irq.cpu2 0
cpuinfo.soft.cpu2 0
cpuinfo.steal.cpu2 0
cpuinfo.idle.cpu2 99
cpuinfo.intrpt.cpu2 0
cputotals.systot.cpu2 0
cputotals.usertot.cpu2 1
cpuinfo.user.cpu3 0
cpuinfo.nice.cpu3 0
cpuinfo.sys.cpu3 0
cpuinfo.wait.cpu3 0
cpuinfo.irq.cpu3 0
cpuinfo.soft.cpu3 0
cpuinfo.steal.cpu3 0
cpuinfo.idle.cpu3 100
cpuinfo.intrpt.cpu3 0
cputotals.systot.cpu3 0
cputotals.usertot.cpu3 0
cpuinfo.user.cpu4 0
cpuinfo.nice.cpu4 0
cpuinfo.sys.cpu4 0
cpuinfo.wait.cpu4 0
cpuinfo.irq.cpu4 0
cpuinfo.soft.cpu4 0
cpuinfo.steal.cpu4 0
cpuinfo.idle.cpu4 100
cpuinfo.intrpt.cpu4 0
cputotals.systot.cpu4 0
cputotals.usertot.cpu4 0
cpuinfo.user.cpu5 0
cpuinfo.nice.cpu5 0
cpuinfo.sys.cpu5 0
cpuinfo.wait.cpu5 0
cpuinfo.irq.cpu5 0
cpuinfo.soft.cpu5 0
cpuinfo.steal.cpu5 0
cpuinfo.idle.cpu5 100
cpuinfo.intrpt.cpu5 0
cputotals.systot.cpu5 0
cputotals.usertot.cpu5 0
cpuinfo.user.cpu6 0
cpuinfo.nice.cpu6 0
cpuinfo.sys.cpu6 0
cpuinfo.wait.cpu6 0
cpuinfo.irq.cpu6 0
cpuinfo.soft.cpu6 0
cpuinfo.steal.cpu6 0
cpuinfo.idle.cpu6 100
cpuinfo.intrpt.cpu6 0
cputotals.systot.cpu6 0
cputotals.usertot.cpu6 0
cpuinfo.user.cpu7 0
cpuinfo.nice.cpu7 0
cpuinfo.sys.cpu7 0
cpuinfo.wait.cpu7 0
cpuinfo.irq.cpu7 0
cpuinfo.soft.cpu7 0
cpuinfo.steal.cpu7 0
cpuinfo.idle.cpu7 100
cpuinfo.intrpt.cpu7 0
cputotals.systot.cpu7 0
cputotals.usertot.cpu7 0
cpuinfo.user.cpu8 100
cpuinfo.nice.cpu8 0
cpuinfo.sys.cpu8 0
cpuinfo.wait.cpu8 0
cpuinfo.irq.cpu8 0
cpuinfo.soft.cpu8 0
cpuinfo.steal.cpu8 0
cpuinfo.idle.cpu8 0
cpuinfo.intrpt.cpu8 0
cputotals.systot.cpu8 0
cputotals.usertot.cpu8 100
cpuinfo.user.cpu9 2
cpuinfo.nice.cpu9 0
cpuinfo.sys.cpu9 0
cpuinfo.wait.cpu9 0
cpuinfo.irq.cpu9 0
cpuinfo.soft.cpu9 0
cpuinfo.steal.cpu9 0
cpuinfo.idle.cpu9 98
cpuinfo.intrpt.cpu9 0
cputotals.systot.cpu9 0
cputotals.usertot.cpu9 2
cpuinfo.user.cpu10 0
cpuinfo.nice.cpu10 0
cpuinfo.sys.cpu10 0
cpuinfo.wait.cpu10 1
cpuinfo.irq.cpu10 0
cpuinfo.soft.cpu10 0
cpuinfo.steal.cpu10 0
cpuinfo.idle.cpu10 99
cpuinfo.intrpt.cpu10 0
cputotals.systot.cpu10 0
cputotals.usertot.cpu10 0
cpuinfo.user.cpu11 2
cpuinfo.nice.cpu11 0
cpuinfo.sys.cpu11 0
cpuinfo.wait.cpu11 0
cpuinfo.irq.cpu11 0
cpuinfo.soft.cpu11 0
cpuinfo.steal.cpu11 0
cpuinfo.idle.cpu11 98
cpuinfo.intrpt.cpu11 0
cputotals.systot.cpu11 0
cputotals.usertot.cpu11 2
cpuinfo.user.cpu12 0
cpuinfo.nice.cpu12 0
cpuinfo.sys.cpu12 0
cpuinfo.wait.cpu12 0
cpuinfo.irq.cpu12 0
cpuinfo.soft.cpu12 0
cpuinfo.steal.cpu12 0
cpuinfo.idle.cpu12 100
cpuinfo.intrpt.cpu12 0
cputotals.systot.cpu12 0
cputotals.usertot.cpu12 0
cpuinfo.user.cpu13 0
cpuinfo.nice.cpu13 0
cpuinfo.sys.cpu13 0
cpuinfo.wait.cpu13 0
cpuinfo.irq.cpu13 0
cpuinfo.soft.cpu13 0
cpuinfo.steal.cpu13 0
cpuinfo.idle.cpu13 100
cpuinfo.intrpt.cpu13 0
cputotals.systot.cpu13 0
cputotals.usertot.cpu13 0
cpuinfo.user.cpu14 0
cpuinfo.nice.cpu14 0
cpuinfo.sys.cpu14 0
cpuinfo.wait.cpu14 0
cpuinfo.irq.cpu14 0
cpuinfo.soft.cpu14 0
cpuinfo.steal.cpu14 0
cpuinfo.idle.cpu14 100
cpuinfo.intrpt.cpu14 0
cputotals.systot.cpu14 0
cputotals.usertot.cpu14 0
cpuinfo.user.cpu15 1
cpuinfo.nice.cpu15 0
cpuinfo.sys.cpu15 0
cpuinfo.wait.cpu15 0
cpuinfo.irq.cpu15 0
cpuinfo.soft.cpu15 0
cpuinfo.steal.cpu15 0
cpuinfo.idle.cpu15 99
cpuinfo.intrpt.cpu15 0
cputotals.systot.cpu15 0
cputotals.usertot.cpu15 1
sample.time 1733878038.001
cputotals.num 16
cputotals.user 13
cputotals.nice 0
cputotals.sys 0
cputotals.wait 0
cputotals.irq 0
cputotals.soft 0
cputotals.steal 0
cputotals.idle 87
cputotals.systot 0
cputotals.usertot 13
cputotals.total 13
ctxint.ctx 1374
ctxint.int 3579
proc.creates 9
proc.runq 2349
proc.run 2
cpuload.avg1 1.54
cpuload.avg5 6.41
cpuload.avg15 8.32
disktotals.reads 0
disktotals.readkbs 0
disktotals.writes 37
disktotals.writekbs 340
meminfo.tot 32776376
meminfo.used 17155812
meminfo.free 15620564
meminfo.shared 0
meminfo.buf 244444
meminfo.cached 11033128
meminfo.slab 824092
meminfo.map 1069832
meminfo.anon 4453952
meminfo.anonH 0
meminfo.dirty 1084
meminfo.locked 104
meminfo.inactive 10104488
meminfo.hugetot 0
meminfo.hugefree 0
meminfo.hugersvd 0
meminfo.sunreclaim 357780
swapinfo.total 8388604
swapinfo.free 8388604
swapinfo.used 0
swapinfo.in 0
swapinfo.out 0
pageinfo.fault 2273
pageinfo.majfault 0
pageinfo.in 0
pageinfo.out 340
nettotals.kbin 0
nettotals.pktin 0
nettotals.kbout 0
nettotals.pktout 0
cpuinfo.user.cpu0 100
cpuinfo.nice.cpu0 0
cpuinfo.sys.cpu0 0
cpuinfo.wait.cpu0 0
cpuinfo.irq.cpu0 0
cpuinfo.soft.cpu0 0
cpuinfo.steal.cpu0 0
cpuinfo.idle.cpu0 0
cpuinfo.intrpt.cpu0 0
cputotals.systot.cpu0 0
cputotals.usertot.cpu0 100
cpuinfo.user.cpu1 2
cpuinfo.nice.cpu1 0
cpuinfo.sys.cpu1 0
cpuinfo.wait.cpu1 0
cpuinfo.irq.cpu1 0
cpuinfo.soft.cpu1 0
cpuinfo.steal.cpu1 0
cpuinfo.idle.cpu1 98
cpuinfo.intrpt.cpu1 0
cputotals.systot.cpu1 0
cputotals.usertot.cpu1 2
cpuinfo.user.cpu2 0
cpuinfo.nice.cpu2 0
cpuinfo.sys.cpu2 0
cpuinfo.wait.cpu2 0
cpuinfo.irq.cpu2 0
cpuinfo.soft.cpu2 0
cpuinfo.steal.cpu2 0
cpuinfo.idle.cpu2 100
cpuinfo.intrpt.cpu2 0
cputotals.systot.cpu2 0
cputotals.usertot.cpu2 0
cpuinfo.user.cpu3 0
cpuinfo.nice.cpu3 0
cpuinfo.sys.cpu3 0
cpuinfo.wait.cpu3 0
cpuinfo.irq.cpu3 0
cpuinfo.soft.cpu3 0
cpuinfo.steal.cpu3 0
cpuinfo.idle.cpu3 100
cpuinfo.intrpt.cpu3 0
cputotals.systot.cpu3 0
cputotals.usertot.cpu3 0
cpuinfo.user.cpu4 0
cpuinfo.nice.cpu4 0
cpuinfo.sys.cpu4 1
cpuinfo.wait.cpu4 0
cpuinfo.irq.cpu4 0
cpuinfo.soft.cpu4 0
cpuinfo.steal.cpu4 0
cpuinfo.idle.cpu4 99
cpuinfo.intrpt.cpu4 0
cputotals.systot.cpu4 1
cputotals.usertot.cpu4 0
cpuinfo.user.cpu5 0
cpuinfo.nice.cpu5 0
cpuinfo.sys.cpu5 0
cpuinfo.wait.cpu5 0
cpuinfo.irq.cpu5 0
cpuinfo.soft.cpu5 0
cpuinfo.steal.cpu5 0
cpuinfo.idle.cpu5 100
cpuinfo.intrpt.cpu5 0
cputotals.systot.cpu5 0
cputotals.usertot.cpu5 0
cpuinfo.user.cpu6 0
cpuinfo.nice.cpu6 0
cpuinfo.sys.cpu6 0
cpuinfo.wait.cpu6 0
cpuinfo.irq.cpu6 0
cpuinfo.soft.cpu6 0
cpuinfo.steal.cpu6 0
cpuinfo.idle.cpu6 100
cpuinfo.intrpt.cpu6 0
cputotals.systot.cpu6 0
cputotals.usertot.cpu6 0
cpuinfo.user.cpu7 1
cpuinfo.nice.cpu7 0
cpuinfo.sys.cpu7 0
cpuinfo.wait.cpu7 0
cpuinfo.irq.cpu7 0
cpuinfo.soft.cpu7 0
cpuinfo.steal.cpu7 0
cpuinfo.idle.cpu7 99
cpuinfo.intrpt.cpu7 0
cputotals.systot.cpu7 0
cputotals.usertot.cpu7 1
cpuinfo.user.cpu8 100
cpuinfo.nice.cpu8 0
cpuinfo.sys.cpu8 0
cpuinfo.wait.cpu8 0
cpuinfo.irq.cpu8 0
cpuinfo.soft.cpu8 0
cpuinfo.steal.cpu8 0
cpuinfo.idle.cpu8 0
cpuinfo.intrpt.cpu8 0
cputotals.systot.cpu8 0
cputotals.usertot.cpu8 100
cpuinfo.user.cpu9 1
cpuinfo.nice.cpu9 0
cpuinfo.sys.cpu9 0
cpuinfo.wait.cpu9 0
cpuinfo.irq.cpu9 0
cpuinfo.soft.cpu9 0
cpuinfo.steal.cpu9 0
cpuinfo.idle.cpu9 99
cpuinfo.intrpt.cpu9 0
cputotals.systot.cpu9 0
cputotals.usertot.cpu9 1
cpuinfo.user.cpu10 0
cpuinfo.nice.cpu10 0
cpuinfo.sys.cpu10 1
cpuinfo.wait.cpu10 0
cpuinfo.irq.cpu10 0
cpuinfo.soft.cpu10 0
cpuinfo.steal.cpu10 0
cpuinfo.idle.cpu10 99
cpuinfo.intrpt.cpu10 0
cputotals.systot.cpu10 1
cputotals.usertot.cpu10 0
cpuinfo.user.cpu11 3
cpuinfo.nice.cpu11 0
cpuinfo.sys.cpu11 0
cpuinfo.wait.cpu11 0
cpuinfo.irq.cpu11 0
cpuinfo.soft.cpu11 0
cpuinfo.steal.cpu11 0
cpuinfo.idle.cpu11 97
cpuinfo.intrpt.cpu11 0
cputotals.systot.cpu11 0
cputotals.usertot.cpu11 3
cpuinfo.user.cpu12 0
cpuinfo.nice.cpu12 0
cpuinfo.sys.cpu12 0
cpuinfo.wait.cpu12 0
cpuinfo.irq.cpu12 0
cpuinfo.soft.cpu12 0
cpuinfo.steal.cpu12 0
cpuinfo.idle.cpu12 100
cpuinfo.intrpt.cpu12 0
cputotals.systot.cpu12 0
cputotals.usertot.cpu12 0
cpuinfo.user.cpu13 0
cpuinfo.nice.cpu13 0
cpuinfo.sys.cpu13 0
cpuinfo.wait.cpu13 1
cpuinfo.irq.cpu13 0
cpuinfo.soft.cpu13 0
cpuinfo.steal.cpu13 0
cpuinfo.idle.cpu13 99
cpuinfo.intrpt.cpu13 0
cputotals.systot.cpu13 0
cputotals.usertot.cpu13 0
cpuinfo.user.cpu14 0
cpuinfo.nice.cpu14 0
cpuinfo.sys.cpu14 0
cpuinfo.wait.cpu14 0
cpuinfo.irq.cpu14 0
cpuinfo.soft.cpu14 0
cpuinfo.steal.cpu14 0
cpuinfo.idle.cpu14 100
cpuinfo.intrpt.cpu14 0
cputotals.systot.cpu14 0
cputotals.usertot.cpu14 0
cpuinfo.user.cpu15 0
cpuinfo.nice.cpu15 0
cpuinfo.sys.cpu15 0
cpuinfo.wait.cpu15 0
cpuinfo.irq.cpu15 0
cpuinfo.soft.cpu15 0
cpuinfo.steal.cpu15 0
cpuinfo.idle.cpu15 100
cpuinfo.intrpt.cpu15 0
cputotals.systot.cpu15 0
cputotals.usertot.cpu15 0
sample.time 1733878039.001
cputotals.num 16
cputotals.user 15
cputotals.nice 0
cputotals.sys 1
cputotals.wait 0
cputotals.irq 0
cputotals.soft 0
cputotals.steal 0
cputotals.idle 84
cputotals.systot 1
cputotals.usertot 15
cputotals.total 16
ctxint.ctx 2172
ctxint.int 4469
proc.creates 48
proc.runq 2349
proc.run 2
cpuload.avg1 1.54
cpuload.avg5 6.41
cpuload.avg15 8.32
disktotals.reads 0
disktotals.readkbs 0
disktotals.writes 0
disktotals.writekbs 0
meminfo.tot 32776376
meminfo.used 17162160
meminfo.free 15614216
meminfo.shared 0
meminfo.buf 244448
meminfo.cached 11033128
meminfo.slab 824088
meminfo.map 1069768
meminfo.anon 4453832
meminfo.anonH 0
meminfo.dirty 864
meminfo.locked 104
meminfo.inactive 10104508
meminfo.hugetot 0
meminfo.hugefree 0
meminfo.hugersvd 0
meminfo.sunreclaim 357776
swapinfo.total 8388604
swapinfo.free 8388604
swapinfo.used 0
swapinfo.in 0
swapinfo.out 0
pageinfo.fault 16179
pageinfo.majfault 0
pageinfo.in 0
pageinfo.out 0
nettotals.kbin 0
nettotals.pktin 0
nettotals.kbout 0
nettotals.pktout 0
cpuinfo.user.cpu0 100
cpuinfo.nice.cpu0 0
cpuinfo.sys.cpu0 0
cpuinfo.wait.cpu0 0
cpuinfo.irq.cpu0 0
cpuinfo.soft.cpu0 0
cpuinfo.steal.cpu0 0
cpuinfo.idle.cpu0 0
cpuinfo.intrpt.cpu0 0
cputotals.systot.cpu0 0
cputotals.usertot.cpu0 100
cpuinfo.user.cpu1 7
cpuinfo.nice.cpu1 0
cpuinfo.sys.cpu1 0
cpuinfo.wait.cpu1 0
cpuinfo.irq.cpu1 0
cpuinfo.soft.cpu1 0
cpuinfo.steal.cpu1 0
cpuinfo.idle.cpu1 93
cpuinfo.intrpt.cpu1 0
cputotals.systot.cpu1 0
cputotals.usertot.cpu1 7
cpuinfo.user.cpu2 1
cpuinfo.nice.cpu2 0
cpuinfo.sys.cpu2 0
cpuinfo.wait.cpu2 0
cpuinfo.irq.cpu2 0
cpuinfo.soft.cpu2 0
cpuinfo.steal.cpu2 0
cpuinfo.idle.cpu2 99
cpuinfo.intrpt.cpu2 0
cputotals.systot.cpu2 0
cputotals.usertot.cpu2 1
cpuinfo.user.cpu3 0
cpuinfo.nice.cpu3 0
cpuinfo.sys.cpu3 1
cpuinfo.wait.cpu3 0
cpuinfo.irq.cpu3 0
cpuinfo.soft.cpu3 0
cpuinfo.steal.cpu3 0
cpuinfo.idle.cpu3 99
cpuinfo.intrpt.cpu3 0
cputotals.systot.cpu3 1
cputotals.usertot.cpu3 0
cpuinfo.user.cpu4 0
cpuinfo.nice.cpu4 0
cpuinfo.sys.cpu4 0
cpuinfo.wait.cpu4 0
cpuinfo.irq.cpu4 0
cpuinfo.soft.cpu4 0
cpuinfo.steal.cpu4 0
cpuinfo.idle.cpu4 100
cpuinfo.intrpt.cpu4 0
cputotals.systot.cpu4 0
cputotals.usertot.cpu4 0
cpuinfo.user.cpu5 0
cpuinfo.nice.cpu5 0
cpuinfo.sys.cpu5 0
cpuinfo.wait.cpu5 0
cpuinfo.irq.cpu5 0
cpuinfo.soft.cpu5 0
cpuinfo.steal.cpu5 0
cpuinfo.idle.cpu5 100
cpuinfo.intrpt.cpu5 0
cputotals.systot.cpu5 0
cputotals.usertot.cpu5 0
cpuinfo.user.cpu6 0
cpuinfo.nice.cpu6 0
cpuinfo.sys.cpu6 1
cpuinfo.wait.cpu6 0
cpuinfo.irq.cpu6 0
cpuinfo.soft.cpu6 0
cpuinfo.steal.cpu6 0
cpuinfo.idle.cpu6 99
cpuinfo.intrpt.cpu6 0
cputotals.systot.cpu6 1
cputotals.usertot.cpu6 0
cpuinfo.user.cpu7 0
cpuinfo.nice.cpu7 0
cpuinfo.sys.cpu7 1
cpuinfo.wait.cpu7 0
cpuinfo.irq.cpu7 0
cpuinfo.soft.cpu7 0
cpuinfo.steal.cpu7 0
cpuinfo.idle.cpu7 99
cpuinfo.intrpt.cpu7 0
cputotals.systot.cpu7 1
cputotals.usertot.cpu7 0
cpuinfo.user.cpu8 100
cpuinfo.nice.cpu8 0
cpuinfo.sys.cpu8 0
cpuinfo.wait.cpu8 0
cpuinfo.irq.cpu8 0
cpuinfo.soft.cpu8 0
cpuinfo.steal.cpu8 0
cpuinfo.idle.cpu8 0
cpuinfo.intrpt.cpu8 0
cputotals.systot.cpu8 0
cputotals.usertot.cpu8 100
cpuinfo.user.cpu9 3
cpuinfo.nice.cpu9 0
cpuinfo.sys.cpu9 0
cpuinfo.wait.cpu9 0
cpuinfo.irq.cpu9 0
cpuinfo.soft.cpu9 0
cpuinfo.steal.cpu9 0
cpuinfo.idle.cpu9 97
cpuinfo.intrpt.cpu9 0
cputotals.systot.cpu9 0
cputotals.usertot.cpu9 3
cpuinfo.user.cpu10 0
cpuinfo.nice.cpu10 0
cpuinfo.sys.cpu10 0
cpuinfo.wait.cpu10 0
cpuinfo.irq.cpu10 0
cpuinfo.soft.cpu10 0
cpuinfo.steal.cpu10 0
cpuinfo.idle.cpu10 100
cpuinfo.intrpt.cpu10 0
cputotals.systot.cpu10 0
cputotals.usertot.cpu10 0
cpuinfo.user.cpu11 2
cpuinfo.nice.cpu11 0
cpuinfo.sys.cpu11 0
cpuinfo.wait.cpu11 0
cpuinfo.irq.cpu11 0
cpuinfo.soft.cpu11 0
cpuinfo.steal.cpu11 0
cpuinfo.idle.cpu11 98
cpuinfo.intrpt.cpu11 0
cputotals.systot.cpu11 0
cputotals.usertot.cpu11 2
cpuinfo.user.cpu12 6
cpuinfo.nice.cpu12 0
cpuinfo.sys.cpu12 3
cpuinfo.wait.cpu12 1
cpuinfo.irq.cpu12 0
cpuinfo.soft.cpu12 0
cpuinfo.steal.cpu12 0
cpuinfo.idle.cpu12 90
cpuinfo.intrpt.cpu12 0
cputotals.systot.cpu12 3
cputotals.usertot.cpu12 6
cpuinfo.user.cpu13 1
cpuinfo.nice.cpu13 0
cpuinfo.sys.cpu13 1
cpuinfo.wait.cpu13 0
cpuinfo.irq.cpu13 0
cpuinfo.soft.cpu13 0
cpuinfo.steal.cpu13 0
cpuinfo.idle.cpu13 98
cpuinfo.intrpt.cpu13 0
cputotals.systot.cpu13 1
cputotals.usertot.cpu13 1
cpuinfo.user.cpu14 0
cpuinfo.nice.cpu14 0
cpuinfo.sys.cpu14 0
cpuinfo.wait.cpu14 0
cpuinfo.irq.cpu14 0
cpuinfo.soft.cpu14 0
cpuinfo.steal.cpu14 0
cpuinfo.idle.cpu14 100
cpuinfo.intrpt.cpu14 0
cputotals.systot.cpu14 0
cputotals.usertot.cpu14 0
cpuinfo.user.cpu15 21
cpuinfo.nice.cpu15 0
cpuinfo.sys.cpu15 4
cpuinfo.wait.cpu15 0
cpuinfo.irq.cpu15 0
cpuinfo.soft.cpu15 0
cpuinfo.steal.cpu15 0
cpuinfo.idle.cpu15 75
cpuinfo.intrpt.cpu15 0
cputotals.systot.cpu15 4
cputotals.usertot.cpu15 21
sample.time 1733878040.001
cputotals.num 16
cputotals.user 13
cputotals.nice 0
cputotals.sys 0
cputotals.wait 0
cputotals.irq 0
cputotals.soft 0
cputotals.steal 0
cputotals.idle 87
cputotals.systot 0
cputotals.usertot 13
cputotals.total 13
ctxint.ctx 1065
ctxint.int 3439
proc.creates 8
proc.runq 2349
proc.run 3
cpuload.avg1 1.54
cpuload.avg5 6.41
cpuload.avg15 8.32
disktotals.reads 0
disktotals.readkbs 0
disktotals.writes 0
disktotals.writekbs 0
meminfo.tot 32776376
meminfo.used 17162120
meminfo.free 15614256
meminfo.shared 0
meminfo.buf 244448
meminfo.cached 11033148
meminfo.slab 824088
meminfo.map 1069768
meminfo.anon 4454308
meminfo.anonH 0
meminfo.dirty 880
meminfo.locked 104
meminfo.inactive 10104528
meminfo.hugetot 0
meminfo.hugefree 0
meminfo.hugersvd 0
meminfo.sunreclaim 357776
swapinfo.total 8388604
swapinfo.free 8388604
swapinfo.used 0
swapinfo.in 0
swapinfo.out 0
pageinfo.fault 2020
pageinfo.majfault 0
pageinfo.in 0
pageinfo.out 0
nettotals.kbin 0
nettotals.pktin 0
nettotals.kbout 0
nettotals.pktout 0
cpuinfo.user.cpu0 100
cpuinfo.nice.cpu0 0
cpuinfo.sys.cpu0 0
cpuinfo.wait.cpu0 0
cpuinfo.irq.cpu0 0
cpuinfo.soft.cpu0 0
cpuinfo.steal.cpu0 0
cpuinfo.idle.cpu0 0
cpuinfo.intrpt.cpu0 0
cputotals.systot.cpu0 0
cputotals.usertot.cpu0 100
cpuinfo.user.cpu1 1
cpuinfo.nice.cpu1 0
cpuinfo.sys.cpu1 0
cpuinfo.wait.cpu1 0
cpuinfo.irq.cpu1 0
cpuinfo.soft.cpu1 0
cpuinfo.steal.cpu1 0
cpuinfo.idle.cpu1 99
cpuinfo.intrpt.cpu1 0
cputotals.systot.cpu1 0
cputotals.usertot.cpu1 1
cpuinfo.user.cpu2 0
cpuinfo.nice.cpu2 0
cpuinfo.sys.cpu2 0
cpuinfo.wait.cpu2 0
cpuinfo.irq.cpu2 0
cpuinfo.soft.cpu2 0
cpuinfo.steal.cpu2 0
cpuinfo.idle.cpu2 100
cpuinfo.intrpt.cpu2 0
cputotals.systot.cpu2 0
cputotals.usertot.cpu2 0
cpuinfo.user.cpu3 0
cpuinfo.nice.cpu3 0
cpuinfo.sys.cpu3 0
cpuinfo.wait.cpu3 0
cpuinfo.irq.cpu3 0
cpuinfo.soft.cpu3 0
cpuinfo.steal.cpu3 0
cpuinfo.idle.cpu3 100
cpuinfo.intrpt.cpu3 0
cputotals.systot.cpu3 0
cputotals.usertot.cpu3 0
cpuinfo.user.cpu4 0
cpuinfo.nice.cpu4 0
cpuinfo.sys.cpu4 0
cpuinfo.wait.cpu4 0
cpuinfo.irq.cpu4 0
cpuinfo.soft.cpu4 0
cpuinfo.steal.cpu4 0
cpuinfo.idle.cpu4 100
cpuinfo.intrpt.cpu4 0
cputotals.systot.cpu4 0
cputotals.usertot.cpu4 0
cpuinfo.user.cpu5 0
cpuinfo.nice.cpu5 0
cpuinfo.sys.cpu5 0
cpuinfo.wait.cpu5 0
cpuinfo.irq.cpu5 0
cpuinfo.soft.cpu5 0
cpuinfo.steal.cpu5 0
cpuinfo.idle.cpu5 100
cpuinfo.intrpt.cpu5 0
cputotals.systot.cpu5 0
cputotals.usertot.cpu5 0
cpuinfo.user.cpu6 0
cpuinfo.nice.cpu6 0
cpuinfo.sys.cpu6 0
cpuinfo.wait.cpu6 0
cpuinfo.irq.cpu6 0
cpuinfo.soft.cpu6 0
cpuinfo.steal.cpu6 0
cpuinfo.idle.cpu6 100
cpuinfo.intrpt.cpu6 0
cputotals.systot.cpu6 0
cputotals.usertot.cpu6 0
cpuinfo.user.cpu7 0
cpuinfo.nice.cpu7 0
cpuinfo.sys.cpu7 0
cpuinfo.wait.cpu7 0
cpuinfo.irq.cpu7 0
cpuinfo.soft.cpu7 0
cpuinfo.steal.cpu7 0
cpuinfo.idle.cpu7 100
cpuinfo.intrpt.cpu7 0
cputotals.systot.cpu7 0
cputotals.usertot.cpu7 0
cpuinfo.user.cpu8 100
cpuinfo.nice.cpu8 0
cpuinfo.sys.cpu8 0
cpuinfo.wait.cpu8 0
cpuinfo.irq.cpu8 0
cpuinfo.soft.cpu8 0
cpuinfo.steal.cpu8 0
cpuinfo.idle.cpu8 0
cpuinfo.intrpt.cpu8 0
cputotals.systot.cpu8 0
cputotals.usertot.cpu8 100
cpuinfo.user.cpu9 1
cpuinfo.nice.cpu9 0
cpuinfo.sys.cpu9 0
cpuinfo.wait.cpu9 0
cpuinfo.irq.cpu9 0
cpuinfo.soft.cpu9 0
cpuinfo.steal.cpu9 0
cpuinfo.idle.cpu9 99
cpuinfo.intrpt.cpu9 0
cputotals.systot.cpu9 0
cputotals.usertot.cpu9 1
cpuinfo.user.cpu10 0
cpuinfo.nice.cpu10 0
cpuinfo.sys.cpu10 0
cpuinfo.wait.cpu10 0
cpuinfo.irq.cpu10 0
cpuinfo.soft.cpu10 0
cpuinfo.steal.cpu10 0
cpuinfo.idle.cpu10 100
cpuinfo.intrpt.cpu10 0
cputotals.systot.cpu10 0
cputotals.usertot.cpu10 0
cpuinfo.user.cpu11 0
cpuinfo.nice.cpu11 0
cpuinfo.sys.cpu11 0
cpuinfo.wait.cpu11 0
cpuinfo.irq.cpu11 0
cpuinfo.soft.cpu11 0
cpuinfo.steal.cpu11 0
cpuinfo.idle.cpu11 100
cpuinfo.intrpt.cpu11 0
cputotals.systot.cpu11 0
cputotals.usertot.cpu11 0
cpuinfo.user.cpu12 0
cpuinfo.nice.cpu12 0
cpuinfo.sys.cpu12 0
cpuinfo.wait.cpu12 0
cpuinfo.irq.cpu12 0
cpuinfo.soft.cpu12 0
cpuinfo.steal.cpu12 0
cpuinfo.idle.cpu12 100
cpuinfo.intrpt.cpu12 0
cputotals.systot.cpu12 0
cputotals.usertot.cpu12 0
cpuinfo.user.cpu13 0
cpuinfo.nice.cpu13 0
cpuinfo.sys.cpu13 0
cpuinfo.wait.cpu13 0
cpuinfo.irq.cpu13 0
cpuinfo.soft.cpu13 0
cpuinfo.steal.cpu13 0
cpuinfo.idle.cpu13 100
cpuinfo.intrpt.cpu13 0
cputotals.systot.cpu13 0
cputotals.usertot.cpu13 0
cpuinfo.user.cpu14 0
cpuinfo.nice.cpu14 0
cpuinfo.sys.cpu14 0
cpuinfo.wait.cpu14 0
cpuinfo.irq.cpu14 0
cpuinfo.soft.cpu14 0
cpuinfo.steal.cpu14 0
cpuinfo.idle.cpu14 100
cpuinfo.intrpt.cpu14 0
cputotals.systot.cpu14 0
cputotals.usertot.cpu14 0
cpuinfo.user.cpu15 0
cpuinfo.nice.cpu15 0
cpuinfo.sys.cpu15 0
cpuinfo.wait.cpu15 0
cpuinfo.irq.cpu15 0
cpuinfo.soft.cpu15 0
cpuinfo.steal.cpu15 0
cpuinfo.idle.cpu15 100
cpuinfo.intrpt.cpu15 0
cputotals.systot.cpu15 0
cputotals.usertot.cpu15 0
sample.time 1733878041.001
cputotals.num 16
cputotals.user 15
cputotals.nice 0
cputotals.sys 1
cputotals.wait 0
cputotals.irq 0
cputotals.soft 0
cputotals.steal 0
cputotals.idle 84
cputotals.systot 1
cputotals.usertot 15
cputotals.total 16
ctxint.ctx 2065
ctxint.int 4441
proc.creates 46
proc.runq 2349
proc.run 2
cpuload.avg1 1.54
cpuload.avg5 6.41
cpuload.avg15 8.32
disktotals.reads 0
disktotals.readkbs 0
disktotals.writes 0
disktotals.writekbs 0
meminfo.tot 32776376
meminfo.used 17165780
meminfo.free 15610596
meminfo.shared 0
meminfo.buf 244448
meminfo.cached 11033168
meminfo.slab 824056
meminfo.map 1069704
meminfo.anon 4455032
meminfo.anonH 0
meminfo.dirty 900
meminfo.locked 104
meminfo.inactive 10104536
meminfo.hugetot 0
meminfo.hugefree 0
meminfo.hugersvd 0
meminfo.sunreclaim 357744
swapinfo.total 8388604
swapinfo.free 8388604
swapinfo.used 0
swapinfo.in 0
swapinfo.out 0
pageinfo.fault 12844
pageinfo.majfault 0
pageinfo.in 0
pageinfo.out 0
nettotals.kbin 0
nettotals.pktin 0
nettotals.kbout 0
nettotals.pktout 0
cpuinfo.user.cpu0 100
cpuinfo.nice.cpu0 0
cpuinfo.sys.cpu0 0
cpuinfo.wait.cpu0 0
cpuinfo.irq.cpu0 0
cpuinfo.soft.cpu0 0
cpuinfo.steal.cpu0 0
cpuinfo.idle.cpu0 0
cpuinfo.intrpt.cpu0 0
cputotals.systot.cpu0 0
cputotals.usertot.cpu0 100
cpuinfo.user.cpu1 16
cpuinfo.nice.cpu1 0
cpuinfo.sys.cpu1 3
cpuinfo.wait.cpu1 0
cpuinfo.irq.cpu1 0
cpuinfo.soft.cpu1 0
cpuinfo.steal.cpu1 0
cpuinfo.idle.cpu1 81
cpuinfo.intrpt.cpu1 0
cputotals.systot.cpu1 3
cputotals.usertot.cpu1 16
cpuinfo.user.cpu2 0
cpuinfo.nice.cpu2 0
cpuinfo.sys.cpu2 1
cpuinfo.wait.cpu2 0
cpuinfo.irq.cpu2 0
cpuinfo.soft.cpu2 0
cpuinfo.steal.cpu2 0
cpuinfo.idle.cpu2 99
cpuinfo.intrpt.cpu2 0
cputotals.systot.cpu2 1
cputotals.usertot.cpu2 0
cpuinfo.user.cpu3 0
cpuinfo.nice.cpu3 0
cpuinfo.sys.cpu3 0
cpuinfo.wait.cpu3 0
cpuinfo.irq.cpu3 0
cpuinfo.soft.cpu3 0
cpuinfo.steal.cpu3 0
cpuinfo.idle.cpu3 100
cpuinfo.intrpt.cpu3 0
cputotals.systot.cpu3 0
cputotals.usertot.cpu3 0
cpuinfo.user.cpu4 1
cpuinfo.nice.cpu4 0
cpuinfo.sys.cpu4 0
cpuinfo.wait.cpu4 0
cpuinfo.irq.cpu4 0
cpuinfo.soft.cpu4 0
cpuinfo.steal.cpu4 0
cpuinfo.idle.cpu4 99
cpuinfo.intrpt.cpu4 0
cputotals.systot.cpu4 0
cputotals.usertot.cpu4 1
cpuinfo.user.cpu5 0
cpuinfo.nice.cpu5 0
cpuinfo.sys.cpu5 0
cpuinfo.wait.cpu5 0
cpuinfo.irq.cpu5 0
cpuinfo.soft.cpu5 0
cpuinfo.steal.cpu5 0
cpuinfo.idle.cpu5 100
cpuinfo.intrpt.cpu5 0
cputotals.systot.cpu5 0
cputotals.usertot.cpu5 0
cpuinfo.user.cpu6 0
cpuinfo.nice.cpu6 0
cpuinfo.sys.cpu6 0
cpuinfo.wait.cpu6 0
cpuinfo.irq.cpu6 0
cpuinfo.soft.cpu6 0
cpuinfo.steal.cpu6 0
cpuinfo.idle.cpu6 100
cpuinfo.intrpt.cpu6 0
cputotals.systot.cpu6 0
cputotals.usertot.cpu6 0
cpuinfo.user.cpu7 1
cpuinfo.nice.cpu7 0
cpuinfo.sys.cpu7 0
cpuinfo.wait.cpu7 1
cpuinfo.irq.cpu7 0
cpuinfo.soft.cpu7 0
cpuinfo.steal.cpu7 0
cpuinfo.idle.cpu7 98
cpuinfo.intrpt.cpu7 0
cputotals.systot.cpu7 0
cputotals.usertot.cpu7 1
cpuinfo.user.cpu8 99
cpuinfo.nice.cpu8 0
cpuinfo.sys.cpu8 1
cpuinfo.wait.cpu8 0
cpuinfo.irq.cpu8 0
cpuinfo.soft.cpu8 0
cpuinfo.steal.cpu8 0
cpuinfo.idle.cpu8 0
cpuinfo.intrpt.cpu8 0
cputotals.systot.cpu8 1
cputotals.usertot.cpu8 99
cpuinfo.user.cpu9 5
cpuinfo.nice.cpu9 0
cpuinfo.sys.cpu9 0
cpuinfo.wait.cpu9 0
cpuinfo.irq.cpu9 0
cpuinfo.soft.cpu9 0
cpuinfo.steal.cpu9 0
cpuinfo.idle.cpu9 95
cpuinfo.intrpt.cpu9 0
cputotals.systot.cpu9 0
cputotals.usertot.cpu9 5
cpuinfo.user.cpu10 0
cpuinfo.nice.cpu10 0
cpuinfo.sys.cpu10 0
cpuinfo.wait.cpu10 0
cpuinfo.irq.cpu10 0
cpuinfo.soft.cpu10 0
cpuinfo.steal.cpu10 0
cpuinfo.idle.cpu10 100
cpuinfo.intrpt.cpu10 0
cputotals.systot.cpu10 0
cputotals.usertot.cpu10 0
cpuinfo.user.cpu11 0
cpuinfo.nice.cpu11 0
cpuinfo.sys.cpu11 1
cpuinfo.wait.cpu11 0
cpuinfo.irq.cpu11 0
cpuinfo.soft.cpu11 0
cpuinfo.steal.cpu11 0
cpuinfo.idle.cpu11 99
cpuinfo.intrpt.cpu11 0
cputotals.systot.cpu11 1
cputotals.usertot.cpu11 0
cpuinfo.user.cpu12 6
cpuinfo.nice.cpu12 0
cpuinfo.sys.cpu12 2
cpuinfo.wait.cpu12 0
cpuinfo.irq.cpu12 0
cpuinfo.soft.cpu12 0
cpuinfo.steal.cpu12 0
cpuinfo.idle.cpu12 92
cpuinfo.intrpt.cpu12 0
cputotals.systot.cpu12 2
cputotals.usertot.cpu12 6
cpuinfo.user.cpu13 0
cpuinfo.nice.cpu13 0
cpuinfo.sys.cpu13 0
cpuinfo.wait.cpu13 0
cpuinfo.irq.cpu13 0
cpuinfo.soft.cpu13 0
cpuinfo.steal.cpu13 0
cpuinfo.idle.cpu13 100
cpuinfo.intrpt.cpu13 0
cputotals.systot.cpu13 0
cputotals.usertot.cpu13 0
cpuinfo.user.cpu14 2
cpuinfo.nice.cpu14 0
cpuinfo.sys.cpu14 0
cpuinfo.wait.cpu14 0
cpuinfo.irq.cpu14 0
cpuinfo.soft.cpu14 0
cpuinfo.steal.cpu14 0
cpuinfo.idle.cpu14 98
cpuinfo.intrpt.cpu14 0
cputotals.systot.cpu14 0
cputotals.usertot.cpu14 2
cpuinfo.user.cpu15 9
cpuinfo.nice.cpu15 0
cpuinfo.sys.cpu15 1
cpuinfo.wait.cpu15 0
cpuinfo.irq.cpu15 0
cpuinfo.soft.cpu15 0
cpuinfo.steal.cpu15 0
cpuinfo.idle.cpu15 90
cpuinfo.intrpt.cpu15 0
cputotals.systot.cpu15 1
cputotals.usertot.cpu15 9
Shutting down in response to signal TERM on System-Product-Name...
