waiting for 1 second sample...
Bogus data record skipped for NET:enp1s0: data on 20241212 at 18:40:10
sample.time 1734028811.001
cputotals.num 1
cputotals.user 100
cputotals.nice 0
cputotals.sys 0
cputotals.wait 0
cputotals.irq 0
cputotals.soft 0
cputotals.steal 0
cputotals.idle 0
cputotals.systot 0
cputotals.usertot 100
cputotals.total 100
ctxint.ctx 48
ctxint.int 257
proc.creates 0
proc.runq 164
proc.run 1
cpuload.avg1 0.94
cpuload.avg5 0.51
cpuload.avg15 0.22
disktotals.reads 0
disktotals.readkbs 0
disktotals.writes 0
disktotals.writekbs 0
meminfo.tot 4006068
meminfo.used 788152
meminfo.free 3217916
meminfo.shared 0
meminfo.buf 23016
meminfo.cached 287680
meminfo.slab 70924
meminfo.map 105492
meminfo.anon 329564
meminfo.anonH 0
meminfo.dirty 9272
meminfo.locked 27620
meminfo.inactive 137596
meminfo.hugetot 0
meminfo.hugefree 0
meminfo.hugersvd 0
meminfo.sunreclaim 38744
swapinfo.total 2594812
swapinfo.free 2594812
swapinfo.used 0
swapinfo.in 0
swapinfo.out 0
pageinfo.fault 1803
pageinfo.majfault 0
pageinfo.in 0
pageinfo.out 0
nettotals.kbin 0
nettotals.pktin 0
nettotals.kbout 0
nettotals.pktout 0
cpuinfo.user.cpu0 100
cpuinfo.nice.cpu0 0
cpuinfo.sys.cpu0 0
cpuinfo.wait.cpu0 0
cpuinfo.irq.cpu0 0
cpuinfo.soft.cpu0 0
cpuinfo.steal.cpu0 0
cpuinfo.idle.cpu0 0
cpuinfo.intrpt.cpu0 0
cputotals.systot.cpu0 0
cputotals.usertot.cpu0 100
Bogus data record skipped for NET:enp1s0: data on 20241212 at 18:40:11
sample.time 1734028812.001
cputotals.num 1
cputotals.user 100
cputotals.nice 0
cputotals.sys 0
cputotals.wait 0
cputotals.irq 0
cputotals.soft 0
cputotals.steal 0
cputotals.idle 0
cputotals.systot 0
cputotals.usertot 100
cputotals.total 100
ctxint.ctx 72
ctxint.int 259
proc.creates 0
proc.runq 164
proc.run 1
cpuload.avg1 0.94
cpuload.avg5 0.51
cpuload.avg15 0.22
disktotals.reads 0
disktotals.readkbs 0
disktotals.writes 0
disktotals.writekbs 0
meminfo.tot 4006068
meminfo.used 788404
meminfo.free 3217664
meminfo.shared 0
meminfo.buf 23016
meminfo.cached 287680
meminfo.slab 70924
meminfo.map 105492
meminfo.anon 329588
meminfo.anonH 0
meminfo.dirty 9272
meminfo.locked 27620
meminfo.inactive 137596
meminfo.hugetot 0
meminfo.hugefree 0
meminfo.hugersvd 0
meminfo.sunreclaim 38744
swapinfo.total 2594812
swapinfo.free 2594812
swapinfo.used 0
swapinfo.in 0
swapinfo.out 0
pageinfo.fault 57
pageinfo.majfault 0
pageinfo.in 0
pageinfo.out 0
nettotals.kbin 0
nettotals.pktin 0
nettotals.kbout 0
nettotals.pktout 0
cpuinfo.user.cpu0 100
cpuinfo.nice.cpu0 0
cpuinfo.sys.cpu0 0
cpuinfo.wait.cpu0 0
cpuinfo.irq.cpu0 0
cpuinfo.soft.cpu0 0
cpuinfo.steal.cpu0 0
cpuinfo.idle.cpu0 0
cpuinfo.intrpt.cpu0 0
cputotals.systot.cpu0 0
cputotals.usertot.cpu0 100
Bogus data record skipped for NET:enp1s0: data on 20241212 at 18:40:12
sample.time 1734028813.001
cputotals.num 1
cputotals.user 100
cputotals.nice 0
cputotals.sys 0
cputotals.wait 0
cputotals.irq 0
cputotals.soft 0
cputotals.steal 0
cputotals.idle 0
cputotals.systot 0
cputotals.usertot 100
cputotals.total 100
ctxint.ctx 74
ctxint.int 259
proc.creates 0
proc.runq 164
proc.run 1
cpuload.avg1 0.94
cpuload.avg5 0.51
cpuload.avg15 0.22
disktotals.reads 0
disktotals.readkbs 0
disktotals.writes 0
disktotals.writekbs 0
meminfo.tot 4006068
meminfo.used 788404
meminfo.free 3217664
meminfo.shared 0
meminfo.buf 23016
meminfo.cached 287680
meminfo.slab 70924
meminfo.map 105492
meminfo.anon 329608
meminfo.anonH 0
meminfo.dirty 9272
meminfo.locked 27620
meminfo.inactive 137596
meminfo.hugetot 0
meminfo.hugefree 0
meminfo.hugersvd 0
meminfo.sunreclaim 38744
swapinfo.total 2594812
swapinfo.free 2594812
swapinfo.used 0
swapinfo.in 0
swapinfo.out 0
pageinfo.fault 2
pageinfo.majfault 0
pageinfo.in 0
pageinfo.out 0
nettotals.kbin 0
nettotals.pktin 0
nettotals.kbout 0
nettotals.pktout 0
cpuinfo.user.cpu0 100
cpuinfo.nice.cpu0 0
cpuinfo.sys.cpu0 0
cpuinfo.wait.cpu0 0
cpuinfo.irq.cpu0 0
cpuinfo.soft.cpu0 0
cpuinfo.steal.cpu0 0
cpuinfo.idle.cpu0 0
cpuinfo.intrpt.cpu0 0
cputotals.systot.cpu0 0
cputotals.usertot.cpu0 100
Bogus data record skipped for NET:enp1s0: data on 20241212 at 18:40:13
sample.time 1734028814.001
cputotals.num 1
cputotals.user 100
cputotals.nice 0
cputotals.sys 0
cputotals.wait 0
cputotals.irq 0
cputotals.soft 0
cputotals.steal 0
cputotals.idle 0
cputotals.systot 0
cputotals.usertot 100
cputotals.total 100
ctxint.ctx 84
ctxint.int 260
proc.creates 0
proc.runq 164
proc.run 1
cpuload.avg1 0.94
cpuload.avg5 0.51
cpuload.avg15 0.22
disktotals.reads 0
disktotals.readkbs 0
disktotals.writes 0
disktotals.writekbs 0
meminfo.tot 4006068
meminfo.used 788404
meminfo.free 3217664
meminfo.shared 0
meminfo.buf 23016
meminfo.cached 287680
meminfo.slab 70924
meminfo.map 105492
meminfo.anon 329608
meminfo.anonH 0
meminfo.dirty 9272
meminfo.locked 27620
meminfo.inactive 137596
meminfo.hugetot 0
meminfo.hugefree 0
meminfo.hugersvd 0
meminfo.sunreclaim 38744
swapinfo.total 2594812
swapinfo.free 2594812
swapinfo.used 0
swapinfo.in 0
swapinfo.out 0
pageinfo.fault 0
pageinfo.majfault 0
pageinfo.in 0
pageinfo.out 0
nettotals.kbin 0
nettotals.pktin 0
nettotals.kbout 0
nettotals.pktout 0
cpuinfo.user.cpu0 100
cpuinfo.nice.cpu0 0
cpuinfo.sys.cpu0 0
cpuinfo.wait.cpu0 0
cpuinfo.irq.cpu0 0
cpuinfo.soft.cpu0 0
cpuinfo.steal.cpu0 0
cpuinfo.idle.cpu0 0
cpuinfo.intrpt.cpu0 0
cputotals.systot.cpu0 0
cputotals.usertot.cpu0 100
Bogus data record skipped for NET:enp1s0: data on 20241212 at 18:40:14
sample.time 1734028815.001
cputotals.num 1
cputotals.user 100
cputotals.nice 0
cputotals.sys 0
cputotals.wait 0
cputotals.irq 0
cputotals.soft 0
cputotals.steal 0
cputotals.idle 0
cputotals.systot 0
cputotals.usertot 100
cputotals.total 100
ctxint.ctx 67
ctxint.int 263
proc.creates 0
proc.runq 164
proc.run 1
cpuload.avg1 0.94
cpuload.avg5 0.52
cpuload.avg15 0.22
disktotals.reads 0
disktotals.readkbs 0
disktotals.writes 4
disktotals.writekbs 160
meminfo.tot 4006068
meminfo.used 788404
meminfo.free 3217664
meminfo.shared 0
meminfo.buf 23028
meminfo.cached 287684
meminfo.slab 70928
meminfo.map 105492
meminfo.anon 329608
meminfo.anonH 0
meminfo.dirty 9392
meminfo.locked 27620
meminfo.inactive 137596
meminfo.hugetot 0
meminfo.hugefree 0
meminfo.hugersvd 0
meminfo.sunreclaim 38744
swapinfo.total 2594812
swapinfo.free 2594812
swapinfo.used 0
swapinfo.in 0
swapinfo.out 0
pageinfo.fault 0
pageinfo.majfault 0
pageinfo.in 0
pageinfo.out 160
nettotals.kbin 0
nettotals.pktin 0
nettotals.kbout 0
nettotals.pktout 0
cpuinfo.user.cpu0 100
cpuinfo.nice.cpu0 0
cpuinfo.sys.cpu0 0
cpuinfo.wait.cpu0 0
cpuinfo.irq.cpu0 0
cpuinfo.soft.cpu0 0
cpuinfo.steal.cpu0 0
cpuinfo.idle.cpu0 0
cpuinfo.intrpt.cpu0 0
cputotals.systot.cpu0 0
cputotals.usertot.cpu0 100
Bogus data record skipped for NET:enp1s0: data on 20241212 at 18:40:15
sample.time 1734028816.001
cputotals.num 1
cputotals.user 100
cputotals.nice 0
cputotals.sys 0
cputotals.wait 0
cputotals.irq 0
cputotals.soft 0
cputotals.steal 0
cputotals.idle 0
cputotals.systot 0
cputotals.usertot 100
cputotals.total 100
ctxint.ctx 53
ctxint.int 261
proc.creates 0
proc.runq 164
proc.run 1
cpuload.avg1 0.94
cpuload.avg5 0.52
cpuload.avg15 0.22
disktotals.reads 0
disktotals.readkbs 0
disktotals.writes 0
disktotals.writekbs 0
meminfo.tot 4006068
meminfo.used 788404
meminfo.free 3217664
meminfo.shared 0
meminfo.buf 23028
meminfo.cached 287684
meminfo.slab 70928
meminfo.map 105492
meminfo.anon 329608
meminfo.anonH 0
meminfo.dirty 9388
meminfo.locked 27620
meminfo.inactive 137600
meminfo.hugetot 0
meminfo.hugefree 0
meminfo.hugersvd 0
meminfo.sunreclaim 38744
swapinfo.total 2594812
swapinfo.free 2594812
swapinfo.used 0
swapinfo.in 0
swapinfo.out 0
pageinfo.fault 0
pageinfo.majfault 0
pageinfo.in 0
pageinfo.out 0
nettotals.kbin 0
nettotals.pktin 0
nettotals.kbout 0
nettotals.pktout 0
cpuinfo.user.cpu0 100
cpuinfo.nice.cpu0 0
cpuinfo.sys.cpu0 0
cpuinfo.wait.cpu0 0
cpuinfo.irq.cpu0 0
cpuinfo.soft.cpu0 0
cpuinfo.steal.cpu0 0
cpuinfo.idle.cpu0 0
cpuinfo.intrpt.cpu0 0
cputotals.systot.cpu0 0
cputotals.usertot.cpu0 100
Bogus data record skipped for NET:enp1s0: data on 20241212 at 18:40:16
sample.time 1734028817.001
cputotals.num 1
cputotals.user 100
cputotals.nice 0
cputotals.sys 0
cputotals.wait 0
cputotals.irq 0
cputotals.soft 0
cputotals.steal 0
cputotals.idle 0
cputotals.systot 0
cputotals.usertot 100
cputotals.total 100
ctxint.ctx 47
ctxint.int 258
proc.creates 0
proc.runq 164
proc.run 1
cpuload.avg1 0.94
cpuload.avg5 0.52
cpuload.avg15 0.22
disktotals.reads 0
disktotals.readkbs 0
disktotals.writes 0
disktotals.writekbs 0
meminfo.tot 4006068
meminfo.used 788404
meminfo.free 3217664
meminfo.shared 0
meminfo.buf 23028
meminfo.cached 287684
meminfo.slab 70928
meminfo.map 105492
meminfo.anon 329608
meminfo.anonH 0
meminfo.dirty 9388
meminfo.locked 27620
meminfo.inactive 137600
meminfo.hugetot 0
meminfo.hugefree 0
meminfo.hugersvd 0
meminfo.sunreclaim 38744
swapinfo.total 2594812
swapinfo.free 2594812
swapinfo.used 0
swapinfo.in 0
swapinfo.out 0
pageinfo.fault 1
pageinfo.majfault 0
pageinfo.in 0
pageinfo.out 0
nettotals.kbin 0
nettotals.pktin 0
nettotals.kbout 0
nettotals.pktout 0
cpuinfo.user.cpu0 100
cpuinfo.nice.cpu0 0
cpuinfo.sys.cpu0 0
cpuinfo.wait.cpu0 0
cpuinfo.irq.cpu0 0
cpuinfo.soft.cpu0 0
cpuinfo.steal.cpu0 0
cpuinfo.idle.cpu0 0
cpuinfo.intrpt.cpu0 0
cputotals.systot.cpu0 0
cputotals.usertot.cpu0 100
Bogus data record skipped for NET:enp1s0: data on 20241212 at 18:40:17
sample.time 1734028818.001
cputotals.num 1
cputotals.user 100
cputotals.nice 0
cputotals.sys 0
cputotals.wait 0
cputotals.irq 0
cputotals.soft 0
cputotals.steal 0
cputotals.idle 0
cputotals.systot 0
cputotals.usertot 100
cputotals.total 100
ctxint.ctx 56
ctxint.int 259
proc.creates 0
proc.runq 164
proc.run 1
cpuload.avg1 0.94
cpuload.avg5 0.52
cpuload.avg15 0.22
disktotals.reads 0
disktotals.readkbs 0
disktotals.writes 0
disktotals.writekbs 0
meminfo.tot 4006068
meminfo.used 788404
meminfo.free 3217664
meminfo.shared 0
meminfo.buf 23028
meminfo.cached 287688
meminfo.slab 70928
meminfo.map 105492
meminfo.anon 329608
meminfo.anonH 0
meminfo.dirty 9392
meminfo.locked 27620
meminfo.inactive 137600
meminfo.hugetot 0
meminfo.hugefree 0
meminfo.hugersvd 0
meminfo.sunreclaim 38744
swapinfo.total 2594812
swapinfo.free 2594812
swapinfo.used 0
swapinfo.in 0
swapinfo.out 0
pageinfo.fault 0
pageinfo.majfault 0
pageinfo.in 0
pageinfo.out 0
nettotals.kbin 0
nettotals.pktin 0
nettotals.kbout 0
nettotals.pktout 0
cpuinfo.user.cpu0 100
cpuinfo.nice.cpu0 0
cpuinfo.sys.cpu0 0
cpuinfo.wait.cpu0 0
cpuinfo.irq.cpu0 0
cpuinfo.soft.cpu0 0
cpuinfo.steal.cpu0 0
cpuinfo.idle.cpu0 0
cpuinfo.intrpt.cpu0 0
cputotals.systot.cpu0 0
cputotals.usertot.cpu0 100
Bogus data record skipped for NET:enp1s0: data on 20241212 at 18:40:18
sample.time 1734028819.001
cputotals.num 1
cputotals.user 100
cputotals.nice 0
cputotals.sys 0
cputotals.wait 0
cputotals.irq 0
cputotals.soft 0
cputotals.steal 0
cputotals.idle 0
cputotals.systot 0
cputotals.usertot 100
cputotals.total 100
ctxint.ctx 44
ctxint.int 258
proc.creates 0
proc.runq 164
proc.run 1
cpuload.avg1 0.94
cpuload.avg5 0.52
cpuload.avg15 0.22
disktotals.reads 0
disktotals.readkbs 0
disktotals.writes 0
disktotals.writekbs 0
meminfo.tot 4006068
meminfo.used 788404
meminfo.free 3217664
meminfo.shared 0
meminfo.buf 23028
meminfo.cached 287688
meminfo.slab 70928
meminfo.map 105492
meminfo.anon 329608
meminfo.anonH 0
meminfo.dirty 9392
meminfo.locked 27620
meminfo.inactive 137600
meminfo.hugetot 0
meminfo.hugefree 0
meminfo.hugersvd 0
meminfo.sunreclaim 38744
swapinfo.total 2594812
swapinfo.free 2594812
swapinfo.used 0
swapinfo.in 0
swapinfo.out 0
pageinfo.fault 0
pageinfo.majfault 0
pageinfo.in 0
pageinfo.out 0
nettotals.kbin 0
nettotals.pktin 0
nettotals.kbout 0
nettotals.pktout 0
cpuinfo.user.cpu0 100
cpuinfo.nice.cpu0 0
cpuinfo.sys.cpu0 0
cpuinfo.wait.cpu0 0
cpuinfo.irq.cpu0 0
cpuinfo.soft.cpu0 0
cpuinfo.steal.cpu0 0
cpuinfo.idle.cpu0 0
cpuinfo.intrpt.cpu0 0
cputotals.systot.cpu0 0
cputotals.usertot.cpu0 100
Bogus data record skipped for NET:enp1s0: data on 20241212 at 18:40:19
sample.time 1734028820.001
cputotals.num 1
cputotals.user 100
cputotals.nice 0
cputotals.sys 0
cputotals.wait 0
cputotals.irq 0
cputotals.soft 0
cputotals.steal 0
cputotals.idle 0
cputotals.systot 0
cputotals.usertot 100
cputotals.total 100
ctxint.ctx 124
ctxint.int 264
proc.creates 0
proc.runq 164
proc.run 1
cpuload.avg1 0.95
cpuload.avg5 0.53
cpuload.avg15 0.22
disktotals.reads 0
disktotals.readkbs 0
disktotals.writes 3
disktotals.writekbs 12
meminfo.tot 4006068
meminfo.used 788404
meminfo.free 3217664
meminfo.shared 0
meminfo.buf 23036
meminfo.cached 287688
meminfo.slab 70928
meminfo.map 105492
meminfo.anon 329612
meminfo.anonH 0
meminfo.dirty 9392
meminfo.locked 27620
meminfo.inactive 137604
meminfo.hugetot 0
meminfo.hugefree 0
meminfo.hugersvd 0
meminfo.sunreclaim 38744
swapinfo.total 2594812
swapinfo.free 2594812
swapinfo.used 0
swapinfo.in 0
swapinfo.out 0
pageinfo.fault 2
pageinfo.majfault 0
pageinfo.in 0
pageinfo.out 12
nettotals.kbin 0
nettotals.pktin 0
nettotals.kbout 0
nettotals.pktout 0
cpuinfo.user.cpu0 100
cpuinfo.nice.cpu0 0
cpuinfo.sys.cpu0 0
cpuinfo.wait.cpu0 0
cpuinfo.irq.cpu0 0
cpuinfo.soft.cpu0 0
cpuinfo.steal.cpu0 0
cpuinfo.idle.cpu0 0
cpuinfo.intrpt.cpu0 0
cputotals.systot.cpu0 0
cputotals.usertot.cpu0 100
Bogus data record skipped for NET:enp1s0: data on 20241212 at 18:40:20
sample.time 1734028821.001
cputotals.num 1
cputotals.user 100
cputotals.nice 0
cputotals.sys 0
cputotals.wait 0
cputotals.irq 0
cputotals.soft 0
cputotals.steal 0
cputotals.idle 0
cputotals.systot 0
cputotals.usertot 100
cputotals.total 100
ctxint.ctx 40
ctxint.int 258
proc.creates 0
proc.runq 164
proc.run 1
cpuload.avg1 0.95
cpuload.avg5 0.53
cpuload.avg15 0.22
disktotals.reads 0
disktotals.readkbs 0
disktotals.writes 0
disktotals.writekbs 0
meminfo.tot 4006068
meminfo.used 788404
meminfo.free 3217664
meminfo.shared 0
meminfo.buf 23036
meminfo.cached 287692
meminfo.slab 70928
meminfo.map 105492
meminfo.anon 329612
meminfo.anonH 0
meminfo.dirty 9396
meminfo.locked 27620
meminfo.inactive 137604
meminfo.hugetot 0
meminfo.hugefree 0
meminfo.hugersvd 0
meminfo.sunreclaim 38744
swapinfo.total 2594812
swapinfo.free 2594812
swapinfo.used 0
swapinfo.in 0
swapinfo.out 0
pageinfo.fault 0
pageinfo.majfault 0
pageinfo.in 0
pageinfo.out 0
nettotals.kbin 0
nettotals.pktin 0
nettotals.kbout 0
nettotals.pktout 0
cpuinfo.user.cpu0 100
cpuinfo.nice.cpu0 0
cpuinfo.sys.cpu0 0
cpuinfo.wait.cpu0 0
cpuinfo.irq.cpu0 0
cpuinfo.soft.cpu0 0
cpuinfo.steal.cpu0 0
cpuinfo.idle.cpu0 0
cpuinfo.intrpt.cpu0 0
cputotals.systot.cpu0 0
cputotals.usertot.cpu0 100
Bogus data record skipped for NET:enp1s0: data on 20241212 at 18:40:21
sample.time 1734028822.001
cputotals.num 1
cputotals.user 100
cputotals.nice 0
cputotals.sys 0
cputotals.wait 0
cputotals.irq 0
cputotals.soft 0
cputotals.steal 0
cputotals.idle 0
cputotals.systot 0
cputotals.usertot 100
cputotals.total 100
ctxint.ctx 60
ctxint.int 259
proc.creates 0
proc.runq 164
proc.run 1
cpuload.avg1 0.95
cpuload.avg5 0.53
cpuload.avg15 0.22
disktotals.reads 0
disktotals.readkbs 0
disktotals.writes 0
disktotals.writekbs 0
meminfo.tot 4006068
meminfo.used 788404
meminfo.free 3217664
meminfo.shared 0
meminfo.buf 23036
meminfo.cached 287692
meminfo.slab 70928
meminfo.map 105492
meminfo.anon 329612
meminfo.anonH 0
meminfo.dirty 9396
meminfo.locked 27620
meminfo.inactive 137604
meminfo.hugetot 0
meminfo.hugefree 0
meminfo.hugersvd 0
meminfo.sunreclaim 38744
swapinfo.total 2594812
swapinfo.free 2594812
swapinfo.used 0
swapinfo.in 0
swapinfo.out 0
pageinfo.fault 0
pageinfo.majfault 0
pageinfo.in 0
pageinfo.out 0
nettotals.kbin 0
nettotals.pktin 0
nettotals.kbout 0
nettotals.pktout 0
cpuinfo.user.cpu0 100
cpuinfo.nice.cpu0 0
cpuinfo.sys.cpu0 0
cpuinfo.wait.cpu0 0
cpuinfo.irq.cpu0 0
cpuinfo.soft.cpu0 0
cpuinfo.steal.cpu0 0
cpuinfo.idle.cpu0 0
cpuinfo.intrpt.cpu0 0
cputotals.systot.cpu0 0
cputotals.usertot.cpu0 100
Bogus data record skipped for NET:enp1s0: data on 20241212 at 18:40:22
sample.time 1734028823.001
cputotals.num 1
cputotals.user 100
cputotals.nice 0
cputotals.sys 0
cputotals.wait 0
cputotals.irq 0
cputotals.soft 0
cputotals.steal 0
cputotals.idle 0
cputotals.systot 0
cputotals.usertot 100
cputotals.total 100
ctxint.ctx 47
ctxint.int 258
proc.creates 0
proc.runq 164
proc.run 1
cpuload.avg1 0.95
cpuload.avg5 0.53
cpuload.avg15 0.22
disktotals.reads 0
disktotals.readkbs 0
disktotals.writes 0
disktotals.writekbs 0
meminfo.tot 4006068
meminfo.used 788404
meminfo.free 3217664
meminfo.shared 0
meminfo.buf 23036
meminfo.cached 287692
meminfo.slab 70928
meminfo.map 105492
meminfo.anon 329612
meminfo.anonH 0
meminfo.dirty 9396
meminfo.locked 27620
meminfo.inactive 137604
meminfo.hugetot 0
meminfo.hugefree 0
meminfo.hugersvd 0
meminfo.sunreclaim 38744
swapinfo.total 2594812
swapinfo.free 2594812
swapinfo.used 0
swapinfo.in 0
swapinfo.out 0
pageinfo.fault 0
pageinfo.majfault 0
pageinfo.in 0
pageinfo.out 0
nettotals.kbin 0
nettotals.pktin 0
nettotals.kbout 0
nettotals.pktout 0
cpuinfo.user.cpu0 100
cpuinfo.nice.cpu0 0
cpuinfo.sys.cpu0 0
cpuinfo.wait.cpu0 0
cpuinfo.irq.cpu0 0
cpuinfo.soft.cpu0 0
cpuinfo.steal.cpu0 0
cpuinfo.idle.cpu0 0
cpuinfo.intrpt.cpu0 0
cputotals.systot.cpu0 0
cputotals.usertot.cpu0 100
Bogus data record skipped for NET:enp1s0: data on 20241212 at 18:40:23
sample.time 1734028824.001
cputotals.num 1
cputotals.user 100
cputotals.nice 0
cputotals.sys 0
cputotals.wait 0
cputotals.irq 0
cputotals.soft 0
cputotals.steal 0
cputotals.idle 0
cputotals.systot 0
cputotals.usertot 100
cputotals.total 100
ctxint.ctx 60
ctxint.int 261
proc.creates 0
proc.runq 164
proc.run 1
cpuload.avg1 0.95
cpuload.avg5 0.53
cpuload.avg15 0.22
disktotals.reads 0
disktotals.readkbs 0
disktotals.writes 0
disktotals.writekbs 0
meminfo.tot 4006068
meminfo.used 788404
meminfo.free 3217664
meminfo.shared 0
meminfo.buf 23036
meminfo.cached 287696
meminfo.slab 70928
meminfo.map 105492
meminfo.anon 329612
meminfo.anonH 0
meminfo.dirty 9400
meminfo.locked 27620
meminfo.inactive 137604
meminfo.hugetot 0
meminfo.hugefree 0
meminfo.hugersvd 0
meminfo.sunreclaim 38744
swapinfo.total 2594812
swapinfo.free 2594812
swapinfo.used 0
swapinfo.in 0
swapinfo.out 0
pageinfo.fault 0
pageinfo.majfault 0
pageinfo.in 0
pageinfo.out 0
nettotals.kbin 0
nettotals.pktin 0
nettotals.kbout 0
nettotals.pktout 0
cpuinfo.user.cpu0 100
cpuinfo.nice.cpu0 0
cpuinfo.sys.cpu0 0
cpuinfo.wait.cpu0 0
cpuinfo.irq.cpu0 0
cpuinfo.soft.cpu0 0
cpuinfo.steal.cpu0 0
cpuinfo.idle.cpu0 0
cpuinfo.intrpt.cpu0 0
cputotals.systot.cpu0 0
cputotals.usertot.cpu0 100
Bogus data record skipped for NET:enp1s0: data on 20241212 at 18:40:24
sample.time 1734028825.001
cputotals.num 1
cputotals.user 100
cputotals.nice 0
cputotals.sys 0
cputotals.wait 0
cputotals.irq 0
cputotals.soft 0
cputotals.steal 0
cputotals.idle 0
cputotals.systot 0
cputotals.usertot 100
cputotals.total 100
ctxint.ctx 63
ctxint.int 263
proc.creates 0
proc.runq 164
proc.run 1
cpuload.avg1 0.95
cpuload.avg5 0.54
cpuload.avg15 0.23
disktotals.reads 0
disktotals.readkbs 0
disktotals.writes 3
disktotals.writekbs 12
meminfo.tot 4006068
meminfo.used 788404
meminfo.free 3217664
meminfo.shared 0
meminfo.buf 23044
meminfo.cached 287696
meminfo.slab 70928
meminfo.map 105492
meminfo.anon 329612
meminfo.anonH 0
meminfo.dirty 9400
meminfo.locked 27620
meminfo.inactive 137604
meminfo.hugetot 0
meminfo.hugefree 0
meminfo.hugersvd 0
meminfo.sunreclaim 38744
swapinfo.total 2594812
swapinfo.free 2594812
swapinfo.used 0
swapinfo.in 0
swapinfo.out 0
pageinfo.fault 0
pageinfo.majfault 0
pageinfo.in 0
pageinfo.out 12
nettotals.kbin 0
nettotals.pktin 0
nettotals.kbout 0
nettotals.pktout 0
cpuinfo.user.cpu0 100
cpuinfo.nice.cpu0 0
cpuinfo.sys.cpu0 0
cpuinfo.wait.cpu0 0
cpuinfo.irq.cpu0 0
cpuinfo.soft.cpu0 0
cpuinfo.steal.cpu0 0
cpuinfo.idle.cpu0 0
cpuinfo.intrpt.cpu0 0
cputotals.systot.cpu0 0
cputotals.usertot.cpu0 100
Bogus data record skipped for NET:enp1s0: data on 20241212 at 18:40:25
sample.time 1734028826.001
cputotals.num 1
cputotals.user 100
cputotals.nice 0
cputotals.sys 0
cputotals.wait 0
cputotals.irq 0
cputotals.soft 0
cputotals.steal 0
cputotals.idle 0
cputotals.systot 0
cputotals.usertot 100
cputotals.total 100
ctxint.ctx 82
ctxint.int 260
proc.creates 0
proc.runq 164
proc.run 1
cpuload.avg1 0.95
cpuload.avg5 0.54
cpuload.avg15 0.23
disktotals.reads 0
disktotals.readkbs 0
disktotals.writes 0
disktotals.writekbs 0
meminfo.tot 4006068
meminfo.used 788404
meminfo.free 3217664
meminfo.shared 0
meminfo.buf 23044
meminfo.cached 287696
meminfo.slab 70928
meminfo.map 105492
meminfo.anon 329612
meminfo.anonH 0
meminfo.dirty 9400
meminfo.locked 27620
meminfo.inactive 137604
meminfo.hugetot 0
meminfo.hugefree 0
meminfo.hugersvd 0
meminfo.sunreclaim 38744
swapinfo.total 2594812
swapinfo.free 2594812
swapinfo.used 0
swapinfo.in 0
swapinfo.out 0
pageinfo.fault 0
pageinfo.majfault 0
pageinfo.in 0
pageinfo.out 0
nettotals.kbin 0
nettotals.pktin 0
nettotals.kbout 0
nettotals.pktout 0
cpuinfo.user.cpu0 100
cpuinfo.nice.cpu0 0
cpuinfo.sys.cpu0 0
cpuinfo.wait.cpu0 0
cpuinfo.irq.cpu0 0
cpuinfo.soft.cpu0 0
cpuinfo.steal.cpu0 0
cpuinfo.idle.cpu0 0
cpuinfo.intrpt.cpu0 0
cputotals.systot.cpu0 0
cputotals.usertot.cpu0 100
Bogus data record skipped for NET:enp1s0: data on 20241212 at 18:40:26
sample.time 1734028827.001
cputotals.num 1
cputotals.user 100
cputotals.nice 0
cputotals.sys 0
cputotals.wait 0
cputotals.irq 0
cputotals.soft 0
cputotals.steal 0
cputotals.idle 0
cputotals.systot 0
cputotals.usertot 100
cputotals.total 100
ctxint.ctx 43
ctxint.int 258
proc.creates 0
proc.runq 164
proc.run 1
cpuload.avg1 0.95
cpuload.avg5 0.54
cpuload.avg15 0.23
disktotals.reads 0
disktotals.readkbs 0
disktotals.writes 2
disktotals.writekbs 20
meminfo.tot 4006068
meminfo.used 788404
meminfo.free 3217664
meminfo.shared 0
meminfo.buf 23044
meminfo.cached 287700
meminfo.slab 70928
meminfo.map 105492
meminfo.anon 329612
meminfo.anonH 0
meminfo.dirty 9404
meminfo.locked 27620
meminfo.inactive 137604
meminfo.hugetot 0
meminfo.hugefree 0
meminfo.hugersvd 0
meminfo.sunreclaim 38744
swapinfo.total 2594812
swapinfo.free 2594812
swapinfo.used 0
swapinfo.in 0
swapinfo.out 0
pageinfo.fault 0
pageinfo.majfault 0
pageinfo.in 0
pageinfo.out 20
nettotals.kbin 0
nettotals.pktin 0
nettotals.kbout 0
nettotals.pktout 0
cpuinfo.user.cpu0 100
cpuinfo.nice.cpu0 0
cpuinfo.sys.cpu0 0
cpuinfo.wait.cpu0 0
cpuinfo.irq.cpu0 0
cpuinfo.soft.cpu0 0
cpuinfo.steal.cpu0 0
cpuinfo.idle.cpu0 0
cpuinfo.intrpt.cpu0 0
cputotals.systot.cpu0 0
cputotals.usertot.cpu0 100
Bogus data record skipped for NET:enp1s0: data on 20241212 at 18:40:27
sample.time 1734028828.001
cputotals.num 1
cputotals.user 100
cputotals.nice 0
cputotals.sys 0
cputotals.wait 0
cputotals.irq 0
cputotals.soft 0
cputotals.steal 0
cputotals.idle 0
cputotals.systot 0
cputotals.usertot 100
cputotals.total 100
ctxint.ctx 66
ctxint.int 259
proc.creates 0
proc.runq 164
proc.run 1
cpuload.avg1 0.95
cpuload.avg5 0.54
cpuload.avg15 0.23
disktotals.reads 0
disktotals.readkbs 0
disktotals.writes 0
disktotals.writekbs 0
meminfo.tot 4006068
meminfo.used 788404
meminfo.free 3217664
meminfo.shared 0
meminfo.buf 23044
meminfo.cached 287700
meminfo.slab 70928
meminfo.map 105492
meminfo.anon 329612
meminfo.anonH 0
meminfo.dirty 9384
meminfo.locked 27620
meminfo.inactive 137616
meminfo.hugetot 0
meminfo.hugefree 0
meminfo.hugersvd 0
meminfo.sunreclaim 38744
swapinfo.total 2594812
swapinfo.free 2594812
swapinfo.used 0
swapinfo.in 0
swapinfo.out 0
pageinfo.fault 0
pageinfo.majfault 0
pageinfo.in 0
pageinfo.out 0
nettotals.kbin 0
nettotals.pktin 0
nettotals.kbout 0
nettotals.pktout 0
cpuinfo.user.cpu0 100
cpuinfo.nice.cpu0 0
cpuinfo.sys.cpu0 0
cpuinfo.wait.cpu0 0
cpuinfo.irq.cpu0 0
cpuinfo.soft.cpu0 0
cpuinfo.steal.cpu0 0
cpuinfo.idle.cpu0 0
cpuinfo.intrpt.cpu0 0
cputotals.systot.cpu0 0
cputotals.usertot.cpu0 100
Bogus data record skipped for NET:enp1s0: data on 20241212 at 18:40:28
sample.time 1734028829.001
cputotals.num 1
cputotals.user 100
cputotals.nice 0
cputotals.sys 0
cputotals.wait 0
cputotals.irq 0
cputotals.soft 0
cputotals.steal 0
cputotals.idle 0
cputotals.systot 0
cputotals.usertot 100
cputotals.total 100
ctxint.ctx 45
ctxint.int 258
proc.creates 0
proc.runq 164
proc.run 1
cpuload.avg1 0.95
cpuload.avg5 0.54
cpuload.avg15 0.23
disktotals.reads 0
disktotals.readkbs 0
disktotals.writes 0
disktotals.writekbs 0
meminfo.tot 4006068
meminfo.used 788404
meminfo.free 3217664
meminfo.shared 0
meminfo.buf 23044
meminfo.cached 287700
meminfo.slab 70928
meminfo.map 105492
meminfo.anon 329612
meminfo.anonH 0
meminfo.dirty 9384
meminfo.locked 27620
meminfo.inactive 137616
meminfo.hugetot 0
meminfo.hugefree 0
meminfo.hugersvd 0
meminfo.sunreclaim 38744
swapinfo.total 2594812
swapinfo.free 2594812
swapinfo.used 0
swapinfo.in 0
swapinfo.out 0
pageinfo.fault 0
pageinfo.majfault 0
pageinfo.in 0
pageinfo.out 0
nettotals.kbin 0
nettotals.pktin 0
nettotals.kbout 0
nettotals.pktout 0
cpuinfo.user.cpu0 100
cpuinfo.nice.cpu0 0
cpuinfo.sys.cpu0 0
cpuinfo.wait.cpu0 0
cpuinfo.irq.cpu0 0
cpuinfo.soft.cpu0 0
cpuinfo.steal.cpu0 0
cpuinfo.idle.cpu0 0
cpuinfo.intrpt.cpu0 0
cputotals.systot.cpu0 0
cputotals.usertot.cpu0 100
Bogus data record skipped for NET:enp1s0: data on 20241212 at 18:40:29
sample.time 1734028830.001
cputotals.num 1
cputotals.user 100
cputotals.nice 0
cputotals.sys 0
cputotals.wait 0
cputotals.irq 0
cputotals.soft 0
cputotals.steal 0
cputotals.idle 0
cputotals.systot 0
cputotals.usertot 100
cputotals.total 100
ctxint.ctx 67
ctxint.int 287
proc.creates 0
proc.runq 164
proc.run 1
cpuload.avg1 0.96
cpuload.avg5 0.54
cpuload.avg15 0.23
disktotals.reads 0
disktotals.readkbs 0
disktotals.writes 34
disktotals.writekbs 164
meminfo.tot 4006068
meminfo.used 788404
meminfo.free 3217664
meminfo.shared 0
meminfo.buf 23052
meminfo.cached 287704
meminfo.slab 70928
meminfo.map 105492
meminfo.anon 329612
meminfo.anonH 0
meminfo.dirty 9256
meminfo.locked 27620
meminfo.inactive 137616
meminfo.hugetot 0
meminfo.hugefree 0
meminfo.hugersvd 0
meminfo.sunreclaim 38744
swapinfo.total 2594812
swapinfo.free 2594812
swapinfo.used 0
swapinfo.in 0
swapinfo.out 0
pageinfo.fault 0
pageinfo.majfault 0
pageinfo.in 0
pageinfo.out 164
nettotals.kbin 0
nettotals.pktin 0
nettotals.kbout 0
nettotals.pktout 0
cpuinfo.user.cpu0 100
cpuinfo.nice.cpu0 0
cpuinfo.sys.cpu0 0
cpuinfo.wait.cpu0 0
cpuinfo.irq.cpu0 0
cpuinfo.soft.cpu0 0
cpuinfo.steal.cpu0 0
cpuinfo.idle.cpu0 0
cpuinfo.intrpt.cpu0 0
cputotals.systot.cpu0 0
cputotals.usertot.cpu0 100
Bogus data record skipped for NET:enp1s0: data on 20241212 at 18:40:30
sample.time 1734028831.001
cputotals.num 1
cputotals.user 100
cputotals.nice 0
cputotals.sys 0
cputotals.wait 0
cputotals.irq 0
cputotals.soft 0
cputotals.steal 0
cputotals.idle 0
cputotals.systot 0
cputotals.usertot 100
cputotals.total 100
ctxint.ctx 50
ctxint.int 257
proc.creates 0
proc.runq 164
proc.run 1
cpuload.avg1 0.96
cpuload.avg5 0.54
cpuload.avg15 0.23
disktotals.reads 0
disktotals.readkbs 0
disktotals.writes 0
disktotals.writekbs 0
meminfo.tot 4006068
meminfo.used 788404
meminfo.free 3217664
meminfo.shared 0
meminfo.buf 23052
meminfo.cached 287704
meminfo.slab 70928
meminfo.map 105492
meminfo.anon 329612
meminfo.anonH 0
meminfo.dirty 9244
meminfo.locked 27620
meminfo.inactive 137620
meminfo.hugetot 0
meminfo.hugefree 0
meminfo.hugersvd 0
meminfo.sunreclaim 38744
swapinfo.total 2594812
swapinfo.free 2594812
swapinfo.used 0
swapinfo.in 0
swapinfo.out 0
pageinfo.fault 0
pageinfo.majfault 0
pageinfo.in 0
pageinfo.out 0
nettotals.kbin 0
nettotals.pktin 0
nettotals.kbout 0
nettotals.pktout 0
cpuinfo.user.cpu0 100
cpuinfo.nice.cpu0 0
cpuinfo.sys.cpu0 0
cpuinfo.wait.cpu0 0
cpuinfo.irq.cpu0 0
cpuinfo.soft.cpu0 0
cpuinfo.steal.cpu0 0
cpuinfo.idle.cpu0 0
cpuinfo.intrpt.cpu0 0
cputotals.systot.cpu0 0
cputotals.usertot.cpu0 100
Bogus data record skipped for NET:enp1s0: data on 20241212 at 18:40:31
sample.time 1734028832.001
cputotals.num 1
cputotals.user 100
cputotals.nice 0
cputotals.sys 0
cputotals.wait 0
cputotals.irq 0
cputotals.soft 0
cputotals.steal 0
cputotals.idle 0
cputotals.systot 0
cputotals.usertot 100
cputotals.total 100
ctxint.ctx 63
ctxint.int 259
proc.creates 0
proc.runq 164
proc.run 1
cpuload.avg1 0.96
cpuload.avg5 0.54
cpuload.avg15 0.23
disktotals.reads 0
disktotals.readkbs 0
disktotals.writes 0
disktotals.writekbs 0
meminfo.tot 4006068
meminfo.used 788404
meminfo.free 3217664
meminfo.shared 0
meminfo.buf 23052
meminfo.cached 287704
meminfo.slab 70928
meminfo.map 105492
meminfo.anon 329612
meminfo.anonH 0
meminfo.dirty 9244
meminfo.locked 27620
meminfo.inactive 137620
meminfo.hugetot 0
meminfo.hugefree 0
meminfo.hugersvd 0
meminfo.sunreclaim 38744
swapinfo.total 2594812
swapinfo.free 2594812
swapinfo.used 0
swapinfo.in 0
swapinfo.out 0
pageinfo.fault 0
pageinfo.majfault 0
pageinfo.in 0
pageinfo.out 0
nettotals.kbin 0
nettotals.pktin 0
nettotals.kbout 0
nettotals.pktout 0
cpuinfo.user.cpu0 100
cpuinfo.nice.cpu0 0
cpuinfo.sys.cpu0 0
cpuinfo.wait.cpu0 0
cpuinfo.irq.cpu0 0
cpuinfo.soft.cpu0 0
cpuinfo.steal.cpu0 0
cpuinfo.idle.cpu0 0
cpuinfo.intrpt.cpu0 0
cputotals.systot.cpu0 0
cputotals.usertot.cpu0 100
Bogus data record skipped for NET:enp1s0: data on 20241212 at 18:40:32
sample.time 1734028833.001
cputotals.num 1
cputotals.user 100
cputotals.nice 0
cputotals.sys 0
cputotals.wait 0
cputotals.irq 0
cputotals.soft 0
cputotals.steal 0
cputotals.idle 0
cputotals.systot 0
cputotals.usertot 100
cputotals.total 100
ctxint.ctx 56
ctxint.int 259
proc.creates 0
proc.runq 164
proc.run 1
cpuload.avg1 0.96
cpuload.avg5 0.54
cpuload.avg15 0.23
disktotals.reads 0
disktotals.readkbs 0
disktotals.writes 0
disktotals.writekbs 0
meminfo.tot 4006068
meminfo.used 788404
meminfo.free 3217664
meminfo.shared 0
meminfo.buf 23052
meminfo.cached 287708
meminfo.slab 70928
meminfo.map 105492
meminfo.anon 329612
meminfo.anonH 0
meminfo.dirty 9248
meminfo.locked 27620
meminfo.inactive 137620
meminfo.hugetot 0
meminfo.hugefree 0
meminfo.hugersvd 0
meminfo.sunreclaim 38744
swapinfo.total 2594812
swapinfo.free 2594812
swapinfo.used 0
swapinfo.in 0
swapinfo.out 0
pageinfo.fault 0
pageinfo.majfault 0
pageinfo.in 0
pageinfo.out 0
nettotals.kbin 0
nettotals.pktin 0
nettotals.kbout 0
nettotals.pktout 0
cpuinfo.user.cpu0 100
cpuinfo.nice.cpu0 0
cpuinfo.sys.cpu0 0
cpuinfo.wait.cpu0 0
cpuinfo.irq.cpu0 0
cpuinfo.soft.cpu0 0
cpuinfo.steal.cpu0 0
cpuinfo.idle.cpu0 0
cpuinfo.intrpt.cpu0 0
cputotals.systot.cpu0 0
cputotals.usertot.cpu0 100
Bogus data record skipped for NET:enp1s0: data on 20241212 at 18:40:33
sample.time 1734028834.001
cputotals.num 1
cputotals.user 100
cputotals.nice 0
cputotals.sys 0
cputotals.wait 0
cputotals.irq 0
cputotals.soft 0
cputotals.steal 0
cputotals.idle 0
cputotals.systot 0
cputotals.usertot 100
cputotals.total 100
ctxint.ctx 68
ctxint.int 260
proc.creates 0
proc.runq 164
proc.run 1
cpuload.avg1 0.96
cpuload.avg5 0.54
cpuload.avg15 0.23
disktotals.reads 0
disktotals.readkbs 0
disktotals.writes 0
disktotals.writekbs 0
meminfo.tot 4006068
meminfo.used 788404
meminfo.free 3217664
meminfo.shared 0
meminfo.buf 23052
meminfo.cached 287708
meminfo.slab 70928
meminfo.map 105492
meminfo.anon 329612
meminfo.anonH 0
meminfo.dirty 9248
meminfo.locked 27620
meminfo.inactive 137620
meminfo.hugetot 0
meminfo.hugefree 0
meminfo.hugersvd 0
meminfo.sunreclaim 38744
swapinfo.total 2594812
swapinfo.free 2594812
swapinfo.used 0
swapinfo.in 0
swapinfo.out 0
pageinfo.fault 0
pageinfo.majfault 0
pageinfo.in 0
pageinfo.out 0
nettotals.kbin 0
nettotals.pktin 0
nettotals.kbout 0
nettotals.pktout 0
cpuinfo.user.cpu0 100
cpuinfo.nice.cpu0 0
cpuinfo.sys.cpu0 0
cpuinfo.wait.cpu0 0
cpuinfo.irq.cpu0 0
cpuinfo.soft.cpu0 0
cpuinfo.steal.cpu0 0
cpuinfo.idle.cpu0 0
cpuinfo.intrpt.cpu0 0
cputotals.systot.cpu0 0
cputotals.usertot.cpu0 100
Bogus data record skipped for NET:enp1s0: data on 20241212 at 18:40:34
sample.time 1734028835.001
cputotals.num 1
cputotals.user 100
cputotals.nice 0
cputotals.sys 0
cputotals.wait 0
cputotals.irq 0
cputotals.soft 0
cputotals.steal 0
cputotals.idle 0
cputotals.systot 0
cputotals.usertot 100
cputotals.total 100
ctxint.ctx 64
ctxint.int 261
proc.creates 0
proc.runq 164
proc.run 1
cpuload.avg1 0.96
cpuload.avg5 0.55
cpuload.avg15 0.24
disktotals.reads 0
disktotals.readkbs 0
disktotals.writes 3
disktotals.writekbs 12
meminfo.tot 4006068
meminfo.used 788404
meminfo.free 3217664
meminfo.shared 0
meminfo.buf 23060
meminfo.cached 287708
meminfo.slab 70928
meminfo.map 105492
meminfo.anon 329612
meminfo.anonH 0
meminfo.dirty 9248
meminfo.locked 27620
meminfo.inactive 137620
meminfo.hugetot 0
meminfo.hugefree 0
meminfo.hugersvd 0
meminfo.sunreclaim 38744
swapinfo.total 2594812
swapinfo.free 2594812
swapinfo.used 0
swapinfo.in 0
swapinfo.out 0
pageinfo.fault 0
pageinfo.majfault 0
pageinfo.in 0
pageinfo.out 12
nettotals.kbin 0
nettotals.pktin 0
nettotals.kbout 0
nettotals.pktout 0
cpuinfo.user.cpu0 100
cpuinfo.nice.cpu0 0
cpuinfo.sys.cpu0 0
cpuinfo.wait.cpu0 0
cpuinfo.irq.cpu0 0
cpuinfo.soft.cpu0 0
cpuinfo.steal.cpu0 0
cpuinfo.idle.cpu0 0
cpuinfo.intrpt.cpu0 0
cputotals.systot.cpu0 0
cputotals.usertot.cpu0 100
Bogus data record skipped for NET:enp1s0: data on 20241212 at 18:40:35
sample.time 1734028836.001
cputotals.num 1
cputotals.user 100
cputotals.nice 0
cputotals.sys 0
cputotals.wait 0
cputotals.irq 0
cputotals.soft 0
cputotals.steal 0
cputotals.idle 0
cputotals.systot 0
cputotals.usertot 100
cputotals.total 100
ctxint.ctx 56
ctxint.int 259
proc.creates 0
proc.runq 164
proc.run 1
cpuload.avg1 0.96
cpuload.avg5 0.55
cpuload.avg15 0.24
disktotals.reads 0
disktotals.readkbs 0
disktotals.writes 0
disktotals.writekbs 0
meminfo.tot 4006068
meminfo.used 788404
meminfo.free 3217664
meminfo.shared 0
meminfo.buf 23060
meminfo.cached 287712
meminfo.slab 70928
meminfo.map 105492
meminfo.anon 329612
meminfo.anonH 0
meminfo.dirty 9252
meminfo.locked 27620
meminfo.inactive 137620
meminfo.hugetot 0
meminfo.hugefree 0
meminfo.hugersvd 0
meminfo.sunreclaim 38744
swapinfo.total 2594812
swapinfo.free 2594812
swapinfo.used 0
swapinfo.in 0
swapinfo.out 0
pageinfo.fault 0
pageinfo.majfault 0
pageinfo.in 0
pageinfo.out 0
nettotals.kbin 0
nettotals.pktin 0
nettotals.kbout 0
nettotals.pktout 0
cpuinfo.user.cpu0 100
cpuinfo.nice.cpu0 0
cpuinfo.sys.cpu0 0
cpuinfo.wait.cpu0 0
cpuinfo.irq.cpu0 0
cpuinfo.soft.cpu0 0
cpuinfo.steal.cpu0 0
cpuinfo.idle.cpu0 0
cpuinfo.intrpt.cpu0 0
cputotals.systot.cpu0 0
cputotals.usertot.cpu0 100
Bogus data record skipped for NET:enp1s0: data on 20241212 at 18:40:36
sample.time 1734028837.001
cputotals.num 1
cputotals.user 100
cputotals.nice 0
cputotals.sys 0
cputotals.wait 0
cputotals.irq 0
cputotals.soft 0
cputotals.steal 0
cputotals.idle 0
cputotals.systot 0
cputotals.usertot 100
cputotals.total 100
ctxint.ctx 48
ctxint.int 258
proc.creates 0
proc.runq 164
proc.run 1
cpuload.avg1 0.96
cpuload.avg5 0.55
cpuload.avg15 0.24
disktotals.reads 0
disktotals.readkbs 0
disktotals.writes 0
disktotals.writekbs 0
meminfo.tot 4006068
meminfo.used 788404
meminfo.free 3217664
meminfo.shared 0
meminfo.buf 23060
meminfo.cached 287712
meminfo.slab 70928
meminfo.map 105492
meminfo.anon 329612
meminfo.anonH 0
meminfo.dirty 9252
meminfo.locked 27620
meminfo.inactive 137620
meminfo.hugetot 0
meminfo.hugefree 0
meminfo.hugersvd 0
meminfo.sunreclaim 38744
swapinfo.total 2594812
swapinfo.free 2594812
swapinfo.used 0
swapinfo.in 0
swapinfo.out 0
pageinfo.fault 0
pageinfo.majfault 0
pageinfo.in 0
pageinfo.out 0
nettotals.kbin 0
nettotals.pktin 0
nettotals.kbout 0
nettotals.pktout 0
cpuinfo.user.cpu0 100
cpuinfo.nice.cpu0 0
cpuinfo.sys.cpu0 0
cpuinfo.wait.cpu0 0
cpuinfo.irq.cpu0 0
cpuinfo.soft.cpu0 0
cpuinfo.steal.cpu0 0
cpuinfo.idle.cpu0 0
cpuinfo.intrpt.cpu0 0
cputotals.systot.cpu0 0
cputotals.usertot.cpu0 100
Bogus data record skipped for NET:enp1s0: data on 20241212 at 18:40:37
sample.time 1734028838.001
cputotals.num 1
cputotals.user 100
cputotals.nice 0
cputotals.sys 0
cputotals.wait 0
cputotals.irq 0
cputotals.soft 0
cputotals.steal 0
cputotals.idle 0
cputotals.systot 0
cputotals.usertot 100
cputotals.total 100
ctxint.ctx 54
ctxint.int 259
proc.creates 0
proc.runq 164
proc.run 1
cpuload.avg1 0.96
cpuload.avg5 0.55
cpuload.avg15 0.24
disktotals.reads 0
disktotals.readkbs 0
disktotals.writes 0
disktotals.writekbs 0
meminfo.tot 4006068
meminfo.used 788404
meminfo.free 3217664
meminfo.shared 0
meminfo.buf 23060
meminfo.cached 287712
meminfo.slab 70928
meminfo.map 105492
meminfo.anon 329612
meminfo.anonH 0
meminfo.dirty 9252
meminfo.locked 27620
meminfo.inactive 137620
meminfo.hugetot 0
meminfo.hugefree 0
meminfo.hugersvd 0
meminfo.sunreclaim 38744
swapinfo.total 2594812
swapinfo.free 2594812
swapinfo.used 0
swapinfo.in 0
swapinfo.out 0
pageinfo.fault 0
pageinfo.majfault 0
pageinfo.in 0
pageinfo.out 0
nettotals.kbin 0
nettotals.pktin 0
nettotals.kbout 0
nettotals.pktout 0
cpuinfo.user.cpu0 100
cpuinfo.nice.cpu0 0
cpuinfo.sys.cpu0 0
cpuinfo.wait.cpu0 0
cpuinfo.irq.cpu0 0
cpuinfo.soft.cpu0 0
cpuinfo.steal.cpu0 0
cpuinfo.idle.cpu0 0
cpuinfo.intrpt.cpu0 0
cputotals.systot.cpu0 0
cputotals.usertot.cpu0 100
Bogus data record skipped for NET:enp1s0: data on 20241212 at 18:40:38
sample.time 1734028839.001
cputotals.num 1
cputotals.user 100
cputotals.nice 0
cputotals.sys 0
cputotals.wait 0
cputotals.irq 0
cputotals.soft 0
cputotals.steal 0
cputotals.idle 0
cputotals.systot 0
cputotals.usertot 100
cputotals.total 100
ctxint.ctx 66
ctxint.int 258
proc.creates 0
proc.runq 164
proc.run 1
cpuload.avg1 0.96
cpuload.avg5 0.55
cpuload.avg15 0.24
disktotals.reads 0
disktotals.readkbs 0
disktotals.writes 0
disktotals.writekbs 0
meminfo.tot 4006068
meminfo.used 788404
meminfo.free 3217664
meminfo.shared 0
meminfo.buf 23060
meminfo.cached 287716
meminfo.slab 70928
meminfo.map 105492
meminfo.anon 329612
meminfo.anonH 0
meminfo.dirty 9256
meminfo.locked 27620
meminfo.inactive 137620
meminfo.hugetot 0
meminfo.hugefree 0
meminfo.hugersvd 0
meminfo.sunreclaim 38744
swapinfo.total 2594812
swapinfo.free 2594812
swapinfo.used 0
swapinfo.in 0
swapinfo.out 0
pageinfo.fault 0
pageinfo.majfault 0
pageinfo.in 0
pageinfo.out 0
nettotals.kbin 0
nettotals.pktin 0
nettotals.kbout 0
nettotals.pktout 0
cpuinfo.user.cpu0 100
cpuinfo.nice.cpu0 0
cpuinfo.sys.cpu0 0
cpuinfo.wait.cpu0 0
cpuinfo.irq.cpu0 0
cpuinfo.soft.cpu0 0
cpuinfo.steal.cpu0 0
cpuinfo.idle.cpu0 0
cpuinfo.intrpt.cpu0 0
cputotals.systot.cpu0 0
cputotals.usertot.cpu0 100
Bogus data record skipped for NET:enp1s0: data on 20241212 at 18:40:39
sample.time 1734028840.001
cputotals.num 1
cputotals.user 100
cputotals.nice 0
cputotals.sys 0
cputotals.wait 0
cputotals.irq 0
cputotals.soft 0
cputotals.steal 0
cputotals.idle 0
cputotals.systot 0
cputotals.usertot 100
cputotals.total 100
ctxint.ctx 103
ctxint.int 285
proc.creates 0
proc.runq 164
proc.run 1
cpuload.avg1 0.96
cpuload.avg5 0.56
cpuload.avg15 0.24
disktotals.reads 0
disktotals.readkbs 0
disktotals.writes 61
disktotals.writekbs 308
meminfo.tot 4006068
meminfo.used 788404
meminfo.free 3217664
meminfo.shared 0
meminfo.buf 23068
meminfo.cached 287716
meminfo.slab 70928
meminfo.map 105492
meminfo.anon 329612
meminfo.anonH 0
meminfo.dirty 8992
meminfo.locked 27620
meminfo.inactive 137620
meminfo.hugetot 0
meminfo.hugefree 0
meminfo.hugersvd 0
meminfo.sunreclaim 38744
swapinfo.total 2594812
swapinfo.free 2594812
swapinfo.used 0
swapinfo.in 0
swapinfo.out 0
pageinfo.fault 0
pageinfo.majfault 0
pageinfo.in 0
pageinfo.out 308
nettotals.kbin 0
nettotals.pktin 0
nettotals.kbout 0
nettotals.pktout 0
cpuinfo.user.cpu0 100
cpuinfo.nice.cpu0 0
cpuinfo.sys.cpu0 0
cpuinfo.wait.cpu0 0
cpuinfo.irq.cpu0 0
cpuinfo.soft.cpu0 0
cpuinfo.steal.cpu0 0
cpuinfo.idle.cpu0 0
cpuinfo.intrpt.cpu0 0
cputotals.systot.cpu0 0
cputotals.usertot.cpu0 100
Bogus data record skipped for NET:enp1s0: data on 20241212 at 18:40:40
sample.time 1734028841.001
cputotals.num 1
cputotals.user 100
cputotals.nice 0
cputotals.sys 0
cputotals.wait 0
cputotals.irq 0
cputotals.soft 0
cputotals.steal 0
cputotals.idle 0
cputotals.systot 0
cputotals.usertot 100
cputotals.total 100
ctxint.ctx 40
ctxint.int 258
proc.creates 0
proc.runq 164
proc.run 1
cpuload.avg1 0.96
cpuload.avg5 0.56
cpuload.avg15 0.24
disktotals.reads 0
disktotals.readkbs 0
disktotals.writes 0
disktotals.writekbs 0
meminfo.tot 4006068
meminfo.used 788404
meminfo.free 3217664
meminfo.shared 0
meminfo.buf 23068
meminfo.cached 287716
meminfo.slab 70928
meminfo.map 105492
meminfo.anon 329612
meminfo.anonH 0
meminfo.dirty 8960
meminfo.locked 27620
meminfo.inactive 137632
meminfo.hugetot 0
meminfo.hugefree 0
meminfo.hugersvd 0
meminfo.sunreclaim 38744
swapinfo.total 2594812
swapinfo.free 2594812
swapinfo.used 0
swapinfo.in 0
swapinfo.out 0
pageinfo.fault 0
pageinfo.majfault 0
pageinfo.in 0
pageinfo.out 0
nettotals.kbin 0
nettotals.pktin 0
nettotals.kbout 0
nettotals.pktout 0
cpuinfo.user.cpu0 100
cpuinfo.nice.cpu0 0
cpuinfo.sys.cpu0 0
cpuinfo.wait.cpu0 0
cpuinfo.irq.cpu0 0
cpuinfo.soft.cpu0 0
cpuinfo.steal.cpu0 0
cpuinfo.idle.cpu0 0
cpuinfo.intrpt.cpu0 0
cputotals.systot.cpu0 0
cputotals.usertot.cpu0 100
Bogus data record skipped for NET:enp1s0: data on 20241212 at 18:40:41
sample.time 1734028842.001
cputotals.num 1
cputotals.user 100
cputotals.nice 0
cputotals.sys 0
cputotals.wait 0
cputotals.irq 0
cputotals.soft 0
cputotals.steal 0
cputotals.idle 0
cputotals.systot 0
cputotals.usertot 100
cputotals.total 100
ctxint.ctx 81
ctxint.int 259
proc.creates 0
proc.runq 164
proc.run 1
cpuload.avg1 0.96
cpuload.avg5 0.56
cpuload.avg15 0.24
disktotals.reads 0
disktotals.readkbs 0
disktotals.writes 0
disktotals.writekbs 0
meminfo.tot 4006068
meminfo.used 788404
meminfo.free 3217664
meminfo.shared 0
meminfo.buf 23068
meminfo.cached 287716
meminfo.slab 70928
meminfo.map 105492
meminfo.anon 329612
meminfo.anonH 0
meminfo.dirty 8960
meminfo.locked 27620
meminfo.inactive 137632
meminfo.hugetot 0
meminfo.hugefree 0
meminfo.hugersvd 0
meminfo.sunreclaim 38744
swapinfo.total 2594812
swapinfo.free 2594812
swapinfo.used 0
swapinfo.in 0
swapinfo.out 0
pageinfo.fault 10
pageinfo.majfault 0
pageinfo.in 0
pageinfo.out 0
nettotals.kbin 0
nettotals.pktin 0
nettotals.kbout 0
nettotals.pktout 0
cpuinfo.user.cpu0 100
cpuinfo.nice.cpu0 0
cpuinfo.sys.cpu0 0
cpuinfo.wait.cpu0 0
cpuinfo.irq.cpu0 0
cpuinfo.soft.cpu0 0
cpuinfo.steal.cpu0 0
cpuinfo.idle.cpu0 0
cpuinfo.intrpt.cpu0 0
cputotals.systot.cpu0 0
cputotals.usertot.cpu0 100
Shutting down in response to signal TERM on hpl4...
