       1     0.105566     0.00007274
       2     0.198193     0.00007732
       3     0.288856     0.00007931
       4     0.382212     0.00007990
       6     0.574361     0.00007976
       8     0.775312     0.00007883
      12     1.174549     0.00007833
      13     1.329527     0.00007519
      16     1.624443     0.00007566
      19     1.928839     0.00007561
      21     2.141861     0.00007525
      24     2.426852     0.00007594
      27     2.724039     0.00007605
      29     2.886971     0.00007700
      32     3.043308     0.00008027
      35     3.304920     0.00008084
      45     4.233847     0.00008113
      48     4.498856     0.00008144
      51     4.759453     0.00008179
      61     5.699669     0.00008169
      64     6.407775     0.00007669
      67     6.750809     0.00007623
      93     9.375110     0.00007610
      96     9.659256     0.00007621
      99    10.050928     0.00007554
     125    12.599526     0.00007600
     128    12.856681     0.00007634
     131    13.025874     0.00007705
     189    17.833418     0.00008108
     192    17.773966     0.00008245
     195    18.080442     0.00008232
     253    23.307901     0.00008285
     256    23.345976     0.00008368
     259    23.688590     0.00008344
     381    34.615590     0.00008399
     384    34.853419     0.00008408
     387    35.224904     0.00008384
     509    45.702270     0.00008507
     512    46.982779     0.00008333
     515    46.996726     0.00008382
     765    65.110371     0.00008991
     768    64.600397     0.00009098
     771    64.716778     0.00009118
    1021    80.552846     0.00009698
    1024    80.833849     0.00009694
    1027    79.475783     0.00009885
    1533   100.899693     0.00011680
    1536    97.520153     0.00012084
    1539    97.769961     0.00012084
    2045   127.711355     0.00012304
    2048   128.242729     0.00012248
    2051   126.748082     0.00012430
    3069   167.167057     0.00014117
    3072   164.661070     0.00014330
    3075   165.607088     0.00014257
    4093   182.444258     0.00017373
    4096   160.793184     0.00019582
    4099   154.374730     0.00020383
    6141   212.754311     0.00022099
    6144   201.105255     0.00023368
    6147   202.858556     0.00023210
    8189   221.768910     0.00028286
    8192   217.157798     0.00028871
    8195   212.257026     0.00029610
   12285   245.535971     0.00038368
   12288   224.503876     0.00041816
   12291   220.662783     0.00042536
   16381   241.530798     0.00051932
   16384   225.457331     0.00055482
   16387   217.857602     0.00057712
   24573   244.658920     0.00076913
   24576   228.007536     0.00082291
   24579   223.914860     0.00083764
   32765   241.837551     0.00103609
   32768   230.366349     0.00108590
   32771   220.968232     0.00113985
   49149   248.228932     0.00151719
   49152   231.945919     0.00161726
   49155   264.857979     0.00144686
   65533   186.105563     0.00269206
   65536   187.937897     0.00266971
   65539   179.902672     0.00281974
   98301   205.709762     0.00365992
   98304   201.097666     0.00373962
   98307   190.918915     0.00396873
  131069   192.198418     0.00527815
  131072   187.328826     0.00536593
  131075   172.282130     0.00590368
  196605   202.558659     0.00744851
  196608   196.895738     0.00764762
  196611   185.702566     0.00814635
  262141   193.421748     0.01043139
  262144   200.306086     0.01009367
  262147   189.027330     0.01071323
  393213   209.012570     0.01447231
  393216   205.005176     0.01477179
  393219   195.271400     0.01558156
  524285   205.915925     0.01949695
  524288   212.170423     0.01895419
  524291   202.383876     0.01992360
  786429   215.554529     0.02808970
  786432   214.786647     0.02830074
  786435   205.433084     0.02955462
 1048573   221.711701     0.03643283
 1048576   220.920902     0.03653931
 1048579   208.336587     0.03921140
 1572861   231.515545     0.05292303
 1572864   231.908955     0.05278813
 1572867   221.814344     0.05543320
 2097149   231.267777     0.07085314
 2097152   227.238307     0.07218157
 2097155   219.462327     0.07506117
 3145725   237.308139     0.10353583
 3145728   231.322922     0.10641350
 3145731   226.120764     0.10881631
 4194301   244.468172     0.13438752
 4194304   234.462925     0.13928339
 4194307   225.776141     0.14399284
 6291453   244.401390     0.19846246
 6291456   243.193806     0.20303039
 6291459   241.672566     0.20854470
 8388605   264.210349     0.25619588
 8388608   300.183011     0.24443805
 8388611   413.187267     0.19156076
