waiting for 1 second sample...
Bogus data record skipped for NET:enp1s0: data on 20241212 at 19:05:44
sample.time 1734030345.001
cputotals.num 2
cputotals.user 100
cputotals.nice 0
cputotals.sys 0
cputotals.wait 0
cputotals.irq 0
cputotals.soft 0
cputotals.steal 0
cputotals.idle 0
cputotals.systot 0
cputotals.usertot 100
cputotals.total 100
ctxint.ctx 79
ctxint.int 519
proc.creates 0
proc.runq 191
proc.run 2
cpuload.avg1 1.61
cpuload.avg5 0.78
cpuload.avg15 0.31
disktotals.reads 0
disktotals.readkbs 0
disktotals.writes 3
disktotals.writekbs 216
meminfo.tot 4005808
meminfo.used 929624
meminfo.free 3076184
meminfo.shared 0
meminfo.buf 23936
meminfo.cached 241924
meminfo.slab 75036
meminfo.map 118040
meminfo.anon 537136
meminfo.anonH 0
meminfo.dirty 18368
meminfo.locked 27620
meminfo.inactive 146684
meminfo.hugetot 0
meminfo.hugefree 0
meminfo.hugersvd 0
meminfo.sunreclaim 41732
swapinfo.total 2594812
swapinfo.free 2594812
swapinfo.used 0
swapinfo.in 0
swapinfo.out 0
pageinfo.fault 4261
pageinfo.majfault 0
pageinfo.in 0
pageinfo.out 0
nettotals.kbin 0
nettotals.pktin 0
nettotals.kbout 0
nettotals.pktout 0
cpuinfo.user.cpu0 100
cpuinfo.nice.cpu0 0
cpuinfo.sys.cpu0 0
cpuinfo.wait.cpu0 0
cpuinfo.irq.cpu0 0
cpuinfo.soft.cpu0 0
cpuinfo.steal.cpu0 0
cpuinfo.idle.cpu0 0
cpuinfo.intrpt.cpu0 0
cputotals.systot.cpu0 0
cputotals.usertot.cpu0 100
cpuinfo.user.cpu1 100
cpuinfo.nice.cpu1 0
cpuinfo.sys.cpu1 0
cpuinfo.wait.cpu1 0
cpuinfo.irq.cpu1 0
cpuinfo.soft.cpu1 0
cpuinfo.steal.cpu1 0
cpuinfo.idle.cpu1 0
cpuinfo.intrpt.cpu1 0
cputotals.systot.cpu1 0
cputotals.usertot.cpu1 100
Bogus data record skipped for NET:enp1s0: data on 20241212 at 19:05:45
sample.time 1734030346.001
cputotals.num 2
cputotals.user 100
cputotals.nice 0
cputotals.sys 0
cputotals.wait 0
cputotals.irq 0
cputotals.soft 0
cputotals.steal 0
cputotals.idle 0
cputotals.systot 0
cputotals.usertot 100
cputotals.total 100
ctxint.ctx 73
ctxint.int 512
proc.creates 0
proc.runq 191
proc.run 2
cpuload.avg1 1.61
cpuload.avg5 0.78
cpuload.avg15 0.31
disktotals.reads 0
disktotals.readkbs 0
disktotals.writes 0
disktotals.writekbs 0
meminfo.tot 4005808
meminfo.used 929624
meminfo.free 3076184
meminfo.shared 0
meminfo.buf 23936
meminfo.cached 241924
meminfo.slab 75036
meminfo.map 118040
meminfo.anon 537156
meminfo.anonH 0
meminfo.dirty 18368
meminfo.locked 27620
meminfo.inactive 146684
meminfo.hugetot 0
meminfo.hugefree 0
meminfo.hugersvd 0
meminfo.sunreclaim 41732
swapinfo.total 2594812
swapinfo.free 2594812
swapinfo.used 0
swapinfo.in 0
swapinfo.out 0
pageinfo.fault 47
pageinfo.majfault 0
pageinfo.in 0
pageinfo.out 0
nettotals.kbin 0
nettotals.pktin 0
nettotals.kbout 0
nettotals.pktout 0
cpuinfo.user.cpu0 100
cpuinfo.nice.cpu0 0
cpuinfo.sys.cpu0 0
cpuinfo.wait.cpu0 0
cpuinfo.irq.cpu0 0
cpuinfo.soft.cpu0 0
cpuinfo.steal.cpu0 0
cpuinfo.idle.cpu0 0
cpuinfo.intrpt.cpu0 0
cputotals.systot.cpu0 0
cputotals.usertot.cpu0 100
cpuinfo.user.cpu1 100
cpuinfo.nice.cpu1 0
cpuinfo.sys.cpu1 0
cpuinfo.wait.cpu1 0
cpuinfo.irq.cpu1 0
cpuinfo.soft.cpu1 0
cpuinfo.steal.cpu1 0
cpuinfo.idle.cpu1 0
cpuinfo.intrpt.cpu1 0
cputotals.systot.cpu1 0
cputotals.usertot.cpu1 100
Bogus data record skipped for NET:enp1s0: data on 20241212 at 19:05:46
sample.time 1734030347.001
cputotals.num 2
cputotals.user 100
cputotals.nice 0
cputotals.sys 0
cputotals.wait 0
cputotals.irq 0
cputotals.soft 0
cputotals.steal 0
cputotals.idle 0
cputotals.systot 0
cputotals.usertot 100
cputotals.total 100
ctxint.ctx 54
ctxint.int 513
proc.creates 0
proc.runq 191
proc.run 2
cpuload.avg1 1.61
cpuload.avg5 0.78
cpuload.avg15 0.31
disktotals.reads 0
disktotals.readkbs 0
disktotals.writes 0
disktotals.writekbs 0
meminfo.tot 4005808
meminfo.used 929624
meminfo.free 3076184
meminfo.shared 0
meminfo.buf 23936
meminfo.cached 241924
meminfo.slab 75036
meminfo.map 118040
meminfo.anon 537176
meminfo.anonH 0
meminfo.dirty 18368
meminfo.locked 27620
meminfo.inactive 146684
meminfo.hugetot 0
meminfo.hugefree 0
meminfo.hugersvd 0
meminfo.sunreclaim 41732
swapinfo.total 2594812
swapinfo.free 2594812
swapinfo.used 0
swapinfo.in 0
swapinfo.out 0
pageinfo.fault 1
pageinfo.majfault 0
pageinfo.in 0
pageinfo.out 0
nettotals.kbin 0
nettotals.pktin 0
nettotals.kbout 0
nettotals.pktout 0
cpuinfo.user.cpu0 100
cpuinfo.nice.cpu0 0
cpuinfo.sys.cpu0 0
cpuinfo.wait.cpu0 0
cpuinfo.irq.cpu0 0
cpuinfo.soft.cpu0 0
cpuinfo.steal.cpu0 0
cpuinfo.idle.cpu0 0
cpuinfo.intrpt.cpu0 0
cputotals.systot.cpu0 0
cputotals.usertot.cpu0 100
cpuinfo.user.cpu1 100
cpuinfo.nice.cpu1 0
cpuinfo.sys.cpu1 0
cpuinfo.wait.cpu1 0
cpuinfo.irq.cpu1 0
cpuinfo.soft.cpu1 0
cpuinfo.steal.cpu1 0
cpuinfo.idle.cpu1 0
cpuinfo.intrpt.cpu1 0
cputotals.systot.cpu1 0
cputotals.usertot.cpu1 100
Bogus data record skipped for NET:enp1s0: data on 20241212 at 19:05:47
sample.time 1734030348.001
cputotals.num 2
cputotals.user 100
cputotals.nice 0
cputotals.sys 0
cputotals.wait 0
cputotals.irq 0
cputotals.soft 0
cputotals.steal 0
cputotals.idle 0
cputotals.systot 0
cputotals.usertot 100
cputotals.total 100
ctxint.ctx 85
ctxint.int 517
proc.creates 0
proc.runq 191
proc.run 2
cpuload.avg1 1.64
cpuload.avg5 0.80
cpuload.avg15 0.32
disktotals.reads 0
disktotals.readkbs 0
disktotals.writes 0
disktotals.writekbs 0
meminfo.tot 4005808
meminfo.used 929624
meminfo.free 3076184
meminfo.shared 0
meminfo.buf 23936
meminfo.cached 241928
meminfo.slab 75004
meminfo.map 118040
meminfo.anon 537180
meminfo.anonH 0
meminfo.dirty 18372
meminfo.locked 27620
meminfo.inactive 146684
meminfo.hugetot 0
meminfo.hugefree 0
meminfo.hugersvd 0
meminfo.sunreclaim 41700
swapinfo.total 2594812
swapinfo.free 2594812
swapinfo.used 0
swapinfo.in 0
swapinfo.out 0
pageinfo.fault 1
pageinfo.majfault 0
pageinfo.in 0
pageinfo.out 0
nettotals.kbin 0
nettotals.pktin 0
nettotals.kbout 0
nettotals.pktout 0
cpuinfo.user.cpu0 100
cpuinfo.nice.cpu0 0
cpuinfo.sys.cpu0 0
cpuinfo.wait.cpu0 0
cpuinfo.irq.cpu0 0
cpuinfo.soft.cpu0 0
cpuinfo.steal.cpu0 0
cpuinfo.idle.cpu0 0
cpuinfo.intrpt.cpu0 0
cputotals.systot.cpu0 0
cputotals.usertot.cpu0 100
cpuinfo.user.cpu1 99
cpuinfo.nice.cpu1 0
cpuinfo.sys.cpu1 1
cpuinfo.wait.cpu1 0
cpuinfo.irq.cpu1 0
cpuinfo.soft.cpu1 0
cpuinfo.steal.cpu1 0
cpuinfo.idle.cpu1 0
cpuinfo.intrpt.cpu1 0
cputotals.systot.cpu1 1
cputotals.usertot.cpu1 99
Bogus data record skipped for NET:enp1s0: data on 20241212 at 19:05:48
sample.time 1734030349.001
cputotals.num 2
cputotals.user 100
cputotals.nice 0
cputotals.sys 0
cputotals.wait 0
cputotals.irq 0
cputotals.soft 0
cputotals.steal 0
cputotals.idle 0
cputotals.systot 0
cputotals.usertot 100
cputotals.total 100
ctxint.ctx 67
ctxint.int 516
proc.creates 0
proc.runq 191
proc.run 2
cpuload.avg1 1.64
cpuload.avg5 0.80
cpuload.avg15 0.32
disktotals.reads 0
disktotals.readkbs 0
disktotals.writes 1
disktotals.writekbs 4
meminfo.tot 4005808
meminfo.used 929624
meminfo.free 3076184
meminfo.shared 0
meminfo.buf 23936
meminfo.cached 241928
meminfo.slab 75004
meminfo.map 118040
meminfo.anon 537180
meminfo.anonH 0
meminfo.dirty 18368
meminfo.locked 27620
meminfo.inactive 146688
meminfo.hugetot 0
meminfo.hugefree 0
meminfo.hugersvd 0
meminfo.sunreclaim 41700
swapinfo.total 2594812
swapinfo.free 2594812
swapinfo.used 0
swapinfo.in 0
swapinfo.out 0
pageinfo.fault 0
pageinfo.majfault 0
pageinfo.in 0
pageinfo.out 4
nettotals.kbin 0
nettotals.pktin 0
nettotals.kbout 0
nettotals.pktout 0
cpuinfo.user.cpu0 100
cpuinfo.nice.cpu0 0
cpuinfo.sys.cpu0 0
cpuinfo.wait.cpu0 0
cpuinfo.irq.cpu0 0
cpuinfo.soft.cpu0 0
cpuinfo.steal.cpu0 0
cpuinfo.idle.cpu0 0
cpuinfo.intrpt.cpu0 0
cputotals.systot.cpu0 0
cputotals.usertot.cpu0 100
cpuinfo.user.cpu1 100
cpuinfo.nice.cpu1 0
cpuinfo.sys.cpu1 0
cpuinfo.wait.cpu1 0
cpuinfo.irq.cpu1 0
cpuinfo.soft.cpu1 0
cpuinfo.steal.cpu1 0
cpuinfo.idle.cpu1 0
cpuinfo.intrpt.cpu1 0
cputotals.systot.cpu1 0
cputotals.usertot.cpu1 100
Bogus data record skipped for NET:enp1s0: data on 20241212 at 19:05:49
sample.time 1734030350.001
cputotals.num 2
cputotals.user 100
cputotals.nice 0
cputotals.sys 0
cputotals.wait 0
cputotals.irq 0
cputotals.soft 0
cputotals.steal 0
cputotals.idle 0
cputotals.systot 0
cputotals.usertot 100
cputotals.total 100
ctxint.ctx 68
ctxint.int 518
proc.creates 0
proc.runq 191
proc.run 2
cpuload.avg1 1.64
cpuload.avg5 0.80
cpuload.avg15 0.32
disktotals.reads 0
disktotals.readkbs 0
disktotals.writes 3
disktotals.writekbs 12
meminfo.tot 4005808
meminfo.used 929876
meminfo.free 3075932
meminfo.shared 0
meminfo.buf 23944
meminfo.cached 241928
meminfo.slab 75004
meminfo.map 118040
meminfo.anon 537184
meminfo.anonH 0
meminfo.dirty 18368
meminfo.locked 27620
meminfo.inactive 146688
meminfo.hugetot 0
meminfo.hugefree 0
meminfo.hugersvd 0
meminfo.sunreclaim 41700
swapinfo.total 2594812
swapinfo.free 2594812
swapinfo.used 0
swapinfo.in 0
swapinfo.out 0
pageinfo.fault 1
pageinfo.majfault 0
pageinfo.in 0
pageinfo.out 12
nettotals.kbin 0
nettotals.pktin 0
nettotals.kbout 0
nettotals.pktout 0
cpuinfo.user.cpu0 100
cpuinfo.nice.cpu0 0
cpuinfo.sys.cpu0 0
cpuinfo.wait.cpu0 0
cpuinfo.irq.cpu0 0
cpuinfo.soft.cpu0 0
cpuinfo.steal.cpu0 0
cpuinfo.idle.cpu0 0
cpuinfo.intrpt.cpu0 0
cputotals.systot.cpu0 0
cputotals.usertot.cpu0 100
cpuinfo.user.cpu1 100
cpuinfo.nice.cpu1 0
cpuinfo.sys.cpu1 0
cpuinfo.wait.cpu1 0
cpuinfo.irq.cpu1 0
cpuinfo.soft.cpu1 0
cpuinfo.steal.cpu1 0
cpuinfo.idle.cpu1 0
cpuinfo.intrpt.cpu1 0
cputotals.systot.cpu1 0
cputotals.usertot.cpu1 100
Bogus data record skipped for NET:enp1s0: data on 20241212 at 19:05:50
sample.time 1734030351.001
cputotals.num 2
cputotals.user 100
cputotals.nice 0
cputotals.sys 0
cputotals.wait 0
cputotals.irq 0
cputotals.soft 0
cputotals.steal 0
cputotals.idle 0
cputotals.systot 0
cputotals.usertot 100
cputotals.total 100
ctxint.ctx 58
ctxint.int 513
proc.creates 0
proc.runq 191
proc.run 2
cpuload.avg1 1.64
cpuload.avg5 0.80
cpuload.avg15 0.32
disktotals.reads 0
disktotals.readkbs 0
disktotals.writes 0
disktotals.writekbs 0
meminfo.tot 4005808
meminfo.used 929876
meminfo.free 3075932
meminfo.shared 0
meminfo.buf 23944
meminfo.cached 241932
meminfo.slab 75004
meminfo.map 118040
meminfo.anon 537184
meminfo.anonH 0
meminfo.dirty 18372
meminfo.locked 27620
meminfo.inactive 146688
meminfo.hugetot 0
meminfo.hugefree 0
meminfo.hugersvd 0
meminfo.sunreclaim 41700
swapinfo.total 2594812
swapinfo.free 2594812
swapinfo.used 0
swapinfo.in 0
swapinfo.out 0
pageinfo.fault 0
pageinfo.majfault 0
pageinfo.in 0
pageinfo.out 0
nettotals.kbin 0
nettotals.pktin 0
nettotals.kbout 0
nettotals.pktout 0
cpuinfo.user.cpu0 100
cpuinfo.nice.cpu0 0
cpuinfo.sys.cpu0 0
cpuinfo.wait.cpu0 0
cpuinfo.irq.cpu0 0
cpuinfo.soft.cpu0 0
cpuinfo.steal.cpu0 0
cpuinfo.idle.cpu0 0
cpuinfo.intrpt.cpu0 0
cputotals.systot.cpu0 0
cputotals.usertot.cpu0 100
cpuinfo.user.cpu1 100
cpuinfo.nice.cpu1 0
cpuinfo.sys.cpu1 0
cpuinfo.wait.cpu1 0
cpuinfo.irq.cpu1 0
cpuinfo.soft.cpu1 0
cpuinfo.steal.cpu1 0
cpuinfo.idle.cpu1 0
cpuinfo.intrpt.cpu1 0
cputotals.systot.cpu1 0
cputotals.usertot.cpu1 100
Bogus data record skipped for NET:enp1s0: data on 20241212 at 19:05:51
sample.time 1734030352.001
cputotals.num 2
cputotals.user 100
cputotals.nice 0
cputotals.sys 0
cputotals.wait 0
cputotals.irq 0
cputotals.soft 0
cputotals.steal 0
cputotals.idle 0
cputotals.systot 0
cputotals.usertot 100
cputotals.total 100
ctxint.ctx 59
ctxint.int 512
proc.creates 0
proc.runq 191
proc.run 2
cpuload.avg1 1.64
cpuload.avg5 0.80
cpuload.avg15 0.32
disktotals.reads 0
disktotals.readkbs 0
disktotals.writes 0
disktotals.writekbs 0
meminfo.tot 4005808
meminfo.used 929876
meminfo.free 3075932
meminfo.shared 0
meminfo.buf 23944
meminfo.cached 241932
meminfo.slab 75004
meminfo.map 118040
meminfo.anon 537184
meminfo.anonH 0
meminfo.dirty 18372
meminfo.locked 27620
meminfo.inactive 146688
meminfo.hugetot 0
meminfo.hugefree 0
meminfo.hugersvd 0
meminfo.sunreclaim 41700
swapinfo.total 2594812
swapinfo.free 2594812
swapinfo.used 0
swapinfo.in 0
swapinfo.out 0
pageinfo.fault 0
pageinfo.majfault 0
pageinfo.in 0
pageinfo.out 0
nettotals.kbin 0
nettotals.pktin 0
nettotals.kbout 0
nettotals.pktout 0
cpuinfo.user.cpu0 100
cpuinfo.nice.cpu0 0
cpuinfo.sys.cpu0 0
cpuinfo.wait.cpu0 0
cpuinfo.irq.cpu0 0
cpuinfo.soft.cpu0 0
cpuinfo.steal.cpu0 0
cpuinfo.idle.cpu0 0
cpuinfo.intrpt.cpu0 0
cputotals.systot.cpu0 0
cputotals.usertot.cpu0 100
cpuinfo.user.cpu1 100
cpuinfo.nice.cpu1 0
cpuinfo.sys.cpu1 0
cpuinfo.wait.cpu1 0
cpuinfo.irq.cpu1 0
cpuinfo.soft.cpu1 0
cpuinfo.steal.cpu1 0
cpuinfo.idle.cpu1 0
cpuinfo.intrpt.cpu1 0
cputotals.systot.cpu1 0
cputotals.usertot.cpu1 100
Bogus data record skipped for NET:enp1s0: data on 20241212 at 19:05:52
sample.time 1734030353.001
cputotals.num 2
cputotals.user 100
cputotals.nice 0
cputotals.sys 0
cputotals.wait 0
cputotals.irq 0
cputotals.soft 0
cputotals.steal 0
cputotals.idle 0
cputotals.systot 0
cputotals.usertot 100
cputotals.total 100
ctxint.ctx 64
ctxint.int 518
proc.creates 0
proc.runq 191
proc.run 2
cpuload.avg1 1.67
cpuload.avg5 0.82
cpuload.avg15 0.33
disktotals.reads 0
disktotals.readkbs 0
disktotals.writes 0
disktotals.writekbs 0
meminfo.tot 4005808
meminfo.used 929876
meminfo.free 3075932
meminfo.shared 0
meminfo.buf 23944
meminfo.cached 241936
meminfo.slab 75004
meminfo.map 118040
meminfo.anon 537184
meminfo.anonH 0
meminfo.dirty 18376
meminfo.locked 27620
meminfo.inactive 146688
meminfo.hugetot 0
meminfo.hugefree 0
meminfo.hugersvd 0
meminfo.sunreclaim 41700
swapinfo.total 2594812
swapinfo.free 2594812
swapinfo.used 0
swapinfo.in 0
swapinfo.out 0
pageinfo.fault 0
pageinfo.majfault 0
pageinfo.in 0
pageinfo.out 0
nettotals.kbin 0
nettotals.pktin 0
nettotals.kbout 0
nettotals.pktout 0
cpuinfo.user.cpu0 100
cpuinfo.nice.cpu0 0
cpuinfo.sys.cpu0 0
cpuinfo.wait.cpu0 0
cpuinfo.irq.cpu0 0
cpuinfo.soft.cpu0 0
cpuinfo.steal.cpu0 0
cpuinfo.idle.cpu0 0
cpuinfo.intrpt.cpu0 0
cputotals.systot.cpu0 0
cputotals.usertot.cpu0 100
cpuinfo.user.cpu1 100
cpuinfo.nice.cpu1 0
cpuinfo.sys.cpu1 0
cpuinfo.wait.cpu1 0
cpuinfo.irq.cpu1 0
cpuinfo.soft.cpu1 0
cpuinfo.steal.cpu1 0
cpuinfo.idle.cpu1 0
cpuinfo.intrpt.cpu1 0
cputotals.systot.cpu1 0
cputotals.usertot.cpu1 100
Bogus data record skipped for NET:enp1s0: data on 20241212 at 19:05:53
sample.time 1734030354.001
cputotals.num 2
cputotals.user 100
cputotals.nice 0
cputotals.sys 0
cputotals.wait 0
cputotals.irq 0
cputotals.soft 0
cputotals.steal 0
cputotals.idle 0
cputotals.systot 0
cputotals.usertot 100
cputotals.total 100
ctxint.ctx 87
ctxint.int 518
proc.creates 0
proc.runq 191
proc.run 2
cpuload.avg1 1.67
cpuload.avg5 0.82
cpuload.avg15 0.33
disktotals.reads 0
disktotals.readkbs 0
disktotals.writes 0
disktotals.writekbs 0
meminfo.tot 4005808
meminfo.used 929876
meminfo.free 3075932
meminfo.shared 0
meminfo.buf 23944
meminfo.cached 241936
meminfo.slab 75004
meminfo.map 118040
meminfo.anon 537184
meminfo.anonH 0
meminfo.dirty 18376
meminfo.locked 27620
meminfo.inactive 146688
meminfo.hugetot 0
meminfo.hugefree 0
meminfo.hugersvd 0
meminfo.sunreclaim 41700
swapinfo.total 2594812
swapinfo.free 2594812
swapinfo.used 0
swapinfo.in 0
swapinfo.out 0
pageinfo.fault 1
pageinfo.majfault 0
pageinfo.in 0
pageinfo.out 0
nettotals.kbin 0
nettotals.pktin 0
nettotals.kbout 0
nettotals.pktout 0
cpuinfo.user.cpu0 100
cpuinfo.nice.cpu0 0
cpuinfo.sys.cpu0 0
cpuinfo.wait.cpu0 0
cpuinfo.irq.cpu0 0
cpuinfo.soft.cpu0 0
cpuinfo.steal.cpu0 0
cpuinfo.idle.cpu0 0
cpuinfo.intrpt.cpu0 0
cputotals.systot.cpu0 0
cputotals.usertot.cpu0 100
cpuinfo.user.cpu1 100
cpuinfo.nice.cpu1 0
cpuinfo.sys.cpu1 0
cpuinfo.wait.cpu1 0
cpuinfo.irq.cpu1 0
cpuinfo.soft.cpu1 0
cpuinfo.steal.cpu1 0
cpuinfo.idle.cpu1 0
cpuinfo.intrpt.cpu1 0
cputotals.systot.cpu1 0
cputotals.usertot.cpu1 100
Bogus data record skipped for NET:enp1s0: data on 20241212 at 19:05:54
sample.time 1734030355.001
cputotals.num 2
cputotals.user 100
cputotals.nice 0
cputotals.sys 0
cputotals.wait 0
cputotals.irq 0
cputotals.soft 0
cputotals.steal 0
cputotals.idle 0
cputotals.systot 0
cputotals.usertot 100
cputotals.total 100
ctxint.ctx 77
ctxint.int 525
proc.creates 0
proc.runq 191
proc.run 2
cpuload.avg1 1.67
cpuload.avg5 0.82
cpuload.avg15 0.33
disktotals.reads 0
disktotals.readkbs 0
disktotals.writes 3
disktotals.writekbs 12
meminfo.tot 4005808
meminfo.used 929876
meminfo.free 3075932
meminfo.shared 0
meminfo.buf 23952
meminfo.cached 241936
meminfo.slab 75000
meminfo.map 118040
meminfo.anon 537184
meminfo.anonH 0
meminfo.dirty 18376
meminfo.locked 27620
meminfo.inactive 146688
meminfo.hugetot 0
meminfo.hugefree 0
meminfo.hugersvd 0
meminfo.sunreclaim 41696
swapinfo.total 2594812
swapinfo.free 2594812
swapinfo.used 0
swapinfo.in 0
swapinfo.out 0
pageinfo.fault 0
pageinfo.majfault 0
pageinfo.in 0
pageinfo.out 12
nettotals.kbin 0
nettotals.pktin 0
nettotals.kbout 0
nettotals.pktout 0
cpuinfo.user.cpu0 100
cpuinfo.nice.cpu0 0
cpuinfo.sys.cpu0 0
cpuinfo.wait.cpu0 0
cpuinfo.irq.cpu0 0
cpuinfo.soft.cpu0 0
cpuinfo.steal.cpu0 0
cpuinfo.idle.cpu0 0
cpuinfo.intrpt.cpu0 0
cputotals.systot.cpu0 0
cputotals.usertot.cpu0 100
cpuinfo.user.cpu1 100
cpuinfo.nice.cpu1 0
cpuinfo.sys.cpu1 0
cpuinfo.wait.cpu1 0
cpuinfo.irq.cpu1 0
cpuinfo.soft.cpu1 0
cpuinfo.steal.cpu1 0
cpuinfo.idle.cpu1 0
cpuinfo.intrpt.cpu1 0
cputotals.systot.cpu1 0
cputotals.usertot.cpu1 100
Bogus data record skipped for NET:enp1s0: data on 20241212 at 19:05:55
sample.time 1734030356.001
cputotals.num 2
cputotals.user 100
cputotals.nice 0
cputotals.sys 0
cputotals.wait 0
cputotals.irq 0
cputotals.soft 0
cputotals.steal 0
cputotals.idle 0
cputotals.systot 0
cputotals.usertot 100
cputotals.total 100
ctxint.ctx 55
ctxint.int 514
proc.creates 0
proc.runq 191
proc.run 2
cpuload.avg1 1.67
cpuload.avg5 0.82
cpuload.avg15 0.33
disktotals.reads 0
disktotals.readkbs 0
disktotals.writes 0
disktotals.writekbs 0
meminfo.tot 4005808
meminfo.used 929876
meminfo.free 3075932
meminfo.shared 0
meminfo.buf 23952
meminfo.cached 241940
meminfo.slab 75000
meminfo.map 118040
meminfo.anon 537184
meminfo.anonH 0
meminfo.dirty 18380
meminfo.locked 27620
meminfo.inactive 146688
meminfo.hugetot 0
meminfo.hugefree 0
meminfo.hugersvd 0
meminfo.sunreclaim 41696
swapinfo.total 2594812
swapinfo.free 2594812
swapinfo.used 0
swapinfo.in 0
swapinfo.out 0
pageinfo.fault 0
pageinfo.majfault 0
pageinfo.in 0
pageinfo.out 0
nettotals.kbin 0
nettotals.pktin 0
nettotals.kbout 0
nettotals.pktout 0
cpuinfo.user.cpu0 100
cpuinfo.nice.cpu0 0
cpuinfo.sys.cpu0 0
cpuinfo.wait.cpu0 0
cpuinfo.irq.cpu0 0
cpuinfo.soft.cpu0 0
cpuinfo.steal.cpu0 0
cpuinfo.idle.cpu0 0
cpuinfo.intrpt.cpu0 0
cputotals.systot.cpu0 0
cputotals.usertot.cpu0 100
cpuinfo.user.cpu1 100
cpuinfo.nice.cpu1 0
cpuinfo.sys.cpu1 0
cpuinfo.wait.cpu1 0
cpuinfo.irq.cpu1 0
cpuinfo.soft.cpu1 0
cpuinfo.steal.cpu1 0
cpuinfo.idle.cpu1 0
cpuinfo.intrpt.cpu1 0
cputotals.systot.cpu1 0
cputotals.usertot.cpu1 100
Bogus data record skipped for NET:enp1s0: data on 20241212 at 19:05:56
sample.time 1734030357.001
cputotals.num 2
cputotals.user 100
cputotals.nice 0
cputotals.sys 0
cputotals.wait 0
cputotals.irq 0
cputotals.soft 0
cputotals.steal 0
cputotals.idle 0
cputotals.systot 0
cputotals.usertot 100
cputotals.total 100
ctxint.ctx 61
ctxint.int 515
proc.creates 0
proc.runq 191
proc.run 2
cpuload.avg1 1.67
cpuload.avg5 0.82
cpuload.avg15 0.33
disktotals.reads 0
disktotals.readkbs 0
disktotals.writes 0
disktotals.writekbs 0
meminfo.tot 4005808
meminfo.used 929876
meminfo.free 3075932
meminfo.shared 0
meminfo.buf 23952
meminfo.cached 241940
meminfo.slab 75000
meminfo.map 118040
meminfo.anon 537184
meminfo.anonH 0
meminfo.dirty 18380
meminfo.locked 27620
meminfo.inactive 146688
meminfo.hugetot 0
meminfo.hugefree 0
meminfo.hugersvd 0
meminfo.sunreclaim 41696
swapinfo.total 2594812
swapinfo.free 2594812
swapinfo.used 0
swapinfo.in 0
swapinfo.out 0
pageinfo.fault 0
pageinfo.majfault 0
pageinfo.in 0
pageinfo.out 0
nettotals.kbin 0
nettotals.pktin 0
nettotals.kbout 0
nettotals.pktout 0
cpuinfo.user.cpu0 100
cpuinfo.nice.cpu0 0
cpuinfo.sys.cpu0 0
cpuinfo.wait.cpu0 0
cpuinfo.irq.cpu0 0
cpuinfo.soft.cpu0 0
cpuinfo.steal.cpu0 0
cpuinfo.idle.cpu0 0
cpuinfo.intrpt.cpu0 0
cputotals.systot.cpu0 0
cputotals.usertot.cpu0 100
cpuinfo.user.cpu1 100
cpuinfo.nice.cpu1 0
cpuinfo.sys.cpu1 0
cpuinfo.wait.cpu1 0
cpuinfo.irq.cpu1 0
cpuinfo.soft.cpu1 0
cpuinfo.steal.cpu1 0
cpuinfo.idle.cpu1 0
cpuinfo.intrpt.cpu1 0
cputotals.systot.cpu1 0
cputotals.usertot.cpu1 100
Bogus data record skipped for NET:enp1s0: data on 20241212 at 19:05:57
sample.time 1734030358.001
cputotals.num 2
cputotals.user 100
cputotals.nice 0
cputotals.sys 0
cputotals.wait 0
cputotals.irq 0
cputotals.soft 0
cputotals.steal 0
cputotals.idle 0
cputotals.systot 0
cputotals.usertot 100
cputotals.total 100
ctxint.ctx 57
ctxint.int 514
proc.creates 0
proc.runq 191
proc.run 2
cpuload.avg1 1.69
cpuload.avg5 0.84
cpuload.avg15 0.34
disktotals.reads 0
disktotals.readkbs 0
disktotals.writes 0
disktotals.writekbs 0
meminfo.tot 4005808
meminfo.used 929876
meminfo.free 3075932
meminfo.shared 0
meminfo.buf 23952
meminfo.cached 241940
meminfo.slab 75000
meminfo.map 118040
meminfo.anon 537184
meminfo.anonH 0
meminfo.dirty 18380
meminfo.locked 27620
meminfo.inactive 146688
meminfo.hugetot 0
meminfo.hugefree 0
meminfo.hugersvd 0
meminfo.sunreclaim 41696
swapinfo.total 2594812
swapinfo.free 2594812
swapinfo.used 0
swapinfo.in 0
swapinfo.out 0
pageinfo.fault 0
pageinfo.majfault 0
pageinfo.in 0
pageinfo.out 0
nettotals.kbin 0
nettotals.pktin 0
nettotals.kbout 0
nettotals.pktout 0
cpuinfo.user.cpu0 100
cpuinfo.nice.cpu0 0
cpuinfo.sys.cpu0 0
cpuinfo.wait.cpu0 0
cpuinfo.irq.cpu0 0
cpuinfo.soft.cpu0 0
cpuinfo.steal.cpu0 0
cpuinfo.idle.cpu0 0
cpuinfo.intrpt.cpu0 0
cputotals.systot.cpu0 0
cputotals.usertot.cpu0 100
cpuinfo.user.cpu1 100
cpuinfo.nice.cpu1 0
cpuinfo.sys.cpu1 0
cpuinfo.wait.cpu1 0
cpuinfo.irq.cpu1 0
cpuinfo.soft.cpu1 0
cpuinfo.steal.cpu1 0
cpuinfo.idle.cpu1 0
cpuinfo.intrpt.cpu1 0
cputotals.systot.cpu1 0
cputotals.usertot.cpu1 100
Bogus data record skipped for NET:enp1s0: data on 20241212 at 19:05:58
sample.time 1734030359.001
cputotals.num 2
cputotals.user 100
cputotals.nice 0
cputotals.sys 0
cputotals.wait 0
cputotals.irq 0
cputotals.soft 0
cputotals.steal 0
cputotals.idle 0
cputotals.systot 0
cputotals.usertot 100
cputotals.total 100
ctxint.ctx 75
ctxint.int 528
proc.creates 0
proc.runq 191
proc.run 2
cpuload.avg1 1.69
cpuload.avg5 0.84
cpuload.avg15 0.34
disktotals.reads 0
disktotals.readkbs 0
disktotals.writes 0
disktotals.writekbs 0
meminfo.tot 4005808
meminfo.used 929876
meminfo.free 3075932
meminfo.shared 0
meminfo.buf 23952
meminfo.cached 241944
meminfo.slab 75004
meminfo.map 118040
meminfo.anon 536840
meminfo.anonH 0
meminfo.dirty 18384
meminfo.locked 27620
meminfo.inactive 146704
meminfo.hugetot 0
meminfo.hugefree 0
meminfo.hugersvd 0
meminfo.sunreclaim 41696
swapinfo.total 2594812
swapinfo.free 2594812
swapinfo.used 0
swapinfo.in 0
swapinfo.out 0
pageinfo.fault 0
pageinfo.majfault 0
pageinfo.in 0
pageinfo.out 0
nettotals.kbin 0
nettotals.pktin 0
nettotals.kbout 0
nettotals.pktout 0
cpuinfo.user.cpu0 100
cpuinfo.nice.cpu0 0
cpuinfo.sys.cpu0 0
cpuinfo.wait.cpu0 0
cpuinfo.irq.cpu0 0
cpuinfo.soft.cpu0 0
cpuinfo.steal.cpu0 0
cpuinfo.idle.cpu0 0
cpuinfo.intrpt.cpu0 0
cputotals.systot.cpu0 0
cputotals.usertot.cpu0 100
cpuinfo.user.cpu1 100
cpuinfo.nice.cpu1 0
cpuinfo.sys.cpu1 0
cpuinfo.wait.cpu1 0
cpuinfo.irq.cpu1 0
cpuinfo.soft.cpu1 0
cpuinfo.steal.cpu1 0
cpuinfo.idle.cpu1 0
cpuinfo.intrpt.cpu1 0
cputotals.systot.cpu1 0
cputotals.usertot.cpu1 100
Bogus data record skipped for NET:enp1s0: data on 20241212 at 19:05:59
sample.time 1734030360.001
cputotals.num 2
cputotals.user 100
cputotals.nice 0
cputotals.sys 0
cputotals.wait 0
cputotals.irq 0
cputotals.soft 0
cputotals.steal 0
cputotals.idle 0
cputotals.systot 0
cputotals.usertot 100
cputotals.total 100
ctxint.ctx 71
ctxint.int 521
proc.creates 0
proc.runq 191
proc.run 2
cpuload.avg1 1.69
cpuload.avg5 0.84
cpuload.avg15 0.34
disktotals.reads 0
disktotals.readkbs 0
disktotals.writes 3
disktotals.writekbs 12
meminfo.tot 4005808
meminfo.used 929876
meminfo.free 3075932
meminfo.shared 0
meminfo.buf 23960
meminfo.cached 241944
meminfo.slab 75004
meminfo.map 118040
meminfo.anon 536840
meminfo.anonH 0
meminfo.dirty 18384
meminfo.locked 27620
meminfo.inactive 146704
meminfo.hugetot 0
meminfo.hugefree 0
meminfo.hugersvd 0
meminfo.sunreclaim 41696
swapinfo.total 2594812
swapinfo.free 2594812
swapinfo.used 0
swapinfo.in 0
swapinfo.out 0
pageinfo.fault 0
pageinfo.majfault 0
pageinfo.in 0
pageinfo.out 12
nettotals.kbin 0
nettotals.pktin 0
nettotals.kbout 0
nettotals.pktout 0
cpuinfo.user.cpu0 100
cpuinfo.nice.cpu0 0
cpuinfo.sys.cpu0 0
cpuinfo.wait.cpu0 0
cpuinfo.irq.cpu0 0
cpuinfo.soft.cpu0 0
cpuinfo.steal.cpu0 0
cpuinfo.idle.cpu0 0
cpuinfo.intrpt.cpu0 0
cputotals.systot.cpu0 0
cputotals.usertot.cpu0 100
cpuinfo.user.cpu1 100
cpuinfo.nice.cpu1 0
cpuinfo.sys.cpu1 0
cpuinfo.wait.cpu1 0
cpuinfo.irq.cpu1 0
cpuinfo.soft.cpu1 0
cpuinfo.steal.cpu1 0
cpuinfo.idle.cpu1 0
cpuinfo.intrpt.cpu1 0
cputotals.systot.cpu1 0
cputotals.usertot.cpu1 100
Bogus data record skipped for NET:enp1s0: data on 20241212 at 19:06:00
sample.time 1734030361.001
cputotals.num 2
cputotals.user 100
cputotals.nice 0
cputotals.sys 0
cputotals.wait 0
cputotals.irq 0
cputotals.soft 0
cputotals.steal 0
cputotals.idle 0
cputotals.systot 0
cputotals.usertot 100
cputotals.total 100
ctxint.ctx 81
ctxint.int 516
proc.creates 0
proc.runq 191
proc.run 2
cpuload.avg1 1.69
cpuload.avg5 0.84
cpuload.avg15 0.34
disktotals.reads 0
disktotals.readkbs 0
disktotals.writes 0
disktotals.writekbs 0
meminfo.tot 4005808
meminfo.used 929876
meminfo.free 3075932
meminfo.shared 0
meminfo.buf 23960
meminfo.cached 241948
meminfo.slab 75004
meminfo.map 118040
meminfo.anon 536840
meminfo.anonH 0
meminfo.dirty 18388
meminfo.locked 27620
meminfo.inactive 146704
meminfo.hugetot 0
meminfo.hugefree 0
meminfo.hugersvd 0
meminfo.sunreclaim 41692
swapinfo.total 2594812
swapinfo.free 2594812
swapinfo.used 0
swapinfo.in 0
swapinfo.out 0
pageinfo.fault 0
pageinfo.majfault 0
pageinfo.in 0
pageinfo.out 0
nettotals.kbin 0
nettotals.pktin 0
nettotals.kbout 0
nettotals.pktout 0
cpuinfo.user.cpu0 100
cpuinfo.nice.cpu0 0
cpuinfo.sys.cpu0 0
cpuinfo.wait.cpu0 0
cpuinfo.irq.cpu0 0
cpuinfo.soft.cpu0 0
cpuinfo.steal.cpu0 0
cpuinfo.idle.cpu0 0
cpuinfo.intrpt.cpu0 0
cputotals.systot.cpu0 0
cputotals.usertot.cpu0 100
cpuinfo.user.cpu1 100
cpuinfo.nice.cpu1 0
cpuinfo.sys.cpu1 0
cpuinfo.wait.cpu1 0
cpuinfo.irq.cpu1 0
cpuinfo.soft.cpu1 0
cpuinfo.steal.cpu1 0
cpuinfo.idle.cpu1 0
cpuinfo.intrpt.cpu1 0
cputotals.systot.cpu1 0
cputotals.usertot.cpu1 100
Bogus data record skipped for NET:enp1s0: data on 20241212 at 19:06:01
sample.time 1734030362.001
cputotals.num 2
cputotals.user 100
cputotals.nice 0
cputotals.sys 0
cputotals.wait 0
cputotals.irq 0
cputotals.soft 0
cputotals.steal 0
cputotals.idle 0
cputotals.systot 0
cputotals.usertot 100
cputotals.total 100
ctxint.ctx 64
ctxint.int 515
proc.creates 0
proc.runq 191
proc.run 2
cpuload.avg1 1.69
cpuload.avg5 0.84
cpuload.avg15 0.34
disktotals.reads 0
disktotals.readkbs 0
disktotals.writes 0
disktotals.writekbs 0
meminfo.tot 4005808
meminfo.used 929876
meminfo.free 3075932
meminfo.shared 0
meminfo.buf 23960
meminfo.cached 241948
meminfo.slab 75004
meminfo.map 118040
meminfo.anon 536840
meminfo.anonH 0
meminfo.dirty 18388
meminfo.locked 27620
meminfo.inactive 146704
meminfo.hugetot 0
meminfo.hugefree 0
meminfo.hugersvd 0
meminfo.sunreclaim 41692
swapinfo.total 2594812
swapinfo.free 2594812
swapinfo.used 0
swapinfo.in 0
swapinfo.out 0
pageinfo.fault 0
pageinfo.majfault 0
pageinfo.in 0
pageinfo.out 0
nettotals.kbin 0
nettotals.pktin 0
nettotals.kbout 0
nettotals.pktout 0
cpuinfo.user.cpu0 100
cpuinfo.nice.cpu0 0
cpuinfo.sys.cpu0 0
cpuinfo.wait.cpu0 0
cpuinfo.irq.cpu0 0
cpuinfo.soft.cpu0 0
cpuinfo.steal.cpu0 0
cpuinfo.idle.cpu0 0
cpuinfo.intrpt.cpu0 0
cputotals.systot.cpu0 0
cputotals.usertot.cpu0 100
cpuinfo.user.cpu1 100
cpuinfo.nice.cpu1 0
cpuinfo.sys.cpu1 0
cpuinfo.wait.cpu1 0
cpuinfo.irq.cpu1 0
cpuinfo.soft.cpu1 0
cpuinfo.steal.cpu1 0
cpuinfo.idle.cpu1 0
cpuinfo.intrpt.cpu1 0
cputotals.systot.cpu1 0
cputotals.usertot.cpu1 100
Bogus data record skipped for NET:enp1s0: data on 20241212 at 19:06:02
sample.time 1734030363.001
cputotals.num 2
cputotals.user 100
cputotals.nice 0
cputotals.sys 0
cputotals.wait 0
cputotals.irq 0
cputotals.soft 0
cputotals.steal 0
cputotals.idle 0
cputotals.systot 0
cputotals.usertot 100
cputotals.total 100
ctxint.ctx 51
ctxint.int 512
proc.creates 0
proc.runq 191
proc.run 2
cpuload.avg1 1.72
cpuload.avg5 0.86
cpuload.avg15 0.35
disktotals.reads 0
disktotals.readkbs 0
disktotals.writes 0
disktotals.writekbs 0
meminfo.tot 4005808
meminfo.used 929876
meminfo.free 3075932
meminfo.shared 0
meminfo.buf 23960
meminfo.cached 241948
meminfo.slab 75004
meminfo.map 118040
meminfo.anon 536840
meminfo.anonH 0
meminfo.dirty 18388
meminfo.locked 27620
meminfo.inactive 146704
meminfo.hugetot 0
meminfo.hugefree 0
meminfo.hugersvd 0
meminfo.sunreclaim 41692
swapinfo.total 2594812
swapinfo.free 2594812
swapinfo.used 0
swapinfo.in 0
swapinfo.out 0
pageinfo.fault 0
pageinfo.majfault 0
pageinfo.in 0
pageinfo.out 0
nettotals.kbin 0
nettotals.pktin 0
nettotals.kbout 0
nettotals.pktout 0
cpuinfo.user.cpu0 100
cpuinfo.nice.cpu0 0
cpuinfo.sys.cpu0 0
cpuinfo.wait.cpu0 0
cpuinfo.irq.cpu0 0
cpuinfo.soft.cpu0 0
cpuinfo.steal.cpu0 0
cpuinfo.idle.cpu0 0
cpuinfo.intrpt.cpu0 0
cputotals.systot.cpu0 0
cputotals.usertot.cpu0 100
cpuinfo.user.cpu1 100
cpuinfo.nice.cpu1 0
cpuinfo.sys.cpu1 0
cpuinfo.wait.cpu1 0
cpuinfo.irq.cpu1 0
cpuinfo.soft.cpu1 0
cpuinfo.steal.cpu1 0
cpuinfo.idle.cpu1 0
cpuinfo.intrpt.cpu1 0
cputotals.systot.cpu1 0
cputotals.usertot.cpu1 100
Bogus data record skipped for NET:enp1s0: data on 20241212 at 19:06:03
sample.time 1734030364.001
cputotals.num 2
cputotals.user 100
cputotals.nice 0
cputotals.sys 0
cputotals.wait 0
cputotals.irq 0
cputotals.soft 0
cputotals.steal 0
cputotals.idle 0
cputotals.systot 0
cputotals.usertot 100
cputotals.total 100
ctxint.ctx 66
ctxint.int 518
proc.creates 0
proc.runq 191
proc.run 2
cpuload.avg1 1.72
cpuload.avg5 0.86
cpuload.avg15 0.35
disktotals.reads 0
disktotals.readkbs 0
disktotals.writes 0
disktotals.writekbs 0
meminfo.tot 4005808
meminfo.used 929876
meminfo.free 3075932
meminfo.shared 0
meminfo.buf 23960
meminfo.cached 241952
meminfo.slab 75004
meminfo.map 118040
meminfo.anon 536840
meminfo.anonH 0
meminfo.dirty 18392
meminfo.locked 27620
meminfo.inactive 146704
meminfo.hugetot 0
meminfo.hugefree 0
meminfo.hugersvd 0
meminfo.sunreclaim 41692
swapinfo.total 2594812
swapinfo.free 2594812
swapinfo.used 0
swapinfo.in 0
swapinfo.out 0
pageinfo.fault 0
pageinfo.majfault 0
pageinfo.in 0
pageinfo.out 0
nettotals.kbin 0
nettotals.pktin 0
nettotals.kbout 0
nettotals.pktout 0
cpuinfo.user.cpu0 100
cpuinfo.nice.cpu0 0
cpuinfo.sys.cpu0 0
cpuinfo.wait.cpu0 0
cpuinfo.irq.cpu0 0
cpuinfo.soft.cpu0 0
cpuinfo.steal.cpu0 0
cpuinfo.idle.cpu0 0
cpuinfo.intrpt.cpu0 0
cputotals.systot.cpu0 0
cputotals.usertot.cpu0 100
cpuinfo.user.cpu1 100
cpuinfo.nice.cpu1 0
cpuinfo.sys.cpu1 0
cpuinfo.wait.cpu1 0
cpuinfo.irq.cpu1 0
cpuinfo.soft.cpu1 0
cpuinfo.steal.cpu1 0
cpuinfo.idle.cpu1 0
cpuinfo.intrpt.cpu1 0
cputotals.systot.cpu1 0
cputotals.usertot.cpu1 100
Bogus data record skipped for NET:enp1s0: data on 20241212 at 19:06:04
sample.time 1734030365.001
cputotals.num 2
cputotals.user 100
cputotals.nice 0
cputotals.sys 0
cputotals.wait 0
cputotals.irq 0
cputotals.soft 0
cputotals.steal 0
cputotals.idle 0
cputotals.systot 0
cputotals.usertot 100
cputotals.total 100
ctxint.ctx 90
ctxint.int 523
proc.creates 0
proc.runq 191
proc.run 2
cpuload.avg1 1.72
cpuload.avg5 0.86
cpuload.avg15 0.35
disktotals.reads 0
disktotals.readkbs 0
disktotals.writes 5
disktotals.writekbs 32
meminfo.tot 4005808
meminfo.used 929876
meminfo.free 3075932
meminfo.shared 0
meminfo.buf 23968
meminfo.cached 241952
meminfo.slab 75004
meminfo.map 118040
meminfo.anon 536840
meminfo.anonH 0
meminfo.dirty 18392
meminfo.locked 27620
meminfo.inactive 146704
meminfo.hugetot 0
meminfo.hugefree 0
meminfo.hugersvd 0
meminfo.sunreclaim 41692
swapinfo.total 2594812
swapinfo.free 2594812
swapinfo.used 0
swapinfo.in 0
swapinfo.out 0
pageinfo.fault 0
pageinfo.majfault 0
pageinfo.in 0
pageinfo.out 32
nettotals.kbin 0
nettotals.pktin 0
nettotals.kbout 0
nettotals.pktout 0
cpuinfo.user.cpu0 100
cpuinfo.nice.cpu0 0
cpuinfo.sys.cpu0 0
cpuinfo.wait.cpu0 0
cpuinfo.irq.cpu0 0
cpuinfo.soft.cpu0 0
cpuinfo.steal.cpu0 0
cpuinfo.idle.cpu0 0
cpuinfo.intrpt.cpu0 0
cputotals.systot.cpu0 0
cputotals.usertot.cpu0 100
cpuinfo.user.cpu1 100
cpuinfo.nice.cpu1 0
cpuinfo.sys.cpu1 0
cpuinfo.wait.cpu1 0
cpuinfo.irq.cpu1 0
cpuinfo.soft.cpu1 0
cpuinfo.steal.cpu1 0
cpuinfo.idle.cpu1 0
cpuinfo.intrpt.cpu1 0
cputotals.systot.cpu1 0
cputotals.usertot.cpu1 100
Bogus data record skipped for NET:enp1s0: data on 20241212 at 19:06:05
sample.time 1734030366.001
cputotals.num 2
cputotals.user 100
cputotals.nice 0
cputotals.sys 0
cputotals.wait 0
cputotals.irq 0
cputotals.soft 0
cputotals.steal 0
cputotals.idle 0
cputotals.systot 0
cputotals.usertot 100
cputotals.total 100
ctxint.ctx 78
ctxint.int 516
proc.creates 0
proc.runq 191
proc.run 2
cpuload.avg1 1.72
cpuload.avg5 0.86
cpuload.avg15 0.35
disktotals.reads 0
disktotals.readkbs 0
disktotals.writes 0
disktotals.writekbs 0
meminfo.tot 4005808
meminfo.used 929876
meminfo.free 3075932
meminfo.shared 0
meminfo.buf 23968
meminfo.cached 241952
meminfo.slab 75004
meminfo.map 118040
meminfo.anon 536840
meminfo.anonH 0
meminfo.dirty 18372
meminfo.locked 27620
meminfo.inactive 146704
meminfo.hugetot 0
meminfo.hugefree 0
meminfo.hugersvd 0
meminfo.sunreclaim 41692
swapinfo.total 2594812
swapinfo.free 2594812
swapinfo.used 0
swapinfo.in 0
swapinfo.out 0
pageinfo.fault 0
pageinfo.majfault 0
pageinfo.in 0
pageinfo.out 0
nettotals.kbin 0
nettotals.pktin 0
nettotals.kbout 0
nettotals.pktout 0
cpuinfo.user.cpu0 100
cpuinfo.nice.cpu0 0
cpuinfo.sys.cpu0 0
cpuinfo.wait.cpu0 0
cpuinfo.irq.cpu0 0
cpuinfo.soft.cpu0 0
cpuinfo.steal.cpu0 0
cpuinfo.idle.cpu0 0
cpuinfo.intrpt.cpu0 0
cputotals.systot.cpu0 0
cputotals.usertot.cpu0 100
cpuinfo.user.cpu1 100
cpuinfo.nice.cpu1 0
cpuinfo.sys.cpu1 0
cpuinfo.wait.cpu1 0
cpuinfo.irq.cpu1 0
cpuinfo.soft.cpu1 0
cpuinfo.steal.cpu1 0
cpuinfo.idle.cpu1 0
cpuinfo.intrpt.cpu1 0
cputotals.systot.cpu1 0
cputotals.usertot.cpu1 100
Bogus data record skipped for NET:enp1s0: data on 20241212 at 19:06:06
sample.time 1734030367.001
cputotals.num 2
cputotals.user 100
cputotals.nice 0
cputotals.sys 0
cputotals.wait 0
cputotals.irq 0
cputotals.soft 0
cputotals.steal 0
cputotals.idle 0
cputotals.systot 0
cputotals.usertot 100
cputotals.total 100
ctxint.ctx 81
ctxint.int 519
proc.creates 0
proc.runq 191
proc.run 2
cpuload.avg1 1.72
cpuload.avg5 0.86
cpuload.avg15 0.35
disktotals.reads 0
disktotals.readkbs 0
disktotals.writes 0
disktotals.writekbs 0
meminfo.tot 4005808
meminfo.used 929876
meminfo.free 3075932
meminfo.shared 0
meminfo.buf 23968
meminfo.cached 241956
meminfo.slab 75004
meminfo.map 118040
meminfo.anon 536844
meminfo.anonH 0
meminfo.dirty 18376
meminfo.locked 27620
meminfo.inactive 146704
meminfo.hugetot 0
meminfo.hugefree 0
meminfo.hugersvd 0
meminfo.sunreclaim 41692
swapinfo.total 2594812
swapinfo.free 2594812
swapinfo.used 0
swapinfo.in 0
swapinfo.out 0
pageinfo.fault 1
pageinfo.majfault 0
pageinfo.in 0
pageinfo.out 0
nettotals.kbin 0
nettotals.pktin 0
nettotals.kbout 0
nettotals.pktout 0
cpuinfo.user.cpu0 100
cpuinfo.nice.cpu0 0
cpuinfo.sys.cpu0 0
cpuinfo.wait.cpu0 0
cpuinfo.irq.cpu0 0
cpuinfo.soft.cpu0 0
cpuinfo.steal.cpu0 0
cpuinfo.idle.cpu0 0
cpuinfo.intrpt.cpu0 0
cputotals.systot.cpu0 0
cputotals.usertot.cpu0 100
cpuinfo.user.cpu1 100
cpuinfo.nice.cpu1 0
cpuinfo.sys.cpu1 0
cpuinfo.wait.cpu1 0
cpuinfo.irq.cpu1 0
cpuinfo.soft.cpu1 0
cpuinfo.steal.cpu1 0
cpuinfo.idle.cpu1 0
cpuinfo.intrpt.cpu1 0
cputotals.systot.cpu1 0
cputotals.usertot.cpu1 100
Bogus data record skipped for NET:enp1s0: data on 20241212 at 19:06:07
sample.time 1734030368.001
cputotals.num 2
cputotals.user 100
cputotals.nice 0
cputotals.sys 0
cputotals.wait 0
cputotals.irq 0
cputotals.soft 0
cputotals.steal 0
cputotals.idle 0
cputotals.systot 0
cputotals.usertot 100
cputotals.total 100
ctxint.ctx 77
ctxint.int 516
proc.creates 0
proc.runq 191
proc.run 2
cpuload.avg1 1.74
cpuload.avg5 0.88
cpuload.avg15 0.36
disktotals.reads 0
disktotals.readkbs 0
disktotals.writes 0
disktotals.writekbs 0
meminfo.tot 4005808
meminfo.used 929876
meminfo.free 3075932
meminfo.shared 0
meminfo.buf 23968
meminfo.cached 241956
meminfo.slab 75004
meminfo.map 118040
meminfo.anon 536844
meminfo.anonH 0
meminfo.dirty 18376
meminfo.locked 27620
meminfo.inactive 146704
meminfo.hugetot 0
meminfo.hugefree 0
meminfo.hugersvd 0
meminfo.sunreclaim 41692
swapinfo.total 2594812
swapinfo.free 2594812
swapinfo.used 0
swapinfo.in 0
swapinfo.out 0
pageinfo.fault 0
pageinfo.majfault 0
pageinfo.in 0
pageinfo.out 0
nettotals.kbin 0
nettotals.pktin 0
nettotals.kbout 0
nettotals.pktout 0
cpuinfo.user.cpu0 100
cpuinfo.nice.cpu0 0
cpuinfo.sys.cpu0 0
cpuinfo.wait.cpu0 0
cpuinfo.irq.cpu0 0
cpuinfo.soft.cpu0 0
cpuinfo.steal.cpu0 0
cpuinfo.idle.cpu0 0
cpuinfo.intrpt.cpu0 0
cputotals.systot.cpu0 0
cputotals.usertot.cpu0 100
cpuinfo.user.cpu1 100
cpuinfo.nice.cpu1 0
cpuinfo.sys.cpu1 0
cpuinfo.wait.cpu1 0
cpuinfo.irq.cpu1 0
cpuinfo.soft.cpu1 0
cpuinfo.steal.cpu1 0
cpuinfo.idle.cpu1 0
cpuinfo.intrpt.cpu1 0
cputotals.systot.cpu1 0
cputotals.usertot.cpu1 100
Bogus data record skipped for NET:enp1s0: data on 20241212 at 19:06:08
sample.time 1734030369.001
cputotals.num 2
cputotals.user 100
cputotals.nice 0
cputotals.sys 0
cputotals.wait 0
cputotals.irq 0
cputotals.soft 0
cputotals.steal 0
cputotals.idle 0
cputotals.systot 0
cputotals.usertot 100
cputotals.total 100
ctxint.ctx 58
ctxint.int 514
proc.creates 0
proc.runq 191
proc.run 2
cpuload.avg1 1.74
cpuload.avg5 0.88
cpuload.avg15 0.36
disktotals.reads 0
disktotals.readkbs 0
disktotals.writes 0
disktotals.writekbs 0
meminfo.tot 4005808
meminfo.used 929876
meminfo.free 3075932
meminfo.shared 0
meminfo.buf 23968
meminfo.cached 241960
meminfo.slab 75004
meminfo.map 118040
meminfo.anon 536844
meminfo.anonH 0
meminfo.dirty 18380
meminfo.locked 27620
meminfo.inactive 146704
meminfo.hugetot 0
meminfo.hugefree 0
meminfo.hugersvd 0
meminfo.sunreclaim 41692
swapinfo.total 2594812
swapinfo.free 2594812
swapinfo.used 0
swapinfo.in 0
swapinfo.out 0
pageinfo.fault 0
pageinfo.majfault 0
pageinfo.in 0
pageinfo.out 0
nettotals.kbin 0
nettotals.pktin 0
nettotals.kbout 0
nettotals.pktout 0
cpuinfo.user.cpu0 100
cpuinfo.nice.cpu0 0
cpuinfo.sys.cpu0 0
cpuinfo.wait.cpu0 0
cpuinfo.irq.cpu0 0
cpuinfo.soft.cpu0 0
cpuinfo.steal.cpu0 0
cpuinfo.idle.cpu0 0
cpuinfo.intrpt.cpu0 0
cputotals.systot.cpu0 0
cputotals.usertot.cpu0 100
cpuinfo.user.cpu1 100
cpuinfo.nice.cpu1 0
cpuinfo.sys.cpu1 0
cpuinfo.wait.cpu1 0
cpuinfo.irq.cpu1 0
cpuinfo.soft.cpu1 0
cpuinfo.steal.cpu1 0
cpuinfo.idle.cpu1 0
cpuinfo.intrpt.cpu1 0
cputotals.systot.cpu1 0
cputotals.usertot.cpu1 100
Bogus data record skipped for NET:enp1s0: data on 20241212 at 19:06:09
sample.time 1734030370.001
cputotals.num 2
cputotals.user 100
cputotals.nice 0
cputotals.sys 0
cputotals.wait 0
cputotals.irq 0
cputotals.soft 0
cputotals.steal 0
cputotals.idle 0
cputotals.systot 0
cputotals.usertot 100
cputotals.total 100
ctxint.ctx 77
ctxint.int 535
proc.creates 0
proc.runq 191
proc.run 2
cpuload.avg1 1.74
cpuload.avg5 0.88
cpuload.avg15 0.36
disktotals.reads 0
disktotals.readkbs 0
disktotals.writes 67
disktotals.writekbs 18108
meminfo.tot 4005808
meminfo.used 929876
meminfo.free 3075932
meminfo.shared 0
meminfo.buf 23976
meminfo.cached 241960
meminfo.slab 75004
meminfo.map 118040
meminfo.anon 536844
meminfo.anonH 0
meminfo.dirty 328
meminfo.locked 27620
meminfo.inactive 146704
meminfo.hugetot 0
meminfo.hugefree 0
meminfo.hugersvd 0
meminfo.sunreclaim 41692
swapinfo.total 2594812
swapinfo.free 2594812
swapinfo.used 0
swapinfo.in 0
swapinfo.out 0
pageinfo.fault 0
pageinfo.majfault 0
pageinfo.in 0
pageinfo.out 18108
nettotals.kbin 0
nettotals.pktin 0
nettotals.kbout 0
nettotals.pktout 0
cpuinfo.user.cpu0 99
cpuinfo.nice.cpu0 0
cpuinfo.sys.cpu0 1
cpuinfo.wait.cpu0 0
cpuinfo.irq.cpu0 0
cpuinfo.soft.cpu0 0
cpuinfo.steal.cpu0 0
cpuinfo.idle.cpu0 0
cpuinfo.intrpt.cpu0 0
cputotals.systot.cpu0 1
cputotals.usertot.cpu0 99
cpuinfo.user.cpu1 100
cpuinfo.nice.cpu1 0
cpuinfo.sys.cpu1 0
cpuinfo.wait.cpu1 0
cpuinfo.irq.cpu1 0
cpuinfo.soft.cpu1 0
cpuinfo.steal.cpu1 0
cpuinfo.idle.cpu1 0
cpuinfo.intrpt.cpu1 0
cputotals.systot.cpu1 0
cputotals.usertot.cpu1 100
Bogus data record skipped for NET:enp1s0: data on 20241212 at 19:06:10
sample.time 1734030371.001
cputotals.num 2
cputotals.user 100
cputotals.nice 0
cputotals.sys 0
cputotals.wait 0
cputotals.irq 0
cputotals.soft 0
cputotals.steal 0
cputotals.idle 0
cputotals.systot 0
cputotals.usertot 100
cputotals.total 100
ctxint.ctx 58
ctxint.int 520
proc.creates 0
proc.runq 191
proc.run 2
cpuload.avg1 1.74
cpuload.avg5 0.88
cpuload.avg15 0.36
disktotals.reads 0
disktotals.readkbs 0
disktotals.writes 0
disktotals.writekbs 0
meminfo.tot 4005808
meminfo.used 929876
meminfo.free 3075932
meminfo.shared 0
meminfo.buf 23976
meminfo.cached 241960
meminfo.slab 75004
meminfo.map 118040
meminfo.anon 536844
meminfo.anonH 0
meminfo.dirty 296
meminfo.locked 27620
meminfo.inactive 146704
meminfo.hugetot 0
meminfo.hugefree 0
meminfo.hugersvd 0
meminfo.sunreclaim 41692
swapinfo.total 2594812
swapinfo.free 2594812
swapinfo.used 0
swapinfo.in 0
swapinfo.out 0
pageinfo.fault 0
pageinfo.majfault 0
pageinfo.in 0
pageinfo.out 0
nettotals.kbin 0
nettotals.pktin 0
nettotals.kbout 0
nettotals.pktout 0
cpuinfo.user.cpu0 100
cpuinfo.nice.cpu0 0
cpuinfo.sys.cpu0 0
cpuinfo.wait.cpu0 0
cpuinfo.irq.cpu0 0
cpuinfo.soft.cpu0 0
cpuinfo.steal.cpu0 0
cpuinfo.idle.cpu0 0
cpuinfo.intrpt.cpu0 0
cputotals.systot.cpu0 0
cputotals.usertot.cpu0 100
cpuinfo.user.cpu1 100
cpuinfo.nice.cpu1 0
cpuinfo.sys.cpu1 0
cpuinfo.wait.cpu1 0
cpuinfo.irq.cpu1 0
cpuinfo.soft.cpu1 0
cpuinfo.steal.cpu1 0
cpuinfo.idle.cpu1 0
cpuinfo.intrpt.cpu1 0
cputotals.systot.cpu1 0
cputotals.usertot.cpu1 100
Bogus data record skipped for NET:enp1s0: data on 20241212 at 19:06:11
sample.time 1734030372.001
cputotals.num 2
cputotals.user 100
cputotals.nice 0
cputotals.sys 0
cputotals.wait 0
cputotals.irq 0
cputotals.soft 0
cputotals.steal 0
cputotals.idle 0
cputotals.systot 0
cputotals.usertot 100
cputotals.total 100
ctxint.ctx 58
ctxint.int 515
proc.creates 0
proc.runq 191
proc.run 2
cpuload.avg1 1.74
cpuload.avg5 0.88
cpuload.avg15 0.36
disktotals.reads 0
disktotals.readkbs 0
disktotals.writes 0
disktotals.writekbs 0
meminfo.tot 4005808
meminfo.used 929876
meminfo.free 3075932
meminfo.shared 0
meminfo.buf 23976
meminfo.cached 241964
meminfo.slab 75004
meminfo.map 118040
meminfo.anon 536844
meminfo.anonH 0
meminfo.dirty 300
meminfo.locked 27620
meminfo.inactive 146704
meminfo.hugetot 0
meminfo.hugefree 0
meminfo.hugersvd 0
meminfo.sunreclaim 41692
swapinfo.total 2594812
swapinfo.free 2594812
swapinfo.used 0
swapinfo.in 0
swapinfo.out 0
pageinfo.fault 0
pageinfo.majfault 0
pageinfo.in 0
pageinfo.out 0
nettotals.kbin 0
nettotals.pktin 0
nettotals.kbout 0
nettotals.pktout 0
cpuinfo.user.cpu0 100
cpuinfo.nice.cpu0 0
cpuinfo.sys.cpu0 0
cpuinfo.wait.cpu0 0
cpuinfo.irq.cpu0 0
cpuinfo.soft.cpu0 0
cpuinfo.steal.cpu0 0
cpuinfo.idle.cpu0 0
cpuinfo.intrpt.cpu0 0
cputotals.systot.cpu0 0
cputotals.usertot.cpu0 100
cpuinfo.user.cpu1 100
cpuinfo.nice.cpu1 0
cpuinfo.sys.cpu1 0
cpuinfo.wait.cpu1 0
cpuinfo.irq.cpu1 0
cpuinfo.soft.cpu1 0
cpuinfo.steal.cpu1 0
cpuinfo.idle.cpu1 0
cpuinfo.intrpt.cpu1 0
cputotals.systot.cpu1 0
cputotals.usertot.cpu1 100
Bogus data record skipped for NET:enp1s0: data on 20241212 at 19:06:12
sample.time 1734030373.001
cputotals.num 2
cputotals.user 100
cputotals.nice 0
cputotals.sys 0
cputotals.wait 0
cputotals.irq 0
cputotals.soft 0
cputotals.steal 0
cputotals.idle 0
cputotals.systot 0
cputotals.usertot 100
cputotals.total 100
ctxint.ctx 53
ctxint.int 519
proc.creates 0
proc.runq 191
proc.run 2
cpuload.avg1 1.76
cpuload.avg5 0.90
cpuload.avg15 0.37
disktotals.reads 0
disktotals.readkbs 0
disktotals.writes 0
disktotals.writekbs 0
meminfo.tot 4005808
meminfo.used 929876
meminfo.free 3075932
meminfo.shared 0
meminfo.buf 23976
meminfo.cached 241964
meminfo.slab 75004
meminfo.map 118040
meminfo.anon 536844
meminfo.anonH 0
meminfo.dirty 300
meminfo.locked 27620
meminfo.inactive 146704
meminfo.hugetot 0
meminfo.hugefree 0
meminfo.hugersvd 0
meminfo.sunreclaim 41692
swapinfo.total 2594812
swapinfo.free 2594812
swapinfo.used 0
swapinfo.in 0
swapinfo.out 0
pageinfo.fault 0
pageinfo.majfault 0
pageinfo.in 0
pageinfo.out 0
nettotals.kbin 0
nettotals.pktin 0
nettotals.kbout 0
nettotals.pktout 0
cpuinfo.user.cpu0 100
cpuinfo.nice.cpu0 0
cpuinfo.sys.cpu0 0
cpuinfo.wait.cpu0 0
cpuinfo.irq.cpu0 0
cpuinfo.soft.cpu0 0
cpuinfo.steal.cpu0 0
cpuinfo.idle.cpu0 0
cpuinfo.intrpt.cpu0 0
cputotals.systot.cpu0 0
cputotals.usertot.cpu0 100
cpuinfo.user.cpu1 100
cpuinfo.nice.cpu1 0
cpuinfo.sys.cpu1 0
cpuinfo.wait.cpu1 0
cpuinfo.irq.cpu1 0
cpuinfo.soft.cpu1 0
cpuinfo.steal.cpu1 0
cpuinfo.idle.cpu1 0
cpuinfo.intrpt.cpu1 0
cputotals.systot.cpu1 0
cputotals.usertot.cpu1 100
Bogus data record skipped for NET:enp1s0: data on 20241212 at 19:06:13
sample.time 1734030374.001
cputotals.num 2
cputotals.user 100
cputotals.nice 0
cputotals.sys 0
cputotals.wait 0
cputotals.irq 0
cputotals.soft 0
cputotals.steal 0
cputotals.idle 0
cputotals.systot 0
cputotals.usertot 100
cputotals.total 100
ctxint.ctx 124
ctxint.int 539
proc.creates 0
proc.runq 191
proc.run 2
cpuload.avg1 1.76
cpuload.avg5 0.90
cpuload.avg15 0.37
disktotals.reads 0
disktotals.readkbs 0
disktotals.writes 62
disktotals.writekbs 292
meminfo.tot 4005808
meminfo.used 929876
meminfo.free 3075932
meminfo.shared 0
meminfo.buf 23976
meminfo.cached 241964
meminfo.slab 75004
meminfo.map 118040
meminfo.anon 536844
meminfo.anonH 0
meminfo.dirty 48
meminfo.locked 27620
meminfo.inactive 146704
meminfo.hugetot 0
meminfo.hugefree 0
meminfo.hugersvd 0
meminfo.sunreclaim 41692
swapinfo.total 2594812
swapinfo.free 2594812
swapinfo.used 0
swapinfo.in 0
swapinfo.out 0
pageinfo.fault 0
pageinfo.majfault 0
pageinfo.in 0
pageinfo.out 292
nettotals.kbin 0
nettotals.pktin 0
nettotals.kbout 0
nettotals.pktout 0
cpuinfo.user.cpu0 100
cpuinfo.nice.cpu0 0
cpuinfo.sys.cpu0 0
cpuinfo.wait.cpu0 0
cpuinfo.irq.cpu0 0
cpuinfo.soft.cpu0 0
cpuinfo.steal.cpu0 0
cpuinfo.idle.cpu0 0
cpuinfo.intrpt.cpu0 0
cputotals.systot.cpu0 0
cputotals.usertot.cpu0 100
cpuinfo.user.cpu1 100
cpuinfo.nice.cpu1 0
cpuinfo.sys.cpu1 0
cpuinfo.wait.cpu1 0
cpuinfo.irq.cpu1 0
cpuinfo.soft.cpu1 0
cpuinfo.steal.cpu1 0
cpuinfo.idle.cpu1 0
cpuinfo.intrpt.cpu1 0
cputotals.systot.cpu1 0
cputotals.usertot.cpu1 100
Bogus data record skipped for NET:enp1s0: data on 20241212 at 19:06:14
sample.time 1734030375.001
cputotals.num 2
cputotals.user 100
cputotals.nice 0
cputotals.sys 0
cputotals.wait 0
cputotals.irq 0
cputotals.soft 0
cputotals.steal 0
cputotals.idle 0
cputotals.systot 0
cputotals.usertot 100
cputotals.total 100
ctxint.ctx 81
ctxint.int 523
proc.creates 0
proc.runq 191
proc.run 2
cpuload.avg1 1.76
cpuload.avg5 0.90
cpuload.avg15 0.37
disktotals.reads 0
disktotals.readkbs 0
disktotals.writes 3
disktotals.writekbs 64
meminfo.tot 4005808
meminfo.used 929876
meminfo.free 3075932
meminfo.shared 0
meminfo.buf 23984
meminfo.cached 241968
meminfo.slab 75004
meminfo.map 118040
meminfo.anon 536844
meminfo.anonH 0
meminfo.dirty 64
meminfo.locked 27620
meminfo.inactive 146704
meminfo.hugetot 0
meminfo.hugefree 0
meminfo.hugersvd 0
meminfo.sunreclaim 41692
swapinfo.total 2594812
swapinfo.free 2594812
swapinfo.used 0
swapinfo.in 0
swapinfo.out 0
pageinfo.fault 0
pageinfo.majfault 0
pageinfo.in 0
pageinfo.out 64
nettotals.kbin 0
nettotals.pktin 0
nettotals.kbout 0
nettotals.pktout 0
cpuinfo.user.cpu0 100
cpuinfo.nice.cpu0 0
cpuinfo.sys.cpu0 0
cpuinfo.wait.cpu0 0
cpuinfo.irq.cpu0 0
cpuinfo.soft.cpu0 0
cpuinfo.steal.cpu0 0
cpuinfo.idle.cpu0 0
cpuinfo.intrpt.cpu0 0
cputotals.systot.cpu0 0
cputotals.usertot.cpu0 100
cpuinfo.user.cpu1 100
cpuinfo.nice.cpu1 0
cpuinfo.sys.cpu1 0
cpuinfo.wait.cpu1 0
cpuinfo.irq.cpu1 0
cpuinfo.soft.cpu1 0
cpuinfo.steal.cpu1 0
cpuinfo.idle.cpu1 0
cpuinfo.intrpt.cpu1 0
cputotals.systot.cpu1 0
cputotals.usertot.cpu1 100
Bogus data record skipped for NET:enp1s0: data on 20241212 at 19:06:15
sample.time 1734030376.001
cputotals.num 2
cputotals.user 100
cputotals.nice 0
cputotals.sys 0
cputotals.wait 0
cputotals.irq 0
cputotals.soft 0
cputotals.steal 0
cputotals.idle 0
cputotals.systot 0
cputotals.usertot 100
cputotals.total 100
ctxint.ctx 58
ctxint.int 519
proc.creates 0
proc.runq 191
proc.run 2
cpuload.avg1 1.76
cpuload.avg5 0.90
cpuload.avg15 0.37
disktotals.reads 0
disktotals.readkbs 0
disktotals.writes 0
disktotals.writekbs 0
meminfo.tot 4005808
meminfo.used 929876
meminfo.free 3075932
meminfo.shared 0
meminfo.buf 23984
meminfo.cached 241968
meminfo.slab 75004
meminfo.map 118040
meminfo.anon 536844
meminfo.anonH 0
meminfo.dirty 64
meminfo.locked 27620
meminfo.inactive 146704
meminfo.hugetot 0
meminfo.hugefree 0
meminfo.hugersvd 0
meminfo.sunreclaim 41692
swapinfo.total 2594812
swapinfo.free 2594812
swapinfo.used 0
swapinfo.in 0
swapinfo.out 0
pageinfo.fault 0
pageinfo.majfault 0
pageinfo.in 0
pageinfo.out 0
nettotals.kbin 0
nettotals.pktin 0
nettotals.kbout 0
nettotals.pktout 0
cpuinfo.user.cpu0 100
cpuinfo.nice.cpu0 0
cpuinfo.sys.cpu0 0
cpuinfo.wait.cpu0 0
cpuinfo.irq.cpu0 0
cpuinfo.soft.cpu0 0
cpuinfo.steal.cpu0 0
cpuinfo.idle.cpu0 0
cpuinfo.intrpt.cpu0 0
cputotals.systot.cpu0 0
cputotals.usertot.cpu0 100
cpuinfo.user.cpu1 100
cpuinfo.nice.cpu1 0
cpuinfo.sys.cpu1 0
cpuinfo.wait.cpu1 0
cpuinfo.irq.cpu1 0
cpuinfo.soft.cpu1 0
cpuinfo.steal.cpu1 0
cpuinfo.idle.cpu1 0
cpuinfo.intrpt.cpu1 0
cputotals.systot.cpu1 0
cputotals.usertot.cpu1 100
Bogus data record skipped for NET:enp1s0: data on 20241212 at 19:06:16
sample.time 1734030377.001
cputotals.num 2
cputotals.user 93
cputotals.nice 0
cputotals.sys 1
cputotals.wait 0
cputotals.irq 0
cputotals.soft 0
cputotals.steal 0
cputotals.idle 7
cputotals.systot 1
cputotals.usertot 93
cputotals.total 94
ctxint.ctx 247
ctxint.int 527
proc.creates 0
proc.runq 182
proc.run 1
cpuload.avg1 1.76
cpuload.avg5 0.90
cpuload.avg15 0.37
disktotals.reads 0
disktotals.readkbs 0
disktotals.writes 0
disktotals.writekbs 0
meminfo.tot 4005808
meminfo.used 731468
meminfo.free 3274340
meminfo.shared 0
meminfo.buf 23984
meminfo.cached 233060
meminfo.slab 74620
meminfo.map 109404
meminfo.anon 330876
meminfo.anonH 0
meminfo.dirty 76
meminfo.locked 27620
meminfo.inactive 137808
meminfo.hugetot 0
meminfo.hugefree 0
meminfo.hugersvd 0
meminfo.sunreclaim 41528
swapinfo.total 2594812
swapinfo.free 2594812
swapinfo.used 0
swapinfo.in 0
swapinfo.out 0
pageinfo.fault 562
pageinfo.majfault 0
pageinfo.in 0
pageinfo.out 0
nettotals.kbin 0
nettotals.pktin 0
nettotals.kbout 0
nettotals.pktout 0
cpuinfo.user.cpu0 87
cpuinfo.nice.cpu0 0
cpuinfo.sys.cpu0 0
cpuinfo.wait.cpu0 0
cpuinfo.irq.cpu0 0
cpuinfo.soft.cpu0 0
cpuinfo.steal.cpu0 0
cpuinfo.idle.cpu0 13
cpuinfo.intrpt.cpu0 0
cputotals.systot.cpu0 0
cputotals.usertot.cpu0 87
cpuinfo.user.cpu1 100
cpuinfo.nice.cpu1 0
cpuinfo.sys.cpu1 0
cpuinfo.wait.cpu1 0
cpuinfo.irq.cpu1 0
cpuinfo.soft.cpu1 0
cpuinfo.steal.cpu1 0
cpuinfo.idle.cpu1 0
cpuinfo.intrpt.cpu1 0
cputotals.systot.cpu1 0
cputotals.usertot.cpu1 100
Shutting down in response to signal TERM on hpl2...
