waiting for 1 second sample...
Bogus data record skipped for NET:enp1s0: data on 20241211 at 20:13:55
sample.time 1733948036.001
cputotals.num 2
cputotals.user 100
cputotals.nice 0
cputotals.sys 0
cputotals.wait 0
cputotals.irq 0
cputotals.soft 0
cputotals.steal 0
cputotals.idle 0
cputotals.systot 0
cputotals.usertot 100
cputotals.total 100
ctxint.ctx 61
ctxint.int 514
proc.creates 0
proc.runq 185
proc.run 2
cpuload.avg1 1.38
cpuload.avg5 0.77
cpuload.avg15 0.37
disktotals.reads 0
disktotals.readkbs 0
disktotals.writes 0
disktotals.writekbs 0
meminfo.tot 4005800
meminfo.used 1583040
meminfo.free 2422760
meminfo.shared 0
meminfo.buf 35068
meminfo.cached 983016
meminfo.slab 95084
meminfo.map 117832
meminfo.anon 405484
meminfo.anonH 0
meminfo.dirty 9432
meminfo.locked 27620
meminfo.inactive 438540
meminfo.hugetot 0
meminfo.hugefree 0
meminfo.hugersvd 0
meminfo.sunreclaim 45144
swapinfo.total 2594812
swapinfo.free 2594812
swapinfo.used 0
swapinfo.in 0
swapinfo.out 0
pageinfo.fault 1240
pageinfo.majfault 0
pageinfo.in 0
pageinfo.out 0
nettotals.kbin 0
nettotals.pktin 0
nettotals.kbout 0
nettotals.pktout 0
cpuinfo.user.cpu0 100
cpuinfo.nice.cpu0 0
cpuinfo.sys.cpu0 0
cpuinfo.wait.cpu0 0
cpuinfo.irq.cpu0 0
cpuinfo.soft.cpu0 0
cpuinfo.steal.cpu0 0
cpuinfo.idle.cpu0 0
cpuinfo.intrpt.cpu0 0
cputotals.systot.cpu0 0
cputotals.usertot.cpu0 100
cpuinfo.user.cpu1 100
cpuinfo.nice.cpu1 0
cpuinfo.sys.cpu1 0
cpuinfo.wait.cpu1 0
cpuinfo.irq.cpu1 0
cpuinfo.soft.cpu1 0
cpuinfo.steal.cpu1 0
cpuinfo.idle.cpu1 0
cpuinfo.intrpt.cpu1 0
cputotals.systot.cpu1 0
cputotals.usertot.cpu1 100
Bogus data record skipped for NET:enp1s0: data on 20241211 at 20:13:56
sample.time 1733948037.001
cputotals.num 2
cputotals.user 100
cputotals.nice 0
cputotals.sys 0
cputotals.wait 0
cputotals.irq 0
cputotals.soft 0
cputotals.steal 0
cputotals.idle 0
cputotals.systot 0
cputotals.usertot 100
cputotals.total 100
ctxint.ctx 59
ctxint.int 511
proc.creates 0
proc.runq 185
proc.run 2
cpuload.avg1 1.38
cpuload.avg5 0.77
cpuload.avg15 0.37
disktotals.reads 0
disktotals.readkbs 0
disktotals.writes 0
disktotals.writekbs 0
meminfo.tot 4005800
meminfo.used 1583040
meminfo.free 2422760
meminfo.shared 0
meminfo.buf 35068
meminfo.cached 983016
meminfo.slab 95084
meminfo.map 117832
meminfo.anon 405520
meminfo.anonH 0
meminfo.dirty 9432
meminfo.locked 27620
meminfo.inactive 438540
meminfo.hugetot 0
meminfo.hugefree 0
meminfo.hugersvd 0
meminfo.sunreclaim 45144
swapinfo.total 2594812
swapinfo.free 2594812
swapinfo.used 0
swapinfo.in 0
swapinfo.out 0
pageinfo.fault 55
pageinfo.majfault 0
pageinfo.in 0
pageinfo.out 0
nettotals.kbin 0
nettotals.pktin 0
nettotals.kbout 0
nettotals.pktout 0
cpuinfo.user.cpu0 100
cpuinfo.nice.cpu0 0
cpuinfo.sys.cpu0 0
cpuinfo.wait.cpu0 0
cpuinfo.irq.cpu0 0
cpuinfo.soft.cpu0 0
cpuinfo.steal.cpu0 0
cpuinfo.idle.cpu0 0
cpuinfo.intrpt.cpu0 0
cputotals.systot.cpu0 0
cputotals.usertot.cpu0 100
cpuinfo.user.cpu1 100
cpuinfo.nice.cpu1 0
cpuinfo.sys.cpu1 0
cpuinfo.wait.cpu1 0
cpuinfo.irq.cpu1 0
cpuinfo.soft.cpu1 0
cpuinfo.steal.cpu1 0
cpuinfo.idle.cpu1 0
cpuinfo.intrpt.cpu1 0
cputotals.systot.cpu1 0
cputotals.usertot.cpu1 100
Bogus data record skipped for NET:enp1s0: data on 20241211 at 20:13:57
sample.time 1733948038.001
cputotals.num 2
cputotals.user 100
cputotals.nice 0
cputotals.sys 0
cputotals.wait 0
cputotals.irq 0
cputotals.soft 0
cputotals.steal 0
cputotals.idle 0
cputotals.systot 0
cputotals.usertot 100
cputotals.total 100
ctxint.ctx 87
ctxint.int 518
proc.creates 0
proc.runq 185
proc.run 2
cpuload.avg1 1.38
cpuload.avg5 0.77
cpuload.avg15 0.37
disktotals.reads 0
disktotals.readkbs 0
disktotals.writes 3
disktotals.writekbs 160
meminfo.tot 4005800
meminfo.used 1583292
meminfo.free 2422508
meminfo.shared 0
meminfo.buf 35080
meminfo.cached 983016
meminfo.slab 95088
meminfo.map 117832
meminfo.anon 405536
meminfo.anonH 0
meminfo.dirty 9476
meminfo.locked 27620
meminfo.inactive 438540
meminfo.hugetot 0
meminfo.hugefree 0
meminfo.hugersvd 0
meminfo.sunreclaim 45144
swapinfo.total 2594812
swapinfo.free 2594812
swapinfo.used 0
swapinfo.in 0
swapinfo.out 0
pageinfo.fault 1
pageinfo.majfault 0
pageinfo.in 0
pageinfo.out 160
nettotals.kbin 0
nettotals.pktin 0
nettotals.kbout 0
nettotals.pktout 0
cpuinfo.user.cpu0 100
cpuinfo.nice.cpu0 0
cpuinfo.sys.cpu0 0
cpuinfo.wait.cpu0 0
cpuinfo.irq.cpu0 0
cpuinfo.soft.cpu0 0
cpuinfo.steal.cpu0 0
cpuinfo.idle.cpu0 0
cpuinfo.intrpt.cpu0 0
cputotals.systot.cpu0 0
cputotals.usertot.cpu0 100
cpuinfo.user.cpu1 100
cpuinfo.nice.cpu1 0
cpuinfo.sys.cpu1 0
cpuinfo.wait.cpu1 0
cpuinfo.irq.cpu1 0
cpuinfo.soft.cpu1 0
cpuinfo.steal.cpu1 0
cpuinfo.idle.cpu1 0
cpuinfo.intrpt.cpu1 0
cputotals.systot.cpu1 0
cputotals.usertot.cpu1 100
Bogus data record skipped for NET:enp1s0: data on 20241211 at 20:13:58
sample.time 1733948039.001
cputotals.num 2
cputotals.user 100
cputotals.nice 0
cputotals.sys 0
cputotals.wait 0
cputotals.irq 0
cputotals.soft 0
cputotals.steal 0
cputotals.idle 0
cputotals.systot 0
cputotals.usertot 100
cputotals.total 100
ctxint.ctx 70
ctxint.int 516
proc.creates 0
proc.runq 185
proc.run 2
cpuload.avg1 1.38
cpuload.avg5 0.77
cpuload.avg15 0.37
disktotals.reads 0
disktotals.readkbs 0
disktotals.writes 0
disktotals.writekbs 0
meminfo.tot 4005800
meminfo.used 1583292
meminfo.free 2422508
meminfo.shared 0
meminfo.buf 35080
meminfo.cached 983020
meminfo.slab 95088
meminfo.map 117832
meminfo.anon 405540
meminfo.anonH 0
meminfo.dirty 9480
meminfo.locked 27620
meminfo.inactive 438540
meminfo.hugetot 0
meminfo.hugefree 0
meminfo.hugersvd 0
meminfo.sunreclaim 45144
swapinfo.total 2594812
swapinfo.free 2594812
swapinfo.used 0
swapinfo.in 0
swapinfo.out 0
pageinfo.fault 1
pageinfo.majfault 0
pageinfo.in 0
pageinfo.out 0
nettotals.kbin 0
nettotals.pktin 0
nettotals.kbout 0
nettotals.pktout 0
cpuinfo.user.cpu0 100
cpuinfo.nice.cpu0 0
cpuinfo.sys.cpu0 0
cpuinfo.wait.cpu0 0
cpuinfo.irq.cpu0 0
cpuinfo.soft.cpu0 0
cpuinfo.steal.cpu0 0
cpuinfo.idle.cpu0 0
cpuinfo.intrpt.cpu0 0
cputotals.systot.cpu0 0
cputotals.usertot.cpu0 100
cpuinfo.user.cpu1 100
cpuinfo.nice.cpu1 0
cpuinfo.sys.cpu1 0
cpuinfo.wait.cpu1 0
cpuinfo.irq.cpu1 0
cpuinfo.soft.cpu1 0
cpuinfo.steal.cpu1 0
cpuinfo.idle.cpu1 0
cpuinfo.intrpt.cpu1 0
cputotals.systot.cpu1 0
cputotals.usertot.cpu1 100
Bogus data record skipped for NET:enp1s0: data on 20241211 at 20:13:59
sample.time 1733948040.001
cputotals.num 2
cputotals.user 100
cputotals.nice 0
cputotals.sys 0
cputotals.wait 0
cputotals.irq 0
cputotals.soft 0
cputotals.steal 0
cputotals.idle 0
cputotals.systot 0
cputotals.usertot 100
cputotals.total 100
ctxint.ctx 107
ctxint.int 523
proc.creates 0
proc.runq 185
proc.run 2
cpuload.avg1 1.43
cpuload.avg5 0.79
cpuload.avg15 0.37
disktotals.reads 0
disktotals.readkbs 0
disktotals.writes 1
disktotals.writekbs 8
meminfo.tot 4005800
meminfo.used 1583292
meminfo.free 2422508
meminfo.shared 0
meminfo.buf 35080
meminfo.cached 983020
meminfo.slab 94920
meminfo.map 117832
meminfo.anon 405540
meminfo.anonH 0
meminfo.dirty 9472
meminfo.locked 27620
meminfo.inactive 438540
meminfo.hugetot 0
meminfo.hugefree 0
meminfo.hugersvd 0
meminfo.sunreclaim 44976
swapinfo.total 2594812
swapinfo.free 2594812
swapinfo.used 0
swapinfo.in 0
swapinfo.out 0
pageinfo.fault 0
pageinfo.majfault 0
pageinfo.in 0
pageinfo.out 8
nettotals.kbin 0
nettotals.pktin 0
nettotals.kbout 0
nettotals.pktout 0
cpuinfo.user.cpu0 100
cpuinfo.nice.cpu0 0
cpuinfo.sys.cpu0 0
cpuinfo.wait.cpu0 0
cpuinfo.irq.cpu0 0
cpuinfo.soft.cpu0 0
cpuinfo.steal.cpu0 0
cpuinfo.idle.cpu0 0
cpuinfo.intrpt.cpu0 0
cputotals.systot.cpu0 0
cputotals.usertot.cpu0 100
cpuinfo.user.cpu1 100
cpuinfo.nice.cpu1 0
cpuinfo.sys.cpu1 0
cpuinfo.wait.cpu1 0
cpuinfo.irq.cpu1 0
cpuinfo.soft.cpu1 0
cpuinfo.steal.cpu1 0
cpuinfo.idle.cpu1 0
cpuinfo.intrpt.cpu1 0
cputotals.systot.cpu1 0
cputotals.usertot.cpu1 100
Bogus data record skipped for NET:enp1s0: data on 20241211 at 20:14:00
sample.time 1733948041.001
cputotals.num 2
cputotals.user 100
cputotals.nice 0
cputotals.sys 0
cputotals.wait 0
cputotals.irq 0
cputotals.soft 0
cputotals.steal 0
cputotals.idle 0
cputotals.systot 0
cputotals.usertot 100
cputotals.total 100
ctxint.ctx 83
ctxint.int 517
proc.creates 0
proc.runq 185
proc.run 2
cpuload.avg1 1.43
cpuload.avg5 0.79
cpuload.avg15 0.37
disktotals.reads 0
disktotals.readkbs 0
disktotals.writes 0
disktotals.writekbs 0
meminfo.tot 4005800
meminfo.used 1583292
meminfo.free 2422508
meminfo.shared 0
meminfo.buf 35080
meminfo.cached 983020
meminfo.slab 94920
meminfo.map 117832
meminfo.anon 405540
meminfo.anonH 0
meminfo.dirty 9472
meminfo.locked 27620
meminfo.inactive 438540
meminfo.hugetot 0
meminfo.hugefree 0
meminfo.hugersvd 0
meminfo.sunreclaim 44976
swapinfo.total 2594812
swapinfo.free 2594812
swapinfo.used 0
swapinfo.in 0
swapinfo.out 0
pageinfo.fault 0
pageinfo.majfault 0
pageinfo.in 0
pageinfo.out 0
nettotals.kbin 0
nettotals.pktin 0
nettotals.kbout 0
nettotals.pktout 0
cpuinfo.user.cpu0 100
cpuinfo.nice.cpu0 0
cpuinfo.sys.cpu0 0
cpuinfo.wait.cpu0 0
cpuinfo.irq.cpu0 0
cpuinfo.soft.cpu0 0
cpuinfo.steal.cpu0 0
cpuinfo.idle.cpu0 0
cpuinfo.intrpt.cpu0 0
cputotals.systot.cpu0 0
cputotals.usertot.cpu0 100
cpuinfo.user.cpu1 100
cpuinfo.nice.cpu1 0
cpuinfo.sys.cpu1 0
cpuinfo.wait.cpu1 0
cpuinfo.irq.cpu1 0
cpuinfo.soft.cpu1 0
cpuinfo.steal.cpu1 0
cpuinfo.idle.cpu1 0
cpuinfo.intrpt.cpu1 0
cputotals.systot.cpu1 0
cputotals.usertot.cpu1 100
Bogus data record skipped for NET:enp1s0: data on 20241211 at 20:14:01
sample.time 1733948042.001
cputotals.num 2
cputotals.user 100
cputotals.nice 0
cputotals.sys 0
cputotals.wait 0
cputotals.irq 0
cputotals.soft 0
cputotals.steal 0
cputotals.idle 0
cputotals.systot 0
cputotals.usertot 100
cputotals.total 100
ctxint.ctx 63
ctxint.int 513
proc.creates 0
proc.runq 185
proc.run 2
cpuload.avg1 1.43
cpuload.avg5 0.79
cpuload.avg15 0.37
disktotals.reads 0
disktotals.readkbs 0
disktotals.writes 0
disktotals.writekbs 0
meminfo.tot 4005800
meminfo.used 1583292
meminfo.free 2422508
meminfo.shared 0
meminfo.buf 35080
meminfo.cached 983024
meminfo.slab 94920
meminfo.map 117832
meminfo.anon 405540
meminfo.anonH 0
meminfo.dirty 9476
meminfo.locked 27620
meminfo.inactive 438540
meminfo.hugetot 0
meminfo.hugefree 0
meminfo.hugersvd 0
meminfo.sunreclaim 44976
swapinfo.total 2594812
swapinfo.free 2594812
swapinfo.used 0
swapinfo.in 0
swapinfo.out 0
pageinfo.fault 0
pageinfo.majfault 0
pageinfo.in 0
pageinfo.out 0
nettotals.kbin 0
nettotals.pktin 0
nettotals.kbout 0
nettotals.pktout 0
cpuinfo.user.cpu0 100
cpuinfo.nice.cpu0 0
cpuinfo.sys.cpu0 0
cpuinfo.wait.cpu0 0
cpuinfo.irq.cpu0 0
cpuinfo.soft.cpu0 0
cpuinfo.steal.cpu0 0
cpuinfo.idle.cpu0 0
cpuinfo.intrpt.cpu0 0
cputotals.systot.cpu0 0
cputotals.usertot.cpu0 100
cpuinfo.user.cpu1 100
cpuinfo.nice.cpu1 0
cpuinfo.sys.cpu1 0
cpuinfo.wait.cpu1 0
cpuinfo.irq.cpu1 0
cpuinfo.soft.cpu1 0
cpuinfo.steal.cpu1 0
cpuinfo.idle.cpu1 0
cpuinfo.intrpt.cpu1 0
cputotals.systot.cpu1 0
cputotals.usertot.cpu1 100
Bogus data record skipped for NET:enp1s0: data on 20241211 at 20:14:02
sample.time 1733948043.001
cputotals.num 2
cputotals.user 100
cputotals.nice 0
cputotals.sys 0
cputotals.wait 0
cputotals.irq 0
cputotals.soft 0
cputotals.steal 0
cputotals.idle 0
cputotals.systot 0
cputotals.usertot 100
cputotals.total 100
ctxint.ctx 71
ctxint.int 521
proc.creates 0
proc.runq 185
proc.run 2
cpuload.avg1 1.43
cpuload.avg5 0.79
cpuload.avg15 0.37
disktotals.reads 0
disktotals.readkbs 0
disktotals.writes 5
disktotals.writekbs 40
meminfo.tot 4005800
meminfo.used 1583292
meminfo.free 2422508
meminfo.shared 0
meminfo.buf 35088
meminfo.cached 983024
meminfo.slab 94920
meminfo.map 117832
meminfo.anon 405540
meminfo.anonH 0
meminfo.dirty 9480
meminfo.locked 27620
meminfo.inactive 438540
meminfo.hugetot 0
meminfo.hugefree 0
meminfo.hugersvd 0
meminfo.sunreclaim 44976
swapinfo.total 2594812
swapinfo.free 2594812
swapinfo.used 0
swapinfo.in 0
swapinfo.out 0
pageinfo.fault 0
pageinfo.majfault 0
pageinfo.in 0
pageinfo.out 40
nettotals.kbin 0
nettotals.pktin 0
nettotals.kbout 0
nettotals.pktout 0
cpuinfo.user.cpu0 99
cpuinfo.nice.cpu0 0
cpuinfo.sys.cpu0 1
cpuinfo.wait.cpu0 0
cpuinfo.irq.cpu0 0
cpuinfo.soft.cpu0 0
cpuinfo.steal.cpu0 0
cpuinfo.idle.cpu0 0
cpuinfo.intrpt.cpu0 0
cputotals.systot.cpu0 1
cputotals.usertot.cpu0 99
cpuinfo.user.cpu1 100
cpuinfo.nice.cpu1 0
cpuinfo.sys.cpu1 0
cpuinfo.wait.cpu1 0
cpuinfo.irq.cpu1 0
cpuinfo.soft.cpu1 0
cpuinfo.steal.cpu1 0
cpuinfo.idle.cpu1 0
cpuinfo.intrpt.cpu1 0
cputotals.systot.cpu1 0
cputotals.usertot.cpu1 100
Bogus data record skipped for NET:enp1s0: data on 20241211 at 20:14:03
sample.time 1733948044.001
cputotals.num 2
cputotals.user 100
cputotals.nice 0
cputotals.sys 0
cputotals.wait 0
cputotals.irq 0
cputotals.soft 0
cputotals.steal 0
cputotals.idle 0
cputotals.systot 0
cputotals.usertot 100
cputotals.total 100
ctxint.ctx 66
ctxint.int 511
proc.creates 0
proc.runq 185
proc.run 2
cpuload.avg1 1.43
cpuload.avg5 0.79
cpuload.avg15 0.37
disktotals.reads 0
disktotals.readkbs 0
disktotals.writes 0
disktotals.writekbs 0
meminfo.tot 4005800
meminfo.used 1583292
meminfo.free 2422508
meminfo.shared 0
meminfo.buf 35088
meminfo.cached 983028
meminfo.slab 94920
meminfo.map 117832
meminfo.anon 405540
meminfo.anonH 0
meminfo.dirty 9472
meminfo.locked 27620
meminfo.inactive 438552
meminfo.hugetot 0
meminfo.hugefree 0
meminfo.hugersvd 0
meminfo.sunreclaim 44976
swapinfo.total 2594812
swapinfo.free 2594812
swapinfo.used 0
swapinfo.in 0
swapinfo.out 0
pageinfo.fault 1
pageinfo.majfault 0
pageinfo.in 0
pageinfo.out 0
nettotals.kbin 0
nettotals.pktin 0
nettotals.kbout 0
nettotals.pktout 0
cpuinfo.user.cpu0 100
cpuinfo.nice.cpu0 0
cpuinfo.sys.cpu0 0
cpuinfo.wait.cpu0 0
cpuinfo.irq.cpu0 0
cpuinfo.soft.cpu0 0
cpuinfo.steal.cpu0 0
cpuinfo.idle.cpu0 0
cpuinfo.intrpt.cpu0 0
cputotals.systot.cpu0 0
cputotals.usertot.cpu0 100
cpuinfo.user.cpu1 100
cpuinfo.nice.cpu1 0
cpuinfo.sys.cpu1 0
cpuinfo.wait.cpu1 0
cpuinfo.irq.cpu1 0
cpuinfo.soft.cpu1 0
cpuinfo.steal.cpu1 0
cpuinfo.idle.cpu1 0
cpuinfo.intrpt.cpu1 0
cputotals.systot.cpu1 0
cputotals.usertot.cpu1 100
Bogus data record skipped for NET:enp1s0: data on 20241211 at 20:14:04
sample.time 1733948045.001
cputotals.num 2
cputotals.user 100
cputotals.nice 0
cputotals.sys 0
cputotals.wait 0
cputotals.irq 0
cputotals.soft 0
cputotals.steal 0
cputotals.idle 0
cputotals.systot 0
cputotals.usertot 100
cputotals.total 100
ctxint.ctx 66
ctxint.int 516
proc.creates 0
proc.runq 185
proc.run 2
cpuload.avg1 1.48
cpuload.avg5 0.81
cpuload.avg15 0.38
disktotals.reads 0
disktotals.readkbs 0
disktotals.writes 0
disktotals.writekbs 0
meminfo.tot 4005800
meminfo.used 1583292
meminfo.free 2422508
meminfo.shared 0
meminfo.buf 35088
meminfo.cached 983028
meminfo.slab 94920
meminfo.map 117832
meminfo.anon 405548
meminfo.anonH 0
meminfo.dirty 9472
meminfo.locked 27620
meminfo.inactive 438552
meminfo.hugetot 0
meminfo.hugefree 0
meminfo.hugersvd 0
meminfo.sunreclaim 44976
swapinfo.total 2594812
swapinfo.free 2594812
swapinfo.used 0
swapinfo.in 0
swapinfo.out 0
pageinfo.fault 1
pageinfo.majfault 0
pageinfo.in 0
pageinfo.out 0
nettotals.kbin 0
nettotals.pktin 0
nettotals.kbout 0
nettotals.pktout 0
cpuinfo.user.cpu0 100
cpuinfo.nice.cpu0 0
cpuinfo.sys.cpu0 0
cpuinfo.wait.cpu0 0
cpuinfo.irq.cpu0 0
cpuinfo.soft.cpu0 0
cpuinfo.steal.cpu0 0
cpuinfo.idle.cpu0 0
cpuinfo.intrpt.cpu0 0
cputotals.systot.cpu0 0
cputotals.usertot.cpu0 100
cpuinfo.user.cpu1 100
cpuinfo.nice.cpu1 0
cpuinfo.sys.cpu1 0
cpuinfo.wait.cpu1 0
cpuinfo.irq.cpu1 0
cpuinfo.soft.cpu1 0
cpuinfo.steal.cpu1 0
cpuinfo.idle.cpu1 0
cpuinfo.intrpt.cpu1 0
cputotals.systot.cpu1 0
cputotals.usertot.cpu1 100
Bogus data record skipped for NET:enp1s0: data on 20241211 at 20:14:05
sample.time 1733948046.001
cputotals.num 2
cputotals.user 100
cputotals.nice 0
cputotals.sys 0
cputotals.wait 0
cputotals.irq 0
cputotals.soft 0
cputotals.steal 0
cputotals.idle 0
cputotals.systot 0
cputotals.usertot 100
cputotals.total 100
ctxint.ctx 102
ctxint.int 514
proc.creates 0
proc.runq 185
proc.run 2
cpuload.avg1 1.48
cpuload.avg5 0.81
cpuload.avg15 0.38
disktotals.reads 0
disktotals.readkbs 0
disktotals.writes 0
disktotals.writekbs 0
meminfo.tot 4005800
meminfo.used 1583292
meminfo.free 2422508
meminfo.shared 0
meminfo.buf 35088
meminfo.cached 983028
meminfo.slab 94920
meminfo.map 117832
meminfo.anon 405548
meminfo.anonH 0
meminfo.dirty 9472
meminfo.locked 27620
meminfo.inactive 438552
meminfo.hugetot 0
meminfo.hugefree 0
meminfo.hugersvd 0
meminfo.sunreclaim 44976
swapinfo.total 2594812
swapinfo.free 2594812
swapinfo.used 0
swapinfo.in 0
swapinfo.out 0
pageinfo.fault 19
pageinfo.majfault 0
pageinfo.in 0
pageinfo.out 0
nettotals.kbin 0
nettotals.pktin 0
nettotals.kbout 0
nettotals.pktout 0
cpuinfo.user.cpu0 100
cpuinfo.nice.cpu0 0
cpuinfo.sys.cpu0 0
cpuinfo.wait.cpu0 0
cpuinfo.irq.cpu0 0
cpuinfo.soft.cpu0 0
cpuinfo.steal.cpu0 0
cpuinfo.idle.cpu0 0
cpuinfo.intrpt.cpu0 0
cputotals.systot.cpu0 0
cputotals.usertot.cpu0 100
cpuinfo.user.cpu1 100
cpuinfo.nice.cpu1 0
cpuinfo.sys.cpu1 0
cpuinfo.wait.cpu1 0
cpuinfo.irq.cpu1 0
cpuinfo.soft.cpu1 0
cpuinfo.steal.cpu1 0
cpuinfo.idle.cpu1 0
cpuinfo.intrpt.cpu1 0
cputotals.systot.cpu1 0
cputotals.usertot.cpu1 100
Shutting down in response to signal TERM on hpl2...
