waiting for 1 second sample...
sample.time 1733877721.001
cputotals.num 16
cputotals.user 99
cputotals.nice 0
cputotals.sys 1
cputotals.wait 0
cputotals.irq 0
cputotals.soft 0
cputotals.steal 0
cputotals.idle 0
cputotals.systot 1
cputotals.usertot 99
cputotals.total 100
ctxint.ctx 3794
ctxint.int 17413
proc.creates 54
proc.runq 2380
proc.run 17
cpuload.avg1 16.28
cpuload.avg5 15.83
cpuload.avg15 11.06
disktotals.reads 0
disktotals.readkbs 0
disktotals.writes 68
disktotals.writekbs 361
meminfo.tot 32776376
meminfo.used 17242168
meminfo.free 15534208
meminfo.shared 0
meminfo.buf 242532
meminfo.cached 11025860
meminfo.slab 823232
meminfo.map 1056172
meminfo.anon 4586868
meminfo.anonH 0
meminfo.dirty 1280
meminfo.locked 104
meminfo.inactive 10092696
meminfo.hugetot 0
meminfo.hugefree 0
meminfo.hugersvd 0
meminfo.sunreclaim 358720
swapinfo.total 8388604
swapinfo.free 8388604
swapinfo.used 0
swapinfo.in 0
swapinfo.out 0
pageinfo.fault 35255
pageinfo.majfault 0
pageinfo.in 0
pageinfo.out 361
nettotals.kbin 0
nettotals.pktin 0
nettotals.kbout 0
nettotals.pktout 0
cpuinfo.user.cpu0 98
cpuinfo.nice.cpu0 0
cpuinfo.sys.cpu0 2
cpuinfo.wait.cpu0 0
cpuinfo.irq.cpu0 0
cpuinfo.soft.cpu0 0
cpuinfo.steal.cpu0 0
cpuinfo.idle.cpu0 0
cpuinfo.intrpt.cpu0 0
cputotals.systot.cpu0 2
cputotals.usertot.cpu0 98
cpuinfo.user.cpu1 98
cpuinfo.nice.cpu1 0
cpuinfo.sys.cpu1 2
cpuinfo.wait.cpu1 0
cpuinfo.irq.cpu1 0
cpuinfo.soft.cpu1 0
cpuinfo.steal.cpu1 0
cpuinfo.idle.cpu1 0
cpuinfo.intrpt.cpu1 0
cputotals.systot.cpu1 2
cputotals.usertot.cpu1 98
cpuinfo.user.cpu2 99
cpuinfo.nice.cpu2 0
cpuinfo.sys.cpu2 1
cpuinfo.wait.cpu2 0
cpuinfo.irq.cpu2 0
cpuinfo.soft.cpu2 0
cpuinfo.steal.cpu2 0
cpuinfo.idle.cpu2 0
cpuinfo.intrpt.cpu2 0
cputotals.systot.cpu2 1
cputotals.usertot.cpu2 99
cpuinfo.user.cpu3 99
cpuinfo.nice.cpu3 0
cpuinfo.sys.cpu3 1
cpuinfo.wait.cpu3 0
cpuinfo.irq.cpu3 0
cpuinfo.soft.cpu3 0
cpuinfo.steal.cpu3 0
cpuinfo.idle.cpu3 0
cpuinfo.intrpt.cpu3 0
cputotals.systot.cpu3 1
cputotals.usertot.cpu3 99
cpuinfo.user.cpu4 98
cpuinfo.nice.cpu4 0
cpuinfo.sys.cpu4 2
cpuinfo.wait.cpu4 0
cpuinfo.irq.cpu4 0
cpuinfo.soft.cpu4 0
cpuinfo.steal.cpu4 0
cpuinfo.idle.cpu4 0
cpuinfo.intrpt.cpu4 0
cputotals.systot.cpu4 2
cputotals.usertot.cpu4 98
cpuinfo.user.cpu5 99
cpuinfo.nice.cpu5 0
cpuinfo.sys.cpu5 1
cpuinfo.wait.cpu5 0
cpuinfo.irq.cpu5 0
cpuinfo.soft.cpu5 0
cpuinfo.steal.cpu5 0
cpuinfo.idle.cpu5 0
cpuinfo.intrpt.cpu5 0
cputotals.systot.cpu5 1
cputotals.usertot.cpu5 99
cpuinfo.user.cpu6 100
cpuinfo.nice.cpu6 0
cpuinfo.sys.cpu6 0
cpuinfo.wait.cpu6 0
cpuinfo.irq.cpu6 0
cpuinfo.soft.cpu6 0
cpuinfo.steal.cpu6 0
cpuinfo.idle.cpu6 0
cpuinfo.intrpt.cpu6 0
cputotals.systot.cpu6 0
cputotals.usertot.cpu6 100
cpuinfo.user.cpu7 98
cpuinfo.nice.cpu7 0
cpuinfo.sys.cpu7 2
cpuinfo.wait.cpu7 0
cpuinfo.irq.cpu7 0
cpuinfo.soft.cpu7 0
cpuinfo.steal.cpu7 0
cpuinfo.idle.cpu7 0
cpuinfo.intrpt.cpu7 0
cputotals.systot.cpu7 2
cputotals.usertot.cpu7 98
cpuinfo.user.cpu8 99
cpuinfo.nice.cpu8 0
cpuinfo.sys.cpu8 1
cpuinfo.wait.cpu8 0
cpuinfo.irq.cpu8 0
cpuinfo.soft.cpu8 0
cpuinfo.steal.cpu8 0
cpuinfo.idle.cpu8 0
cpuinfo.intrpt.cpu8 0
cputotals.systot.cpu8 1
cputotals.usertot.cpu8 99
cpuinfo.user.cpu9 100
cpuinfo.nice.cpu9 0
cpuinfo.sys.cpu9 0
cpuinfo.wait.cpu9 0
cpuinfo.irq.cpu9 0
cpuinfo.soft.cpu9 0
cpuinfo.steal.cpu9 0
cpuinfo.idle.cpu9 0
cpuinfo.intrpt.cpu9 0
cputotals.systot.cpu9 0
cputotals.usertot.cpu9 100
cpuinfo.user.cpu10 99
cpuinfo.nice.cpu10 0
cpuinfo.sys.cpu10 1
cpuinfo.wait.cpu10 0
cpuinfo.irq.cpu10 0
cpuinfo.soft.cpu10 0
cpuinfo.steal.cpu10 0
cpuinfo.idle.cpu10 0
cpuinfo.intrpt.cpu10 0
cputotals.systot.cpu10 1
cputotals.usertot.cpu10 99
cpuinfo.user.cpu11 100
cpuinfo.nice.cpu11 0
cpuinfo.sys.cpu11 0
cpuinfo.wait.cpu11 0
cpuinfo.irq.cpu11 0
cpuinfo.soft.cpu11 0
cpuinfo.steal.cpu11 0
cpuinfo.idle.cpu11 0
cpuinfo.intrpt.cpu11 0
cputotals.systot.cpu11 0
cputotals.usertot.cpu11 100
cpuinfo.user.cpu12 100
cpuinfo.nice.cpu12 0
cpuinfo.sys.cpu12 0
cpuinfo.wait.cpu12 0
cpuinfo.irq.cpu12 0
cpuinfo.soft.cpu12 0
cpuinfo.steal.cpu12 0
cpuinfo.idle.cpu12 0
cpuinfo.intrpt.cpu12 0
cputotals.systot.cpu12 0
cputotals.usertot.cpu12 100
cpuinfo.user.cpu13 99
cpuinfo.nice.cpu13 0
cpuinfo.sys.cpu13 1
cpuinfo.wait.cpu13 0
cpuinfo.irq.cpu13 0
cpuinfo.soft.cpu13 0
cpuinfo.steal.cpu13 0
cpuinfo.idle.cpu13 0
cpuinfo.intrpt.cpu13 0
cputotals.systot.cpu13 1
cputotals.usertot.cpu13 99
cpuinfo.user.cpu14 100
cpuinfo.nice.cpu14 0
cpuinfo.sys.cpu14 0
cpuinfo.wait.cpu14 0
cpuinfo.irq.cpu14 0
cpuinfo.soft.cpu14 0
cpuinfo.steal.cpu14 0
cpuinfo.idle.cpu14 0
cpuinfo.intrpt.cpu14 0
cputotals.systot.cpu14 0
cputotals.usertot.cpu14 100
cpuinfo.user.cpu15 91
cpuinfo.nice.cpu15 0
cpuinfo.sys.cpu15 9
cpuinfo.wait.cpu15 0
cpuinfo.irq.cpu15 0
cpuinfo.soft.cpu15 0
cpuinfo.steal.cpu15 0
cpuinfo.idle.cpu15 0
cpuinfo.intrpt.cpu15 0
cputotals.systot.cpu15 9
cputotals.usertot.cpu15 91
sample.time 1733877722.007
cputotals.num 16
cputotals.user 100
cputotals.nice 0
cputotals.sys 0
cputotals.wait 0
cputotals.irq 0
cputotals.soft 0
cputotals.steal 0
cputotals.idle 0
cputotals.systot 0
cputotals.usertot 100
cputotals.total 100
ctxint.ctx 1968
ctxint.int 16639
proc.creates 33
proc.runq 2382
proc.run 17
cpuload.avg1 16.34
cpuload.avg5 15.85
cpuload.avg15 11.10
disktotals.reads 0
disktotals.readkbs 0
disktotals.writes 20
disktotals.writekbs 119
meminfo.tot 32776376
meminfo.used 17252460
meminfo.free 15523916
meminfo.shared 0
meminfo.buf 242536
meminfo.cached 11025872
meminfo.slab 823252
meminfo.map 1055916
meminfo.anon 4591880
meminfo.anonH 0
meminfo.dirty 972
meminfo.locked 104
meminfo.inactive 10092708
meminfo.hugetot 0
meminfo.hugefree 0
meminfo.hugersvd 0
meminfo.sunreclaim 358708
swapinfo.total 8388604
swapinfo.free 8388604
swapinfo.used 0
swapinfo.in 0
swapinfo.out 0
pageinfo.fault 9735
pageinfo.majfault 0
pageinfo.in 0
pageinfo.out 119
nettotals.kbin 0
nettotals.pktin 0
nettotals.kbout 0
nettotals.pktout 0
cpuinfo.user.cpu0 100
cpuinfo.nice.cpu0 0
cpuinfo.sys.cpu0 0
cpuinfo.wait.cpu0 0
cpuinfo.irq.cpu0 0
cpuinfo.soft.cpu0 0
cpuinfo.steal.cpu0 0
cpuinfo.idle.cpu0 0
cpuinfo.intrpt.cpu0 0
cputotals.systot.cpu0 0
cputotals.usertot.cpu0 100
cpuinfo.user.cpu1 100
cpuinfo.nice.cpu1 0
cpuinfo.sys.cpu1 0
cpuinfo.wait.cpu1 0
cpuinfo.irq.cpu1 0
cpuinfo.soft.cpu1 0
cpuinfo.steal.cpu1 0
cpuinfo.idle.cpu1 0
cpuinfo.intrpt.cpu1 0
cputotals.systot.cpu1 0
cputotals.usertot.cpu1 100
cpuinfo.user.cpu2 100
cpuinfo.nice.cpu2 0
cpuinfo.sys.cpu2 0
cpuinfo.wait.cpu2 0
cpuinfo.irq.cpu2 0
cpuinfo.soft.cpu2 0
cpuinfo.steal.cpu2 0
cpuinfo.idle.cpu2 0
cpuinfo.intrpt.cpu2 0
cputotals.systot.cpu2 0
cputotals.usertot.cpu2 100
cpuinfo.user.cpu3 100
cpuinfo.nice.cpu3 0
cpuinfo.sys.cpu3 0
cpuinfo.wait.cpu3 0
cpuinfo.irq.cpu3 0
cpuinfo.soft.cpu3 0
cpuinfo.steal.cpu3 0
cpuinfo.idle.cpu3 0
cpuinfo.intrpt.cpu3 0
cputotals.systot.cpu3 0
cputotals.usertot.cpu3 100
cpuinfo.user.cpu4 100
cpuinfo.nice.cpu4 0
cpuinfo.sys.cpu4 0
cpuinfo.wait.cpu4 0
cpuinfo.irq.cpu4 0
cpuinfo.soft.cpu4 0
cpuinfo.steal.cpu4 0
cpuinfo.idle.cpu4 0
cpuinfo.intrpt.cpu4 0
cputotals.systot.cpu4 0
cputotals.usertot.cpu4 100
cpuinfo.user.cpu5 99
cpuinfo.nice.cpu5 0
cpuinfo.sys.cpu5 1
cpuinfo.wait.cpu5 0
cpuinfo.irq.cpu5 0
cpuinfo.soft.cpu5 0
cpuinfo.steal.cpu5 0
cpuinfo.idle.cpu5 0
cpuinfo.intrpt.cpu5 0
cputotals.systot.cpu5 1
cputotals.usertot.cpu5 99
cpuinfo.user.cpu6 99
cpuinfo.nice.cpu6 0
cpuinfo.sys.cpu6 1
cpuinfo.wait.cpu6 0
cpuinfo.irq.cpu6 0
cpuinfo.soft.cpu6 0
cpuinfo.steal.cpu6 0
cpuinfo.idle.cpu6 0
cpuinfo.intrpt.cpu6 0
cputotals.systot.cpu6 1
cputotals.usertot.cpu6 99
cpuinfo.user.cpu7 99
cpuinfo.nice.cpu7 0
cpuinfo.sys.cpu7 1
cpuinfo.wait.cpu7 0
cpuinfo.irq.cpu7 0
cpuinfo.soft.cpu7 0
cpuinfo.steal.cpu7 0
cpuinfo.idle.cpu7 0
cpuinfo.intrpt.cpu7 0
cputotals.systot.cpu7 1
cputotals.usertot.cpu7 99
cpuinfo.user.cpu8 99
cpuinfo.nice.cpu8 0
cpuinfo.sys.cpu8 1
cpuinfo.wait.cpu8 0
cpuinfo.irq.cpu8 0
cpuinfo.soft.cpu8 0
cpuinfo.steal.cpu8 0
cpuinfo.idle.cpu8 0
cpuinfo.intrpt.cpu8 0
cputotals.systot.cpu8 1
cputotals.usertot.cpu8 99
cpuinfo.user.cpu9 99
cpuinfo.nice.cpu9 0
cpuinfo.sys.cpu9 1
cpuinfo.wait.cpu9 0
cpuinfo.irq.cpu9 0
cpuinfo.soft.cpu9 0
cpuinfo.steal.cpu9 0
cpuinfo.idle.cpu9 0
cpuinfo.intrpt.cpu9 0
cputotals.systot.cpu9 1
cputotals.usertot.cpu9 99
cpuinfo.user.cpu10 100
cpuinfo.nice.cpu10 0
cpuinfo.sys.cpu10 0
cpuinfo.wait.cpu10 0
cpuinfo.irq.cpu10 0
cpuinfo.soft.cpu10 0
cpuinfo.steal.cpu10 0
cpuinfo.idle.cpu10 0
cpuinfo.intrpt.cpu10 0
cputotals.systot.cpu10 0
cputotals.usertot.cpu10 100
cpuinfo.user.cpu11 99
cpuinfo.nice.cpu11 0
cpuinfo.sys.cpu11 1
cpuinfo.wait.cpu11 0
cpuinfo.irq.cpu11 0
cpuinfo.soft.cpu11 0
cpuinfo.steal.cpu11 0
cpuinfo.idle.cpu11 0
cpuinfo.intrpt.cpu11 0
cputotals.systot.cpu11 1
cputotals.usertot.cpu11 99
cpuinfo.user.cpu12 100
cpuinfo.nice.cpu12 0
cpuinfo.sys.cpu12 0
cpuinfo.wait.cpu12 0
cpuinfo.irq.cpu12 0
cpuinfo.soft.cpu12 0
cpuinfo.steal.cpu12 0
cpuinfo.idle.cpu12 0
cpuinfo.intrpt.cpu12 0
cputotals.systot.cpu12 0
cputotals.usertot.cpu12 100
cpuinfo.user.cpu13 100
cpuinfo.nice.cpu13 0
cpuinfo.sys.cpu13 0
cpuinfo.wait.cpu13 0
cpuinfo.irq.cpu13 0
cpuinfo.soft.cpu13 0
cpuinfo.steal.cpu13 0
cpuinfo.idle.cpu13 0
cpuinfo.intrpt.cpu13 0
cputotals.systot.cpu13 0
cputotals.usertot.cpu13 100
cpuinfo.user.cpu14 100
cpuinfo.nice.cpu14 0
cpuinfo.sys.cpu14 0
cpuinfo.wait.cpu14 0
cpuinfo.irq.cpu14 0
cpuinfo.soft.cpu14 0
cpuinfo.steal.cpu14 0
cpuinfo.idle.cpu14 0
cpuinfo.intrpt.cpu14 0
cputotals.systot.cpu14 0
cputotals.usertot.cpu14 100
cpuinfo.user.cpu15 100
cpuinfo.nice.cpu15 0
cpuinfo.sys.cpu15 0
cpuinfo.wait.cpu15 0
cpuinfo.irq.cpu15 0
cpuinfo.soft.cpu15 0
cpuinfo.steal.cpu15 0
cpuinfo.idle.cpu15 0
cpuinfo.intrpt.cpu15 0
cputotals.systot.cpu15 0
cputotals.usertot.cpu15 100
sample.time 1733877723.001
cputotals.num 16
cputotals.user 99
cputotals.nice 0
cputotals.sys 1
cputotals.wait 0
cputotals.irq 0
cputotals.soft 0
cputotals.steal 0
cputotals.idle 0
cputotals.systot 1
cputotals.usertot 99
cputotals.total 100
ctxint.ctx 2056
ctxint.int 16598
proc.creates 58
proc.runq 2377
proc.run 17
cpuload.avg1 16.34
cpuload.avg5 15.85
cpuload.avg15 11.10
disktotals.reads 0
disktotals.readkbs 0
disktotals.writes 0
disktotals.writekbs 0
meminfo.tot 32776376
meminfo.used 17255480
meminfo.free 15520896
meminfo.shared 0
meminfo.buf 242536
meminfo.cached 11022756
meminfo.slab 823260
meminfo.map 1055832
meminfo.anon 4588768
meminfo.anonH 0
meminfo.dirty 988
meminfo.locked 104
meminfo.inactive 10092728
meminfo.hugetot 0
meminfo.hugefree 0
meminfo.hugersvd 0
meminfo.sunreclaim 358716
swapinfo.total 8388604
swapinfo.free 8388604
swapinfo.used 0
swapinfo.in 0
swapinfo.out 0
pageinfo.fault 10695
pageinfo.majfault 0
pageinfo.in 0
pageinfo.out 0
nettotals.kbin 0
nettotals.pktin 0
nettotals.kbout 0
nettotals.pktout 0
cpuinfo.user.cpu0 100
cpuinfo.nice.cpu0 0
cpuinfo.sys.cpu0 0
cpuinfo.wait.cpu0 0
cpuinfo.irq.cpu0 0
cpuinfo.soft.cpu0 0
cpuinfo.steal.cpu0 0
cpuinfo.idle.cpu0 0
cpuinfo.intrpt.cpu0 0
cputotals.systot.cpu0 0
cputotals.usertot.cpu0 100
cpuinfo.user.cpu1 100
cpuinfo.nice.cpu1 0
cpuinfo.sys.cpu1 0
cpuinfo.wait.cpu1 0
cpuinfo.irq.cpu1 0
cpuinfo.soft.cpu1 0
cpuinfo.steal.cpu1 0
cpuinfo.idle.cpu1 0
cpuinfo.intrpt.cpu1 0
cputotals.systot.cpu1 0
cputotals.usertot.cpu1 100
cpuinfo.user.cpu2 100
cpuinfo.nice.cpu2 0
cpuinfo.sys.cpu2 0
cpuinfo.wait.cpu2 0
cpuinfo.irq.cpu2 0
cpuinfo.soft.cpu2 0
cpuinfo.steal.cpu2 0
cpuinfo.idle.cpu2 0
cpuinfo.intrpt.cpu2 0
cputotals.systot.cpu2 0
cputotals.usertot.cpu2 100
cpuinfo.user.cpu3 100
cpuinfo.nice.cpu3 0
cpuinfo.sys.cpu3 0
cpuinfo.wait.cpu3 0
cpuinfo.irq.cpu3 0
cpuinfo.soft.cpu3 0
cpuinfo.steal.cpu3 0
cpuinfo.idle.cpu3 0
cpuinfo.intrpt.cpu3 0
cputotals.systot.cpu3 0
cputotals.usertot.cpu3 100
cpuinfo.user.cpu4 100
cpuinfo.nice.cpu4 0
cpuinfo.sys.cpu4 0
cpuinfo.wait.cpu4 0
cpuinfo.irq.cpu4 0
cpuinfo.soft.cpu4 0
cpuinfo.steal.cpu4 0
cpuinfo.idle.cpu4 0
cpuinfo.intrpt.cpu4 0
cputotals.systot.cpu4 0
cputotals.usertot.cpu4 100
cpuinfo.user.cpu5 100
cpuinfo.nice.cpu5 0
cpuinfo.sys.cpu5 0
cpuinfo.wait.cpu5 0
cpuinfo.irq.cpu5 0
cpuinfo.soft.cpu5 0
cpuinfo.steal.cpu5 0
cpuinfo.idle.cpu5 0
cpuinfo.intrpt.cpu5 0
cputotals.systot.cpu5 0
cputotals.usertot.cpu5 100
cpuinfo.user.cpu6 100
cpuinfo.nice.cpu6 0
cpuinfo.sys.cpu6 0
cpuinfo.wait.cpu6 0
cpuinfo.irq.cpu6 0
cpuinfo.soft.cpu6 0
cpuinfo.steal.cpu6 0
cpuinfo.idle.cpu6 0
cpuinfo.intrpt.cpu6 0
cputotals.systot.cpu6 0
cputotals.usertot.cpu6 100
cpuinfo.user.cpu7 94
cpuinfo.nice.cpu7 0
cpuinfo.sys.cpu7 6
cpuinfo.wait.cpu7 0
cpuinfo.irq.cpu7 0
cpuinfo.soft.cpu7 0
cpuinfo.steal.cpu7 0
cpuinfo.idle.cpu7 0
cpuinfo.intrpt.cpu7 0
cputotals.systot.cpu7 6
cputotals.usertot.cpu7 94
cpuinfo.user.cpu8 100
cpuinfo.nice.cpu8 0
cpuinfo.sys.cpu8 0
cpuinfo.wait.cpu8 0
cpuinfo.irq.cpu8 0
cpuinfo.soft.cpu8 0
cpuinfo.steal.cpu8 0
cpuinfo.idle.cpu8 0
cpuinfo.intrpt.cpu8 0
cputotals.systot.cpu8 0
cputotals.usertot.cpu8 100
cpuinfo.user.cpu9 100
cpuinfo.nice.cpu9 0
cpuinfo.sys.cpu9 0
cpuinfo.wait.cpu9 0
cpuinfo.irq.cpu9 0
cpuinfo.soft.cpu9 0
cpuinfo.steal.cpu9 0
cpuinfo.idle.cpu9 0
cpuinfo.intrpt.cpu9 0
cputotals.systot.cpu9 0
cputotals.usertot.cpu9 100
cpuinfo.user.cpu10 99
cpuinfo.nice.cpu10 0
cpuinfo.sys.cpu10 1
cpuinfo.wait.cpu10 0
cpuinfo.irq.cpu10 0
cpuinfo.soft.cpu10 0
cpuinfo.steal.cpu10 0
cpuinfo.idle.cpu10 0
cpuinfo.intrpt.cpu10 0
cputotals.systot.cpu10 1
cputotals.usertot.cpu10 99
cpuinfo.user.cpu11 100
cpuinfo.nice.cpu11 0
cpuinfo.sys.cpu11 0
cpuinfo.wait.cpu11 0
cpuinfo.irq.cpu11 0
cpuinfo.soft.cpu11 0
cpuinfo.steal.cpu11 0
cpuinfo.idle.cpu11 0
cpuinfo.intrpt.cpu11 0
cputotals.systot.cpu11 0
cputotals.usertot.cpu11 100
cpuinfo.user.cpu12 98
cpuinfo.nice.cpu12 0
cpuinfo.sys.cpu12 1
cpuinfo.wait.cpu12 0
cpuinfo.irq.cpu12 0
cpuinfo.soft.cpu12 1
cpuinfo.steal.cpu12 0
cpuinfo.idle.cpu12 0
cpuinfo.intrpt.cpu12 0
cputotals.systot.cpu12 2
cputotals.usertot.cpu12 98
cpuinfo.user.cpu13 100
cpuinfo.nice.cpu13 0
cpuinfo.sys.cpu13 0
cpuinfo.wait.cpu13 0
cpuinfo.irq.cpu13 0
cpuinfo.soft.cpu13 0
cpuinfo.steal.cpu13 0
cpuinfo.idle.cpu13 0
cpuinfo.intrpt.cpu13 0
cputotals.systot.cpu13 0
cputotals.usertot.cpu13 100
cpuinfo.user.cpu14 99
cpuinfo.nice.cpu14 0
cpuinfo.sys.cpu14 1
cpuinfo.wait.cpu14 0
cpuinfo.irq.cpu14 0
cpuinfo.soft.cpu14 0
cpuinfo.steal.cpu14 0
cpuinfo.idle.cpu14 0
cpuinfo.intrpt.cpu14 0
cputotals.systot.cpu14 1
cputotals.usertot.cpu14 99
cpuinfo.user.cpu15 100
cpuinfo.nice.cpu15 0
cpuinfo.sys.cpu15 0
cpuinfo.wait.cpu15 0
cpuinfo.irq.cpu15 0
cpuinfo.soft.cpu15 0
cpuinfo.steal.cpu15 0
cpuinfo.idle.cpu15 0
cpuinfo.intrpt.cpu15 0
cputotals.systot.cpu15 0
cputotals.usertot.cpu15 100
sample.time 1733877724.001
cputotals.num 16
cputotals.user 93
cputotals.nice 0
cputotals.sys 2
cputotals.wait 0
cputotals.irq 0
cputotals.soft 0
cputotals.steal 0
cputotals.idle 5
cputotals.systot 2
cputotals.usertot 93
cputotals.total 95
ctxint.ctx 3964
ctxint.int 16574
proc.creates 37
proc.runq 2326
proc.run 1
cpuload.avg1 16.34
cpuload.avg5 15.85
cpuload.avg15 11.10
disktotals.reads 0
disktotals.readkbs 0
disktotals.writes 7
disktotals.writekbs 456
meminfo.tot 32776376
meminfo.used 16836196
meminfo.free 15940180
meminfo.shared 0
meminfo.buf 242548
meminfo.cached 11018964
meminfo.slab 822864
meminfo.map 1040624
meminfo.anon 4203560
meminfo.anonH 0
meminfo.dirty 924
meminfo.locked 104
meminfo.inactive 10092404
meminfo.hugetot 0
meminfo.hugefree 0
meminfo.hugersvd 0
meminfo.sunreclaim 358320
swapinfo.total 8388604
swapinfo.free 8388604
swapinfo.used 0
swapinfo.in 0
swapinfo.out 0
pageinfo.fault 12453
pageinfo.majfault 0
pageinfo.in 0
pageinfo.out 456
nettotals.kbin 0
nettotals.pktin 0
nettotals.kbout 0
nettotals.pktout 0
cpuinfo.user.cpu0 93
cpuinfo.nice.cpu0 0
cpuinfo.sys.cpu0 2
cpuinfo.wait.cpu0 0
cpuinfo.irq.cpu0 0
cpuinfo.soft.cpu0 0
cpuinfo.steal.cpu0 0
cpuinfo.idle.cpu0 5
cpuinfo.intrpt.cpu0 0
cputotals.systot.cpu0 2
cputotals.usertot.cpu0 93
cpuinfo.user.cpu1 94
cpuinfo.nice.cpu1 0
cpuinfo.sys.cpu1 1
cpuinfo.wait.cpu1 0
cpuinfo.irq.cpu1 0
cpuinfo.soft.cpu1 0
cpuinfo.steal.cpu1 0
cpuinfo.idle.cpu1 5
cpuinfo.intrpt.cpu1 0
cputotals.systot.cpu1 1
cputotals.usertot.cpu1 94
cpuinfo.user.cpu2 94
cpuinfo.nice.cpu2 0
cpuinfo.sys.cpu2 1
cpuinfo.wait.cpu2 0
cpuinfo.irq.cpu2 0
cpuinfo.soft.cpu2 0
cpuinfo.steal.cpu2 0
cpuinfo.idle.cpu2 5
cpuinfo.intrpt.cpu2 0
cputotals.systot.cpu2 1
cputotals.usertot.cpu2 94
cpuinfo.user.cpu3 94
cpuinfo.nice.cpu3 0
cpuinfo.sys.cpu3 1
cpuinfo.wait.cpu3 0
cpuinfo.irq.cpu3 0
cpuinfo.soft.cpu3 0
cpuinfo.steal.cpu3 0
cpuinfo.idle.cpu3 5
cpuinfo.intrpt.cpu3 0
cputotals.systot.cpu3 1
cputotals.usertot.cpu3 94
cpuinfo.user.cpu4 94
cpuinfo.nice.cpu4 0
cpuinfo.sys.cpu4 1
cpuinfo.wait.cpu4 0
cpuinfo.irq.cpu4 0
cpuinfo.soft.cpu4 0
cpuinfo.steal.cpu4 0
cpuinfo.idle.cpu4 5
cpuinfo.intrpt.cpu4 0
cputotals.systot.cpu4 1
cputotals.usertot.cpu4 94
cpuinfo.user.cpu5 94
cpuinfo.nice.cpu5 0
cpuinfo.sys.cpu5 1
cpuinfo.wait.cpu5 0
cpuinfo.irq.cpu5 0
cpuinfo.soft.cpu5 0
cpuinfo.steal.cpu5 0
cpuinfo.idle.cpu5 5
cpuinfo.intrpt.cpu5 0
cputotals.systot.cpu5 1
cputotals.usertot.cpu5 94
cpuinfo.user.cpu6 93
cpuinfo.nice.cpu6 0
cpuinfo.sys.cpu6 2
cpuinfo.wait.cpu6 0
cpuinfo.irq.cpu6 0
cpuinfo.soft.cpu6 0
cpuinfo.steal.cpu6 0
cpuinfo.idle.cpu6 5
cpuinfo.intrpt.cpu6 0
cputotals.systot.cpu6 2
cputotals.usertot.cpu6 93
cpuinfo.user.cpu7 94
cpuinfo.nice.cpu7 0
cpuinfo.sys.cpu7 1
cpuinfo.wait.cpu7 0
cpuinfo.irq.cpu7 0
cpuinfo.soft.cpu7 0
cpuinfo.steal.cpu7 0
cpuinfo.idle.cpu7 5
cpuinfo.intrpt.cpu7 0
cputotals.systot.cpu7 1
cputotals.usertot.cpu7 94
cpuinfo.user.cpu8 95
cpuinfo.nice.cpu8 0
cpuinfo.sys.cpu8 0
cpuinfo.wait.cpu8 0
cpuinfo.irq.cpu8 0
cpuinfo.soft.cpu8 0
cpuinfo.steal.cpu8 0
cpuinfo.idle.cpu8 5
cpuinfo.intrpt.cpu8 0
cputotals.systot.cpu8 0
cputotals.usertot.cpu8 95
cpuinfo.user.cpu9 94
cpuinfo.nice.cpu9 0
cpuinfo.sys.cpu9 1
cpuinfo.wait.cpu9 0
cpuinfo.irq.cpu9 0
cpuinfo.soft.cpu9 0
cpuinfo.steal.cpu9 0
cpuinfo.idle.cpu9 5
cpuinfo.intrpt.cpu9 0
cputotals.systot.cpu9 1
cputotals.usertot.cpu9 94
cpuinfo.user.cpu10 95
cpuinfo.nice.cpu10 0
cpuinfo.sys.cpu10 1
cpuinfo.wait.cpu10 0
cpuinfo.irq.cpu10 0
cpuinfo.soft.cpu10 0
cpuinfo.steal.cpu10 0
cpuinfo.idle.cpu10 4
cpuinfo.intrpt.cpu10 0
cputotals.systot.cpu10 1
cputotals.usertot.cpu10 95
cpuinfo.user.cpu11 93
cpuinfo.nice.cpu11 0
cpuinfo.sys.cpu11 1
cpuinfo.wait.cpu11 0
cpuinfo.irq.cpu11 0
cpuinfo.soft.cpu11 0
cpuinfo.steal.cpu11 0
cpuinfo.idle.cpu11 6
cpuinfo.intrpt.cpu11 0
cputotals.systot.cpu11 1
cputotals.usertot.cpu11 93
cpuinfo.user.cpu12 94
cpuinfo.nice.cpu12 0
cpuinfo.sys.cpu12 1
cpuinfo.wait.cpu12 0
cpuinfo.irq.cpu12 0
cpuinfo.soft.cpu12 0
cpuinfo.steal.cpu12 0
cpuinfo.idle.cpu12 5
cpuinfo.intrpt.cpu12 0
cputotals.systot.cpu12 1
cputotals.usertot.cpu12 94
cpuinfo.user.cpu13 94
cpuinfo.nice.cpu13 0
cpuinfo.sys.cpu13 1
cpuinfo.wait.cpu13 0
cpuinfo.irq.cpu13 0
cpuinfo.soft.cpu13 0
cpuinfo.steal.cpu13 0
cpuinfo.idle.cpu13 5
cpuinfo.intrpt.cpu13 0
cputotals.systot.cpu13 1
cputotals.usertot.cpu13 94
cpuinfo.user.cpu14 86
cpuinfo.nice.cpu14 0
cpuinfo.sys.cpu14 9
cpuinfo.wait.cpu14 0
cpuinfo.irq.cpu14 0
cpuinfo.soft.cpu14 0
cpuinfo.steal.cpu14 0
cpuinfo.idle.cpu14 5
cpuinfo.intrpt.cpu14 0
cputotals.systot.cpu14 9
cputotals.usertot.cpu14 86
cpuinfo.user.cpu15 94
cpuinfo.nice.cpu15 0
cpuinfo.sys.cpu15 1
cpuinfo.wait.cpu15 0
cpuinfo.irq.cpu15 0
cpuinfo.soft.cpu15 0
cpuinfo.steal.cpu15 0
cpuinfo.idle.cpu15 5
cpuinfo.intrpt.cpu15 0
cputotals.systot.cpu15 1
cputotals.usertot.cpu15 94
Shutting down in response to signal TERM on System-Product-Name...
